[2023-10-10T01:43:04.014+0000] {processor.py:157} INFO - Started process (PID=305) to work on /opt/airflow/dags/our_first_dag.py
[2023-10-10T01:43:04.015+0000] {processor.py:829} INFO - Processing file /opt/airflow/dags/our_first_dag.py for tasks to queue
[2023-10-10T01:43:04.016+0000] {logging_mixin.py:151} INFO - [2023-10-10T01:43:04.015+0000] {dagbag.py:539} INFO - Filling up the DagBag from /opt/airflow/dags/our_first_dag.py
[2023-10-10T01:43:04.022+0000] {logging_mixin.py:151} INFO - [2023-10-10T01:43:04.020+0000] {dagbag.py:347} ERROR - Failed to import: /opt/airflow/dags/our_first_dag.py
Traceback (most recent call last):
  File "/home/airflow/.local/lib/python3.8/site-packages/airflow/models/dagbag.py", line 343, in parse
    loader.exec_module(new_module)
  File "<frozen importlib._bootstrap_external>", line 843, in exec_module
  File "<frozen importlib._bootstrap>", line 219, in _call_with_frames_removed
  File "/opt/airflow/dags/our_first_dag.py", line 7, in <module>
    'retry_delay': timedelta(minute=2)
NameError: name 'timedelta' is not defined
[2023-10-10T01:43:04.022+0000] {processor.py:841} WARNING - No viable dags retrieved from /opt/airflow/dags/our_first_dag.py
[2023-10-10T01:43:04.043+0000] {processor.py:179} INFO - Processing /opt/airflow/dags/our_first_dag.py took 0.032 seconds
[2023-10-10T01:43:34.380+0000] {processor.py:157} INFO - Started process (PID=316) to work on /opt/airflow/dags/our_first_dag.py
[2023-10-10T01:43:34.382+0000] {processor.py:829} INFO - Processing file /opt/airflow/dags/our_first_dag.py for tasks to queue
[2023-10-10T01:43:34.383+0000] {logging_mixin.py:151} INFO - [2023-10-10T01:43:34.382+0000] {dagbag.py:539} INFO - Filling up the DagBag from /opt/airflow/dags/our_first_dag.py
[2023-10-10T01:43:34.391+0000] {logging_mixin.py:151} INFO - [2023-10-10T01:43:34.389+0000] {dagbag.py:347} ERROR - Failed to import: /opt/airflow/dags/our_first_dag.py
Traceback (most recent call last):
  File "/home/airflow/.local/lib/python3.8/site-packages/airflow/models/dagbag.py", line 343, in parse
    loader.exec_module(new_module)
  File "<frozen importlib._bootstrap_external>", line 843, in exec_module
  File "<frozen importlib._bootstrap>", line 219, in _call_with_frames_removed
  File "/opt/airflow/dags/our_first_dag.py", line 7, in <module>
    'retry_delay': timedelta(minute=2)
NameError: name 'timedelta' is not defined
[2023-10-10T01:43:34.391+0000] {processor.py:841} WARNING - No viable dags retrieved from /opt/airflow/dags/our_first_dag.py
[2023-10-10T01:43:34.421+0000] {processor.py:179} INFO - Processing /opt/airflow/dags/our_first_dag.py took 0.045 seconds
[2023-10-10T01:44:04.775+0000] {processor.py:157} INFO - Started process (PID=329) to work on /opt/airflow/dags/our_first_dag.py
[2023-10-10T01:44:04.778+0000] {processor.py:829} INFO - Processing file /opt/airflow/dags/our_first_dag.py for tasks to queue
[2023-10-10T01:44:04.780+0000] {logging_mixin.py:151} INFO - [2023-10-10T01:44:04.779+0000] {dagbag.py:539} INFO - Filling up the DagBag from /opt/airflow/dags/our_first_dag.py
[2023-10-10T01:44:04.786+0000] {logging_mixin.py:151} INFO - [2023-10-10T01:44:04.785+0000] {dagbag.py:347} ERROR - Failed to import: /opt/airflow/dags/our_first_dag.py
Traceback (most recent call last):
  File "/home/airflow/.local/lib/python3.8/site-packages/airflow/models/dagbag.py", line 343, in parse
    loader.exec_module(new_module)
  File "<frozen importlib._bootstrap_external>", line 843, in exec_module
  File "<frozen importlib._bootstrap>", line 219, in _call_with_frames_removed
  File "/opt/airflow/dags/our_first_dag.py", line 7, in <module>
    'retry_delay': timedelta(minute=2)
NameError: name 'timedelta' is not defined
[2023-10-10T01:44:04.787+0000] {processor.py:841} WARNING - No viable dags retrieved from /opt/airflow/dags/our_first_dag.py
[2023-10-10T01:44:04.819+0000] {processor.py:179} INFO - Processing /opt/airflow/dags/our_first_dag.py took 0.050 seconds
[2023-10-10T01:44:35.209+0000] {processor.py:157} INFO - Started process (PID=341) to work on /opt/airflow/dags/our_first_dag.py
[2023-10-10T01:44:35.212+0000] {processor.py:829} INFO - Processing file /opt/airflow/dags/our_first_dag.py for tasks to queue
[2023-10-10T01:44:35.219+0000] {logging_mixin.py:151} INFO - [2023-10-10T01:44:35.215+0000] {dagbag.py:539} INFO - Filling up the DagBag from /opt/airflow/dags/our_first_dag.py
[2023-10-10T01:44:35.227+0000] {logging_mixin.py:151} INFO - [2023-10-10T01:44:35.225+0000] {dagbag.py:347} ERROR - Failed to import: /opt/airflow/dags/our_first_dag.py
Traceback (most recent call last):
  File "/home/airflow/.local/lib/python3.8/site-packages/airflow/models/dagbag.py", line 343, in parse
    loader.exec_module(new_module)
  File "<frozen importlib._bootstrap_external>", line 843, in exec_module
  File "<frozen importlib._bootstrap>", line 219, in _call_with_frames_removed
  File "/opt/airflow/dags/our_first_dag.py", line 7, in <module>
    'retry_delay': timedelta(minute=2)
NameError: name 'timedelta' is not defined
[2023-10-10T01:44:35.227+0000] {processor.py:841} WARNING - No viable dags retrieved from /opt/airflow/dags/our_first_dag.py
[2023-10-10T01:44:35.251+0000] {processor.py:179} INFO - Processing /opt/airflow/dags/our_first_dag.py took 0.047 seconds
[2023-10-10T01:45:05.674+0000] {processor.py:157} INFO - Started process (PID=353) to work on /opt/airflow/dags/our_first_dag.py
[2023-10-10T01:45:05.676+0000] {processor.py:829} INFO - Processing file /opt/airflow/dags/our_first_dag.py for tasks to queue
[2023-10-10T01:45:05.678+0000] {logging_mixin.py:151} INFO - [2023-10-10T01:45:05.677+0000] {dagbag.py:539} INFO - Filling up the DagBag from /opt/airflow/dags/our_first_dag.py
[2023-10-10T01:45:05.686+0000] {logging_mixin.py:151} INFO - [2023-10-10T01:45:05.684+0000] {dagbag.py:347} ERROR - Failed to import: /opt/airflow/dags/our_first_dag.py
Traceback (most recent call last):
  File "/home/airflow/.local/lib/python3.8/site-packages/airflow/models/dagbag.py", line 343, in parse
    loader.exec_module(new_module)
  File "<frozen importlib._bootstrap_external>", line 843, in exec_module
  File "<frozen importlib._bootstrap>", line 219, in _call_with_frames_removed
  File "/opt/airflow/dags/our_first_dag.py", line 7, in <module>
    'retry_delay': timedelta(minute=2)
NameError: name 'timedelta' is not defined
[2023-10-10T01:45:05.686+0000] {processor.py:841} WARNING - No viable dags retrieved from /opt/airflow/dags/our_first_dag.py
[2023-10-10T01:45:05.709+0000] {processor.py:179} INFO - Processing /opt/airflow/dags/our_first_dag.py took 0.041 seconds
[2023-10-10T01:45:36.081+0000] {processor.py:157} INFO - Started process (PID=366) to work on /opt/airflow/dags/our_first_dag.py
[2023-10-10T01:45:36.084+0000] {processor.py:829} INFO - Processing file /opt/airflow/dags/our_first_dag.py for tasks to queue
[2023-10-10T01:45:36.085+0000] {logging_mixin.py:151} INFO - [2023-10-10T01:45:36.085+0000] {dagbag.py:539} INFO - Filling up the DagBag from /opt/airflow/dags/our_first_dag.py
[2023-10-10T01:45:36.094+0000] {logging_mixin.py:151} INFO - [2023-10-10T01:45:36.092+0000] {dagbag.py:347} ERROR - Failed to import: /opt/airflow/dags/our_first_dag.py
Traceback (most recent call last):
  File "/home/airflow/.local/lib/python3.8/site-packages/airflow/models/dagbag.py", line 343, in parse
    loader.exec_module(new_module)
  File "<frozen importlib._bootstrap_external>", line 843, in exec_module
  File "<frozen importlib._bootstrap>", line 219, in _call_with_frames_removed
  File "/opt/airflow/dags/our_first_dag.py", line 7, in <module>
    'retry_delay': timedelta(minute=2)
NameError: name 'timedelta' is not defined
[2023-10-10T01:45:36.094+0000] {processor.py:841} WARNING - No viable dags retrieved from /opt/airflow/dags/our_first_dag.py
[2023-10-10T01:45:36.125+0000] {processor.py:179} INFO - Processing /opt/airflow/dags/our_first_dag.py took 0.058 seconds
[2023-10-10T01:45:45.336+0000] {processor.py:157} INFO - Started process (PID=371) to work on /opt/airflow/dags/our_first_dag.py
[2023-10-10T01:45:45.338+0000] {processor.py:829} INFO - Processing file /opt/airflow/dags/our_first_dag.py for tasks to queue
[2023-10-10T01:45:45.339+0000] {logging_mixin.py:151} INFO - [2023-10-10T01:45:45.338+0000] {dagbag.py:539} INFO - Filling up the DagBag from /opt/airflow/dags/our_first_dag.py
[2023-10-10T01:45:45.345+0000] {logging_mixin.py:151} INFO - [2023-10-10T01:45:45.344+0000] {dagbag.py:347} ERROR - Failed to import: /opt/airflow/dags/our_first_dag.py
Traceback (most recent call last):
  File "/home/airflow/.local/lib/python3.8/site-packages/airflow/models/dagbag.py", line 343, in parse
    loader.exec_module(new_module)
  File "<frozen importlib._bootstrap_external>", line 843, in exec_module
  File "<frozen importlib._bootstrap>", line 219, in _call_with_frames_removed
  File "/opt/airflow/dags/our_first_dag.py", line 3, in <module>
    from airflow.operator.bash import BashOperator
ModuleNotFoundError: No module named 'airflow.operator'
[2023-10-10T01:45:45.346+0000] {processor.py:841} WARNING - No viable dags retrieved from /opt/airflow/dags/our_first_dag.py
[2023-10-10T01:45:45.373+0000] {processor.py:179} INFO - Processing /opt/airflow/dags/our_first_dag.py took 0.043 seconds
[2023-10-10T01:46:15.784+0000] {processor.py:157} INFO - Started process (PID=383) to work on /opt/airflow/dags/our_first_dag.py
[2023-10-10T01:46:15.786+0000] {processor.py:829} INFO - Processing file /opt/airflow/dags/our_first_dag.py for tasks to queue
[2023-10-10T01:46:15.788+0000] {logging_mixin.py:151} INFO - [2023-10-10T01:46:15.787+0000] {dagbag.py:539} INFO - Filling up the DagBag from /opt/airflow/dags/our_first_dag.py
[2023-10-10T01:46:15.809+0000] {logging_mixin.py:151} INFO - [2023-10-10T01:46:15.803+0000] {dagbag.py:347} ERROR - Failed to import: /opt/airflow/dags/our_first_dag.py
Traceback (most recent call last):
  File "/home/airflow/.local/lib/python3.8/site-packages/airflow/models/dagbag.py", line 343, in parse
    loader.exec_module(new_module)
  File "<frozen importlib._bootstrap_external>", line 843, in exec_module
  File "<frozen importlib._bootstrap>", line 219, in _call_with_frames_removed
  File "/opt/airflow/dags/our_first_dag.py", line 3, in <module>
    from airflow.operator.bash import BashOperator
ModuleNotFoundError: No module named 'airflow.operator'
[2023-10-10T01:46:15.809+0000] {processor.py:841} WARNING - No viable dags retrieved from /opt/airflow/dags/our_first_dag.py
[2023-10-10T01:46:15.840+0000] {processor.py:179} INFO - Processing /opt/airflow/dags/our_first_dag.py took 0.061 seconds
[2023-10-10T01:46:16.837+0000] {processor.py:157} INFO - Started process (PID=388) to work on /opt/airflow/dags/our_first_dag.py
[2023-10-10T01:46:16.839+0000] {processor.py:829} INFO - Processing file /opt/airflow/dags/our_first_dag.py for tasks to queue
[2023-10-10T01:46:16.840+0000] {logging_mixin.py:151} INFO - [2023-10-10T01:46:16.839+0000] {dagbag.py:539} INFO - Filling up the DagBag from /opt/airflow/dags/our_first_dag.py
[2023-10-10T01:46:16.845+0000] {logging_mixin.py:151} INFO - [2023-10-10T01:46:16.844+0000] {dagbag.py:347} ERROR - Failed to import: /opt/airflow/dags/our_first_dag.py
Traceback (most recent call last):
  File "/home/airflow/.local/lib/python3.8/site-packages/airflow/models/dagbag.py", line 343, in parse
    loader.exec_module(new_module)
  File "<frozen importlib._bootstrap_external>", line 843, in exec_module
  File "<frozen importlib._bootstrap>", line 219, in _call_with_frames_removed
  File "/opt/airflow/dags/our_first_dag.py", line 8, in <module>
    'retry_delay': timedelta(minute=2)
NameError: name 'timedelta' is not defined
[2023-10-10T01:46:16.846+0000] {processor.py:841} WARNING - No viable dags retrieved from /opt/airflow/dags/our_first_dag.py
[2023-10-10T01:46:16.863+0000] {processor.py:179} INFO - Processing /opt/airflow/dags/our_first_dag.py took 0.031 seconds
[2023-10-10T01:46:47.281+0000] {processor.py:157} INFO - Started process (PID=400) to work on /opt/airflow/dags/our_first_dag.py
[2023-10-10T01:46:47.283+0000] {processor.py:829} INFO - Processing file /opt/airflow/dags/our_first_dag.py for tasks to queue
[2023-10-10T01:46:47.284+0000] {logging_mixin.py:151} INFO - [2023-10-10T01:46:47.283+0000] {dagbag.py:539} INFO - Filling up the DagBag from /opt/airflow/dags/our_first_dag.py
[2023-10-10T01:46:47.290+0000] {logging_mixin.py:151} INFO - [2023-10-10T01:46:47.288+0000] {dagbag.py:347} ERROR - Failed to import: /opt/airflow/dags/our_first_dag.py
Traceback (most recent call last):
  File "/home/airflow/.local/lib/python3.8/site-packages/airflow/models/dagbag.py", line 343, in parse
    loader.exec_module(new_module)
  File "<frozen importlib._bootstrap_external>", line 843, in exec_module
  File "<frozen importlib._bootstrap>", line 219, in _call_with_frames_removed
  File "/opt/airflow/dags/our_first_dag.py", line 8, in <module>
    'retry_delay': timedelta(minute=2)
NameError: name 'timedelta' is not defined
[2023-10-10T01:46:47.290+0000] {processor.py:841} WARNING - No viable dags retrieved from /opt/airflow/dags/our_first_dag.py
[2023-10-10T01:46:47.315+0000] {processor.py:179} INFO - Processing /opt/airflow/dags/our_first_dag.py took 0.038 seconds
[2023-10-10T01:47:17.704+0000] {processor.py:157} INFO - Started process (PID=412) to work on /opt/airflow/dags/our_first_dag.py
[2023-10-10T01:47:17.706+0000] {processor.py:829} INFO - Processing file /opt/airflow/dags/our_first_dag.py for tasks to queue
[2023-10-10T01:47:17.708+0000] {logging_mixin.py:151} INFO - [2023-10-10T01:47:17.707+0000] {dagbag.py:539} INFO - Filling up the DagBag from /opt/airflow/dags/our_first_dag.py
[2023-10-10T01:47:17.714+0000] {logging_mixin.py:151} INFO - [2023-10-10T01:47:17.712+0000] {dagbag.py:347} ERROR - Failed to import: /opt/airflow/dags/our_first_dag.py
Traceback (most recent call last):
  File "/home/airflow/.local/lib/python3.8/site-packages/airflow/models/dagbag.py", line 343, in parse
    loader.exec_module(new_module)
  File "<frozen importlib._bootstrap_external>", line 843, in exec_module
  File "<frozen importlib._bootstrap>", line 219, in _call_with_frames_removed
  File "/opt/airflow/dags/our_first_dag.py", line 8, in <module>
    'retry_delay': timedelta(minute=2)
NameError: name 'timedelta' is not defined
[2023-10-10T01:47:17.715+0000] {processor.py:841} WARNING - No viable dags retrieved from /opt/airflow/dags/our_first_dag.py
[2023-10-10T01:47:17.750+0000] {processor.py:179} INFO - Processing /opt/airflow/dags/our_first_dag.py took 0.060 seconds
[2023-10-10T02:55:26.594+0000] {processor.py:157} INFO - Started process (PID=164) to work on /opt/airflow/dags/our_first_dag.py
[2023-10-10T02:55:26.596+0000] {processor.py:829} INFO - Processing file /opt/airflow/dags/our_first_dag.py for tasks to queue
[2023-10-10T02:55:26.597+0000] {logging_mixin.py:151} INFO - [2023-10-10T02:55:26.596+0000] {dagbag.py:539} INFO - Filling up the DagBag from /opt/airflow/dags/our_first_dag.py
[2023-10-10T02:55:26.605+0000] {logging_mixin.py:151} INFO - [2023-10-10T02:55:26.603+0000] {dagbag.py:347} ERROR - Failed to import: /opt/airflow/dags/our_first_dag.py
Traceback (most recent call last):
  File "/home/airflow/.local/lib/python3.8/site-packages/airflow/models/dagbag.py", line 343, in parse
    loader.exec_module(new_module)
  File "<frozen importlib._bootstrap_external>", line 843, in exec_module
  File "<frozen importlib._bootstrap>", line 219, in _call_with_frames_removed
  File "/opt/airflow/dags/our_first_dag.py", line 8, in <module>
    'retry_delay': timedelta(minute=2)
NameError: name 'timedelta' is not defined
[2023-10-10T02:55:26.606+0000] {processor.py:841} WARNING - No viable dags retrieved from /opt/airflow/dags/our_first_dag.py
[2023-10-10T02:55:26.623+0000] {processor.py:179} INFO - Processing /opt/airflow/dags/our_first_dag.py took 0.036 seconds
[2023-10-10T02:55:56.986+0000] {processor.py:157} INFO - Started process (PID=176) to work on /opt/airflow/dags/our_first_dag.py
[2023-10-10T02:55:56.988+0000] {processor.py:829} INFO - Processing file /opt/airflow/dags/our_first_dag.py for tasks to queue
[2023-10-10T02:55:56.989+0000] {logging_mixin.py:151} INFO - [2023-10-10T02:55:56.989+0000] {dagbag.py:539} INFO - Filling up the DagBag from /opt/airflow/dags/our_first_dag.py
[2023-10-10T02:55:56.996+0000] {logging_mixin.py:151} INFO - [2023-10-10T02:55:56.995+0000] {dagbag.py:347} ERROR - Failed to import: /opt/airflow/dags/our_first_dag.py
Traceback (most recent call last):
  File "/home/airflow/.local/lib/python3.8/site-packages/airflow/models/dagbag.py", line 343, in parse
    loader.exec_module(new_module)
  File "<frozen importlib._bootstrap_external>", line 843, in exec_module
  File "<frozen importlib._bootstrap>", line 219, in _call_with_frames_removed
  File "/opt/airflow/dags/our_first_dag.py", line 8, in <module>
    'retry_delay': timedelta(minute=2)
NameError: name 'timedelta' is not defined
[2023-10-10T02:55:56.997+0000] {processor.py:841} WARNING - No viable dags retrieved from /opt/airflow/dags/our_first_dag.py
[2023-10-10T02:55:57.018+0000] {processor.py:179} INFO - Processing /opt/airflow/dags/our_first_dag.py took 0.048 seconds
[2023-10-10T02:56:27.372+0000] {processor.py:157} INFO - Started process (PID=188) to work on /opt/airflow/dags/our_first_dag.py
[2023-10-10T02:56:27.375+0000] {processor.py:829} INFO - Processing file /opt/airflow/dags/our_first_dag.py for tasks to queue
[2023-10-10T02:56:27.376+0000] {logging_mixin.py:151} INFO - [2023-10-10T02:56:27.376+0000] {dagbag.py:539} INFO - Filling up the DagBag from /opt/airflow/dags/our_first_dag.py
[2023-10-10T02:56:27.383+0000] {logging_mixin.py:151} INFO - [2023-10-10T02:56:27.381+0000] {dagbag.py:347} ERROR - Failed to import: /opt/airflow/dags/our_first_dag.py
Traceback (most recent call last):
  File "/home/airflow/.local/lib/python3.8/site-packages/airflow/models/dagbag.py", line 343, in parse
    loader.exec_module(new_module)
  File "<frozen importlib._bootstrap_external>", line 843, in exec_module
  File "<frozen importlib._bootstrap>", line 219, in _call_with_frames_removed
  File "/opt/airflow/dags/our_first_dag.py", line 8, in <module>
    'retry_delay': timedelta(minute=2)
NameError: name 'timedelta' is not defined
[2023-10-10T02:56:27.384+0000] {processor.py:841} WARNING - No viable dags retrieved from /opt/airflow/dags/our_first_dag.py
[2023-10-10T02:56:27.417+0000] {processor.py:179} INFO - Processing /opt/airflow/dags/our_first_dag.py took 0.050 seconds
[2023-10-10T02:56:57.734+0000] {processor.py:157} INFO - Started process (PID=200) to work on /opt/airflow/dags/our_first_dag.py
[2023-10-10T02:56:57.740+0000] {processor.py:829} INFO - Processing file /opt/airflow/dags/our_first_dag.py for tasks to queue
[2023-10-10T02:56:57.741+0000] {logging_mixin.py:151} INFO - [2023-10-10T02:56:57.741+0000] {dagbag.py:539} INFO - Filling up the DagBag from /opt/airflow/dags/our_first_dag.py
[2023-10-10T02:56:57.746+0000] {logging_mixin.py:151} INFO - [2023-10-10T02:56:57.745+0000] {dagbag.py:347} ERROR - Failed to import: /opt/airflow/dags/our_first_dag.py
Traceback (most recent call last):
  File "/home/airflow/.local/lib/python3.8/site-packages/airflow/models/dagbag.py", line 343, in parse
    loader.exec_module(new_module)
  File "<frozen importlib._bootstrap_external>", line 843, in exec_module
  File "<frozen importlib._bootstrap>", line 219, in _call_with_frames_removed
  File "/opt/airflow/dags/our_first_dag.py", line 8, in <module>
    'retry_delay': timedelta(minute=2)
NameError: name 'timedelta' is not defined
[2023-10-10T02:56:57.747+0000] {processor.py:841} WARNING - No viable dags retrieved from /opt/airflow/dags/our_first_dag.py
[2023-10-10T02:56:57.763+0000] {processor.py:179} INFO - Processing /opt/airflow/dags/our_first_dag.py took 0.033 seconds
[2023-10-10T02:57:28.132+0000] {processor.py:157} INFO - Started process (PID=212) to work on /opt/airflow/dags/our_first_dag.py
[2023-10-10T02:57:28.134+0000] {processor.py:829} INFO - Processing file /opt/airflow/dags/our_first_dag.py for tasks to queue
[2023-10-10T02:57:28.135+0000] {logging_mixin.py:151} INFO - [2023-10-10T02:57:28.135+0000] {dagbag.py:539} INFO - Filling up the DagBag from /opt/airflow/dags/our_first_dag.py
[2023-10-10T02:57:28.142+0000] {logging_mixin.py:151} INFO - [2023-10-10T02:57:28.140+0000] {dagbag.py:347} ERROR - Failed to import: /opt/airflow/dags/our_first_dag.py
Traceback (most recent call last):
  File "/home/airflow/.local/lib/python3.8/site-packages/airflow/models/dagbag.py", line 343, in parse
    loader.exec_module(new_module)
  File "<frozen importlib._bootstrap_external>", line 843, in exec_module
  File "<frozen importlib._bootstrap>", line 219, in _call_with_frames_removed
  File "/opt/airflow/dags/our_first_dag.py", line 8, in <module>
    'retry_delay': timedelta(minute=2)
NameError: name 'timedelta' is not defined
[2023-10-10T02:57:28.143+0000] {processor.py:841} WARNING - No viable dags retrieved from /opt/airflow/dags/our_first_dag.py
[2023-10-10T02:57:28.173+0000] {processor.py:179} INFO - Processing /opt/airflow/dags/our_first_dag.py took 0.046 seconds
[2023-10-10T02:57:58.472+0000] {processor.py:157} INFO - Started process (PID=224) to work on /opt/airflow/dags/our_first_dag.py
[2023-10-10T02:57:58.474+0000] {processor.py:829} INFO - Processing file /opt/airflow/dags/our_first_dag.py for tasks to queue
[2023-10-10T02:57:58.474+0000] {logging_mixin.py:151} INFO - [2023-10-10T02:57:58.474+0000] {dagbag.py:539} INFO - Filling up the DagBag from /opt/airflow/dags/our_first_dag.py
[2023-10-10T02:57:58.478+0000] {logging_mixin.py:151} INFO - [2023-10-10T02:57:58.477+0000] {dagbag.py:347} ERROR - Failed to import: /opt/airflow/dags/our_first_dag.py
Traceback (most recent call last):
  File "/home/airflow/.local/lib/python3.8/site-packages/airflow/models/dagbag.py", line 343, in parse
    loader.exec_module(new_module)
  File "<frozen importlib._bootstrap_external>", line 843, in exec_module
  File "<frozen importlib._bootstrap>", line 219, in _call_with_frames_removed
  File "/opt/airflow/dags/our_first_dag.py", line 8, in <module>
    'retry_delay': timedelta(minute=2)
NameError: name 'timedelta' is not defined
[2023-10-10T02:57:58.479+0000] {processor.py:841} WARNING - No viable dags retrieved from /opt/airflow/dags/our_first_dag.py
[2023-10-10T02:57:58.492+0000] {processor.py:179} INFO - Processing /opt/airflow/dags/our_first_dag.py took 0.027 seconds
[2023-10-10T02:58:28.873+0000] {processor.py:157} INFO - Started process (PID=236) to work on /opt/airflow/dags/our_first_dag.py
[2023-10-10T02:58:28.874+0000] {processor.py:829} INFO - Processing file /opt/airflow/dags/our_first_dag.py for tasks to queue
[2023-10-10T02:58:28.875+0000] {logging_mixin.py:151} INFO - [2023-10-10T02:58:28.875+0000] {dagbag.py:539} INFO - Filling up the DagBag from /opt/airflow/dags/our_first_dag.py
[2023-10-10T02:58:28.881+0000] {logging_mixin.py:151} INFO - [2023-10-10T02:58:28.880+0000] {dagbag.py:347} ERROR - Failed to import: /opt/airflow/dags/our_first_dag.py
Traceback (most recent call last):
  File "/home/airflow/.local/lib/python3.8/site-packages/airflow/models/dagbag.py", line 343, in parse
    loader.exec_module(new_module)
  File "<frozen importlib._bootstrap_external>", line 843, in exec_module
  File "<frozen importlib._bootstrap>", line 219, in _call_with_frames_removed
  File "/opt/airflow/dags/our_first_dag.py", line 8, in <module>
    'retry_delay': timedelta(minute=2)
NameError: name 'timedelta' is not defined
[2023-10-10T02:58:28.882+0000] {processor.py:841} WARNING - No viable dags retrieved from /opt/airflow/dags/our_first_dag.py
[2023-10-10T02:58:28.905+0000] {processor.py:179} INFO - Processing /opt/airflow/dags/our_first_dag.py took 0.037 seconds
[2023-10-10T02:58:59.476+0000] {processor.py:157} INFO - Started process (PID=248) to work on /opt/airflow/dags/our_first_dag.py
[2023-10-10T02:58:59.477+0000] {processor.py:829} INFO - Processing file /opt/airflow/dags/our_first_dag.py for tasks to queue
[2023-10-10T02:58:59.478+0000] {logging_mixin.py:151} INFO - [2023-10-10T02:58:59.478+0000] {dagbag.py:539} INFO - Filling up the DagBag from /opt/airflow/dags/our_first_dag.py
[2023-10-10T02:58:59.485+0000] {logging_mixin.py:151} INFO - [2023-10-10T02:58:59.483+0000] {dagbag.py:347} ERROR - Failed to import: /opt/airflow/dags/our_first_dag.py
Traceback (most recent call last):
  File "/home/airflow/.local/lib/python3.8/site-packages/airflow/models/dagbag.py", line 343, in parse
    loader.exec_module(new_module)
  File "<frozen importlib._bootstrap_external>", line 843, in exec_module
  File "<frozen importlib._bootstrap>", line 219, in _call_with_frames_removed
  File "/opt/airflow/dags/our_first_dag.py", line 8, in <module>
    'retry_delay': timedelta(minute=2)
NameError: name 'timedelta' is not defined
[2023-10-10T02:58:59.485+0000] {processor.py:841} WARNING - No viable dags retrieved from /opt/airflow/dags/our_first_dag.py
[2023-10-10T02:58:59.512+0000] {processor.py:179} INFO - Processing /opt/airflow/dags/our_first_dag.py took 0.041 seconds
[2023-10-10T02:59:29.802+0000] {processor.py:157} INFO - Started process (PID=260) to work on /opt/airflow/dags/our_first_dag.py
[2023-10-10T02:59:29.803+0000] {processor.py:829} INFO - Processing file /opt/airflow/dags/our_first_dag.py for tasks to queue
[2023-10-10T02:59:29.804+0000] {logging_mixin.py:151} INFO - [2023-10-10T02:59:29.804+0000] {dagbag.py:539} INFO - Filling up the DagBag from /opt/airflow/dags/our_first_dag.py
[2023-10-10T02:59:29.815+0000] {logging_mixin.py:151} INFO - [2023-10-10T02:59:29.812+0000] {dagbag.py:347} ERROR - Failed to import: /opt/airflow/dags/our_first_dag.py
Traceback (most recent call last):
  File "/home/airflow/.local/lib/python3.8/site-packages/airflow/models/dagbag.py", line 343, in parse
    loader.exec_module(new_module)
  File "<frozen importlib._bootstrap_external>", line 843, in exec_module
  File "<frozen importlib._bootstrap>", line 219, in _call_with_frames_removed
  File "/opt/airflow/dags/our_first_dag.py", line 8, in <module>
    'retry_delay': timedelta(minute=2)
NameError: name 'timedelta' is not defined
[2023-10-10T02:59:29.815+0000] {processor.py:841} WARNING - No viable dags retrieved from /opt/airflow/dags/our_first_dag.py
[2023-10-10T02:59:29.841+0000] {processor.py:179} INFO - Processing /opt/airflow/dags/our_first_dag.py took 0.042 seconds
[2023-10-10T02:59:42.997+0000] {processor.py:157} INFO - Started process (PID=265) to work on /opt/airflow/dags/our_first_dag.py
[2023-10-10T02:59:42.999+0000] {processor.py:829} INFO - Processing file /opt/airflow/dags/our_first_dag.py for tasks to queue
[2023-10-10T02:59:43.001+0000] {logging_mixin.py:151} INFO - [2023-10-10T02:59:43.000+0000] {dagbag.py:539} INFO - Filling up the DagBag from /opt/airflow/dags/our_first_dag.py
[2023-10-10T02:59:43.010+0000] {logging_mixin.py:151} INFO - [2023-10-10T02:59:43.008+0000] {dagbag.py:347} ERROR - Failed to import: /opt/airflow/dags/our_first_dag.py
Traceback (most recent call last):
  File "/home/airflow/.local/lib/python3.8/site-packages/airflow/models/dagbag.py", line 343, in parse
    loader.exec_module(new_module)
  File "<frozen importlib._bootstrap_external>", line 843, in exec_module
  File "<frozen importlib._bootstrap>", line 219, in _call_with_frames_removed
  File "/opt/airflow/dags/our_first_dag.py", line 8, in <module>
    'retry_delay': timedelta(minute=2)
TypeError: 'minute' is an invalid keyword argument for __new__()
[2023-10-10T02:59:43.010+0000] {processor.py:841} WARNING - No viable dags retrieved from /opt/airflow/dags/our_first_dag.py
[2023-10-10T02:59:43.040+0000] {processor.py:179} INFO - Processing /opt/airflow/dags/our_first_dag.py took 0.048 seconds
[2023-10-10T03:00:13.358+0000] {processor.py:157} INFO - Started process (PID=277) to work on /opt/airflow/dags/our_first_dag.py
[2023-10-10T03:00:13.360+0000] {processor.py:829} INFO - Processing file /opt/airflow/dags/our_first_dag.py for tasks to queue
[2023-10-10T03:00:13.361+0000] {logging_mixin.py:151} INFO - [2023-10-10T03:00:13.360+0000] {dagbag.py:539} INFO - Filling up the DagBag from /opt/airflow/dags/our_first_dag.py
[2023-10-10T03:00:13.368+0000] {logging_mixin.py:151} INFO - [2023-10-10T03:00:13.366+0000] {dagbag.py:347} ERROR - Failed to import: /opt/airflow/dags/our_first_dag.py
Traceback (most recent call last):
  File "/home/airflow/.local/lib/python3.8/site-packages/airflow/models/dagbag.py", line 343, in parse
    loader.exec_module(new_module)
  File "<frozen importlib._bootstrap_external>", line 843, in exec_module
  File "<frozen importlib._bootstrap>", line 219, in _call_with_frames_removed
  File "/opt/airflow/dags/our_first_dag.py", line 8, in <module>
    'retry_delay': timedelta(minute=2)
TypeError: 'minute' is an invalid keyword argument for __new__()
[2023-10-10T03:00:13.369+0000] {processor.py:841} WARNING - No viable dags retrieved from /opt/airflow/dags/our_first_dag.py
[2023-10-10T03:00:13.393+0000] {processor.py:179} INFO - Processing /opt/airflow/dags/our_first_dag.py took 0.042 seconds
[2023-10-10T03:00:17.460+0000] {processor.py:157} INFO - Started process (PID=282) to work on /opt/airflow/dags/our_first_dag.py
[2023-10-10T03:00:17.467+0000] {processor.py:829} INFO - Processing file /opt/airflow/dags/our_first_dag.py for tasks to queue
[2023-10-10T03:00:17.468+0000] {logging_mixin.py:151} INFO - [2023-10-10T03:00:17.468+0000] {dagbag.py:539} INFO - Filling up the DagBag from /opt/airflow/dags/our_first_dag.py
[2023-10-10T03:00:17.497+0000] {logging_mixin.py:151} INFO - [2023-10-10T03:00:17.477+0000] {dagbag.py:347} ERROR - Failed to import: /opt/airflow/dags/our_first_dag.py
Traceback (most recent call last):
  File "/home/airflow/.local/lib/python3.8/site-packages/airflow/models/dagbag.py", line 343, in parse
    loader.exec_module(new_module)
  File "<frozen importlib._bootstrap_external>", line 843, in exec_module
  File "<frozen importlib._bootstrap>", line 219, in _call_with_frames_removed
  File "/opt/airflow/dags/our_first_dag.py", line 11, in <module>
    with DAG(
TypeError: __init__() got an unexpected keyword argument 'scheduler_interval'
[2023-10-10T03:00:17.500+0000] {processor.py:841} WARNING - No viable dags retrieved from /opt/airflow/dags/our_first_dag.py
[2023-10-10T03:00:17.566+0000] {processor.py:179} INFO - Processing /opt/airflow/dags/our_first_dag.py took 0.112 seconds
[2023-10-10T03:00:34.725+0000] {processor.py:157} INFO - Started process (PID=294) to work on /opt/airflow/dags/our_first_dag.py
[2023-10-10T03:00:34.726+0000] {processor.py:829} INFO - Processing file /opt/airflow/dags/our_first_dag.py for tasks to queue
[2023-10-10T03:00:34.727+0000] {logging_mixin.py:151} INFO - [2023-10-10T03:00:34.727+0000] {dagbag.py:539} INFO - Filling up the DagBag from /opt/airflow/dags/our_first_dag.py
[2023-10-10T03:00:34.772+0000] {processor.py:839} INFO - DAG(s) dict_keys(['our_first_dag']) retrieved from /opt/airflow/dags/our_first_dag.py
[2023-10-10T03:00:34.890+0000] {logging_mixin.py:151} INFO - [2023-10-10T03:00:34.889+0000] {manager.py:499} INFO - Created Permission View: %s
[2023-10-10T03:00:34.894+0000] {logging_mixin.py:151} INFO - [2023-10-10T03:00:34.894+0000] {manager.py:499} INFO - Created Permission View: %s
[2023-10-10T03:00:34.896+0000] {logging_mixin.py:151} INFO - [2023-10-10T03:00:34.896+0000] {manager.py:499} INFO - Created Permission View: %s
[2023-10-10T03:00:34.896+0000] {logging_mixin.py:151} INFO - [2023-10-10T03:00:34.896+0000] {security.py:708} INFO - Not syncing DAG-level permissions for DAG 'DAG:our_first_dag' as access control is unset.
[2023-10-10T03:00:34.896+0000] {logging_mixin.py:151} INFO - [2023-10-10T03:00:34.896+0000] {dag.py:2915} INFO - Sync 1 DAGs
[2023-10-10T03:00:34.901+0000] {logging_mixin.py:151} INFO - [2023-10-10T03:00:34.901+0000] {dag.py:2937} INFO - Creating ORM DAG for our_first_dag
[2023-10-10T03:00:34.906+0000] {logging_mixin.py:151} INFO - [2023-10-10T03:00:34.906+0000] {dag.py:3696} INFO - Setting next_dagrun for our_first_dag to 2021-07-30T00:00:00+00:00, run_after=2021-07-31T00:00:00+00:00
[2023-10-10T03:00:34.912+0000] {processor.py:179} INFO - Processing /opt/airflow/dags/our_first_dag.py took 0.193 seconds
[2023-10-10T03:01:05.139+0000] {processor.py:157} INFO - Started process (PID=307) to work on /opt/airflow/dags/our_first_dag.py
[2023-10-10T03:01:05.140+0000] {processor.py:829} INFO - Processing file /opt/airflow/dags/our_first_dag.py for tasks to queue
[2023-10-10T03:01:05.141+0000] {logging_mixin.py:151} INFO - [2023-10-10T03:01:05.141+0000] {dagbag.py:539} INFO - Filling up the DagBag from /opt/airflow/dags/our_first_dag.py
[2023-10-10T03:01:05.165+0000] {processor.py:839} INFO - DAG(s) dict_keys(['our_first_dag']) retrieved from /opt/airflow/dags/our_first_dag.py
[2023-10-10T03:01:05.191+0000] {logging_mixin.py:151} INFO - [2023-10-10T03:01:05.191+0000] {dag.py:2915} INFO - Sync 1 DAGs
[2023-10-10T03:01:05.208+0000] {logging_mixin.py:151} INFO - [2023-10-10T03:01:05.208+0000] {dag.py:3696} INFO - Setting next_dagrun for our_first_dag to 2021-07-30T00:00:00+00:00, run_after=2021-07-31T00:00:00+00:00
[2023-10-10T03:01:05.216+0000] {processor.py:179} INFO - Processing /opt/airflow/dags/our_first_dag.py took 0.084 seconds
[2023-10-10T03:01:35.993+0000] {processor.py:157} INFO - Started process (PID=463) to work on /opt/airflow/dags/our_first_dag.py
[2023-10-10T03:01:35.994+0000] {processor.py:829} INFO - Processing file /opt/airflow/dags/our_first_dag.py for tasks to queue
[2023-10-10T03:01:35.995+0000] {logging_mixin.py:151} INFO - [2023-10-10T03:01:35.995+0000] {dagbag.py:539} INFO - Filling up the DagBag from /opt/airflow/dags/our_first_dag.py
[2023-10-10T03:01:36.029+0000] {processor.py:839} INFO - DAG(s) dict_keys(['our_first_dag']) retrieved from /opt/airflow/dags/our_first_dag.py
[2023-10-10T03:01:36.065+0000] {logging_mixin.py:151} INFO - [2023-10-10T03:01:36.065+0000] {dag.py:2915} INFO - Sync 1 DAGs
[2023-10-10T03:01:36.079+0000] {logging_mixin.py:151} INFO - [2023-10-10T03:01:36.079+0000] {dag.py:3696} INFO - Setting next_dagrun for our_first_dag to 2021-09-16T00:00:00+00:00, run_after=2021-09-17T00:00:00+00:00
[2023-10-10T03:01:36.087+0000] {processor.py:179} INFO - Processing /opt/airflow/dags/our_first_dag.py took 0.100 seconds
[2023-10-10T03:02:07.495+0000] {processor.py:157} INFO - Started process (PID=594) to work on /opt/airflow/dags/our_first_dag.py
[2023-10-10T03:02:07.520+0000] {processor.py:829} INFO - Processing file /opt/airflow/dags/our_first_dag.py for tasks to queue
[2023-10-10T03:02:07.553+0000] {logging_mixin.py:151} INFO - [2023-10-10T03:02:07.524+0000] {dagbag.py:539} INFO - Filling up the DagBag from /opt/airflow/dags/our_first_dag.py
[2023-10-10T03:02:07.964+0000] {processor.py:839} INFO - DAG(s) dict_keys(['our_first_dag']) retrieved from /opt/airflow/dags/our_first_dag.py
[2023-10-10T03:02:08.582+0000] {logging_mixin.py:151} INFO - [2023-10-10T03:02:08.581+0000] {dag.py:2915} INFO - Sync 1 DAGs
[2023-10-10T03:02:10.096+0000] {logging_mixin.py:151} INFO - [2023-10-10T03:02:10.084+0000] {dag.py:3696} INFO - Setting next_dagrun for our_first_dag to 2021-11-02T00:00:00+00:00, run_after=2021-11-03T00:00:00+00:00
[2023-10-10T03:02:10.695+0000] {processor.py:179} INFO - Processing /opt/airflow/dags/our_first_dag.py took 3.298 seconds
[2023-10-10T03:02:41.930+0000] {processor.py:157} INFO - Started process (PID=772) to work on /opt/airflow/dags/our_first_dag.py
[2023-10-10T03:02:41.943+0000] {processor.py:829} INFO - Processing file /opt/airflow/dags/our_first_dag.py for tasks to queue
[2023-10-10T03:02:41.952+0000] {logging_mixin.py:151} INFO - [2023-10-10T03:02:41.951+0000] {dagbag.py:539} INFO - Filling up the DagBag from /opt/airflow/dags/our_first_dag.py
[2023-10-10T03:02:42.089+0000] {processor.py:839} INFO - DAG(s) dict_keys(['our_first_dag']) retrieved from /opt/airflow/dags/our_first_dag.py
[2023-10-10T03:02:42.356+0000] {logging_mixin.py:151} INFO - [2023-10-10T03:02:42.355+0000] {dag.py:2915} INFO - Sync 1 DAGs
[2023-10-10T03:02:42.550+0000] {logging_mixin.py:151} INFO - [2023-10-10T03:02:42.549+0000] {dag.py:3696} INFO - Setting next_dagrun for our_first_dag to 2021-12-28T00:00:00+00:00, run_after=2021-12-29T00:00:00+00:00
[2023-10-10T03:02:42.818+0000] {processor.py:179} INFO - Processing /opt/airflow/dags/our_first_dag.py took 0.929 seconds
[2023-10-10T03:03:13.063+0000] {processor.py:157} INFO - Started process (PID=935) to work on /opt/airflow/dags/our_first_dag.py
[2023-10-10T03:03:13.073+0000] {processor.py:829} INFO - Processing file /opt/airflow/dags/our_first_dag.py for tasks to queue
[2023-10-10T03:03:13.081+0000] {logging_mixin.py:151} INFO - [2023-10-10T03:03:13.081+0000] {dagbag.py:539} INFO - Filling up the DagBag from /opt/airflow/dags/our_first_dag.py
[2023-10-10T03:03:13.161+0000] {processor.py:839} INFO - DAG(s) dict_keys(['our_first_dag']) retrieved from /opt/airflow/dags/our_first_dag.py
[2023-10-10T03:03:13.376+0000] {logging_mixin.py:151} INFO - [2023-10-10T03:03:13.376+0000] {dag.py:2915} INFO - Sync 1 DAGs
[2023-10-10T03:03:13.546+0000] {logging_mixin.py:151} INFO - [2023-10-10T03:03:13.534+0000] {dag.py:3696} INFO - Setting next_dagrun for our_first_dag to 2022-02-15T00:00:00+00:00, run_after=2022-02-16T00:00:00+00:00
[2023-10-10T03:03:13.640+0000] {processor.py:179} INFO - Processing /opt/airflow/dags/our_first_dag.py took 0.582 seconds
[2023-10-10T03:03:44.572+0000] {processor.py:157} INFO - Started process (PID=1123) to work on /opt/airflow/dags/our_first_dag.py
[2023-10-10T03:03:44.590+0000] {processor.py:829} INFO - Processing file /opt/airflow/dags/our_first_dag.py for tasks to queue
[2023-10-10T03:03:44.600+0000] {logging_mixin.py:151} INFO - [2023-10-10T03:03:44.599+0000] {dagbag.py:539} INFO - Filling up the DagBag from /opt/airflow/dags/our_first_dag.py
[2023-10-10T03:03:44.706+0000] {processor.py:839} INFO - DAG(s) dict_keys(['our_first_dag']) retrieved from /opt/airflow/dags/our_first_dag.py
[2023-10-10T03:03:44.851+0000] {logging_mixin.py:151} INFO - [2023-10-10T03:03:44.850+0000] {dag.py:2915} INFO - Sync 1 DAGs
[2023-10-10T03:03:44.972+0000] {logging_mixin.py:151} INFO - [2023-10-10T03:03:44.972+0000] {dag.py:3696} INFO - Setting next_dagrun for our_first_dag to 2022-04-18T00:00:00+00:00, run_after=2022-04-19T00:00:00+00:00
[2023-10-10T03:03:45.071+0000] {processor.py:179} INFO - Processing /opt/airflow/dags/our_first_dag.py took 0.511 seconds
[2023-10-10T03:04:15.800+0000] {processor.py:157} INFO - Started process (PID=1301) to work on /opt/airflow/dags/our_first_dag.py
[2023-10-10T03:04:15.802+0000] {processor.py:829} INFO - Processing file /opt/airflow/dags/our_first_dag.py for tasks to queue
[2023-10-10T03:04:15.803+0000] {logging_mixin.py:151} INFO - [2023-10-10T03:04:15.802+0000] {dagbag.py:539} INFO - Filling up the DagBag from /opt/airflow/dags/our_first_dag.py
[2023-10-10T03:04:15.847+0000] {processor.py:839} INFO - DAG(s) dict_keys(['our_first_dag']) retrieved from /opt/airflow/dags/our_first_dag.py
[2023-10-10T03:04:15.892+0000] {logging_mixin.py:151} INFO - [2023-10-10T03:04:15.892+0000] {dag.py:2915} INFO - Sync 1 DAGs
[2023-10-10T03:04:15.920+0000] {logging_mixin.py:151} INFO - [2023-10-10T03:04:15.920+0000] {dag.py:3696} INFO - Setting next_dagrun for our_first_dag to 2022-06-03T00:00:00+00:00, run_after=2022-06-04T00:00:00+00:00
[2023-10-10T03:04:15.930+0000] {processor.py:179} INFO - Processing /opt/airflow/dags/our_first_dag.py took 0.135 seconds
[2023-10-10T03:04:46.313+0000] {processor.py:157} INFO - Started process (PID=1488) to work on /opt/airflow/dags/our_first_dag.py
[2023-10-10T03:04:46.315+0000] {processor.py:829} INFO - Processing file /opt/airflow/dags/our_first_dag.py for tasks to queue
[2023-10-10T03:04:46.323+0000] {logging_mixin.py:151} INFO - [2023-10-10T03:04:46.322+0000] {dagbag.py:539} INFO - Filling up the DagBag from /opt/airflow/dags/our_first_dag.py
[2023-10-10T03:04:46.529+0000] {processor.py:839} INFO - DAG(s) dict_keys(['our_first_dag']) retrieved from /opt/airflow/dags/our_first_dag.py
[2023-10-10T03:04:46.657+0000] {logging_mixin.py:151} INFO - [2023-10-10T03:04:46.656+0000] {dag.py:2915} INFO - Sync 1 DAGs
[2023-10-10T03:04:46.683+0000] {logging_mixin.py:151} INFO - [2023-10-10T03:04:46.683+0000] {dag.py:3696} INFO - Setting next_dagrun for our_first_dag to 2022-08-04T00:00:00+00:00, run_after=2022-08-05T00:00:00+00:00
[2023-10-10T03:04:46.712+0000] {processor.py:179} INFO - Processing /opt/airflow/dags/our_first_dag.py took 0.425 seconds
[2023-10-10T03:05:17.670+0000] {processor.py:157} INFO - Started process (PID=1655) to work on /opt/airflow/dags/our_first_dag.py
[2023-10-10T03:05:17.672+0000] {processor.py:829} INFO - Processing file /opt/airflow/dags/our_first_dag.py for tasks to queue
[2023-10-10T03:05:17.673+0000] {logging_mixin.py:151} INFO - [2023-10-10T03:05:17.673+0000] {dagbag.py:539} INFO - Filling up the DagBag from /opt/airflow/dags/our_first_dag.py
[2023-10-10T03:05:17.704+0000] {processor.py:839} INFO - DAG(s) dict_keys(['our_first_dag']) retrieved from /opt/airflow/dags/our_first_dag.py
[2023-10-10T03:05:17.739+0000] {logging_mixin.py:151} INFO - [2023-10-10T03:05:17.739+0000] {dag.py:2915} INFO - Sync 1 DAGs
[2023-10-10T03:05:17.774+0000] {logging_mixin.py:151} INFO - [2023-10-10T03:05:17.774+0000] {dag.py:3696} INFO - Setting next_dagrun for our_first_dag to 2022-09-21T00:00:00+00:00, run_after=2022-09-22T00:00:00+00:00
[2023-10-10T03:05:17.783+0000] {processor.py:179} INFO - Processing /opt/airflow/dags/our_first_dag.py took 0.121 seconds
[2023-10-10T03:05:48.328+0000] {processor.py:157} INFO - Started process (PID=1706) to work on /opt/airflow/dags/our_first_dag.py
[2023-10-10T03:05:48.332+0000] {processor.py:829} INFO - Processing file /opt/airflow/dags/our_first_dag.py for tasks to queue
[2023-10-10T03:05:48.334+0000] {logging_mixin.py:151} INFO - [2023-10-10T03:05:48.333+0000] {dagbag.py:539} INFO - Filling up the DagBag from /opt/airflow/dags/our_first_dag.py
[2023-10-10T03:05:48.375+0000] {processor.py:839} INFO - DAG(s) dict_keys(['our_first_dag']) retrieved from /opt/airflow/dags/our_first_dag.py
[2023-10-10T03:05:48.407+0000] {logging_mixin.py:151} INFO - [2023-10-10T03:05:48.407+0000] {dag.py:2915} INFO - Sync 1 DAGs
[2023-10-10T03:05:48.425+0000] {logging_mixin.py:151} INFO - [2023-10-10T03:05:48.424+0000] {dag.py:3696} INFO - Setting next_dagrun for our_first_dag to 2022-10-05T00:00:00+00:00, run_after=2022-10-06T00:00:00+00:00
[2023-10-10T03:05:48.438+0000] {processor.py:179} INFO - Processing /opt/airflow/dags/our_first_dag.py took 0.117 seconds
[2023-10-10T03:06:18.684+0000] {processor.py:157} INFO - Started process (PID=1718) to work on /opt/airflow/dags/our_first_dag.py
[2023-10-10T03:06:18.686+0000] {processor.py:829} INFO - Processing file /opt/airflow/dags/our_first_dag.py for tasks to queue
[2023-10-10T03:06:18.688+0000] {logging_mixin.py:151} INFO - [2023-10-10T03:06:18.688+0000] {dagbag.py:539} INFO - Filling up the DagBag from /opt/airflow/dags/our_first_dag.py
[2023-10-10T03:06:18.711+0000] {processor.py:839} INFO - DAG(s) dict_keys(['our_first_dag']) retrieved from /opt/airflow/dags/our_first_dag.py
[2023-10-10T03:06:18.745+0000] {logging_mixin.py:151} INFO - [2023-10-10T03:06:18.745+0000] {dag.py:2915} INFO - Sync 1 DAGs
[2023-10-10T03:06:18.767+0000] {logging_mixin.py:151} INFO - [2023-10-10T03:06:18.767+0000] {dag.py:3696} INFO - Setting next_dagrun for our_first_dag to 2022-10-05T00:00:00+00:00, run_after=2022-10-06T00:00:00+00:00
[2023-10-10T03:06:18.779+0000] {processor.py:179} INFO - Processing /opt/airflow/dags/our_first_dag.py took 0.105 seconds
[2023-10-10T03:09:20.663+0000] {processor.py:157} INFO - Started process (PID=164) to work on /opt/airflow/dags/our_first_dag.py
[2023-10-10T03:09:20.664+0000] {processor.py:829} INFO - Processing file /opt/airflow/dags/our_first_dag.py for tasks to queue
[2023-10-10T03:09:20.664+0000] {logging_mixin.py:151} INFO - [2023-10-10T03:09:20.664+0000] {dagbag.py:539} INFO - Filling up the DagBag from /opt/airflow/dags/our_first_dag.py
[2023-10-10T03:09:20.668+0000] {logging_mixin.py:151} INFO - [2023-10-10T03:09:20.667+0000] {dagbag.py:347} ERROR - Failed to import: /opt/airflow/dags/our_first_dag.py
Traceback (most recent call last):
  File "/home/airflow/.local/lib/python3.8/site-packages/airflow/models/dagbag.py", line 343, in parse
    loader.exec_module(new_module)
  File "<frozen importlib._bootstrap_external>", line 839, in exec_module
  File "<frozen importlib._bootstrap_external>", line 976, in get_code
  File "<frozen importlib._bootstrap_external>", line 906, in source_to_code
  File "<frozen importlib._bootstrap>", line 219, in _call_with_frames_removed
  File "/opt/airflow/dags/our_first_dag.py", line 25
    bash_command='echo hey this is task 2 and I am dependent on taks1'
    ^
SyntaxError: invalid syntax
[2023-10-10T03:09:20.668+0000] {processor.py:841} WARNING - No viable dags retrieved from /opt/airflow/dags/our_first_dag.py
[2023-10-10T03:09:20.686+0000] {processor.py:179} INFO - Processing /opt/airflow/dags/our_first_dag.py took 0.026 seconds
[2023-10-10T03:09:51.066+0000] {processor.py:157} INFO - Started process (PID=176) to work on /opt/airflow/dags/our_first_dag.py
[2023-10-10T03:09:51.069+0000] {processor.py:829} INFO - Processing file /opt/airflow/dags/our_first_dag.py for tasks to queue
[2023-10-10T03:09:51.070+0000] {logging_mixin.py:151} INFO - [2023-10-10T03:09:51.069+0000] {dagbag.py:539} INFO - Filling up the DagBag from /opt/airflow/dags/our_first_dag.py
[2023-10-10T03:09:51.079+0000] {logging_mixin.py:151} INFO - [2023-10-10T03:09:51.077+0000] {dagbag.py:347} ERROR - Failed to import: /opt/airflow/dags/our_first_dag.py
Traceback (most recent call last):
  File "/home/airflow/.local/lib/python3.8/site-packages/airflow/models/dagbag.py", line 343, in parse
    loader.exec_module(new_module)
  File "<frozen importlib._bootstrap_external>", line 839, in exec_module
  File "<frozen importlib._bootstrap_external>", line 976, in get_code
  File "<frozen importlib._bootstrap_external>", line 906, in source_to_code
  File "<frozen importlib._bootstrap>", line 219, in _call_with_frames_removed
  File "/opt/airflow/dags/our_first_dag.py", line 25
    bash_command='echo hey this is task 2 and I am dependent on taks1'
    ^
SyntaxError: invalid syntax
[2023-10-10T03:09:51.079+0000] {processor.py:841} WARNING - No viable dags retrieved from /opt/airflow/dags/our_first_dag.py
[2023-10-10T03:09:51.108+0000] {processor.py:179} INFO - Processing /opt/airflow/dags/our_first_dag.py took 0.050 seconds
[2023-10-10T03:10:03.275+0000] {processor.py:157} INFO - Started process (PID=181) to work on /opt/airflow/dags/our_first_dag.py
[2023-10-10T03:10:03.276+0000] {processor.py:829} INFO - Processing file /opt/airflow/dags/our_first_dag.py for tasks to queue
[2023-10-10T03:10:03.278+0000] {logging_mixin.py:151} INFO - [2023-10-10T03:10:03.277+0000] {dagbag.py:539} INFO - Filling up the DagBag from /opt/airflow/dags/our_first_dag.py
[2023-10-10T03:10:03.312+0000] {processor.py:839} INFO - DAG(s) dict_keys(['our_first_dag_v2']) retrieved from /opt/airflow/dags/our_first_dag.py
[2023-10-10T03:10:03.527+0000] {logging_mixin.py:151} INFO - [2023-10-10T03:10:03.527+0000] {manager.py:499} INFO - Created Permission View: %s
[2023-10-10T03:10:03.531+0000] {logging_mixin.py:151} INFO - [2023-10-10T03:10:03.531+0000] {manager.py:499} INFO - Created Permission View: %s
[2023-10-10T03:10:03.533+0000] {logging_mixin.py:151} INFO - [2023-10-10T03:10:03.533+0000] {manager.py:499} INFO - Created Permission View: %s
[2023-10-10T03:10:03.533+0000] {logging_mixin.py:151} INFO - [2023-10-10T03:10:03.533+0000] {security.py:708} INFO - Not syncing DAG-level permissions for DAG 'DAG:our_first_dag_v2' as access control is unset.
[2023-10-10T03:10:03.533+0000] {logging_mixin.py:151} INFO - [2023-10-10T03:10:03.533+0000] {dag.py:2915} INFO - Sync 1 DAGs
[2023-10-10T03:10:03.537+0000] {logging_mixin.py:151} INFO - [2023-10-10T03:10:03.537+0000] {dag.py:2937} INFO - Creating ORM DAG for our_first_dag_v2
[2023-10-10T03:10:03.542+0000] {logging_mixin.py:151} INFO - [2023-10-10T03:10:03.542+0000] {dag.py:3696} INFO - Setting next_dagrun for our_first_dag_v2 to 2023-07-30T00:00:00+00:00, run_after=2023-07-31T00:00:00+00:00
[2023-10-10T03:10:03.548+0000] {processor.py:179} INFO - Processing /opt/airflow/dags/our_first_dag.py took 0.278 seconds
[2023-10-10T03:10:34.642+0000] {processor.py:157} INFO - Started process (PID=235) to work on /opt/airflow/dags/our_first_dag.py
[2023-10-10T03:10:34.643+0000] {processor.py:829} INFO - Processing file /opt/airflow/dags/our_first_dag.py for tasks to queue
[2023-10-10T03:10:34.653+0000] {logging_mixin.py:151} INFO - [2023-10-10T03:10:34.648+0000] {dagbag.py:539} INFO - Filling up the DagBag from /opt/airflow/dags/our_first_dag.py
[2023-10-10T03:10:34.778+0000] {processor.py:839} INFO - DAG(s) dict_keys(['our_first_dag_v2']) retrieved from /opt/airflow/dags/our_first_dag.py
[2023-10-10T03:10:34.901+0000] {logging_mixin.py:151} INFO - [2023-10-10T03:10:34.899+0000] {dag.py:2915} INFO - Sync 1 DAGs
[2023-10-10T03:10:36.871+0000] {processor.py:179} INFO - Processing /opt/airflow/dags/our_first_dag.py took 2.270 seconds
[2023-10-10T03:11:07.449+0000] {processor.py:157} INFO - Started process (PID=396) to work on /opt/airflow/dags/our_first_dag.py
[2023-10-10T03:11:07.451+0000] {processor.py:829} INFO - Processing file /opt/airflow/dags/our_first_dag.py for tasks to queue
[2023-10-10T03:11:07.452+0000] {logging_mixin.py:151} INFO - [2023-10-10T03:11:07.451+0000] {dagbag.py:539} INFO - Filling up the DagBag from /opt/airflow/dags/our_first_dag.py
[2023-10-10T03:11:07.469+0000] {processor.py:839} INFO - DAG(s) dict_keys(['our_first_dag_v2']) retrieved from /opt/airflow/dags/our_first_dag.py
[2023-10-10T03:11:07.499+0000] {logging_mixin.py:151} INFO - [2023-10-10T03:11:07.499+0000] {dag.py:2915} INFO - Sync 1 DAGs
[2023-10-10T03:11:07.675+0000] {logging_mixin.py:151} INFO - [2023-10-10T03:11:07.674+0000] {dag.py:3696} INFO - Setting next_dagrun for our_first_dag_v2 to 2023-08-31T00:00:00+00:00, run_after=2023-09-01T00:00:00+00:00
[2023-10-10T03:11:07.683+0000] {processor.py:179} INFO - Processing /opt/airflow/dags/our_first_dag.py took 0.239 seconds
[2023-10-10T03:11:38.038+0000] {processor.py:157} INFO - Started process (PID=580) to work on /opt/airflow/dags/our_first_dag.py
[2023-10-10T03:11:38.049+0000] {processor.py:829} INFO - Processing file /opt/airflow/dags/our_first_dag.py for tasks to queue
[2023-10-10T03:11:38.055+0000] {logging_mixin.py:151} INFO - [2023-10-10T03:11:38.054+0000] {dagbag.py:539} INFO - Filling up the DagBag from /opt/airflow/dags/our_first_dag.py
[2023-10-10T03:11:38.156+0000] {processor.py:839} INFO - DAG(s) dict_keys(['our_first_dag_v2']) retrieved from /opt/airflow/dags/our_first_dag.py
[2023-10-10T03:11:38.237+0000] {logging_mixin.py:151} INFO - [2023-10-10T03:11:38.237+0000] {dag.py:2915} INFO - Sync 1 DAGs
[2023-10-10T03:11:39.161+0000] {logging_mixin.py:151} INFO - [2023-10-10T03:11:39.160+0000] {dag.py:3696} INFO - Setting next_dagrun for our_first_dag_v2 to 2023-10-02T00:00:00+00:00, run_after=2023-10-03T00:00:00+00:00
[2023-10-10T03:11:39.258+0000] {processor.py:179} INFO - Processing /opt/airflow/dags/our_first_dag.py took 1.239 seconds
[2023-10-10T03:12:09.637+0000] {processor.py:157} INFO - Started process (PID=660) to work on /opt/airflow/dags/our_first_dag.py
[2023-10-10T03:12:09.641+0000] {processor.py:829} INFO - Processing file /opt/airflow/dags/our_first_dag.py for tasks to queue
[2023-10-10T03:12:09.643+0000] {logging_mixin.py:151} INFO - [2023-10-10T03:12:09.642+0000] {dagbag.py:539} INFO - Filling up the DagBag from /opt/airflow/dags/our_first_dag.py
[2023-10-10T03:12:09.671+0000] {processor.py:839} INFO - DAG(s) dict_keys(['our_first_dag_v2']) retrieved from /opt/airflow/dags/our_first_dag.py
[2023-10-10T03:12:09.929+0000] {logging_mixin.py:151} INFO - [2023-10-10T03:12:09.929+0000] {dag.py:2915} INFO - Sync 1 DAGs
[2023-10-10T03:12:09.941+0000] {logging_mixin.py:151} INFO - [2023-10-10T03:12:09.941+0000] {dag.py:3696} INFO - Setting next_dagrun for our_first_dag_v2 to 2023-10-10T00:00:00+00:00, run_after=2023-10-11T00:00:00+00:00
[2023-10-10T03:12:09.949+0000] {processor.py:179} INFO - Processing /opt/airflow/dags/our_first_dag.py took 0.318 seconds
[2023-10-10T03:12:40.389+0000] {processor.py:157} INFO - Started process (PID=672) to work on /opt/airflow/dags/our_first_dag.py
[2023-10-10T03:12:40.392+0000] {processor.py:829} INFO - Processing file /opt/airflow/dags/our_first_dag.py for tasks to queue
[2023-10-10T03:12:40.394+0000] {logging_mixin.py:151} INFO - [2023-10-10T03:12:40.393+0000] {dagbag.py:539} INFO - Filling up the DagBag from /opt/airflow/dags/our_first_dag.py
[2023-10-10T03:12:40.701+0000] {processor.py:839} INFO - DAG(s) dict_keys(['our_first_dag_v2']) retrieved from /opt/airflow/dags/our_first_dag.py
[2023-10-10T03:12:40.742+0000] {logging_mixin.py:151} INFO - [2023-10-10T03:12:40.741+0000] {dag.py:2915} INFO - Sync 1 DAGs
[2023-10-10T03:12:40.753+0000] {logging_mixin.py:151} INFO - [2023-10-10T03:12:40.753+0000] {dag.py:3696} INFO - Setting next_dagrun for our_first_dag_v2 to 2023-10-10T00:00:00+00:00, run_after=2023-10-11T00:00:00+00:00
[2023-10-10T03:12:40.760+0000] {processor.py:179} INFO - Processing /opt/airflow/dags/our_first_dag.py took 0.385 seconds
[2023-10-10T03:13:11.080+0000] {processor.py:157} INFO - Started process (PID=684) to work on /opt/airflow/dags/our_first_dag.py
[2023-10-10T03:13:11.086+0000] {processor.py:829} INFO - Processing file /opt/airflow/dags/our_first_dag.py for tasks to queue
[2023-10-10T03:13:11.088+0000] {logging_mixin.py:151} INFO - [2023-10-10T03:13:11.087+0000] {dagbag.py:539} INFO - Filling up the DagBag from /opt/airflow/dags/our_first_dag.py
[2023-10-10T03:13:11.126+0000] {processor.py:839} INFO - DAG(s) dict_keys(['our_first_dag_v2']) retrieved from /opt/airflow/dags/our_first_dag.py
[2023-10-10T03:13:11.161+0000] {logging_mixin.py:151} INFO - [2023-10-10T03:13:11.161+0000] {dag.py:2915} INFO - Sync 1 DAGs
[2023-10-10T03:13:11.181+0000] {logging_mixin.py:151} INFO - [2023-10-10T03:13:11.181+0000] {dag.py:3696} INFO - Setting next_dagrun for our_first_dag_v2 to 2023-10-10T00:00:00+00:00, run_after=2023-10-11T00:00:00+00:00
[2023-10-10T03:13:11.191+0000] {processor.py:179} INFO - Processing /opt/airflow/dags/our_first_dag.py took 0.119 seconds
[2023-10-10T03:13:13.125+0000] {processor.py:157} INFO - Started process (PID=689) to work on /opt/airflow/dags/our_first_dag.py
[2023-10-10T03:13:13.126+0000] {processor.py:829} INFO - Processing file /opt/airflow/dags/our_first_dag.py for tasks to queue
[2023-10-10T03:13:13.127+0000] {logging_mixin.py:151} INFO - [2023-10-10T03:13:13.127+0000] {dagbag.py:539} INFO - Filling up the DagBag from /opt/airflow/dags/our_first_dag.py
[2023-10-10T03:13:13.144+0000] {processor.py:839} INFO - DAG(s) dict_keys(['our_first_dag_v3']) retrieved from /opt/airflow/dags/our_first_dag.py
[2023-10-10T03:13:13.245+0000] {logging_mixin.py:151} INFO - [2023-10-10T03:13:13.245+0000] {manager.py:499} INFO - Created Permission View: %s
[2023-10-10T03:13:13.249+0000] {logging_mixin.py:151} INFO - [2023-10-10T03:13:13.249+0000] {manager.py:499} INFO - Created Permission View: %s
[2023-10-10T03:13:13.251+0000] {logging_mixin.py:151} INFO - [2023-10-10T03:13:13.251+0000] {manager.py:499} INFO - Created Permission View: %s
[2023-10-10T03:13:13.251+0000] {logging_mixin.py:151} INFO - [2023-10-10T03:13:13.251+0000] {security.py:708} INFO - Not syncing DAG-level permissions for DAG 'DAG:our_first_dag_v3' as access control is unset.
[2023-10-10T03:13:13.251+0000] {logging_mixin.py:151} INFO - [2023-10-10T03:13:13.251+0000] {dag.py:2915} INFO - Sync 1 DAGs
[2023-10-10T03:13:13.257+0000] {logging_mixin.py:151} INFO - [2023-10-10T03:13:13.257+0000] {dag.py:2937} INFO - Creating ORM DAG for our_first_dag_v3
[2023-10-10T03:13:13.261+0000] {logging_mixin.py:151} INFO - [2023-10-10T03:13:13.261+0000] {dag.py:3696} INFO - Setting next_dagrun for our_first_dag_v3 to 2023-07-30T00:00:00+00:00, run_after=2023-07-31T00:00:00+00:00
[2023-10-10T03:13:13.268+0000] {processor.py:179} INFO - Processing /opt/airflow/dags/our_first_dag.py took 0.149 seconds
[2023-10-10T03:13:43.671+0000] {processor.py:157} INFO - Started process (PID=700) to work on /opt/airflow/dags/our_first_dag.py
[2023-10-10T03:13:43.673+0000] {processor.py:829} INFO - Processing file /opt/airflow/dags/our_first_dag.py for tasks to queue
[2023-10-10T03:13:43.676+0000] {logging_mixin.py:151} INFO - [2023-10-10T03:13:43.674+0000] {dagbag.py:539} INFO - Filling up the DagBag from /opt/airflow/dags/our_first_dag.py
[2023-10-10T03:13:43.708+0000] {processor.py:839} INFO - DAG(s) dict_keys(['our_first_dag_v3']) retrieved from /opt/airflow/dags/our_first_dag.py
[2023-10-10T03:13:43.743+0000] {logging_mixin.py:151} INFO - [2023-10-10T03:13:43.743+0000] {dag.py:2915} INFO - Sync 1 DAGs
[2023-10-10T03:13:43.759+0000] {logging_mixin.py:151} INFO - [2023-10-10T03:13:43.759+0000] {dag.py:3696} INFO - Setting next_dagrun for our_first_dag_v3 to 2023-07-30T00:00:00+00:00, run_after=2023-07-31T00:00:00+00:00
[2023-10-10T03:13:43.768+0000] {processor.py:179} INFO - Processing /opt/airflow/dags/our_first_dag.py took 0.103 seconds
[2023-10-10T03:14:14.142+0000] {processor.py:157} INFO - Started process (PID=711) to work on /opt/airflow/dags/our_first_dag.py
[2023-10-10T03:14:14.145+0000] {processor.py:829} INFO - Processing file /opt/airflow/dags/our_first_dag.py for tasks to queue
[2023-10-10T03:14:14.147+0000] {logging_mixin.py:151} INFO - [2023-10-10T03:14:14.146+0000] {dagbag.py:539} INFO - Filling up the DagBag from /opt/airflow/dags/our_first_dag.py
[2023-10-10T03:14:14.178+0000] {processor.py:839} INFO - DAG(s) dict_keys(['our_first_dag_v3']) retrieved from /opt/airflow/dags/our_first_dag.py
[2023-10-10T03:14:14.207+0000] {logging_mixin.py:151} INFO - [2023-10-10T03:14:14.207+0000] {dag.py:2915} INFO - Sync 1 DAGs
[2023-10-10T03:14:14.226+0000] {logging_mixin.py:151} INFO - [2023-10-10T03:14:14.226+0000] {dag.py:3696} INFO - Setting next_dagrun for our_first_dag_v3 to 2023-07-30T00:00:00+00:00, run_after=2023-07-31T00:00:00+00:00
[2023-10-10T03:14:14.235+0000] {processor.py:179} INFO - Processing /opt/airflow/dags/our_first_dag.py took 0.107 seconds
[2023-10-10T03:14:25.358+0000] {processor.py:157} INFO - Started process (PID=723) to work on /opt/airflow/dags/our_first_dag.py
[2023-10-10T03:14:25.359+0000] {processor.py:829} INFO - Processing file /opt/airflow/dags/our_first_dag.py for tasks to queue
[2023-10-10T03:14:25.362+0000] {logging_mixin.py:151} INFO - [2023-10-10T03:14:25.361+0000] {dagbag.py:539} INFO - Filling up the DagBag from /opt/airflow/dags/our_first_dag.py
[2023-10-10T03:14:25.408+0000] {processor.py:839} INFO - DAG(s) dict_keys(['our_first_dag_v3']) retrieved from /opt/airflow/dags/our_first_dag.py
[2023-10-10T03:14:25.495+0000] {logging_mixin.py:151} INFO - [2023-10-10T03:14:25.495+0000] {security.py:708} INFO - Not syncing DAG-level permissions for DAG 'DAG:our_first_dag_v3' as access control is unset.
[2023-10-10T03:14:25.495+0000] {logging_mixin.py:151} INFO - [2023-10-10T03:14:25.495+0000] {dag.py:2915} INFO - Sync 1 DAGs
[2023-10-10T03:14:25.506+0000] {logging_mixin.py:151} INFO - [2023-10-10T03:14:25.506+0000] {dag.py:3696} INFO - Setting next_dagrun for our_first_dag_v3 to 2023-09-30T00:00:00+00:00, run_after=2023-10-01T00:00:00+00:00
[2023-10-10T03:14:25.515+0000] {processor.py:179} INFO - Processing /opt/airflow/dags/our_first_dag.py took 0.165 seconds
[2023-10-10T03:14:56.456+0000] {processor.py:157} INFO - Started process (PID=825) to work on /opt/airflow/dags/our_first_dag.py
[2023-10-10T03:14:56.457+0000] {processor.py:829} INFO - Processing file /opt/airflow/dags/our_first_dag.py for tasks to queue
[2023-10-10T03:14:56.462+0000] {logging_mixin.py:151} INFO - [2023-10-10T03:14:56.459+0000] {dagbag.py:539} INFO - Filling up the DagBag from /opt/airflow/dags/our_first_dag.py
[2023-10-10T03:14:56.493+0000] {processor.py:839} INFO - DAG(s) dict_keys(['our_first_dag_v3']) retrieved from /opt/airflow/dags/our_first_dag.py
[2023-10-10T03:14:56.640+0000] {logging_mixin.py:151} INFO - [2023-10-10T03:14:56.640+0000] {dag.py:2915} INFO - Sync 1 DAGs
[2023-10-10T03:14:56.663+0000] {logging_mixin.py:151} INFO - [2023-10-10T03:14:56.663+0000] {dag.py:3696} INFO - Setting next_dagrun for our_first_dag_v3 to 2023-10-10T00:00:00+00:00, run_after=2023-10-11T00:00:00+00:00
[2023-10-10T03:14:56.675+0000] {processor.py:179} INFO - Processing /opt/airflow/dags/our_first_dag.py took 0.224 seconds
[2023-10-10T03:15:26.910+0000] {processor.py:157} INFO - Started process (PID=837) to work on /opt/airflow/dags/our_first_dag.py
[2023-10-10T03:15:26.912+0000] {processor.py:829} INFO - Processing file /opt/airflow/dags/our_first_dag.py for tasks to queue
[2023-10-10T03:15:26.914+0000] {logging_mixin.py:151} INFO - [2023-10-10T03:15:26.913+0000] {dagbag.py:539} INFO - Filling up the DagBag from /opt/airflow/dags/our_first_dag.py
[2023-10-10T03:15:26.947+0000] {processor.py:839} INFO - DAG(s) dict_keys(['our_first_dag_v3']) retrieved from /opt/airflow/dags/our_first_dag.py
[2023-10-10T03:15:26.981+0000] {logging_mixin.py:151} INFO - [2023-10-10T03:15:26.981+0000] {dag.py:2915} INFO - Sync 1 DAGs
[2023-10-10T03:15:26.998+0000] {logging_mixin.py:151} INFO - [2023-10-10T03:15:26.998+0000] {dag.py:3696} INFO - Setting next_dagrun for our_first_dag_v3 to 2023-10-10T00:00:00+00:00, run_after=2023-10-11T00:00:00+00:00
[2023-10-10T03:15:27.007+0000] {processor.py:179} INFO - Processing /opt/airflow/dags/our_first_dag.py took 0.110 seconds
[2023-10-10T03:15:57.384+0000] {processor.py:157} INFO - Started process (PID=849) to work on /opt/airflow/dags/our_first_dag.py
[2023-10-10T03:15:57.386+0000] {processor.py:829} INFO - Processing file /opt/airflow/dags/our_first_dag.py for tasks to queue
[2023-10-10T03:15:57.388+0000] {logging_mixin.py:151} INFO - [2023-10-10T03:15:57.387+0000] {dagbag.py:539} INFO - Filling up the DagBag from /opt/airflow/dags/our_first_dag.py
[2023-10-10T03:15:57.422+0000] {processor.py:839} INFO - DAG(s) dict_keys(['our_first_dag_v3']) retrieved from /opt/airflow/dags/our_first_dag.py
[2023-10-10T03:15:57.457+0000] {logging_mixin.py:151} INFO - [2023-10-10T03:15:57.457+0000] {dag.py:2915} INFO - Sync 1 DAGs
[2023-10-10T03:15:57.473+0000] {logging_mixin.py:151} INFO - [2023-10-10T03:15:57.473+0000] {dag.py:3696} INFO - Setting next_dagrun for our_first_dag_v3 to 2023-10-10T00:00:00+00:00, run_after=2023-10-11T00:00:00+00:00
[2023-10-10T03:15:57.488+0000] {processor.py:179} INFO - Processing /opt/airflow/dags/our_first_dag.py took 0.108 seconds
[2023-10-10T03:16:27.766+0000] {processor.py:157} INFO - Started process (PID=862) to work on /opt/airflow/dags/our_first_dag.py
[2023-10-10T03:16:27.768+0000] {processor.py:829} INFO - Processing file /opt/airflow/dags/our_first_dag.py for tasks to queue
[2023-10-10T03:16:27.769+0000] {logging_mixin.py:151} INFO - [2023-10-10T03:16:27.769+0000] {dagbag.py:539} INFO - Filling up the DagBag from /opt/airflow/dags/our_first_dag.py
[2023-10-10T03:16:27.811+0000] {processor.py:839} INFO - DAG(s) dict_keys(['our_first_dag_v3']) retrieved from /opt/airflow/dags/our_first_dag.py
[2023-10-10T03:16:27.842+0000] {logging_mixin.py:151} INFO - [2023-10-10T03:16:27.842+0000] {dag.py:2915} INFO - Sync 1 DAGs
[2023-10-10T03:16:27.866+0000] {logging_mixin.py:151} INFO - [2023-10-10T03:16:27.866+0000] {dag.py:3696} INFO - Setting next_dagrun for our_first_dag_v3 to 2023-10-10T00:00:00+00:00, run_after=2023-10-11T00:00:00+00:00
[2023-10-10T03:16:27.876+0000] {processor.py:179} INFO - Processing /opt/airflow/dags/our_first_dag.py took 0.120 seconds
[2023-10-10T03:16:57.125+0000] {processor.py:157} INFO - Started process (PID=874) to work on /opt/airflow/dags/our_first_dag.py
[2023-10-10T03:16:57.127+0000] {processor.py:829} INFO - Processing file /opt/airflow/dags/our_first_dag.py for tasks to queue
[2023-10-10T03:16:57.128+0000] {logging_mixin.py:151} INFO - [2023-10-10T03:16:57.128+0000] {dagbag.py:539} INFO - Filling up the DagBag from /opt/airflow/dags/our_first_dag.py
[2023-10-10T03:16:57.156+0000] {processor.py:839} INFO - DAG(s) dict_keys(['our_first_dag_v3']) retrieved from /opt/airflow/dags/our_first_dag.py
[2023-10-10T03:16:57.191+0000] {logging_mixin.py:151} INFO - [2023-10-10T03:16:57.190+0000] {dag.py:2915} INFO - Sync 1 DAGs
[2023-10-10T03:16:57.210+0000] {logging_mixin.py:151} INFO - [2023-10-10T03:16:57.209+0000] {dag.py:3696} INFO - Setting next_dagrun for our_first_dag_v3 to 2023-10-10T00:00:00+00:00, run_after=2023-10-11T00:00:00+00:00
[2023-10-10T03:16:57.221+0000] {processor.py:179} INFO - Processing /opt/airflow/dags/our_first_dag.py took 0.102 seconds
[2023-10-10T03:17:27.609+0000] {processor.py:157} INFO - Started process (PID=885) to work on /opt/airflow/dags/our_first_dag.py
[2023-10-10T03:17:27.610+0000] {processor.py:829} INFO - Processing file /opt/airflow/dags/our_first_dag.py for tasks to queue
[2023-10-10T03:17:27.611+0000] {logging_mixin.py:151} INFO - [2023-10-10T03:17:27.611+0000] {dagbag.py:539} INFO - Filling up the DagBag from /opt/airflow/dags/our_first_dag.py
[2023-10-10T03:17:27.633+0000] {processor.py:839} INFO - DAG(s) dict_keys(['our_first_dag_v3']) retrieved from /opt/airflow/dags/our_first_dag.py
[2023-10-10T03:17:27.664+0000] {logging_mixin.py:151} INFO - [2023-10-10T03:17:27.663+0000] {dag.py:2915} INFO - Sync 1 DAGs
[2023-10-10T03:17:27.682+0000] {logging_mixin.py:151} INFO - [2023-10-10T03:17:27.682+0000] {dag.py:3696} INFO - Setting next_dagrun for our_first_dag_v3 to 2023-10-10T00:00:00+00:00, run_after=2023-10-11T00:00:00+00:00
[2023-10-10T03:17:27.690+0000] {processor.py:179} INFO - Processing /opt/airflow/dags/our_first_dag.py took 0.091 seconds
[2023-10-10T03:17:58.050+0000] {processor.py:157} INFO - Started process (PID=897) to work on /opt/airflow/dags/our_first_dag.py
[2023-10-10T03:17:58.052+0000] {processor.py:829} INFO - Processing file /opt/airflow/dags/our_first_dag.py for tasks to queue
[2023-10-10T03:17:58.054+0000] {logging_mixin.py:151} INFO - [2023-10-10T03:17:58.053+0000] {dagbag.py:539} INFO - Filling up the DagBag from /opt/airflow/dags/our_first_dag.py
[2023-10-10T03:17:58.090+0000] {processor.py:839} INFO - DAG(s) dict_keys(['our_first_dag_v3']) retrieved from /opt/airflow/dags/our_first_dag.py
[2023-10-10T03:17:58.135+0000] {logging_mixin.py:151} INFO - [2023-10-10T03:17:58.135+0000] {dag.py:2915} INFO - Sync 1 DAGs
[2023-10-10T03:17:58.163+0000] {logging_mixin.py:151} INFO - [2023-10-10T03:17:58.163+0000] {dag.py:3696} INFO - Setting next_dagrun for our_first_dag_v3 to 2023-10-10T00:00:00+00:00, run_after=2023-10-11T00:00:00+00:00
[2023-10-10T03:17:58.178+0000] {processor.py:179} INFO - Processing /opt/airflow/dags/our_first_dag.py took 0.136 seconds
[2023-10-10T03:18:28.537+0000] {processor.py:157} INFO - Started process (PID=910) to work on /opt/airflow/dags/our_first_dag.py
[2023-10-10T03:18:28.540+0000] {processor.py:829} INFO - Processing file /opt/airflow/dags/our_first_dag.py for tasks to queue
[2023-10-10T03:18:28.542+0000] {logging_mixin.py:151} INFO - [2023-10-10T03:18:28.541+0000] {dagbag.py:539} INFO - Filling up the DagBag from /opt/airflow/dags/our_first_dag.py
[2023-10-10T03:18:28.578+0000] {processor.py:839} INFO - DAG(s) dict_keys(['our_first_dag_v3']) retrieved from /opt/airflow/dags/our_first_dag.py
[2023-10-10T03:18:28.622+0000] {logging_mixin.py:151} INFO - [2023-10-10T03:18:28.622+0000] {dag.py:2915} INFO - Sync 1 DAGs
[2023-10-10T03:18:28.639+0000] {logging_mixin.py:151} INFO - [2023-10-10T03:18:28.639+0000] {dag.py:3696} INFO - Setting next_dagrun for our_first_dag_v3 to 2023-10-10T00:00:00+00:00, run_after=2023-10-11T00:00:00+00:00
[2023-10-10T03:18:28.651+0000] {processor.py:179} INFO - Processing /opt/airflow/dags/our_first_dag.py took 0.129 seconds
[2023-10-10T03:18:59.024+0000] {processor.py:157} INFO - Started process (PID=922) to work on /opt/airflow/dags/our_first_dag.py
[2023-10-10T03:18:59.025+0000] {processor.py:829} INFO - Processing file /opt/airflow/dags/our_first_dag.py for tasks to queue
[2023-10-10T03:18:59.027+0000] {logging_mixin.py:151} INFO - [2023-10-10T03:18:59.026+0000] {dagbag.py:539} INFO - Filling up the DagBag from /opt/airflow/dags/our_first_dag.py
[2023-10-10T03:18:59.054+0000] {processor.py:839} INFO - DAG(s) dict_keys(['our_first_dag_v3']) retrieved from /opt/airflow/dags/our_first_dag.py
[2023-10-10T03:18:59.094+0000] {logging_mixin.py:151} INFO - [2023-10-10T03:18:59.094+0000] {dag.py:2915} INFO - Sync 1 DAGs
[2023-10-10T03:18:59.117+0000] {logging_mixin.py:151} INFO - [2023-10-10T03:18:59.116+0000] {dag.py:3696} INFO - Setting next_dagrun for our_first_dag_v3 to 2023-10-10T00:00:00+00:00, run_after=2023-10-11T00:00:00+00:00
[2023-10-10T03:18:59.127+0000] {processor.py:179} INFO - Processing /opt/airflow/dags/our_first_dag.py took 0.109 seconds
[2023-10-10T03:19:29.567+0000] {processor.py:157} INFO - Started process (PID=934) to work on /opt/airflow/dags/our_first_dag.py
[2023-10-10T03:19:29.571+0000] {processor.py:829} INFO - Processing file /opt/airflow/dags/our_first_dag.py for tasks to queue
[2023-10-10T03:19:29.573+0000] {logging_mixin.py:151} INFO - [2023-10-10T03:19:29.571+0000] {dagbag.py:539} INFO - Filling up the DagBag from /opt/airflow/dags/our_first_dag.py
[2023-10-10T03:19:29.622+0000] {processor.py:839} INFO - DAG(s) dict_keys(['our_first_dag_v3']) retrieved from /opt/airflow/dags/our_first_dag.py
[2023-10-10T03:19:29.668+0000] {logging_mixin.py:151} INFO - [2023-10-10T03:19:29.668+0000] {dag.py:2915} INFO - Sync 1 DAGs
[2023-10-10T03:19:29.686+0000] {logging_mixin.py:151} INFO - [2023-10-10T03:19:29.686+0000] {dag.py:3696} INFO - Setting next_dagrun for our_first_dag_v3 to 2023-10-10T00:00:00+00:00, run_after=2023-10-11T00:00:00+00:00
[2023-10-10T03:19:29.702+0000] {processor.py:179} INFO - Processing /opt/airflow/dags/our_first_dag.py took 0.143 seconds
[2023-10-10T03:19:59.916+0000] {processor.py:157} INFO - Started process (PID=946) to work on /opt/airflow/dags/our_first_dag.py
[2023-10-10T03:19:59.918+0000] {processor.py:829} INFO - Processing file /opt/airflow/dags/our_first_dag.py for tasks to queue
[2023-10-10T03:19:59.920+0000] {logging_mixin.py:151} INFO - [2023-10-10T03:19:59.919+0000] {dagbag.py:539} INFO - Filling up the DagBag from /opt/airflow/dags/our_first_dag.py
[2023-10-10T03:19:59.951+0000] {processor.py:839} INFO - DAG(s) dict_keys(['our_first_dag_v3']) retrieved from /opt/airflow/dags/our_first_dag.py
[2023-10-10T03:19:59.990+0000] {logging_mixin.py:151} INFO - [2023-10-10T03:19:59.989+0000] {dag.py:2915} INFO - Sync 1 DAGs
[2023-10-10T03:20:00.010+0000] {logging_mixin.py:151} INFO - [2023-10-10T03:20:00.010+0000] {dag.py:3696} INFO - Setting next_dagrun for our_first_dag_v3 to 2023-10-10T00:00:00+00:00, run_after=2023-10-11T00:00:00+00:00
[2023-10-10T03:20:00.020+0000] {processor.py:179} INFO - Processing /opt/airflow/dags/our_first_dag.py took 0.115 seconds
[2023-10-10T03:20:30.383+0000] {processor.py:157} INFO - Started process (PID=958) to work on /opt/airflow/dags/our_first_dag.py
[2023-10-10T03:20:30.386+0000] {processor.py:829} INFO - Processing file /opt/airflow/dags/our_first_dag.py for tasks to queue
[2023-10-10T03:20:30.389+0000] {logging_mixin.py:151} INFO - [2023-10-10T03:20:30.388+0000] {dagbag.py:539} INFO - Filling up the DagBag from /opt/airflow/dags/our_first_dag.py
[2023-10-10T03:20:30.444+0000] {processor.py:839} INFO - DAG(s) dict_keys(['our_first_dag_v3']) retrieved from /opt/airflow/dags/our_first_dag.py
[2023-10-10T03:20:30.484+0000] {logging_mixin.py:151} INFO - [2023-10-10T03:20:30.484+0000] {dag.py:2915} INFO - Sync 1 DAGs
[2023-10-10T03:20:30.505+0000] {logging_mixin.py:151} INFO - [2023-10-10T03:20:30.505+0000] {dag.py:3696} INFO - Setting next_dagrun for our_first_dag_v3 to 2023-10-10T00:00:00+00:00, run_after=2023-10-11T00:00:00+00:00
[2023-10-10T03:20:30.518+0000] {processor.py:179} INFO - Processing /opt/airflow/dags/our_first_dag.py took 0.144 seconds
[2023-10-10T03:21:00.781+0000] {processor.py:157} INFO - Started process (PID=970) to work on /opt/airflow/dags/our_first_dag.py
[2023-10-10T03:21:00.784+0000] {processor.py:829} INFO - Processing file /opt/airflow/dags/our_first_dag.py for tasks to queue
[2023-10-10T03:21:00.786+0000] {logging_mixin.py:151} INFO - [2023-10-10T03:21:00.785+0000] {dagbag.py:539} INFO - Filling up the DagBag from /opt/airflow/dags/our_first_dag.py
[2023-10-10T03:21:00.829+0000] {processor.py:839} INFO - DAG(s) dict_keys(['our_first_dag_v3']) retrieved from /opt/airflow/dags/our_first_dag.py
[2023-10-10T03:21:00.860+0000] {logging_mixin.py:151} INFO - [2023-10-10T03:21:00.860+0000] {dag.py:2915} INFO - Sync 1 DAGs
[2023-10-10T03:21:00.882+0000] {logging_mixin.py:151} INFO - [2023-10-10T03:21:00.881+0000] {dag.py:3696} INFO - Setting next_dagrun for our_first_dag_v3 to 2023-10-10T00:00:00+00:00, run_after=2023-10-11T00:00:00+00:00
[2023-10-10T03:21:00.891+0000] {processor.py:179} INFO - Processing /opt/airflow/dags/our_first_dag.py took 0.122 seconds
[2023-10-10T03:21:31.406+0000] {processor.py:157} INFO - Started process (PID=982) to work on /opt/airflow/dags/our_first_dag.py
[2023-10-10T03:21:31.408+0000] {processor.py:829} INFO - Processing file /opt/airflow/dags/our_first_dag.py for tasks to queue
[2023-10-10T03:21:31.410+0000] {logging_mixin.py:151} INFO - [2023-10-10T03:21:31.409+0000] {dagbag.py:539} INFO - Filling up the DagBag from /opt/airflow/dags/our_first_dag.py
[2023-10-10T03:21:31.444+0000] {processor.py:839} INFO - DAG(s) dict_keys(['our_first_dag_v3']) retrieved from /opt/airflow/dags/our_first_dag.py
[2023-10-10T03:21:31.475+0000] {logging_mixin.py:151} INFO - [2023-10-10T03:21:31.474+0000] {dag.py:2915} INFO - Sync 1 DAGs
[2023-10-10T03:21:31.490+0000] {logging_mixin.py:151} INFO - [2023-10-10T03:21:31.489+0000] {dag.py:3696} INFO - Setting next_dagrun for our_first_dag_v3 to 2023-10-10T00:00:00+00:00, run_after=2023-10-11T00:00:00+00:00
[2023-10-10T03:21:31.498+0000] {processor.py:179} INFO - Processing /opt/airflow/dags/our_first_dag.py took 0.099 seconds
[2023-10-10T03:22:01.847+0000] {processor.py:157} INFO - Started process (PID=994) to work on /opt/airflow/dags/our_first_dag.py
[2023-10-10T03:22:01.850+0000] {processor.py:829} INFO - Processing file /opt/airflow/dags/our_first_dag.py for tasks to queue
[2023-10-10T03:22:01.852+0000] {logging_mixin.py:151} INFO - [2023-10-10T03:22:01.851+0000] {dagbag.py:539} INFO - Filling up the DagBag from /opt/airflow/dags/our_first_dag.py
[2023-10-10T03:22:01.891+0000] {processor.py:839} INFO - DAG(s) dict_keys(['our_first_dag_v3']) retrieved from /opt/airflow/dags/our_first_dag.py
[2023-10-10T03:22:01.932+0000] {logging_mixin.py:151} INFO - [2023-10-10T03:22:01.932+0000] {dag.py:2915} INFO - Sync 1 DAGs
[2023-10-10T03:22:01.951+0000] {logging_mixin.py:151} INFO - [2023-10-10T03:22:01.951+0000] {dag.py:3696} INFO - Setting next_dagrun for our_first_dag_v3 to 2023-10-10T00:00:00+00:00, run_after=2023-10-11T00:00:00+00:00
[2023-10-10T03:22:01.961+0000] {processor.py:179} INFO - Processing /opt/airflow/dags/our_first_dag.py took 0.119 seconds
[2023-10-10T03:22:32.351+0000] {processor.py:157} INFO - Started process (PID=1006) to work on /opt/airflow/dags/our_first_dag.py
[2023-10-10T03:22:32.353+0000] {processor.py:829} INFO - Processing file /opt/airflow/dags/our_first_dag.py for tasks to queue
[2023-10-10T03:22:32.355+0000] {logging_mixin.py:151} INFO - [2023-10-10T03:22:32.354+0000] {dagbag.py:539} INFO - Filling up the DagBag from /opt/airflow/dags/our_first_dag.py
[2023-10-10T03:22:32.389+0000] {processor.py:839} INFO - DAG(s) dict_keys(['our_first_dag_v3']) retrieved from /opt/airflow/dags/our_first_dag.py
[2023-10-10T03:22:32.429+0000] {logging_mixin.py:151} INFO - [2023-10-10T03:22:32.429+0000] {dag.py:2915} INFO - Sync 1 DAGs
[2023-10-10T03:22:32.449+0000] {logging_mixin.py:151} INFO - [2023-10-10T03:22:32.449+0000] {dag.py:3696} INFO - Setting next_dagrun for our_first_dag_v3 to 2023-10-10T00:00:00+00:00, run_after=2023-10-11T00:00:00+00:00
[2023-10-10T03:22:32.459+0000] {processor.py:179} INFO - Processing /opt/airflow/dags/our_first_dag.py took 0.113 seconds
[2023-10-10T03:23:02.741+0000] {processor.py:157} INFO - Started process (PID=1018) to work on /opt/airflow/dags/our_first_dag.py
[2023-10-10T03:23:02.744+0000] {processor.py:829} INFO - Processing file /opt/airflow/dags/our_first_dag.py for tasks to queue
[2023-10-10T03:23:02.746+0000] {logging_mixin.py:151} INFO - [2023-10-10T03:23:02.745+0000] {dagbag.py:539} INFO - Filling up the DagBag from /opt/airflow/dags/our_first_dag.py
[2023-10-10T03:23:02.785+0000] {processor.py:839} INFO - DAG(s) dict_keys(['our_first_dag_v3']) retrieved from /opt/airflow/dags/our_first_dag.py
[2023-10-10T03:23:02.833+0000] {logging_mixin.py:151} INFO - [2023-10-10T03:23:02.833+0000] {dag.py:2915} INFO - Sync 1 DAGs
[2023-10-10T03:23:02.862+0000] {logging_mixin.py:151} INFO - [2023-10-10T03:23:02.862+0000] {dag.py:3696} INFO - Setting next_dagrun for our_first_dag_v3 to 2023-10-10T00:00:00+00:00, run_after=2023-10-11T00:00:00+00:00
[2023-10-10T03:23:02.883+0000] {processor.py:179} INFO - Processing /opt/airflow/dags/our_first_dag.py took 0.154 seconds
[2023-10-10T03:23:33.243+0000] {processor.py:157} INFO - Started process (PID=1030) to work on /opt/airflow/dags/our_first_dag.py
[2023-10-10T03:23:33.245+0000] {processor.py:829} INFO - Processing file /opt/airflow/dags/our_first_dag.py for tasks to queue
[2023-10-10T03:23:33.247+0000] {logging_mixin.py:151} INFO - [2023-10-10T03:23:33.246+0000] {dagbag.py:539} INFO - Filling up the DagBag from /opt/airflow/dags/our_first_dag.py
[2023-10-10T03:23:33.277+0000] {processor.py:839} INFO - DAG(s) dict_keys(['our_first_dag_v3']) retrieved from /opt/airflow/dags/our_first_dag.py
[2023-10-10T03:23:33.312+0000] {logging_mixin.py:151} INFO - [2023-10-10T03:23:33.312+0000] {dag.py:2915} INFO - Sync 1 DAGs
[2023-10-10T03:23:33.333+0000] {logging_mixin.py:151} INFO - [2023-10-10T03:23:33.333+0000] {dag.py:3696} INFO - Setting next_dagrun for our_first_dag_v3 to 2023-10-10T00:00:00+00:00, run_after=2023-10-11T00:00:00+00:00
[2023-10-10T03:23:33.344+0000] {processor.py:179} INFO - Processing /opt/airflow/dags/our_first_dag.py took 0.107 seconds
[2023-10-10T03:24:19.340+0000] {processor.py:157} INFO - Started process (PID=167) to work on /opt/airflow/dags/our_first_dag.py
[2023-10-10T03:24:19.341+0000] {processor.py:829} INFO - Processing file /opt/airflow/dags/our_first_dag.py for tasks to queue
[2023-10-10T03:24:19.342+0000] {logging_mixin.py:151} INFO - [2023-10-10T03:24:19.341+0000] {dagbag.py:539} INFO - Filling up the DagBag from /opt/airflow/dags/our_first_dag.py
[2023-10-10T03:24:19.368+0000] {processor.py:839} INFO - DAG(s) dict_keys(['our_first_dag_v3']) retrieved from /opt/airflow/dags/our_first_dag.py
[2023-10-10T03:24:19.720+0000] {logging_mixin.py:151} INFO - [2023-10-10T03:24:19.720+0000] {security.py:708} INFO - Not syncing DAG-level permissions for DAG 'DAG:our_first_dag_v3' as access control is unset.
[2023-10-10T03:24:19.721+0000] {logging_mixin.py:151} INFO - [2023-10-10T03:24:19.721+0000] {dag.py:2915} INFO - Sync 1 DAGs
[2023-10-10T03:24:19.742+0000] {logging_mixin.py:151} INFO - [2023-10-10T03:24:19.741+0000] {dag.py:3696} INFO - Setting next_dagrun for our_first_dag_v3 to 2023-10-10T00:00:00+00:00, run_after=2023-10-11T00:00:00+00:00
[2023-10-10T03:24:19.760+0000] {processor.py:179} INFO - Processing /opt/airflow/dags/our_first_dag.py took 0.429 seconds
[2023-10-10T03:24:50.110+0000] {processor.py:157} INFO - Started process (PID=184) to work on /opt/airflow/dags/our_first_dag.py
[2023-10-10T03:24:50.111+0000] {processor.py:829} INFO - Processing file /opt/airflow/dags/our_first_dag.py for tasks to queue
[2023-10-10T03:24:50.112+0000] {logging_mixin.py:151} INFO - [2023-10-10T03:24:50.111+0000] {dagbag.py:539} INFO - Filling up the DagBag from /opt/airflow/dags/our_first_dag.py
[2023-10-10T03:24:50.133+0000] {processor.py:839} INFO - DAG(s) dict_keys(['our_first_dag_v3']) retrieved from /opt/airflow/dags/our_first_dag.py
[2023-10-10T03:24:50.170+0000] {logging_mixin.py:151} INFO - [2023-10-10T03:24:50.169+0000] {dag.py:2915} INFO - Sync 1 DAGs
[2023-10-10T03:24:50.185+0000] {logging_mixin.py:151} INFO - [2023-10-10T03:24:50.185+0000] {dag.py:3696} INFO - Setting next_dagrun for our_first_dag_v3 to 2023-10-10T00:00:00+00:00, run_after=2023-10-11T00:00:00+00:00
[2023-10-10T03:24:50.194+0000] {processor.py:179} INFO - Processing /opt/airflow/dags/our_first_dag.py took 0.087 seconds
[2023-10-10T03:25:20.864+0000] {processor.py:157} INFO - Started process (PID=222) to work on /opt/airflow/dags/our_first_dag.py
[2023-10-10T03:25:20.865+0000] {processor.py:829} INFO - Processing file /opt/airflow/dags/our_first_dag.py for tasks to queue
[2023-10-10T03:25:20.868+0000] {logging_mixin.py:151} INFO - [2023-10-10T03:25:20.867+0000] {dagbag.py:539} INFO - Filling up the DagBag from /opt/airflow/dags/our_first_dag.py
[2023-10-10T03:25:20.922+0000] {processor.py:839} INFO - DAG(s) dict_keys(['our_first_dag_v3']) retrieved from /opt/airflow/dags/our_first_dag.py
[2023-10-10T03:25:20.987+0000] {logging_mixin.py:151} INFO - [2023-10-10T03:25:20.987+0000] {dag.py:2915} INFO - Sync 1 DAGs
[2023-10-10T03:25:21.040+0000] {logging_mixin.py:151} INFO - [2023-10-10T03:25:21.040+0000] {dag.py:3696} INFO - Setting next_dagrun for our_first_dag_v3 to 2023-10-10T00:00:00+00:00, run_after=2023-10-11T00:00:00+00:00
[2023-10-10T03:25:21.505+0000] {processor.py:179} INFO - Processing /opt/airflow/dags/our_first_dag.py took 0.647 seconds
[2023-10-10T03:25:52.076+0000] {processor.py:157} INFO - Started process (PID=239) to work on /opt/airflow/dags/our_first_dag.py
[2023-10-10T03:25:52.080+0000] {processor.py:829} INFO - Processing file /opt/airflow/dags/our_first_dag.py for tasks to queue
[2023-10-10T03:25:52.081+0000] {logging_mixin.py:151} INFO - [2023-10-10T03:25:52.080+0000] {dagbag.py:539} INFO - Filling up the DagBag from /opt/airflow/dags/our_first_dag.py
[2023-10-10T03:25:52.100+0000] {processor.py:839} INFO - DAG(s) dict_keys(['our_first_dag_v3']) retrieved from /opt/airflow/dags/our_first_dag.py
[2023-10-10T03:25:52.137+0000] {logging_mixin.py:151} INFO - [2023-10-10T03:25:52.136+0000] {dag.py:2915} INFO - Sync 1 DAGs
[2023-10-10T03:25:52.372+0000] {logging_mixin.py:151} INFO - [2023-10-10T03:25:52.372+0000] {dag.py:3696} INFO - Setting next_dagrun for our_first_dag_v3 to 2023-10-10T00:00:00+00:00, run_after=2023-10-11T00:00:00+00:00
[2023-10-10T03:25:52.385+0000] {processor.py:179} INFO - Processing /opt/airflow/dags/our_first_dag.py took 0.314 seconds
[2023-10-10T03:26:22.749+0000] {processor.py:157} INFO - Started process (PID=256) to work on /opt/airflow/dags/our_first_dag.py
[2023-10-10T03:26:22.750+0000] {processor.py:829} INFO - Processing file /opt/airflow/dags/our_first_dag.py for tasks to queue
[2023-10-10T03:26:22.751+0000] {logging_mixin.py:151} INFO - [2023-10-10T03:26:22.751+0000] {dagbag.py:539} INFO - Filling up the DagBag from /opt/airflow/dags/our_first_dag.py
[2023-10-10T03:26:22.766+0000] {processor.py:839} INFO - DAG(s) dict_keys(['our_first_dag_v3']) retrieved from /opt/airflow/dags/our_first_dag.py
[2023-10-10T03:26:22.788+0000] {logging_mixin.py:151} INFO - [2023-10-10T03:26:22.788+0000] {dag.py:2915} INFO - Sync 1 DAGs
[2023-10-10T03:26:22.986+0000] {logging_mixin.py:151} INFO - [2023-10-10T03:26:22.986+0000] {dag.py:3696} INFO - Setting next_dagrun for our_first_dag_v3 to 2023-10-10T00:00:00+00:00, run_after=2023-10-11T00:00:00+00:00
[2023-10-10T03:26:22.997+0000] {processor.py:179} INFO - Processing /opt/airflow/dags/our_first_dag.py took 0.252 seconds
