[2023-10-13T00:55:57.343+0000] {processor.py:157} INFO - Started process (PID=162) to work on /opt/airflow/dags/create_dag_with_pythonoperator.py
[2023-10-13T00:55:57.344+0000] {processor.py:829} INFO - Processing file /opt/airflow/dags/create_dag_with_pythonoperator.py for tasks to queue
[2023-10-13T00:55:57.348+0000] {logging_mixin.py:151} INFO - [2023-10-13T00:55:57.346+0000] {dagbag.py:539} INFO - Filling up the DagBag from /opt/airflow/dags/create_dag_with_pythonoperator.py
[2023-10-13T00:55:57.420+0000] {processor.py:839} INFO - DAG(s) dict_keys(['our_first_dag_w_python_v1']) retrieved from /opt/airflow/dags/create_dag_with_pythonoperator.py
[2023-10-13T00:55:57.752+0000] {logging_mixin.py:151} INFO - [2023-10-13T00:55:57.751+0000] {security.py:708} INFO - Not syncing DAG-level permissions for DAG 'DAG:our_first_dag_w_python_v1' as access control is unset.
[2023-10-13T00:55:57.752+0000] {logging_mixin.py:151} INFO - [2023-10-13T00:55:57.752+0000] {dag.py:2915} INFO - Sync 1 DAGs
[2023-10-13T00:55:57.762+0000] {logging_mixin.py:151} INFO - [2023-10-13T00:55:57.762+0000] {dag.py:3696} INFO - Setting next_dagrun for our_first_dag_w_python_v1 to 2023-10-10T00:00:00+00:00, run_after=2023-10-11T00:00:00+00:00
[2023-10-13T00:55:57.772+0000] {processor.py:179} INFO - Processing /opt/airflow/dags/create_dag_with_pythonoperator.py took 0.432 seconds
[2023-10-13T00:56:28.090+0000] {processor.py:157} INFO - Started process (PID=180) to work on /opt/airflow/dags/create_dag_with_pythonoperator.py
[2023-10-13T00:56:28.092+0000] {processor.py:829} INFO - Processing file /opt/airflow/dags/create_dag_with_pythonoperator.py for tasks to queue
[2023-10-13T00:56:28.098+0000] {logging_mixin.py:151} INFO - [2023-10-13T00:56:28.097+0000] {dagbag.py:539} INFO - Filling up the DagBag from /opt/airflow/dags/create_dag_with_pythonoperator.py
[2023-10-13T00:56:28.124+0000] {processor.py:839} INFO - DAG(s) dict_keys(['our_first_dag_w_python_v1']) retrieved from /opt/airflow/dags/create_dag_with_pythonoperator.py
[2023-10-13T00:56:28.161+0000] {logging_mixin.py:151} INFO - [2023-10-13T00:56:28.161+0000] {dag.py:2915} INFO - Sync 1 DAGs
[2023-10-13T00:56:28.178+0000] {logging_mixin.py:151} INFO - [2023-10-13T00:56:28.178+0000] {dag.py:3696} INFO - Setting next_dagrun for our_first_dag_w_python_v1 to 2023-10-10T00:00:00+00:00, run_after=2023-10-11T00:00:00+00:00
[2023-10-13T00:56:28.188+0000] {processor.py:179} INFO - Processing /opt/airflow/dags/create_dag_with_pythonoperator.py took 0.108 seconds
[2023-10-13T00:56:42.317+0000] {processor.py:157} INFO - Started process (PID=190) to work on /opt/airflow/dags/create_dag_with_pythonoperator.py
[2023-10-13T00:56:42.320+0000] {processor.py:829} INFO - Processing file /opt/airflow/dags/create_dag_with_pythonoperator.py for tasks to queue
[2023-10-13T00:56:42.322+0000] {logging_mixin.py:151} INFO - [2023-10-13T00:56:42.321+0000] {dagbag.py:539} INFO - Filling up the DagBag from /opt/airflow/dags/create_dag_with_pythonoperator.py
[2023-10-13T00:56:42.350+0000] {processor.py:839} INFO - DAG(s) dict_keys(['our_first_dag_w_python_v2']) retrieved from /opt/airflow/dags/create_dag_with_pythonoperator.py
[2023-10-13T00:56:42.527+0000] {logging_mixin.py:151} INFO - [2023-10-13T00:56:42.527+0000] {manager.py:499} INFO - Created Permission View: %s
[2023-10-13T00:56:42.530+0000] {logging_mixin.py:151} INFO - [2023-10-13T00:56:42.530+0000] {manager.py:499} INFO - Created Permission View: %s
[2023-10-13T00:56:42.532+0000] {logging_mixin.py:151} INFO - [2023-10-13T00:56:42.532+0000] {manager.py:499} INFO - Created Permission View: %s
[2023-10-13T00:56:42.533+0000] {logging_mixin.py:151} INFO - [2023-10-13T00:56:42.533+0000] {security.py:708} INFO - Not syncing DAG-level permissions for DAG 'DAG:our_first_dag_w_python_v2' as access control is unset.
[2023-10-13T00:56:42.533+0000] {logging_mixin.py:151} INFO - [2023-10-13T00:56:42.533+0000] {dag.py:2915} INFO - Sync 1 DAGs
[2023-10-13T00:56:42.537+0000] {logging_mixin.py:151} INFO - [2023-10-13T00:56:42.537+0000] {dag.py:2937} INFO - Creating ORM DAG for our_first_dag_w_python_v2
[2023-10-13T00:56:42.542+0000] {logging_mixin.py:151} INFO - [2023-10-13T00:56:42.542+0000] {dag.py:3696} INFO - Setting next_dagrun for our_first_dag_w_python_v2 to 2023-09-30T00:00:00+00:00, run_after=2023-10-01T00:00:00+00:00
[2023-10-13T00:56:42.548+0000] {processor.py:179} INFO - Processing /opt/airflow/dags/create_dag_with_pythonoperator.py took 0.246 seconds
[2023-10-13T00:57:12.801+0000] {processor.py:157} INFO - Started process (PID=233) to work on /opt/airflow/dags/create_dag_with_pythonoperator.py
[2023-10-13T00:57:12.803+0000] {processor.py:829} INFO - Processing file /opt/airflow/dags/create_dag_with_pythonoperator.py for tasks to queue
[2023-10-13T00:57:12.808+0000] {logging_mixin.py:151} INFO - [2023-10-13T00:57:12.807+0000] {dagbag.py:539} INFO - Filling up the DagBag from /opt/airflow/dags/create_dag_with_pythonoperator.py
[2023-10-13T00:57:12.842+0000] {processor.py:839} INFO - DAG(s) dict_keys(['our_first_dag_w_python_v2']) retrieved from /opt/airflow/dags/create_dag_with_pythonoperator.py
[2023-10-13T00:57:12.895+0000] {logging_mixin.py:151} INFO - [2023-10-13T00:57:12.895+0000] {dag.py:2915} INFO - Sync 1 DAGs
[2023-10-13T00:57:12.938+0000] {logging_mixin.py:151} INFO - [2023-10-13T00:57:12.938+0000] {dag.py:3696} INFO - Setting next_dagrun for our_first_dag_w_python_v2 to 2023-10-13T00:00:00+00:00, run_after=2023-10-14T00:00:00+00:00
[2023-10-13T00:57:13.136+0000] {processor.py:179} INFO - Processing /opt/airflow/dags/create_dag_with_pythonoperator.py took 0.342 seconds
[2023-10-13T00:57:43.603+0000] {processor.py:157} INFO - Started process (PID=250) to work on /opt/airflow/dags/create_dag_with_pythonoperator.py
[2023-10-13T00:57:43.606+0000] {processor.py:829} INFO - Processing file /opt/airflow/dags/create_dag_with_pythonoperator.py for tasks to queue
[2023-10-13T00:57:43.612+0000] {logging_mixin.py:151} INFO - [2023-10-13T00:57:43.611+0000] {dagbag.py:539} INFO - Filling up the DagBag from /opt/airflow/dags/create_dag_with_pythonoperator.py
[2023-10-13T00:57:43.641+0000] {processor.py:839} INFO - DAG(s) dict_keys(['our_first_dag_w_python_v2']) retrieved from /opt/airflow/dags/create_dag_with_pythonoperator.py
[2023-10-13T00:57:43.686+0000] {logging_mixin.py:151} INFO - [2023-10-13T00:57:43.686+0000] {dag.py:2915} INFO - Sync 1 DAGs
[2023-10-13T00:57:43.862+0000] {logging_mixin.py:151} INFO - [2023-10-13T00:57:43.862+0000] {dag.py:3696} INFO - Setting next_dagrun for our_first_dag_w_python_v2 to 2023-10-13T00:00:00+00:00, run_after=2023-10-14T00:00:00+00:00
[2023-10-13T00:57:43.869+0000] {processor.py:179} INFO - Processing /opt/airflow/dags/create_dag_with_pythonoperator.py took 0.277 seconds
[2023-10-13T00:58:14.257+0000] {processor.py:157} INFO - Started process (PID=267) to work on /opt/airflow/dags/create_dag_with_pythonoperator.py
[2023-10-13T00:58:14.259+0000] {processor.py:829} INFO - Processing file /opt/airflow/dags/create_dag_with_pythonoperator.py for tasks to queue
[2023-10-13T00:58:14.261+0000] {logging_mixin.py:151} INFO - [2023-10-13T00:58:14.260+0000] {dagbag.py:539} INFO - Filling up the DagBag from /opt/airflow/dags/create_dag_with_pythonoperator.py
[2023-10-13T00:58:14.293+0000] {processor.py:839} INFO - DAG(s) dict_keys(['our_first_dag_w_python_v2']) retrieved from /opt/airflow/dags/create_dag_with_pythonoperator.py
[2023-10-13T00:58:14.497+0000] {logging_mixin.py:151} INFO - [2023-10-13T00:58:14.496+0000] {dag.py:2915} INFO - Sync 1 DAGs
[2023-10-13T00:58:14.507+0000] {logging_mixin.py:151} INFO - [2023-10-13T00:58:14.507+0000] {dag.py:3696} INFO - Setting next_dagrun for our_first_dag_w_python_v2 to 2023-10-13T00:00:00+00:00, run_after=2023-10-14T00:00:00+00:00
[2023-10-13T00:58:14.514+0000] {processor.py:179} INFO - Processing /opt/airflow/dags/create_dag_with_pythonoperator.py took 0.265 seconds
[2023-10-13T00:58:44.946+0000] {processor.py:157} INFO - Started process (PID=284) to work on /opt/airflow/dags/create_dag_with_pythonoperator.py
[2023-10-13T00:58:44.949+0000] {processor.py:829} INFO - Processing file /opt/airflow/dags/create_dag_with_pythonoperator.py for tasks to queue
[2023-10-13T00:58:44.950+0000] {logging_mixin.py:151} INFO - [2023-10-13T00:58:44.949+0000] {dagbag.py:539} INFO - Filling up the DagBag from /opt/airflow/dags/create_dag_with_pythonoperator.py
[2023-10-13T00:58:44.999+0000] {processor.py:839} INFO - DAG(s) dict_keys(['our_first_dag_w_python_v2']) retrieved from /opt/airflow/dags/create_dag_with_pythonoperator.py
[2023-10-13T00:58:45.195+0000] {logging_mixin.py:151} INFO - [2023-10-13T00:58:45.194+0000] {dag.py:2915} INFO - Sync 1 DAGs
[2023-10-13T00:58:45.205+0000] {logging_mixin.py:151} INFO - [2023-10-13T00:58:45.205+0000] {dag.py:3696} INFO - Setting next_dagrun for our_first_dag_w_python_v2 to 2023-10-13T00:00:00+00:00, run_after=2023-10-14T00:00:00+00:00
[2023-10-13T00:58:45.212+0000] {processor.py:179} INFO - Processing /opt/airflow/dags/create_dag_with_pythonoperator.py took 0.273 seconds
[2023-10-13T00:59:15.554+0000] {processor.py:157} INFO - Started process (PID=300) to work on /opt/airflow/dags/create_dag_with_pythonoperator.py
[2023-10-13T00:59:15.555+0000] {processor.py:829} INFO - Processing file /opt/airflow/dags/create_dag_with_pythonoperator.py for tasks to queue
[2023-10-13T00:59:15.556+0000] {logging_mixin.py:151} INFO - [2023-10-13T00:59:15.555+0000] {dagbag.py:539} INFO - Filling up the DagBag from /opt/airflow/dags/create_dag_with_pythonoperator.py
[2023-10-13T00:59:15.579+0000] {processor.py:839} INFO - DAG(s) dict_keys(['our_first_dag_w_python_v2']) retrieved from /opt/airflow/dags/create_dag_with_pythonoperator.py
[2023-10-13T00:59:15.609+0000] {logging_mixin.py:151} INFO - [2023-10-13T00:59:15.609+0000] {dag.py:2915} INFO - Sync 1 DAGs
[2023-10-13T00:59:15.622+0000] {logging_mixin.py:151} INFO - [2023-10-13T00:59:15.622+0000] {dag.py:3696} INFO - Setting next_dagrun for our_first_dag_w_python_v2 to 2023-10-13T00:00:00+00:00, run_after=2023-10-14T00:00:00+00:00
[2023-10-13T00:59:15.630+0000] {processor.py:179} INFO - Processing /opt/airflow/dags/create_dag_with_pythonoperator.py took 0.080 seconds
[2023-10-13T00:59:46.002+0000] {processor.py:157} INFO - Started process (PID=317) to work on /opt/airflow/dags/create_dag_with_pythonoperator.py
[2023-10-13T00:59:46.003+0000] {processor.py:829} INFO - Processing file /opt/airflow/dags/create_dag_with_pythonoperator.py for tasks to queue
[2023-10-13T00:59:46.004+0000] {logging_mixin.py:151} INFO - [2023-10-13T00:59:46.004+0000] {dagbag.py:539} INFO - Filling up the DagBag from /opt/airflow/dags/create_dag_with_pythonoperator.py
[2023-10-13T00:59:46.026+0000] {processor.py:839} INFO - DAG(s) dict_keys(['our_first_dag_w_python_v2']) retrieved from /opt/airflow/dags/create_dag_with_pythonoperator.py
[2023-10-13T00:59:46.060+0000] {logging_mixin.py:151} INFO - [2023-10-13T00:59:46.060+0000] {dag.py:2915} INFO - Sync 1 DAGs
[2023-10-13T00:59:46.089+0000] {logging_mixin.py:151} INFO - [2023-10-13T00:59:46.089+0000] {dag.py:3696} INFO - Setting next_dagrun for our_first_dag_w_python_v2 to 2023-10-13T00:00:00+00:00, run_after=2023-10-14T00:00:00+00:00
[2023-10-13T00:59:46.100+0000] {processor.py:179} INFO - Processing /opt/airflow/dags/create_dag_with_pythonoperator.py took 0.106 seconds
[2023-10-13T01:00:16.520+0000] {processor.py:157} INFO - Started process (PID=334) to work on /opt/airflow/dags/create_dag_with_pythonoperator.py
[2023-10-13T01:00:16.522+0000] {processor.py:829} INFO - Processing file /opt/airflow/dags/create_dag_with_pythonoperator.py for tasks to queue
[2023-10-13T01:00:16.523+0000] {logging_mixin.py:151} INFO - [2023-10-13T01:00:16.523+0000] {dagbag.py:539} INFO - Filling up the DagBag from /opt/airflow/dags/create_dag_with_pythonoperator.py
[2023-10-13T01:00:16.544+0000] {processor.py:839} INFO - DAG(s) dict_keys(['our_first_dag_w_python_v2']) retrieved from /opt/airflow/dags/create_dag_with_pythonoperator.py
[2023-10-13T01:00:16.575+0000] {logging_mixin.py:151} INFO - [2023-10-13T01:00:16.575+0000] {dag.py:2915} INFO - Sync 1 DAGs
[2023-10-13T01:00:16.593+0000] {logging_mixin.py:151} INFO - [2023-10-13T01:00:16.593+0000] {dag.py:3696} INFO - Setting next_dagrun for our_first_dag_w_python_v2 to 2023-10-13T00:00:00+00:00, run_after=2023-10-14T00:00:00+00:00
[2023-10-13T01:00:16.601+0000] {processor.py:179} INFO - Processing /opt/airflow/dags/create_dag_with_pythonoperator.py took 0.090 seconds
[2023-10-13T01:00:47.059+0000] {processor.py:157} INFO - Started process (PID=351) to work on /opt/airflow/dags/create_dag_with_pythonoperator.py
[2023-10-13T01:00:47.061+0000] {processor.py:829} INFO - Processing file /opt/airflow/dags/create_dag_with_pythonoperator.py for tasks to queue
[2023-10-13T01:00:47.063+0000] {logging_mixin.py:151} INFO - [2023-10-13T01:00:47.062+0000] {dagbag.py:539} INFO - Filling up the DagBag from /opt/airflow/dags/create_dag_with_pythonoperator.py
[2023-10-13T01:00:47.092+0000] {processor.py:839} INFO - DAG(s) dict_keys(['our_first_dag_w_python_v2']) retrieved from /opt/airflow/dags/create_dag_with_pythonoperator.py
[2023-10-13T01:00:47.131+0000] {logging_mixin.py:151} INFO - [2023-10-13T01:00:47.131+0000] {dag.py:2915} INFO - Sync 1 DAGs
[2023-10-13T01:00:47.146+0000] {logging_mixin.py:151} INFO - [2023-10-13T01:00:47.146+0000] {dag.py:3696} INFO - Setting next_dagrun for our_first_dag_w_python_v2 to 2023-10-13T00:00:00+00:00, run_after=2023-10-14T00:00:00+00:00
[2023-10-13T01:00:47.155+0000] {processor.py:179} INFO - Processing /opt/airflow/dags/create_dag_with_pythonoperator.py took 0.105 seconds
[2023-10-13T01:00:55.249+0000] {processor.py:157} INFO - Started process (PID=364) to work on /opt/airflow/dags/create_dag_with_pythonoperator.py
[2023-10-13T01:00:55.250+0000] {processor.py:829} INFO - Processing file /opt/airflow/dags/create_dag_with_pythonoperator.py for tasks to queue
[2023-10-13T01:00:55.251+0000] {logging_mixin.py:151} INFO - [2023-10-13T01:00:55.250+0000] {dagbag.py:539} INFO - Filling up the DagBag from /opt/airflow/dags/create_dag_with_pythonoperator.py
[2023-10-13T01:00:55.266+0000] {processor.py:839} INFO - DAG(s) dict_keys(['our_first_dag_w_python_v3']) retrieved from /opt/airflow/dags/create_dag_with_pythonoperator.py
[2023-10-13T01:00:55.366+0000] {logging_mixin.py:151} INFO - [2023-10-13T01:00:55.366+0000] {manager.py:499} INFO - Created Permission View: %s
[2023-10-13T01:00:55.369+0000] {logging_mixin.py:151} INFO - [2023-10-13T01:00:55.369+0000] {manager.py:499} INFO - Created Permission View: %s
[2023-10-13T01:00:55.371+0000] {logging_mixin.py:151} INFO - [2023-10-13T01:00:55.371+0000] {manager.py:499} INFO - Created Permission View: %s
[2023-10-13T01:00:55.372+0000] {logging_mixin.py:151} INFO - [2023-10-13T01:00:55.371+0000] {security.py:708} INFO - Not syncing DAG-level permissions for DAG 'DAG:our_first_dag_w_python_v3' as access control is unset.
[2023-10-13T01:00:55.372+0000] {logging_mixin.py:151} INFO - [2023-10-13T01:00:55.372+0000] {dag.py:2915} INFO - Sync 1 DAGs
[2023-10-13T01:00:55.377+0000] {logging_mixin.py:151} INFO - [2023-10-13T01:00:55.377+0000] {dag.py:2937} INFO - Creating ORM DAG for our_first_dag_w_python_v3
[2023-10-13T01:00:55.381+0000] {logging_mixin.py:151} INFO - [2023-10-13T01:00:55.381+0000] {dag.py:3696} INFO - Setting next_dagrun for our_first_dag_w_python_v3 to 2023-09-30T00:00:00+00:00, run_after=2023-10-01T00:00:00+00:00
[2023-10-13T01:00:55.388+0000] {processor.py:179} INFO - Processing /opt/airflow/dags/create_dag_with_pythonoperator.py took 0.143 seconds
[2023-10-13T01:01:26.341+0000] {processor.py:157} INFO - Started process (PID=407) to work on /opt/airflow/dags/create_dag_with_pythonoperator.py
[2023-10-13T01:01:26.343+0000] {processor.py:829} INFO - Processing file /opt/airflow/dags/create_dag_with_pythonoperator.py for tasks to queue
[2023-10-13T01:01:26.344+0000] {logging_mixin.py:151} INFO - [2023-10-13T01:01:26.343+0000] {dagbag.py:539} INFO - Filling up the DagBag from /opt/airflow/dags/create_dag_with_pythonoperator.py
[2023-10-13T01:01:26.374+0000] {processor.py:839} INFO - DAG(s) dict_keys(['our_first_dag_w_python_v3']) retrieved from /opt/airflow/dags/create_dag_with_pythonoperator.py
[2023-10-13T01:01:26.412+0000] {logging_mixin.py:151} INFO - [2023-10-13T01:01:26.412+0000] {dag.py:2915} INFO - Sync 1 DAGs
[2023-10-13T01:01:26.427+0000] {logging_mixin.py:151} INFO - [2023-10-13T01:01:26.427+0000] {dag.py:3696} INFO - Setting next_dagrun for our_first_dag_w_python_v3 to 2023-10-13T00:00:00+00:00, run_after=2023-10-14T00:00:00+00:00
[2023-10-13T01:01:26.436+0000] {processor.py:179} INFO - Processing /opt/airflow/dags/create_dag_with_pythonoperator.py took 0.102 seconds
[2023-10-13T01:01:56.877+0000] {processor.py:157} INFO - Started process (PID=424) to work on /opt/airflow/dags/create_dag_with_pythonoperator.py
[2023-10-13T01:01:56.878+0000] {processor.py:829} INFO - Processing file /opt/airflow/dags/create_dag_with_pythonoperator.py for tasks to queue
[2023-10-13T01:01:56.879+0000] {logging_mixin.py:151} INFO - [2023-10-13T01:01:56.879+0000] {dagbag.py:539} INFO - Filling up the DagBag from /opt/airflow/dags/create_dag_with_pythonoperator.py
[2023-10-13T01:01:56.900+0000] {processor.py:839} INFO - DAG(s) dict_keys(['our_first_dag_w_python_v3']) retrieved from /opt/airflow/dags/create_dag_with_pythonoperator.py
[2023-10-13T01:01:56.935+0000] {logging_mixin.py:151} INFO - [2023-10-13T01:01:56.935+0000] {dag.py:2915} INFO - Sync 1 DAGs
[2023-10-13T01:01:56.951+0000] {logging_mixin.py:151} INFO - [2023-10-13T01:01:56.951+0000] {dag.py:3696} INFO - Setting next_dagrun for our_first_dag_w_python_v3 to 2023-10-13T00:00:00+00:00, run_after=2023-10-14T00:00:00+00:00
[2023-10-13T01:01:56.966+0000] {processor.py:179} INFO - Processing /opt/airflow/dags/create_dag_with_pythonoperator.py took 0.092 seconds
[2023-10-13T01:02:27.357+0000] {processor.py:157} INFO - Started process (PID=441) to work on /opt/airflow/dags/create_dag_with_pythonoperator.py
[2023-10-13T01:02:27.361+0000] {processor.py:829} INFO - Processing file /opt/airflow/dags/create_dag_with_pythonoperator.py for tasks to queue
[2023-10-13T01:02:27.363+0000] {logging_mixin.py:151} INFO - [2023-10-13T01:02:27.362+0000] {dagbag.py:539} INFO - Filling up the DagBag from /opt/airflow/dags/create_dag_with_pythonoperator.py
[2023-10-13T01:02:27.384+0000] {processor.py:839} INFO - DAG(s) dict_keys(['our_first_dag_w_python_v3']) retrieved from /opt/airflow/dags/create_dag_with_pythonoperator.py
[2023-10-13T01:02:27.425+0000] {logging_mixin.py:151} INFO - [2023-10-13T01:02:27.425+0000] {dag.py:2915} INFO - Sync 1 DAGs
[2023-10-13T01:02:27.439+0000] {logging_mixin.py:151} INFO - [2023-10-13T01:02:27.439+0000] {dag.py:3696} INFO - Setting next_dagrun for our_first_dag_w_python_v3 to 2023-10-13T00:00:00+00:00, run_after=2023-10-14T00:00:00+00:00
[2023-10-13T01:02:27.448+0000] {processor.py:179} INFO - Processing /opt/airflow/dags/create_dag_with_pythonoperator.py took 0.104 seconds
[2023-10-13T01:02:57.926+0000] {processor.py:157} INFO - Started process (PID=458) to work on /opt/airflow/dags/create_dag_with_pythonoperator.py
[2023-10-13T01:02:57.935+0000] {processor.py:829} INFO - Processing file /opt/airflow/dags/create_dag_with_pythonoperator.py for tasks to queue
[2023-10-13T01:02:57.946+0000] {logging_mixin.py:151} INFO - [2023-10-13T01:02:57.939+0000] {dagbag.py:539} INFO - Filling up the DagBag from /opt/airflow/dags/create_dag_with_pythonoperator.py
[2023-10-13T01:02:57.970+0000] {processor.py:839} INFO - DAG(s) dict_keys(['our_first_dag_w_python_v3']) retrieved from /opt/airflow/dags/create_dag_with_pythonoperator.py
[2023-10-13T01:02:58.005+0000] {logging_mixin.py:151} INFO - [2023-10-13T01:02:58.005+0000] {dag.py:2915} INFO - Sync 1 DAGs
[2023-10-13T01:02:58.022+0000] {logging_mixin.py:151} INFO - [2023-10-13T01:02:58.021+0000] {dag.py:3696} INFO - Setting next_dagrun for our_first_dag_w_python_v3 to 2023-10-13T00:00:00+00:00, run_after=2023-10-14T00:00:00+00:00
[2023-10-13T01:02:58.031+0000] {processor.py:179} INFO - Processing /opt/airflow/dags/create_dag_with_pythonoperator.py took 0.112 seconds
[2023-10-13T01:03:27.498+0000] {processor.py:157} INFO - Started process (PID=475) to work on /opt/airflow/dags/create_dag_with_pythonoperator.py
[2023-10-13T01:03:27.500+0000] {processor.py:829} INFO - Processing file /opt/airflow/dags/create_dag_with_pythonoperator.py for tasks to queue
[2023-10-13T01:03:27.502+0000] {logging_mixin.py:151} INFO - [2023-10-13T01:03:27.501+0000] {dagbag.py:539} INFO - Filling up the DagBag from /opt/airflow/dags/create_dag_with_pythonoperator.py
[2023-10-13T01:03:27.538+0000] {processor.py:839} INFO - DAG(s) dict_keys(['our_first_dag_w_python_v3']) retrieved from /opt/airflow/dags/create_dag_with_pythonoperator.py
[2023-10-13T01:03:27.576+0000] {logging_mixin.py:151} INFO - [2023-10-13T01:03:27.576+0000] {dag.py:2915} INFO - Sync 1 DAGs
[2023-10-13T01:03:27.603+0000] {logging_mixin.py:151} INFO - [2023-10-13T01:03:27.603+0000] {dag.py:3696} INFO - Setting next_dagrun for our_first_dag_w_python_v3 to 2023-10-13T00:00:00+00:00, run_after=2023-10-14T00:00:00+00:00
[2023-10-13T01:03:27.618+0000] {processor.py:179} INFO - Processing /opt/airflow/dags/create_dag_with_pythonoperator.py took 0.126 seconds
[2023-10-13T01:03:37.701+0000] {processor.py:157} INFO - Started process (PID=480) to work on /opt/airflow/dags/create_dag_with_pythonoperator.py
[2023-10-13T01:03:37.703+0000] {processor.py:829} INFO - Processing file /opt/airflow/dags/create_dag_with_pythonoperator.py for tasks to queue
[2023-10-13T01:03:37.708+0000] {logging_mixin.py:151} INFO - [2023-10-13T01:03:37.704+0000] {dagbag.py:539} INFO - Filling up the DagBag from /opt/airflow/dags/create_dag_with_pythonoperator.py
[2023-10-13T01:03:37.740+0000] {processor.py:839} INFO - DAG(s) dict_keys(['our_first_dag_w_python_v3']) retrieved from /opt/airflow/dags/create_dag_with_pythonoperator.py
[2023-10-13T01:03:37.936+0000] {logging_mixin.py:151} INFO - [2023-10-13T01:03:37.936+0000] {security.py:708} INFO - Not syncing DAG-level permissions for DAG 'DAG:our_first_dag_w_python_v3' as access control is unset.
[2023-10-13T01:03:37.937+0000] {logging_mixin.py:151} INFO - [2023-10-13T01:03:37.937+0000] {dag.py:2915} INFO - Sync 1 DAGs
[2023-10-13T01:03:37.948+0000] {logging_mixin.py:151} INFO - [2023-10-13T01:03:37.947+0000] {dag.py:3696} INFO - Setting next_dagrun for our_first_dag_w_python_v3 to 2023-10-13T00:00:00+00:00, run_after=2023-10-14T00:00:00+00:00
[2023-10-13T01:03:37.958+0000] {processor.py:179} INFO - Processing /opt/airflow/dags/create_dag_with_pythonoperator.py took 0.270 seconds
[2023-10-13T01:04:08.453+0000] {processor.py:157} INFO - Started process (PID=497) to work on /opt/airflow/dags/create_dag_with_pythonoperator.py
[2023-10-13T01:04:08.454+0000] {processor.py:829} INFO - Processing file /opt/airflow/dags/create_dag_with_pythonoperator.py for tasks to queue
[2023-10-13T01:04:08.456+0000] {logging_mixin.py:151} INFO - [2023-10-13T01:04:08.455+0000] {dagbag.py:539} INFO - Filling up the DagBag from /opt/airflow/dags/create_dag_with_pythonoperator.py
[2023-10-13T01:04:08.478+0000] {processor.py:839} INFO - DAG(s) dict_keys(['our_first_dag_w_python_v3']) retrieved from /opt/airflow/dags/create_dag_with_pythonoperator.py
[2023-10-13T01:04:08.520+0000] {logging_mixin.py:151} INFO - [2023-10-13T01:04:08.519+0000] {dag.py:2915} INFO - Sync 1 DAGs
[2023-10-13T01:04:08.537+0000] {logging_mixin.py:151} INFO - [2023-10-13T01:04:08.537+0000] {dag.py:3696} INFO - Setting next_dagrun for our_first_dag_w_python_v3 to 2023-10-13T00:00:00+00:00, run_after=2023-10-14T00:00:00+00:00
[2023-10-13T01:04:08.546+0000] {processor.py:179} INFO - Processing /opt/airflow/dags/create_dag_with_pythonoperator.py took 0.102 seconds
[2023-10-13T01:04:23.681+0000] {processor.py:157} INFO - Started process (PID=507) to work on /opt/airflow/dags/create_dag_with_pythonoperator.py
[2023-10-13T01:04:23.684+0000] {processor.py:829} INFO - Processing file /opt/airflow/dags/create_dag_with_pythonoperator.py for tasks to queue
[2023-10-13T01:04:23.685+0000] {logging_mixin.py:151} INFO - [2023-10-13T01:04:23.685+0000] {dagbag.py:539} INFO - Filling up the DagBag from /opt/airflow/dags/create_dag_with_pythonoperator.py
[2023-10-13T01:04:23.717+0000] {processor.py:839} INFO - DAG(s) dict_keys(['our_first_dag_w_python_v4']) retrieved from /opt/airflow/dags/create_dag_with_pythonoperator.py
[2023-10-13T01:04:23.883+0000] {logging_mixin.py:151} INFO - [2023-10-13T01:04:23.883+0000] {manager.py:499} INFO - Created Permission View: %s
[2023-10-13T01:04:23.887+0000] {logging_mixin.py:151} INFO - [2023-10-13T01:04:23.887+0000] {manager.py:499} INFO - Created Permission View: %s
[2023-10-13T01:04:23.890+0000] {logging_mixin.py:151} INFO - [2023-10-13T01:04:23.890+0000] {manager.py:499} INFO - Created Permission View: %s
[2023-10-13T01:04:23.891+0000] {logging_mixin.py:151} INFO - [2023-10-13T01:04:23.891+0000] {security.py:708} INFO - Not syncing DAG-level permissions for DAG 'DAG:our_first_dag_w_python_v4' as access control is unset.
[2023-10-13T01:04:23.891+0000] {logging_mixin.py:151} INFO - [2023-10-13T01:04:23.891+0000] {dag.py:2915} INFO - Sync 1 DAGs
[2023-10-13T01:04:23.900+0000] {logging_mixin.py:151} INFO - [2023-10-13T01:04:23.900+0000] {dag.py:2937} INFO - Creating ORM DAG for our_first_dag_w_python_v4
[2023-10-13T01:04:23.907+0000] {logging_mixin.py:151} INFO - [2023-10-13T01:04:23.907+0000] {dag.py:3696} INFO - Setting next_dagrun for our_first_dag_w_python_v4 to 2023-09-30T00:00:00+00:00, run_after=2023-10-01T00:00:00+00:00
[2023-10-13T01:04:23.918+0000] {processor.py:179} INFO - Processing /opt/airflow/dags/create_dag_with_pythonoperator.py took 0.246 seconds
[2023-10-13T01:04:54.129+0000] {processor.py:157} INFO - Started process (PID=576) to work on /opt/airflow/dags/create_dag_with_pythonoperator.py
[2023-10-13T01:04:54.131+0000] {processor.py:829} INFO - Processing file /opt/airflow/dags/create_dag_with_pythonoperator.py for tasks to queue
[2023-10-13T01:04:54.132+0000] {logging_mixin.py:151} INFO - [2023-10-13T01:04:54.132+0000] {dagbag.py:539} INFO - Filling up the DagBag from /opt/airflow/dags/create_dag_with_pythonoperator.py
[2023-10-13T01:04:54.175+0000] {processor.py:839} INFO - DAG(s) dict_keys(['our_first_dag_w_python_v4']) retrieved from /opt/airflow/dags/create_dag_with_pythonoperator.py
[2023-10-13T01:04:54.228+0000] {logging_mixin.py:151} INFO - [2023-10-13T01:04:54.228+0000] {dag.py:2915} INFO - Sync 1 DAGs
[2023-10-13T01:04:54.248+0000] {logging_mixin.py:151} INFO - [2023-10-13T01:04:54.248+0000] {dag.py:3696} INFO - Setting next_dagrun for our_first_dag_w_python_v4 to 2023-10-13T00:00:00+00:00, run_after=2023-10-14T00:00:00+00:00
[2023-10-13T01:04:54.257+0000] {processor.py:179} INFO - Processing /opt/airflow/dags/create_dag_with_pythonoperator.py took 0.143 seconds
[2023-10-13T01:05:24.660+0000] {processor.py:157} INFO - Started process (PID=593) to work on /opt/airflow/dags/create_dag_with_pythonoperator.py
[2023-10-13T01:05:24.662+0000] {processor.py:829} INFO - Processing file /opt/airflow/dags/create_dag_with_pythonoperator.py for tasks to queue
[2023-10-13T01:05:24.664+0000] {logging_mixin.py:151} INFO - [2023-10-13T01:05:24.663+0000] {dagbag.py:539} INFO - Filling up the DagBag from /opt/airflow/dags/create_dag_with_pythonoperator.py
[2023-10-13T01:05:24.695+0000] {processor.py:839} INFO - DAG(s) dict_keys(['our_first_dag_w_python_v4']) retrieved from /opt/airflow/dags/create_dag_with_pythonoperator.py
[2023-10-13T01:05:24.742+0000] {logging_mixin.py:151} INFO - [2023-10-13T01:05:24.742+0000] {dag.py:2915} INFO - Sync 1 DAGs
[2023-10-13T01:05:24.763+0000] {logging_mixin.py:151} INFO - [2023-10-13T01:05:24.762+0000] {dag.py:3696} INFO - Setting next_dagrun for our_first_dag_w_python_v4 to 2023-10-13T00:00:00+00:00, run_after=2023-10-14T00:00:00+00:00
[2023-10-13T01:05:24.773+0000] {processor.py:179} INFO - Processing /opt/airflow/dags/create_dag_with_pythonoperator.py took 0.119 seconds
[2023-10-13T01:05:55.127+0000] {processor.py:157} INFO - Started process (PID=616) to work on /opt/airflow/dags/create_dag_with_pythonoperator.py
[2023-10-13T01:05:55.129+0000] {processor.py:829} INFO - Processing file /opt/airflow/dags/create_dag_with_pythonoperator.py for tasks to queue
[2023-10-13T01:05:55.133+0000] {logging_mixin.py:151} INFO - [2023-10-13T01:05:55.133+0000] {dagbag.py:539} INFO - Filling up the DagBag from /opt/airflow/dags/create_dag_with_pythonoperator.py
[2023-10-13T01:05:55.156+0000] {processor.py:839} INFO - DAG(s) dict_keys(['our_first_dag_w_python_v4']) retrieved from /opt/airflow/dags/create_dag_with_pythonoperator.py
[2023-10-13T01:05:55.180+0000] {logging_mixin.py:151} INFO - [2023-10-13T01:05:55.180+0000] {dag.py:2915} INFO - Sync 1 DAGs
[2023-10-13T01:05:55.193+0000] {logging_mixin.py:151} INFO - [2023-10-13T01:05:55.193+0000] {dag.py:3696} INFO - Setting next_dagrun for our_first_dag_w_python_v4 to 2023-10-13T00:00:00+00:00, run_after=2023-10-14T00:00:00+00:00
[2023-10-13T01:05:55.200+0000] {processor.py:179} INFO - Processing /opt/airflow/dags/create_dag_with_pythonoperator.py took 0.083 seconds
[2023-10-13T01:06:14.626+0000] {processor.py:157} INFO - Started process (PID=627) to work on /opt/airflow/dags/create_dag_with_pythonoperator.py
[2023-10-13T01:06:14.628+0000] {processor.py:829} INFO - Processing file /opt/airflow/dags/create_dag_with_pythonoperator.py for tasks to queue
[2023-10-13T01:06:14.630+0000] {logging_mixin.py:151} INFO - [2023-10-13T01:06:14.629+0000] {dagbag.py:539} INFO - Filling up the DagBag from /opt/airflow/dags/create_dag_with_pythonoperator.py
[2023-10-13T01:06:14.658+0000] {processor.py:839} INFO - DAG(s) dict_keys(['our_first_dag_w_python_v4']) retrieved from /opt/airflow/dags/create_dag_with_pythonoperator.py
[2023-10-13T01:06:14.679+0000] {logging_mixin.py:151} INFO - [2023-10-13T01:06:14.679+0000] {dag.py:2915} INFO - Sync 1 DAGs
[2023-10-13T01:06:14.691+0000] {logging_mixin.py:151} INFO - [2023-10-13T01:06:14.691+0000] {dag.py:3696} INFO - Setting next_dagrun for our_first_dag_w_python_v4 to 2023-10-13T00:00:00+00:00, run_after=2023-10-14T00:00:00+00:00
[2023-10-13T01:06:14.699+0000] {processor.py:179} INFO - Processing /opt/airflow/dags/create_dag_with_pythonoperator.py took 0.083 seconds
[2023-10-13T01:06:45.282+0000] {processor.py:157} INFO - Started process (PID=645) to work on /opt/airflow/dags/create_dag_with_pythonoperator.py
[2023-10-13T01:06:45.284+0000] {processor.py:829} INFO - Processing file /opt/airflow/dags/create_dag_with_pythonoperator.py for tasks to queue
[2023-10-13T01:06:45.286+0000] {logging_mixin.py:151} INFO - [2023-10-13T01:06:45.285+0000] {dagbag.py:539} INFO - Filling up the DagBag from /opt/airflow/dags/create_dag_with_pythonoperator.py
[2023-10-13T01:06:45.317+0000] {processor.py:839} INFO - DAG(s) dict_keys(['our_first_dag_w_python_v4']) retrieved from /opt/airflow/dags/create_dag_with_pythonoperator.py
[2023-10-13T01:06:45.356+0000] {logging_mixin.py:151} INFO - [2023-10-13T01:06:45.356+0000] {dag.py:2915} INFO - Sync 1 DAGs
[2023-10-13T01:06:45.371+0000] {logging_mixin.py:151} INFO - [2023-10-13T01:06:45.371+0000] {dag.py:3696} INFO - Setting next_dagrun for our_first_dag_w_python_v4 to 2023-10-13T00:00:00+00:00, run_after=2023-10-14T00:00:00+00:00
[2023-10-13T01:06:45.380+0000] {processor.py:179} INFO - Processing /opt/airflow/dags/create_dag_with_pythonoperator.py took 0.114 seconds
[2023-10-13T01:07:15.855+0000] {processor.py:157} INFO - Started process (PID=662) to work on /opt/airflow/dags/create_dag_with_pythonoperator.py
[2023-10-13T01:07:15.858+0000] {processor.py:829} INFO - Processing file /opt/airflow/dags/create_dag_with_pythonoperator.py for tasks to queue
[2023-10-13T01:07:15.860+0000] {logging_mixin.py:151} INFO - [2023-10-13T01:07:15.859+0000] {dagbag.py:539} INFO - Filling up the DagBag from /opt/airflow/dags/create_dag_with_pythonoperator.py
[2023-10-13T01:07:15.880+0000] {processor.py:839} INFO - DAG(s) dict_keys(['our_first_dag_w_python_v4']) retrieved from /opt/airflow/dags/create_dag_with_pythonoperator.py
[2023-10-13T01:07:15.915+0000] {logging_mixin.py:151} INFO - [2023-10-13T01:07:15.915+0000] {dag.py:2915} INFO - Sync 1 DAGs
[2023-10-13T01:07:15.953+0000] {logging_mixin.py:151} INFO - [2023-10-13T01:07:15.953+0000] {dag.py:3696} INFO - Setting next_dagrun for our_first_dag_w_python_v4 to 2023-10-13T00:00:00+00:00, run_after=2023-10-14T00:00:00+00:00
[2023-10-13T01:07:15.961+0000] {processor.py:179} INFO - Processing /opt/airflow/dags/create_dag_with_pythonoperator.py took 0.124 seconds
[2023-10-13T01:07:46.269+0000] {processor.py:157} INFO - Started process (PID=684) to work on /opt/airflow/dags/create_dag_with_pythonoperator.py
[2023-10-13T01:07:46.271+0000] {processor.py:829} INFO - Processing file /opt/airflow/dags/create_dag_with_pythonoperator.py for tasks to queue
[2023-10-13T01:07:46.272+0000] {logging_mixin.py:151} INFO - [2023-10-13T01:07:46.271+0000] {dagbag.py:539} INFO - Filling up the DagBag from /opt/airflow/dags/create_dag_with_pythonoperator.py
[2023-10-13T01:07:46.288+0000] {processor.py:839} INFO - DAG(s) dict_keys(['our_first_dag_w_python_v4']) retrieved from /opt/airflow/dags/create_dag_with_pythonoperator.py
[2023-10-13T01:07:46.311+0000] {logging_mixin.py:151} INFO - [2023-10-13T01:07:46.311+0000] {dag.py:2915} INFO - Sync 1 DAGs
[2023-10-13T01:07:46.323+0000] {logging_mixin.py:151} INFO - [2023-10-13T01:07:46.323+0000] {dag.py:3696} INFO - Setting next_dagrun for our_first_dag_w_python_v4 to 2023-10-13T00:00:00+00:00, run_after=2023-10-14T00:00:00+00:00
[2023-10-13T01:07:46.331+0000] {processor.py:179} INFO - Processing /opt/airflow/dags/create_dag_with_pythonoperator.py took 0.068 seconds
[2023-10-13T01:08:16.719+0000] {processor.py:157} INFO - Started process (PID=704) to work on /opt/airflow/dags/create_dag_with_pythonoperator.py
[2023-10-13T01:08:16.721+0000] {processor.py:829} INFO - Processing file /opt/airflow/dags/create_dag_with_pythonoperator.py for tasks to queue
[2023-10-13T01:08:16.722+0000] {logging_mixin.py:151} INFO - [2023-10-13T01:08:16.722+0000] {dagbag.py:539} INFO - Filling up the DagBag from /opt/airflow/dags/create_dag_with_pythonoperator.py
[2023-10-13T01:08:16.738+0000] {processor.py:839} INFO - DAG(s) dict_keys(['our_first_dag_w_python_v4']) retrieved from /opt/airflow/dags/create_dag_with_pythonoperator.py
[2023-10-13T01:08:16.761+0000] {logging_mixin.py:151} INFO - [2023-10-13T01:08:16.761+0000] {dag.py:2915} INFO - Sync 1 DAGs
[2023-10-13T01:08:16.773+0000] {logging_mixin.py:151} INFO - [2023-10-13T01:08:16.773+0000] {dag.py:3696} INFO - Setting next_dagrun for our_first_dag_w_python_v4 to 2023-10-13T00:00:00+00:00, run_after=2023-10-14T00:00:00+00:00
[2023-10-13T01:08:16.781+0000] {processor.py:179} INFO - Processing /opt/airflow/dags/create_dag_with_pythonoperator.py took 0.067 seconds
[2023-10-13T01:08:47.230+0000] {processor.py:157} INFO - Started process (PID=721) to work on /opt/airflow/dags/create_dag_with_pythonoperator.py
[2023-10-13T01:08:47.231+0000] {processor.py:829} INFO - Processing file /opt/airflow/dags/create_dag_with_pythonoperator.py for tasks to queue
[2023-10-13T01:08:47.233+0000] {logging_mixin.py:151} INFO - [2023-10-13T01:08:47.232+0000] {dagbag.py:539} INFO - Filling up the DagBag from /opt/airflow/dags/create_dag_with_pythonoperator.py
[2023-10-13T01:08:47.249+0000] {processor.py:839} INFO - DAG(s) dict_keys(['our_first_dag_w_python_v4']) retrieved from /opt/airflow/dags/create_dag_with_pythonoperator.py
[2023-10-13T01:08:47.272+0000] {logging_mixin.py:151} INFO - [2023-10-13T01:08:47.272+0000] {dag.py:2915} INFO - Sync 1 DAGs
[2023-10-13T01:08:47.285+0000] {logging_mixin.py:151} INFO - [2023-10-13T01:08:47.285+0000] {dag.py:3696} INFO - Setting next_dagrun for our_first_dag_w_python_v4 to 2023-10-13T00:00:00+00:00, run_after=2023-10-14T00:00:00+00:00
[2023-10-13T01:08:47.293+0000] {processor.py:179} INFO - Processing /opt/airflow/dags/create_dag_with_pythonoperator.py took 0.070 seconds
[2023-10-13T01:09:17.751+0000] {processor.py:157} INFO - Started process (PID=738) to work on /opt/airflow/dags/create_dag_with_pythonoperator.py
[2023-10-13T01:09:17.752+0000] {processor.py:829} INFO - Processing file /opt/airflow/dags/create_dag_with_pythonoperator.py for tasks to queue
[2023-10-13T01:09:17.753+0000] {logging_mixin.py:151} INFO - [2023-10-13T01:09:17.752+0000] {dagbag.py:539} INFO - Filling up the DagBag from /opt/airflow/dags/create_dag_with_pythonoperator.py
[2023-10-13T01:09:17.761+0000] {processor.py:839} INFO - DAG(s) dict_keys(['our_first_dag_w_python_v4']) retrieved from /opt/airflow/dags/create_dag_with_pythonoperator.py
[2023-10-13T01:09:17.777+0000] {logging_mixin.py:151} INFO - [2023-10-13T01:09:17.776+0000] {dag.py:2915} INFO - Sync 1 DAGs
[2023-10-13T01:09:17.795+0000] {logging_mixin.py:151} INFO - [2023-10-13T01:09:17.795+0000] {dag.py:3696} INFO - Setting next_dagrun for our_first_dag_w_python_v4 to 2023-10-13T00:00:00+00:00, run_after=2023-10-14T00:00:00+00:00
[2023-10-13T01:09:17.803+0000] {processor.py:179} INFO - Processing /opt/airflow/dags/create_dag_with_pythonoperator.py took 0.054 seconds
[2023-10-13T01:09:48.355+0000] {processor.py:157} INFO - Started process (PID=755) to work on /opt/airflow/dags/create_dag_with_pythonoperator.py
[2023-10-13T01:09:48.359+0000] {processor.py:829} INFO - Processing file /opt/airflow/dags/create_dag_with_pythonoperator.py for tasks to queue
[2023-10-13T01:09:48.361+0000] {logging_mixin.py:151} INFO - [2023-10-13T01:09:48.360+0000] {dagbag.py:539} INFO - Filling up the DagBag from /opt/airflow/dags/create_dag_with_pythonoperator.py
[2023-10-13T01:09:48.397+0000] {processor.py:839} INFO - DAG(s) dict_keys(['our_first_dag_w_python_v4']) retrieved from /opt/airflow/dags/create_dag_with_pythonoperator.py
[2023-10-13T01:09:48.435+0000] {logging_mixin.py:151} INFO - [2023-10-13T01:09:48.435+0000] {dag.py:2915} INFO - Sync 1 DAGs
[2023-10-13T01:09:48.464+0000] {logging_mixin.py:151} INFO - [2023-10-13T01:09:48.464+0000] {dag.py:3696} INFO - Setting next_dagrun for our_first_dag_w_python_v4 to 2023-10-13T00:00:00+00:00, run_after=2023-10-14T00:00:00+00:00
[2023-10-13T01:09:48.476+0000] {processor.py:179} INFO - Processing /opt/airflow/dags/create_dag_with_pythonoperator.py took 0.128 seconds
[2023-10-13T01:10:19.101+0000] {processor.py:157} INFO - Started process (PID=795) to work on /opt/airflow/dags/create_dag_with_pythonoperator.py
[2023-10-13T01:10:19.103+0000] {processor.py:829} INFO - Processing file /opt/airflow/dags/create_dag_with_pythonoperator.py for tasks to queue
[2023-10-13T01:10:19.104+0000] {logging_mixin.py:151} INFO - [2023-10-13T01:10:19.103+0000] {dagbag.py:539} INFO - Filling up the DagBag from /opt/airflow/dags/create_dag_with_pythonoperator.py
[2023-10-13T01:10:19.121+0000] {processor.py:839} INFO - DAG(s) dict_keys(['our_first_dag_w_python_v4']) retrieved from /opt/airflow/dags/create_dag_with_pythonoperator.py
[2023-10-13T01:10:19.156+0000] {logging_mixin.py:151} INFO - [2023-10-13T01:10:19.156+0000] {dag.py:2915} INFO - Sync 1 DAGs
[2023-10-13T01:10:19.170+0000] {logging_mixin.py:151} INFO - [2023-10-13T01:10:19.170+0000] {dag.py:3696} INFO - Setting next_dagrun for our_first_dag_w_python_v4 to 2023-10-13T00:00:00+00:00, run_after=2023-10-14T00:00:00+00:00
[2023-10-13T01:10:19.179+0000] {processor.py:179} INFO - Processing /opt/airflow/dags/create_dag_with_pythonoperator.py took 0.084 seconds
[2023-10-13T01:10:49.655+0000] {processor.py:157} INFO - Started process (PID=813) to work on /opt/airflow/dags/create_dag_with_pythonoperator.py
[2023-10-13T01:10:49.657+0000] {processor.py:829} INFO - Processing file /opt/airflow/dags/create_dag_with_pythonoperator.py for tasks to queue
[2023-10-13T01:10:49.659+0000] {logging_mixin.py:151} INFO - [2023-10-13T01:10:49.658+0000] {dagbag.py:539} INFO - Filling up the DagBag from /opt/airflow/dags/create_dag_with_pythonoperator.py
[2023-10-13T01:10:49.690+0000] {processor.py:839} INFO - DAG(s) dict_keys(['our_first_dag_w_python_v4']) retrieved from /opt/airflow/dags/create_dag_with_pythonoperator.py
[2023-10-13T01:10:49.730+0000] {logging_mixin.py:151} INFO - [2023-10-13T01:10:49.730+0000] {dag.py:2915} INFO - Sync 1 DAGs
[2023-10-13T01:10:49.749+0000] {logging_mixin.py:151} INFO - [2023-10-13T01:10:49.749+0000] {dag.py:3696} INFO - Setting next_dagrun for our_first_dag_w_python_v4 to 2023-10-13T00:00:00+00:00, run_after=2023-10-14T00:00:00+00:00
[2023-10-13T01:10:49.760+0000] {processor.py:179} INFO - Processing /opt/airflow/dags/create_dag_with_pythonoperator.py took 0.114 seconds
[2023-10-13T01:11:20.245+0000] {processor.py:157} INFO - Started process (PID=830) to work on /opt/airflow/dags/create_dag_with_pythonoperator.py
[2023-10-13T01:11:20.247+0000] {processor.py:829} INFO - Processing file /opt/airflow/dags/create_dag_with_pythonoperator.py for tasks to queue
[2023-10-13T01:11:20.248+0000] {logging_mixin.py:151} INFO - [2023-10-13T01:11:20.248+0000] {dagbag.py:539} INFO - Filling up the DagBag from /opt/airflow/dags/create_dag_with_pythonoperator.py
[2023-10-13T01:11:20.263+0000] {processor.py:839} INFO - DAG(s) dict_keys(['our_first_dag_w_python_v4']) retrieved from /opt/airflow/dags/create_dag_with_pythonoperator.py
[2023-10-13T01:11:20.285+0000] {logging_mixin.py:151} INFO - [2023-10-13T01:11:20.284+0000] {dag.py:2915} INFO - Sync 1 DAGs
[2023-10-13T01:11:20.296+0000] {logging_mixin.py:151} INFO - [2023-10-13T01:11:20.296+0000] {dag.py:3696} INFO - Setting next_dagrun for our_first_dag_w_python_v4 to 2023-10-13T00:00:00+00:00, run_after=2023-10-14T00:00:00+00:00
[2023-10-13T01:11:20.303+0000] {processor.py:179} INFO - Processing /opt/airflow/dags/create_dag_with_pythonoperator.py took 0.063 seconds
[2023-10-13T01:11:50.689+0000] {processor.py:157} INFO - Started process (PID=847) to work on /opt/airflow/dags/create_dag_with_pythonoperator.py
[2023-10-13T01:11:50.690+0000] {processor.py:829} INFO - Processing file /opt/airflow/dags/create_dag_with_pythonoperator.py for tasks to queue
[2023-10-13T01:11:50.691+0000] {logging_mixin.py:151} INFO - [2023-10-13T01:11:50.691+0000] {dagbag.py:539} INFO - Filling up the DagBag from /opt/airflow/dags/create_dag_with_pythonoperator.py
[2023-10-13T01:11:50.709+0000] {processor.py:839} INFO - DAG(s) dict_keys(['our_first_dag_w_python_v4']) retrieved from /opt/airflow/dags/create_dag_with_pythonoperator.py
[2023-10-13T01:11:50.733+0000] {logging_mixin.py:151} INFO - [2023-10-13T01:11:50.733+0000] {dag.py:2915} INFO - Sync 1 DAGs
[2023-10-13T01:11:50.745+0000] {logging_mixin.py:151} INFO - [2023-10-13T01:11:50.744+0000] {dag.py:3696} INFO - Setting next_dagrun for our_first_dag_w_python_v4 to 2023-10-13T00:00:00+00:00, run_after=2023-10-14T00:00:00+00:00
[2023-10-13T01:11:50.752+0000] {processor.py:179} INFO - Processing /opt/airflow/dags/create_dag_with_pythonoperator.py took 0.069 seconds
[2023-10-13T01:12:21.227+0000] {processor.py:157} INFO - Started process (PID=865) to work on /opt/airflow/dags/create_dag_with_pythonoperator.py
[2023-10-13T01:12:21.233+0000] {processor.py:829} INFO - Processing file /opt/airflow/dags/create_dag_with_pythonoperator.py for tasks to queue
[2023-10-13T01:12:21.235+0000] {logging_mixin.py:151} INFO - [2023-10-13T01:12:21.234+0000] {dagbag.py:539} INFO - Filling up the DagBag from /opt/airflow/dags/create_dag_with_pythonoperator.py
[2023-10-13T01:12:21.267+0000] {processor.py:839} INFO - DAG(s) dict_keys(['our_first_dag_w_python_v4']) retrieved from /opt/airflow/dags/create_dag_with_pythonoperator.py
[2023-10-13T01:12:21.317+0000] {logging_mixin.py:151} INFO - [2023-10-13T01:12:21.316+0000] {dag.py:2915} INFO - Sync 1 DAGs
[2023-10-13T01:12:21.343+0000] {logging_mixin.py:151} INFO - [2023-10-13T01:12:21.343+0000] {dag.py:3696} INFO - Setting next_dagrun for our_first_dag_w_python_v4 to 2023-10-13T00:00:00+00:00, run_after=2023-10-14T00:00:00+00:00
[2023-10-13T01:12:21.354+0000] {processor.py:179} INFO - Processing /opt/airflow/dags/create_dag_with_pythonoperator.py took 0.134 seconds
[2023-10-13T01:12:51.844+0000] {processor.py:157} INFO - Started process (PID=882) to work on /opt/airflow/dags/create_dag_with_pythonoperator.py
[2023-10-13T01:12:51.847+0000] {processor.py:829} INFO - Processing file /opt/airflow/dags/create_dag_with_pythonoperator.py for tasks to queue
[2023-10-13T01:12:51.848+0000] {logging_mixin.py:151} INFO - [2023-10-13T01:12:51.848+0000] {dagbag.py:539} INFO - Filling up the DagBag from /opt/airflow/dags/create_dag_with_pythonoperator.py
[2023-10-13T01:12:51.878+0000] {processor.py:839} INFO - DAG(s) dict_keys(['our_first_dag_w_python_v4']) retrieved from /opt/airflow/dags/create_dag_with_pythonoperator.py
[2023-10-13T01:12:51.911+0000] {logging_mixin.py:151} INFO - [2023-10-13T01:12:51.910+0000] {dag.py:2915} INFO - Sync 1 DAGs
[2023-10-13T01:12:51.927+0000] {logging_mixin.py:151} INFO - [2023-10-13T01:12:51.927+0000] {dag.py:3696} INFO - Setting next_dagrun for our_first_dag_w_python_v4 to 2023-10-13T00:00:00+00:00, run_after=2023-10-14T00:00:00+00:00
[2023-10-13T01:12:51.936+0000] {processor.py:179} INFO - Processing /opt/airflow/dags/create_dag_with_pythonoperator.py took 0.113 seconds
[2023-10-13T01:13:22.352+0000] {processor.py:157} INFO - Started process (PID=899) to work on /opt/airflow/dags/create_dag_with_pythonoperator.py
[2023-10-13T01:13:22.354+0000] {processor.py:829} INFO - Processing file /opt/airflow/dags/create_dag_with_pythonoperator.py for tasks to queue
[2023-10-13T01:13:22.355+0000] {logging_mixin.py:151} INFO - [2023-10-13T01:13:22.354+0000] {dagbag.py:539} INFO - Filling up the DagBag from /opt/airflow/dags/create_dag_with_pythonoperator.py
[2023-10-13T01:13:22.366+0000] {processor.py:839} INFO - DAG(s) dict_keys(['our_first_dag_w_python_v4']) retrieved from /opt/airflow/dags/create_dag_with_pythonoperator.py
[2023-10-13T01:13:22.388+0000] {logging_mixin.py:151} INFO - [2023-10-13T01:13:22.388+0000] {dag.py:2915} INFO - Sync 1 DAGs
[2023-10-13T01:13:22.400+0000] {logging_mixin.py:151} INFO - [2023-10-13T01:13:22.400+0000] {dag.py:3696} INFO - Setting next_dagrun for our_first_dag_w_python_v4 to 2023-10-13T00:00:00+00:00, run_after=2023-10-14T00:00:00+00:00
[2023-10-13T01:13:22.408+0000] {processor.py:179} INFO - Processing /opt/airflow/dags/create_dag_with_pythonoperator.py took 0.059 seconds
[2023-10-13T01:13:52.958+0000] {processor.py:157} INFO - Started process (PID=916) to work on /opt/airflow/dags/create_dag_with_pythonoperator.py
[2023-10-13T01:13:52.965+0000] {processor.py:829} INFO - Processing file /opt/airflow/dags/create_dag_with_pythonoperator.py for tasks to queue
[2023-10-13T01:13:52.968+0000] {logging_mixin.py:151} INFO - [2023-10-13T01:13:52.967+0000] {dagbag.py:539} INFO - Filling up the DagBag from /opt/airflow/dags/create_dag_with_pythonoperator.py
[2023-10-13T01:13:52.999+0000] {processor.py:839} INFO - DAG(s) dict_keys(['our_first_dag_w_python_v4']) retrieved from /opt/airflow/dags/create_dag_with_pythonoperator.py
[2023-10-13T01:13:53.041+0000] {logging_mixin.py:151} INFO - [2023-10-13T01:13:53.041+0000] {dag.py:2915} INFO - Sync 1 DAGs
[2023-10-13T01:13:53.058+0000] {logging_mixin.py:151} INFO - [2023-10-13T01:13:53.058+0000] {dag.py:3696} INFO - Setting next_dagrun for our_first_dag_w_python_v4 to 2023-10-13T00:00:00+00:00, run_after=2023-10-14T00:00:00+00:00
[2023-10-13T01:13:53.070+0000] {processor.py:179} INFO - Processing /opt/airflow/dags/create_dag_with_pythonoperator.py took 0.120 seconds
[2023-10-13T01:14:23.397+0000] {processor.py:157} INFO - Started process (PID=933) to work on /opt/airflow/dags/create_dag_with_pythonoperator.py
[2023-10-13T01:14:23.400+0000] {processor.py:829} INFO - Processing file /opt/airflow/dags/create_dag_with_pythonoperator.py for tasks to queue
[2023-10-13T01:14:23.401+0000] {logging_mixin.py:151} INFO - [2023-10-13T01:14:23.401+0000] {dagbag.py:539} INFO - Filling up the DagBag from /opt/airflow/dags/create_dag_with_pythonoperator.py
[2023-10-13T01:14:23.417+0000] {processor.py:839} INFO - DAG(s) dict_keys(['our_first_dag_w_python_v4']) retrieved from /opt/airflow/dags/create_dag_with_pythonoperator.py
[2023-10-13T01:14:23.441+0000] {logging_mixin.py:151} INFO - [2023-10-13T01:14:23.441+0000] {dag.py:2915} INFO - Sync 1 DAGs
[2023-10-13T01:14:23.454+0000] {logging_mixin.py:151} INFO - [2023-10-13T01:14:23.454+0000] {dag.py:3696} INFO - Setting next_dagrun for our_first_dag_w_python_v4 to 2023-10-13T00:00:00+00:00, run_after=2023-10-14T00:00:00+00:00
[2023-10-13T01:14:23.461+0000] {processor.py:179} INFO - Processing /opt/airflow/dags/create_dag_with_pythonoperator.py took 0.071 seconds
[2023-10-13T01:14:53.953+0000] {processor.py:157} INFO - Started process (PID=950) to work on /opt/airflow/dags/create_dag_with_pythonoperator.py
[2023-10-13T01:14:53.956+0000] {processor.py:829} INFO - Processing file /opt/airflow/dags/create_dag_with_pythonoperator.py for tasks to queue
[2023-10-13T01:14:53.957+0000] {logging_mixin.py:151} INFO - [2023-10-13T01:14:53.957+0000] {dagbag.py:539} INFO - Filling up the DagBag from /opt/airflow/dags/create_dag_with_pythonoperator.py
[2023-10-13T01:14:53.978+0000] {processor.py:839} INFO - DAG(s) dict_keys(['our_first_dag_w_python_v4']) retrieved from /opt/airflow/dags/create_dag_with_pythonoperator.py
[2023-10-13T01:14:54.003+0000] {logging_mixin.py:151} INFO - [2023-10-13T01:14:54.003+0000] {dag.py:2915} INFO - Sync 1 DAGs
[2023-10-13T01:14:54.015+0000] {logging_mixin.py:151} INFO - [2023-10-13T01:14:54.015+0000] {dag.py:3696} INFO - Setting next_dagrun for our_first_dag_w_python_v4 to 2023-10-13T00:00:00+00:00, run_after=2023-10-14T00:00:00+00:00
[2023-10-13T01:14:54.022+0000] {processor.py:179} INFO - Processing /opt/airflow/dags/create_dag_with_pythonoperator.py took 0.075 seconds
[2023-10-13T01:15:24.522+0000] {processor.py:157} INFO - Started process (PID=967) to work on /opt/airflow/dags/create_dag_with_pythonoperator.py
[2023-10-13T01:15:24.524+0000] {processor.py:829} INFO - Processing file /opt/airflow/dags/create_dag_with_pythonoperator.py for tasks to queue
[2023-10-13T01:15:24.526+0000] {logging_mixin.py:151} INFO - [2023-10-13T01:15:24.525+0000] {dagbag.py:539} INFO - Filling up the DagBag from /opt/airflow/dags/create_dag_with_pythonoperator.py
[2023-10-13T01:15:24.570+0000] {processor.py:839} INFO - DAG(s) dict_keys(['our_first_dag_w_python_v4']) retrieved from /opt/airflow/dags/create_dag_with_pythonoperator.py
[2023-10-13T01:15:24.599+0000] {logging_mixin.py:151} INFO - [2023-10-13T01:15:24.599+0000] {dag.py:2915} INFO - Sync 1 DAGs
[2023-10-13T01:15:24.615+0000] {logging_mixin.py:151} INFO - [2023-10-13T01:15:24.615+0000] {dag.py:3696} INFO - Setting next_dagrun for our_first_dag_w_python_v4 to 2023-10-13T00:00:00+00:00, run_after=2023-10-14T00:00:00+00:00
[2023-10-13T01:15:24.623+0000] {processor.py:179} INFO - Processing /opt/airflow/dags/create_dag_with_pythonoperator.py took 0.110 seconds
[2023-10-13T01:15:30.671+0000] {processor.py:157} INFO - Started process (PID=979) to work on /opt/airflow/dags/create_dag_with_pythonoperator.py
[2023-10-13T01:15:30.673+0000] {processor.py:829} INFO - Processing file /opt/airflow/dags/create_dag_with_pythonoperator.py for tasks to queue
[2023-10-13T01:15:30.675+0000] {logging_mixin.py:151} INFO - [2023-10-13T01:15:30.674+0000] {dagbag.py:539} INFO - Filling up the DagBag from /opt/airflow/dags/create_dag_with_pythonoperator.py
[2023-10-13T01:15:30.710+0000] {processor.py:839} INFO - DAG(s) dict_keys(['our_first_dag_w_python_v5']) retrieved from /opt/airflow/dags/create_dag_with_pythonoperator.py
[2023-10-13T01:15:30.842+0000] {logging_mixin.py:151} INFO - [2023-10-13T01:15:30.842+0000] {manager.py:499} INFO - Created Permission View: %s
[2023-10-13T01:15:30.846+0000] {logging_mixin.py:151} INFO - [2023-10-13T01:15:30.846+0000] {manager.py:499} INFO - Created Permission View: %s
[2023-10-13T01:15:30.848+0000] {logging_mixin.py:151} INFO - [2023-10-13T01:15:30.848+0000] {manager.py:499} INFO - Created Permission View: %s
[2023-10-13T01:15:30.848+0000] {logging_mixin.py:151} INFO - [2023-10-13T01:15:30.848+0000] {security.py:708} INFO - Not syncing DAG-level permissions for DAG 'DAG:our_first_dag_w_python_v5' as access control is unset.
[2023-10-13T01:15:30.848+0000] {logging_mixin.py:151} INFO - [2023-10-13T01:15:30.848+0000] {dag.py:2915} INFO - Sync 1 DAGs
[2023-10-13T01:15:30.854+0000] {logging_mixin.py:151} INFO - [2023-10-13T01:15:30.854+0000] {dag.py:2937} INFO - Creating ORM DAG for our_first_dag_w_python_v5
[2023-10-13T01:15:30.859+0000] {logging_mixin.py:151} INFO - [2023-10-13T01:15:30.859+0000] {dag.py:3696} INFO - Setting next_dagrun for our_first_dag_w_python_v5 to 2023-09-30T00:00:00+00:00, run_after=2023-10-01T00:00:00+00:00
[2023-10-13T01:15:30.873+0000] {processor.py:179} INFO - Processing /opt/airflow/dags/create_dag_with_pythonoperator.py took 0.209 seconds
[2023-10-13T01:16:02.416+0000] {processor.py:157} INFO - Started process (PID=1014) to work on /opt/airflow/dags/create_dag_with_pythonoperator.py
[2023-10-13T01:16:02.422+0000] {processor.py:829} INFO - Processing file /opt/airflow/dags/create_dag_with_pythonoperator.py for tasks to queue
[2023-10-13T01:16:02.458+0000] {logging_mixin.py:151} INFO - [2023-10-13T01:16:02.452+0000] {dagbag.py:539} INFO - Filling up the DagBag from /opt/airflow/dags/create_dag_with_pythonoperator.py
[2023-10-13T01:16:02.937+0000] {processor.py:839} INFO - DAG(s) dict_keys(['our_first_dag_w_python_v5']) retrieved from /opt/airflow/dags/create_dag_with_pythonoperator.py
[2023-10-13T01:16:03.479+0000] {logging_mixin.py:151} INFO - [2023-10-13T01:16:03.478+0000] {dag.py:2915} INFO - Sync 1 DAGs
[2023-10-13T01:16:03.907+0000] {logging_mixin.py:151} INFO - [2023-10-13T01:16:03.900+0000] {dag.py:3696} INFO - Setting next_dagrun for our_first_dag_w_python_v5 to 2023-10-13T00:00:00+00:00, run_after=2023-10-14T00:00:00+00:00
[2023-10-13T01:16:04.201+0000] {processor.py:179} INFO - Processing /opt/airflow/dags/create_dag_with_pythonoperator.py took 1.878 seconds
[2023-10-13T01:16:34.754+0000] {processor.py:157} INFO - Started process (PID=1064) to work on /opt/airflow/dags/create_dag_with_pythonoperator.py
[2023-10-13T01:16:34.760+0000] {processor.py:829} INFO - Processing file /opt/airflow/dags/create_dag_with_pythonoperator.py for tasks to queue
[2023-10-13T01:16:34.762+0000] {logging_mixin.py:151} INFO - [2023-10-13T01:16:34.761+0000] {dagbag.py:539} INFO - Filling up the DagBag from /opt/airflow/dags/create_dag_with_pythonoperator.py
[2023-10-13T01:16:34.790+0000] {processor.py:839} INFO - DAG(s) dict_keys(['our_first_dag_w_python_v5']) retrieved from /opt/airflow/dags/create_dag_with_pythonoperator.py
[2023-10-13T01:16:34.831+0000] {logging_mixin.py:151} INFO - [2023-10-13T01:16:34.830+0000] {dag.py:2915} INFO - Sync 1 DAGs
[2023-10-13T01:16:34.850+0000] {logging_mixin.py:151} INFO - [2023-10-13T01:16:34.850+0000] {dag.py:3696} INFO - Setting next_dagrun for our_first_dag_w_python_v5 to 2023-10-13T00:00:00+00:00, run_after=2023-10-14T00:00:00+00:00
[2023-10-13T01:16:34.861+0000] {processor.py:179} INFO - Processing /opt/airflow/dags/create_dag_with_pythonoperator.py took 0.123 seconds
[2023-10-13T01:17:05.330+0000] {processor.py:157} INFO - Started process (PID=1082) to work on /opt/airflow/dags/create_dag_with_pythonoperator.py
[2023-10-13T01:17:05.331+0000] {processor.py:829} INFO - Processing file /opt/airflow/dags/create_dag_with_pythonoperator.py for tasks to queue
[2023-10-13T01:17:05.332+0000] {logging_mixin.py:151} INFO - [2023-10-13T01:17:05.332+0000] {dagbag.py:539} INFO - Filling up the DagBag from /opt/airflow/dags/create_dag_with_pythonoperator.py
[2023-10-13T01:17:05.357+0000] {processor.py:839} INFO - DAG(s) dict_keys(['our_first_dag_w_python_v5']) retrieved from /opt/airflow/dags/create_dag_with_pythonoperator.py
[2023-10-13T01:17:05.392+0000] {logging_mixin.py:151} INFO - [2023-10-13T01:17:05.392+0000] {dag.py:2915} INFO - Sync 1 DAGs
[2023-10-13T01:17:05.414+0000] {logging_mixin.py:151} INFO - [2023-10-13T01:17:05.414+0000] {dag.py:3696} INFO - Setting next_dagrun for our_first_dag_w_python_v5 to 2023-10-13T00:00:00+00:00, run_after=2023-10-14T00:00:00+00:00
[2023-10-13T01:17:05.424+0000] {processor.py:179} INFO - Processing /opt/airflow/dags/create_dag_with_pythonoperator.py took 0.103 seconds
[2023-10-13T01:17:35.822+0000] {processor.py:157} INFO - Started process (PID=1099) to work on /opt/airflow/dags/create_dag_with_pythonoperator.py
[2023-10-13T01:17:35.825+0000] {processor.py:829} INFO - Processing file /opt/airflow/dags/create_dag_with_pythonoperator.py for tasks to queue
[2023-10-13T01:17:35.827+0000] {logging_mixin.py:151} INFO - [2023-10-13T01:17:35.826+0000] {dagbag.py:539} INFO - Filling up the DagBag from /opt/airflow/dags/create_dag_with_pythonoperator.py
[2023-10-13T01:17:35.865+0000] {processor.py:839} INFO - DAG(s) dict_keys(['our_first_dag_w_python_v5']) retrieved from /opt/airflow/dags/create_dag_with_pythonoperator.py
[2023-10-13T01:17:35.895+0000] {logging_mixin.py:151} INFO - [2023-10-13T01:17:35.895+0000] {dag.py:2915} INFO - Sync 1 DAGs
[2023-10-13T01:17:35.915+0000] {logging_mixin.py:151} INFO - [2023-10-13T01:17:35.915+0000] {dag.py:3696} INFO - Setting next_dagrun for our_first_dag_w_python_v5 to 2023-10-13T00:00:00+00:00, run_after=2023-10-14T00:00:00+00:00
[2023-10-13T01:17:35.925+0000] {processor.py:179} INFO - Processing /opt/airflow/dags/create_dag_with_pythonoperator.py took 0.113 seconds
[2023-10-13T01:18:06.351+0000] {processor.py:157} INFO - Started process (PID=1116) to work on /opt/airflow/dags/create_dag_with_pythonoperator.py
[2023-10-13T01:18:06.353+0000] {processor.py:829} INFO - Processing file /opt/airflow/dags/create_dag_with_pythonoperator.py for tasks to queue
[2023-10-13T01:18:06.355+0000] {logging_mixin.py:151} INFO - [2023-10-13T01:18:06.354+0000] {dagbag.py:539} INFO - Filling up the DagBag from /opt/airflow/dags/create_dag_with_pythonoperator.py
[2023-10-13T01:18:06.389+0000] {processor.py:839} INFO - DAG(s) dict_keys(['our_first_dag_w_python_v5']) retrieved from /opt/airflow/dags/create_dag_with_pythonoperator.py
[2023-10-13T01:18:06.417+0000] {logging_mixin.py:151} INFO - [2023-10-13T01:18:06.417+0000] {dag.py:2915} INFO - Sync 1 DAGs
[2023-10-13T01:18:06.436+0000] {logging_mixin.py:151} INFO - [2023-10-13T01:18:06.436+0000] {dag.py:3696} INFO - Setting next_dagrun for our_first_dag_w_python_v5 to 2023-10-13T00:00:00+00:00, run_after=2023-10-14T00:00:00+00:00
[2023-10-13T01:18:06.445+0000] {processor.py:179} INFO - Processing /opt/airflow/dags/create_dag_with_pythonoperator.py took 0.102 seconds
[2023-10-13T01:18:36.901+0000] {processor.py:157} INFO - Started process (PID=1133) to work on /opt/airflow/dags/create_dag_with_pythonoperator.py
[2023-10-13T01:18:36.912+0000] {processor.py:829} INFO - Processing file /opt/airflow/dags/create_dag_with_pythonoperator.py for tasks to queue
[2023-10-13T01:18:36.914+0000] {logging_mixin.py:151} INFO - [2023-10-13T01:18:36.913+0000] {dagbag.py:539} INFO - Filling up the DagBag from /opt/airflow/dags/create_dag_with_pythonoperator.py
[2023-10-13T01:18:36.957+0000] {processor.py:839} INFO - DAG(s) dict_keys(['our_first_dag_w_python_v5']) retrieved from /opt/airflow/dags/create_dag_with_pythonoperator.py
[2023-10-13T01:18:36.996+0000] {logging_mixin.py:151} INFO - [2023-10-13T01:18:36.996+0000] {dag.py:2915} INFO - Sync 1 DAGs
[2023-10-13T01:18:37.012+0000] {logging_mixin.py:151} INFO - [2023-10-13T01:18:37.012+0000] {dag.py:3696} INFO - Setting next_dagrun for our_first_dag_w_python_v5 to 2023-10-13T00:00:00+00:00, run_after=2023-10-14T00:00:00+00:00
[2023-10-13T01:18:37.020+0000] {processor.py:179} INFO - Processing /opt/airflow/dags/create_dag_with_pythonoperator.py took 0.129 seconds
[2023-10-13T01:19:07.461+0000] {processor.py:157} INFO - Started process (PID=1150) to work on /opt/airflow/dags/create_dag_with_pythonoperator.py
[2023-10-13T01:19:07.463+0000] {processor.py:829} INFO - Processing file /opt/airflow/dags/create_dag_with_pythonoperator.py for tasks to queue
[2023-10-13T01:19:07.468+0000] {logging_mixin.py:151} INFO - [2023-10-13T01:19:07.466+0000] {dagbag.py:539} INFO - Filling up the DagBag from /opt/airflow/dags/create_dag_with_pythonoperator.py
[2023-10-13T01:19:07.499+0000] {processor.py:839} INFO - DAG(s) dict_keys(['our_first_dag_w_python_v5']) retrieved from /opt/airflow/dags/create_dag_with_pythonoperator.py
[2023-10-13T01:19:07.536+0000] {logging_mixin.py:151} INFO - [2023-10-13T01:19:07.535+0000] {dag.py:2915} INFO - Sync 1 DAGs
[2023-10-13T01:19:07.554+0000] {logging_mixin.py:151} INFO - [2023-10-13T01:19:07.554+0000] {dag.py:3696} INFO - Setting next_dagrun for our_first_dag_w_python_v5 to 2023-10-13T00:00:00+00:00, run_after=2023-10-14T00:00:00+00:00
[2023-10-13T01:19:07.563+0000] {processor.py:179} INFO - Processing /opt/airflow/dags/create_dag_with_pythonoperator.py took 0.112 seconds
[2023-10-13T01:19:38.098+0000] {processor.py:157} INFO - Started process (PID=1167) to work on /opt/airflow/dags/create_dag_with_pythonoperator.py
[2023-10-13T01:19:38.101+0000] {processor.py:829} INFO - Processing file /opt/airflow/dags/create_dag_with_pythonoperator.py for tasks to queue
[2023-10-13T01:19:38.105+0000] {logging_mixin.py:151} INFO - [2023-10-13T01:19:38.105+0000] {dagbag.py:539} INFO - Filling up the DagBag from /opt/airflow/dags/create_dag_with_pythonoperator.py
[2023-10-13T01:19:38.148+0000] {processor.py:839} INFO - DAG(s) dict_keys(['our_first_dag_w_python_v5']) retrieved from /opt/airflow/dags/create_dag_with_pythonoperator.py
[2023-10-13T01:19:38.184+0000] {logging_mixin.py:151} INFO - [2023-10-13T01:19:38.184+0000] {dag.py:2915} INFO - Sync 1 DAGs
[2023-10-13T01:19:38.203+0000] {logging_mixin.py:151} INFO - [2023-10-13T01:19:38.202+0000] {dag.py:3696} INFO - Setting next_dagrun for our_first_dag_w_python_v5 to 2023-10-13T00:00:00+00:00, run_after=2023-10-14T00:00:00+00:00
[2023-10-13T01:19:38.213+0000] {processor.py:179} INFO - Processing /opt/airflow/dags/create_dag_with_pythonoperator.py took 0.124 seconds
[2023-10-13T01:20:08.717+0000] {processor.py:157} INFO - Started process (PID=1184) to work on /opt/airflow/dags/create_dag_with_pythonoperator.py
[2023-10-13T01:20:08.722+0000] {processor.py:829} INFO - Processing file /opt/airflow/dags/create_dag_with_pythonoperator.py for tasks to queue
[2023-10-13T01:20:08.731+0000] {logging_mixin.py:151} INFO - [2023-10-13T01:20:08.729+0000] {dagbag.py:539} INFO - Filling up the DagBag from /opt/airflow/dags/create_dag_with_pythonoperator.py
[2023-10-13T01:20:08.784+0000] {processor.py:839} INFO - DAG(s) dict_keys(['our_first_dag_w_python_v5']) retrieved from /opt/airflow/dags/create_dag_with_pythonoperator.py
[2023-10-13T01:20:08.839+0000] {logging_mixin.py:151} INFO - [2023-10-13T01:20:08.839+0000] {dag.py:2915} INFO - Sync 1 DAGs
[2023-10-13T01:20:08.858+0000] {logging_mixin.py:151} INFO - [2023-10-13T01:20:08.858+0000] {dag.py:3696} INFO - Setting next_dagrun for our_first_dag_w_python_v5 to 2023-10-13T00:00:00+00:00, run_after=2023-10-14T00:00:00+00:00
[2023-10-13T01:20:08.869+0000] {processor.py:179} INFO - Processing /opt/airflow/dags/create_dag_with_pythonoperator.py took 0.186 seconds
[2023-10-13T01:20:39.281+0000] {processor.py:157} INFO - Started process (PID=1200) to work on /opt/airflow/dags/create_dag_with_pythonoperator.py
[2023-10-13T01:20:39.284+0000] {processor.py:829} INFO - Processing file /opt/airflow/dags/create_dag_with_pythonoperator.py for tasks to queue
[2023-10-13T01:20:39.287+0000] {logging_mixin.py:151} INFO - [2023-10-13T01:20:39.285+0000] {dagbag.py:539} INFO - Filling up the DagBag from /opt/airflow/dags/create_dag_with_pythonoperator.py
[2023-10-13T01:20:39.335+0000] {processor.py:839} INFO - DAG(s) dict_keys(['our_first_dag_w_python_v5']) retrieved from /opt/airflow/dags/create_dag_with_pythonoperator.py
[2023-10-13T01:20:39.377+0000] {logging_mixin.py:151} INFO - [2023-10-13T01:20:39.377+0000] {dag.py:2915} INFO - Sync 1 DAGs
[2023-10-13T01:20:39.393+0000] {logging_mixin.py:151} INFO - [2023-10-13T01:20:39.393+0000] {dag.py:3696} INFO - Setting next_dagrun for our_first_dag_w_python_v5 to 2023-10-13T00:00:00+00:00, run_after=2023-10-14T00:00:00+00:00
[2023-10-13T01:20:39.404+0000] {processor.py:179} INFO - Processing /opt/airflow/dags/create_dag_with_pythonoperator.py took 0.131 seconds
[2023-10-13T01:21:07.788+0000] {processor.py:157} INFO - Started process (PID=1217) to work on /opt/airflow/dags/create_dag_with_pythonoperator.py
[2023-10-13T01:21:07.800+0000] {processor.py:829} INFO - Processing file /opt/airflow/dags/create_dag_with_pythonoperator.py for tasks to queue
[2023-10-13T01:21:07.802+0000] {logging_mixin.py:151} INFO - [2023-10-13T01:21:07.801+0000] {dagbag.py:539} INFO - Filling up the DagBag from /opt/airflow/dags/create_dag_with_pythonoperator.py
[2023-10-13T01:21:07.837+0000] {processor.py:839} INFO - DAG(s) dict_keys(['our_first_dag_w_python_v6']) retrieved from /opt/airflow/dags/create_dag_with_pythonoperator.py
[2023-10-13T01:21:08.195+0000] {logging_mixin.py:151} INFO - [2023-10-13T01:21:08.195+0000] {manager.py:499} INFO - Created Permission View: %s
[2023-10-13T01:21:08.199+0000] {logging_mixin.py:151} INFO - [2023-10-13T01:21:08.199+0000] {manager.py:499} INFO - Created Permission View: %s
[2023-10-13T01:21:08.201+0000] {logging_mixin.py:151} INFO - [2023-10-13T01:21:08.201+0000] {manager.py:499} INFO - Created Permission View: %s
[2023-10-13T01:21:08.201+0000] {logging_mixin.py:151} INFO - [2023-10-13T01:21:08.201+0000] {security.py:708} INFO - Not syncing DAG-level permissions for DAG 'DAG:our_first_dag_w_python_v6' as access control is unset.
[2023-10-13T01:21:08.202+0000] {logging_mixin.py:151} INFO - [2023-10-13T01:21:08.202+0000] {dag.py:2915} INFO - Sync 1 DAGs
[2023-10-13T01:21:08.209+0000] {logging_mixin.py:151} INFO - [2023-10-13T01:21:08.208+0000] {dag.py:2937} INFO - Creating ORM DAG for our_first_dag_w_python_v6
[2023-10-13T01:21:08.215+0000] {logging_mixin.py:151} INFO - [2023-10-13T01:21:08.215+0000] {dag.py:3696} INFO - Setting next_dagrun for our_first_dag_w_python_v6 to 2023-09-30T00:00:00+00:00, run_after=2023-10-01T00:00:00+00:00
[2023-10-13T01:21:08.223+0000] {processor.py:179} INFO - Processing /opt/airflow/dags/create_dag_with_pythonoperator.py took 0.442 seconds
[2023-10-13T01:21:38.850+0000] {processor.py:157} INFO - Started process (PID=1301) to work on /opt/airflow/dags/create_dag_with_pythonoperator.py
[2023-10-13T01:21:38.857+0000] {processor.py:829} INFO - Processing file /opt/airflow/dags/create_dag_with_pythonoperator.py for tasks to queue
[2023-10-13T01:21:38.868+0000] {logging_mixin.py:151} INFO - [2023-10-13T01:21:38.863+0000] {dagbag.py:539} INFO - Filling up the DagBag from /opt/airflow/dags/create_dag_with_pythonoperator.py
[2023-10-13T01:21:38.996+0000] {processor.py:839} INFO - DAG(s) dict_keys(['our_first_dag_w_python_v6']) retrieved from /opt/airflow/dags/create_dag_with_pythonoperator.py
[2023-10-13T01:21:39.094+0000] {logging_mixin.py:151} INFO - [2023-10-13T01:21:39.094+0000] {dag.py:2915} INFO - Sync 1 DAGs
[2023-10-13T01:21:39.176+0000] {logging_mixin.py:151} INFO - [2023-10-13T01:21:39.176+0000] {dag.py:3696} INFO - Setting next_dagrun for our_first_dag_w_python_v6 to 2023-10-13T00:00:00+00:00, run_after=2023-10-14T00:00:00+00:00
[2023-10-13T01:21:39.246+0000] {processor.py:179} INFO - Processing /opt/airflow/dags/create_dag_with_pythonoperator.py took 0.428 seconds
[2023-10-13T01:22:09.391+0000] {processor.py:157} INFO - Started process (PID=1328) to work on /opt/airflow/dags/create_dag_with_pythonoperator.py
[2023-10-13T01:22:09.393+0000] {processor.py:829} INFO - Processing file /opt/airflow/dags/create_dag_with_pythonoperator.py for tasks to queue
[2023-10-13T01:22:09.394+0000] {logging_mixin.py:151} INFO - [2023-10-13T01:22:09.394+0000] {dagbag.py:539} INFO - Filling up the DagBag from /opt/airflow/dags/create_dag_with_pythonoperator.py
[2023-10-13T01:22:09.424+0000] {processor.py:839} INFO - DAG(s) dict_keys(['our_first_dag_w_python_v6']) retrieved from /opt/airflow/dags/create_dag_with_pythonoperator.py
[2023-10-13T01:22:09.468+0000] {logging_mixin.py:151} INFO - [2023-10-13T01:22:09.468+0000] {dag.py:2915} INFO - Sync 1 DAGs
[2023-10-13T01:22:09.492+0000] {logging_mixin.py:151} INFO - [2023-10-13T01:22:09.492+0000] {dag.py:3696} INFO - Setting next_dagrun for our_first_dag_w_python_v6 to 2023-10-13T00:00:00+00:00, run_after=2023-10-14T00:00:00+00:00
[2023-10-13T01:22:09.501+0000] {processor.py:179} INFO - Processing /opt/airflow/dags/create_dag_with_pythonoperator.py took 0.117 seconds
[2023-10-13T01:22:39.882+0000] {processor.py:157} INFO - Started process (PID=1345) to work on /opt/airflow/dags/create_dag_with_pythonoperator.py
[2023-10-13T01:22:39.884+0000] {processor.py:829} INFO - Processing file /opt/airflow/dags/create_dag_with_pythonoperator.py for tasks to queue
[2023-10-13T01:22:39.886+0000] {logging_mixin.py:151} INFO - [2023-10-13T01:22:39.885+0000] {dagbag.py:539} INFO - Filling up the DagBag from /opt/airflow/dags/create_dag_with_pythonoperator.py
[2023-10-13T01:22:39.922+0000] {processor.py:839} INFO - DAG(s) dict_keys(['our_first_dag_w_python_v6']) retrieved from /opt/airflow/dags/create_dag_with_pythonoperator.py
[2023-10-13T01:22:39.956+0000] {logging_mixin.py:151} INFO - [2023-10-13T01:22:39.956+0000] {dag.py:2915} INFO - Sync 1 DAGs
[2023-10-13T01:22:39.974+0000] {logging_mixin.py:151} INFO - [2023-10-13T01:22:39.973+0000] {dag.py:3696} INFO - Setting next_dagrun for our_first_dag_w_python_v6 to 2023-10-13T00:00:00+00:00, run_after=2023-10-14T00:00:00+00:00
[2023-10-13T01:22:39.987+0000] {processor.py:179} INFO - Processing /opt/airflow/dags/create_dag_with_pythonoperator.py took 0.112 seconds
[2023-10-13T01:23:10.370+0000] {processor.py:157} INFO - Started process (PID=1362) to work on /opt/airflow/dags/create_dag_with_pythonoperator.py
[2023-10-13T01:23:10.373+0000] {processor.py:829} INFO - Processing file /opt/airflow/dags/create_dag_with_pythonoperator.py for tasks to queue
[2023-10-13T01:23:10.375+0000] {logging_mixin.py:151} INFO - [2023-10-13T01:23:10.374+0000] {dagbag.py:539} INFO - Filling up the DagBag from /opt/airflow/dags/create_dag_with_pythonoperator.py
[2023-10-13T01:23:10.409+0000] {processor.py:839} INFO - DAG(s) dict_keys(['our_first_dag_w_python_v6']) retrieved from /opt/airflow/dags/create_dag_with_pythonoperator.py
[2023-10-13T01:23:10.451+0000] {logging_mixin.py:151} INFO - [2023-10-13T01:23:10.451+0000] {dag.py:2915} INFO - Sync 1 DAGs
[2023-10-13T01:23:10.473+0000] {logging_mixin.py:151} INFO - [2023-10-13T01:23:10.473+0000] {dag.py:3696} INFO - Setting next_dagrun for our_first_dag_w_python_v6 to 2023-10-13T00:00:00+00:00, run_after=2023-10-14T00:00:00+00:00
[2023-10-13T01:23:10.483+0000] {processor.py:179} INFO - Processing /opt/airflow/dags/create_dag_with_pythonoperator.py took 0.133 seconds
[2023-10-13T01:23:40.898+0000] {processor.py:157} INFO - Started process (PID=1379) to work on /opt/airflow/dags/create_dag_with_pythonoperator.py
[2023-10-13T01:23:40.901+0000] {processor.py:829} INFO - Processing file /opt/airflow/dags/create_dag_with_pythonoperator.py for tasks to queue
[2023-10-13T01:23:40.904+0000] {logging_mixin.py:151} INFO - [2023-10-13T01:23:40.902+0000] {dagbag.py:539} INFO - Filling up the DagBag from /opt/airflow/dags/create_dag_with_pythonoperator.py
[2023-10-13T01:23:40.941+0000] {processor.py:839} INFO - DAG(s) dict_keys(['our_first_dag_w_python_v6']) retrieved from /opt/airflow/dags/create_dag_with_pythonoperator.py
[2023-10-13T01:23:40.986+0000] {logging_mixin.py:151} INFO - [2023-10-13T01:23:40.986+0000] {dag.py:2915} INFO - Sync 1 DAGs
[2023-10-13T01:23:41.009+0000] {logging_mixin.py:151} INFO - [2023-10-13T01:23:41.009+0000] {dag.py:3696} INFO - Setting next_dagrun for our_first_dag_w_python_v6 to 2023-10-13T00:00:00+00:00, run_after=2023-10-14T00:00:00+00:00
[2023-10-13T01:23:41.018+0000] {processor.py:179} INFO - Processing /opt/airflow/dags/create_dag_with_pythonoperator.py took 0.132 seconds
[2023-10-13T01:24:11.444+0000] {processor.py:157} INFO - Started process (PID=1396) to work on /opt/airflow/dags/create_dag_with_pythonoperator.py
[2023-10-13T01:24:11.447+0000] {processor.py:829} INFO - Processing file /opt/airflow/dags/create_dag_with_pythonoperator.py for tasks to queue
[2023-10-13T01:24:11.448+0000] {logging_mixin.py:151} INFO - [2023-10-13T01:24:11.447+0000] {dagbag.py:539} INFO - Filling up the DagBag from /opt/airflow/dags/create_dag_with_pythonoperator.py
[2023-10-13T01:24:11.487+0000] {processor.py:839} INFO - DAG(s) dict_keys(['our_first_dag_w_python_v6']) retrieved from /opt/airflow/dags/create_dag_with_pythonoperator.py
[2023-10-13T01:24:11.537+0000] {logging_mixin.py:151} INFO - [2023-10-13T01:24:11.537+0000] {dag.py:2915} INFO - Sync 1 DAGs
[2023-10-13T01:24:11.558+0000] {logging_mixin.py:151} INFO - [2023-10-13T01:24:11.558+0000] {dag.py:3696} INFO - Setting next_dagrun for our_first_dag_w_python_v6 to 2023-10-13T00:00:00+00:00, run_after=2023-10-14T00:00:00+00:00
[2023-10-13T01:24:11.567+0000] {processor.py:179} INFO - Processing /opt/airflow/dags/create_dag_with_pythonoperator.py took 0.138 seconds
[2023-10-13T01:24:42.045+0000] {processor.py:157} INFO - Started process (PID=1413) to work on /opt/airflow/dags/create_dag_with_pythonoperator.py
[2023-10-13T01:24:42.047+0000] {processor.py:829} INFO - Processing file /opt/airflow/dags/create_dag_with_pythonoperator.py for tasks to queue
[2023-10-13T01:24:42.050+0000] {logging_mixin.py:151} INFO - [2023-10-13T01:24:42.048+0000] {dagbag.py:539} INFO - Filling up the DagBag from /opt/airflow/dags/create_dag_with_pythonoperator.py
[2023-10-13T01:24:42.091+0000] {processor.py:839} INFO - DAG(s) dict_keys(['our_first_dag_w_python_v6']) retrieved from /opt/airflow/dags/create_dag_with_pythonoperator.py
[2023-10-13T01:24:42.131+0000] {logging_mixin.py:151} INFO - [2023-10-13T01:24:42.131+0000] {dag.py:2915} INFO - Sync 1 DAGs
[2023-10-13T01:24:42.153+0000] {logging_mixin.py:151} INFO - [2023-10-13T01:24:42.153+0000] {dag.py:3696} INFO - Setting next_dagrun for our_first_dag_w_python_v6 to 2023-10-13T00:00:00+00:00, run_after=2023-10-14T00:00:00+00:00
[2023-10-13T01:24:42.163+0000] {processor.py:179} INFO - Processing /opt/airflow/dags/create_dag_with_pythonoperator.py took 0.128 seconds
[2023-10-13T01:25:12.510+0000] {processor.py:157} INFO - Started process (PID=1430) to work on /opt/airflow/dags/create_dag_with_pythonoperator.py
[2023-10-13T01:25:12.512+0000] {processor.py:829} INFO - Processing file /opt/airflow/dags/create_dag_with_pythonoperator.py for tasks to queue
[2023-10-13T01:25:12.513+0000] {logging_mixin.py:151} INFO - [2023-10-13T01:25:12.513+0000] {dagbag.py:539} INFO - Filling up the DagBag from /opt/airflow/dags/create_dag_with_pythonoperator.py
[2023-10-13T01:25:12.541+0000] {processor.py:839} INFO - DAG(s) dict_keys(['our_first_dag_w_python_v6']) retrieved from /opt/airflow/dags/create_dag_with_pythonoperator.py
[2023-10-13T01:25:12.572+0000] {logging_mixin.py:151} INFO - [2023-10-13T01:25:12.572+0000] {dag.py:2915} INFO - Sync 1 DAGs
[2023-10-13T01:25:12.591+0000] {logging_mixin.py:151} INFO - [2023-10-13T01:25:12.591+0000] {dag.py:3696} INFO - Setting next_dagrun for our_first_dag_w_python_v6 to 2023-10-13T00:00:00+00:00, run_after=2023-10-14T00:00:00+00:00
[2023-10-13T01:25:12.601+0000] {processor.py:179} INFO - Processing /opt/airflow/dags/create_dag_with_pythonoperator.py took 0.104 seconds
[2023-10-13T01:25:43.071+0000] {processor.py:157} INFO - Started process (PID=1447) to work on /opt/airflow/dags/create_dag_with_pythonoperator.py
[2023-10-13T01:25:43.074+0000] {processor.py:829} INFO - Processing file /opt/airflow/dags/create_dag_with_pythonoperator.py for tasks to queue
[2023-10-13T01:25:43.076+0000] {logging_mixin.py:151} INFO - [2023-10-13T01:25:43.075+0000] {dagbag.py:539} INFO - Filling up the DagBag from /opt/airflow/dags/create_dag_with_pythonoperator.py
[2023-10-13T01:25:43.127+0000] {processor.py:839} INFO - DAG(s) dict_keys(['our_first_dag_w_python_v6']) retrieved from /opt/airflow/dags/create_dag_with_pythonoperator.py
[2023-10-13T01:25:43.177+0000] {logging_mixin.py:151} INFO - [2023-10-13T01:25:43.176+0000] {dag.py:2915} INFO - Sync 1 DAGs
[2023-10-13T01:25:43.224+0000] {logging_mixin.py:151} INFO - [2023-10-13T01:25:43.224+0000] {dag.py:3696} INFO - Setting next_dagrun for our_first_dag_w_python_v6 to 2023-10-13T00:00:00+00:00, run_after=2023-10-14T00:00:00+00:00
[2023-10-13T01:25:43.237+0000] {processor.py:179} INFO - Processing /opt/airflow/dags/create_dag_with_pythonoperator.py took 0.180 seconds
[2023-10-13T01:26:13.690+0000] {processor.py:157} INFO - Started process (PID=1464) to work on /opt/airflow/dags/create_dag_with_pythonoperator.py
[2023-10-13T01:26:13.692+0000] {processor.py:829} INFO - Processing file /opt/airflow/dags/create_dag_with_pythonoperator.py for tasks to queue
[2023-10-13T01:26:13.694+0000] {logging_mixin.py:151} INFO - [2023-10-13T01:26:13.693+0000] {dagbag.py:539} INFO - Filling up the DagBag from /opt/airflow/dags/create_dag_with_pythonoperator.py
[2023-10-13T01:26:13.731+0000] {processor.py:839} INFO - DAG(s) dict_keys(['our_first_dag_w_python_v6']) retrieved from /opt/airflow/dags/create_dag_with_pythonoperator.py
[2023-10-13T01:26:13.764+0000] {logging_mixin.py:151} INFO - [2023-10-13T01:26:13.764+0000] {dag.py:2915} INFO - Sync 1 DAGs
[2023-10-13T01:26:13.780+0000] {logging_mixin.py:151} INFO - [2023-10-13T01:26:13.780+0000] {dag.py:3696} INFO - Setting next_dagrun for our_first_dag_w_python_v6 to 2023-10-13T00:00:00+00:00, run_after=2023-10-14T00:00:00+00:00
[2023-10-13T01:26:13.789+0000] {processor.py:179} INFO - Processing /opt/airflow/dags/create_dag_with_pythonoperator.py took 0.106 seconds
[2023-10-13T01:26:44.157+0000] {processor.py:157} INFO - Started process (PID=1481) to work on /opt/airflow/dags/create_dag_with_pythonoperator.py
[2023-10-13T01:26:44.159+0000] {processor.py:829} INFO - Processing file /opt/airflow/dags/create_dag_with_pythonoperator.py for tasks to queue
[2023-10-13T01:26:44.160+0000] {logging_mixin.py:151} INFO - [2023-10-13T01:26:44.159+0000] {dagbag.py:539} INFO - Filling up the DagBag from /opt/airflow/dags/create_dag_with_pythonoperator.py
[2023-10-13T01:26:44.197+0000] {processor.py:839} INFO - DAG(s) dict_keys(['our_first_dag_w_python_v6']) retrieved from /opt/airflow/dags/create_dag_with_pythonoperator.py
[2023-10-13T01:26:44.229+0000] {logging_mixin.py:151} INFO - [2023-10-13T01:26:44.229+0000] {dag.py:2915} INFO - Sync 1 DAGs
[2023-10-13T01:26:44.243+0000] {logging_mixin.py:151} INFO - [2023-10-13T01:26:44.243+0000] {dag.py:3696} INFO - Setting next_dagrun for our_first_dag_w_python_v6 to 2023-10-13T00:00:00+00:00, run_after=2023-10-14T00:00:00+00:00
[2023-10-13T01:26:44.251+0000] {processor.py:179} INFO - Processing /opt/airflow/dags/create_dag_with_pythonoperator.py took 0.101 seconds
[2023-10-13T01:27:14.699+0000] {processor.py:157} INFO - Started process (PID=1498) to work on /opt/airflow/dags/create_dag_with_pythonoperator.py
[2023-10-13T01:27:14.701+0000] {processor.py:829} INFO - Processing file /opt/airflow/dags/create_dag_with_pythonoperator.py for tasks to queue
[2023-10-13T01:27:14.702+0000] {logging_mixin.py:151} INFO - [2023-10-13T01:27:14.702+0000] {dagbag.py:539} INFO - Filling up the DagBag from /opt/airflow/dags/create_dag_with_pythonoperator.py
[2023-10-13T01:27:14.729+0000] {processor.py:839} INFO - DAG(s) dict_keys(['our_first_dag_w_python_v6']) retrieved from /opt/airflow/dags/create_dag_with_pythonoperator.py
[2023-10-13T01:27:14.768+0000] {logging_mixin.py:151} INFO - [2023-10-13T01:27:14.767+0000] {dag.py:2915} INFO - Sync 1 DAGs
[2023-10-13T01:27:14.785+0000] {logging_mixin.py:151} INFO - [2023-10-13T01:27:14.785+0000] {dag.py:3696} INFO - Setting next_dagrun for our_first_dag_w_python_v6 to 2023-10-13T00:00:00+00:00, run_after=2023-10-14T00:00:00+00:00
[2023-10-13T01:27:14.793+0000] {processor.py:179} INFO - Processing /opt/airflow/dags/create_dag_with_pythonoperator.py took 0.100 seconds
[2023-10-13T01:27:45.162+0000] {processor.py:157} INFO - Started process (PID=1515) to work on /opt/airflow/dags/create_dag_with_pythonoperator.py
[2023-10-13T01:27:45.169+0000] {processor.py:829} INFO - Processing file /opt/airflow/dags/create_dag_with_pythonoperator.py for tasks to queue
[2023-10-13T01:27:45.170+0000] {logging_mixin.py:151} INFO - [2023-10-13T01:27:45.169+0000] {dagbag.py:539} INFO - Filling up the DagBag from /opt/airflow/dags/create_dag_with_pythonoperator.py
[2023-10-13T01:27:45.193+0000] {processor.py:839} INFO - DAG(s) dict_keys(['our_first_dag_w_python_v6']) retrieved from /opt/airflow/dags/create_dag_with_pythonoperator.py
[2023-10-13T01:27:45.222+0000] {logging_mixin.py:151} INFO - [2023-10-13T01:27:45.221+0000] {dag.py:2915} INFO - Sync 1 DAGs
[2023-10-13T01:27:45.239+0000] {logging_mixin.py:151} INFO - [2023-10-13T01:27:45.239+0000] {dag.py:3696} INFO - Setting next_dagrun for our_first_dag_w_python_v6 to 2023-10-13T00:00:00+00:00, run_after=2023-10-14T00:00:00+00:00
[2023-10-13T01:27:45.248+0000] {processor.py:179} INFO - Processing /opt/airflow/dags/create_dag_with_pythonoperator.py took 0.094 seconds
