[2023-10-13T01:39:50.419+0000] {processor.py:157} INFO - Started process (PID=164) to work on /opt/airflow/dags/dag_with_taskflow_api.py
[2023-10-13T01:39:50.421+0000] {processor.py:829} INFO - Processing file /opt/airflow/dags/dag_with_taskflow_api.py for tasks to queue
[2023-10-13T01:39:50.422+0000] {logging_mixin.py:151} INFO - [2023-10-13T01:39:50.421+0000] {dagbag.py:539} INFO - Filling up the DagBag from /opt/airflow/dags/dag_with_taskflow_api.py
[2023-10-13T01:39:50.465+0000] {processor.py:839} INFO - DAG(s) dict_keys(['dag_w_taskflow_api_v1']) retrieved from /opt/airflow/dags/dag_with_taskflow_api.py
[2023-10-13T01:39:50.827+0000] {logging_mixin.py:151} INFO - [2023-10-13T01:39:50.827+0000] {manager.py:499} INFO - Created Permission View: %s
[2023-10-13T01:39:50.834+0000] {logging_mixin.py:151} INFO - [2023-10-13T01:39:50.834+0000] {manager.py:499} INFO - Created Permission View: %s
[2023-10-13T01:39:50.839+0000] {logging_mixin.py:151} INFO - [2023-10-13T01:39:50.839+0000] {manager.py:499} INFO - Created Permission View: %s
[2023-10-13T01:39:50.839+0000] {logging_mixin.py:151} INFO - [2023-10-13T01:39:50.839+0000] {security.py:708} INFO - Not syncing DAG-level permissions for DAG 'DAG:dag_w_taskflow_api_v1' as access control is unset.
[2023-10-13T01:39:50.840+0000] {logging_mixin.py:151} INFO - [2023-10-13T01:39:50.840+0000] {dag.py:2915} INFO - Sync 1 DAGs
[2023-10-13T01:39:50.847+0000] {logging_mixin.py:151} INFO - [2023-10-13T01:39:50.847+0000] {dag.py:2937} INFO - Creating ORM DAG for dag_w_taskflow_api_v1
[2023-10-13T01:39:50.852+0000] {logging_mixin.py:151} INFO - [2023-10-13T01:39:50.852+0000] {dag.py:3696} INFO - Setting next_dagrun for dag_w_taskflow_api_v1 to 2023-09-30T00:00:00+00:00, run_after=2023-10-01T00:00:00+00:00
[2023-10-13T01:39:50.860+0000] {processor.py:179} INFO - Processing /opt/airflow/dags/dag_with_taskflow_api.py took 0.447 seconds
[2023-10-13T01:40:21.247+0000] {processor.py:157} INFO - Started process (PID=186) to work on /opt/airflow/dags/dag_with_taskflow_api.py
[2023-10-13T01:40:21.248+0000] {processor.py:829} INFO - Processing file /opt/airflow/dags/dag_with_taskflow_api.py for tasks to queue
[2023-10-13T01:40:21.249+0000] {logging_mixin.py:151} INFO - [2023-10-13T01:40:21.248+0000] {dagbag.py:539} INFO - Filling up the DagBag from /opt/airflow/dags/dag_with_taskflow_api.py
[2023-10-13T01:40:21.281+0000] {processor.py:839} INFO - DAG(s) dict_keys(['dag_w_taskflow_api_v1']) retrieved from /opt/airflow/dags/dag_with_taskflow_api.py
[2023-10-13T01:40:21.332+0000] {logging_mixin.py:151} INFO - [2023-10-13T01:40:21.332+0000] {dag.py:2915} INFO - Sync 1 DAGs
[2023-10-13T01:40:21.362+0000] {logging_mixin.py:151} INFO - [2023-10-13T01:40:21.361+0000] {dag.py:3696} INFO - Setting next_dagrun for dag_w_taskflow_api_v1 to 2023-09-30T00:00:00+00:00, run_after=2023-10-01T00:00:00+00:00
[2023-10-13T01:40:21.790+0000] {processor.py:179} INFO - Processing /opt/airflow/dags/dag_with_taskflow_api.py took 0.550 seconds
[2023-10-13T01:40:52.338+0000] {processor.py:157} INFO - Started process (PID=280) to work on /opt/airflow/dags/dag_with_taskflow_api.py
[2023-10-13T01:40:52.342+0000] {processor.py:829} INFO - Processing file /opt/airflow/dags/dag_with_taskflow_api.py for tasks to queue
[2023-10-13T01:40:52.346+0000] {logging_mixin.py:151} INFO - [2023-10-13T01:40:52.346+0000] {dagbag.py:539} INFO - Filling up the DagBag from /opt/airflow/dags/dag_with_taskflow_api.py
[2023-10-13T01:40:52.382+0000] {processor.py:839} INFO - DAG(s) dict_keys(['dag_w_taskflow_api_v1']) retrieved from /opt/airflow/dags/dag_with_taskflow_api.py
[2023-10-13T01:40:52.478+0000] {logging_mixin.py:151} INFO - [2023-10-13T01:40:52.478+0000] {dag.py:2915} INFO - Sync 1 DAGs
[2023-10-13T01:40:52.969+0000] {logging_mixin.py:151} INFO - [2023-10-13T01:40:52.969+0000] {dag.py:3696} INFO - Setting next_dagrun for dag_w_taskflow_api_v1 to 2023-10-13T00:00:00+00:00, run_after=2023-10-14T00:00:00+00:00
[2023-10-13T01:40:53.025+0000] {processor.py:179} INFO - Processing /opt/airflow/dags/dag_with_taskflow_api.py took 0.693 seconds
[2023-10-13T01:41:23.446+0000] {processor.py:157} INFO - Started process (PID=308) to work on /opt/airflow/dags/dag_with_taskflow_api.py
[2023-10-13T01:41:23.447+0000] {processor.py:829} INFO - Processing file /opt/airflow/dags/dag_with_taskflow_api.py for tasks to queue
[2023-10-13T01:41:23.448+0000] {logging_mixin.py:151} INFO - [2023-10-13T01:41:23.448+0000] {dagbag.py:539} INFO - Filling up the DagBag from /opt/airflow/dags/dag_with_taskflow_api.py
[2023-10-13T01:41:23.469+0000] {processor.py:839} INFO - DAG(s) dict_keys(['dag_w_taskflow_api_v1']) retrieved from /opt/airflow/dags/dag_with_taskflow_api.py
[2023-10-13T01:41:23.493+0000] {logging_mixin.py:151} INFO - [2023-10-13T01:41:23.493+0000] {dag.py:2915} INFO - Sync 1 DAGs
[2023-10-13T01:41:23.694+0000] {logging_mixin.py:151} INFO - [2023-10-13T01:41:23.694+0000] {dag.py:3696} INFO - Setting next_dagrun for dag_w_taskflow_api_v1 to 2023-10-13T00:00:00+00:00, run_after=2023-10-14T00:00:00+00:00
[2023-10-13T01:41:23.702+0000] {processor.py:179} INFO - Processing /opt/airflow/dags/dag_with_taskflow_api.py took 0.261 seconds
[2023-10-13T01:41:54.161+0000] {processor.py:157} INFO - Started process (PID=330) to work on /opt/airflow/dags/dag_with_taskflow_api.py
[2023-10-13T01:41:54.163+0000] {processor.py:829} INFO - Processing file /opt/airflow/dags/dag_with_taskflow_api.py for tasks to queue
[2023-10-13T01:41:54.165+0000] {logging_mixin.py:151} INFO - [2023-10-13T01:41:54.164+0000] {dagbag.py:539} INFO - Filling up the DagBag from /opt/airflow/dags/dag_with_taskflow_api.py
[2023-10-13T01:41:54.194+0000] {processor.py:839} INFO - DAG(s) dict_keys(['dag_w_taskflow_api_v1']) retrieved from /opt/airflow/dags/dag_with_taskflow_api.py
[2023-10-13T01:41:54.489+0000] {logging_mixin.py:151} INFO - [2023-10-13T01:41:54.489+0000] {dag.py:2915} INFO - Sync 1 DAGs
[2023-10-13T01:41:54.502+0000] {logging_mixin.py:151} INFO - [2023-10-13T01:41:54.502+0000] {dag.py:3696} INFO - Setting next_dagrun for dag_w_taskflow_api_v1 to 2023-10-13T00:00:00+00:00, run_after=2023-10-14T00:00:00+00:00
[2023-10-13T01:41:54.514+0000] {processor.py:179} INFO - Processing /opt/airflow/dags/dag_with_taskflow_api.py took 0.365 seconds
[2023-10-13T01:42:24.983+0000] {processor.py:157} INFO - Started process (PID=352) to work on /opt/airflow/dags/dag_with_taskflow_api.py
[2023-10-13T01:42:24.985+0000] {processor.py:829} INFO - Processing file /opt/airflow/dags/dag_with_taskflow_api.py for tasks to queue
[2023-10-13T01:42:24.986+0000] {logging_mixin.py:151} INFO - [2023-10-13T01:42:24.986+0000] {dagbag.py:539} INFO - Filling up the DagBag from /opt/airflow/dags/dag_with_taskflow_api.py
[2023-10-13T01:42:25.193+0000] {processor.py:839} INFO - DAG(s) dict_keys(['dag_w_taskflow_api_v1']) retrieved from /opt/airflow/dags/dag_with_taskflow_api.py
[2023-10-13T01:42:25.213+0000] {logging_mixin.py:151} INFO - [2023-10-13T01:42:25.213+0000] {dag.py:2915} INFO - Sync 1 DAGs
[2023-10-13T01:42:25.225+0000] {logging_mixin.py:151} INFO - [2023-10-13T01:42:25.225+0000] {dag.py:3696} INFO - Setting next_dagrun for dag_w_taskflow_api_v1 to 2023-10-13T00:00:00+00:00, run_after=2023-10-14T00:00:00+00:00
[2023-10-13T01:42:25.233+0000] {processor.py:179} INFO - Processing /opt/airflow/dags/dag_with_taskflow_api.py took 0.256 seconds
[2023-10-13T01:42:55.935+0000] {processor.py:157} INFO - Started process (PID=374) to work on /opt/airflow/dags/dag_with_taskflow_api.py
[2023-10-13T01:42:55.936+0000] {processor.py:829} INFO - Processing file /opt/airflow/dags/dag_with_taskflow_api.py for tasks to queue
[2023-10-13T01:42:55.939+0000] {logging_mixin.py:151} INFO - [2023-10-13T01:42:55.937+0000] {dagbag.py:539} INFO - Filling up the DagBag from /opt/airflow/dags/dag_with_taskflow_api.py
[2023-10-13T01:42:55.957+0000] {processor.py:839} INFO - DAG(s) dict_keys(['dag_w_taskflow_api_v1']) retrieved from /opt/airflow/dags/dag_with_taskflow_api.py
[2023-10-13T01:42:55.983+0000] {logging_mixin.py:151} INFO - [2023-10-13T01:42:55.982+0000] {dag.py:2915} INFO - Sync 1 DAGs
[2023-10-13T01:42:55.999+0000] {logging_mixin.py:151} INFO - [2023-10-13T01:42:55.998+0000] {dag.py:3696} INFO - Setting next_dagrun for dag_w_taskflow_api_v1 to 2023-10-13T00:00:00+00:00, run_after=2023-10-14T00:00:00+00:00
[2023-10-13T01:42:56.008+0000] {processor.py:179} INFO - Processing /opt/airflow/dags/dag_with_taskflow_api.py took 0.080 seconds
[2023-10-13T01:43:26.438+0000] {processor.py:157} INFO - Started process (PID=395) to work on /opt/airflow/dags/dag_with_taskflow_api.py
[2023-10-13T01:43:26.439+0000] {processor.py:829} INFO - Processing file /opt/airflow/dags/dag_with_taskflow_api.py for tasks to queue
[2023-10-13T01:43:26.440+0000] {logging_mixin.py:151} INFO - [2023-10-13T01:43:26.440+0000] {dagbag.py:539} INFO - Filling up the DagBag from /opt/airflow/dags/dag_with_taskflow_api.py
[2023-10-13T01:43:26.454+0000] {processor.py:839} INFO - DAG(s) dict_keys(['dag_w_taskflow_api_v1']) retrieved from /opt/airflow/dags/dag_with_taskflow_api.py
[2023-10-13T01:43:26.483+0000] {logging_mixin.py:151} INFO - [2023-10-13T01:43:26.483+0000] {dag.py:2915} INFO - Sync 1 DAGs
[2023-10-13T01:43:26.497+0000] {logging_mixin.py:151} INFO - [2023-10-13T01:43:26.497+0000] {dag.py:3696} INFO - Setting next_dagrun for dag_w_taskflow_api_v1 to 2023-10-13T00:00:00+00:00, run_after=2023-10-14T00:00:00+00:00
[2023-10-13T01:43:26.505+0000] {processor.py:179} INFO - Processing /opt/airflow/dags/dag_with_taskflow_api.py took 0.076 seconds
[2023-10-13T01:43:57.001+0000] {processor.py:157} INFO - Started process (PID=418) to work on /opt/airflow/dags/dag_with_taskflow_api.py
[2023-10-13T01:43:57.005+0000] {processor.py:829} INFO - Processing file /opt/airflow/dags/dag_with_taskflow_api.py for tasks to queue
[2023-10-13T01:43:57.006+0000] {logging_mixin.py:151} INFO - [2023-10-13T01:43:57.005+0000] {dagbag.py:539} INFO - Filling up the DagBag from /opt/airflow/dags/dag_with_taskflow_api.py
[2023-10-13T01:43:57.023+0000] {processor.py:839} INFO - DAG(s) dict_keys(['dag_w_taskflow_api_v1']) retrieved from /opt/airflow/dags/dag_with_taskflow_api.py
[2023-10-13T01:43:57.059+0000] {logging_mixin.py:151} INFO - [2023-10-13T01:43:57.059+0000] {dag.py:2915} INFO - Sync 1 DAGs
[2023-10-13T01:43:57.083+0000] {logging_mixin.py:151} INFO - [2023-10-13T01:43:57.083+0000] {dag.py:3696} INFO - Setting next_dagrun for dag_w_taskflow_api_v1 to 2023-10-13T00:00:00+00:00, run_after=2023-10-14T00:00:00+00:00
[2023-10-13T01:43:57.092+0000] {processor.py:179} INFO - Processing /opt/airflow/dags/dag_with_taskflow_api.py took 0.105 seconds
[2023-10-13T01:44:27.625+0000] {processor.py:157} INFO - Started process (PID=440) to work on /opt/airflow/dags/dag_with_taskflow_api.py
[2023-10-13T01:44:27.628+0000] {processor.py:829} INFO - Processing file /opt/airflow/dags/dag_with_taskflow_api.py for tasks to queue
[2023-10-13T01:44:27.633+0000] {logging_mixin.py:151} INFO - [2023-10-13T01:44:27.629+0000] {dagbag.py:539} INFO - Filling up the DagBag from /opt/airflow/dags/dag_with_taskflow_api.py
[2023-10-13T01:44:27.667+0000] {processor.py:839} INFO - DAG(s) dict_keys(['dag_w_taskflow_api_v1']) retrieved from /opt/airflow/dags/dag_with_taskflow_api.py
[2023-10-13T01:44:27.726+0000] {logging_mixin.py:151} INFO - [2023-10-13T01:44:27.726+0000] {dag.py:2915} INFO - Sync 1 DAGs
[2023-10-13T01:44:27.743+0000] {logging_mixin.py:151} INFO - [2023-10-13T01:44:27.743+0000] {dag.py:3696} INFO - Setting next_dagrun for dag_w_taskflow_api_v1 to 2023-10-13T00:00:00+00:00, run_after=2023-10-14T00:00:00+00:00
[2023-10-13T01:44:27.753+0000] {processor.py:179} INFO - Processing /opt/airflow/dags/dag_with_taskflow_api.py took 0.138 seconds
[2023-10-13T01:44:58.256+0000] {processor.py:157} INFO - Started process (PID=462) to work on /opt/airflow/dags/dag_with_taskflow_api.py
[2023-10-13T01:44:58.258+0000] {processor.py:829} INFO - Processing file /opt/airflow/dags/dag_with_taskflow_api.py for tasks to queue
[2023-10-13T01:44:58.260+0000] {logging_mixin.py:151} INFO - [2023-10-13T01:44:58.259+0000] {dagbag.py:539} INFO - Filling up the DagBag from /opt/airflow/dags/dag_with_taskflow_api.py
[2023-10-13T01:44:58.282+0000] {processor.py:839} INFO - DAG(s) dict_keys(['dag_w_taskflow_api_v1']) retrieved from /opt/airflow/dags/dag_with_taskflow_api.py
[2023-10-13T01:44:58.327+0000] {logging_mixin.py:151} INFO - [2023-10-13T01:44:58.327+0000] {dag.py:2915} INFO - Sync 1 DAGs
[2023-10-13T01:44:58.355+0000] {logging_mixin.py:151} INFO - [2023-10-13T01:44:58.355+0000] {dag.py:3696} INFO - Setting next_dagrun for dag_w_taskflow_api_v1 to 2023-10-13T00:00:00+00:00, run_after=2023-10-14T00:00:00+00:00
[2023-10-13T01:44:58.368+0000] {processor.py:179} INFO - Processing /opt/airflow/dags/dag_with_taskflow_api.py took 0.117 seconds
[2023-10-13T01:45:28.856+0000] {processor.py:157} INFO - Started process (PID=484) to work on /opt/airflow/dags/dag_with_taskflow_api.py
[2023-10-13T01:45:28.858+0000] {processor.py:829} INFO - Processing file /opt/airflow/dags/dag_with_taskflow_api.py for tasks to queue
[2023-10-13T01:45:28.859+0000] {logging_mixin.py:151} INFO - [2023-10-13T01:45:28.859+0000] {dagbag.py:539} INFO - Filling up the DagBag from /opt/airflow/dags/dag_with_taskflow_api.py
[2023-10-13T01:45:28.884+0000] {processor.py:839} INFO - DAG(s) dict_keys(['dag_w_taskflow_api_v1']) retrieved from /opt/airflow/dags/dag_with_taskflow_api.py
[2023-10-13T01:45:28.934+0000] {logging_mixin.py:151} INFO - [2023-10-13T01:45:28.934+0000] {dag.py:2915} INFO - Sync 1 DAGs
[2023-10-13T01:45:28.960+0000] {logging_mixin.py:151} INFO - [2023-10-13T01:45:28.960+0000] {dag.py:3696} INFO - Setting next_dagrun for dag_w_taskflow_api_v1 to 2023-10-13T00:00:00+00:00, run_after=2023-10-14T00:00:00+00:00
[2023-10-13T01:45:28.969+0000] {processor.py:179} INFO - Processing /opt/airflow/dags/dag_with_taskflow_api.py took 0.123 seconds
[2023-10-13T01:45:59.414+0000] {processor.py:157} INFO - Started process (PID=506) to work on /opt/airflow/dags/dag_with_taskflow_api.py
[2023-10-13T01:45:59.417+0000] {processor.py:829} INFO - Processing file /opt/airflow/dags/dag_with_taskflow_api.py for tasks to queue
[2023-10-13T01:45:59.418+0000] {logging_mixin.py:151} INFO - [2023-10-13T01:45:59.418+0000] {dagbag.py:539} INFO - Filling up the DagBag from /opt/airflow/dags/dag_with_taskflow_api.py
[2023-10-13T01:45:59.451+0000] {processor.py:839} INFO - DAG(s) dict_keys(['dag_w_taskflow_api_v1']) retrieved from /opt/airflow/dags/dag_with_taskflow_api.py
[2023-10-13T01:45:59.511+0000] {logging_mixin.py:151} INFO - [2023-10-13T01:45:59.511+0000] {dag.py:2915} INFO - Sync 1 DAGs
[2023-10-13T01:45:59.537+0000] {logging_mixin.py:151} INFO - [2023-10-13T01:45:59.537+0000] {dag.py:3696} INFO - Setting next_dagrun for dag_w_taskflow_api_v1 to 2023-10-13T00:00:00+00:00, run_after=2023-10-14T00:00:00+00:00
[2023-10-13T01:45:59.548+0000] {processor.py:179} INFO - Processing /opt/airflow/dags/dag_with_taskflow_api.py took 0.143 seconds
[2023-10-13T01:46:30.020+0000] {processor.py:157} INFO - Started process (PID=528) to work on /opt/airflow/dags/dag_with_taskflow_api.py
[2023-10-13T01:46:30.026+0000] {processor.py:829} INFO - Processing file /opt/airflow/dags/dag_with_taskflow_api.py for tasks to queue
[2023-10-13T01:46:30.028+0000] {logging_mixin.py:151} INFO - [2023-10-13T01:46:30.027+0000] {dagbag.py:539} INFO - Filling up the DagBag from /opt/airflow/dags/dag_with_taskflow_api.py
[2023-10-13T01:46:30.060+0000] {processor.py:839} INFO - DAG(s) dict_keys(['dag_w_taskflow_api_v1']) retrieved from /opt/airflow/dags/dag_with_taskflow_api.py
[2023-10-13T01:46:30.109+0000] {logging_mixin.py:151} INFO - [2023-10-13T01:46:30.109+0000] {dag.py:2915} INFO - Sync 1 DAGs
[2023-10-13T01:46:30.135+0000] {logging_mixin.py:151} INFO - [2023-10-13T01:46:30.134+0000] {dag.py:3696} INFO - Setting next_dagrun for dag_w_taskflow_api_v1 to 2023-10-13T00:00:00+00:00, run_after=2023-10-14T00:00:00+00:00
[2023-10-13T01:46:30.144+0000] {processor.py:179} INFO - Processing /opt/airflow/dags/dag_with_taskflow_api.py took 0.140 seconds
[2023-10-13T01:47:00.611+0000] {processor.py:157} INFO - Started process (PID=550) to work on /opt/airflow/dags/dag_with_taskflow_api.py
[2023-10-13T01:47:00.613+0000] {processor.py:829} INFO - Processing file /opt/airflow/dags/dag_with_taskflow_api.py for tasks to queue
[2023-10-13T01:47:00.614+0000] {logging_mixin.py:151} INFO - [2023-10-13T01:47:00.613+0000] {dagbag.py:539} INFO - Filling up the DagBag from /opt/airflow/dags/dag_with_taskflow_api.py
[2023-10-13T01:47:00.632+0000] {processor.py:839} INFO - DAG(s) dict_keys(['dag_w_taskflow_api_v1']) retrieved from /opt/airflow/dags/dag_with_taskflow_api.py
[2023-10-13T01:47:00.674+0000] {logging_mixin.py:151} INFO - [2023-10-13T01:47:00.674+0000] {dag.py:2915} INFO - Sync 1 DAGs
[2023-10-13T01:47:00.698+0000] {logging_mixin.py:151} INFO - [2023-10-13T01:47:00.698+0000] {dag.py:3696} INFO - Setting next_dagrun for dag_w_taskflow_api_v1 to 2023-10-13T00:00:00+00:00, run_after=2023-10-14T00:00:00+00:00
[2023-10-13T01:47:00.708+0000] {processor.py:179} INFO - Processing /opt/airflow/dags/dag_with_taskflow_api.py took 0.107 seconds
[2023-10-13T01:47:31.181+0000] {processor.py:157} INFO - Started process (PID=572) to work on /opt/airflow/dags/dag_with_taskflow_api.py
[2023-10-13T01:47:31.182+0000] {processor.py:829} INFO - Processing file /opt/airflow/dags/dag_with_taskflow_api.py for tasks to queue
[2023-10-13T01:47:31.184+0000] {logging_mixin.py:151} INFO - [2023-10-13T01:47:31.183+0000] {dagbag.py:539} INFO - Filling up the DagBag from /opt/airflow/dags/dag_with_taskflow_api.py
[2023-10-13T01:47:31.214+0000] {processor.py:839} INFO - DAG(s) dict_keys(['dag_w_taskflow_api_v1']) retrieved from /opt/airflow/dags/dag_with_taskflow_api.py
[2023-10-13T01:47:31.251+0000] {logging_mixin.py:151} INFO - [2023-10-13T01:47:31.251+0000] {dag.py:2915} INFO - Sync 1 DAGs
[2023-10-13T01:47:31.273+0000] {logging_mixin.py:151} INFO - [2023-10-13T01:47:31.272+0000] {dag.py:3696} INFO - Setting next_dagrun for dag_w_taskflow_api_v1 to 2023-10-13T00:00:00+00:00, run_after=2023-10-14T00:00:00+00:00
[2023-10-13T01:47:31.283+0000] {processor.py:179} INFO - Processing /opt/airflow/dags/dag_with_taskflow_api.py took 0.112 seconds
[2023-10-13T01:48:01.745+0000] {processor.py:157} INFO - Started process (PID=595) to work on /opt/airflow/dags/dag_with_taskflow_api.py
[2023-10-13T01:48:01.746+0000] {processor.py:829} INFO - Processing file /opt/airflow/dags/dag_with_taskflow_api.py for tasks to queue
[2023-10-13T01:48:01.748+0000] {logging_mixin.py:151} INFO - [2023-10-13T01:48:01.747+0000] {dagbag.py:539} INFO - Filling up the DagBag from /opt/airflow/dags/dag_with_taskflow_api.py
[2023-10-13T01:48:01.769+0000] {processor.py:839} INFO - DAG(s) dict_keys(['dag_w_taskflow_api_v1']) retrieved from /opt/airflow/dags/dag_with_taskflow_api.py
[2023-10-13T01:48:01.804+0000] {logging_mixin.py:151} INFO - [2023-10-13T01:48:01.804+0000] {dag.py:2915} INFO - Sync 1 DAGs
[2023-10-13T01:48:01.820+0000] {logging_mixin.py:151} INFO - [2023-10-13T01:48:01.820+0000] {dag.py:3696} INFO - Setting next_dagrun for dag_w_taskflow_api_v1 to 2023-10-13T00:00:00+00:00, run_after=2023-10-14T00:00:00+00:00
[2023-10-13T01:48:01.830+0000] {processor.py:179} INFO - Processing /opt/airflow/dags/dag_with_taskflow_api.py took 0.097 seconds
[2023-10-13T01:48:32.303+0000] {processor.py:157} INFO - Started process (PID=617) to work on /opt/airflow/dags/dag_with_taskflow_api.py
[2023-10-13T01:48:32.306+0000] {processor.py:829} INFO - Processing file /opt/airflow/dags/dag_with_taskflow_api.py for tasks to queue
[2023-10-13T01:48:32.307+0000] {logging_mixin.py:151} INFO - [2023-10-13T01:48:32.306+0000] {dagbag.py:539} INFO - Filling up the DagBag from /opt/airflow/dags/dag_with_taskflow_api.py
[2023-10-13T01:48:32.334+0000] {processor.py:839} INFO - DAG(s) dict_keys(['dag_w_taskflow_api_v1']) retrieved from /opt/airflow/dags/dag_with_taskflow_api.py
[2023-10-13T01:48:32.383+0000] {logging_mixin.py:151} INFO - [2023-10-13T01:48:32.382+0000] {dag.py:2915} INFO - Sync 1 DAGs
[2023-10-13T01:48:32.399+0000] {logging_mixin.py:151} INFO - [2023-10-13T01:48:32.399+0000] {dag.py:3696} INFO - Setting next_dagrun for dag_w_taskflow_api_v1 to 2023-10-13T00:00:00+00:00, run_after=2023-10-14T00:00:00+00:00
[2023-10-13T01:48:32.415+0000] {processor.py:179} INFO - Processing /opt/airflow/dags/dag_with_taskflow_api.py took 0.119 seconds
[2023-10-13T01:49:02.826+0000] {processor.py:157} INFO - Started process (PID=639) to work on /opt/airflow/dags/dag_with_taskflow_api.py
[2023-10-13T01:49:02.827+0000] {processor.py:829} INFO - Processing file /opt/airflow/dags/dag_with_taskflow_api.py for tasks to queue
[2023-10-13T01:49:02.828+0000] {logging_mixin.py:151} INFO - [2023-10-13T01:49:02.828+0000] {dagbag.py:539} INFO - Filling up the DagBag from /opt/airflow/dags/dag_with_taskflow_api.py
[2023-10-13T01:49:02.857+0000] {processor.py:839} INFO - DAG(s) dict_keys(['dag_w_taskflow_api_v1']) retrieved from /opt/airflow/dags/dag_with_taskflow_api.py
[2023-10-13T01:49:02.890+0000] {logging_mixin.py:151} INFO - [2023-10-13T01:49:02.890+0000] {dag.py:2915} INFO - Sync 1 DAGs
[2023-10-13T01:49:02.908+0000] {logging_mixin.py:151} INFO - [2023-10-13T01:49:02.908+0000] {dag.py:3696} INFO - Setting next_dagrun for dag_w_taskflow_api_v1 to 2023-10-13T00:00:00+00:00, run_after=2023-10-14T00:00:00+00:00
[2023-10-13T01:49:02.918+0000] {processor.py:179} INFO - Processing /opt/airflow/dags/dag_with_taskflow_api.py took 0.107 seconds
[2023-10-13T01:49:33.370+0000] {processor.py:157} INFO - Started process (PID=662) to work on /opt/airflow/dags/dag_with_taskflow_api.py
[2023-10-13T01:49:33.372+0000] {processor.py:829} INFO - Processing file /opt/airflow/dags/dag_with_taskflow_api.py for tasks to queue
[2023-10-13T01:49:33.373+0000] {logging_mixin.py:151} INFO - [2023-10-13T01:49:33.373+0000] {dagbag.py:539} INFO - Filling up the DagBag from /opt/airflow/dags/dag_with_taskflow_api.py
[2023-10-13T01:49:33.402+0000] {processor.py:839} INFO - DAG(s) dict_keys(['dag_w_taskflow_api_v1']) retrieved from /opt/airflow/dags/dag_with_taskflow_api.py
[2023-10-13T01:49:33.437+0000] {logging_mixin.py:151} INFO - [2023-10-13T01:49:33.437+0000] {dag.py:2915} INFO - Sync 1 DAGs
[2023-10-13T01:49:33.457+0000] {logging_mixin.py:151} INFO - [2023-10-13T01:49:33.457+0000] {dag.py:3696} INFO - Setting next_dagrun for dag_w_taskflow_api_v1 to 2023-10-13T00:00:00+00:00, run_after=2023-10-14T00:00:00+00:00
[2023-10-13T01:49:33.470+0000] {processor.py:179} INFO - Processing /opt/airflow/dags/dag_with_taskflow_api.py took 0.110 seconds
[2023-10-13T01:50:04.012+0000] {processor.py:157} INFO - Started process (PID=684) to work on /opt/airflow/dags/dag_with_taskflow_api.py
[2023-10-13T01:50:04.015+0000] {processor.py:829} INFO - Processing file /opt/airflow/dags/dag_with_taskflow_api.py for tasks to queue
[2023-10-13T01:50:04.016+0000] {logging_mixin.py:151} INFO - [2023-10-13T01:50:04.016+0000] {dagbag.py:539} INFO - Filling up the DagBag from /opt/airflow/dags/dag_with_taskflow_api.py
[2023-10-13T01:50:04.043+0000] {processor.py:839} INFO - DAG(s) dict_keys(['dag_w_taskflow_api_v1']) retrieved from /opt/airflow/dags/dag_with_taskflow_api.py
[2023-10-13T01:50:04.076+0000] {logging_mixin.py:151} INFO - [2023-10-13T01:50:04.075+0000] {dag.py:2915} INFO - Sync 1 DAGs
[2023-10-13T01:50:04.096+0000] {logging_mixin.py:151} INFO - [2023-10-13T01:50:04.096+0000] {dag.py:3696} INFO - Setting next_dagrun for dag_w_taskflow_api_v1 to 2023-10-13T00:00:00+00:00, run_after=2023-10-14T00:00:00+00:00
[2023-10-13T01:50:04.105+0000] {processor.py:179} INFO - Processing /opt/airflow/dags/dag_with_taskflow_api.py took 0.100 seconds
[2023-10-13T01:50:34.557+0000] {processor.py:157} INFO - Started process (PID=706) to work on /opt/airflow/dags/dag_with_taskflow_api.py
[2023-10-13T01:50:34.560+0000] {processor.py:829} INFO - Processing file /opt/airflow/dags/dag_with_taskflow_api.py for tasks to queue
[2023-10-13T01:50:34.561+0000] {logging_mixin.py:151} INFO - [2023-10-13T01:50:34.560+0000] {dagbag.py:539} INFO - Filling up the DagBag from /opt/airflow/dags/dag_with_taskflow_api.py
[2023-10-13T01:50:34.590+0000] {processor.py:839} INFO - DAG(s) dict_keys(['dag_w_taskflow_api_v1']) retrieved from /opt/airflow/dags/dag_with_taskflow_api.py
[2023-10-13T01:50:34.626+0000] {logging_mixin.py:151} INFO - [2023-10-13T01:50:34.626+0000] {dag.py:2915} INFO - Sync 1 DAGs
[2023-10-13T01:50:34.647+0000] {logging_mixin.py:151} INFO - [2023-10-13T01:50:34.647+0000] {dag.py:3696} INFO - Setting next_dagrun for dag_w_taskflow_api_v1 to 2023-10-13T00:00:00+00:00, run_after=2023-10-14T00:00:00+00:00
[2023-10-13T01:50:34.656+0000] {processor.py:179} INFO - Processing /opt/airflow/dags/dag_with_taskflow_api.py took 0.106 seconds
[2023-10-13T01:51:05.123+0000] {processor.py:157} INFO - Started process (PID=729) to work on /opt/airflow/dags/dag_with_taskflow_api.py
[2023-10-13T01:51:05.125+0000] {processor.py:829} INFO - Processing file /opt/airflow/dags/dag_with_taskflow_api.py for tasks to queue
[2023-10-13T01:51:05.127+0000] {logging_mixin.py:151} INFO - [2023-10-13T01:51:05.126+0000] {dagbag.py:539} INFO - Filling up the DagBag from /opt/airflow/dags/dag_with_taskflow_api.py
[2023-10-13T01:51:05.150+0000] {processor.py:839} INFO - DAG(s) dict_keys(['dag_w_taskflow_api_v1']) retrieved from /opt/airflow/dags/dag_with_taskflow_api.py
[2023-10-13T01:51:05.187+0000] {logging_mixin.py:151} INFO - [2023-10-13T01:51:05.187+0000] {dag.py:2915} INFO - Sync 1 DAGs
[2023-10-13T01:51:05.208+0000] {logging_mixin.py:151} INFO - [2023-10-13T01:51:05.208+0000] {dag.py:3696} INFO - Setting next_dagrun for dag_w_taskflow_api_v1 to 2023-10-13T00:00:00+00:00, run_after=2023-10-14T00:00:00+00:00
[2023-10-13T01:51:05.219+0000] {processor.py:179} INFO - Processing /opt/airflow/dags/dag_with_taskflow_api.py took 0.105 seconds
[2023-10-13T01:51:35.657+0000] {processor.py:157} INFO - Started process (PID=752) to work on /opt/airflow/dags/dag_with_taskflow_api.py
[2023-10-13T01:51:35.661+0000] {processor.py:829} INFO - Processing file /opt/airflow/dags/dag_with_taskflow_api.py for tasks to queue
[2023-10-13T01:51:35.662+0000] {logging_mixin.py:151} INFO - [2023-10-13T01:51:35.662+0000] {dagbag.py:539} INFO - Filling up the DagBag from /opt/airflow/dags/dag_with_taskflow_api.py
[2023-10-13T01:51:35.686+0000] {processor.py:839} INFO - DAG(s) dict_keys(['dag_w_taskflow_api_v1']) retrieved from /opt/airflow/dags/dag_with_taskflow_api.py
[2023-10-13T01:51:35.723+0000] {logging_mixin.py:151} INFO - [2023-10-13T01:51:35.723+0000] {dag.py:2915} INFO - Sync 1 DAGs
[2023-10-13T01:51:35.739+0000] {logging_mixin.py:151} INFO - [2023-10-13T01:51:35.739+0000] {dag.py:3696} INFO - Setting next_dagrun for dag_w_taskflow_api_v1 to 2023-10-13T00:00:00+00:00, run_after=2023-10-14T00:00:00+00:00
[2023-10-13T01:51:35.753+0000] {processor.py:179} INFO - Processing /opt/airflow/dags/dag_with_taskflow_api.py took 0.102 seconds
[2023-10-13T01:52:06.226+0000] {processor.py:157} INFO - Started process (PID=774) to work on /opt/airflow/dags/dag_with_taskflow_api.py
[2023-10-13T01:52:06.229+0000] {processor.py:829} INFO - Processing file /opt/airflow/dags/dag_with_taskflow_api.py for tasks to queue
[2023-10-13T01:52:06.230+0000] {logging_mixin.py:151} INFO - [2023-10-13T01:52:06.230+0000] {dagbag.py:539} INFO - Filling up the DagBag from /opt/airflow/dags/dag_with_taskflow_api.py
[2023-10-13T01:52:06.251+0000] {processor.py:839} INFO - DAG(s) dict_keys(['dag_w_taskflow_api_v1']) retrieved from /opt/airflow/dags/dag_with_taskflow_api.py
[2023-10-13T01:52:06.287+0000] {logging_mixin.py:151} INFO - [2023-10-13T01:52:06.287+0000] {dag.py:2915} INFO - Sync 1 DAGs
[2023-10-13T01:52:06.308+0000] {logging_mixin.py:151} INFO - [2023-10-13T01:52:06.308+0000] {dag.py:3696} INFO - Setting next_dagrun for dag_w_taskflow_api_v1 to 2023-10-13T00:00:00+00:00, run_after=2023-10-14T00:00:00+00:00
[2023-10-13T01:52:06.318+0000] {processor.py:179} INFO - Processing /opt/airflow/dags/dag_with_taskflow_api.py took 0.107 seconds
[2023-10-13T01:52:36.760+0000] {processor.py:157} INFO - Started process (PID=795) to work on /opt/airflow/dags/dag_with_taskflow_api.py
[2023-10-13T01:52:36.764+0000] {processor.py:829} INFO - Processing file /opt/airflow/dags/dag_with_taskflow_api.py for tasks to queue
[2023-10-13T01:52:36.765+0000] {logging_mixin.py:151} INFO - [2023-10-13T01:52:36.764+0000] {dagbag.py:539} INFO - Filling up the DagBag from /opt/airflow/dags/dag_with_taskflow_api.py
[2023-10-13T01:52:36.793+0000] {processor.py:839} INFO - DAG(s) dict_keys(['dag_w_taskflow_api_v1']) retrieved from /opt/airflow/dags/dag_with_taskflow_api.py
[2023-10-13T01:52:36.829+0000] {logging_mixin.py:151} INFO - [2023-10-13T01:52:36.829+0000] {dag.py:2915} INFO - Sync 1 DAGs
[2023-10-13T01:52:36.847+0000] {logging_mixin.py:151} INFO - [2023-10-13T01:52:36.847+0000] {dag.py:3696} INFO - Setting next_dagrun for dag_w_taskflow_api_v1 to 2023-10-13T00:00:00+00:00, run_after=2023-10-14T00:00:00+00:00
[2023-10-13T01:52:36.859+0000] {processor.py:179} INFO - Processing /opt/airflow/dags/dag_with_taskflow_api.py took 0.106 seconds
[2023-10-13T01:53:07.305+0000] {processor.py:157} INFO - Started process (PID=816) to work on /opt/airflow/dags/dag_with_taskflow_api.py
[2023-10-13T01:53:07.309+0000] {processor.py:829} INFO - Processing file /opt/airflow/dags/dag_with_taskflow_api.py for tasks to queue
[2023-10-13T01:53:07.310+0000] {logging_mixin.py:151} INFO - [2023-10-13T01:53:07.310+0000] {dagbag.py:539} INFO - Filling up the DagBag from /opt/airflow/dags/dag_with_taskflow_api.py
[2023-10-13T01:53:07.346+0000] {processor.py:839} INFO - DAG(s) dict_keys(['dag_w_taskflow_api_v1']) retrieved from /opt/airflow/dags/dag_with_taskflow_api.py
[2023-10-13T01:53:07.385+0000] {logging_mixin.py:151} INFO - [2023-10-13T01:53:07.385+0000] {dag.py:2915} INFO - Sync 1 DAGs
[2023-10-13T01:53:07.411+0000] {logging_mixin.py:151} INFO - [2023-10-13T01:53:07.410+0000] {dag.py:3696} INFO - Setting next_dagrun for dag_w_taskflow_api_v1 to 2023-10-13T00:00:00+00:00, run_after=2023-10-14T00:00:00+00:00
[2023-10-13T01:53:07.421+0000] {processor.py:179} INFO - Processing /opt/airflow/dags/dag_with_taskflow_api.py took 0.124 seconds
[2023-10-13T01:53:37.928+0000] {processor.py:157} INFO - Started process (PID=838) to work on /opt/airflow/dags/dag_with_taskflow_api.py
[2023-10-13T01:53:37.931+0000] {processor.py:829} INFO - Processing file /opt/airflow/dags/dag_with_taskflow_api.py for tasks to queue
[2023-10-13T01:53:37.933+0000] {logging_mixin.py:151} INFO - [2023-10-13T01:53:37.932+0000] {dagbag.py:539} INFO - Filling up the DagBag from /opt/airflow/dags/dag_with_taskflow_api.py
[2023-10-13T01:53:37.956+0000] {processor.py:839} INFO - DAG(s) dict_keys(['dag_w_taskflow_api_v1']) retrieved from /opt/airflow/dags/dag_with_taskflow_api.py
[2023-10-13T01:53:37.999+0000] {logging_mixin.py:151} INFO - [2023-10-13T01:53:37.999+0000] {dag.py:2915} INFO - Sync 1 DAGs
[2023-10-13T01:53:38.016+0000] {logging_mixin.py:151} INFO - [2023-10-13T01:53:38.016+0000] {dag.py:3696} INFO - Setting next_dagrun for dag_w_taskflow_api_v1 to 2023-10-13T00:00:00+00:00, run_after=2023-10-14T00:00:00+00:00
[2023-10-13T01:53:38.028+0000] {processor.py:179} INFO - Processing /opt/airflow/dags/dag_with_taskflow_api.py took 0.106 seconds
[2023-10-13T01:54:08.455+0000] {processor.py:157} INFO - Started process (PID=860) to work on /opt/airflow/dags/dag_with_taskflow_api.py
[2023-10-13T01:54:08.456+0000] {processor.py:829} INFO - Processing file /opt/airflow/dags/dag_with_taskflow_api.py for tasks to queue
[2023-10-13T01:54:08.458+0000] {logging_mixin.py:151} INFO - [2023-10-13T01:54:08.457+0000] {dagbag.py:539} INFO - Filling up the DagBag from /opt/airflow/dags/dag_with_taskflow_api.py
[2023-10-13T01:54:08.488+0000] {processor.py:839} INFO - DAG(s) dict_keys(['dag_w_taskflow_api_v1']) retrieved from /opt/airflow/dags/dag_with_taskflow_api.py
[2023-10-13T01:54:08.528+0000] {logging_mixin.py:151} INFO - [2023-10-13T01:54:08.528+0000] {dag.py:2915} INFO - Sync 1 DAGs
[2023-10-13T01:54:08.549+0000] {logging_mixin.py:151} INFO - [2023-10-13T01:54:08.549+0000] {dag.py:3696} INFO - Setting next_dagrun for dag_w_taskflow_api_v1 to 2023-10-13T00:00:00+00:00, run_after=2023-10-14T00:00:00+00:00
[2023-10-13T01:54:08.559+0000] {processor.py:179} INFO - Processing /opt/airflow/dags/dag_with_taskflow_api.py took 0.112 seconds
[2023-10-13T01:54:39.029+0000] {processor.py:157} INFO - Started process (PID=882) to work on /opt/airflow/dags/dag_with_taskflow_api.py
[2023-10-13T01:54:39.033+0000] {processor.py:829} INFO - Processing file /opt/airflow/dags/dag_with_taskflow_api.py for tasks to queue
[2023-10-13T01:54:39.035+0000] {logging_mixin.py:151} INFO - [2023-10-13T01:54:39.034+0000] {dagbag.py:539} INFO - Filling up the DagBag from /opt/airflow/dags/dag_with_taskflow_api.py
[2023-10-13T01:54:39.074+0000] {processor.py:839} INFO - DAG(s) dict_keys(['dag_w_taskflow_api_v1']) retrieved from /opt/airflow/dags/dag_with_taskflow_api.py
[2023-10-13T01:54:39.126+0000] {logging_mixin.py:151} INFO - [2023-10-13T01:54:39.126+0000] {dag.py:2915} INFO - Sync 1 DAGs
[2023-10-13T01:54:39.154+0000] {logging_mixin.py:151} INFO - [2023-10-13T01:54:39.153+0000] {dag.py:3696} INFO - Setting next_dagrun for dag_w_taskflow_api_v1 to 2023-10-13T00:00:00+00:00, run_after=2023-10-14T00:00:00+00:00
[2023-10-13T01:54:39.166+0000] {processor.py:179} INFO - Processing /opt/airflow/dags/dag_with_taskflow_api.py took 0.155 seconds
[2023-10-13T01:55:10.143+0000] {processor.py:157} INFO - Started process (PID=904) to work on /opt/airflow/dags/dag_with_taskflow_api.py
[2023-10-13T01:55:10.144+0000] {processor.py:829} INFO - Processing file /opt/airflow/dags/dag_with_taskflow_api.py for tasks to queue
[2023-10-13T01:55:10.145+0000] {logging_mixin.py:151} INFO - [2023-10-13T01:55:10.145+0000] {dagbag.py:539} INFO - Filling up the DagBag from /opt/airflow/dags/dag_with_taskflow_api.py
[2023-10-13T01:55:10.164+0000] {processor.py:839} INFO - DAG(s) dict_keys(['dag_w_taskflow_api_v1']) retrieved from /opt/airflow/dags/dag_with_taskflow_api.py
[2023-10-13T01:55:10.194+0000] {logging_mixin.py:151} INFO - [2023-10-13T01:55:10.194+0000] {dag.py:2915} INFO - Sync 1 DAGs
[2023-10-13T01:55:10.211+0000] {logging_mixin.py:151} INFO - [2023-10-13T01:55:10.210+0000] {dag.py:3696} INFO - Setting next_dagrun for dag_w_taskflow_api_v1 to 2023-10-13T00:00:00+00:00, run_after=2023-10-14T00:00:00+00:00
[2023-10-13T01:55:10.220+0000] {processor.py:179} INFO - Processing /opt/airflow/dags/dag_with_taskflow_api.py took 0.083 seconds
[2023-10-13T02:00:09.723+0000] {processor.py:157} INFO - Started process (PID=926) to work on /opt/airflow/dags/dag_with_taskflow_api.py
[2023-10-13T02:00:09.804+0000] {processor.py:829} INFO - Processing file /opt/airflow/dags/dag_with_taskflow_api.py for tasks to queue
[2023-10-13T02:00:09.808+0000] {logging_mixin.py:151} INFO - [2023-10-13T02:00:09.807+0000] {dagbag.py:539} INFO - Filling up the DagBag from /opt/airflow/dags/dag_with_taskflow_api.py
[2023-10-13T02:00:10.020+0000] {processor.py:839} INFO - DAG(s) dict_keys(['dag_w_taskflow_api_v1']) retrieved from /opt/airflow/dags/dag_with_taskflow_api.py
[2023-10-13T02:00:10.250+0000] {logging_mixin.py:151} INFO - [2023-10-13T02:00:10.249+0000] {dag.py:2915} INFO - Sync 1 DAGs
[2023-10-13T02:00:10.371+0000] {logging_mixin.py:151} INFO - [2023-10-13T02:00:10.371+0000] {dag.py:3696} INFO - Setting next_dagrun for dag_w_taskflow_api_v1 to 2023-10-13T00:00:00+00:00, run_after=2023-10-14T00:00:00+00:00
[2023-10-13T02:00:10.442+0000] {processor.py:179} INFO - Processing /opt/airflow/dags/dag_with_taskflow_api.py took 0.817 seconds
[2023-10-13T02:00:41.207+0000] {processor.py:157} INFO - Started process (PID=950) to work on /opt/airflow/dags/dag_with_taskflow_api.py
[2023-10-13T02:00:41.210+0000] {processor.py:829} INFO - Processing file /opt/airflow/dags/dag_with_taskflow_api.py for tasks to queue
[2023-10-13T02:00:41.211+0000] {logging_mixin.py:151} INFO - [2023-10-13T02:00:41.211+0000] {dagbag.py:539} INFO - Filling up the DagBag from /opt/airflow/dags/dag_with_taskflow_api.py
[2023-10-13T02:00:41.242+0000] {processor.py:839} INFO - DAG(s) dict_keys(['dag_w_taskflow_api_v1']) retrieved from /opt/airflow/dags/dag_with_taskflow_api.py
[2023-10-13T02:00:41.286+0000] {logging_mixin.py:151} INFO - [2023-10-13T02:00:41.286+0000] {dag.py:2915} INFO - Sync 1 DAGs
[2023-10-13T02:00:41.306+0000] {logging_mixin.py:151} INFO - [2023-10-13T02:00:41.306+0000] {dag.py:3696} INFO - Setting next_dagrun for dag_w_taskflow_api_v1 to 2023-10-13T00:00:00+00:00, run_after=2023-10-14T00:00:00+00:00
[2023-10-13T02:00:41.317+0000] {processor.py:179} INFO - Processing /opt/airflow/dags/dag_with_taskflow_api.py took 0.121 seconds
[2023-10-13T02:01:11.895+0000] {processor.py:157} INFO - Started process (PID=972) to work on /opt/airflow/dags/dag_with_taskflow_api.py
[2023-10-13T02:01:11.897+0000] {processor.py:829} INFO - Processing file /opt/airflow/dags/dag_with_taskflow_api.py for tasks to queue
[2023-10-13T02:01:11.901+0000] {logging_mixin.py:151} INFO - [2023-10-13T02:01:11.898+0000] {dagbag.py:539} INFO - Filling up the DagBag from /opt/airflow/dags/dag_with_taskflow_api.py
[2023-10-13T02:01:11.933+0000] {logging_mixin.py:151} INFO - [2023-10-13T02:01:11.918+0000] {dagbag.py:347} ERROR - Failed to import: /opt/airflow/dags/dag_with_taskflow_api.py
Traceback (most recent call last):
  File "/home/airflow/.local/lib/python3.8/site-packages/airflow/models/dagbag.py", line 343, in parse
    loader.exec_module(new_module)
  File "<frozen importlib._bootstrap_external>", line 843, in exec_module
  File "<frozen importlib._bootstrap>", line 219, in _call_with_frames_removed
  File "/opt/airflow/dags/dag_with_taskflow_api.py", line 33, in <module>
    greet_dag = hello_world_etl()
  File "/home/airflow/.local/lib/python3.8/site-packages/airflow/models/dag.py", line 3817, in factory
    f(**f_kwargs)
  File "/opt/airflow/dags/dag_with_taskflow_api.py", line 31, in hello_world_etl
    greet(name=name, age=age)
  File "/home/airflow/.local/lib/python3.8/site-packages/airflow/decorators/base.py", line 346, in __call__
    op = self.operator_class(
  File "/home/airflow/.local/lib/python3.8/site-packages/airflow/models/baseoperator.py", line 437, in apply_defaults
    result = func(self, **kwargs, default_args=default_args)
  File "/home/airflow/.local/lib/python3.8/site-packages/airflow/decorators/python.py", line 49, in __init__
    super().__init__(
  File "/home/airflow/.local/lib/python3.8/site-packages/airflow/models/baseoperator.py", line 437, in apply_defaults
    result = func(self, **kwargs, default_args=default_args)
  File "/home/airflow/.local/lib/python3.8/site-packages/airflow/decorators/base.py", line 208, in __init__
    inspect.signature(python_callable).bind(*op_args, **op_kwargs)
  File "/usr/local/lib/python3.8/inspect.py", line 3037, in bind
    return self._bind(args, kwargs)
  File "/usr/local/lib/python3.8/inspect.py", line 2952, in _bind
    raise TypeError(msg) from None
TypeError: missing a required argument: 'first_name'
[2023-10-13T02:01:11.933+0000] {processor.py:841} WARNING - No viable dags retrieved from /opt/airflow/dags/dag_with_taskflow_api.py
[2023-10-13T02:01:11.964+0000] {processor.py:179} INFO - Processing /opt/airflow/dags/dag_with_taskflow_api.py took 0.077 seconds
[2023-10-13T02:01:42.544+0000] {processor.py:157} INFO - Started process (PID=994) to work on /opt/airflow/dags/dag_with_taskflow_api.py
[2023-10-13T02:01:42.545+0000] {processor.py:829} INFO - Processing file /opt/airflow/dags/dag_with_taskflow_api.py for tasks to queue
[2023-10-13T02:01:42.547+0000] {logging_mixin.py:151} INFO - [2023-10-13T02:01:42.546+0000] {dagbag.py:539} INFO - Filling up the DagBag from /opt/airflow/dags/dag_with_taskflow_api.py
[2023-10-13T02:01:42.569+0000] {logging_mixin.py:151} INFO - [2023-10-13T02:01:42.563+0000] {dagbag.py:347} ERROR - Failed to import: /opt/airflow/dags/dag_with_taskflow_api.py
Traceback (most recent call last):
  File "/home/airflow/.local/lib/python3.8/site-packages/airflow/models/dagbag.py", line 343, in parse
    loader.exec_module(new_module)
  File "<frozen importlib._bootstrap_external>", line 843, in exec_module
  File "<frozen importlib._bootstrap>", line 219, in _call_with_frames_removed
  File "/opt/airflow/dags/dag_with_taskflow_api.py", line 33, in <module>
    greet_dag = hello_world_etl()
  File "/home/airflow/.local/lib/python3.8/site-packages/airflow/models/dag.py", line 3817, in factory
    f(**f_kwargs)
  File "/opt/airflow/dags/dag_with_taskflow_api.py", line 31, in hello_world_etl
    greet(name=name, age=age)
  File "/home/airflow/.local/lib/python3.8/site-packages/airflow/decorators/base.py", line 346, in __call__
    op = self.operator_class(
  File "/home/airflow/.local/lib/python3.8/site-packages/airflow/models/baseoperator.py", line 437, in apply_defaults
    result = func(self, **kwargs, default_args=default_args)
  File "/home/airflow/.local/lib/python3.8/site-packages/airflow/decorators/python.py", line 49, in __init__
    super().__init__(
  File "/home/airflow/.local/lib/python3.8/site-packages/airflow/models/baseoperator.py", line 437, in apply_defaults
    result = func(self, **kwargs, default_args=default_args)
  File "/home/airflow/.local/lib/python3.8/site-packages/airflow/decorators/base.py", line 208, in __init__
    inspect.signature(python_callable).bind(*op_args, **op_kwargs)
  File "/usr/local/lib/python3.8/inspect.py", line 3037, in bind
    return self._bind(args, kwargs)
  File "/usr/local/lib/python3.8/inspect.py", line 2952, in _bind
    raise TypeError(msg) from None
TypeError: missing a required argument: 'first_name'
[2023-10-13T02:01:42.570+0000] {processor.py:841} WARNING - No viable dags retrieved from /opt/airflow/dags/dag_with_taskflow_api.py
[2023-10-13T02:01:42.597+0000] {processor.py:179} INFO - Processing /opt/airflow/dags/dag_with_taskflow_api.py took 0.065 seconds
[2023-10-13T02:02:13.286+0000] {processor.py:157} INFO - Started process (PID=1016) to work on /opt/airflow/dags/dag_with_taskflow_api.py
[2023-10-13T02:02:13.291+0000] {processor.py:829} INFO - Processing file /opt/airflow/dags/dag_with_taskflow_api.py for tasks to queue
[2023-10-13T02:02:13.292+0000] {logging_mixin.py:151} INFO - [2023-10-13T02:02:13.292+0000] {dagbag.py:539} INFO - Filling up the DagBag from /opt/airflow/dags/dag_with_taskflow_api.py
[2023-10-13T02:02:13.316+0000] {logging_mixin.py:151} INFO - [2023-10-13T02:02:13.311+0000] {dagbag.py:347} ERROR - Failed to import: /opt/airflow/dags/dag_with_taskflow_api.py
Traceback (most recent call last):
  File "/home/airflow/.local/lib/python3.8/site-packages/airflow/models/dagbag.py", line 343, in parse
    loader.exec_module(new_module)
  File "<frozen importlib._bootstrap_external>", line 843, in exec_module
  File "<frozen importlib._bootstrap>", line 219, in _call_with_frames_removed
  File "/opt/airflow/dags/dag_with_taskflow_api.py", line 33, in <module>
    greet_dag = hello_world_etl()
  File "/home/airflow/.local/lib/python3.8/site-packages/airflow/models/dag.py", line 3817, in factory
    f(**f_kwargs)
  File "/opt/airflow/dags/dag_with_taskflow_api.py", line 31, in hello_world_etl
    greet(name=name, age=age)
  File "/home/airflow/.local/lib/python3.8/site-packages/airflow/decorators/base.py", line 346, in __call__
    op = self.operator_class(
  File "/home/airflow/.local/lib/python3.8/site-packages/airflow/models/baseoperator.py", line 437, in apply_defaults
    result = func(self, **kwargs, default_args=default_args)
  File "/home/airflow/.local/lib/python3.8/site-packages/airflow/decorators/python.py", line 49, in __init__
    super().__init__(
  File "/home/airflow/.local/lib/python3.8/site-packages/airflow/models/baseoperator.py", line 437, in apply_defaults
    result = func(self, **kwargs, default_args=default_args)
  File "/home/airflow/.local/lib/python3.8/site-packages/airflow/decorators/base.py", line 208, in __init__
    inspect.signature(python_callable).bind(*op_args, **op_kwargs)
  File "/usr/local/lib/python3.8/inspect.py", line 3037, in bind
    return self._bind(args, kwargs)
  File "/usr/local/lib/python3.8/inspect.py", line 2952, in _bind
    raise TypeError(msg) from None
TypeError: missing a required argument: 'first_name'
[2023-10-13T02:02:13.316+0000] {processor.py:841} WARNING - No viable dags retrieved from /opt/airflow/dags/dag_with_taskflow_api.py
[2023-10-13T02:02:13.342+0000] {processor.py:179} INFO - Processing /opt/airflow/dags/dag_with_taskflow_api.py took 0.063 seconds
[2023-10-13T02:02:43.863+0000] {processor.py:157} INFO - Started process (PID=1038) to work on /opt/airflow/dags/dag_with_taskflow_api.py
[2023-10-13T02:02:43.866+0000] {processor.py:829} INFO - Processing file /opt/airflow/dags/dag_with_taskflow_api.py for tasks to queue
[2023-10-13T02:02:43.868+0000] {logging_mixin.py:151} INFO - [2023-10-13T02:02:43.867+0000] {dagbag.py:539} INFO - Filling up the DagBag from /opt/airflow/dags/dag_with_taskflow_api.py
[2023-10-13T02:02:43.895+0000] {logging_mixin.py:151} INFO - [2023-10-13T02:02:43.887+0000] {dagbag.py:347} ERROR - Failed to import: /opt/airflow/dags/dag_with_taskflow_api.py
Traceback (most recent call last):
  File "/home/airflow/.local/lib/python3.8/site-packages/airflow/models/dagbag.py", line 343, in parse
    loader.exec_module(new_module)
  File "<frozen importlib._bootstrap_external>", line 843, in exec_module
  File "<frozen importlib._bootstrap>", line 219, in _call_with_frames_removed
  File "/opt/airflow/dags/dag_with_taskflow_api.py", line 33, in <module>
    greet_dag = hello_world_etl()
  File "/home/airflow/.local/lib/python3.8/site-packages/airflow/models/dag.py", line 3817, in factory
    f(**f_kwargs)
  File "/opt/airflow/dags/dag_with_taskflow_api.py", line 31, in hello_world_etl
    greet(name=name, age=age)
  File "/home/airflow/.local/lib/python3.8/site-packages/airflow/decorators/base.py", line 346, in __call__
    op = self.operator_class(
  File "/home/airflow/.local/lib/python3.8/site-packages/airflow/models/baseoperator.py", line 437, in apply_defaults
    result = func(self, **kwargs, default_args=default_args)
  File "/home/airflow/.local/lib/python3.8/site-packages/airflow/decorators/python.py", line 49, in __init__
    super().__init__(
  File "/home/airflow/.local/lib/python3.8/site-packages/airflow/models/baseoperator.py", line 437, in apply_defaults
    result = func(self, **kwargs, default_args=default_args)
  File "/home/airflow/.local/lib/python3.8/site-packages/airflow/decorators/base.py", line 208, in __init__
    inspect.signature(python_callable).bind(*op_args, **op_kwargs)
  File "/usr/local/lib/python3.8/inspect.py", line 3037, in bind
    return self._bind(args, kwargs)
  File "/usr/local/lib/python3.8/inspect.py", line 2952, in _bind
    raise TypeError(msg) from None
TypeError: missing a required argument: 'first_name'
[2023-10-13T02:02:43.896+0000] {processor.py:841} WARNING - No viable dags retrieved from /opt/airflow/dags/dag_with_taskflow_api.py
[2023-10-13T02:02:43.927+0000] {processor.py:179} INFO - Processing /opt/airflow/dags/dag_with_taskflow_api.py took 0.078 seconds
[2023-10-13T02:02:55.162+0000] {processor.py:157} INFO - Started process (PID=1053) to work on /opt/airflow/dags/dag_with_taskflow_api.py
[2023-10-13T02:02:55.164+0000] {processor.py:829} INFO - Processing file /opt/airflow/dags/dag_with_taskflow_api.py for tasks to queue
[2023-10-13T02:02:55.165+0000] {logging_mixin.py:151} INFO - [2023-10-13T02:02:55.165+0000] {dagbag.py:539} INFO - Filling up the DagBag from /opt/airflow/dags/dag_with_taskflow_api.py
[2023-10-13T02:02:55.172+0000] {logging_mixin.py:151} INFO - [2023-10-13T02:02:55.170+0000] {dagbag.py:347} ERROR - Failed to import: /opt/airflow/dags/dag_with_taskflow_api.py
Traceback (most recent call last):
  File "/home/airflow/.local/lib/python3.8/site-packages/airflow/models/dagbag.py", line 343, in parse
    loader.exec_module(new_module)
  File "<frozen importlib._bootstrap_external>", line 839, in exec_module
  File "<frozen importlib._bootstrap_external>", line 976, in get_code
  File "<frozen importlib._bootstrap_external>", line 906, in source_to_code
  File "<frozen importlib._bootstrap>", line 219, in _call_with_frames_removed
  File "/opt/airflow/dags/dag_with_taskflow_api.py", line 31
    greet(first_name=name_dict['first_name'], last_name=name_dict['last_name'] age=age)
                                                                               ^
SyntaxError: invalid syntax
[2023-10-13T02:02:55.172+0000] {processor.py:841} WARNING - No viable dags retrieved from /opt/airflow/dags/dag_with_taskflow_api.py
[2023-10-13T02:02:55.194+0000] {processor.py:179} INFO - Processing /opt/airflow/dags/dag_with_taskflow_api.py took 0.038 seconds
[2023-10-13T02:03:19.571+0000] {processor.py:157} INFO - Started process (PID=1075) to work on /opt/airflow/dags/dag_with_taskflow_api.py
[2023-10-13T02:03:19.574+0000] {processor.py:829} INFO - Processing file /opt/airflow/dags/dag_with_taskflow_api.py for tasks to queue
[2023-10-13T02:03:19.580+0000] {logging_mixin.py:151} INFO - [2023-10-13T02:03:19.575+0000] {dagbag.py:539} INFO - Filling up the DagBag from /opt/airflow/dags/dag_with_taskflow_api.py
[2023-10-13T02:03:19.608+0000] {processor.py:839} INFO - DAG(s) dict_keys(['dag_w_taskflow_api_v2']) retrieved from /opt/airflow/dags/dag_with_taskflow_api.py
[2023-10-13T02:03:19.752+0000] {logging_mixin.py:151} INFO - [2023-10-13T02:03:19.751+0000] {manager.py:499} INFO - Created Permission View: %s
[2023-10-13T02:03:19.759+0000] {logging_mixin.py:151} INFO - [2023-10-13T02:03:19.759+0000] {manager.py:499} INFO - Created Permission View: %s
[2023-10-13T02:03:19.761+0000] {logging_mixin.py:151} INFO - [2023-10-13T02:03:19.761+0000] {manager.py:499} INFO - Created Permission View: %s
[2023-10-13T02:03:19.761+0000] {logging_mixin.py:151} INFO - [2023-10-13T02:03:19.761+0000] {security.py:708} INFO - Not syncing DAG-level permissions for DAG 'DAG:dag_w_taskflow_api_v2' as access control is unset.
[2023-10-13T02:03:19.761+0000] {logging_mixin.py:151} INFO - [2023-10-13T02:03:19.761+0000] {dag.py:2915} INFO - Sync 1 DAGs
[2023-10-13T02:03:19.767+0000] {logging_mixin.py:151} INFO - [2023-10-13T02:03:19.767+0000] {dag.py:2937} INFO - Creating ORM DAG for dag_w_taskflow_api_v2
[2023-10-13T02:03:19.777+0000] {logging_mixin.py:151} INFO - [2023-10-13T02:03:19.777+0000] {dag.py:3696} INFO - Setting next_dagrun for dag_w_taskflow_api_v2 to 2023-09-30T00:00:00+00:00, run_after=2023-10-01T00:00:00+00:00
[2023-10-13T02:03:19.785+0000] {processor.py:179} INFO - Processing /opt/airflow/dags/dag_with_taskflow_api.py took 0.224 seconds
[2023-10-13T02:03:49.983+0000] {processor.py:157} INFO - Started process (PID=1168) to work on /opt/airflow/dags/dag_with_taskflow_api.py
[2023-10-13T02:03:49.994+0000] {processor.py:829} INFO - Processing file /opt/airflow/dags/dag_with_taskflow_api.py for tasks to queue
[2023-10-13T02:03:49.998+0000] {logging_mixin.py:151} INFO - [2023-10-13T02:03:49.997+0000] {dagbag.py:539} INFO - Filling up the DagBag from /opt/airflow/dags/dag_with_taskflow_api.py
[2023-10-13T02:03:50.110+0000] {processor.py:839} INFO - DAG(s) dict_keys(['dag_w_taskflow_api_v2']) retrieved from /opt/airflow/dags/dag_with_taskflow_api.py
[2023-10-13T02:03:50.229+0000] {logging_mixin.py:151} INFO - [2023-10-13T02:03:50.228+0000] {dag.py:2915} INFO - Sync 1 DAGs
[2023-10-13T02:03:50.306+0000] {logging_mixin.py:151} INFO - [2023-10-13T02:03:50.305+0000] {dag.py:3696} INFO - Setting next_dagrun for dag_w_taskflow_api_v2 to 2023-10-13T00:00:00+00:00, run_after=2023-10-14T00:00:00+00:00
[2023-10-13T02:03:50.376+0000] {processor.py:179} INFO - Processing /opt/airflow/dags/dag_with_taskflow_api.py took 0.406 seconds
[2023-10-13T02:04:06.161+0000] {processor.py:157} INFO - Started process (PID=1187) to work on /opt/airflow/dags/dag_with_taskflow_api.py
[2023-10-13T02:04:06.163+0000] {processor.py:829} INFO - Processing file /opt/airflow/dags/dag_with_taskflow_api.py for tasks to queue
[2023-10-13T02:04:06.165+0000] {logging_mixin.py:151} INFO - [2023-10-13T02:04:06.164+0000] {dagbag.py:539} INFO - Filling up the DagBag from /opt/airflow/dags/dag_with_taskflow_api.py
[2023-10-13T02:04:06.195+0000] {processor.py:839} INFO - DAG(s) dict_keys(['dag_w_taskflow_api_v2']) retrieved from /opt/airflow/dags/dag_with_taskflow_api.py
[2023-10-13T02:04:06.236+0000] {logging_mixin.py:151} INFO - [2023-10-13T02:04:06.236+0000] {dag.py:2915} INFO - Sync 1 DAGs
[2023-10-13T02:04:06.259+0000] {logging_mixin.py:151} INFO - [2023-10-13T02:04:06.259+0000] {dag.py:3696} INFO - Setting next_dagrun for dag_w_taskflow_api_v2 to 2023-10-13T00:00:00+00:00, run_after=2023-10-14T00:00:00+00:00
[2023-10-13T02:04:06.275+0000] {processor.py:179} INFO - Processing /opt/airflow/dags/dag_with_taskflow_api.py took 0.121 seconds
[2023-10-13T02:04:36.741+0000] {processor.py:157} INFO - Started process (PID=1209) to work on /opt/airflow/dags/dag_with_taskflow_api.py
[2023-10-13T02:04:36.744+0000] {processor.py:829} INFO - Processing file /opt/airflow/dags/dag_with_taskflow_api.py for tasks to queue
[2023-10-13T02:04:36.747+0000] {logging_mixin.py:151} INFO - [2023-10-13T02:04:36.746+0000] {dagbag.py:539} INFO - Filling up the DagBag from /opt/airflow/dags/dag_with_taskflow_api.py
[2023-10-13T02:04:36.783+0000] {processor.py:839} INFO - DAG(s) dict_keys(['dag_w_taskflow_api_v2']) retrieved from /opt/airflow/dags/dag_with_taskflow_api.py
[2023-10-13T02:04:36.818+0000] {logging_mixin.py:151} INFO - [2023-10-13T02:04:36.818+0000] {dag.py:2915} INFO - Sync 1 DAGs
[2023-10-13T02:04:36.834+0000] {logging_mixin.py:151} INFO - [2023-10-13T02:04:36.834+0000] {dag.py:3696} INFO - Setting next_dagrun for dag_w_taskflow_api_v2 to 2023-10-13T00:00:00+00:00, run_after=2023-10-14T00:00:00+00:00
[2023-10-13T02:04:36.848+0000] {processor.py:179} INFO - Processing /opt/airflow/dags/dag_with_taskflow_api.py took 0.115 seconds
[2023-10-13T02:05:07.353+0000] {processor.py:157} INFO - Started process (PID=1231) to work on /opt/airflow/dags/dag_with_taskflow_api.py
[2023-10-13T02:05:07.357+0000] {processor.py:829} INFO - Processing file /opt/airflow/dags/dag_with_taskflow_api.py for tasks to queue
[2023-10-13T02:05:07.359+0000] {logging_mixin.py:151} INFO - [2023-10-13T02:05:07.358+0000] {dagbag.py:539} INFO - Filling up the DagBag from /opt/airflow/dags/dag_with_taskflow_api.py
[2023-10-13T02:05:07.395+0000] {processor.py:839} INFO - DAG(s) dict_keys(['dag_w_taskflow_api_v2']) retrieved from /opt/airflow/dags/dag_with_taskflow_api.py
[2023-10-13T02:05:07.443+0000] {logging_mixin.py:151} INFO - [2023-10-13T02:05:07.443+0000] {dag.py:2915} INFO - Sync 1 DAGs
[2023-10-13T02:05:07.464+0000] {logging_mixin.py:151} INFO - [2023-10-13T02:05:07.464+0000] {dag.py:3696} INFO - Setting next_dagrun for dag_w_taskflow_api_v2 to 2023-10-13T00:00:00+00:00, run_after=2023-10-14T00:00:00+00:00
[2023-10-13T02:05:07.474+0000] {processor.py:179} INFO - Processing /opt/airflow/dags/dag_with_taskflow_api.py took 0.134 seconds
[2023-10-13T02:05:37.916+0000] {processor.py:157} INFO - Started process (PID=1253) to work on /opt/airflow/dags/dag_with_taskflow_api.py
[2023-10-13T02:05:37.919+0000] {processor.py:829} INFO - Processing file /opt/airflow/dags/dag_with_taskflow_api.py for tasks to queue
[2023-10-13T02:05:37.927+0000] {logging_mixin.py:151} INFO - [2023-10-13T02:05:37.925+0000] {dagbag.py:539} INFO - Filling up the DagBag from /opt/airflow/dags/dag_with_taskflow_api.py
[2023-10-13T02:05:37.958+0000] {processor.py:839} INFO - DAG(s) dict_keys(['dag_w_taskflow_api_v2']) retrieved from /opt/airflow/dags/dag_with_taskflow_api.py
[2023-10-13T02:05:37.995+0000] {logging_mixin.py:151} INFO - [2023-10-13T02:05:37.995+0000] {dag.py:2915} INFO - Sync 1 DAGs
[2023-10-13T02:05:38.015+0000] {logging_mixin.py:151} INFO - [2023-10-13T02:05:38.015+0000] {dag.py:3696} INFO - Setting next_dagrun for dag_w_taskflow_api_v2 to 2023-10-13T00:00:00+00:00, run_after=2023-10-14T00:00:00+00:00
[2023-10-13T02:05:38.025+0000] {processor.py:179} INFO - Processing /opt/airflow/dags/dag_with_taskflow_api.py took 0.117 seconds
[2023-10-13T02:06:08.644+0000] {processor.py:157} INFO - Started process (PID=1275) to work on /opt/airflow/dags/dag_with_taskflow_api.py
[2023-10-13T02:06:08.646+0000] {processor.py:829} INFO - Processing file /opt/airflow/dags/dag_with_taskflow_api.py for tasks to queue
[2023-10-13T02:06:08.647+0000] {logging_mixin.py:151} INFO - [2023-10-13T02:06:08.647+0000] {dagbag.py:539} INFO - Filling up the DagBag from /opt/airflow/dags/dag_with_taskflow_api.py
[2023-10-13T02:06:08.669+0000] {processor.py:839} INFO - DAG(s) dict_keys(['dag_w_taskflow_api_v2']) retrieved from /opt/airflow/dags/dag_with_taskflow_api.py
[2023-10-13T02:06:08.709+0000] {logging_mixin.py:151} INFO - [2023-10-13T02:06:08.709+0000] {dag.py:2915} INFO - Sync 1 DAGs
[2023-10-13T02:06:08.728+0000] {logging_mixin.py:151} INFO - [2023-10-13T02:06:08.728+0000] {dag.py:3696} INFO - Setting next_dagrun for dag_w_taskflow_api_v2 to 2023-10-13T00:00:00+00:00, run_after=2023-10-14T00:00:00+00:00
[2023-10-13T02:06:08.740+0000] {processor.py:179} INFO - Processing /opt/airflow/dags/dag_with_taskflow_api.py took 0.105 seconds
[2023-10-13T02:06:39.223+0000] {processor.py:157} INFO - Started process (PID=1297) to work on /opt/airflow/dags/dag_with_taskflow_api.py
[2023-10-13T02:06:39.228+0000] {processor.py:829} INFO - Processing file /opt/airflow/dags/dag_with_taskflow_api.py for tasks to queue
[2023-10-13T02:06:39.230+0000] {logging_mixin.py:151} INFO - [2023-10-13T02:06:39.229+0000] {dagbag.py:539} INFO - Filling up the DagBag from /opt/airflow/dags/dag_with_taskflow_api.py
[2023-10-13T02:06:39.274+0000] {processor.py:839} INFO - DAG(s) dict_keys(['dag_w_taskflow_api_v2']) retrieved from /opt/airflow/dags/dag_with_taskflow_api.py
[2023-10-13T02:06:39.313+0000] {logging_mixin.py:151} INFO - [2023-10-13T02:06:39.313+0000] {dag.py:2915} INFO - Sync 1 DAGs
[2023-10-13T02:06:39.334+0000] {logging_mixin.py:151} INFO - [2023-10-13T02:06:39.334+0000] {dag.py:3696} INFO - Setting next_dagrun for dag_w_taskflow_api_v2 to 2023-10-13T00:00:00+00:00, run_after=2023-10-14T00:00:00+00:00
[2023-10-13T02:06:39.344+0000] {processor.py:179} INFO - Processing /opt/airflow/dags/dag_with_taskflow_api.py took 0.135 seconds
