[2023-10-13T01:04:49.857+0000] {taskinstance.py:1157} INFO - Dependencies all met for dep_context=non-requeueable deps ti=<TaskInstance: our_first_dag_w_python_v4.salutation scheduled__2023-10-07T00:00:00+00:00 [queued]>
[2023-10-13T01:04:49.896+0000] {taskinstance.py:1157} INFO - Dependencies all met for dep_context=requeueable deps ti=<TaskInstance: our_first_dag_w_python_v4.salutation scheduled__2023-10-07T00:00:00+00:00 [queued]>
[2023-10-13T01:04:49.902+0000] {taskinstance.py:1359} INFO - Starting attempt 1 of 6
[2023-10-13T01:04:49.951+0000] {taskinstance.py:1380} INFO - Executing <Task(PythonOperator): salutation> on 2023-10-07 00:00:00+00:00
[2023-10-13T01:04:50.040+0000] {standard_task_runner.py:57} INFO - Started process 564 to run task
[2023-10-13T01:04:50.064+0000] {standard_task_runner.py:84} INFO - Running: ['***', 'tasks', 'run', 'our_first_dag_w_python_v4', 'salutation', 'scheduled__2023-10-07T00:00:00+00:00', '--job-id', '666', '--raw', '--subdir', 'DAGS_FOLDER/create_dag_with_pythonoperator.py', '--cfg-path', '/tmp/tmplm6_253k']
[2023-10-13T01:04:50.093+0000] {standard_task_runner.py:85} INFO - Job 666: Subtask salutation
[2023-10-13T01:04:50.366+0000] {task_command.py:415} INFO - Running <TaskInstance: our_first_dag_w_python_v4.salutation scheduled__2023-10-07T00:00:00+00:00 [running]> on host 1a5849cd9120
[2023-10-13T01:04:50.658+0000] {taskinstance.py:1660} INFO - Exporting env vars: AIRFLOW_CTX_DAG_OWNER='varun' AIRFLOW_CTX_DAG_ID='our_first_dag_w_python_v4' AIRFLOW_CTX_TASK_ID='salutation' AIRFLOW_CTX_EXECUTION_DATE='2023-10-07T00:00:00+00:00' AIRFLOW_CTX_TRY_NUMBER='1' AIRFLOW_CTX_DAG_RUN_ID='scheduled__2023-10-07T00:00:00+00:00'
[2023-10-13T01:04:50.667+0000] {taskinstance.py:1935} ERROR - Task failed with exception
Traceback (most recent call last):
  File "/home/airflow/.local/lib/python3.8/site-packages/airflow/operators/python.py", line 192, in execute
    return_value = self.execute_callable()
  File "/home/airflow/.local/lib/python3.8/site-packages/airflow/operators/python.py", line 209, in execute_callable
    return self.python_callable(*self.op_args, **self.op_kwargs)
  File "/opt/airflow/dags/create_dag_with_pythonoperator.py", line 12, in greet
    name=ti.xcoms_pull(task_ids='get_name')
AttributeError: 'TaskInstance' object has no attribute 'xcoms_pull'
[2023-10-13T01:04:50.813+0000] {taskinstance.py:1398} INFO - Marking task as UP_FOR_RETRY. dag_id=our_first_dag_w_python_v4, task_id=salutation, execution_date=20231007T000000, start_date=20231013T010449, end_date=20231013T010450
[2023-10-13T01:04:51.048+0000] {standard_task_runner.py:104} ERROR - Failed to execute job 666 for task salutation ('TaskInstance' object has no attribute 'xcoms_pull'; 564)
[2023-10-13T01:04:51.191+0000] {local_task_job_runner.py:228} INFO - Task exited with return code 1
[2023-10-13T01:04:51.425+0000] {taskinstance.py:2776} INFO - 0 downstream tasks scheduled from follow-on schedule check
