[2023-10-15T23:49:06.348+0000] {processor.py:157} INFO - Started process (PID=174) to work on /opt/airflow/dags/create_dag_with_pythonoperator.py
[2023-10-15T23:49:06.348+0000] {processor.py:829} INFO - Processing file /opt/airflow/dags/create_dag_with_pythonoperator.py for tasks to queue
[2023-10-15T23:49:06.349+0000] {logging_mixin.py:151} INFO - [2023-10-15T23:49:06.348+0000] {dagbag.py:539} INFO - Filling up the DagBag from /opt/airflow/dags/create_dag_with_pythonoperator.py
[2023-10-15T23:49:06.356+0000] {processor.py:839} INFO - DAG(s) dict_keys(['our_first_dag_w_python_v6']) retrieved from /opt/airflow/dags/create_dag_with_pythonoperator.py
[2023-10-15T23:49:06.503+0000] {logging_mixin.py:151} INFO - [2023-10-15T23:49:06.503+0000] {security.py:708} INFO - Not syncing DAG-level permissions for DAG 'DAG:our_first_dag_w_python_v6' as access control is unset.
[2023-10-15T23:49:06.503+0000] {logging_mixin.py:151} INFO - [2023-10-15T23:49:06.503+0000] {dag.py:2915} INFO - Sync 1 DAGs
[2023-10-15T23:49:06.512+0000] {logging_mixin.py:151} INFO - [2023-10-15T23:49:06.512+0000] {dag.py:3696} INFO - Setting next_dagrun for our_first_dag_w_python_v6 to 2023-10-13T00:00:00+00:00, run_after=2023-10-14T00:00:00+00:00
[2023-10-15T23:49:06.520+0000] {processor.py:179} INFO - Processing /opt/airflow/dags/create_dag_with_pythonoperator.py took 0.174 seconds
[2023-10-15T23:49:37.161+0000] {processor.py:157} INFO - Started process (PID=201) to work on /opt/airflow/dags/create_dag_with_pythonoperator.py
[2023-10-15T23:49:37.161+0000] {processor.py:829} INFO - Processing file /opt/airflow/dags/create_dag_with_pythonoperator.py for tasks to queue
[2023-10-15T23:49:37.162+0000] {logging_mixin.py:151} INFO - [2023-10-15T23:49:37.162+0000] {dagbag.py:539} INFO - Filling up the DagBag from /opt/airflow/dags/create_dag_with_pythonoperator.py
[2023-10-15T23:49:37.168+0000] {processor.py:839} INFO - DAG(s) dict_keys(['our_first_dag_w_python_v6']) retrieved from /opt/airflow/dags/create_dag_with_pythonoperator.py
[2023-10-15T23:49:37.183+0000] {logging_mixin.py:151} INFO - [2023-10-15T23:49:37.183+0000] {dag.py:2915} INFO - Sync 1 DAGs
[2023-10-15T23:49:37.193+0000] {logging_mixin.py:151} INFO - [2023-10-15T23:49:37.193+0000] {dag.py:3696} INFO - Setting next_dagrun for our_first_dag_w_python_v6 to 2023-10-13T00:00:00+00:00, run_after=2023-10-14T00:00:00+00:00
[2023-10-15T23:49:37.274+0000] {processor.py:179} INFO - Processing /opt/airflow/dags/create_dag_with_pythonoperator.py took 0.115 seconds
[2023-10-15T23:50:07.920+0000] {processor.py:157} INFO - Started process (PID=229) to work on /opt/airflow/dags/create_dag_with_pythonoperator.py
[2023-10-15T23:50:07.921+0000] {processor.py:829} INFO - Processing file /opt/airflow/dags/create_dag_with_pythonoperator.py for tasks to queue
[2023-10-15T23:50:07.922+0000] {logging_mixin.py:151} INFO - [2023-10-15T23:50:07.921+0000] {dagbag.py:539} INFO - Filling up the DagBag from /opt/airflow/dags/create_dag_with_pythonoperator.py
[2023-10-15T23:50:07.930+0000] {processor.py:839} INFO - DAG(s) dict_keys(['our_first_dag_w_python_v6']) retrieved from /opt/airflow/dags/create_dag_with_pythonoperator.py
[2023-10-15T23:50:07.952+0000] {logging_mixin.py:151} INFO - [2023-10-15T23:50:07.952+0000] {dag.py:2915} INFO - Sync 1 DAGs
[2023-10-15T23:50:08.067+0000] {logging_mixin.py:151} INFO - [2023-10-15T23:50:08.067+0000] {dag.py:3696} INFO - Setting next_dagrun for our_first_dag_w_python_v6 to 2023-10-13T00:00:00+00:00, run_after=2023-10-14T00:00:00+00:00
[2023-10-15T23:50:08.074+0000] {processor.py:179} INFO - Processing /opt/airflow/dags/create_dag_with_pythonoperator.py took 0.156 seconds
[2023-10-15T23:50:40.803+0000] {processor.py:157} INFO - Started process (PID=270) to work on /opt/airflow/dags/create_dag_with_pythonoperator.py
[2023-10-15T23:50:40.817+0000] {processor.py:829} INFO - Processing file /opt/airflow/dags/create_dag_with_pythonoperator.py for tasks to queue
[2023-10-15T23:50:40.823+0000] {logging_mixin.py:151} INFO - [2023-10-15T23:50:40.822+0000] {dagbag.py:539} INFO - Filling up the DagBag from /opt/airflow/dags/create_dag_with_pythonoperator.py
[2023-10-15T23:50:40.917+0000] {processor.py:839} INFO - DAG(s) dict_keys(['our_first_dag_w_python_v6']) retrieved from /opt/airflow/dags/create_dag_with_pythonoperator.py
[2023-10-15T23:50:41.118+0000] {logging_mixin.py:151} INFO - [2023-10-15T23:50:41.118+0000] {dag.py:2915} INFO - Sync 1 DAGs
[2023-10-15T23:50:42.803+0000] {logging_mixin.py:151} INFO - [2023-10-15T23:50:42.803+0000] {dag.py:3696} INFO - Setting next_dagrun for our_first_dag_w_python_v6 to 2023-10-13T00:00:00+00:00, run_after=2023-10-14T00:00:00+00:00
[2023-10-15T23:50:42.894+0000] {processor.py:179} INFO - Processing /opt/airflow/dags/create_dag_with_pythonoperator.py took 2.117 seconds
[2023-10-15T23:51:13.544+0000] {processor.py:157} INFO - Started process (PID=328) to work on /opt/airflow/dags/create_dag_with_pythonoperator.py
[2023-10-15T23:51:13.546+0000] {processor.py:829} INFO - Processing file /opt/airflow/dags/create_dag_with_pythonoperator.py for tasks to queue
[2023-10-15T23:51:13.548+0000] {logging_mixin.py:151} INFO - [2023-10-15T23:51:13.547+0000] {dagbag.py:539} INFO - Filling up the DagBag from /opt/airflow/dags/create_dag_with_pythonoperator.py
[2023-10-15T23:51:13.569+0000] {processor.py:839} INFO - DAG(s) dict_keys(['our_first_dag_w_python_v6']) retrieved from /opt/airflow/dags/create_dag_with_pythonoperator.py
[2023-10-15T23:51:13.753+0000] {logging_mixin.py:151} INFO - [2023-10-15T23:51:13.753+0000] {dag.py:2915} INFO - Sync 1 DAGs
[2023-10-15T23:51:13.769+0000] {logging_mixin.py:151} INFO - [2023-10-15T23:51:13.769+0000] {dag.py:3696} INFO - Setting next_dagrun for our_first_dag_w_python_v6 to 2023-10-13T00:00:00+00:00, run_after=2023-10-14T00:00:00+00:00
[2023-10-15T23:51:13.776+0000] {processor.py:179} INFO - Processing /opt/airflow/dags/create_dag_with_pythonoperator.py took 0.241 seconds
[2023-10-15T23:51:43.996+0000] {processor.py:157} INFO - Started process (PID=354) to work on /opt/airflow/dags/create_dag_with_pythonoperator.py
[2023-10-15T23:51:43.999+0000] {processor.py:829} INFO - Processing file /opt/airflow/dags/create_dag_with_pythonoperator.py for tasks to queue
[2023-10-15T23:51:44.000+0000] {logging_mixin.py:151} INFO - [2023-10-15T23:51:44.000+0000] {dagbag.py:539} INFO - Filling up the DagBag from /opt/airflow/dags/create_dag_with_pythonoperator.py
[2023-10-15T23:51:44.126+0000] {processor.py:839} INFO - DAG(s) dict_keys(['our_first_dag_w_python_v6']) retrieved from /opt/airflow/dags/create_dag_with_pythonoperator.py
[2023-10-15T23:51:44.140+0000] {logging_mixin.py:151} INFO - [2023-10-15T23:51:44.140+0000] {dag.py:2915} INFO - Sync 1 DAGs
[2023-10-15T23:51:44.149+0000] {logging_mixin.py:151} INFO - [2023-10-15T23:51:44.149+0000] {dag.py:3696} INFO - Setting next_dagrun for our_first_dag_w_python_v6 to 2023-10-13T00:00:00+00:00, run_after=2023-10-14T00:00:00+00:00
[2023-10-15T23:51:44.156+0000] {processor.py:179} INFO - Processing /opt/airflow/dags/create_dag_with_pythonoperator.py took 0.166 seconds
[2023-10-15T23:52:14.763+0000] {processor.py:157} INFO - Started process (PID=381) to work on /opt/airflow/dags/create_dag_with_pythonoperator.py
[2023-10-15T23:52:14.766+0000] {processor.py:829} INFO - Processing file /opt/airflow/dags/create_dag_with_pythonoperator.py for tasks to queue
[2023-10-15T23:52:14.767+0000] {logging_mixin.py:151} INFO - [2023-10-15T23:52:14.766+0000] {dagbag.py:539} INFO - Filling up the DagBag from /opt/airflow/dags/create_dag_with_pythonoperator.py
[2023-10-15T23:52:14.781+0000] {processor.py:839} INFO - DAG(s) dict_keys(['our_first_dag_w_python_v6']) retrieved from /opt/airflow/dags/create_dag_with_pythonoperator.py
[2023-10-15T23:52:14.805+0000] {logging_mixin.py:151} INFO - [2023-10-15T23:52:14.805+0000] {dag.py:2915} INFO - Sync 1 DAGs
[2023-10-15T23:52:14.816+0000] {logging_mixin.py:151} INFO - [2023-10-15T23:52:14.816+0000] {dag.py:3696} INFO - Setting next_dagrun for our_first_dag_w_python_v6 to 2023-10-13T00:00:00+00:00, run_after=2023-10-14T00:00:00+00:00
[2023-10-15T23:52:14.823+0000] {processor.py:179} INFO - Processing /opt/airflow/dags/create_dag_with_pythonoperator.py took 0.065 seconds
[2023-10-15T23:52:45.311+0000] {processor.py:157} INFO - Started process (PID=408) to work on /opt/airflow/dags/create_dag_with_pythonoperator.py
[2023-10-15T23:52:45.313+0000] {processor.py:829} INFO - Processing file /opt/airflow/dags/create_dag_with_pythonoperator.py for tasks to queue
[2023-10-15T23:52:45.315+0000] {logging_mixin.py:151} INFO - [2023-10-15T23:52:45.314+0000] {dagbag.py:539} INFO - Filling up the DagBag from /opt/airflow/dags/create_dag_with_pythonoperator.py
[2023-10-15T23:52:45.338+0000] {processor.py:839} INFO - DAG(s) dict_keys(['our_first_dag_w_python_v6']) retrieved from /opt/airflow/dags/create_dag_with_pythonoperator.py
[2023-10-15T23:52:45.382+0000] {logging_mixin.py:151} INFO - [2023-10-15T23:52:45.382+0000] {dag.py:2915} INFO - Sync 1 DAGs
[2023-10-15T23:52:45.398+0000] {logging_mixin.py:151} INFO - [2023-10-15T23:52:45.398+0000] {dag.py:3696} INFO - Setting next_dagrun for our_first_dag_w_python_v6 to 2023-10-13T00:00:00+00:00, run_after=2023-10-14T00:00:00+00:00
[2023-10-15T23:52:45.408+0000] {processor.py:179} INFO - Processing /opt/airflow/dags/create_dag_with_pythonoperator.py took 0.103 seconds
[2023-10-15T23:53:15.948+0000] {processor.py:157} INFO - Started process (PID=435) to work on /opt/airflow/dags/create_dag_with_pythonoperator.py
[2023-10-15T23:53:15.951+0000] {processor.py:829} INFO - Processing file /opt/airflow/dags/create_dag_with_pythonoperator.py for tasks to queue
[2023-10-15T23:53:15.952+0000] {logging_mixin.py:151} INFO - [2023-10-15T23:53:15.951+0000] {dagbag.py:539} INFO - Filling up the DagBag from /opt/airflow/dags/create_dag_with_pythonoperator.py
[2023-10-15T23:53:15.966+0000] {processor.py:839} INFO - DAG(s) dict_keys(['our_first_dag_w_python_v6']) retrieved from /opt/airflow/dags/create_dag_with_pythonoperator.py
[2023-10-15T23:53:15.997+0000] {logging_mixin.py:151} INFO - [2023-10-15T23:53:15.997+0000] {dag.py:2915} INFO - Sync 1 DAGs
[2023-10-15T23:53:16.011+0000] {logging_mixin.py:151} INFO - [2023-10-15T23:53:16.011+0000] {dag.py:3696} INFO - Setting next_dagrun for our_first_dag_w_python_v6 to 2023-10-13T00:00:00+00:00, run_after=2023-10-14T00:00:00+00:00
[2023-10-15T23:53:16.019+0000] {processor.py:179} INFO - Processing /opt/airflow/dags/create_dag_with_pythonoperator.py took 0.076 seconds
[2023-10-15T23:53:46.505+0000] {processor.py:157} INFO - Started process (PID=466) to work on /opt/airflow/dags/create_dag_with_pythonoperator.py
[2023-10-15T23:53:46.508+0000] {processor.py:829} INFO - Processing file /opt/airflow/dags/create_dag_with_pythonoperator.py for tasks to queue
[2023-10-15T23:53:46.509+0000] {logging_mixin.py:151} INFO - [2023-10-15T23:53:46.509+0000] {dagbag.py:539} INFO - Filling up the DagBag from /opt/airflow/dags/create_dag_with_pythonoperator.py
[2023-10-15T23:53:46.524+0000] {processor.py:839} INFO - DAG(s) dict_keys(['our_first_dag_w_python_v6']) retrieved from /opt/airflow/dags/create_dag_with_pythonoperator.py
[2023-10-15T23:53:46.549+0000] {logging_mixin.py:151} INFO - [2023-10-15T23:53:46.549+0000] {dag.py:2915} INFO - Sync 1 DAGs
[2023-10-15T23:53:46.561+0000] {logging_mixin.py:151} INFO - [2023-10-15T23:53:46.561+0000] {dag.py:3696} INFO - Setting next_dagrun for our_first_dag_w_python_v6 to 2023-10-13T00:00:00+00:00, run_after=2023-10-14T00:00:00+00:00
[2023-10-15T23:53:46.568+0000] {processor.py:179} INFO - Processing /opt/airflow/dags/create_dag_with_pythonoperator.py took 0.068 seconds
[2023-10-15T23:54:17.093+0000] {processor.py:157} INFO - Started process (PID=494) to work on /opt/airflow/dags/create_dag_with_pythonoperator.py
[2023-10-15T23:54:17.095+0000] {processor.py:829} INFO - Processing file /opt/airflow/dags/create_dag_with_pythonoperator.py for tasks to queue
[2023-10-15T23:54:17.096+0000] {logging_mixin.py:151} INFO - [2023-10-15T23:54:17.096+0000] {dagbag.py:539} INFO - Filling up the DagBag from /opt/airflow/dags/create_dag_with_pythonoperator.py
[2023-10-15T23:54:17.113+0000] {processor.py:839} INFO - DAG(s) dict_keys(['our_first_dag_w_python_v6']) retrieved from /opt/airflow/dags/create_dag_with_pythonoperator.py
[2023-10-15T23:54:17.140+0000] {logging_mixin.py:151} INFO - [2023-10-15T23:54:17.140+0000] {dag.py:2915} INFO - Sync 1 DAGs
[2023-10-15T23:54:17.152+0000] {logging_mixin.py:151} INFO - [2023-10-15T23:54:17.152+0000] {dag.py:3696} INFO - Setting next_dagrun for our_first_dag_w_python_v6 to 2023-10-13T00:00:00+00:00, run_after=2023-10-14T00:00:00+00:00
[2023-10-15T23:54:17.161+0000] {processor.py:179} INFO - Processing /opt/airflow/dags/create_dag_with_pythonoperator.py took 0.075 seconds
[2023-10-15T23:54:47.676+0000] {processor.py:157} INFO - Started process (PID=528) to work on /opt/airflow/dags/create_dag_with_pythonoperator.py
[2023-10-15T23:54:47.678+0000] {processor.py:829} INFO - Processing file /opt/airflow/dags/create_dag_with_pythonoperator.py for tasks to queue
[2023-10-15T23:54:47.680+0000] {logging_mixin.py:151} INFO - [2023-10-15T23:54:47.679+0000] {dagbag.py:539} INFO - Filling up the DagBag from /opt/airflow/dags/create_dag_with_pythonoperator.py
[2023-10-15T23:54:47.702+0000] {processor.py:839} INFO - DAG(s) dict_keys(['our_first_dag_w_python_v6']) retrieved from /opt/airflow/dags/create_dag_with_pythonoperator.py
[2023-10-15T23:54:47.741+0000] {logging_mixin.py:151} INFO - [2023-10-15T23:54:47.740+0000] {dag.py:2915} INFO - Sync 1 DAGs
[2023-10-15T23:54:47.756+0000] {logging_mixin.py:151} INFO - [2023-10-15T23:54:47.756+0000] {dag.py:3696} INFO - Setting next_dagrun for our_first_dag_w_python_v6 to 2023-10-13T00:00:00+00:00, run_after=2023-10-14T00:00:00+00:00
[2023-10-15T23:54:47.765+0000] {processor.py:179} INFO - Processing /opt/airflow/dags/create_dag_with_pythonoperator.py took 0.096 seconds
[2023-10-15T23:55:18.112+0000] {processor.py:157} INFO - Started process (PID=555) to work on /opt/airflow/dags/create_dag_with_pythonoperator.py
[2023-10-15T23:55:18.115+0000] {processor.py:829} INFO - Processing file /opt/airflow/dags/create_dag_with_pythonoperator.py for tasks to queue
[2023-10-15T23:55:18.116+0000] {logging_mixin.py:151} INFO - [2023-10-15T23:55:18.115+0000] {dagbag.py:539} INFO - Filling up the DagBag from /opt/airflow/dags/create_dag_with_pythonoperator.py
[2023-10-15T23:55:18.130+0000] {processor.py:839} INFO - DAG(s) dict_keys(['our_first_dag_w_python_v6']) retrieved from /opt/airflow/dags/create_dag_with_pythonoperator.py
[2023-10-15T23:55:18.152+0000] {logging_mixin.py:151} INFO - [2023-10-15T23:55:18.152+0000] {dag.py:2915} INFO - Sync 1 DAGs
[2023-10-15T23:55:18.163+0000] {logging_mixin.py:151} INFO - [2023-10-15T23:55:18.163+0000] {dag.py:3696} INFO - Setting next_dagrun for our_first_dag_w_python_v6 to 2023-10-13T00:00:00+00:00, run_after=2023-10-14T00:00:00+00:00
[2023-10-15T23:55:18.171+0000] {processor.py:179} INFO - Processing /opt/airflow/dags/create_dag_with_pythonoperator.py took 0.065 seconds
[2023-10-15T23:55:48.756+0000] {processor.py:157} INFO - Started process (PID=582) to work on /opt/airflow/dags/create_dag_with_pythonoperator.py
[2023-10-15T23:55:48.757+0000] {processor.py:829} INFO - Processing file /opt/airflow/dags/create_dag_with_pythonoperator.py for tasks to queue
[2023-10-15T23:55:48.757+0000] {logging_mixin.py:151} INFO - [2023-10-15T23:55:48.757+0000] {dagbag.py:539} INFO - Filling up the DagBag from /opt/airflow/dags/create_dag_with_pythonoperator.py
[2023-10-15T23:55:48.770+0000] {processor.py:839} INFO - DAG(s) dict_keys(['our_first_dag_w_python_v6']) retrieved from /opt/airflow/dags/create_dag_with_pythonoperator.py
[2023-10-15T23:55:48.793+0000] {logging_mixin.py:151} INFO - [2023-10-15T23:55:48.793+0000] {dag.py:2915} INFO - Sync 1 DAGs
[2023-10-15T23:55:48.807+0000] {logging_mixin.py:151} INFO - [2023-10-15T23:55:48.807+0000] {dag.py:3696} INFO - Setting next_dagrun for our_first_dag_w_python_v6 to 2023-10-13T00:00:00+00:00, run_after=2023-10-14T00:00:00+00:00
[2023-10-15T23:55:48.815+0000] {processor.py:179} INFO - Processing /opt/airflow/dags/create_dag_with_pythonoperator.py took 0.062 seconds
[2023-10-15T23:56:19.745+0000] {processor.py:157} INFO - Started process (PID=834) to work on /opt/airflow/dags/create_dag_with_pythonoperator.py
[2023-10-15T23:56:19.747+0000] {processor.py:829} INFO - Processing file /opt/airflow/dags/create_dag_with_pythonoperator.py for tasks to queue
[2023-10-15T23:56:19.748+0000] {logging_mixin.py:151} INFO - [2023-10-15T23:56:19.748+0000] {dagbag.py:539} INFO - Filling up the DagBag from /opt/airflow/dags/create_dag_with_pythonoperator.py
[2023-10-15T23:56:19.764+0000] {processor.py:839} INFO - DAG(s) dict_keys(['our_first_dag_w_python_v6']) retrieved from /opt/airflow/dags/create_dag_with_pythonoperator.py
[2023-10-15T23:56:19.789+0000] {logging_mixin.py:151} INFO - [2023-10-15T23:56:19.789+0000] {dag.py:2915} INFO - Sync 1 DAGs
[2023-10-15T23:56:19.801+0000] {logging_mixin.py:151} INFO - [2023-10-15T23:56:19.801+0000] {dag.py:3696} INFO - Setting next_dagrun for our_first_dag_w_python_v6 to 2023-10-13T00:00:00+00:00, run_after=2023-10-14T00:00:00+00:00
[2023-10-15T23:56:19.808+0000] {processor.py:179} INFO - Processing /opt/airflow/dags/create_dag_with_pythonoperator.py took 0.067 seconds
[2023-10-15T23:56:50.402+0000] {processor.py:157} INFO - Started process (PID=861) to work on /opt/airflow/dags/create_dag_with_pythonoperator.py
[2023-10-15T23:56:50.404+0000] {processor.py:829} INFO - Processing file /opt/airflow/dags/create_dag_with_pythonoperator.py for tasks to queue
[2023-10-15T23:56:50.405+0000] {logging_mixin.py:151} INFO - [2023-10-15T23:56:50.405+0000] {dagbag.py:539} INFO - Filling up the DagBag from /opt/airflow/dags/create_dag_with_pythonoperator.py
[2023-10-15T23:56:50.422+0000] {processor.py:839} INFO - DAG(s) dict_keys(['our_first_dag_w_python_v6']) retrieved from /opt/airflow/dags/create_dag_with_pythonoperator.py
[2023-10-15T23:56:50.454+0000] {logging_mixin.py:151} INFO - [2023-10-15T23:56:50.454+0000] {dag.py:2915} INFO - Sync 1 DAGs
[2023-10-15T23:56:50.466+0000] {logging_mixin.py:151} INFO - [2023-10-15T23:56:50.466+0000] {dag.py:3696} INFO - Setting next_dagrun for our_first_dag_w_python_v6 to 2023-10-13T00:00:00+00:00, run_after=2023-10-14T00:00:00+00:00
[2023-10-15T23:56:50.474+0000] {processor.py:179} INFO - Processing /opt/airflow/dags/create_dag_with_pythonoperator.py took 0.083 seconds
[2023-10-15T23:57:21.051+0000] {processor.py:157} INFO - Started process (PID=888) to work on /opt/airflow/dags/create_dag_with_pythonoperator.py
[2023-10-15T23:57:21.054+0000] {processor.py:829} INFO - Processing file /opt/airflow/dags/create_dag_with_pythonoperator.py for tasks to queue
[2023-10-15T23:57:21.055+0000] {logging_mixin.py:151} INFO - [2023-10-15T23:57:21.054+0000] {dagbag.py:539} INFO - Filling up the DagBag from /opt/airflow/dags/create_dag_with_pythonoperator.py
[2023-10-15T23:57:21.072+0000] {processor.py:839} INFO - DAG(s) dict_keys(['our_first_dag_w_python_v6']) retrieved from /opt/airflow/dags/create_dag_with_pythonoperator.py
[2023-10-15T23:57:21.097+0000] {logging_mixin.py:151} INFO - [2023-10-15T23:57:21.096+0000] {dag.py:2915} INFO - Sync 1 DAGs
[2023-10-15T23:57:21.109+0000] {logging_mixin.py:151} INFO - [2023-10-15T23:57:21.109+0000] {dag.py:3696} INFO - Setting next_dagrun for our_first_dag_w_python_v6 to 2023-10-13T00:00:00+00:00, run_after=2023-10-14T00:00:00+00:00
[2023-10-15T23:57:21.116+0000] {processor.py:179} INFO - Processing /opt/airflow/dags/create_dag_with_pythonoperator.py took 0.071 seconds
