[2023-10-15T23:49:05.898+0000] {processor.py:157} INFO - Started process (PID=164) to work on /opt/airflow/dags/dag_w_catchup_and_backfill.py
[2023-10-15T23:49:05.901+0000] {processor.py:829} INFO - Processing file /opt/airflow/dags/dag_w_catchup_and_backfill.py for tasks to queue
[2023-10-15T23:49:05.902+0000] {logging_mixin.py:151} INFO - [2023-10-15T23:49:05.902+0000] {dagbag.py:539} INFO - Filling up the DagBag from /opt/airflow/dags/dag_w_catchup_and_backfill.py
[2023-10-15T23:49:05.920+0000] {processor.py:839} INFO - DAG(s) dict_keys(['catchup_backfill_dag_v1']) retrieved from /opt/airflow/dags/dag_w_catchup_and_backfill.py
[2023-10-15T23:49:06.099+0000] {logging_mixin.py:151} INFO - [2023-10-15T23:49:06.098+0000] {manager.py:499} INFO - Created Permission View: %s
[2023-10-15T23:49:06.315+0000] {logging_mixin.py:151} INFO - [2023-10-15T23:49:06.315+0000] {manager.py:499} INFO - Created Permission View: %s
[2023-10-15T23:49:06.318+0000] {logging_mixin.py:151} INFO - [2023-10-15T23:49:06.317+0000] {manager.py:499} INFO - Created Permission View: %s
[2023-10-15T23:49:06.318+0000] {logging_mixin.py:151} INFO - [2023-10-15T23:49:06.318+0000] {security.py:708} INFO - Not syncing DAG-level permissions for DAG 'DAG:catchup_backfill_dag_v1' as access control is unset.
[2023-10-15T23:49:06.318+0000] {logging_mixin.py:151} INFO - [2023-10-15T23:49:06.318+0000] {dag.py:2915} INFO - Sync 1 DAGs
[2023-10-15T23:49:06.323+0000] {logging_mixin.py:151} INFO - [2023-10-15T23:49:06.323+0000] {dag.py:2937} INFO - Creating ORM DAG for catchup_backfill_dag_v1
[2023-10-15T23:49:06.327+0000] {logging_mixin.py:151} INFO - [2023-10-15T23:49:06.327+0000] {dag.py:3696} INFO - Setting next_dagrun for catchup_backfill_dag_v1 to 2023-09-30T00:00:00+00:00, run_after=2023-10-01T00:00:00+00:00
[2023-10-15T23:49:06.335+0000] {processor.py:179} INFO - Processing /opt/airflow/dags/dag_w_catchup_and_backfill.py took 0.440 seconds
[2023-10-15T23:49:36.949+0000] {processor.py:157} INFO - Started process (PID=191) to work on /opt/airflow/dags/dag_w_catchup_and_backfill.py
[2023-10-15T23:49:36.950+0000] {processor.py:829} INFO - Processing file /opt/airflow/dags/dag_w_catchup_and_backfill.py for tasks to queue
[2023-10-15T23:49:36.952+0000] {logging_mixin.py:151} INFO - [2023-10-15T23:49:36.951+0000] {dagbag.py:539} INFO - Filling up the DagBag from /opt/airflow/dags/dag_w_catchup_and_backfill.py
[2023-10-15T23:49:36.967+0000] {processor.py:839} INFO - DAG(s) dict_keys(['catchup_backfill_dag_v1']) retrieved from /opt/airflow/dags/dag_w_catchup_and_backfill.py
[2023-10-15T23:49:36.998+0000] {logging_mixin.py:151} INFO - [2023-10-15T23:49:36.998+0000] {dag.py:2915} INFO - Sync 1 DAGs
[2023-10-15T23:49:37.014+0000] {logging_mixin.py:151} INFO - [2023-10-15T23:49:37.013+0000] {dag.py:3696} INFO - Setting next_dagrun for catchup_backfill_dag_v1 to 2023-09-30T00:00:00+00:00, run_after=2023-10-01T00:00:00+00:00
[2023-10-15T23:49:37.145+0000] {processor.py:179} INFO - Processing /opt/airflow/dags/dag_w_catchup_and_backfill.py took 0.204 seconds
[2023-10-15T23:50:07.532+0000] {processor.py:157} INFO - Started process (PID=219) to work on /opt/airflow/dags/dag_w_catchup_and_backfill.py
[2023-10-15T23:50:07.534+0000] {processor.py:829} INFO - Processing file /opt/airflow/dags/dag_w_catchup_and_backfill.py for tasks to queue
[2023-10-15T23:50:07.536+0000] {logging_mixin.py:151} INFO - [2023-10-15T23:50:07.535+0000] {dagbag.py:539} INFO - Filling up the DagBag from /opt/airflow/dags/dag_w_catchup_and_backfill.py
[2023-10-15T23:50:07.558+0000] {processor.py:839} INFO - DAG(s) dict_keys(['catchup_backfill_dag_v1']) retrieved from /opt/airflow/dags/dag_w_catchup_and_backfill.py
[2023-10-15T23:50:07.583+0000] {logging_mixin.py:151} INFO - [2023-10-15T23:50:07.583+0000] {dag.py:2915} INFO - Sync 1 DAGs
[2023-10-15T23:50:07.881+0000] {logging_mixin.py:151} INFO - [2023-10-15T23:50:07.880+0000] {dag.py:3696} INFO - Setting next_dagrun for catchup_backfill_dag_v1 to 2023-09-30T00:00:00+00:00, run_after=2023-10-01T00:00:00+00:00
[2023-10-15T23:50:07.892+0000] {processor.py:179} INFO - Processing /opt/airflow/dags/dag_w_catchup_and_backfill.py took 0.375 seconds
[2023-10-15T23:50:38.464+0000] {processor.py:157} INFO - Started process (PID=255) to work on /opt/airflow/dags/dag_w_catchup_and_backfill.py
[2023-10-15T23:50:38.481+0000] {processor.py:829} INFO - Processing file /opt/airflow/dags/dag_w_catchup_and_backfill.py for tasks to queue
[2023-10-15T23:50:38.483+0000] {logging_mixin.py:151} INFO - [2023-10-15T23:50:38.482+0000] {dagbag.py:539} INFO - Filling up the DagBag from /opt/airflow/dags/dag_w_catchup_and_backfill.py
[2023-10-15T23:50:38.537+0000] {processor.py:839} INFO - DAG(s) dict_keys(['catchup_backfill_dag_v1']) retrieved from /opt/airflow/dags/dag_w_catchup_and_backfill.py
[2023-10-15T23:50:38.721+0000] {logging_mixin.py:151} INFO - [2023-10-15T23:50:38.721+0000] {dag.py:2915} INFO - Sync 1 DAGs
[2023-10-15T23:50:40.472+0000] {logging_mixin.py:151} INFO - [2023-10-15T23:50:40.464+0000] {dag.py:3696} INFO - Setting next_dagrun for catchup_backfill_dag_v1 to 2023-10-15T00:00:00+00:00, run_after=2023-10-16T00:00:00+00:00
[2023-10-15T23:50:40.659+0000] {processor.py:179} INFO - Processing /opt/airflow/dags/dag_w_catchup_and_backfill.py took 2.207 seconds
[2023-10-15T23:51:11.462+0000] {processor.py:157} INFO - Started process (PID=318) to work on /opt/airflow/dags/dag_w_catchup_and_backfill.py
[2023-10-15T23:51:11.464+0000] {processor.py:829} INFO - Processing file /opt/airflow/dags/dag_w_catchup_and_backfill.py for tasks to queue
[2023-10-15T23:51:11.466+0000] {logging_mixin.py:151} INFO - [2023-10-15T23:51:11.465+0000] {dagbag.py:539} INFO - Filling up the DagBag from /opt/airflow/dags/dag_w_catchup_and_backfill.py
[2023-10-15T23:51:11.497+0000] {processor.py:839} INFO - DAG(s) dict_keys(['catchup_backfill_dag_v1']) retrieved from /opt/airflow/dags/dag_w_catchup_and_backfill.py
[2023-10-15T23:51:11.747+0000] {logging_mixin.py:151} INFO - [2023-10-15T23:51:11.747+0000] {dag.py:2915} INFO - Sync 1 DAGs
[2023-10-15T23:51:11.758+0000] {logging_mixin.py:151} INFO - [2023-10-15T23:51:11.758+0000] {dag.py:3696} INFO - Setting next_dagrun for catchup_backfill_dag_v1 to 2023-10-15T00:00:00+00:00, run_after=2023-10-16T00:00:00+00:00
[2023-10-15T23:51:11.770+0000] {processor.py:179} INFO - Processing /opt/airflow/dags/dag_w_catchup_and_backfill.py took 0.321 seconds
[2023-10-15T23:51:41.856+0000] {processor.py:157} INFO - Started process (PID=344) to work on /opt/airflow/dags/dag_w_catchup_and_backfill.py
[2023-10-15T23:51:41.858+0000] {processor.py:829} INFO - Processing file /opt/airflow/dags/dag_w_catchup_and_backfill.py for tasks to queue
[2023-10-15T23:51:41.859+0000] {logging_mixin.py:151} INFO - [2023-10-15T23:51:41.859+0000] {dagbag.py:539} INFO - Filling up the DagBag from /opt/airflow/dags/dag_w_catchup_and_backfill.py
[2023-10-15T23:51:42.076+0000] {processor.py:839} INFO - DAG(s) dict_keys(['catchup_backfill_dag_v1']) retrieved from /opt/airflow/dags/dag_w_catchup_and_backfill.py
[2023-10-15T23:51:42.094+0000] {logging_mixin.py:151} INFO - [2023-10-15T23:51:42.094+0000] {dag.py:2915} INFO - Sync 1 DAGs
[2023-10-15T23:51:42.109+0000] {logging_mixin.py:151} INFO - [2023-10-15T23:51:42.109+0000] {dag.py:3696} INFO - Setting next_dagrun for catchup_backfill_dag_v1 to 2023-10-15T00:00:00+00:00, run_after=2023-10-16T00:00:00+00:00
[2023-10-15T23:51:42.117+0000] {processor.py:179} INFO - Processing /opt/airflow/dags/dag_w_catchup_and_backfill.py took 0.267 seconds
[2023-10-15T23:52:12.578+0000] {processor.py:157} INFO - Started process (PID=371) to work on /opt/airflow/dags/dag_w_catchup_and_backfill.py
[2023-10-15T23:52:12.582+0000] {processor.py:829} INFO - Processing file /opt/airflow/dags/dag_w_catchup_and_backfill.py for tasks to queue
[2023-10-15T23:52:12.583+0000] {logging_mixin.py:151} INFO - [2023-10-15T23:52:12.582+0000] {dagbag.py:539} INFO - Filling up the DagBag from /opt/airflow/dags/dag_w_catchup_and_backfill.py
[2023-10-15T23:52:12.607+0000] {processor.py:839} INFO - DAG(s) dict_keys(['catchup_backfill_dag_v1']) retrieved from /opt/airflow/dags/dag_w_catchup_and_backfill.py
[2023-10-15T23:52:12.663+0000] {logging_mixin.py:151} INFO - [2023-10-15T23:52:12.663+0000] {dag.py:2915} INFO - Sync 1 DAGs
[2023-10-15T23:52:12.682+0000] {logging_mixin.py:151} INFO - [2023-10-15T23:52:12.682+0000] {dag.py:3696} INFO - Setting next_dagrun for catchup_backfill_dag_v1 to 2023-10-15T00:00:00+00:00, run_after=2023-10-16T00:00:00+00:00
[2023-10-15T23:52:12.703+0000] {processor.py:179} INFO - Processing /opt/airflow/dags/dag_w_catchup_and_backfill.py took 0.129 seconds
[2023-10-15T23:52:43.196+0000] {processor.py:157} INFO - Started process (PID=398) to work on /opt/airflow/dags/dag_w_catchup_and_backfill.py
[2023-10-15T23:52:43.198+0000] {processor.py:829} INFO - Processing file /opt/airflow/dags/dag_w_catchup_and_backfill.py for tasks to queue
[2023-10-15T23:52:43.199+0000] {logging_mixin.py:151} INFO - [2023-10-15T23:52:43.198+0000] {dagbag.py:539} INFO - Filling up the DagBag from /opt/airflow/dags/dag_w_catchup_and_backfill.py
[2023-10-15T23:52:43.225+0000] {processor.py:839} INFO - DAG(s) dict_keys(['catchup_backfill_dag_v1']) retrieved from /opt/airflow/dags/dag_w_catchup_and_backfill.py
[2023-10-15T23:52:43.257+0000] {logging_mixin.py:151} INFO - [2023-10-15T23:52:43.256+0000] {dag.py:2915} INFO - Sync 1 DAGs
[2023-10-15T23:52:43.275+0000] {logging_mixin.py:151} INFO - [2023-10-15T23:52:43.274+0000] {dag.py:3696} INFO - Setting next_dagrun for catchup_backfill_dag_v1 to 2023-10-15T00:00:00+00:00, run_after=2023-10-16T00:00:00+00:00
[2023-10-15T23:52:43.282+0000] {processor.py:179} INFO - Processing /opt/airflow/dags/dag_w_catchup_and_backfill.py took 0.093 seconds
[2023-10-15T23:52:53.550+0000] {processor.py:157} INFO - Started process (PID=418) to work on /opt/airflow/dags/dag_w_catchup_and_backfill.py
[2023-10-15T23:52:53.556+0000] {processor.py:829} INFO - Processing file /opt/airflow/dags/dag_w_catchup_and_backfill.py for tasks to queue
[2023-10-15T23:52:53.558+0000] {logging_mixin.py:151} INFO - [2023-10-15T23:52:53.557+0000] {dagbag.py:539} INFO - Filling up the DagBag from /opt/airflow/dags/dag_w_catchup_and_backfill.py
[2023-10-15T23:52:53.590+0000] {processor.py:839} INFO - DAG(s) dict_keys(['catchup_backfill_dag_v2']) retrieved from /opt/airflow/dags/dag_w_catchup_and_backfill.py
[2023-10-15T23:52:53.698+0000] {logging_mixin.py:151} INFO - [2023-10-15T23:52:53.698+0000] {manager.py:499} INFO - Created Permission View: %s
[2023-10-15T23:52:53.702+0000] {logging_mixin.py:151} INFO - [2023-10-15T23:52:53.702+0000] {manager.py:499} INFO - Created Permission View: %s
[2023-10-15T23:52:53.704+0000] {logging_mixin.py:151} INFO - [2023-10-15T23:52:53.704+0000] {manager.py:499} INFO - Created Permission View: %s
[2023-10-15T23:52:53.704+0000] {logging_mixin.py:151} INFO - [2023-10-15T23:52:53.704+0000] {security.py:708} INFO - Not syncing DAG-level permissions for DAG 'DAG:catchup_backfill_dag_v2' as access control is unset.
[2023-10-15T23:52:53.704+0000] {logging_mixin.py:151} INFO - [2023-10-15T23:52:53.704+0000] {dag.py:2915} INFO - Sync 1 DAGs
[2023-10-15T23:52:53.710+0000] {logging_mixin.py:151} INFO - [2023-10-15T23:52:53.710+0000] {dag.py:2937} INFO - Creating ORM DAG for catchup_backfill_dag_v2
[2023-10-15T23:52:53.716+0000] {logging_mixin.py:151} INFO - [2023-10-15T23:52:53.716+0000] {dag.py:3696} INFO - Setting next_dagrun for catchup_backfill_dag_v2 to 2023-10-14T00:00:00+00:00, run_after=2023-10-15T00:00:00+00:00
[2023-10-15T23:52:53.722+0000] {processor.py:179} INFO - Processing /opt/airflow/dags/dag_w_catchup_and_backfill.py took 0.180 seconds
[2023-10-15T23:53:24.149+0000] {processor.py:157} INFO - Started process (PID=448) to work on /opt/airflow/dags/dag_w_catchup_and_backfill.py
[2023-10-15T23:53:24.150+0000] {processor.py:829} INFO - Processing file /opt/airflow/dags/dag_w_catchup_and_backfill.py for tasks to queue
[2023-10-15T23:53:24.153+0000] {logging_mixin.py:151} INFO - [2023-10-15T23:53:24.152+0000] {dagbag.py:539} INFO - Filling up the DagBag from /opt/airflow/dags/dag_w_catchup_and_backfill.py
[2023-10-15T23:53:24.178+0000] {processor.py:839} INFO - DAG(s) dict_keys(['catchup_backfill_dag_v2']) retrieved from /opt/airflow/dags/dag_w_catchup_and_backfill.py
[2023-10-15T23:53:24.202+0000] {logging_mixin.py:151} INFO - [2023-10-15T23:53:24.201+0000] {dag.py:2915} INFO - Sync 1 DAGs
[2023-10-15T23:53:24.214+0000] {logging_mixin.py:151} INFO - [2023-10-15T23:53:24.214+0000] {dag.py:3696} INFO - Setting next_dagrun for catchup_backfill_dag_v2 to 2023-10-15T00:00:00+00:00, run_after=2023-10-16T00:00:00+00:00
[2023-10-15T23:53:24.226+0000] {processor.py:179} INFO - Processing /opt/airflow/dags/dag_w_catchup_and_backfill.py took 0.082 seconds
[2023-10-15T23:53:54.705+0000] {processor.py:157} INFO - Started process (PID=476) to work on /opt/airflow/dags/dag_w_catchup_and_backfill.py
[2023-10-15T23:53:54.707+0000] {processor.py:829} INFO - Processing file /opt/airflow/dags/dag_w_catchup_and_backfill.py for tasks to queue
[2023-10-15T23:53:54.709+0000] {logging_mixin.py:151} INFO - [2023-10-15T23:53:54.708+0000] {dagbag.py:539} INFO - Filling up the DagBag from /opt/airflow/dags/dag_w_catchup_and_backfill.py
[2023-10-15T23:53:54.725+0000] {processor.py:839} INFO - DAG(s) dict_keys(['catchup_backfill_dag_v2']) retrieved from /opt/airflow/dags/dag_w_catchup_and_backfill.py
[2023-10-15T23:53:54.758+0000] {logging_mixin.py:151} INFO - [2023-10-15T23:53:54.758+0000] {dag.py:2915} INFO - Sync 1 DAGs
[2023-10-15T23:53:54.776+0000] {logging_mixin.py:151} INFO - [2023-10-15T23:53:54.776+0000] {dag.py:3696} INFO - Setting next_dagrun for catchup_backfill_dag_v2 to 2023-10-15T00:00:00+00:00, run_after=2023-10-16T00:00:00+00:00
[2023-10-15T23:53:54.785+0000] {processor.py:179} INFO - Processing /opt/airflow/dags/dag_w_catchup_and_backfill.py took 0.087 seconds
[2023-10-15T23:54:25.280+0000] {processor.py:157} INFO - Started process (PID=504) to work on /opt/airflow/dags/dag_w_catchup_and_backfill.py
[2023-10-15T23:54:25.281+0000] {processor.py:829} INFO - Processing file /opt/airflow/dags/dag_w_catchup_and_backfill.py for tasks to queue
[2023-10-15T23:54:25.282+0000] {logging_mixin.py:151} INFO - [2023-10-15T23:54:25.282+0000] {dagbag.py:539} INFO - Filling up the DagBag from /opt/airflow/dags/dag_w_catchup_and_backfill.py
[2023-10-15T23:54:25.297+0000] {processor.py:839} INFO - DAG(s) dict_keys(['catchup_backfill_dag_v2']) retrieved from /opt/airflow/dags/dag_w_catchup_and_backfill.py
[2023-10-15T23:54:25.323+0000] {logging_mixin.py:151} INFO - [2023-10-15T23:54:25.323+0000] {dag.py:2915} INFO - Sync 1 DAGs
[2023-10-15T23:54:25.337+0000] {logging_mixin.py:151} INFO - [2023-10-15T23:54:25.337+0000] {dag.py:3696} INFO - Setting next_dagrun for catchup_backfill_dag_v2 to 2023-10-15T00:00:00+00:00, run_after=2023-10-16T00:00:00+00:00
[2023-10-15T23:54:25.345+0000] {processor.py:179} INFO - Processing /opt/airflow/dags/dag_w_catchup_and_backfill.py took 0.069 seconds
[2023-10-15T23:54:55.765+0000] {processor.py:157} INFO - Started process (PID=538) to work on /opt/airflow/dags/dag_w_catchup_and_backfill.py
[2023-10-15T23:54:55.766+0000] {processor.py:829} INFO - Processing file /opt/airflow/dags/dag_w_catchup_and_backfill.py for tasks to queue
[2023-10-15T23:54:55.767+0000] {logging_mixin.py:151} INFO - [2023-10-15T23:54:55.766+0000] {dagbag.py:539} INFO - Filling up the DagBag from /opt/airflow/dags/dag_w_catchup_and_backfill.py
[2023-10-15T23:54:55.778+0000] {processor.py:839} INFO - DAG(s) dict_keys(['catchup_backfill_dag_v2']) retrieved from /opt/airflow/dags/dag_w_catchup_and_backfill.py
[2023-10-15T23:54:55.798+0000] {logging_mixin.py:151} INFO - [2023-10-15T23:54:55.798+0000] {dag.py:2915} INFO - Sync 1 DAGs
[2023-10-15T23:54:55.809+0000] {logging_mixin.py:151} INFO - [2023-10-15T23:54:55.809+0000] {dag.py:3696} INFO - Setting next_dagrun for catchup_backfill_dag_v2 to 2023-10-15T00:00:00+00:00, run_after=2023-10-16T00:00:00+00:00
[2023-10-15T23:54:55.817+0000] {processor.py:179} INFO - Processing /opt/airflow/dags/dag_w_catchup_and_backfill.py took 0.056 seconds
[2023-10-15T23:55:26.365+0000] {processor.py:157} INFO - Started process (PID=565) to work on /opt/airflow/dags/dag_w_catchup_and_backfill.py
[2023-10-15T23:55:26.367+0000] {processor.py:829} INFO - Processing file /opt/airflow/dags/dag_w_catchup_and_backfill.py for tasks to queue
[2023-10-15T23:55:26.369+0000] {logging_mixin.py:151} INFO - [2023-10-15T23:55:26.368+0000] {dagbag.py:539} INFO - Filling up the DagBag from /opt/airflow/dags/dag_w_catchup_and_backfill.py
[2023-10-15T23:55:26.393+0000] {processor.py:839} INFO - DAG(s) dict_keys(['catchup_backfill_dag_v2']) retrieved from /opt/airflow/dags/dag_w_catchup_and_backfill.py
[2023-10-15T23:55:26.420+0000] {logging_mixin.py:151} INFO - [2023-10-15T23:55:26.419+0000] {dag.py:2915} INFO - Sync 1 DAGs
[2023-10-15T23:55:26.441+0000] {logging_mixin.py:151} INFO - [2023-10-15T23:55:26.441+0000] {dag.py:3696} INFO - Setting next_dagrun for catchup_backfill_dag_v2 to 2023-10-15T00:00:00+00:00, run_after=2023-10-16T00:00:00+00:00
[2023-10-15T23:55:26.449+0000] {processor.py:179} INFO - Processing /opt/airflow/dags/dag_w_catchup_and_backfill.py took 0.093 seconds
[2023-10-15T23:55:56.992+0000] {processor.py:157} INFO - Started process (PID=592) to work on /opt/airflow/dags/dag_w_catchup_and_backfill.py
[2023-10-15T23:55:56.993+0000] {processor.py:829} INFO - Processing file /opt/airflow/dags/dag_w_catchup_and_backfill.py for tasks to queue
[2023-10-15T23:55:56.995+0000] {logging_mixin.py:151} INFO - [2023-10-15T23:55:56.994+0000] {dagbag.py:539} INFO - Filling up the DagBag from /opt/airflow/dags/dag_w_catchup_and_backfill.py
[2023-10-15T23:55:57.013+0000] {processor.py:839} INFO - DAG(s) dict_keys(['catchup_backfill_dag_v2']) retrieved from /opt/airflow/dags/dag_w_catchup_and_backfill.py
[2023-10-15T23:55:57.083+0000] {logging_mixin.py:151} INFO - [2023-10-15T23:55:57.083+0000] {dag.py:2915} INFO - Sync 1 DAGs
[2023-10-15T23:55:57.097+0000] {logging_mixin.py:151} INFO - [2023-10-15T23:55:57.097+0000] {dag.py:3696} INFO - Setting next_dagrun for catchup_backfill_dag_v2 to 2023-10-15T00:00:00+00:00, run_after=2023-10-16T00:00:00+00:00
[2023-10-15T23:55:57.105+0000] {processor.py:179} INFO - Processing /opt/airflow/dags/dag_w_catchup_and_backfill.py took 0.119 seconds
[2023-10-15T23:56:28.022+0000] {processor.py:157} INFO - Started process (PID=844) to work on /opt/airflow/dags/dag_w_catchup_and_backfill.py
[2023-10-15T23:56:28.025+0000] {processor.py:829} INFO - Processing file /opt/airflow/dags/dag_w_catchup_and_backfill.py for tasks to queue
[2023-10-15T23:56:28.029+0000] {logging_mixin.py:151} INFO - [2023-10-15T23:56:28.026+0000] {dagbag.py:539} INFO - Filling up the DagBag from /opt/airflow/dags/dag_w_catchup_and_backfill.py
[2023-10-15T23:56:28.053+0000] {processor.py:839} INFO - DAG(s) dict_keys(['catchup_backfill_dag_v2']) retrieved from /opt/airflow/dags/dag_w_catchup_and_backfill.py
[2023-10-15T23:56:28.087+0000] {logging_mixin.py:151} INFO - [2023-10-15T23:56:28.086+0000] {dag.py:2915} INFO - Sync 1 DAGs
[2023-10-15T23:56:28.109+0000] {logging_mixin.py:151} INFO - [2023-10-15T23:56:28.108+0000] {dag.py:3696} INFO - Setting next_dagrun for catchup_backfill_dag_v2 to 2023-10-15T00:00:00+00:00, run_after=2023-10-16T00:00:00+00:00
[2023-10-15T23:56:28.118+0000] {processor.py:179} INFO - Processing /opt/airflow/dags/dag_w_catchup_and_backfill.py took 0.104 seconds
[2023-10-15T23:56:58.604+0000] {processor.py:157} INFO - Started process (PID=871) to work on /opt/airflow/dags/dag_w_catchup_and_backfill.py
[2023-10-15T23:56:58.607+0000] {processor.py:829} INFO - Processing file /opt/airflow/dags/dag_w_catchup_and_backfill.py for tasks to queue
[2023-10-15T23:56:58.608+0000] {logging_mixin.py:151} INFO - [2023-10-15T23:56:58.607+0000] {dagbag.py:539} INFO - Filling up the DagBag from /opt/airflow/dags/dag_w_catchup_and_backfill.py
[2023-10-15T23:56:58.626+0000] {processor.py:839} INFO - DAG(s) dict_keys(['catchup_backfill_dag_v2']) retrieved from /opt/airflow/dags/dag_w_catchup_and_backfill.py
[2023-10-15T23:56:58.652+0000] {logging_mixin.py:151} INFO - [2023-10-15T23:56:58.651+0000] {dag.py:2915} INFO - Sync 1 DAGs
[2023-10-15T23:56:58.664+0000] {logging_mixin.py:151} INFO - [2023-10-15T23:56:58.664+0000] {dag.py:3696} INFO - Setting next_dagrun for catchup_backfill_dag_v2 to 2023-10-15T00:00:00+00:00, run_after=2023-10-16T00:00:00+00:00
[2023-10-15T23:56:58.671+0000] {processor.py:179} INFO - Processing /opt/airflow/dags/dag_w_catchup_and_backfill.py took 0.079 seconds
[2023-10-15T23:57:29.244+0000] {processor.py:157} INFO - Started process (PID=898) to work on /opt/airflow/dags/dag_w_catchup_and_backfill.py
[2023-10-15T23:57:29.245+0000] {processor.py:829} INFO - Processing file /opt/airflow/dags/dag_w_catchup_and_backfill.py for tasks to queue
[2023-10-15T23:57:29.247+0000] {logging_mixin.py:151} INFO - [2023-10-15T23:57:29.246+0000] {dagbag.py:539} INFO - Filling up the DagBag from /opt/airflow/dags/dag_w_catchup_and_backfill.py
[2023-10-15T23:57:29.263+0000] {processor.py:839} INFO - DAG(s) dict_keys(['catchup_backfill_dag_v2']) retrieved from /opt/airflow/dags/dag_w_catchup_and_backfill.py
[2023-10-15T23:57:29.286+0000] {logging_mixin.py:151} INFO - [2023-10-15T23:57:29.286+0000] {dag.py:2915} INFO - Sync 1 DAGs
[2023-10-15T23:57:29.307+0000] {logging_mixin.py:151} INFO - [2023-10-15T23:57:29.306+0000] {dag.py:3696} INFO - Setting next_dagrun for catchup_backfill_dag_v2 to 2023-10-15T00:00:00+00:00, run_after=2023-10-16T00:00:00+00:00
[2023-10-15T23:57:29.316+0000] {processor.py:179} INFO - Processing /opt/airflow/dags/dag_w_catchup_and_backfill.py took 0.079 seconds
[2023-10-15T23:57:59.688+0000] {processor.py:157} INFO - Started process (PID=926) to work on /opt/airflow/dags/dag_w_catchup_and_backfill.py
[2023-10-15T23:57:59.690+0000] {processor.py:829} INFO - Processing file /opt/airflow/dags/dag_w_catchup_and_backfill.py for tasks to queue
[2023-10-15T23:57:59.691+0000] {logging_mixin.py:151} INFO - [2023-10-15T23:57:59.690+0000] {dagbag.py:539} INFO - Filling up the DagBag from /opt/airflow/dags/dag_w_catchup_and_backfill.py
[2023-10-15T23:57:59.702+0000] {processor.py:839} INFO - DAG(s) dict_keys(['catchup_backfill_dag_v2']) retrieved from /opt/airflow/dags/dag_w_catchup_and_backfill.py
[2023-10-15T23:57:59.720+0000] {logging_mixin.py:151} INFO - [2023-10-15T23:57:59.720+0000] {dag.py:2915} INFO - Sync 1 DAGs
[2023-10-15T23:57:59.731+0000] {logging_mixin.py:151} INFO - [2023-10-15T23:57:59.731+0000] {dag.py:3696} INFO - Setting next_dagrun for catchup_backfill_dag_v2 to 2023-10-15T00:00:00+00:00, run_after=2023-10-16T00:00:00+00:00
[2023-10-15T23:57:59.738+0000] {processor.py:179} INFO - Processing /opt/airflow/dags/dag_w_catchup_and_backfill.py took 0.053 seconds
