[2023-10-15T23:49:05.936+0000] {processor.py:157} INFO - Started process (PID=167) to work on /opt/airflow/dags/dag_with_taskflow_api.py
[2023-10-15T23:49:05.937+0000] {processor.py:829} INFO - Processing file /opt/airflow/dags/dag_with_taskflow_api.py for tasks to queue
[2023-10-15T23:49:05.938+0000] {logging_mixin.py:151} INFO - [2023-10-15T23:49:05.937+0000] {dagbag.py:539} INFO - Filling up the DagBag from /opt/airflow/dags/dag_with_taskflow_api.py
[2023-10-15T23:49:05.951+0000] {processor.py:839} INFO - DAG(s) dict_keys(['dag_w_taskflow_api_v2']) retrieved from /opt/airflow/dags/dag_with_taskflow_api.py
[2023-10-15T23:49:06.305+0000] {logging_mixin.py:151} INFO - [2023-10-15T23:49:06.305+0000] {security.py:708} INFO - Not syncing DAG-level permissions for DAG 'DAG:dag_w_taskflow_api_v2' as access control is unset.
[2023-10-15T23:49:06.306+0000] {logging_mixin.py:151} INFO - [2023-10-15T23:49:06.306+0000] {dag.py:2915} INFO - Sync 1 DAGs
[2023-10-15T23:49:06.321+0000] {logging_mixin.py:151} INFO - [2023-10-15T23:49:06.321+0000] {dag.py:3696} INFO - Setting next_dagrun for dag_w_taskflow_api_v2 to 2023-10-13T00:00:00+00:00, run_after=2023-10-14T00:00:00+00:00
[2023-10-15T23:49:06.329+0000] {processor.py:179} INFO - Processing /opt/airflow/dags/dag_with_taskflow_api.py took 0.396 seconds
[2023-10-15T23:49:36.951+0000] {processor.py:157} INFO - Started process (PID=194) to work on /opt/airflow/dags/dag_with_taskflow_api.py
[2023-10-15T23:49:36.952+0000] {processor.py:829} INFO - Processing file /opt/airflow/dags/dag_with_taskflow_api.py for tasks to queue
[2023-10-15T23:49:36.953+0000] {logging_mixin.py:151} INFO - [2023-10-15T23:49:36.953+0000] {dagbag.py:539} INFO - Filling up the DagBag from /opt/airflow/dags/dag_with_taskflow_api.py
[2023-10-15T23:49:36.967+0000] {processor.py:839} INFO - DAG(s) dict_keys(['dag_w_taskflow_api_v2']) retrieved from /opt/airflow/dags/dag_with_taskflow_api.py
[2023-10-15T23:49:36.998+0000] {logging_mixin.py:151} INFO - [2023-10-15T23:49:36.998+0000] {dag.py:2915} INFO - Sync 1 DAGs
[2023-10-15T23:49:37.014+0000] {logging_mixin.py:151} INFO - [2023-10-15T23:49:37.014+0000] {dag.py:3696} INFO - Setting next_dagrun for dag_w_taskflow_api_v2 to 2023-10-13T00:00:00+00:00, run_after=2023-10-14T00:00:00+00:00
[2023-10-15T23:49:37.148+0000] {processor.py:179} INFO - Processing /opt/airflow/dags/dag_with_taskflow_api.py took 0.200 seconds
[2023-10-15T23:50:07.535+0000] {processor.py:157} INFO - Started process (PID=222) to work on /opt/airflow/dags/dag_with_taskflow_api.py
[2023-10-15T23:50:07.536+0000] {processor.py:829} INFO - Processing file /opt/airflow/dags/dag_with_taskflow_api.py for tasks to queue
[2023-10-15T23:50:07.537+0000] {logging_mixin.py:151} INFO - [2023-10-15T23:50:07.537+0000] {dagbag.py:539} INFO - Filling up the DagBag from /opt/airflow/dags/dag_with_taskflow_api.py
[2023-10-15T23:50:07.558+0000] {processor.py:839} INFO - DAG(s) dict_keys(['dag_w_taskflow_api_v2']) retrieved from /opt/airflow/dags/dag_with_taskflow_api.py
[2023-10-15T23:50:07.583+0000] {logging_mixin.py:151} INFO - [2023-10-15T23:50:07.583+0000] {dag.py:2915} INFO - Sync 1 DAGs
[2023-10-15T23:50:07.881+0000] {logging_mixin.py:151} INFO - [2023-10-15T23:50:07.881+0000] {dag.py:3696} INFO - Setting next_dagrun for dag_w_taskflow_api_v2 to 2023-10-13T00:00:00+00:00, run_after=2023-10-14T00:00:00+00:00
[2023-10-15T23:50:07.892+0000] {processor.py:179} INFO - Processing /opt/airflow/dags/dag_with_taskflow_api.py took 0.362 seconds
[2023-10-15T23:50:38.468+0000] {processor.py:157} INFO - Started process (PID=256) to work on /opt/airflow/dags/dag_with_taskflow_api.py
[2023-10-15T23:50:38.479+0000] {processor.py:829} INFO - Processing file /opt/airflow/dags/dag_with_taskflow_api.py for tasks to queue
[2023-10-15T23:50:38.482+0000] {logging_mixin.py:151} INFO - [2023-10-15T23:50:38.482+0000] {dagbag.py:539} INFO - Filling up the DagBag from /opt/airflow/dags/dag_with_taskflow_api.py
[2023-10-15T23:50:38.547+0000] {processor.py:839} INFO - DAG(s) dict_keys(['dag_w_taskflow_api_v2']) retrieved from /opt/airflow/dags/dag_with_taskflow_api.py
[2023-10-15T23:50:38.685+0000] {logging_mixin.py:151} INFO - [2023-10-15T23:50:38.685+0000] {dag.py:2915} INFO - Sync 1 DAGs
[2023-10-15T23:50:40.436+0000] {logging_mixin.py:151} INFO - [2023-10-15T23:50:40.435+0000] {dag.py:3696} INFO - Setting next_dagrun for dag_w_taskflow_api_v2 to 2023-10-13T00:00:00+00:00, run_after=2023-10-14T00:00:00+00:00
[2023-10-15T23:50:40.641+0000] {processor.py:179} INFO - Processing /opt/airflow/dags/dag_with_taskflow_api.py took 2.196 seconds
[2023-10-15T23:51:11.463+0000] {processor.py:157} INFO - Started process (PID=321) to work on /opt/airflow/dags/dag_with_taskflow_api.py
[2023-10-15T23:51:11.464+0000] {processor.py:829} INFO - Processing file /opt/airflow/dags/dag_with_taskflow_api.py for tasks to queue
[2023-10-15T23:51:11.467+0000] {logging_mixin.py:151} INFO - [2023-10-15T23:51:11.465+0000] {dagbag.py:539} INFO - Filling up the DagBag from /opt/airflow/dags/dag_with_taskflow_api.py
[2023-10-15T23:51:11.497+0000] {processor.py:839} INFO - DAG(s) dict_keys(['dag_w_taskflow_api_v2']) retrieved from /opt/airflow/dags/dag_with_taskflow_api.py
[2023-10-15T23:51:11.747+0000] {logging_mixin.py:151} INFO - [2023-10-15T23:51:11.747+0000] {dag.py:2915} INFO - Sync 1 DAGs
[2023-10-15T23:51:11.758+0000] {logging_mixin.py:151} INFO - [2023-10-15T23:51:11.758+0000] {dag.py:3696} INFO - Setting next_dagrun for dag_w_taskflow_api_v2 to 2023-10-13T00:00:00+00:00, run_after=2023-10-14T00:00:00+00:00
[2023-10-15T23:51:11.770+0000] {processor.py:179} INFO - Processing /opt/airflow/dags/dag_with_taskflow_api.py took 0.313 seconds
[2023-10-15T23:51:41.858+0000] {processor.py:157} INFO - Started process (PID=347) to work on /opt/airflow/dags/dag_with_taskflow_api.py
[2023-10-15T23:51:41.859+0000] {processor.py:829} INFO - Processing file /opt/airflow/dags/dag_with_taskflow_api.py for tasks to queue
[2023-10-15T23:51:41.860+0000] {logging_mixin.py:151} INFO - [2023-10-15T23:51:41.859+0000] {dagbag.py:539} INFO - Filling up the DagBag from /opt/airflow/dags/dag_with_taskflow_api.py
[2023-10-15T23:51:42.076+0000] {processor.py:839} INFO - DAG(s) dict_keys(['dag_w_taskflow_api_v2']) retrieved from /opt/airflow/dags/dag_with_taskflow_api.py
[2023-10-15T23:51:42.094+0000] {logging_mixin.py:151} INFO - [2023-10-15T23:51:42.094+0000] {dag.py:2915} INFO - Sync 1 DAGs
[2023-10-15T23:51:42.109+0000] {logging_mixin.py:151} INFO - [2023-10-15T23:51:42.109+0000] {dag.py:3696} INFO - Setting next_dagrun for dag_w_taskflow_api_v2 to 2023-10-13T00:00:00+00:00, run_after=2023-10-14T00:00:00+00:00
[2023-10-15T23:51:42.117+0000] {processor.py:179} INFO - Processing /opt/airflow/dags/dag_with_taskflow_api.py took 0.263 seconds
[2023-10-15T23:52:12.579+0000] {processor.py:157} INFO - Started process (PID=373) to work on /opt/airflow/dags/dag_with_taskflow_api.py
[2023-10-15T23:52:12.582+0000] {processor.py:829} INFO - Processing file /opt/airflow/dags/dag_with_taskflow_api.py for tasks to queue
[2023-10-15T23:52:12.583+0000] {logging_mixin.py:151} INFO - [2023-10-15T23:52:12.582+0000] {dagbag.py:539} INFO - Filling up the DagBag from /opt/airflow/dags/dag_with_taskflow_api.py
[2023-10-15T23:52:12.606+0000] {processor.py:839} INFO - DAG(s) dict_keys(['dag_w_taskflow_api_v2']) retrieved from /opt/airflow/dags/dag_with_taskflow_api.py
[2023-10-15T23:52:12.664+0000] {logging_mixin.py:151} INFO - [2023-10-15T23:52:12.663+0000] {dag.py:2915} INFO - Sync 1 DAGs
[2023-10-15T23:52:12.682+0000] {logging_mixin.py:151} INFO - [2023-10-15T23:52:12.682+0000] {dag.py:3696} INFO - Setting next_dagrun for dag_w_taskflow_api_v2 to 2023-10-13T00:00:00+00:00, run_after=2023-10-14T00:00:00+00:00
[2023-10-15T23:52:12.702+0000] {processor.py:179} INFO - Processing /opt/airflow/dags/dag_with_taskflow_api.py took 0.127 seconds
[2023-10-15T23:52:43.197+0000] {processor.py:157} INFO - Started process (PID=400) to work on /opt/airflow/dags/dag_with_taskflow_api.py
[2023-10-15T23:52:43.198+0000] {processor.py:829} INFO - Processing file /opt/airflow/dags/dag_with_taskflow_api.py for tasks to queue
[2023-10-15T23:52:43.199+0000] {logging_mixin.py:151} INFO - [2023-10-15T23:52:43.198+0000] {dagbag.py:539} INFO - Filling up the DagBag from /opt/airflow/dags/dag_with_taskflow_api.py
[2023-10-15T23:52:43.226+0000] {processor.py:839} INFO - DAG(s) dict_keys(['dag_w_taskflow_api_v2']) retrieved from /opt/airflow/dags/dag_with_taskflow_api.py
[2023-10-15T23:52:43.257+0000] {logging_mixin.py:151} INFO - [2023-10-15T23:52:43.256+0000] {dag.py:2915} INFO - Sync 1 DAGs
[2023-10-15T23:52:43.275+0000] {logging_mixin.py:151} INFO - [2023-10-15T23:52:43.274+0000] {dag.py:3696} INFO - Setting next_dagrun for dag_w_taskflow_api_v2 to 2023-10-13T00:00:00+00:00, run_after=2023-10-14T00:00:00+00:00
[2023-10-15T23:52:43.282+0000] {processor.py:179} INFO - Processing /opt/airflow/dags/dag_with_taskflow_api.py took 0.088 seconds
[2023-10-15T23:53:13.839+0000] {processor.py:157} INFO - Started process (PID=430) to work on /opt/airflow/dags/dag_with_taskflow_api.py
[2023-10-15T23:53:13.842+0000] {processor.py:829} INFO - Processing file /opt/airflow/dags/dag_with_taskflow_api.py for tasks to queue
[2023-10-15T23:53:13.843+0000] {logging_mixin.py:151} INFO - [2023-10-15T23:53:13.842+0000] {dagbag.py:539} INFO - Filling up the DagBag from /opt/airflow/dags/dag_with_taskflow_api.py
[2023-10-15T23:53:13.879+0000] {processor.py:839} INFO - DAG(s) dict_keys(['dag_w_taskflow_api_v2']) retrieved from /opt/airflow/dags/dag_with_taskflow_api.py
[2023-10-15T23:53:13.904+0000] {logging_mixin.py:151} INFO - [2023-10-15T23:53:13.904+0000] {dag.py:2915} INFO - Sync 1 DAGs
[2023-10-15T23:53:13.917+0000] {logging_mixin.py:151} INFO - [2023-10-15T23:53:13.917+0000] {dag.py:3696} INFO - Setting next_dagrun for dag_w_taskflow_api_v2 to 2023-10-13T00:00:00+00:00, run_after=2023-10-14T00:00:00+00:00
[2023-10-15T23:53:13.930+0000] {processor.py:179} INFO - Processing /opt/airflow/dags/dag_with_taskflow_api.py took 0.097 seconds
[2023-10-15T23:53:44.458+0000] {processor.py:157} INFO - Started process (PID=461) to work on /opt/airflow/dags/dag_with_taskflow_api.py
[2023-10-15T23:53:44.460+0000] {processor.py:829} INFO - Processing file /opt/airflow/dags/dag_with_taskflow_api.py for tasks to queue
[2023-10-15T23:53:44.462+0000] {logging_mixin.py:151} INFO - [2023-10-15T23:53:44.461+0000] {dagbag.py:539} INFO - Filling up the DagBag from /opt/airflow/dags/dag_with_taskflow_api.py
[2023-10-15T23:53:44.480+0000] {processor.py:839} INFO - DAG(s) dict_keys(['dag_w_taskflow_api_v2']) retrieved from /opt/airflow/dags/dag_with_taskflow_api.py
[2023-10-15T23:53:44.519+0000] {logging_mixin.py:151} INFO - [2023-10-15T23:53:44.519+0000] {dag.py:2915} INFO - Sync 1 DAGs
[2023-10-15T23:53:44.537+0000] {logging_mixin.py:151} INFO - [2023-10-15T23:53:44.536+0000] {dag.py:3696} INFO - Setting next_dagrun for dag_w_taskflow_api_v2 to 2023-10-13T00:00:00+00:00, run_after=2023-10-14T00:00:00+00:00
[2023-10-15T23:53:44.545+0000] {processor.py:179} INFO - Processing /opt/airflow/dags/dag_with_taskflow_api.py took 0.091 seconds
[2023-10-15T23:54:15.047+0000] {processor.py:157} INFO - Started process (PID=489) to work on /opt/airflow/dags/dag_with_taskflow_api.py
[2023-10-15T23:54:15.048+0000] {processor.py:829} INFO - Processing file /opt/airflow/dags/dag_with_taskflow_api.py for tasks to queue
[2023-10-15T23:54:15.049+0000] {logging_mixin.py:151} INFO - [2023-10-15T23:54:15.049+0000] {dagbag.py:539} INFO - Filling up the DagBag from /opt/airflow/dags/dag_with_taskflow_api.py
[2023-10-15T23:54:15.072+0000] {processor.py:839} INFO - DAG(s) dict_keys(['dag_w_taskflow_api_v2']) retrieved from /opt/airflow/dags/dag_with_taskflow_api.py
[2023-10-15T23:54:15.139+0000] {logging_mixin.py:151} INFO - [2023-10-15T23:54:15.139+0000] {dag.py:2915} INFO - Sync 1 DAGs
[2023-10-15T23:54:15.157+0000] {logging_mixin.py:151} INFO - [2023-10-15T23:54:15.156+0000] {dag.py:3696} INFO - Setting next_dagrun for dag_w_taskflow_api_v2 to 2023-10-13T00:00:00+00:00, run_after=2023-10-14T00:00:00+00:00
[2023-10-15T23:54:15.167+0000] {processor.py:179} INFO - Processing /opt/airflow/dags/dag_with_taskflow_api.py took 0.124 seconds
[2023-10-15T23:54:45.544+0000] {processor.py:157} INFO - Started process (PID=523) to work on /opt/airflow/dags/dag_with_taskflow_api.py
[2023-10-15T23:54:45.546+0000] {processor.py:829} INFO - Processing file /opt/airflow/dags/dag_with_taskflow_api.py for tasks to queue
[2023-10-15T23:54:45.547+0000] {logging_mixin.py:151} INFO - [2023-10-15T23:54:45.547+0000] {dagbag.py:539} INFO - Filling up the DagBag from /opt/airflow/dags/dag_with_taskflow_api.py
[2023-10-15T23:54:45.566+0000] {processor.py:839} INFO - DAG(s) dict_keys(['dag_w_taskflow_api_v2']) retrieved from /opt/airflow/dags/dag_with_taskflow_api.py
[2023-10-15T23:54:45.594+0000] {logging_mixin.py:151} INFO - [2023-10-15T23:54:45.594+0000] {dag.py:2915} INFO - Sync 1 DAGs
[2023-10-15T23:54:45.607+0000] {logging_mixin.py:151} INFO - [2023-10-15T23:54:45.607+0000] {dag.py:3696} INFO - Setting next_dagrun for dag_w_taskflow_api_v2 to 2023-10-13T00:00:00+00:00, run_after=2023-10-14T00:00:00+00:00
[2023-10-15T23:54:45.615+0000] {processor.py:179} INFO - Processing /opt/airflow/dags/dag_with_taskflow_api.py took 0.076 seconds
[2023-10-15T23:55:16.065+0000] {processor.py:157} INFO - Started process (PID=550) to work on /opt/airflow/dags/dag_with_taskflow_api.py
[2023-10-15T23:55:16.067+0000] {processor.py:829} INFO - Processing file /opt/airflow/dags/dag_with_taskflow_api.py for tasks to queue
[2023-10-15T23:55:16.068+0000] {logging_mixin.py:151} INFO - [2023-10-15T23:55:16.067+0000] {dagbag.py:539} INFO - Filling up the DagBag from /opt/airflow/dags/dag_with_taskflow_api.py
[2023-10-15T23:55:16.097+0000] {processor.py:839} INFO - DAG(s) dict_keys(['dag_w_taskflow_api_v2']) retrieved from /opt/airflow/dags/dag_with_taskflow_api.py
[2023-10-15T23:55:16.129+0000] {logging_mixin.py:151} INFO - [2023-10-15T23:55:16.129+0000] {dag.py:2915} INFO - Sync 1 DAGs
[2023-10-15T23:55:16.142+0000] {logging_mixin.py:151} INFO - [2023-10-15T23:55:16.142+0000] {dag.py:3696} INFO - Setting next_dagrun for dag_w_taskflow_api_v2 to 2023-10-13T00:00:00+00:00, run_after=2023-10-14T00:00:00+00:00
[2023-10-15T23:55:16.149+0000] {processor.py:179} INFO - Processing /opt/airflow/dags/dag_with_taskflow_api.py took 0.090 seconds
[2023-10-15T23:55:46.719+0000] {processor.py:157} INFO - Started process (PID=577) to work on /opt/airflow/dags/dag_with_taskflow_api.py
[2023-10-15T23:55:46.721+0000] {processor.py:829} INFO - Processing file /opt/airflow/dags/dag_with_taskflow_api.py for tasks to queue
[2023-10-15T23:55:46.722+0000] {logging_mixin.py:151} INFO - [2023-10-15T23:55:46.722+0000] {dagbag.py:539} INFO - Filling up the DagBag from /opt/airflow/dags/dag_with_taskflow_api.py
[2023-10-15T23:55:46.745+0000] {processor.py:839} INFO - DAG(s) dict_keys(['dag_w_taskflow_api_v2']) retrieved from /opt/airflow/dags/dag_with_taskflow_api.py
[2023-10-15T23:55:46.767+0000] {logging_mixin.py:151} INFO - [2023-10-15T23:55:46.767+0000] {dag.py:2915} INFO - Sync 1 DAGs
[2023-10-15T23:55:46.781+0000] {logging_mixin.py:151} INFO - [2023-10-15T23:55:46.780+0000] {dag.py:3696} INFO - Setting next_dagrun for dag_w_taskflow_api_v2 to 2023-10-13T00:00:00+00:00, run_after=2023-10-14T00:00:00+00:00
[2023-10-15T23:55:46.788+0000] {processor.py:179} INFO - Processing /opt/airflow/dags/dag_with_taskflow_api.py took 0.074 seconds
[2023-10-15T23:56:17.702+0000] {processor.py:157} INFO - Started process (PID=829) to work on /opt/airflow/dags/dag_with_taskflow_api.py
[2023-10-15T23:56:17.703+0000] {processor.py:829} INFO - Processing file /opt/airflow/dags/dag_with_taskflow_api.py for tasks to queue
[2023-10-15T23:56:17.704+0000] {logging_mixin.py:151} INFO - [2023-10-15T23:56:17.704+0000] {dagbag.py:539} INFO - Filling up the DagBag from /opt/airflow/dags/dag_with_taskflow_api.py
[2023-10-15T23:56:17.731+0000] {processor.py:839} INFO - DAG(s) dict_keys(['dag_w_taskflow_api_v2']) retrieved from /opt/airflow/dags/dag_with_taskflow_api.py
[2023-10-15T23:56:17.765+0000] {logging_mixin.py:151} INFO - [2023-10-15T23:56:17.765+0000] {dag.py:2915} INFO - Sync 1 DAGs
[2023-10-15T23:56:17.779+0000] {logging_mixin.py:151} INFO - [2023-10-15T23:56:17.779+0000] {dag.py:3696} INFO - Setting next_dagrun for dag_w_taskflow_api_v2 to 2023-10-13T00:00:00+00:00, run_after=2023-10-14T00:00:00+00:00
[2023-10-15T23:56:17.788+0000] {processor.py:179} INFO - Processing /opt/airflow/dags/dag_with_taskflow_api.py took 0.092 seconds
[2023-10-15T23:56:48.324+0000] {processor.py:157} INFO - Started process (PID=856) to work on /opt/airflow/dags/dag_with_taskflow_api.py
[2023-10-15T23:56:48.326+0000] {processor.py:829} INFO - Processing file /opt/airflow/dags/dag_with_taskflow_api.py for tasks to queue
[2023-10-15T23:56:48.328+0000] {logging_mixin.py:151} INFO - [2023-10-15T23:56:48.327+0000] {dagbag.py:539} INFO - Filling up the DagBag from /opt/airflow/dags/dag_with_taskflow_api.py
[2023-10-15T23:56:48.355+0000] {processor.py:839} INFO - DAG(s) dict_keys(['dag_w_taskflow_api_v2']) retrieved from /opt/airflow/dags/dag_with_taskflow_api.py
[2023-10-15T23:56:48.382+0000] {logging_mixin.py:151} INFO - [2023-10-15T23:56:48.381+0000] {dag.py:2915} INFO - Sync 1 DAGs
[2023-10-15T23:56:48.395+0000] {logging_mixin.py:151} INFO - [2023-10-15T23:56:48.395+0000] {dag.py:3696} INFO - Setting next_dagrun for dag_w_taskflow_api_v2 to 2023-10-13T00:00:00+00:00, run_after=2023-10-14T00:00:00+00:00
[2023-10-15T23:56:48.402+0000] {processor.py:179} INFO - Processing /opt/airflow/dags/dag_with_taskflow_api.py took 0.084 seconds
[2023-10-15T23:57:19.003+0000] {processor.py:157} INFO - Started process (PID=883) to work on /opt/airflow/dags/dag_with_taskflow_api.py
[2023-10-15T23:57:19.005+0000] {processor.py:829} INFO - Processing file /opt/airflow/dags/dag_with_taskflow_api.py for tasks to queue
[2023-10-15T23:57:19.006+0000] {logging_mixin.py:151} INFO - [2023-10-15T23:57:19.006+0000] {dagbag.py:539} INFO - Filling up the DagBag from /opt/airflow/dags/dag_with_taskflow_api.py
[2023-10-15T23:57:19.033+0000] {processor.py:839} INFO - DAG(s) dict_keys(['dag_w_taskflow_api_v2']) retrieved from /opt/airflow/dags/dag_with_taskflow_api.py
[2023-10-15T23:57:19.070+0000] {logging_mixin.py:151} INFO - [2023-10-15T23:57:19.070+0000] {dag.py:2915} INFO - Sync 1 DAGs
[2023-10-15T23:57:19.090+0000] {logging_mixin.py:151} INFO - [2023-10-15T23:57:19.089+0000] {dag.py:3696} INFO - Setting next_dagrun for dag_w_taskflow_api_v2 to 2023-10-13T00:00:00+00:00, run_after=2023-10-14T00:00:00+00:00
[2023-10-15T23:57:19.099+0000] {processor.py:179} INFO - Processing /opt/airflow/dags/dag_with_taskflow_api.py took 0.105 seconds
[2023-10-15T23:57:49.494+0000] {processor.py:157} INFO - Started process (PID=911) to work on /opt/airflow/dags/dag_with_taskflow_api.py
[2023-10-15T23:57:49.494+0000] {processor.py:829} INFO - Processing file /opt/airflow/dags/dag_with_taskflow_api.py for tasks to queue
[2023-10-15T23:57:49.495+0000] {logging_mixin.py:151} INFO - [2023-10-15T23:57:49.495+0000] {dagbag.py:539} INFO - Filling up the DagBag from /opt/airflow/dags/dag_with_taskflow_api.py
[2023-10-15T23:57:49.512+0000] {processor.py:839} INFO - DAG(s) dict_keys(['dag_w_taskflow_api_v2']) retrieved from /opt/airflow/dags/dag_with_taskflow_api.py
[2023-10-15T23:57:49.543+0000] {logging_mixin.py:151} INFO - [2023-10-15T23:57:49.543+0000] {dag.py:2915} INFO - Sync 1 DAGs
[2023-10-15T23:57:49.562+0000] {logging_mixin.py:151} INFO - [2023-10-15T23:57:49.562+0000] {dag.py:3696} INFO - Setting next_dagrun for dag_w_taskflow_api_v2 to 2023-10-13T00:00:00+00:00, run_after=2023-10-14T00:00:00+00:00
[2023-10-15T23:57:49.574+0000] {processor.py:179} INFO - Processing /opt/airflow/dags/dag_with_taskflow_api.py took 0.084 seconds
[2023-10-15T23:58:19.973+0000] {processor.py:157} INFO - Started process (PID=938) to work on /opt/airflow/dags/dag_with_taskflow_api.py
[2023-10-15T23:58:19.974+0000] {processor.py:829} INFO - Processing file /opt/airflow/dags/dag_with_taskflow_api.py for tasks to queue
[2023-10-15T23:58:19.975+0000] {logging_mixin.py:151} INFO - [2023-10-15T23:58:19.974+0000] {dagbag.py:539} INFO - Filling up the DagBag from /opt/airflow/dags/dag_with_taskflow_api.py
[2023-10-15T23:58:20.000+0000] {processor.py:839} INFO - DAG(s) dict_keys(['dag_w_taskflow_api_v2']) retrieved from /opt/airflow/dags/dag_with_taskflow_api.py
[2023-10-15T23:58:20.030+0000] {logging_mixin.py:151} INFO - [2023-10-15T23:58:20.030+0000] {dag.py:2915} INFO - Sync 1 DAGs
[2023-10-15T23:58:20.052+0000] {logging_mixin.py:151} INFO - [2023-10-15T23:58:20.052+0000] {dag.py:3696} INFO - Setting next_dagrun for dag_w_taskflow_api_v2 to 2023-10-13T00:00:00+00:00, run_after=2023-10-14T00:00:00+00:00
[2023-10-15T23:58:20.062+0000] {processor.py:179} INFO - Processing /opt/airflow/dags/dag_with_taskflow_api.py took 0.093 seconds
