[2023-10-15T23:49:06.355+0000] {processor.py:157} INFO - Started process (PID=177) to work on /opt/airflow/dags/our_first_dag.py
[2023-10-15T23:49:06.356+0000] {processor.py:829} INFO - Processing file /opt/airflow/dags/our_first_dag.py for tasks to queue
[2023-10-15T23:49:06.356+0000] {logging_mixin.py:151} INFO - [2023-10-15T23:49:06.356+0000] {dagbag.py:539} INFO - Filling up the DagBag from /opt/airflow/dags/our_first_dag.py
[2023-10-15T23:49:06.363+0000] {processor.py:839} INFO - DAG(s) dict_keys(['our_first_dag_v3']) retrieved from /opt/airflow/dags/our_first_dag.py
[2023-10-15T23:49:06.506+0000] {logging_mixin.py:151} INFO - [2023-10-15T23:49:06.506+0000] {security.py:708} INFO - Not syncing DAG-level permissions for DAG 'DAG:our_first_dag_v3' as access control is unset.
[2023-10-15T23:49:06.507+0000] {logging_mixin.py:151} INFO - [2023-10-15T23:49:06.507+0000] {dag.py:2915} INFO - Sync 1 DAGs
[2023-10-15T23:49:06.515+0000] {logging_mixin.py:151} INFO - [2023-10-15T23:49:06.515+0000] {dag.py:3696} INFO - Setting next_dagrun for our_first_dag_v3 to 2023-10-10T00:00:00+00:00, run_after=2023-10-11T00:00:00+00:00
[2023-10-15T23:49:06.523+0000] {processor.py:179} INFO - Processing /opt/airflow/dags/our_first_dag.py took 0.170 seconds
[2023-10-15T23:49:37.165+0000] {processor.py:157} INFO - Started process (PID=204) to work on /opt/airflow/dags/our_first_dag.py
[2023-10-15T23:49:37.166+0000] {processor.py:829} INFO - Processing file /opt/airflow/dags/our_first_dag.py for tasks to queue
[2023-10-15T23:49:37.166+0000] {logging_mixin.py:151} INFO - [2023-10-15T23:49:37.166+0000] {dagbag.py:539} INFO - Filling up the DagBag from /opt/airflow/dags/our_first_dag.py
[2023-10-15T23:49:37.172+0000] {processor.py:839} INFO - DAG(s) dict_keys(['our_first_dag_v3']) retrieved from /opt/airflow/dags/our_first_dag.py
[2023-10-15T23:49:37.187+0000] {logging_mixin.py:151} INFO - [2023-10-15T23:49:37.187+0000] {dag.py:2915} INFO - Sync 1 DAGs
[2023-10-15T23:49:37.197+0000] {logging_mixin.py:151} INFO - [2023-10-15T23:49:37.197+0000] {dag.py:3696} INFO - Setting next_dagrun for our_first_dag_v3 to 2023-10-10T00:00:00+00:00, run_after=2023-10-11T00:00:00+00:00
[2023-10-15T23:49:37.277+0000] {processor.py:179} INFO - Processing /opt/airflow/dags/our_first_dag.py took 0.113 seconds
[2023-10-15T23:50:07.923+0000] {processor.py:157} INFO - Started process (PID=232) to work on /opt/airflow/dags/our_first_dag.py
[2023-10-15T23:50:07.923+0000] {processor.py:829} INFO - Processing file /opt/airflow/dags/our_first_dag.py for tasks to queue
[2023-10-15T23:50:07.924+0000] {logging_mixin.py:151} INFO - [2023-10-15T23:50:07.923+0000] {dagbag.py:539} INFO - Filling up the DagBag from /opt/airflow/dags/our_first_dag.py
[2023-10-15T23:50:07.932+0000] {processor.py:839} INFO - DAG(s) dict_keys(['our_first_dag_v3']) retrieved from /opt/airflow/dags/our_first_dag.py
[2023-10-15T23:50:07.952+0000] {logging_mixin.py:151} INFO - [2023-10-15T23:50:07.952+0000] {dag.py:2915} INFO - Sync 1 DAGs
[2023-10-15T23:50:08.067+0000] {logging_mixin.py:151} INFO - [2023-10-15T23:50:08.067+0000] {dag.py:3696} INFO - Setting next_dagrun for our_first_dag_v3 to 2023-10-10T00:00:00+00:00, run_after=2023-10-11T00:00:00+00:00
[2023-10-15T23:50:08.074+0000] {processor.py:179} INFO - Processing /opt/airflow/dags/our_first_dag.py took 0.154 seconds
[2023-10-15T23:50:40.839+0000] {processor.py:157} INFO - Started process (PID=272) to work on /opt/airflow/dags/our_first_dag.py
[2023-10-15T23:50:40.855+0000] {processor.py:829} INFO - Processing file /opt/airflow/dags/our_first_dag.py for tasks to queue
[2023-10-15T23:50:40.860+0000] {logging_mixin.py:151} INFO - [2023-10-15T23:50:40.860+0000] {dagbag.py:539} INFO - Filling up the DagBag from /opt/airflow/dags/our_first_dag.py
[2023-10-15T23:50:40.940+0000] {processor.py:839} INFO - DAG(s) dict_keys(['our_first_dag_v3']) retrieved from /opt/airflow/dags/our_first_dag.py
[2023-10-15T23:50:41.109+0000] {logging_mixin.py:151} INFO - [2023-10-15T23:50:41.108+0000] {dag.py:2915} INFO - Sync 1 DAGs
[2023-10-15T23:50:45.858+0000] {logging_mixin.py:151} INFO - [2023-10-15T23:50:45.854+0000] {dag.py:3696} INFO - Setting next_dagrun for our_first_dag_v3 to 2023-10-10T00:00:00+00:00, run_after=2023-10-11T00:00:00+00:00
[2023-10-15T23:50:45.959+0000] {processor.py:179} INFO - Processing /opt/airflow/dags/our_first_dag.py took 5.141 seconds
[2023-10-15T23:51:16.597+0000] {processor.py:157} INFO - Started process (PID=333) to work on /opt/airflow/dags/our_first_dag.py
[2023-10-15T23:51:16.600+0000] {processor.py:829} INFO - Processing file /opt/airflow/dags/our_first_dag.py for tasks to queue
[2023-10-15T23:51:16.601+0000] {logging_mixin.py:151} INFO - [2023-10-15T23:51:16.600+0000] {dagbag.py:539} INFO - Filling up the DagBag from /opt/airflow/dags/our_first_dag.py
[2023-10-15T23:51:16.614+0000] {processor.py:839} INFO - DAG(s) dict_keys(['our_first_dag_v3']) retrieved from /opt/airflow/dags/our_first_dag.py
[2023-10-15T23:51:16.700+0000] {logging_mixin.py:151} INFO - [2023-10-15T23:51:16.700+0000] {dag.py:2915} INFO - Sync 1 DAGs
[2023-10-15T23:51:16.709+0000] {logging_mixin.py:151} INFO - [2023-10-15T23:51:16.709+0000] {dag.py:3696} INFO - Setting next_dagrun for our_first_dag_v3 to 2023-10-10T00:00:00+00:00, run_after=2023-10-11T00:00:00+00:00
[2023-10-15T23:51:16.717+0000] {processor.py:179} INFO - Processing /opt/airflow/dags/our_first_dag.py took 0.127 seconds
[2023-10-15T23:51:47.327+0000] {processor.py:157} INFO - Started process (PID=359) to work on /opt/airflow/dags/our_first_dag.py
[2023-10-15T23:51:47.329+0000] {processor.py:829} INFO - Processing file /opt/airflow/dags/our_first_dag.py for tasks to queue
[2023-10-15T23:51:47.329+0000] {logging_mixin.py:151} INFO - [2023-10-15T23:51:47.329+0000] {dagbag.py:539} INFO - Filling up the DagBag from /opt/airflow/dags/our_first_dag.py
[2023-10-15T23:51:47.334+0000] {processor.py:839} INFO - DAG(s) dict_keys(['our_first_dag_v3']) retrieved from /opt/airflow/dags/our_first_dag.py
[2023-10-15T23:51:47.347+0000] {logging_mixin.py:151} INFO - [2023-10-15T23:51:47.347+0000] {dag.py:2915} INFO - Sync 1 DAGs
[2023-10-15T23:51:47.356+0000] {logging_mixin.py:151} INFO - [2023-10-15T23:51:47.356+0000] {dag.py:3696} INFO - Setting next_dagrun for our_first_dag_v3 to 2023-10-10T00:00:00+00:00, run_after=2023-10-11T00:00:00+00:00
[2023-10-15T23:51:47.363+0000] {processor.py:179} INFO - Processing /opt/airflow/dags/our_first_dag.py took 0.149 seconds
[2023-10-15T23:52:17.825+0000] {processor.py:157} INFO - Started process (PID=386) to work on /opt/airflow/dags/our_first_dag.py
[2023-10-15T23:52:17.827+0000] {processor.py:829} INFO - Processing file /opt/airflow/dags/our_first_dag.py for tasks to queue
[2023-10-15T23:52:17.828+0000] {logging_mixin.py:151} INFO - [2023-10-15T23:52:17.828+0000] {dagbag.py:539} INFO - Filling up the DagBag from /opt/airflow/dags/our_first_dag.py
[2023-10-15T23:52:17.842+0000] {processor.py:839} INFO - DAG(s) dict_keys(['our_first_dag_v3']) retrieved from /opt/airflow/dags/our_first_dag.py
[2023-10-15T23:52:17.866+0000] {logging_mixin.py:151} INFO - [2023-10-15T23:52:17.866+0000] {dag.py:2915} INFO - Sync 1 DAGs
[2023-10-15T23:52:17.877+0000] {logging_mixin.py:151} INFO - [2023-10-15T23:52:17.877+0000] {dag.py:3696} INFO - Setting next_dagrun for our_first_dag_v3 to 2023-10-10T00:00:00+00:00, run_after=2023-10-11T00:00:00+00:00
[2023-10-15T23:52:17.885+0000] {processor.py:179} INFO - Processing /opt/airflow/dags/our_first_dag.py took 0.066 seconds
[2023-10-15T23:52:48.371+0000] {processor.py:157} INFO - Started process (PID=413) to work on /opt/airflow/dags/our_first_dag.py
[2023-10-15T23:52:48.374+0000] {processor.py:829} INFO - Processing file /opt/airflow/dags/our_first_dag.py for tasks to queue
[2023-10-15T23:52:48.375+0000] {logging_mixin.py:151} INFO - [2023-10-15T23:52:48.374+0000] {dagbag.py:539} INFO - Filling up the DagBag from /opt/airflow/dags/our_first_dag.py
[2023-10-15T23:52:48.388+0000] {processor.py:839} INFO - DAG(s) dict_keys(['our_first_dag_v3']) retrieved from /opt/airflow/dags/our_first_dag.py
[2023-10-15T23:52:48.418+0000] {logging_mixin.py:151} INFO - [2023-10-15T23:52:48.418+0000] {dag.py:2915} INFO - Sync 1 DAGs
[2023-10-15T23:52:48.433+0000] {logging_mixin.py:151} INFO - [2023-10-15T23:52:48.432+0000] {dag.py:3696} INFO - Setting next_dagrun for our_first_dag_v3 to 2023-10-10T00:00:00+00:00, run_after=2023-10-11T00:00:00+00:00
[2023-10-15T23:52:48.440+0000] {processor.py:179} INFO - Processing /opt/airflow/dags/our_first_dag.py took 0.072 seconds
[2023-10-15T23:53:19.032+0000] {processor.py:157} INFO - Started process (PID=440) to work on /opt/airflow/dags/our_first_dag.py
[2023-10-15T23:53:19.034+0000] {processor.py:829} INFO - Processing file /opt/airflow/dags/our_first_dag.py for tasks to queue
[2023-10-15T23:53:19.036+0000] {logging_mixin.py:151} INFO - [2023-10-15T23:53:19.035+0000] {dagbag.py:539} INFO - Filling up the DagBag from /opt/airflow/dags/our_first_dag.py
[2023-10-15T23:53:19.050+0000] {processor.py:839} INFO - DAG(s) dict_keys(['our_first_dag_v3']) retrieved from /opt/airflow/dags/our_first_dag.py
[2023-10-15T23:53:19.079+0000] {logging_mixin.py:151} INFO - [2023-10-15T23:53:19.079+0000] {dag.py:2915} INFO - Sync 1 DAGs
[2023-10-15T23:53:19.090+0000] {logging_mixin.py:151} INFO - [2023-10-15T23:53:19.090+0000] {dag.py:3696} INFO - Setting next_dagrun for our_first_dag_v3 to 2023-10-10T00:00:00+00:00, run_after=2023-10-11T00:00:00+00:00
[2023-10-15T23:53:19.098+0000] {processor.py:179} INFO - Processing /opt/airflow/dags/our_first_dag.py took 0.071 seconds
[2023-10-15T23:53:49.621+0000] {processor.py:157} INFO - Started process (PID=471) to work on /opt/airflow/dags/our_first_dag.py
[2023-10-15T23:53:49.623+0000] {processor.py:829} INFO - Processing file /opt/airflow/dags/our_first_dag.py for tasks to queue
[2023-10-15T23:53:49.624+0000] {logging_mixin.py:151} INFO - [2023-10-15T23:53:49.624+0000] {dagbag.py:539} INFO - Filling up the DagBag from /opt/airflow/dags/our_first_dag.py
[2023-10-15T23:53:49.638+0000] {processor.py:839} INFO - DAG(s) dict_keys(['our_first_dag_v3']) retrieved from /opt/airflow/dags/our_first_dag.py
[2023-10-15T23:53:49.659+0000] {logging_mixin.py:151} INFO - [2023-10-15T23:53:49.659+0000] {dag.py:2915} INFO - Sync 1 DAGs
[2023-10-15T23:53:49.670+0000] {logging_mixin.py:151} INFO - [2023-10-15T23:53:49.670+0000] {dag.py:3696} INFO - Setting next_dagrun for our_first_dag_v3 to 2023-10-10T00:00:00+00:00, run_after=2023-10-11T00:00:00+00:00
[2023-10-15T23:53:49.678+0000] {processor.py:179} INFO - Processing /opt/airflow/dags/our_first_dag.py took 0.062 seconds
[2023-10-15T23:54:20.144+0000] {processor.py:157} INFO - Started process (PID=499) to work on /opt/airflow/dags/our_first_dag.py
[2023-10-15T23:54:20.147+0000] {processor.py:829} INFO - Processing file /opt/airflow/dags/our_first_dag.py for tasks to queue
[2023-10-15T23:54:20.148+0000] {logging_mixin.py:151} INFO - [2023-10-15T23:54:20.147+0000] {dagbag.py:539} INFO - Filling up the DagBag from /opt/airflow/dags/our_first_dag.py
[2023-10-15T23:54:20.163+0000] {processor.py:839} INFO - DAG(s) dict_keys(['our_first_dag_v3']) retrieved from /opt/airflow/dags/our_first_dag.py
[2023-10-15T23:54:20.186+0000] {logging_mixin.py:151} INFO - [2023-10-15T23:54:20.186+0000] {dag.py:2915} INFO - Sync 1 DAGs
[2023-10-15T23:54:20.196+0000] {logging_mixin.py:151} INFO - [2023-10-15T23:54:20.196+0000] {dag.py:3696} INFO - Setting next_dagrun for our_first_dag_v3 to 2023-10-10T00:00:00+00:00, run_after=2023-10-11T00:00:00+00:00
[2023-10-15T23:54:20.204+0000] {processor.py:179} INFO - Processing /opt/airflow/dags/our_first_dag.py took 0.065 seconds
[2023-10-15T23:54:50.713+0000] {processor.py:157} INFO - Started process (PID=533) to work on /opt/airflow/dags/our_first_dag.py
[2023-10-15T23:54:50.714+0000] {processor.py:829} INFO - Processing file /opt/airflow/dags/our_first_dag.py for tasks to queue
[2023-10-15T23:54:50.715+0000] {logging_mixin.py:151} INFO - [2023-10-15T23:54:50.715+0000] {dagbag.py:539} INFO - Filling up the DagBag from /opt/airflow/dags/our_first_dag.py
[2023-10-15T23:54:50.728+0000] {processor.py:839} INFO - DAG(s) dict_keys(['our_first_dag_v3']) retrieved from /opt/airflow/dags/our_first_dag.py
[2023-10-15T23:54:50.749+0000] {logging_mixin.py:151} INFO - [2023-10-15T23:54:50.749+0000] {dag.py:2915} INFO - Sync 1 DAGs
[2023-10-15T23:54:50.760+0000] {logging_mixin.py:151} INFO - [2023-10-15T23:54:50.760+0000] {dag.py:3696} INFO - Setting next_dagrun for our_first_dag_v3 to 2023-10-10T00:00:00+00:00, run_after=2023-10-11T00:00:00+00:00
[2023-10-15T23:54:50.767+0000] {processor.py:179} INFO - Processing /opt/airflow/dags/our_first_dag.py took 0.058 seconds
[2023-10-15T23:55:21.256+0000] {processor.py:157} INFO - Started process (PID=560) to work on /opt/airflow/dags/our_first_dag.py
[2023-10-15T23:55:21.260+0000] {processor.py:829} INFO - Processing file /opt/airflow/dags/our_first_dag.py for tasks to queue
[2023-10-15T23:55:21.261+0000] {logging_mixin.py:151} INFO - [2023-10-15T23:55:21.260+0000] {dagbag.py:539} INFO - Filling up the DagBag from /opt/airflow/dags/our_first_dag.py
[2023-10-15T23:55:21.276+0000] {processor.py:839} INFO - DAG(s) dict_keys(['our_first_dag_v3']) retrieved from /opt/airflow/dags/our_first_dag.py
[2023-10-15T23:55:21.300+0000] {logging_mixin.py:151} INFO - [2023-10-15T23:55:21.300+0000] {dag.py:2915} INFO - Sync 1 DAGs
[2023-10-15T23:55:21.311+0000] {logging_mixin.py:151} INFO - [2023-10-15T23:55:21.311+0000] {dag.py:3696} INFO - Setting next_dagrun for our_first_dag_v3 to 2023-10-10T00:00:00+00:00, run_after=2023-10-11T00:00:00+00:00
[2023-10-15T23:55:21.317+0000] {processor.py:179} INFO - Processing /opt/airflow/dags/our_first_dag.py took 0.068 seconds
[2023-10-15T23:55:51.888+0000] {processor.py:157} INFO - Started process (PID=587) to work on /opt/airflow/dags/our_first_dag.py
[2023-10-15T23:55:51.890+0000] {processor.py:829} INFO - Processing file /opt/airflow/dags/our_first_dag.py for tasks to queue
[2023-10-15T23:55:51.891+0000] {logging_mixin.py:151} INFO - [2023-10-15T23:55:51.891+0000] {dagbag.py:539} INFO - Filling up the DagBag from /opt/airflow/dags/our_first_dag.py
[2023-10-15T23:55:51.906+0000] {processor.py:839} INFO - DAG(s) dict_keys(['our_first_dag_v3']) retrieved from /opt/airflow/dags/our_first_dag.py
[2023-10-15T23:55:51.928+0000] {logging_mixin.py:151} INFO - [2023-10-15T23:55:51.928+0000] {dag.py:2915} INFO - Sync 1 DAGs
[2023-10-15T23:55:51.940+0000] {logging_mixin.py:151} INFO - [2023-10-15T23:55:51.940+0000] {dag.py:3696} INFO - Setting next_dagrun for our_first_dag_v3 to 2023-10-10T00:00:00+00:00, run_after=2023-10-11T00:00:00+00:00
[2023-10-15T23:55:51.947+0000] {processor.py:179} INFO - Processing /opt/airflow/dags/our_first_dag.py took 0.064 seconds
[2023-10-15T23:56:22.874+0000] {processor.py:157} INFO - Started process (PID=839) to work on /opt/airflow/dags/our_first_dag.py
[2023-10-15T23:56:22.877+0000] {processor.py:829} INFO - Processing file /opt/airflow/dags/our_first_dag.py for tasks to queue
[2023-10-15T23:56:22.879+0000] {logging_mixin.py:151} INFO - [2023-10-15T23:56:22.878+0000] {dagbag.py:539} INFO - Filling up the DagBag from /opt/airflow/dags/our_first_dag.py
[2023-10-15T23:56:22.894+0000] {processor.py:839} INFO - DAG(s) dict_keys(['our_first_dag_v3']) retrieved from /opt/airflow/dags/our_first_dag.py
[2023-10-15T23:56:22.918+0000] {logging_mixin.py:151} INFO - [2023-10-15T23:56:22.918+0000] {dag.py:2915} INFO - Sync 1 DAGs
[2023-10-15T23:56:22.929+0000] {logging_mixin.py:151} INFO - [2023-10-15T23:56:22.929+0000] {dag.py:3696} INFO - Setting next_dagrun for our_first_dag_v3 to 2023-10-10T00:00:00+00:00, run_after=2023-10-11T00:00:00+00:00
[2023-10-15T23:56:22.936+0000] {processor.py:179} INFO - Processing /opt/airflow/dags/our_first_dag.py took 0.066 seconds
[2023-10-15T23:56:53.501+0000] {processor.py:157} INFO - Started process (PID=866) to work on /opt/airflow/dags/our_first_dag.py
[2023-10-15T23:56:53.504+0000] {processor.py:829} INFO - Processing file /opt/airflow/dags/our_first_dag.py for tasks to queue
[2023-10-15T23:56:53.506+0000] {logging_mixin.py:151} INFO - [2023-10-15T23:56:53.505+0000] {dagbag.py:539} INFO - Filling up the DagBag from /opt/airflow/dags/our_first_dag.py
[2023-10-15T23:56:53.527+0000] {processor.py:839} INFO - DAG(s) dict_keys(['our_first_dag_v3']) retrieved from /opt/airflow/dags/our_first_dag.py
[2023-10-15T23:56:53.552+0000] {logging_mixin.py:151} INFO - [2023-10-15T23:56:53.552+0000] {dag.py:2915} INFO - Sync 1 DAGs
[2023-10-15T23:56:53.568+0000] {logging_mixin.py:151} INFO - [2023-10-15T23:56:53.568+0000] {dag.py:3696} INFO - Setting next_dagrun for our_first_dag_v3 to 2023-10-10T00:00:00+00:00, run_after=2023-10-11T00:00:00+00:00
[2023-10-15T23:56:53.581+0000] {processor.py:179} INFO - Processing /opt/airflow/dags/our_first_dag.py took 0.087 seconds
[2023-10-15T23:57:24.115+0000] {processor.py:157} INFO - Started process (PID=893) to work on /opt/airflow/dags/our_first_dag.py
[2023-10-15T23:57:24.117+0000] {processor.py:829} INFO - Processing file /opt/airflow/dags/our_first_dag.py for tasks to queue
[2023-10-15T23:57:24.125+0000] {logging_mixin.py:151} INFO - [2023-10-15T23:57:24.124+0000] {dagbag.py:539} INFO - Filling up the DagBag from /opt/airflow/dags/our_first_dag.py
[2023-10-15T23:57:24.150+0000] {processor.py:839} INFO - DAG(s) dict_keys(['our_first_dag_v3']) retrieved from /opt/airflow/dags/our_first_dag.py
[2023-10-15T23:57:24.188+0000] {logging_mixin.py:151} INFO - [2023-10-15T23:57:24.188+0000] {dag.py:2915} INFO - Sync 1 DAGs
[2023-10-15T23:57:24.205+0000] {logging_mixin.py:151} INFO - [2023-10-15T23:57:24.205+0000] {dag.py:3696} INFO - Setting next_dagrun for our_first_dag_v3 to 2023-10-10T00:00:00+00:00, run_after=2023-10-11T00:00:00+00:00
[2023-10-15T23:57:24.214+0000] {processor.py:179} INFO - Processing /opt/airflow/dags/our_first_dag.py took 0.104 seconds
