[2023-10-10T01:18:21.848+0000] {processor.py:157} INFO - Started process (PID=287) to work on /home/airflow/.local/lib/python3.8/site-packages/airflow/example_dags/example_python_operator.py
[2023-10-10T01:18:21.849+0000] {processor.py:829} INFO - Processing file /home/airflow/.local/lib/python3.8/site-packages/airflow/example_dags/example_python_operator.py for tasks to queue
[2023-10-10T01:18:21.850+0000] {logging_mixin.py:151} INFO - [2023-10-10T01:18:21.850+0000] {dagbag.py:539} INFO - Filling up the DagBag from /home/airflow/.local/lib/python3.8/site-packages/airflow/example_dags/example_python_operator.py
[2023-10-10T01:18:21.858+0000] {processor.py:839} INFO - DAG(s) dict_keys(['example_python_operator']) retrieved from /home/airflow/.local/lib/python3.8/site-packages/airflow/example_dags/example_python_operator.py
[2023-10-10T01:18:21.872+0000] {logging_mixin.py:151} INFO - [2023-10-10T01:18:21.872+0000] {dag.py:2915} INFO - Sync 1 DAGs
[2023-10-10T01:18:21.882+0000] {logging_mixin.py:151} INFO - [2023-10-10T01:18:21.881+0000] {dag.py:3696} INFO - Setting next_dagrun for example_python_operator to None, run_after=None
[2023-10-10T01:18:22.014+0000] {processor.py:179} INFO - Processing /home/airflow/.local/lib/python3.8/site-packages/airflow/example_dags/example_python_operator.py took 0.168 seconds
[2023-10-10T01:18:52.911+0000] {processor.py:157} INFO - Started process (PID=525) to work on /home/airflow/.local/lib/python3.8/site-packages/airflow/example_dags/example_python_operator.py
[2023-10-10T01:18:52.912+0000] {processor.py:829} INFO - Processing file /home/airflow/.local/lib/python3.8/site-packages/airflow/example_dags/example_python_operator.py for tasks to queue
[2023-10-10T01:18:52.913+0000] {logging_mixin.py:151} INFO - [2023-10-10T01:18:52.912+0000] {dagbag.py:539} INFO - Filling up the DagBag from /home/airflow/.local/lib/python3.8/site-packages/airflow/example_dags/example_python_operator.py
[2023-10-10T01:18:52.923+0000] {processor.py:839} INFO - DAG(s) dict_keys(['example_python_operator']) retrieved from /home/airflow/.local/lib/python3.8/site-packages/airflow/example_dags/example_python_operator.py
[2023-10-10T01:18:53.003+0000] {logging_mixin.py:151} INFO - [2023-10-10T01:18:53.003+0000] {security.py:708} INFO - Not syncing DAG-level permissions for DAG 'DAG:example_python_operator' as access control is unset.
[2023-10-10T01:18:53.003+0000] {logging_mixin.py:151} INFO - [2023-10-10T01:18:53.003+0000] {dag.py:2915} INFO - Sync 1 DAGs
[2023-10-10T01:18:53.009+0000] {logging_mixin.py:151} INFO - [2023-10-10T01:18:53.009+0000] {dag.py:3696} INFO - Setting next_dagrun for example_python_operator to None, run_after=None
[2023-10-10T01:18:53.020+0000] {processor.py:179} INFO - Processing /home/airflow/.local/lib/python3.8/site-packages/airflow/example_dags/example_python_operator.py took 0.113 seconds
[2023-10-10T01:19:23.130+0000] {processor.py:157} INFO - Started process (PID=763) to work on /home/airflow/.local/lib/python3.8/site-packages/airflow/example_dags/example_python_operator.py
[2023-10-10T01:19:23.131+0000] {processor.py:829} INFO - Processing file /home/airflow/.local/lib/python3.8/site-packages/airflow/example_dags/example_python_operator.py for tasks to queue
[2023-10-10T01:19:23.131+0000] {logging_mixin.py:151} INFO - [2023-10-10T01:19:23.131+0000] {dagbag.py:539} INFO - Filling up the DagBag from /home/airflow/.local/lib/python3.8/site-packages/airflow/example_dags/example_python_operator.py
[2023-10-10T01:19:23.137+0000] {processor.py:839} INFO - DAG(s) dict_keys(['example_python_operator']) retrieved from /home/airflow/.local/lib/python3.8/site-packages/airflow/example_dags/example_python_operator.py
[2023-10-10T01:19:23.149+0000] {logging_mixin.py:151} INFO - [2023-10-10T01:19:23.149+0000] {dag.py:2915} INFO - Sync 1 DAGs
[2023-10-10T01:19:23.155+0000] {logging_mixin.py:151} INFO - [2023-10-10T01:19:23.155+0000] {dag.py:3696} INFO - Setting next_dagrun for example_python_operator to None, run_after=None
[2023-10-10T01:19:23.162+0000] {processor.py:179} INFO - Processing /home/airflow/.local/lib/python3.8/site-packages/airflow/example_dags/example_python_operator.py took 0.034 seconds
[2023-10-10T01:19:54.409+0000] {processor.py:157} INFO - Started process (PID=1002) to work on /home/airflow/.local/lib/python3.8/site-packages/airflow/example_dags/example_python_operator.py
[2023-10-10T01:19:54.410+0000] {processor.py:829} INFO - Processing file /home/airflow/.local/lib/python3.8/site-packages/airflow/example_dags/example_python_operator.py for tasks to queue
[2023-10-10T01:19:54.410+0000] {logging_mixin.py:151} INFO - [2023-10-10T01:19:54.410+0000] {dagbag.py:539} INFO - Filling up the DagBag from /home/airflow/.local/lib/python3.8/site-packages/airflow/example_dags/example_python_operator.py
[2023-10-10T01:19:54.415+0000] {processor.py:839} INFO - DAG(s) dict_keys(['example_python_operator']) retrieved from /home/airflow/.local/lib/python3.8/site-packages/airflow/example_dags/example_python_operator.py
[2023-10-10T01:19:54.428+0000] {logging_mixin.py:151} INFO - [2023-10-10T01:19:54.428+0000] {dag.py:2915} INFO - Sync 1 DAGs
[2023-10-10T01:19:54.433+0000] {logging_mixin.py:151} INFO - [2023-10-10T01:19:54.433+0000] {dag.py:3696} INFO - Setting next_dagrun for example_python_operator to None, run_after=None
[2023-10-10T01:19:54.440+0000] {processor.py:179} INFO - Processing /home/airflow/.local/lib/python3.8/site-packages/airflow/example_dags/example_python_operator.py took 0.033 seconds
[2023-10-10T01:20:24.721+0000] {processor.py:157} INFO - Started process (PID=1240) to work on /home/airflow/.local/lib/python3.8/site-packages/airflow/example_dags/example_python_operator.py
[2023-10-10T01:20:24.722+0000] {processor.py:829} INFO - Processing file /home/airflow/.local/lib/python3.8/site-packages/airflow/example_dags/example_python_operator.py for tasks to queue
[2023-10-10T01:20:24.722+0000] {logging_mixin.py:151} INFO - [2023-10-10T01:20:24.722+0000] {dagbag.py:539} INFO - Filling up the DagBag from /home/airflow/.local/lib/python3.8/site-packages/airflow/example_dags/example_python_operator.py
[2023-10-10T01:20:24.728+0000] {processor.py:839} INFO - DAG(s) dict_keys(['example_python_operator']) retrieved from /home/airflow/.local/lib/python3.8/site-packages/airflow/example_dags/example_python_operator.py
[2023-10-10T01:20:24.740+0000] {logging_mixin.py:151} INFO - [2023-10-10T01:20:24.740+0000] {dag.py:2915} INFO - Sync 1 DAGs
[2023-10-10T01:20:24.745+0000] {logging_mixin.py:151} INFO - [2023-10-10T01:20:24.745+0000] {dag.py:3696} INFO - Setting next_dagrun for example_python_operator to None, run_after=None
[2023-10-10T01:20:24.752+0000] {processor.py:179} INFO - Processing /home/airflow/.local/lib/python3.8/site-packages/airflow/example_dags/example_python_operator.py took 0.033 seconds
[2023-10-10T01:20:55.912+0000] {processor.py:157} INFO - Started process (PID=1478) to work on /home/airflow/.local/lib/python3.8/site-packages/airflow/example_dags/example_python_operator.py
[2023-10-10T01:20:55.912+0000] {processor.py:829} INFO - Processing file /home/airflow/.local/lib/python3.8/site-packages/airflow/example_dags/example_python_operator.py for tasks to queue
[2023-10-10T01:20:55.913+0000] {logging_mixin.py:151} INFO - [2023-10-10T01:20:55.913+0000] {dagbag.py:539} INFO - Filling up the DagBag from /home/airflow/.local/lib/python3.8/site-packages/airflow/example_dags/example_python_operator.py
[2023-10-10T01:20:55.918+0000] {processor.py:839} INFO - DAG(s) dict_keys(['example_python_operator']) retrieved from /home/airflow/.local/lib/python3.8/site-packages/airflow/example_dags/example_python_operator.py
[2023-10-10T01:20:55.931+0000] {logging_mixin.py:151} INFO - [2023-10-10T01:20:55.931+0000] {dag.py:2915} INFO - Sync 1 DAGs
[2023-10-10T01:20:55.937+0000] {logging_mixin.py:151} INFO - [2023-10-10T01:20:55.937+0000] {dag.py:3696} INFO - Setting next_dagrun for example_python_operator to None, run_after=None
[2023-10-10T01:20:55.944+0000] {processor.py:179} INFO - Processing /home/airflow/.local/lib/python3.8/site-packages/airflow/example_dags/example_python_operator.py took 0.034 seconds
[2023-10-10T01:21:27.104+0000] {processor.py:157} INFO - Started process (PID=1716) to work on /home/airflow/.local/lib/python3.8/site-packages/airflow/example_dags/example_python_operator.py
[2023-10-10T01:21:27.105+0000] {processor.py:829} INFO - Processing file /home/airflow/.local/lib/python3.8/site-packages/airflow/example_dags/example_python_operator.py for tasks to queue
[2023-10-10T01:21:27.105+0000] {logging_mixin.py:151} INFO - [2023-10-10T01:21:27.105+0000] {dagbag.py:539} INFO - Filling up the DagBag from /home/airflow/.local/lib/python3.8/site-packages/airflow/example_dags/example_python_operator.py
[2023-10-10T01:21:27.111+0000] {processor.py:839} INFO - DAG(s) dict_keys(['example_python_operator']) retrieved from /home/airflow/.local/lib/python3.8/site-packages/airflow/example_dags/example_python_operator.py
[2023-10-10T01:21:27.123+0000] {logging_mixin.py:151} INFO - [2023-10-10T01:21:27.123+0000] {dag.py:2915} INFO - Sync 1 DAGs
[2023-10-10T01:21:27.129+0000] {logging_mixin.py:151} INFO - [2023-10-10T01:21:27.129+0000] {dag.py:3696} INFO - Setting next_dagrun for example_python_operator to None, run_after=None
[2023-10-10T01:21:27.136+0000] {processor.py:179} INFO - Processing /home/airflow/.local/lib/python3.8/site-packages/airflow/example_dags/example_python_operator.py took 0.034 seconds
[2023-10-10T01:21:58.360+0000] {processor.py:157} INFO - Started process (PID=1954) to work on /home/airflow/.local/lib/python3.8/site-packages/airflow/example_dags/example_python_operator.py
[2023-10-10T01:21:58.360+0000] {processor.py:829} INFO - Processing file /home/airflow/.local/lib/python3.8/site-packages/airflow/example_dags/example_python_operator.py for tasks to queue
[2023-10-10T01:21:58.361+0000] {logging_mixin.py:151} INFO - [2023-10-10T01:21:58.361+0000] {dagbag.py:539} INFO - Filling up the DagBag from /home/airflow/.local/lib/python3.8/site-packages/airflow/example_dags/example_python_operator.py
[2023-10-10T01:21:58.370+0000] {processor.py:839} INFO - DAG(s) dict_keys(['example_python_operator']) retrieved from /home/airflow/.local/lib/python3.8/site-packages/airflow/example_dags/example_python_operator.py
[2023-10-10T01:21:58.384+0000] {logging_mixin.py:151} INFO - [2023-10-10T01:21:58.384+0000] {dag.py:2915} INFO - Sync 1 DAGs
[2023-10-10T01:21:58.390+0000] {logging_mixin.py:151} INFO - [2023-10-10T01:21:58.390+0000] {dag.py:3696} INFO - Setting next_dagrun for example_python_operator to None, run_after=None
[2023-10-10T01:21:58.398+0000] {processor.py:179} INFO - Processing /home/airflow/.local/lib/python3.8/site-packages/airflow/example_dags/example_python_operator.py took 0.040 seconds
[2023-10-10T01:22:28.690+0000] {processor.py:157} INFO - Started process (PID=2192) to work on /home/airflow/.local/lib/python3.8/site-packages/airflow/example_dags/example_python_operator.py
[2023-10-10T01:22:28.691+0000] {processor.py:829} INFO - Processing file /home/airflow/.local/lib/python3.8/site-packages/airflow/example_dags/example_python_operator.py for tasks to queue
[2023-10-10T01:22:28.691+0000] {logging_mixin.py:151} INFO - [2023-10-10T01:22:28.691+0000] {dagbag.py:539} INFO - Filling up the DagBag from /home/airflow/.local/lib/python3.8/site-packages/airflow/example_dags/example_python_operator.py
[2023-10-10T01:22:28.696+0000] {processor.py:839} INFO - DAG(s) dict_keys(['example_python_operator']) retrieved from /home/airflow/.local/lib/python3.8/site-packages/airflow/example_dags/example_python_operator.py
[2023-10-10T01:22:28.709+0000] {logging_mixin.py:151} INFO - [2023-10-10T01:22:28.709+0000] {dag.py:2915} INFO - Sync 1 DAGs
[2023-10-10T01:22:28.715+0000] {logging_mixin.py:151} INFO - [2023-10-10T01:22:28.715+0000] {dag.py:3696} INFO - Setting next_dagrun for example_python_operator to None, run_after=None
[2023-10-10T01:22:28.722+0000] {processor.py:179} INFO - Processing /home/airflow/.local/lib/python3.8/site-packages/airflow/example_dags/example_python_operator.py took 0.033 seconds
[2023-10-10T01:22:59.878+0000] {processor.py:157} INFO - Started process (PID=2433) to work on /home/airflow/.local/lib/python3.8/site-packages/airflow/example_dags/example_python_operator.py
[2023-10-10T01:22:59.879+0000] {processor.py:829} INFO - Processing file /home/airflow/.local/lib/python3.8/site-packages/airflow/example_dags/example_python_operator.py for tasks to queue
[2023-10-10T01:22:59.880+0000] {logging_mixin.py:151} INFO - [2023-10-10T01:22:59.879+0000] {dagbag.py:539} INFO - Filling up the DagBag from /home/airflow/.local/lib/python3.8/site-packages/airflow/example_dags/example_python_operator.py
[2023-10-10T01:22:59.885+0000] {processor.py:839} INFO - DAG(s) dict_keys(['example_python_operator']) retrieved from /home/airflow/.local/lib/python3.8/site-packages/airflow/example_dags/example_python_operator.py
[2023-10-10T01:22:59.898+0000] {logging_mixin.py:151} INFO - [2023-10-10T01:22:59.898+0000] {dag.py:2915} INFO - Sync 1 DAGs
[2023-10-10T01:22:59.904+0000] {logging_mixin.py:151} INFO - [2023-10-10T01:22:59.904+0000] {dag.py:3696} INFO - Setting next_dagrun for example_python_operator to None, run_after=None
[2023-10-10T01:22:59.911+0000] {processor.py:179} INFO - Processing /home/airflow/.local/lib/python3.8/site-packages/airflow/example_dags/example_python_operator.py took 0.034 seconds
[2023-10-10T01:23:30.211+0000] {processor.py:157} INFO - Started process (PID=2669) to work on /home/airflow/.local/lib/python3.8/site-packages/airflow/example_dags/example_python_operator.py
[2023-10-10T01:23:30.211+0000] {processor.py:829} INFO - Processing file /home/airflow/.local/lib/python3.8/site-packages/airflow/example_dags/example_python_operator.py for tasks to queue
[2023-10-10T01:23:30.212+0000] {logging_mixin.py:151} INFO - [2023-10-10T01:23:30.212+0000] {dagbag.py:539} INFO - Filling up the DagBag from /home/airflow/.local/lib/python3.8/site-packages/airflow/example_dags/example_python_operator.py
[2023-10-10T01:23:30.217+0000] {processor.py:839} INFO - DAG(s) dict_keys(['example_python_operator']) retrieved from /home/airflow/.local/lib/python3.8/site-packages/airflow/example_dags/example_python_operator.py
[2023-10-10T01:23:30.231+0000] {logging_mixin.py:151} INFO - [2023-10-10T01:23:30.231+0000] {dag.py:2915} INFO - Sync 1 DAGs
[2023-10-10T01:23:30.237+0000] {logging_mixin.py:151} INFO - [2023-10-10T01:23:30.237+0000] {dag.py:3696} INFO - Setting next_dagrun for example_python_operator to None, run_after=None
[2023-10-10T01:23:30.245+0000] {processor.py:179} INFO - Processing /home/airflow/.local/lib/python3.8/site-packages/airflow/example_dags/example_python_operator.py took 0.036 seconds
[2023-10-10T01:24:01.504+0000] {processor.py:157} INFO - Started process (PID=2908) to work on /home/airflow/.local/lib/python3.8/site-packages/airflow/example_dags/example_python_operator.py
[2023-10-10T01:24:01.505+0000] {processor.py:829} INFO - Processing file /home/airflow/.local/lib/python3.8/site-packages/airflow/example_dags/example_python_operator.py for tasks to queue
[2023-10-10T01:24:01.505+0000] {logging_mixin.py:151} INFO - [2023-10-10T01:24:01.505+0000] {dagbag.py:539} INFO - Filling up the DagBag from /home/airflow/.local/lib/python3.8/site-packages/airflow/example_dags/example_python_operator.py
[2023-10-10T01:24:01.511+0000] {processor.py:839} INFO - DAG(s) dict_keys(['example_python_operator']) retrieved from /home/airflow/.local/lib/python3.8/site-packages/airflow/example_dags/example_python_operator.py
[2023-10-10T01:24:01.524+0000] {logging_mixin.py:151} INFO - [2023-10-10T01:24:01.524+0000] {dag.py:2915} INFO - Sync 1 DAGs
[2023-10-10T01:24:01.529+0000] {logging_mixin.py:151} INFO - [2023-10-10T01:24:01.529+0000] {dag.py:3696} INFO - Setting next_dagrun for example_python_operator to None, run_after=None
[2023-10-10T01:24:01.536+0000] {processor.py:179} INFO - Processing /home/airflow/.local/lib/python3.8/site-packages/airflow/example_dags/example_python_operator.py took 0.034 seconds
[2023-10-10T01:24:32.779+0000] {processor.py:157} INFO - Started process (PID=3146) to work on /home/airflow/.local/lib/python3.8/site-packages/airflow/example_dags/example_python_operator.py
[2023-10-10T01:24:32.779+0000] {processor.py:829} INFO - Processing file /home/airflow/.local/lib/python3.8/site-packages/airflow/example_dags/example_python_operator.py for tasks to queue
[2023-10-10T01:24:32.780+0000] {logging_mixin.py:151} INFO - [2023-10-10T01:24:32.780+0000] {dagbag.py:539} INFO - Filling up the DagBag from /home/airflow/.local/lib/python3.8/site-packages/airflow/example_dags/example_python_operator.py
[2023-10-10T01:24:32.786+0000] {processor.py:839} INFO - DAG(s) dict_keys(['example_python_operator']) retrieved from /home/airflow/.local/lib/python3.8/site-packages/airflow/example_dags/example_python_operator.py
[2023-10-10T01:24:32.799+0000] {logging_mixin.py:151} INFO - [2023-10-10T01:24:32.799+0000] {dag.py:2915} INFO - Sync 1 DAGs
[2023-10-10T01:24:32.804+0000] {logging_mixin.py:151} INFO - [2023-10-10T01:24:32.804+0000] {dag.py:3696} INFO - Setting next_dagrun for example_python_operator to None, run_after=None
[2023-10-10T01:24:32.811+0000] {processor.py:179} INFO - Processing /home/airflow/.local/lib/python3.8/site-packages/airflow/example_dags/example_python_operator.py took 0.034 seconds
[2023-10-10T01:25:03.951+0000] {processor.py:157} INFO - Started process (PID=3382) to work on /home/airflow/.local/lib/python3.8/site-packages/airflow/example_dags/example_python_operator.py
[2023-10-10T01:25:03.951+0000] {processor.py:829} INFO - Processing file /home/airflow/.local/lib/python3.8/site-packages/airflow/example_dags/example_python_operator.py for tasks to queue
[2023-10-10T01:25:03.952+0000] {logging_mixin.py:151} INFO - [2023-10-10T01:25:03.952+0000] {dagbag.py:539} INFO - Filling up the DagBag from /home/airflow/.local/lib/python3.8/site-packages/airflow/example_dags/example_python_operator.py
[2023-10-10T01:25:03.957+0000] {processor.py:839} INFO - DAG(s) dict_keys(['example_python_operator']) retrieved from /home/airflow/.local/lib/python3.8/site-packages/airflow/example_dags/example_python_operator.py
[2023-10-10T01:25:03.971+0000] {logging_mixin.py:151} INFO - [2023-10-10T01:25:03.971+0000] {dag.py:2915} INFO - Sync 1 DAGs
[2023-10-10T01:25:03.978+0000] {logging_mixin.py:151} INFO - [2023-10-10T01:25:03.978+0000] {dag.py:3696} INFO - Setting next_dagrun for example_python_operator to None, run_after=None
[2023-10-10T01:25:03.985+0000] {processor.py:179} INFO - Processing /home/airflow/.local/lib/python3.8/site-packages/airflow/example_dags/example_python_operator.py took 0.037 seconds
[2023-10-10T01:25:35.278+0000] {processor.py:157} INFO - Started process (PID=3622) to work on /home/airflow/.local/lib/python3.8/site-packages/airflow/example_dags/example_python_operator.py
[2023-10-10T01:25:35.279+0000] {processor.py:829} INFO - Processing file /home/airflow/.local/lib/python3.8/site-packages/airflow/example_dags/example_python_operator.py for tasks to queue
[2023-10-10T01:25:35.279+0000] {logging_mixin.py:151} INFO - [2023-10-10T01:25:35.279+0000] {dagbag.py:539} INFO - Filling up the DagBag from /home/airflow/.local/lib/python3.8/site-packages/airflow/example_dags/example_python_operator.py
[2023-10-10T01:25:35.284+0000] {processor.py:839} INFO - DAG(s) dict_keys(['example_python_operator']) retrieved from /home/airflow/.local/lib/python3.8/site-packages/airflow/example_dags/example_python_operator.py
[2023-10-10T01:25:35.298+0000] {logging_mixin.py:151} INFO - [2023-10-10T01:25:35.298+0000] {dag.py:2915} INFO - Sync 1 DAGs
[2023-10-10T01:25:35.303+0000] {logging_mixin.py:151} INFO - [2023-10-10T01:25:35.303+0000] {dag.py:3696} INFO - Setting next_dagrun for example_python_operator to None, run_after=None
[2023-10-10T01:25:35.310+0000] {processor.py:179} INFO - Processing /home/airflow/.local/lib/python3.8/site-packages/airflow/example_dags/example_python_operator.py took 0.034 seconds
[2023-10-10T01:26:06.583+0000] {processor.py:157} INFO - Started process (PID=3860) to work on /home/airflow/.local/lib/python3.8/site-packages/airflow/example_dags/example_python_operator.py
[2023-10-10T01:26:06.583+0000] {processor.py:829} INFO - Processing file /home/airflow/.local/lib/python3.8/site-packages/airflow/example_dags/example_python_operator.py for tasks to queue
[2023-10-10T01:26:06.584+0000] {logging_mixin.py:151} INFO - [2023-10-10T01:26:06.584+0000] {dagbag.py:539} INFO - Filling up the DagBag from /home/airflow/.local/lib/python3.8/site-packages/airflow/example_dags/example_python_operator.py
[2023-10-10T01:26:06.589+0000] {processor.py:839} INFO - DAG(s) dict_keys(['example_python_operator']) retrieved from /home/airflow/.local/lib/python3.8/site-packages/airflow/example_dags/example_python_operator.py
[2023-10-10T01:26:06.602+0000] {logging_mixin.py:151} INFO - [2023-10-10T01:26:06.602+0000] {dag.py:2915} INFO - Sync 1 DAGs
[2023-10-10T01:26:06.608+0000] {logging_mixin.py:151} INFO - [2023-10-10T01:26:06.607+0000] {dag.py:3696} INFO - Setting next_dagrun for example_python_operator to None, run_after=None
[2023-10-10T01:26:06.614+0000] {processor.py:179} INFO - Processing /home/airflow/.local/lib/python3.8/site-packages/airflow/example_dags/example_python_operator.py took 0.033 seconds
[2023-10-10T01:26:37.861+0000] {processor.py:157} INFO - Started process (PID=4099) to work on /home/airflow/.local/lib/python3.8/site-packages/airflow/example_dags/example_python_operator.py
[2023-10-10T01:26:37.861+0000] {processor.py:829} INFO - Processing file /home/airflow/.local/lib/python3.8/site-packages/airflow/example_dags/example_python_operator.py for tasks to queue
[2023-10-10T01:26:37.862+0000] {logging_mixin.py:151} INFO - [2023-10-10T01:26:37.862+0000] {dagbag.py:539} INFO - Filling up the DagBag from /home/airflow/.local/lib/python3.8/site-packages/airflow/example_dags/example_python_operator.py
[2023-10-10T01:26:37.868+0000] {processor.py:839} INFO - DAG(s) dict_keys(['example_python_operator']) retrieved from /home/airflow/.local/lib/python3.8/site-packages/airflow/example_dags/example_python_operator.py
[2023-10-10T01:26:37.881+0000] {logging_mixin.py:151} INFO - [2023-10-10T01:26:37.880+0000] {dag.py:2915} INFO - Sync 1 DAGs
[2023-10-10T01:26:37.886+0000] {logging_mixin.py:151} INFO - [2023-10-10T01:26:37.886+0000] {dag.py:3696} INFO - Setting next_dagrun for example_python_operator to None, run_after=None
[2023-10-10T01:26:37.893+0000] {processor.py:179} INFO - Processing /home/airflow/.local/lib/python3.8/site-packages/airflow/example_dags/example_python_operator.py took 0.034 seconds
[2023-10-10T01:27:09.051+0000] {processor.py:157} INFO - Started process (PID=4337) to work on /home/airflow/.local/lib/python3.8/site-packages/airflow/example_dags/example_python_operator.py
[2023-10-10T01:27:09.051+0000] {processor.py:829} INFO - Processing file /home/airflow/.local/lib/python3.8/site-packages/airflow/example_dags/example_python_operator.py for tasks to queue
[2023-10-10T01:27:09.052+0000] {logging_mixin.py:151} INFO - [2023-10-10T01:27:09.051+0000] {dagbag.py:539} INFO - Filling up the DagBag from /home/airflow/.local/lib/python3.8/site-packages/airflow/example_dags/example_python_operator.py
[2023-10-10T01:27:09.060+0000] {processor.py:839} INFO - DAG(s) dict_keys(['example_python_operator']) retrieved from /home/airflow/.local/lib/python3.8/site-packages/airflow/example_dags/example_python_operator.py
[2023-10-10T01:27:09.075+0000] {logging_mixin.py:151} INFO - [2023-10-10T01:27:09.075+0000] {dag.py:2915} INFO - Sync 1 DAGs
[2023-10-10T01:27:09.081+0000] {logging_mixin.py:151} INFO - [2023-10-10T01:27:09.081+0000] {dag.py:3696} INFO - Setting next_dagrun for example_python_operator to None, run_after=None
[2023-10-10T01:27:09.088+0000] {processor.py:179} INFO - Processing /home/airflow/.local/lib/python3.8/site-packages/airflow/example_dags/example_python_operator.py took 0.039 seconds
[2023-10-10T01:27:40.274+0000] {processor.py:157} INFO - Started process (PID=4575) to work on /home/airflow/.local/lib/python3.8/site-packages/airflow/example_dags/example_python_operator.py
[2023-10-10T01:27:40.275+0000] {processor.py:829} INFO - Processing file /home/airflow/.local/lib/python3.8/site-packages/airflow/example_dags/example_python_operator.py for tasks to queue
[2023-10-10T01:27:40.275+0000] {logging_mixin.py:151} INFO - [2023-10-10T01:27:40.275+0000] {dagbag.py:539} INFO - Filling up the DagBag from /home/airflow/.local/lib/python3.8/site-packages/airflow/example_dags/example_python_operator.py
[2023-10-10T01:27:40.281+0000] {processor.py:839} INFO - DAG(s) dict_keys(['example_python_operator']) retrieved from /home/airflow/.local/lib/python3.8/site-packages/airflow/example_dags/example_python_operator.py
[2023-10-10T01:27:40.295+0000] {logging_mixin.py:151} INFO - [2023-10-10T01:27:40.295+0000] {dag.py:2915} INFO - Sync 1 DAGs
[2023-10-10T01:27:40.301+0000] {logging_mixin.py:151} INFO - [2023-10-10T01:27:40.301+0000] {dag.py:3696} INFO - Setting next_dagrun for example_python_operator to None, run_after=None
[2023-10-10T01:27:40.309+0000] {processor.py:179} INFO - Processing /home/airflow/.local/lib/python3.8/site-packages/airflow/example_dags/example_python_operator.py took 0.037 seconds
[2023-10-10T01:28:11.631+0000] {processor.py:157} INFO - Started process (PID=4811) to work on /home/airflow/.local/lib/python3.8/site-packages/airflow/example_dags/example_python_operator.py
[2023-10-10T01:28:11.632+0000] {processor.py:829} INFO - Processing file /home/airflow/.local/lib/python3.8/site-packages/airflow/example_dags/example_python_operator.py for tasks to queue
[2023-10-10T01:28:11.632+0000] {logging_mixin.py:151} INFO - [2023-10-10T01:28:11.632+0000] {dagbag.py:539} INFO - Filling up the DagBag from /home/airflow/.local/lib/python3.8/site-packages/airflow/example_dags/example_python_operator.py
[2023-10-10T01:28:11.652+0000] {processor.py:839} INFO - DAG(s) dict_keys(['example_python_operator']) retrieved from /home/airflow/.local/lib/python3.8/site-packages/airflow/example_dags/example_python_operator.py
[2023-10-10T01:28:11.689+0000] {logging_mixin.py:151} INFO - [2023-10-10T01:28:11.688+0000] {dag.py:2915} INFO - Sync 1 DAGs
[2023-10-10T01:28:11.698+0000] {logging_mixin.py:151} INFO - [2023-10-10T01:28:11.698+0000] {dag.py:3696} INFO - Setting next_dagrun for example_python_operator to None, run_after=None
[2023-10-10T01:28:11.708+0000] {processor.py:179} INFO - Processing /home/airflow/.local/lib/python3.8/site-packages/airflow/example_dags/example_python_operator.py took 0.080 seconds
[2023-10-10T01:28:43.034+0000] {processor.py:157} INFO - Started process (PID=5051) to work on /home/airflow/.local/lib/python3.8/site-packages/airflow/example_dags/example_python_operator.py
[2023-10-10T01:28:43.035+0000] {processor.py:829} INFO - Processing file /home/airflow/.local/lib/python3.8/site-packages/airflow/example_dags/example_python_operator.py for tasks to queue
[2023-10-10T01:28:43.035+0000] {logging_mixin.py:151} INFO - [2023-10-10T01:28:43.035+0000] {dagbag.py:539} INFO - Filling up the DagBag from /home/airflow/.local/lib/python3.8/site-packages/airflow/example_dags/example_python_operator.py
[2023-10-10T01:28:43.041+0000] {processor.py:839} INFO - DAG(s) dict_keys(['example_python_operator']) retrieved from /home/airflow/.local/lib/python3.8/site-packages/airflow/example_dags/example_python_operator.py
[2023-10-10T01:28:43.060+0000] {logging_mixin.py:151} INFO - [2023-10-10T01:28:43.060+0000] {dag.py:2915} INFO - Sync 1 DAGs
[2023-10-10T01:28:43.066+0000] {logging_mixin.py:151} INFO - [2023-10-10T01:28:43.066+0000] {dag.py:3696} INFO - Setting next_dagrun for example_python_operator to None, run_after=None
[2023-10-10T01:28:43.073+0000] {processor.py:179} INFO - Processing /home/airflow/.local/lib/python3.8/site-packages/airflow/example_dags/example_python_operator.py took 0.041 seconds
[2023-10-10T01:29:14.229+0000] {processor.py:157} INFO - Started process (PID=5289) to work on /home/airflow/.local/lib/python3.8/site-packages/airflow/example_dags/example_python_operator.py
[2023-10-10T01:29:14.230+0000] {processor.py:829} INFO - Processing file /home/airflow/.local/lib/python3.8/site-packages/airflow/example_dags/example_python_operator.py for tasks to queue
[2023-10-10T01:29:14.230+0000] {logging_mixin.py:151} INFO - [2023-10-10T01:29:14.230+0000] {dagbag.py:539} INFO - Filling up the DagBag from /home/airflow/.local/lib/python3.8/site-packages/airflow/example_dags/example_python_operator.py
[2023-10-10T01:29:14.236+0000] {processor.py:839} INFO - DAG(s) dict_keys(['example_python_operator']) retrieved from /home/airflow/.local/lib/python3.8/site-packages/airflow/example_dags/example_python_operator.py
[2023-10-10T01:29:14.249+0000] {logging_mixin.py:151} INFO - [2023-10-10T01:29:14.249+0000] {dag.py:2915} INFO - Sync 1 DAGs
[2023-10-10T01:29:14.254+0000] {logging_mixin.py:151} INFO - [2023-10-10T01:29:14.254+0000] {dag.py:3696} INFO - Setting next_dagrun for example_python_operator to None, run_after=None
[2023-10-10T01:29:14.261+0000] {processor.py:179} INFO - Processing /home/airflow/.local/lib/python3.8/site-packages/airflow/example_dags/example_python_operator.py took 0.033 seconds
[2023-10-10T01:29:45.444+0000] {processor.py:157} INFO - Started process (PID=5527) to work on /home/airflow/.local/lib/python3.8/site-packages/airflow/example_dags/example_python_operator.py
[2023-10-10T01:29:45.444+0000] {processor.py:829} INFO - Processing file /home/airflow/.local/lib/python3.8/site-packages/airflow/example_dags/example_python_operator.py for tasks to queue
[2023-10-10T01:29:45.445+0000] {logging_mixin.py:151} INFO - [2023-10-10T01:29:45.445+0000] {dagbag.py:539} INFO - Filling up the DagBag from /home/airflow/.local/lib/python3.8/site-packages/airflow/example_dags/example_python_operator.py
[2023-10-10T01:29:45.450+0000] {processor.py:839} INFO - DAG(s) dict_keys(['example_python_operator']) retrieved from /home/airflow/.local/lib/python3.8/site-packages/airflow/example_dags/example_python_operator.py
[2023-10-10T01:29:45.464+0000] {logging_mixin.py:151} INFO - [2023-10-10T01:29:45.464+0000] {dag.py:2915} INFO - Sync 1 DAGs
[2023-10-10T01:29:45.469+0000] {logging_mixin.py:151} INFO - [2023-10-10T01:29:45.469+0000] {dag.py:3696} INFO - Setting next_dagrun for example_python_operator to None, run_after=None
[2023-10-10T01:29:45.476+0000] {processor.py:179} INFO - Processing /home/airflow/.local/lib/python3.8/site-packages/airflow/example_dags/example_python_operator.py took 0.034 seconds
[2023-10-10T01:30:16.790+0000] {processor.py:157} INFO - Started process (PID=5770) to work on /home/airflow/.local/lib/python3.8/site-packages/airflow/example_dags/example_python_operator.py
[2023-10-10T01:30:16.790+0000] {processor.py:829} INFO - Processing file /home/airflow/.local/lib/python3.8/site-packages/airflow/example_dags/example_python_operator.py for tasks to queue
[2023-10-10T01:30:16.791+0000] {logging_mixin.py:151} INFO - [2023-10-10T01:30:16.791+0000] {dagbag.py:539} INFO - Filling up the DagBag from /home/airflow/.local/lib/python3.8/site-packages/airflow/example_dags/example_python_operator.py
[2023-10-10T01:30:16.797+0000] {processor.py:839} INFO - DAG(s) dict_keys(['example_python_operator']) retrieved from /home/airflow/.local/lib/python3.8/site-packages/airflow/example_dags/example_python_operator.py
[2023-10-10T01:30:16.813+0000] {logging_mixin.py:151} INFO - [2023-10-10T01:30:16.813+0000] {dag.py:2915} INFO - Sync 1 DAGs
[2023-10-10T01:30:16.818+0000] {logging_mixin.py:151} INFO - [2023-10-10T01:30:16.818+0000] {dag.py:3696} INFO - Setting next_dagrun for example_python_operator to None, run_after=None
[2023-10-10T01:30:16.826+0000] {processor.py:179} INFO - Processing /home/airflow/.local/lib/python3.8/site-packages/airflow/example_dags/example_python_operator.py took 0.038 seconds
[2023-10-10T01:30:48.027+0000] {processor.py:157} INFO - Started process (PID=6011) to work on /home/airflow/.local/lib/python3.8/site-packages/airflow/example_dags/example_python_operator.py
[2023-10-10T01:30:48.027+0000] {processor.py:829} INFO - Processing file /home/airflow/.local/lib/python3.8/site-packages/airflow/example_dags/example_python_operator.py for tasks to queue
[2023-10-10T01:30:48.028+0000] {logging_mixin.py:151} INFO - [2023-10-10T01:30:48.027+0000] {dagbag.py:539} INFO - Filling up the DagBag from /home/airflow/.local/lib/python3.8/site-packages/airflow/example_dags/example_python_operator.py
[2023-10-10T01:30:48.033+0000] {processor.py:839} INFO - DAG(s) dict_keys(['example_python_operator']) retrieved from /home/airflow/.local/lib/python3.8/site-packages/airflow/example_dags/example_python_operator.py
[2023-10-10T01:30:48.046+0000] {logging_mixin.py:151} INFO - [2023-10-10T01:30:48.046+0000] {dag.py:2915} INFO - Sync 1 DAGs
[2023-10-10T01:30:48.051+0000] {logging_mixin.py:151} INFO - [2023-10-10T01:30:48.051+0000] {dag.py:3696} INFO - Setting next_dagrun for example_python_operator to None, run_after=None
[2023-10-10T01:30:48.058+0000] {processor.py:179} INFO - Processing /home/airflow/.local/lib/python3.8/site-packages/airflow/example_dags/example_python_operator.py took 0.034 seconds
[2023-10-10T01:31:18.661+0000] {processor.py:157} INFO - Started process (PID=6245) to work on /home/airflow/.local/lib/python3.8/site-packages/airflow/example_dags/example_python_operator.py
[2023-10-10T01:31:18.662+0000] {processor.py:829} INFO - Processing file /home/airflow/.local/lib/python3.8/site-packages/airflow/example_dags/example_python_operator.py for tasks to queue
[2023-10-10T01:31:18.662+0000] {logging_mixin.py:151} INFO - [2023-10-10T01:31:18.662+0000] {dagbag.py:539} INFO - Filling up the DagBag from /home/airflow/.local/lib/python3.8/site-packages/airflow/example_dags/example_python_operator.py
[2023-10-10T01:31:18.668+0000] {processor.py:839} INFO - DAG(s) dict_keys(['example_python_operator']) retrieved from /home/airflow/.local/lib/python3.8/site-packages/airflow/example_dags/example_python_operator.py
[2023-10-10T01:31:18.682+0000] {logging_mixin.py:151} INFO - [2023-10-10T01:31:18.682+0000] {dag.py:2915} INFO - Sync 1 DAGs
[2023-10-10T01:31:18.687+0000] {logging_mixin.py:151} INFO - [2023-10-10T01:31:18.687+0000] {dag.py:3696} INFO - Setting next_dagrun for example_python_operator to None, run_after=None
[2023-10-10T01:31:18.695+0000] {processor.py:179} INFO - Processing /home/airflow/.local/lib/python3.8/site-packages/airflow/example_dags/example_python_operator.py took 0.036 seconds
