[2023-10-10T01:18:20.227+0000] {processor.py:157} INFO - Started process (PID=227) to work on /home/airflow/.local/lib/python3.8/site-packages/airflow/example_dags/example_branch_labels.py
[2023-10-10T01:18:20.228+0000] {processor.py:829} INFO - Processing file /home/airflow/.local/lib/python3.8/site-packages/airflow/example_dags/example_branch_labels.py for tasks to queue
[2023-10-10T01:18:20.228+0000] {logging_mixin.py:151} INFO - [2023-10-10T01:18:20.228+0000] {dagbag.py:539} INFO - Filling up the DagBag from /home/airflow/.local/lib/python3.8/site-packages/airflow/example_dags/example_branch_labels.py
[2023-10-10T01:18:20.238+0000] {processor.py:839} INFO - DAG(s) dict_keys(['example_branch_labels']) retrieved from /home/airflow/.local/lib/python3.8/site-packages/airflow/example_dags/example_branch_labels.py
[2023-10-10T01:18:20.250+0000] {logging_mixin.py:151} INFO - [2023-10-10T01:18:20.250+0000] {dag.py:2915} INFO - Sync 1 DAGs
[2023-10-10T01:18:20.263+0000] {logging_mixin.py:151} INFO - [2023-10-10T01:18:20.263+0000] {dag.py:3696} INFO - Setting next_dagrun for example_branch_labels to 2023-10-09T00:00:00+00:00, run_after=2023-10-10T00:00:00+00:00
[2023-10-10T01:18:20.274+0000] {processor.py:179} INFO - Processing /home/airflow/.local/lib/python3.8/site-packages/airflow/example_dags/example_branch_labels.py took 0.049 seconds
[2023-10-10T01:18:51.353+0000] {processor.py:157} INFO - Started process (PID=465) to work on /home/airflow/.local/lib/python3.8/site-packages/airflow/example_dags/example_branch_labels.py
[2023-10-10T01:18:51.355+0000] {processor.py:829} INFO - Processing file /home/airflow/.local/lib/python3.8/site-packages/airflow/example_dags/example_branch_labels.py for tasks to queue
[2023-10-10T01:18:51.355+0000] {logging_mixin.py:151} INFO - [2023-10-10T01:18:51.355+0000] {dagbag.py:539} INFO - Filling up the DagBag from /home/airflow/.local/lib/python3.8/site-packages/airflow/example_dags/example_branch_labels.py
[2023-10-10T01:18:51.363+0000] {processor.py:839} INFO - DAG(s) dict_keys(['example_branch_labels']) retrieved from /home/airflow/.local/lib/python3.8/site-packages/airflow/example_dags/example_branch_labels.py
[2023-10-10T01:18:51.382+0000] {logging_mixin.py:151} INFO - [2023-10-10T01:18:51.382+0000] {dag.py:2915} INFO - Sync 1 DAGs
[2023-10-10T01:18:51.393+0000] {logging_mixin.py:151} INFO - [2023-10-10T01:18:51.393+0000] {dag.py:3696} INFO - Setting next_dagrun for example_branch_labels to 2023-10-09T00:00:00+00:00, run_after=2023-10-10T00:00:00+00:00
[2023-10-10T01:18:51.401+0000] {processor.py:179} INFO - Processing /home/airflow/.local/lib/python3.8/site-packages/airflow/example_dags/example_branch_labels.py took 0.051 seconds
[2023-10-10T01:19:21.487+0000] {processor.py:157} INFO - Started process (PID=703) to work on /home/airflow/.local/lib/python3.8/site-packages/airflow/example_dags/example_branch_labels.py
[2023-10-10T01:19:21.488+0000] {processor.py:829} INFO - Processing file /home/airflow/.local/lib/python3.8/site-packages/airflow/example_dags/example_branch_labels.py for tasks to queue
[2023-10-10T01:19:21.489+0000] {logging_mixin.py:151} INFO - [2023-10-10T01:19:21.489+0000] {dagbag.py:539} INFO - Filling up the DagBag from /home/airflow/.local/lib/python3.8/site-packages/airflow/example_dags/example_branch_labels.py
[2023-10-10T01:19:21.496+0000] {processor.py:839} INFO - DAG(s) dict_keys(['example_branch_labels']) retrieved from /home/airflow/.local/lib/python3.8/site-packages/airflow/example_dags/example_branch_labels.py
[2023-10-10T01:19:21.513+0000] {logging_mixin.py:151} INFO - [2023-10-10T01:19:21.513+0000] {dag.py:2915} INFO - Sync 1 DAGs
[2023-10-10T01:19:21.527+0000] {logging_mixin.py:151} INFO - [2023-10-10T01:19:21.526+0000] {dag.py:3696} INFO - Setting next_dagrun for example_branch_labels to 2023-10-09T00:00:00+00:00, run_after=2023-10-10T00:00:00+00:00
[2023-10-10T01:19:21.541+0000] {processor.py:179} INFO - Processing /home/airflow/.local/lib/python3.8/site-packages/airflow/example_dags/example_branch_labels.py took 0.057 seconds
[2023-10-10T01:19:51.792+0000] {processor.py:157} INFO - Started process (PID=942) to work on /home/airflow/.local/lib/python3.8/site-packages/airflow/example_dags/example_branch_labels.py
[2023-10-10T01:19:51.793+0000] {processor.py:829} INFO - Processing file /home/airflow/.local/lib/python3.8/site-packages/airflow/example_dags/example_branch_labels.py for tasks to queue
[2023-10-10T01:19:51.793+0000] {logging_mixin.py:151} INFO - [2023-10-10T01:19:51.793+0000] {dagbag.py:539} INFO - Filling up the DagBag from /home/airflow/.local/lib/python3.8/site-packages/airflow/example_dags/example_branch_labels.py
[2023-10-10T01:19:51.798+0000] {processor.py:839} INFO - DAG(s) dict_keys(['example_branch_labels']) retrieved from /home/airflow/.local/lib/python3.8/site-packages/airflow/example_dags/example_branch_labels.py
[2023-10-10T01:19:51.813+0000] {logging_mixin.py:151} INFO - [2023-10-10T01:19:51.813+0000] {dag.py:2915} INFO - Sync 1 DAGs
[2023-10-10T01:19:51.830+0000] {logging_mixin.py:151} INFO - [2023-10-10T01:19:51.830+0000] {dag.py:3696} INFO - Setting next_dagrun for example_branch_labels to 2023-10-09T00:00:00+00:00, run_after=2023-10-10T00:00:00+00:00
[2023-10-10T01:19:51.839+0000] {processor.py:179} INFO - Processing /home/airflow/.local/lib/python3.8/site-packages/airflow/example_dags/example_branch_labels.py took 0.051 seconds
[2023-10-10T01:20:22.120+0000] {processor.py:157} INFO - Started process (PID=1180) to work on /home/airflow/.local/lib/python3.8/site-packages/airflow/example_dags/example_branch_labels.py
[2023-10-10T01:20:22.121+0000] {processor.py:829} INFO - Processing file /home/airflow/.local/lib/python3.8/site-packages/airflow/example_dags/example_branch_labels.py for tasks to queue
[2023-10-10T01:20:22.122+0000] {logging_mixin.py:151} INFO - [2023-10-10T01:20:22.121+0000] {dagbag.py:539} INFO - Filling up the DagBag from /home/airflow/.local/lib/python3.8/site-packages/airflow/example_dags/example_branch_labels.py
[2023-10-10T01:20:22.131+0000] {processor.py:839} INFO - DAG(s) dict_keys(['example_branch_labels']) retrieved from /home/airflow/.local/lib/python3.8/site-packages/airflow/example_dags/example_branch_labels.py
[2023-10-10T01:20:22.147+0000] {logging_mixin.py:151} INFO - [2023-10-10T01:20:22.147+0000] {dag.py:2915} INFO - Sync 1 DAGs
[2023-10-10T01:20:22.158+0000] {logging_mixin.py:151} INFO - [2023-10-10T01:20:22.158+0000] {dag.py:3696} INFO - Setting next_dagrun for example_branch_labels to 2023-10-09T00:00:00+00:00, run_after=2023-10-10T00:00:00+00:00
[2023-10-10T01:20:22.165+0000] {processor.py:179} INFO - Processing /home/airflow/.local/lib/python3.8/site-packages/airflow/example_dags/example_branch_labels.py took 0.048 seconds
[2023-10-10T01:20:52.297+0000] {processor.py:157} INFO - Started process (PID=1418) to work on /home/airflow/.local/lib/python3.8/site-packages/airflow/example_dags/example_branch_labels.py
[2023-10-10T01:20:52.298+0000] {processor.py:829} INFO - Processing file /home/airflow/.local/lib/python3.8/site-packages/airflow/example_dags/example_branch_labels.py for tasks to queue
[2023-10-10T01:20:52.299+0000] {logging_mixin.py:151} INFO - [2023-10-10T01:20:52.298+0000] {dagbag.py:539} INFO - Filling up the DagBag from /home/airflow/.local/lib/python3.8/site-packages/airflow/example_dags/example_branch_labels.py
[2023-10-10T01:20:52.303+0000] {processor.py:839} INFO - DAG(s) dict_keys(['example_branch_labels']) retrieved from /home/airflow/.local/lib/python3.8/site-packages/airflow/example_dags/example_branch_labels.py
[2023-10-10T01:20:52.317+0000] {logging_mixin.py:151} INFO - [2023-10-10T01:20:52.316+0000] {dag.py:2915} INFO - Sync 1 DAGs
[2023-10-10T01:20:52.331+0000] {logging_mixin.py:151} INFO - [2023-10-10T01:20:52.331+0000] {dag.py:3696} INFO - Setting next_dagrun for example_branch_labels to 2023-10-09T00:00:00+00:00, run_after=2023-10-10T00:00:00+00:00
[2023-10-10T01:20:52.343+0000] {processor.py:179} INFO - Processing /home/airflow/.local/lib/python3.8/site-packages/airflow/example_dags/example_branch_labels.py took 0.048 seconds
[2023-10-10T01:21:22.500+0000] {processor.py:157} INFO - Started process (PID=1656) to work on /home/airflow/.local/lib/python3.8/site-packages/airflow/example_dags/example_branch_labels.py
[2023-10-10T01:21:22.501+0000] {processor.py:829} INFO - Processing file /home/airflow/.local/lib/python3.8/site-packages/airflow/example_dags/example_branch_labels.py for tasks to queue
[2023-10-10T01:21:22.502+0000] {logging_mixin.py:151} INFO - [2023-10-10T01:21:22.501+0000] {dagbag.py:539} INFO - Filling up the DagBag from /home/airflow/.local/lib/python3.8/site-packages/airflow/example_dags/example_branch_labels.py
[2023-10-10T01:21:22.508+0000] {processor.py:839} INFO - DAG(s) dict_keys(['example_branch_labels']) retrieved from /home/airflow/.local/lib/python3.8/site-packages/airflow/example_dags/example_branch_labels.py
[2023-10-10T01:21:22.524+0000] {logging_mixin.py:151} INFO - [2023-10-10T01:21:22.524+0000] {dag.py:2915} INFO - Sync 1 DAGs
[2023-10-10T01:21:22.535+0000] {logging_mixin.py:151} INFO - [2023-10-10T01:21:22.535+0000] {dag.py:3696} INFO - Setting next_dagrun for example_branch_labels to 2023-10-09T00:00:00+00:00, run_after=2023-10-10T00:00:00+00:00
[2023-10-10T01:21:22.543+0000] {processor.py:179} INFO - Processing /home/airflow/.local/lib/python3.8/site-packages/airflow/example_dags/example_branch_labels.py took 0.045 seconds
[2023-10-10T01:21:52.708+0000] {processor.py:157} INFO - Started process (PID=1894) to work on /home/airflow/.local/lib/python3.8/site-packages/airflow/example_dags/example_branch_labels.py
[2023-10-10T01:21:52.709+0000] {processor.py:829} INFO - Processing file /home/airflow/.local/lib/python3.8/site-packages/airflow/example_dags/example_branch_labels.py for tasks to queue
[2023-10-10T01:21:52.710+0000] {logging_mixin.py:151} INFO - [2023-10-10T01:21:52.709+0000] {dagbag.py:539} INFO - Filling up the DagBag from /home/airflow/.local/lib/python3.8/site-packages/airflow/example_dags/example_branch_labels.py
[2023-10-10T01:21:52.714+0000] {processor.py:839} INFO - DAG(s) dict_keys(['example_branch_labels']) retrieved from /home/airflow/.local/lib/python3.8/site-packages/airflow/example_dags/example_branch_labels.py
[2023-10-10T01:21:52.729+0000] {logging_mixin.py:151} INFO - [2023-10-10T01:21:52.729+0000] {dag.py:2915} INFO - Sync 1 DAGs
[2023-10-10T01:21:52.741+0000] {logging_mixin.py:151} INFO - [2023-10-10T01:21:52.741+0000] {dag.py:3696} INFO - Setting next_dagrun for example_branch_labels to 2023-10-09T00:00:00+00:00, run_after=2023-10-10T00:00:00+00:00
[2023-10-10T01:21:52.749+0000] {processor.py:179} INFO - Processing /home/airflow/.local/lib/python3.8/site-packages/airflow/example_dags/example_branch_labels.py took 0.043 seconds
[2023-10-10T01:22:23.038+0000] {processor.py:157} INFO - Started process (PID=2132) to work on /home/airflow/.local/lib/python3.8/site-packages/airflow/example_dags/example_branch_labels.py
[2023-10-10T01:22:23.039+0000] {processor.py:829} INFO - Processing file /home/airflow/.local/lib/python3.8/site-packages/airflow/example_dags/example_branch_labels.py for tasks to queue
[2023-10-10T01:22:23.040+0000] {logging_mixin.py:151} INFO - [2023-10-10T01:22:23.040+0000] {dagbag.py:539} INFO - Filling up the DagBag from /home/airflow/.local/lib/python3.8/site-packages/airflow/example_dags/example_branch_labels.py
[2023-10-10T01:22:23.046+0000] {processor.py:839} INFO - DAG(s) dict_keys(['example_branch_labels']) retrieved from /home/airflow/.local/lib/python3.8/site-packages/airflow/example_dags/example_branch_labels.py
[2023-10-10T01:22:23.067+0000] {logging_mixin.py:151} INFO - [2023-10-10T01:22:23.067+0000] {dag.py:2915} INFO - Sync 1 DAGs
[2023-10-10T01:22:23.081+0000] {logging_mixin.py:151} INFO - [2023-10-10T01:22:23.080+0000] {dag.py:3696} INFO - Setting next_dagrun for example_branch_labels to 2023-10-09T00:00:00+00:00, run_after=2023-10-10T00:00:00+00:00
[2023-10-10T01:22:23.089+0000] {processor.py:179} INFO - Processing /home/airflow/.local/lib/python3.8/site-packages/airflow/example_dags/example_branch_labels.py took 0.054 seconds
[2023-10-10T01:22:53.153+0000] {processor.py:157} INFO - Started process (PID=2373) to work on /home/airflow/.local/lib/python3.8/site-packages/airflow/example_dags/example_branch_labels.py
[2023-10-10T01:22:53.154+0000] {processor.py:829} INFO - Processing file /home/airflow/.local/lib/python3.8/site-packages/airflow/example_dags/example_branch_labels.py for tasks to queue
[2023-10-10T01:22:53.155+0000] {logging_mixin.py:151} INFO - [2023-10-10T01:22:53.154+0000] {dagbag.py:539} INFO - Filling up the DagBag from /home/airflow/.local/lib/python3.8/site-packages/airflow/example_dags/example_branch_labels.py
[2023-10-10T01:22:53.159+0000] {processor.py:839} INFO - DAG(s) dict_keys(['example_branch_labels']) retrieved from /home/airflow/.local/lib/python3.8/site-packages/airflow/example_dags/example_branch_labels.py
[2023-10-10T01:22:53.173+0000] {logging_mixin.py:151} INFO - [2023-10-10T01:22:53.172+0000] {dag.py:2915} INFO - Sync 1 DAGs
[2023-10-10T01:22:53.183+0000] {logging_mixin.py:151} INFO - [2023-10-10T01:22:53.183+0000] {dag.py:3696} INFO - Setting next_dagrun for example_branch_labels to 2023-10-09T00:00:00+00:00, run_after=2023-10-10T00:00:00+00:00
[2023-10-10T01:22:53.191+0000] {processor.py:179} INFO - Processing /home/airflow/.local/lib/python3.8/site-packages/airflow/example_dags/example_branch_labels.py took 0.039 seconds
[2023-10-10T01:23:23.502+0000] {processor.py:157} INFO - Started process (PID=2609) to work on /home/airflow/.local/lib/python3.8/site-packages/airflow/example_dags/example_branch_labels.py
[2023-10-10T01:23:23.503+0000] {processor.py:829} INFO - Processing file /home/airflow/.local/lib/python3.8/site-packages/airflow/example_dags/example_branch_labels.py for tasks to queue
[2023-10-10T01:23:23.504+0000] {logging_mixin.py:151} INFO - [2023-10-10T01:23:23.503+0000] {dagbag.py:539} INFO - Filling up the DagBag from /home/airflow/.local/lib/python3.8/site-packages/airflow/example_dags/example_branch_labels.py
[2023-10-10T01:23:23.508+0000] {processor.py:839} INFO - DAG(s) dict_keys(['example_branch_labels']) retrieved from /home/airflow/.local/lib/python3.8/site-packages/airflow/example_dags/example_branch_labels.py
[2023-10-10T01:23:23.527+0000] {logging_mixin.py:151} INFO - [2023-10-10T01:23:23.526+0000] {dag.py:2915} INFO - Sync 1 DAGs
[2023-10-10T01:23:23.538+0000] {logging_mixin.py:151} INFO - [2023-10-10T01:23:23.538+0000] {dag.py:3696} INFO - Setting next_dagrun for example_branch_labels to 2023-10-09T00:00:00+00:00, run_after=2023-10-10T00:00:00+00:00
[2023-10-10T01:23:23.545+0000] {processor.py:179} INFO - Processing /home/airflow/.local/lib/python3.8/site-packages/airflow/example_dags/example_branch_labels.py took 0.045 seconds
[2023-10-10T01:23:53.807+0000] {processor.py:157} INFO - Started process (PID=2846) to work on /home/airflow/.local/lib/python3.8/site-packages/airflow/example_dags/example_branch_labels.py
[2023-10-10T01:23:53.808+0000] {processor.py:829} INFO - Processing file /home/airflow/.local/lib/python3.8/site-packages/airflow/example_dags/example_branch_labels.py for tasks to queue
[2023-10-10T01:23:53.808+0000] {logging_mixin.py:151} INFO - [2023-10-10T01:23:53.808+0000] {dagbag.py:539} INFO - Filling up the DagBag from /home/airflow/.local/lib/python3.8/site-packages/airflow/example_dags/example_branch_labels.py
[2023-10-10T01:23:53.813+0000] {processor.py:839} INFO - DAG(s) dict_keys(['example_branch_labels']) retrieved from /home/airflow/.local/lib/python3.8/site-packages/airflow/example_dags/example_branch_labels.py
[2023-10-10T01:23:53.828+0000] {logging_mixin.py:151} INFO - [2023-10-10T01:23:53.828+0000] {dag.py:2915} INFO - Sync 1 DAGs
[2023-10-10T01:23:53.840+0000] {logging_mixin.py:151} INFO - [2023-10-10T01:23:53.840+0000] {dag.py:3696} INFO - Setting next_dagrun for example_branch_labels to 2023-10-09T00:00:00+00:00, run_after=2023-10-10T00:00:00+00:00
[2023-10-10T01:23:53.847+0000] {processor.py:179} INFO - Processing /home/airflow/.local/lib/python3.8/site-packages/airflow/example_dags/example_branch_labels.py took 0.043 seconds
[2023-10-10T01:24:24.060+0000] {processor.py:157} INFO - Started process (PID=3084) to work on /home/airflow/.local/lib/python3.8/site-packages/airflow/example_dags/example_branch_labels.py
[2023-10-10T01:24:24.061+0000] {processor.py:829} INFO - Processing file /home/airflow/.local/lib/python3.8/site-packages/airflow/example_dags/example_branch_labels.py for tasks to queue
[2023-10-10T01:24:24.061+0000] {logging_mixin.py:151} INFO - [2023-10-10T01:24:24.061+0000] {dagbag.py:539} INFO - Filling up the DagBag from /home/airflow/.local/lib/python3.8/site-packages/airflow/example_dags/example_branch_labels.py
[2023-10-10T01:24:24.066+0000] {processor.py:839} INFO - DAG(s) dict_keys(['example_branch_labels']) retrieved from /home/airflow/.local/lib/python3.8/site-packages/airflow/example_dags/example_branch_labels.py
[2023-10-10T01:24:24.084+0000] {logging_mixin.py:151} INFO - [2023-10-10T01:24:24.084+0000] {dag.py:2915} INFO - Sync 1 DAGs
[2023-10-10T01:24:24.096+0000] {logging_mixin.py:151} INFO - [2023-10-10T01:24:24.096+0000] {dag.py:3696} INFO - Setting next_dagrun for example_branch_labels to 2023-10-09T00:00:00+00:00, run_after=2023-10-10T00:00:00+00:00
[2023-10-10T01:24:24.103+0000] {processor.py:179} INFO - Processing /home/airflow/.local/lib/python3.8/site-packages/airflow/example_dags/example_branch_labels.py took 0.046 seconds
[2023-10-10T01:24:54.301+0000] {processor.py:157} INFO - Started process (PID=3322) to work on /home/airflow/.local/lib/python3.8/site-packages/airflow/example_dags/example_branch_labels.py
[2023-10-10T01:24:54.302+0000] {processor.py:829} INFO - Processing file /home/airflow/.local/lib/python3.8/site-packages/airflow/example_dags/example_branch_labels.py for tasks to queue
[2023-10-10T01:24:54.302+0000] {logging_mixin.py:151} INFO - [2023-10-10T01:24:54.302+0000] {dagbag.py:539} INFO - Filling up the DagBag from /home/airflow/.local/lib/python3.8/site-packages/airflow/example_dags/example_branch_labels.py
[2023-10-10T01:24:54.310+0000] {processor.py:839} INFO - DAG(s) dict_keys(['example_branch_labels']) retrieved from /home/airflow/.local/lib/python3.8/site-packages/airflow/example_dags/example_branch_labels.py
[2023-10-10T01:24:54.325+0000] {logging_mixin.py:151} INFO - [2023-10-10T01:24:54.325+0000] {dag.py:2915} INFO - Sync 1 DAGs
[2023-10-10T01:24:54.336+0000] {logging_mixin.py:151} INFO - [2023-10-10T01:24:54.336+0000] {dag.py:3696} INFO - Setting next_dagrun for example_branch_labels to 2023-10-09T00:00:00+00:00, run_after=2023-10-10T00:00:00+00:00
[2023-10-10T01:24:54.345+0000] {processor.py:179} INFO - Processing /home/airflow/.local/lib/python3.8/site-packages/airflow/example_dags/example_branch_labels.py took 0.046 seconds
[2023-10-10T01:25:24.558+0000] {processor.py:157} INFO - Started process (PID=3560) to work on /home/airflow/.local/lib/python3.8/site-packages/airflow/example_dags/example_branch_labels.py
[2023-10-10T01:25:24.558+0000] {processor.py:829} INFO - Processing file /home/airflow/.local/lib/python3.8/site-packages/airflow/example_dags/example_branch_labels.py for tasks to queue
[2023-10-10T01:25:24.559+0000] {logging_mixin.py:151} INFO - [2023-10-10T01:25:24.559+0000] {dagbag.py:539} INFO - Filling up the DagBag from /home/airflow/.local/lib/python3.8/site-packages/airflow/example_dags/example_branch_labels.py
[2023-10-10T01:25:24.563+0000] {processor.py:839} INFO - DAG(s) dict_keys(['example_branch_labels']) retrieved from /home/airflow/.local/lib/python3.8/site-packages/airflow/example_dags/example_branch_labels.py
[2023-10-10T01:25:24.579+0000] {logging_mixin.py:151} INFO - [2023-10-10T01:25:24.579+0000] {dag.py:2915} INFO - Sync 1 DAGs
[2023-10-10T01:25:24.592+0000] {logging_mixin.py:151} INFO - [2023-10-10T01:25:24.592+0000] {dag.py:3696} INFO - Setting next_dagrun for example_branch_labels to 2023-10-09T00:00:00+00:00, run_after=2023-10-10T00:00:00+00:00
[2023-10-10T01:25:24.601+0000] {processor.py:179} INFO - Processing /home/airflow/.local/lib/python3.8/site-packages/airflow/example_dags/example_branch_labels.py took 0.045 seconds
[2023-10-10T01:25:54.840+0000] {processor.py:157} INFO - Started process (PID=3798) to work on /home/airflow/.local/lib/python3.8/site-packages/airflow/example_dags/example_branch_labels.py
[2023-10-10T01:25:54.841+0000] {processor.py:829} INFO - Processing file /home/airflow/.local/lib/python3.8/site-packages/airflow/example_dags/example_branch_labels.py for tasks to queue
[2023-10-10T01:25:54.842+0000] {logging_mixin.py:151} INFO - [2023-10-10T01:25:54.841+0000] {dagbag.py:539} INFO - Filling up the DagBag from /home/airflow/.local/lib/python3.8/site-packages/airflow/example_dags/example_branch_labels.py
[2023-10-10T01:25:54.846+0000] {processor.py:839} INFO - DAG(s) dict_keys(['example_branch_labels']) retrieved from /home/airflow/.local/lib/python3.8/site-packages/airflow/example_dags/example_branch_labels.py
[2023-10-10T01:25:54.866+0000] {logging_mixin.py:151} INFO - [2023-10-10T01:25:54.866+0000] {dag.py:2915} INFO - Sync 1 DAGs
[2023-10-10T01:25:54.879+0000] {logging_mixin.py:151} INFO - [2023-10-10T01:25:54.879+0000] {dag.py:3696} INFO - Setting next_dagrun for example_branch_labels to 2023-10-09T00:00:00+00:00, run_after=2023-10-10T00:00:00+00:00
[2023-10-10T01:25:54.886+0000] {processor.py:179} INFO - Processing /home/airflow/.local/lib/python3.8/site-packages/airflow/example_dags/example_branch_labels.py took 0.047 seconds
[2023-10-10T01:26:25.081+0000] {processor.py:157} INFO - Started process (PID=4037) to work on /home/airflow/.local/lib/python3.8/site-packages/airflow/example_dags/example_branch_labels.py
[2023-10-10T01:26:25.082+0000] {processor.py:829} INFO - Processing file /home/airflow/.local/lib/python3.8/site-packages/airflow/example_dags/example_branch_labels.py for tasks to queue
[2023-10-10T01:26:25.082+0000] {logging_mixin.py:151} INFO - [2023-10-10T01:26:25.082+0000] {dagbag.py:539} INFO - Filling up the DagBag from /home/airflow/.local/lib/python3.8/site-packages/airflow/example_dags/example_branch_labels.py
[2023-10-10T01:26:25.087+0000] {processor.py:839} INFO - DAG(s) dict_keys(['example_branch_labels']) retrieved from /home/airflow/.local/lib/python3.8/site-packages/airflow/example_dags/example_branch_labels.py
[2023-10-10T01:26:25.100+0000] {logging_mixin.py:151} INFO - [2023-10-10T01:26:25.100+0000] {dag.py:2915} INFO - Sync 1 DAGs
[2023-10-10T01:26:25.111+0000] {logging_mixin.py:151} INFO - [2023-10-10T01:26:25.111+0000] {dag.py:3696} INFO - Setting next_dagrun for example_branch_labels to 2023-10-09T00:00:00+00:00, run_after=2023-10-10T00:00:00+00:00
[2023-10-10T01:26:25.122+0000] {processor.py:179} INFO - Processing /home/airflow/.local/lib/python3.8/site-packages/airflow/example_dags/example_branch_labels.py took 0.043 seconds
[2023-10-10T01:26:55.273+0000] {processor.py:157} INFO - Started process (PID=4275) to work on /home/airflow/.local/lib/python3.8/site-packages/airflow/example_dags/example_branch_labels.py
[2023-10-10T01:26:55.274+0000] {processor.py:829} INFO - Processing file /home/airflow/.local/lib/python3.8/site-packages/airflow/example_dags/example_branch_labels.py for tasks to queue
[2023-10-10T01:26:55.275+0000] {logging_mixin.py:151} INFO - [2023-10-10T01:26:55.274+0000] {dagbag.py:539} INFO - Filling up the DagBag from /home/airflow/.local/lib/python3.8/site-packages/airflow/example_dags/example_branch_labels.py
[2023-10-10T01:26:55.279+0000] {processor.py:839} INFO - DAG(s) dict_keys(['example_branch_labels']) retrieved from /home/airflow/.local/lib/python3.8/site-packages/airflow/example_dags/example_branch_labels.py
[2023-10-10T01:26:55.292+0000] {logging_mixin.py:151} INFO - [2023-10-10T01:26:55.292+0000] {dag.py:2915} INFO - Sync 1 DAGs
[2023-10-10T01:26:55.305+0000] {logging_mixin.py:151} INFO - [2023-10-10T01:26:55.305+0000] {dag.py:3696} INFO - Setting next_dagrun for example_branch_labels to 2023-10-09T00:00:00+00:00, run_after=2023-10-10T00:00:00+00:00
[2023-10-10T01:26:55.316+0000] {processor.py:179} INFO - Processing /home/airflow/.local/lib/python3.8/site-packages/airflow/example_dags/example_branch_labels.py took 0.045 seconds
[2023-10-10T01:27:25.495+0000] {processor.py:157} INFO - Started process (PID=4513) to work on /home/airflow/.local/lib/python3.8/site-packages/airflow/example_dags/example_branch_labels.py
[2023-10-10T01:27:25.497+0000] {processor.py:829} INFO - Processing file /home/airflow/.local/lib/python3.8/site-packages/airflow/example_dags/example_branch_labels.py for tasks to queue
[2023-10-10T01:27:25.498+0000] {logging_mixin.py:151} INFO - [2023-10-10T01:27:25.497+0000] {dagbag.py:539} INFO - Filling up the DagBag from /home/airflow/.local/lib/python3.8/site-packages/airflow/example_dags/example_branch_labels.py
[2023-10-10T01:27:25.502+0000] {processor.py:839} INFO - DAG(s) dict_keys(['example_branch_labels']) retrieved from /home/airflow/.local/lib/python3.8/site-packages/airflow/example_dags/example_branch_labels.py
[2023-10-10T01:27:25.521+0000] {logging_mixin.py:151} INFO - [2023-10-10T01:27:25.521+0000] {dag.py:2915} INFO - Sync 1 DAGs
[2023-10-10T01:27:25.533+0000] {logging_mixin.py:151} INFO - [2023-10-10T01:27:25.532+0000] {dag.py:3696} INFO - Setting next_dagrun for example_branch_labels to 2023-10-09T00:00:00+00:00, run_after=2023-10-10T00:00:00+00:00
[2023-10-10T01:27:25.540+0000] {processor.py:179} INFO - Processing /home/airflow/.local/lib/python3.8/site-packages/airflow/example_dags/example_branch_labels.py took 0.046 seconds
[2023-10-10T01:27:55.739+0000] {processor.py:157} INFO - Started process (PID=4751) to work on /home/airflow/.local/lib/python3.8/site-packages/airflow/example_dags/example_branch_labels.py
[2023-10-10T01:27:55.739+0000] {processor.py:829} INFO - Processing file /home/airflow/.local/lib/python3.8/site-packages/airflow/example_dags/example_branch_labels.py for tasks to queue
[2023-10-10T01:27:55.740+0000] {logging_mixin.py:151} INFO - [2023-10-10T01:27:55.740+0000] {dagbag.py:539} INFO - Filling up the DagBag from /home/airflow/.local/lib/python3.8/site-packages/airflow/example_dags/example_branch_labels.py
[2023-10-10T01:27:55.744+0000] {processor.py:839} INFO - DAG(s) dict_keys(['example_branch_labels']) retrieved from /home/airflow/.local/lib/python3.8/site-packages/airflow/example_dags/example_branch_labels.py
[2023-10-10T01:27:55.758+0000] {logging_mixin.py:151} INFO - [2023-10-10T01:27:55.757+0000] {dag.py:2915} INFO - Sync 1 DAGs
[2023-10-10T01:27:55.768+0000] {logging_mixin.py:151} INFO - [2023-10-10T01:27:55.768+0000] {dag.py:3696} INFO - Setting next_dagrun for example_branch_labels to 2023-10-09T00:00:00+00:00, run_after=2023-10-10T00:00:00+00:00
[2023-10-10T01:27:55.776+0000] {processor.py:179} INFO - Processing /home/airflow/.local/lib/python3.8/site-packages/airflow/example_dags/example_branch_labels.py took 0.039 seconds
[2023-10-10T01:28:26.071+0000] {processor.py:157} INFO - Started process (PID=4989) to work on /home/airflow/.local/lib/python3.8/site-packages/airflow/example_dags/example_branch_labels.py
[2023-10-10T01:28:26.072+0000] {processor.py:829} INFO - Processing file /home/airflow/.local/lib/python3.8/site-packages/airflow/example_dags/example_branch_labels.py for tasks to queue
[2023-10-10T01:28:26.072+0000] {logging_mixin.py:151} INFO - [2023-10-10T01:28:26.072+0000] {dagbag.py:539} INFO - Filling up the DagBag from /home/airflow/.local/lib/python3.8/site-packages/airflow/example_dags/example_branch_labels.py
[2023-10-10T01:28:26.077+0000] {processor.py:839} INFO - DAG(s) dict_keys(['example_branch_labels']) retrieved from /home/airflow/.local/lib/python3.8/site-packages/airflow/example_dags/example_branch_labels.py
[2023-10-10T01:28:26.094+0000] {logging_mixin.py:151} INFO - [2023-10-10T01:28:26.094+0000] {dag.py:2915} INFO - Sync 1 DAGs
[2023-10-10T01:28:26.105+0000] {logging_mixin.py:151} INFO - [2023-10-10T01:28:26.105+0000] {dag.py:3696} INFO - Setting next_dagrun for example_branch_labels to 2023-10-09T00:00:00+00:00, run_after=2023-10-10T00:00:00+00:00
[2023-10-10T01:28:26.112+0000] {processor.py:179} INFO - Processing /home/airflow/.local/lib/python3.8/site-packages/airflow/example_dags/example_branch_labels.py took 0.043 seconds
[2023-10-10T01:28:56.414+0000] {processor.py:157} INFO - Started process (PID=5227) to work on /home/airflow/.local/lib/python3.8/site-packages/airflow/example_dags/example_branch_labels.py
[2023-10-10T01:28:56.415+0000] {processor.py:829} INFO - Processing file /home/airflow/.local/lib/python3.8/site-packages/airflow/example_dags/example_branch_labels.py for tasks to queue
[2023-10-10T01:28:56.415+0000] {logging_mixin.py:151} INFO - [2023-10-10T01:28:56.415+0000] {dagbag.py:539} INFO - Filling up the DagBag from /home/airflow/.local/lib/python3.8/site-packages/airflow/example_dags/example_branch_labels.py
[2023-10-10T01:28:56.420+0000] {processor.py:839} INFO - DAG(s) dict_keys(['example_branch_labels']) retrieved from /home/airflow/.local/lib/python3.8/site-packages/airflow/example_dags/example_branch_labels.py
[2023-10-10T01:28:56.433+0000] {logging_mixin.py:151} INFO - [2023-10-10T01:28:56.433+0000] {dag.py:2915} INFO - Sync 1 DAGs
[2023-10-10T01:28:56.445+0000] {logging_mixin.py:151} INFO - [2023-10-10T01:28:56.445+0000] {dag.py:3696} INFO - Setting next_dagrun for example_branch_labels to 2023-10-09T00:00:00+00:00, run_after=2023-10-10T00:00:00+00:00
[2023-10-10T01:28:56.453+0000] {processor.py:179} INFO - Processing /home/airflow/.local/lib/python3.8/site-packages/airflow/example_dags/example_branch_labels.py took 0.042 seconds
[2023-10-10T01:29:26.613+0000] {processor.py:157} INFO - Started process (PID=5465) to work on /home/airflow/.local/lib/python3.8/site-packages/airflow/example_dags/example_branch_labels.py
[2023-10-10T01:29:26.613+0000] {processor.py:829} INFO - Processing file /home/airflow/.local/lib/python3.8/site-packages/airflow/example_dags/example_branch_labels.py for tasks to queue
[2023-10-10T01:29:26.614+0000] {logging_mixin.py:151} INFO - [2023-10-10T01:29:26.613+0000] {dagbag.py:539} INFO - Filling up the DagBag from /home/airflow/.local/lib/python3.8/site-packages/airflow/example_dags/example_branch_labels.py
[2023-10-10T01:29:26.618+0000] {processor.py:839} INFO - DAG(s) dict_keys(['example_branch_labels']) retrieved from /home/airflow/.local/lib/python3.8/site-packages/airflow/example_dags/example_branch_labels.py
[2023-10-10T01:29:26.635+0000] {logging_mixin.py:151} INFO - [2023-10-10T01:29:26.635+0000] {dag.py:2915} INFO - Sync 1 DAGs
[2023-10-10T01:29:26.647+0000] {logging_mixin.py:151} INFO - [2023-10-10T01:29:26.646+0000] {dag.py:3696} INFO - Setting next_dagrun for example_branch_labels to 2023-10-09T00:00:00+00:00, run_after=2023-10-10T00:00:00+00:00
[2023-10-10T01:29:26.657+0000] {processor.py:179} INFO - Processing /home/airflow/.local/lib/python3.8/site-packages/airflow/example_dags/example_branch_labels.py took 0.046 seconds
[2023-10-10T01:29:56.897+0000] {processor.py:157} INFO - Started process (PID=5703) to work on /home/airflow/.local/lib/python3.8/site-packages/airflow/example_dags/example_branch_labels.py
[2023-10-10T01:29:56.898+0000] {processor.py:829} INFO - Processing file /home/airflow/.local/lib/python3.8/site-packages/airflow/example_dags/example_branch_labels.py for tasks to queue
[2023-10-10T01:29:56.898+0000] {logging_mixin.py:151} INFO - [2023-10-10T01:29:56.898+0000] {dagbag.py:539} INFO - Filling up the DagBag from /home/airflow/.local/lib/python3.8/site-packages/airflow/example_dags/example_branch_labels.py
[2023-10-10T01:29:56.902+0000] {processor.py:839} INFO - DAG(s) dict_keys(['example_branch_labels']) retrieved from /home/airflow/.local/lib/python3.8/site-packages/airflow/example_dags/example_branch_labels.py
[2023-10-10T01:29:56.920+0000] {logging_mixin.py:151} INFO - [2023-10-10T01:29:56.920+0000] {dag.py:2915} INFO - Sync 1 DAGs
[2023-10-10T01:29:56.931+0000] {logging_mixin.py:151} INFO - [2023-10-10T01:29:56.931+0000] {dag.py:3696} INFO - Setting next_dagrun for example_branch_labels to 2023-10-09T00:00:00+00:00, run_after=2023-10-10T00:00:00+00:00
[2023-10-10T01:29:56.941+0000] {processor.py:179} INFO - Processing /home/airflow/.local/lib/python3.8/site-packages/airflow/example_dags/example_branch_labels.py took 0.045 seconds
[2023-10-10T01:30:27.154+0000] {processor.py:157} INFO - Started process (PID=5941) to work on /home/airflow/.local/lib/python3.8/site-packages/airflow/example_dags/example_branch_labels.py
[2023-10-10T01:30:27.155+0000] {processor.py:829} INFO - Processing file /home/airflow/.local/lib/python3.8/site-packages/airflow/example_dags/example_branch_labels.py for tasks to queue
[2023-10-10T01:30:27.156+0000] {logging_mixin.py:151} INFO - [2023-10-10T01:30:27.155+0000] {dagbag.py:539} INFO - Filling up the DagBag from /home/airflow/.local/lib/python3.8/site-packages/airflow/example_dags/example_branch_labels.py
[2023-10-10T01:30:27.160+0000] {processor.py:839} INFO - DAG(s) dict_keys(['example_branch_labels']) retrieved from /home/airflow/.local/lib/python3.8/site-packages/airflow/example_dags/example_branch_labels.py
[2023-10-10T01:30:27.176+0000] {logging_mixin.py:151} INFO - [2023-10-10T01:30:27.176+0000] {dag.py:2915} INFO - Sync 1 DAGs
[2023-10-10T01:30:27.187+0000] {logging_mixin.py:151} INFO - [2023-10-10T01:30:27.187+0000] {dag.py:3696} INFO - Setting next_dagrun for example_branch_labels to 2023-10-09T00:00:00+00:00, run_after=2023-10-10T00:00:00+00:00
[2023-10-10T01:30:27.194+0000] {processor.py:179} INFO - Processing /home/airflow/.local/lib/python3.8/site-packages/airflow/example_dags/example_branch_labels.py took 0.042 seconds
[2023-10-10T01:30:57.452+0000] {processor.py:157} INFO - Started process (PID=6180) to work on /home/airflow/.local/lib/python3.8/site-packages/airflow/example_dags/example_branch_labels.py
[2023-10-10T01:30:57.452+0000] {processor.py:829} INFO - Processing file /home/airflow/.local/lib/python3.8/site-packages/airflow/example_dags/example_branch_labels.py for tasks to queue
[2023-10-10T01:30:57.453+0000] {logging_mixin.py:151} INFO - [2023-10-10T01:30:57.453+0000] {dagbag.py:539} INFO - Filling up the DagBag from /home/airflow/.local/lib/python3.8/site-packages/airflow/example_dags/example_branch_labels.py
[2023-10-10T01:30:57.458+0000] {processor.py:839} INFO - DAG(s) dict_keys(['example_branch_labels']) retrieved from /home/airflow/.local/lib/python3.8/site-packages/airflow/example_dags/example_branch_labels.py
[2023-10-10T01:30:57.471+0000] {logging_mixin.py:151} INFO - [2023-10-10T01:30:57.471+0000] {dag.py:2915} INFO - Sync 1 DAGs
[2023-10-10T01:30:57.483+0000] {logging_mixin.py:151} INFO - [2023-10-10T01:30:57.483+0000] {dag.py:3696} INFO - Setting next_dagrun for example_branch_labels to 2023-10-09T00:00:00+00:00, run_after=2023-10-10T00:00:00+00:00
[2023-10-10T01:30:57.492+0000] {processor.py:179} INFO - Processing /home/airflow/.local/lib/python3.8/site-packages/airflow/example_dags/example_branch_labels.py took 0.043 seconds
