[2023-10-10T01:18:20.049+0000] {processor.py:157} INFO - Started process (PID=217) to work on /home/airflow/.local/lib/python3.8/site-packages/airflow/example_dags/example_task_group.py
[2023-10-10T01:18:20.049+0000] {processor.py:829} INFO - Processing file /home/airflow/.local/lib/python3.8/site-packages/airflow/example_dags/example_task_group.py for tasks to queue
[2023-10-10T01:18:20.050+0000] {logging_mixin.py:151} INFO - [2023-10-10T01:18:20.050+0000] {dagbag.py:539} INFO - Filling up the DagBag from /home/airflow/.local/lib/python3.8/site-packages/airflow/example_dags/example_task_group.py
[2023-10-10T01:18:20.056+0000] {processor.py:839} INFO - DAG(s) dict_keys(['example_task_group']) retrieved from /home/airflow/.local/lib/python3.8/site-packages/airflow/example_dags/example_task_group.py
[2023-10-10T01:18:20.066+0000] {logging_mixin.py:151} INFO - [2023-10-10T01:18:20.066+0000] {dag.py:2915} INFO - Sync 1 DAGs
[2023-10-10T01:18:20.078+0000] {logging_mixin.py:151} INFO - [2023-10-10T01:18:20.078+0000] {dag.py:3696} INFO - Setting next_dagrun for example_task_group to 2023-10-09T01:18:20.078108+00:00, run_after=2023-10-10T01:18:20.078108+00:00
[2023-10-10T01:18:20.208+0000] {processor.py:179} INFO - Processing /home/airflow/.local/lib/python3.8/site-packages/airflow/example_dags/example_task_group.py took 0.161 seconds
[2023-10-10T01:18:51.254+0000] {processor.py:157} INFO - Started process (PID=455) to work on /home/airflow/.local/lib/python3.8/site-packages/airflow/example_dags/example_task_group.py
[2023-10-10T01:18:51.256+0000] {processor.py:829} INFO - Processing file /home/airflow/.local/lib/python3.8/site-packages/airflow/example_dags/example_task_group.py for tasks to queue
[2023-10-10T01:18:51.257+0000] {logging_mixin.py:151} INFO - [2023-10-10T01:18:51.256+0000] {dagbag.py:539} INFO - Filling up the DagBag from /home/airflow/.local/lib/python3.8/site-packages/airflow/example_dags/example_task_group.py
[2023-10-10T01:18:51.269+0000] {processor.py:839} INFO - DAG(s) dict_keys(['example_task_group']) retrieved from /home/airflow/.local/lib/python3.8/site-packages/airflow/example_dags/example_task_group.py
[2023-10-10T01:18:51.298+0000] {logging_mixin.py:151} INFO - [2023-10-10T01:18:51.298+0000] {dag.py:2915} INFO - Sync 1 DAGs
[2023-10-10T01:18:51.311+0000] {logging_mixin.py:151} INFO - [2023-10-10T01:18:51.311+0000] {dag.py:3696} INFO - Setting next_dagrun for example_task_group to 2023-10-09T01:18:51.311185+00:00, run_after=2023-10-10T01:18:51.311185+00:00
[2023-10-10T01:18:51.320+0000] {processor.py:179} INFO - Processing /home/airflow/.local/lib/python3.8/site-packages/airflow/example_dags/example_task_group.py took 0.073 seconds
[2023-10-10T01:19:21.404+0000] {processor.py:157} INFO - Started process (PID=693) to work on /home/airflow/.local/lib/python3.8/site-packages/airflow/example_dags/example_task_group.py
[2023-10-10T01:19:21.405+0000] {processor.py:829} INFO - Processing file /home/airflow/.local/lib/python3.8/site-packages/airflow/example_dags/example_task_group.py for tasks to queue
[2023-10-10T01:19:21.405+0000] {logging_mixin.py:151} INFO - [2023-10-10T01:19:21.405+0000] {dagbag.py:539} INFO - Filling up the DagBag from /home/airflow/.local/lib/python3.8/site-packages/airflow/example_dags/example_task_group.py
[2023-10-10T01:19:21.412+0000] {processor.py:839} INFO - DAG(s) dict_keys(['example_task_group']) retrieved from /home/airflow/.local/lib/python3.8/site-packages/airflow/example_dags/example_task_group.py
[2023-10-10T01:19:21.428+0000] {logging_mixin.py:151} INFO - [2023-10-10T01:19:21.428+0000] {dag.py:2915} INFO - Sync 1 DAGs
[2023-10-10T01:19:21.440+0000] {logging_mixin.py:151} INFO - [2023-10-10T01:19:21.440+0000] {dag.py:3696} INFO - Setting next_dagrun for example_task_group to 2023-10-09T01:19:21.440132+00:00, run_after=2023-10-10T01:19:21.440132+00:00
[2023-10-10T01:19:21.447+0000] {processor.py:179} INFO - Processing /home/airflow/.local/lib/python3.8/site-packages/airflow/example_dags/example_task_group.py took 0.047 seconds
[2023-10-10T01:19:51.714+0000] {processor.py:157} INFO - Started process (PID=932) to work on /home/airflow/.local/lib/python3.8/site-packages/airflow/example_dags/example_task_group.py
[2023-10-10T01:19:51.715+0000] {processor.py:829} INFO - Processing file /home/airflow/.local/lib/python3.8/site-packages/airflow/example_dags/example_task_group.py for tasks to queue
[2023-10-10T01:19:51.716+0000] {logging_mixin.py:151} INFO - [2023-10-10T01:19:51.716+0000] {dagbag.py:539} INFO - Filling up the DagBag from /home/airflow/.local/lib/python3.8/site-packages/airflow/example_dags/example_task_group.py
[2023-10-10T01:19:51.724+0000] {processor.py:839} INFO - DAG(s) dict_keys(['example_task_group']) retrieved from /home/airflow/.local/lib/python3.8/site-packages/airflow/example_dags/example_task_group.py
[2023-10-10T01:19:51.741+0000] {logging_mixin.py:151} INFO - [2023-10-10T01:19:51.741+0000] {dag.py:2915} INFO - Sync 1 DAGs
[2023-10-10T01:19:51.752+0000] {logging_mixin.py:151} INFO - [2023-10-10T01:19:51.752+0000] {dag.py:3696} INFO - Setting next_dagrun for example_task_group to 2023-10-09T01:19:51.752682+00:00, run_after=2023-10-10T01:19:51.752682+00:00
[2023-10-10T01:19:51.760+0000] {processor.py:179} INFO - Processing /home/airflow/.local/lib/python3.8/site-packages/airflow/example_dags/example_task_group.py took 0.051 seconds
[2023-10-10T01:20:22.026+0000] {processor.py:157} INFO - Started process (PID=1170) to work on /home/airflow/.local/lib/python3.8/site-packages/airflow/example_dags/example_task_group.py
[2023-10-10T01:20:22.027+0000] {processor.py:829} INFO - Processing file /home/airflow/.local/lib/python3.8/site-packages/airflow/example_dags/example_task_group.py for tasks to queue
[2023-10-10T01:20:22.028+0000] {logging_mixin.py:151} INFO - [2023-10-10T01:20:22.028+0000] {dagbag.py:539} INFO - Filling up the DagBag from /home/airflow/.local/lib/python3.8/site-packages/airflow/example_dags/example_task_group.py
[2023-10-10T01:20:22.038+0000] {processor.py:839} INFO - DAG(s) dict_keys(['example_task_group']) retrieved from /home/airflow/.local/lib/python3.8/site-packages/airflow/example_dags/example_task_group.py
[2023-10-10T01:20:22.062+0000] {logging_mixin.py:151} INFO - [2023-10-10T01:20:22.062+0000] {dag.py:2915} INFO - Sync 1 DAGs
[2023-10-10T01:20:22.074+0000] {logging_mixin.py:151} INFO - [2023-10-10T01:20:22.074+0000] {dag.py:3696} INFO - Setting next_dagrun for example_task_group to 2023-10-09T01:20:22.074464+00:00, run_after=2023-10-10T01:20:22.074464+00:00
[2023-10-10T01:20:22.083+0000] {processor.py:179} INFO - Processing /home/airflow/.local/lib/python3.8/site-packages/airflow/example_dags/example_task_group.py took 0.062 seconds
[2023-10-10T01:20:52.220+0000] {processor.py:157} INFO - Started process (PID=1408) to work on /home/airflow/.local/lib/python3.8/site-packages/airflow/example_dags/example_task_group.py
[2023-10-10T01:20:52.221+0000] {processor.py:829} INFO - Processing file /home/airflow/.local/lib/python3.8/site-packages/airflow/example_dags/example_task_group.py for tasks to queue
[2023-10-10T01:20:52.222+0000] {logging_mixin.py:151} INFO - [2023-10-10T01:20:52.222+0000] {dagbag.py:539} INFO - Filling up the DagBag from /home/airflow/.local/lib/python3.8/site-packages/airflow/example_dags/example_task_group.py
[2023-10-10T01:20:52.229+0000] {processor.py:839} INFO - DAG(s) dict_keys(['example_task_group']) retrieved from /home/airflow/.local/lib/python3.8/site-packages/airflow/example_dags/example_task_group.py
[2023-10-10T01:20:52.246+0000] {logging_mixin.py:151} INFO - [2023-10-10T01:20:52.246+0000] {dag.py:2915} INFO - Sync 1 DAGs
[2023-10-10T01:20:52.258+0000] {logging_mixin.py:151} INFO - [2023-10-10T01:20:52.258+0000] {dag.py:3696} INFO - Setting next_dagrun for example_task_group to 2023-10-09T01:20:52.257927+00:00, run_after=2023-10-10T01:20:52.257927+00:00
[2023-10-10T01:20:52.266+0000] {processor.py:179} INFO - Processing /home/airflow/.local/lib/python3.8/site-packages/airflow/example_dags/example_task_group.py took 0.049 seconds
[2023-10-10T01:21:22.417+0000] {processor.py:157} INFO - Started process (PID=1646) to work on /home/airflow/.local/lib/python3.8/site-packages/airflow/example_dags/example_task_group.py
[2023-10-10T01:21:22.418+0000] {processor.py:829} INFO - Processing file /home/airflow/.local/lib/python3.8/site-packages/airflow/example_dags/example_task_group.py for tasks to queue
[2023-10-10T01:21:22.419+0000] {logging_mixin.py:151} INFO - [2023-10-10T01:21:22.419+0000] {dagbag.py:539} INFO - Filling up the DagBag from /home/airflow/.local/lib/python3.8/site-packages/airflow/example_dags/example_task_group.py
[2023-10-10T01:21:22.427+0000] {processor.py:839} INFO - DAG(s) dict_keys(['example_task_group']) retrieved from /home/airflow/.local/lib/python3.8/site-packages/airflow/example_dags/example_task_group.py
[2023-10-10T01:21:22.447+0000] {logging_mixin.py:151} INFO - [2023-10-10T01:21:22.447+0000] {dag.py:2915} INFO - Sync 1 DAGs
[2023-10-10T01:21:22.459+0000] {logging_mixin.py:151} INFO - [2023-10-10T01:21:22.459+0000] {dag.py:3696} INFO - Setting next_dagrun for example_task_group to 2023-10-09T01:21:22.459679+00:00, run_after=2023-10-10T01:21:22.459679+00:00
[2023-10-10T01:21:22.467+0000] {processor.py:179} INFO - Processing /home/airflow/.local/lib/python3.8/site-packages/airflow/example_dags/example_task_group.py took 0.054 seconds
[2023-10-10T01:21:52.634+0000] {processor.py:157} INFO - Started process (PID=1884) to work on /home/airflow/.local/lib/python3.8/site-packages/airflow/example_dags/example_task_group.py
[2023-10-10T01:21:52.635+0000] {processor.py:829} INFO - Processing file /home/airflow/.local/lib/python3.8/site-packages/airflow/example_dags/example_task_group.py for tasks to queue
[2023-10-10T01:21:52.636+0000] {logging_mixin.py:151} INFO - [2023-10-10T01:21:52.636+0000] {dagbag.py:539} INFO - Filling up the DagBag from /home/airflow/.local/lib/python3.8/site-packages/airflow/example_dags/example_task_group.py
[2023-10-10T01:21:52.644+0000] {processor.py:839} INFO - DAG(s) dict_keys(['example_task_group']) retrieved from /home/airflow/.local/lib/python3.8/site-packages/airflow/example_dags/example_task_group.py
[2023-10-10T01:21:52.660+0000] {logging_mixin.py:151} INFO - [2023-10-10T01:21:52.660+0000] {dag.py:2915} INFO - Sync 1 DAGs
[2023-10-10T01:21:52.672+0000] {logging_mixin.py:151} INFO - [2023-10-10T01:21:52.672+0000] {dag.py:3696} INFO - Setting next_dagrun for example_task_group to 2023-10-09T01:21:52.672197+00:00, run_after=2023-10-10T01:21:52.672197+00:00
[2023-10-10T01:21:52.680+0000] {processor.py:179} INFO - Processing /home/airflow/.local/lib/python3.8/site-packages/airflow/example_dags/example_task_group.py took 0.050 seconds
[2023-10-10T01:22:22.956+0000] {processor.py:157} INFO - Started process (PID=2122) to work on /home/airflow/.local/lib/python3.8/site-packages/airflow/example_dags/example_task_group.py
[2023-10-10T01:22:22.957+0000] {processor.py:829} INFO - Processing file /home/airflow/.local/lib/python3.8/site-packages/airflow/example_dags/example_task_group.py for tasks to queue
[2023-10-10T01:22:22.958+0000] {logging_mixin.py:151} INFO - [2023-10-10T01:22:22.958+0000] {dagbag.py:539} INFO - Filling up the DagBag from /home/airflow/.local/lib/python3.8/site-packages/airflow/example_dags/example_task_group.py
[2023-10-10T01:22:22.966+0000] {processor.py:839} INFO - DAG(s) dict_keys(['example_task_group']) retrieved from /home/airflow/.local/lib/python3.8/site-packages/airflow/example_dags/example_task_group.py
[2023-10-10T01:22:22.984+0000] {logging_mixin.py:151} INFO - [2023-10-10T01:22:22.984+0000] {dag.py:2915} INFO - Sync 1 DAGs
[2023-10-10T01:22:22.996+0000] {logging_mixin.py:151} INFO - [2023-10-10T01:22:22.996+0000] {dag.py:3696} INFO - Setting next_dagrun for example_task_group to 2023-10-09T01:22:22.996368+00:00, run_after=2023-10-10T01:22:22.996368+00:00
[2023-10-10T01:22:23.004+0000] {processor.py:179} INFO - Processing /home/airflow/.local/lib/python3.8/site-packages/airflow/example_dags/example_task_group.py took 0.052 seconds
[2023-10-10T01:22:53.025+0000] {processor.py:157} INFO - Started process (PID=2358) to work on /home/airflow/.local/lib/python3.8/site-packages/airflow/example_dags/example_task_group.py
[2023-10-10T01:22:53.027+0000] {processor.py:829} INFO - Processing file /home/airflow/.local/lib/python3.8/site-packages/airflow/example_dags/example_task_group.py for tasks to queue
[2023-10-10T01:22:53.027+0000] {logging_mixin.py:151} INFO - [2023-10-10T01:22:53.027+0000] {dagbag.py:539} INFO - Filling up the DagBag from /home/airflow/.local/lib/python3.8/site-packages/airflow/example_dags/example_task_group.py
[2023-10-10T01:22:53.032+0000] {processor.py:839} INFO - DAG(s) dict_keys(['example_task_group']) retrieved from /home/airflow/.local/lib/python3.8/site-packages/airflow/example_dags/example_task_group.py
[2023-10-10T01:22:53.046+0000] {logging_mixin.py:151} INFO - [2023-10-10T01:22:53.046+0000] {dag.py:2915} INFO - Sync 1 DAGs
[2023-10-10T01:22:53.059+0000] {logging_mixin.py:151} INFO - [2023-10-10T01:22:53.059+0000] {dag.py:3696} INFO - Setting next_dagrun for example_task_group to 2023-10-09T01:22:53.059386+00:00, run_after=2023-10-10T01:22:53.059386+00:00
[2023-10-10T01:22:53.068+0000] {processor.py:179} INFO - Processing /home/airflow/.local/lib/python3.8/site-packages/airflow/example_dags/example_task_group.py took 0.045 seconds
[2023-10-10T01:23:23.422+0000] {processor.py:157} INFO - Started process (PID=2599) to work on /home/airflow/.local/lib/python3.8/site-packages/airflow/example_dags/example_task_group.py
[2023-10-10T01:23:23.423+0000] {processor.py:829} INFO - Processing file /home/airflow/.local/lib/python3.8/site-packages/airflow/example_dags/example_task_group.py for tasks to queue
[2023-10-10T01:23:23.424+0000] {logging_mixin.py:151} INFO - [2023-10-10T01:23:23.423+0000] {dagbag.py:539} INFO - Filling up the DagBag from /home/airflow/.local/lib/python3.8/site-packages/airflow/example_dags/example_task_group.py
[2023-10-10T01:23:23.431+0000] {processor.py:839} INFO - DAG(s) dict_keys(['example_task_group']) retrieved from /home/airflow/.local/lib/python3.8/site-packages/airflow/example_dags/example_task_group.py
[2023-10-10T01:23:23.450+0000] {logging_mixin.py:151} INFO - [2023-10-10T01:23:23.450+0000] {dag.py:2915} INFO - Sync 1 DAGs
[2023-10-10T01:23:23.462+0000] {logging_mixin.py:151} INFO - [2023-10-10T01:23:23.462+0000] {dag.py:3696} INFO - Setting next_dagrun for example_task_group to 2023-10-09T01:23:23.461862+00:00, run_after=2023-10-10T01:23:23.461862+00:00
[2023-10-10T01:23:23.470+0000] {processor.py:179} INFO - Processing /home/airflow/.local/lib/python3.8/site-packages/airflow/example_dags/example_task_group.py took 0.051 seconds
[2023-10-10T01:23:53.732+0000] {processor.py:157} INFO - Started process (PID=2836) to work on /home/airflow/.local/lib/python3.8/site-packages/airflow/example_dags/example_task_group.py
[2023-10-10T01:23:53.733+0000] {processor.py:829} INFO - Processing file /home/airflow/.local/lib/python3.8/site-packages/airflow/example_dags/example_task_group.py for tasks to queue
[2023-10-10T01:23:53.734+0000] {logging_mixin.py:151} INFO - [2023-10-10T01:23:53.733+0000] {dagbag.py:539} INFO - Filling up the DagBag from /home/airflow/.local/lib/python3.8/site-packages/airflow/example_dags/example_task_group.py
[2023-10-10T01:23:53.740+0000] {processor.py:839} INFO - DAG(s) dict_keys(['example_task_group']) retrieved from /home/airflow/.local/lib/python3.8/site-packages/airflow/example_dags/example_task_group.py
[2023-10-10T01:23:53.757+0000] {logging_mixin.py:151} INFO - [2023-10-10T01:23:53.757+0000] {dag.py:2915} INFO - Sync 1 DAGs
[2023-10-10T01:23:53.769+0000] {logging_mixin.py:151} INFO - [2023-10-10T01:23:53.768+0000] {dag.py:3696} INFO - Setting next_dagrun for example_task_group to 2023-10-09T01:23:53.768750+00:00, run_after=2023-10-10T01:23:53.768750+00:00
[2023-10-10T01:23:53.776+0000] {processor.py:179} INFO - Processing /home/airflow/.local/lib/python3.8/site-packages/airflow/example_dags/example_task_group.py took 0.047 seconds
[2023-10-10T01:24:23.979+0000] {processor.py:157} INFO - Started process (PID=3074) to work on /home/airflow/.local/lib/python3.8/site-packages/airflow/example_dags/example_task_group.py
[2023-10-10T01:24:23.980+0000] {processor.py:829} INFO - Processing file /home/airflow/.local/lib/python3.8/site-packages/airflow/example_dags/example_task_group.py for tasks to queue
[2023-10-10T01:24:23.982+0000] {logging_mixin.py:151} INFO - [2023-10-10T01:24:23.981+0000] {dagbag.py:539} INFO - Filling up the DagBag from /home/airflow/.local/lib/python3.8/site-packages/airflow/example_dags/example_task_group.py
[2023-10-10T01:24:23.988+0000] {processor.py:839} INFO - DAG(s) dict_keys(['example_task_group']) retrieved from /home/airflow/.local/lib/python3.8/site-packages/airflow/example_dags/example_task_group.py
[2023-10-10T01:24:24.005+0000] {logging_mixin.py:151} INFO - [2023-10-10T01:24:24.005+0000] {dag.py:2915} INFO - Sync 1 DAGs
[2023-10-10T01:24:24.017+0000] {logging_mixin.py:151} INFO - [2023-10-10T01:24:24.017+0000] {dag.py:3696} INFO - Setting next_dagrun for example_task_group to 2023-10-09T01:24:24.017589+00:00, run_after=2023-10-10T01:24:24.017589+00:00
[2023-10-10T01:24:24.025+0000] {processor.py:179} INFO - Processing /home/airflow/.local/lib/python3.8/site-packages/airflow/example_dags/example_task_group.py took 0.049 seconds
[2023-10-10T01:24:54.217+0000] {processor.py:157} INFO - Started process (PID=3312) to work on /home/airflow/.local/lib/python3.8/site-packages/airflow/example_dags/example_task_group.py
[2023-10-10T01:24:54.218+0000] {processor.py:829} INFO - Processing file /home/airflow/.local/lib/python3.8/site-packages/airflow/example_dags/example_task_group.py for tasks to queue
[2023-10-10T01:24:54.219+0000] {logging_mixin.py:151} INFO - [2023-10-10T01:24:54.219+0000] {dagbag.py:539} INFO - Filling up the DagBag from /home/airflow/.local/lib/python3.8/site-packages/airflow/example_dags/example_task_group.py
[2023-10-10T01:24:54.227+0000] {processor.py:839} INFO - DAG(s) dict_keys(['example_task_group']) retrieved from /home/airflow/.local/lib/python3.8/site-packages/airflow/example_dags/example_task_group.py
[2023-10-10T01:24:54.247+0000] {logging_mixin.py:151} INFO - [2023-10-10T01:24:54.247+0000] {dag.py:2915} INFO - Sync 1 DAGs
[2023-10-10T01:24:54.260+0000] {logging_mixin.py:151} INFO - [2023-10-10T01:24:54.260+0000] {dag.py:3696} INFO - Setting next_dagrun for example_task_group to 2023-10-09T01:24:54.260515+00:00, run_after=2023-10-10T01:24:54.260515+00:00
[2023-10-10T01:24:54.269+0000] {processor.py:179} INFO - Processing /home/airflow/.local/lib/python3.8/site-packages/airflow/example_dags/example_task_group.py took 0.055 seconds
[2023-10-10T01:25:24.478+0000] {processor.py:157} INFO - Started process (PID=3550) to work on /home/airflow/.local/lib/python3.8/site-packages/airflow/example_dags/example_task_group.py
[2023-10-10T01:25:24.479+0000] {processor.py:829} INFO - Processing file /home/airflow/.local/lib/python3.8/site-packages/airflow/example_dags/example_task_group.py for tasks to queue
[2023-10-10T01:25:24.480+0000] {logging_mixin.py:151} INFO - [2023-10-10T01:25:24.480+0000] {dagbag.py:539} INFO - Filling up the DagBag from /home/airflow/.local/lib/python3.8/site-packages/airflow/example_dags/example_task_group.py
[2023-10-10T01:25:24.487+0000] {processor.py:839} INFO - DAG(s) dict_keys(['example_task_group']) retrieved from /home/airflow/.local/lib/python3.8/site-packages/airflow/example_dags/example_task_group.py
[2023-10-10T01:25:24.504+0000] {logging_mixin.py:151} INFO - [2023-10-10T01:25:24.503+0000] {dag.py:2915} INFO - Sync 1 DAGs
[2023-10-10T01:25:24.515+0000] {logging_mixin.py:151} INFO - [2023-10-10T01:25:24.515+0000] {dag.py:3696} INFO - Setting next_dagrun for example_task_group to 2023-10-09T01:25:24.515276+00:00, run_after=2023-10-10T01:25:24.515276+00:00
[2023-10-10T01:25:24.523+0000] {processor.py:179} INFO - Processing /home/airflow/.local/lib/python3.8/site-packages/airflow/example_dags/example_task_group.py took 0.049 seconds
[2023-10-10T01:25:54.765+0000] {processor.py:157} INFO - Started process (PID=3788) to work on /home/airflow/.local/lib/python3.8/site-packages/airflow/example_dags/example_task_group.py
[2023-10-10T01:25:54.766+0000] {processor.py:829} INFO - Processing file /home/airflow/.local/lib/python3.8/site-packages/airflow/example_dags/example_task_group.py for tasks to queue
[2023-10-10T01:25:54.767+0000] {logging_mixin.py:151} INFO - [2023-10-10T01:25:54.767+0000] {dagbag.py:539} INFO - Filling up the DagBag from /home/airflow/.local/lib/python3.8/site-packages/airflow/example_dags/example_task_group.py
[2023-10-10T01:25:54.774+0000] {processor.py:839} INFO - DAG(s) dict_keys(['example_task_group']) retrieved from /home/airflow/.local/lib/python3.8/site-packages/airflow/example_dags/example_task_group.py
[2023-10-10T01:25:54.790+0000] {logging_mixin.py:151} INFO - [2023-10-10T01:25:54.790+0000] {dag.py:2915} INFO - Sync 1 DAGs
[2023-10-10T01:25:54.802+0000] {logging_mixin.py:151} INFO - [2023-10-10T01:25:54.802+0000] {dag.py:3696} INFO - Setting next_dagrun for example_task_group to 2023-10-09T01:25:54.802143+00:00, run_after=2023-10-10T01:25:54.802143+00:00
[2023-10-10T01:25:54.810+0000] {processor.py:179} INFO - Processing /home/airflow/.local/lib/python3.8/site-packages/airflow/example_dags/example_task_group.py took 0.049 seconds
[2023-10-10T01:26:25.008+0000] {processor.py:157} INFO - Started process (PID=4027) to work on /home/airflow/.local/lib/python3.8/site-packages/airflow/example_dags/example_task_group.py
[2023-10-10T01:26:25.009+0000] {processor.py:829} INFO - Processing file /home/airflow/.local/lib/python3.8/site-packages/airflow/example_dags/example_task_group.py for tasks to queue
[2023-10-10T01:26:25.010+0000] {logging_mixin.py:151} INFO - [2023-10-10T01:26:25.010+0000] {dagbag.py:539} INFO - Filling up the DagBag from /home/airflow/.local/lib/python3.8/site-packages/airflow/example_dags/example_task_group.py
[2023-10-10T01:26:25.016+0000] {processor.py:839} INFO - DAG(s) dict_keys(['example_task_group']) retrieved from /home/airflow/.local/lib/python3.8/site-packages/airflow/example_dags/example_task_group.py
[2023-10-10T01:26:25.032+0000] {logging_mixin.py:151} INFO - [2023-10-10T01:26:25.032+0000] {dag.py:2915} INFO - Sync 1 DAGs
[2023-10-10T01:26:25.045+0000] {logging_mixin.py:151} INFO - [2023-10-10T01:26:25.045+0000] {dag.py:3696} INFO - Setting next_dagrun for example_task_group to 2023-10-09T01:26:25.044866+00:00, run_after=2023-10-10T01:26:25.044866+00:00
[2023-10-10T01:26:25.052+0000] {processor.py:179} INFO - Processing /home/airflow/.local/lib/python3.8/site-packages/airflow/example_dags/example_task_group.py took 0.048 seconds
[2023-10-10T01:26:55.197+0000] {processor.py:157} INFO - Started process (PID=4265) to work on /home/airflow/.local/lib/python3.8/site-packages/airflow/example_dags/example_task_group.py
[2023-10-10T01:26:55.198+0000] {processor.py:829} INFO - Processing file /home/airflow/.local/lib/python3.8/site-packages/airflow/example_dags/example_task_group.py for tasks to queue
[2023-10-10T01:26:55.199+0000] {logging_mixin.py:151} INFO - [2023-10-10T01:26:55.198+0000] {dagbag.py:539} INFO - Filling up the DagBag from /home/airflow/.local/lib/python3.8/site-packages/airflow/example_dags/example_task_group.py
[2023-10-10T01:26:55.206+0000] {processor.py:839} INFO - DAG(s) dict_keys(['example_task_group']) retrieved from /home/airflow/.local/lib/python3.8/site-packages/airflow/example_dags/example_task_group.py
[2023-10-10T01:26:55.222+0000] {logging_mixin.py:151} INFO - [2023-10-10T01:26:55.222+0000] {dag.py:2915} INFO - Sync 1 DAGs
[2023-10-10T01:26:55.235+0000] {logging_mixin.py:151} INFO - [2023-10-10T01:26:55.234+0000] {dag.py:3696} INFO - Setting next_dagrun for example_task_group to 2023-10-09T01:26:55.234763+00:00, run_after=2023-10-10T01:26:55.234763+00:00
[2023-10-10T01:26:55.242+0000] {processor.py:179} INFO - Processing /home/airflow/.local/lib/python3.8/site-packages/airflow/example_dags/example_task_group.py took 0.049 seconds
[2023-10-10T01:27:25.422+0000] {processor.py:157} INFO - Started process (PID=4503) to work on /home/airflow/.local/lib/python3.8/site-packages/airflow/example_dags/example_task_group.py
[2023-10-10T01:27:25.423+0000] {processor.py:829} INFO - Processing file /home/airflow/.local/lib/python3.8/site-packages/airflow/example_dags/example_task_group.py for tasks to queue
[2023-10-10T01:27:25.424+0000] {logging_mixin.py:151} INFO - [2023-10-10T01:27:25.424+0000] {dagbag.py:539} INFO - Filling up the DagBag from /home/airflow/.local/lib/python3.8/site-packages/airflow/example_dags/example_task_group.py
[2023-10-10T01:27:25.430+0000] {processor.py:839} INFO - DAG(s) dict_keys(['example_task_group']) retrieved from /home/airflow/.local/lib/python3.8/site-packages/airflow/example_dags/example_task_group.py
[2023-10-10T01:27:25.447+0000] {logging_mixin.py:151} INFO - [2023-10-10T01:27:25.447+0000] {dag.py:2915} INFO - Sync 1 DAGs
[2023-10-10T01:27:25.459+0000] {logging_mixin.py:151} INFO - [2023-10-10T01:27:25.458+0000] {dag.py:3696} INFO - Setting next_dagrun for example_task_group to 2023-10-09T01:27:25.458754+00:00, run_after=2023-10-10T01:27:25.458754+00:00
[2023-10-10T01:27:25.466+0000] {processor.py:179} INFO - Processing /home/airflow/.local/lib/python3.8/site-packages/airflow/example_dags/example_task_group.py took 0.047 seconds
[2023-10-10T01:27:55.664+0000] {processor.py:157} INFO - Started process (PID=4741) to work on /home/airflow/.local/lib/python3.8/site-packages/airflow/example_dags/example_task_group.py
[2023-10-10T01:27:55.665+0000] {processor.py:829} INFO - Processing file /home/airflow/.local/lib/python3.8/site-packages/airflow/example_dags/example_task_group.py for tasks to queue
[2023-10-10T01:27:55.665+0000] {logging_mixin.py:151} INFO - [2023-10-10T01:27:55.665+0000] {dagbag.py:539} INFO - Filling up the DagBag from /home/airflow/.local/lib/python3.8/site-packages/airflow/example_dags/example_task_group.py
[2023-10-10T01:27:55.672+0000] {processor.py:839} INFO - DAG(s) dict_keys(['example_task_group']) retrieved from /home/airflow/.local/lib/python3.8/site-packages/airflow/example_dags/example_task_group.py
[2023-10-10T01:27:55.689+0000] {logging_mixin.py:151} INFO - [2023-10-10T01:27:55.689+0000] {dag.py:2915} INFO - Sync 1 DAGs
[2023-10-10T01:27:55.701+0000] {logging_mixin.py:151} INFO - [2023-10-10T01:27:55.700+0000] {dag.py:3696} INFO - Setting next_dagrun for example_task_group to 2023-10-09T01:27:55.700825+00:00, run_after=2023-10-10T01:27:55.700825+00:00
[2023-10-10T01:27:55.708+0000] {processor.py:179} INFO - Processing /home/airflow/.local/lib/python3.8/site-packages/airflow/example_dags/example_task_group.py took 0.048 seconds
[2023-10-10T01:28:25.990+0000] {processor.py:157} INFO - Started process (PID=4979) to work on /home/airflow/.local/lib/python3.8/site-packages/airflow/example_dags/example_task_group.py
[2023-10-10T01:28:25.992+0000] {processor.py:829} INFO - Processing file /home/airflow/.local/lib/python3.8/site-packages/airflow/example_dags/example_task_group.py for tasks to queue
[2023-10-10T01:28:25.992+0000] {logging_mixin.py:151} INFO - [2023-10-10T01:28:25.992+0000] {dagbag.py:539} INFO - Filling up the DagBag from /home/airflow/.local/lib/python3.8/site-packages/airflow/example_dags/example_task_group.py
[2023-10-10T01:28:25.999+0000] {processor.py:839} INFO - DAG(s) dict_keys(['example_task_group']) retrieved from /home/airflow/.local/lib/python3.8/site-packages/airflow/example_dags/example_task_group.py
[2023-10-10T01:28:26.019+0000] {logging_mixin.py:151} INFO - [2023-10-10T01:28:26.019+0000] {dag.py:2915} INFO - Sync 1 DAGs
[2023-10-10T01:28:26.031+0000] {logging_mixin.py:151} INFO - [2023-10-10T01:28:26.031+0000] {dag.py:3696} INFO - Setting next_dagrun for example_task_group to 2023-10-09T01:28:26.031234+00:00, run_after=2023-10-10T01:28:26.031234+00:00
[2023-10-10T01:28:26.039+0000] {processor.py:179} INFO - Processing /home/airflow/.local/lib/python3.8/site-packages/airflow/example_dags/example_task_group.py took 0.052 seconds
[2023-10-10T01:28:56.337+0000] {processor.py:157} INFO - Started process (PID=5217) to work on /home/airflow/.local/lib/python3.8/site-packages/airflow/example_dags/example_task_group.py
[2023-10-10T01:28:56.338+0000] {processor.py:829} INFO - Processing file /home/airflow/.local/lib/python3.8/site-packages/airflow/example_dags/example_task_group.py for tasks to queue
[2023-10-10T01:28:56.339+0000] {logging_mixin.py:151} INFO - [2023-10-10T01:28:56.339+0000] {dagbag.py:539} INFO - Filling up the DagBag from /home/airflow/.local/lib/python3.8/site-packages/airflow/example_dags/example_task_group.py
[2023-10-10T01:28:56.346+0000] {processor.py:839} INFO - DAG(s) dict_keys(['example_task_group']) retrieved from /home/airflow/.local/lib/python3.8/site-packages/airflow/example_dags/example_task_group.py
[2023-10-10T01:28:56.364+0000] {logging_mixin.py:151} INFO - [2023-10-10T01:28:56.363+0000] {dag.py:2915} INFO - Sync 1 DAGs
[2023-10-10T01:28:56.375+0000] {logging_mixin.py:151} INFO - [2023-10-10T01:28:56.375+0000] {dag.py:3696} INFO - Setting next_dagrun for example_task_group to 2023-10-09T01:28:56.375643+00:00, run_after=2023-10-10T01:28:56.375643+00:00
[2023-10-10T01:28:56.383+0000] {processor.py:179} INFO - Processing /home/airflow/.local/lib/python3.8/site-packages/airflow/example_dags/example_task_group.py took 0.050 seconds
[2023-10-10T01:29:26.539+0000] {processor.py:157} INFO - Started process (PID=5455) to work on /home/airflow/.local/lib/python3.8/site-packages/airflow/example_dags/example_task_group.py
[2023-10-10T01:29:26.541+0000] {processor.py:829} INFO - Processing file /home/airflow/.local/lib/python3.8/site-packages/airflow/example_dags/example_task_group.py for tasks to queue
[2023-10-10T01:29:26.541+0000] {logging_mixin.py:151} INFO - [2023-10-10T01:29:26.541+0000] {dagbag.py:539} INFO - Filling up the DagBag from /home/airflow/.local/lib/python3.8/site-packages/airflow/example_dags/example_task_group.py
[2023-10-10T01:29:26.548+0000] {processor.py:839} INFO - DAG(s) dict_keys(['example_task_group']) retrieved from /home/airflow/.local/lib/python3.8/site-packages/airflow/example_dags/example_task_group.py
[2023-10-10T01:29:26.564+0000] {logging_mixin.py:151} INFO - [2023-10-10T01:29:26.564+0000] {dag.py:2915} INFO - Sync 1 DAGs
[2023-10-10T01:29:26.576+0000] {logging_mixin.py:151} INFO - [2023-10-10T01:29:26.576+0000] {dag.py:3696} INFO - Setting next_dagrun for example_task_group to 2023-10-09T01:29:26.575976+00:00, run_after=2023-10-10T01:29:26.575976+00:00
[2023-10-10T01:29:26.584+0000] {processor.py:179} INFO - Processing /home/airflow/.local/lib/python3.8/site-packages/airflow/example_dags/example_task_group.py took 0.048 seconds
[2023-10-10T01:29:56.823+0000] {processor.py:157} INFO - Started process (PID=5693) to work on /home/airflow/.local/lib/python3.8/site-packages/airflow/example_dags/example_task_group.py
[2023-10-10T01:29:56.824+0000] {processor.py:829} INFO - Processing file /home/airflow/.local/lib/python3.8/site-packages/airflow/example_dags/example_task_group.py for tasks to queue
[2023-10-10T01:29:56.825+0000] {logging_mixin.py:151} INFO - [2023-10-10T01:29:56.824+0000] {dagbag.py:539} INFO - Filling up the DagBag from /home/airflow/.local/lib/python3.8/site-packages/airflow/example_dags/example_task_group.py
[2023-10-10T01:29:56.832+0000] {processor.py:839} INFO - DAG(s) dict_keys(['example_task_group']) retrieved from /home/airflow/.local/lib/python3.8/site-packages/airflow/example_dags/example_task_group.py
[2023-10-10T01:29:56.848+0000] {logging_mixin.py:151} INFO - [2023-10-10T01:29:56.848+0000] {dag.py:2915} INFO - Sync 1 DAGs
[2023-10-10T01:29:56.860+0000] {logging_mixin.py:151} INFO - [2023-10-10T01:29:56.860+0000] {dag.py:3696} INFO - Setting next_dagrun for example_task_group to 2023-10-09T01:29:56.860229+00:00, run_after=2023-10-10T01:29:56.860229+00:00
[2023-10-10T01:29:56.868+0000] {processor.py:179} INFO - Processing /home/airflow/.local/lib/python3.8/site-packages/airflow/example_dags/example_task_group.py took 0.049 seconds
[2023-10-10T01:30:27.075+0000] {processor.py:157} INFO - Started process (PID=5931) to work on /home/airflow/.local/lib/python3.8/site-packages/airflow/example_dags/example_task_group.py
[2023-10-10T01:30:27.077+0000] {processor.py:829} INFO - Processing file /home/airflow/.local/lib/python3.8/site-packages/airflow/example_dags/example_task_group.py for tasks to queue
[2023-10-10T01:30:27.078+0000] {logging_mixin.py:151} INFO - [2023-10-10T01:30:27.077+0000] {dagbag.py:539} INFO - Filling up the DagBag from /home/airflow/.local/lib/python3.8/site-packages/airflow/example_dags/example_task_group.py
[2023-10-10T01:30:27.085+0000] {processor.py:839} INFO - DAG(s) dict_keys(['example_task_group']) retrieved from /home/airflow/.local/lib/python3.8/site-packages/airflow/example_dags/example_task_group.py
[2023-10-10T01:30:27.101+0000] {logging_mixin.py:151} INFO - [2023-10-10T01:30:27.101+0000] {dag.py:2915} INFO - Sync 1 DAGs
[2023-10-10T01:30:27.112+0000] {logging_mixin.py:151} INFO - [2023-10-10T01:30:27.112+0000] {dag.py:3696} INFO - Setting next_dagrun for example_task_group to 2023-10-09T01:30:27.112352+00:00, run_after=2023-10-10T01:30:27.112352+00:00
[2023-10-10T01:30:27.120+0000] {processor.py:179} INFO - Processing /home/airflow/.local/lib/python3.8/site-packages/airflow/example_dags/example_task_group.py took 0.048 seconds
[2023-10-10T01:30:57.374+0000] {processor.py:157} INFO - Started process (PID=6170) to work on /home/airflow/.local/lib/python3.8/site-packages/airflow/example_dags/example_task_group.py
[2023-10-10T01:30:57.376+0000] {processor.py:829} INFO - Processing file /home/airflow/.local/lib/python3.8/site-packages/airflow/example_dags/example_task_group.py for tasks to queue
[2023-10-10T01:30:57.377+0000] {logging_mixin.py:151} INFO - [2023-10-10T01:30:57.376+0000] {dagbag.py:539} INFO - Filling up the DagBag from /home/airflow/.local/lib/python3.8/site-packages/airflow/example_dags/example_task_group.py
[2023-10-10T01:30:57.385+0000] {processor.py:839} INFO - DAG(s) dict_keys(['example_task_group']) retrieved from /home/airflow/.local/lib/python3.8/site-packages/airflow/example_dags/example_task_group.py
[2023-10-10T01:30:57.402+0000] {logging_mixin.py:151} INFO - [2023-10-10T01:30:57.402+0000] {dag.py:2915} INFO - Sync 1 DAGs
[2023-10-10T01:30:57.414+0000] {logging_mixin.py:151} INFO - [2023-10-10T01:30:57.414+0000] {dag.py:3696} INFO - Setting next_dagrun for example_task_group to 2023-10-09T01:30:57.414404+00:00, run_after=2023-10-10T01:30:57.414404+00:00
[2023-10-10T01:30:57.423+0000] {processor.py:179} INFO - Processing /home/airflow/.local/lib/python3.8/site-packages/airflow/example_dags/example_task_group.py took 0.053 seconds
