[2023-10-10T01:18:19.487+0000] {processor.py:157} INFO - Started process (PID=164) to work on /home/airflow/.local/lib/python3.8/site-packages/airflow/example_dags/example_dag_decorator.py
[2023-10-10T01:18:19.490+0000] {processor.py:829} INFO - Processing file /home/airflow/.local/lib/python3.8/site-packages/airflow/example_dags/example_dag_decorator.py for tasks to queue
[2023-10-10T01:18:19.496+0000] {logging_mixin.py:151} INFO - [2023-10-10T01:18:19.495+0000] {dagbag.py:539} INFO - Filling up the DagBag from /home/airflow/.local/lib/python3.8/site-packages/airflow/example_dags/example_dag_decorator.py
[2023-10-10T01:18:19.616+0000] {processor.py:839} INFO - DAG(s) dict_keys(['example_dag_decorator']) retrieved from /home/airflow/.local/lib/python3.8/site-packages/airflow/example_dags/example_dag_decorator.py
[2023-10-10T01:18:19.637+0000] {logging_mixin.py:151} INFO - [2023-10-10T01:18:19.637+0000] {dag.py:2915} INFO - Sync 1 DAGs
[2023-10-10T01:18:19.784+0000] {logging_mixin.py:151} INFO - [2023-10-10T01:18:19.784+0000] {dag.py:3696} INFO - Setting next_dagrun for example_dag_decorator to None, run_after=None
[2023-10-10T01:18:19.794+0000] {processor.py:179} INFO - Processing /home/airflow/.local/lib/python3.8/site-packages/airflow/example_dags/example_dag_decorator.py took 0.311 seconds
[2023-10-10T01:18:49.878+0000] {processor.py:157} INFO - Started process (PID=412) to work on /home/airflow/.local/lib/python3.8/site-packages/airflow/example_dags/example_dag_decorator.py
[2023-10-10T01:18:49.878+0000] {processor.py:829} INFO - Processing file /home/airflow/.local/lib/python3.8/site-packages/airflow/example_dags/example_dag_decorator.py for tasks to queue
[2023-10-10T01:18:49.879+0000] {logging_mixin.py:151} INFO - [2023-10-10T01:18:49.879+0000] {dagbag.py:539} INFO - Filling up the DagBag from /home/airflow/.local/lib/python3.8/site-packages/airflow/example_dags/example_dag_decorator.py
[2023-10-10T01:18:49.932+0000] {processor.py:839} INFO - DAG(s) dict_keys(['example_dag_decorator']) retrieved from /home/airflow/.local/lib/python3.8/site-packages/airflow/example_dags/example_dag_decorator.py
[2023-10-10T01:18:50.050+0000] {logging_mixin.py:151} INFO - [2023-10-10T01:18:50.049+0000] {security.py:708} INFO - Not syncing DAG-level permissions for DAG 'DAG:example_dag_decorator' as access control is unset.
[2023-10-10T01:18:50.050+0000] {logging_mixin.py:151} INFO - [2023-10-10T01:18:50.050+0000] {dag.py:2915} INFO - Sync 1 DAGs
[2023-10-10T01:18:50.055+0000] {logging_mixin.py:151} INFO - [2023-10-10T01:18:50.055+0000] {dag.py:3696} INFO - Setting next_dagrun for example_dag_decorator to None, run_after=None
[2023-10-10T01:18:50.063+0000] {processor.py:179} INFO - Processing /home/airflow/.local/lib/python3.8/site-packages/airflow/example_dags/example_dag_decorator.py took 0.188 seconds
[2023-10-10T01:19:20.161+0000] {processor.py:157} INFO - Started process (PID=660) to work on /home/airflow/.local/lib/python3.8/site-packages/airflow/example_dags/example_dag_decorator.py
[2023-10-10T01:19:20.161+0000] {processor.py:829} INFO - Processing file /home/airflow/.local/lib/python3.8/site-packages/airflow/example_dags/example_dag_decorator.py for tasks to queue
[2023-10-10T01:19:20.162+0000] {logging_mixin.py:151} INFO - [2023-10-10T01:19:20.162+0000] {dagbag.py:539} INFO - Filling up the DagBag from /home/airflow/.local/lib/python3.8/site-packages/airflow/example_dags/example_dag_decorator.py
[2023-10-10T01:19:20.213+0000] {processor.py:839} INFO - DAG(s) dict_keys(['example_dag_decorator']) retrieved from /home/airflow/.local/lib/python3.8/site-packages/airflow/example_dags/example_dag_decorator.py
[2023-10-10T01:19:20.274+0000] {logging_mixin.py:151} INFO - [2023-10-10T01:19:20.274+0000] {security.py:708} INFO - Not syncing DAG-level permissions for DAG 'DAG:example_dag_decorator' as access control is unset.
[2023-10-10T01:19:20.274+0000] {logging_mixin.py:151} INFO - [2023-10-10T01:19:20.274+0000] {dag.py:2915} INFO - Sync 1 DAGs
[2023-10-10T01:19:20.279+0000] {logging_mixin.py:151} INFO - [2023-10-10T01:19:20.279+0000] {dag.py:3696} INFO - Setting next_dagrun for example_dag_decorator to None, run_after=None
[2023-10-10T01:19:20.288+0000] {processor.py:179} INFO - Processing /home/airflow/.local/lib/python3.8/site-packages/airflow/example_dags/example_dag_decorator.py took 0.129 seconds
[2023-10-10T01:19:50.494+0000] {processor.py:157} INFO - Started process (PID=904) to work on /home/airflow/.local/lib/python3.8/site-packages/airflow/example_dags/example_dag_decorator.py
[2023-10-10T01:19:50.494+0000] {processor.py:829} INFO - Processing file /home/airflow/.local/lib/python3.8/site-packages/airflow/example_dags/example_dag_decorator.py for tasks to queue
[2023-10-10T01:19:50.495+0000] {logging_mixin.py:151} INFO - [2023-10-10T01:19:50.495+0000] {dagbag.py:539} INFO - Filling up the DagBag from /home/airflow/.local/lib/python3.8/site-packages/airflow/example_dags/example_dag_decorator.py
[2023-10-10T01:19:50.538+0000] {processor.py:839} INFO - DAG(s) dict_keys(['example_dag_decorator']) retrieved from /home/airflow/.local/lib/python3.8/site-packages/airflow/example_dags/example_dag_decorator.py
[2023-10-10T01:19:50.591+0000] {logging_mixin.py:151} INFO - [2023-10-10T01:19:50.591+0000] {security.py:708} INFO - Not syncing DAG-level permissions for DAG 'DAG:example_dag_decorator' as access control is unset.
[2023-10-10T01:19:50.592+0000] {logging_mixin.py:151} INFO - [2023-10-10T01:19:50.592+0000] {dag.py:2915} INFO - Sync 1 DAGs
[2023-10-10T01:19:50.598+0000] {logging_mixin.py:151} INFO - [2023-10-10T01:19:50.598+0000] {dag.py:3696} INFO - Setting next_dagrun for example_dag_decorator to None, run_after=None
[2023-10-10T01:19:50.607+0000] {processor.py:179} INFO - Processing /home/airflow/.local/lib/python3.8/site-packages/airflow/example_dags/example_dag_decorator.py took 0.115 seconds
[2023-10-10T01:20:20.764+0000] {processor.py:157} INFO - Started process (PID=1142) to work on /home/airflow/.local/lib/python3.8/site-packages/airflow/example_dags/example_dag_decorator.py
[2023-10-10T01:20:20.764+0000] {processor.py:829} INFO - Processing file /home/airflow/.local/lib/python3.8/site-packages/airflow/example_dags/example_dag_decorator.py for tasks to queue
[2023-10-10T01:20:20.765+0000] {logging_mixin.py:151} INFO - [2023-10-10T01:20:20.765+0000] {dagbag.py:539} INFO - Filling up the DagBag from /home/airflow/.local/lib/python3.8/site-packages/airflow/example_dags/example_dag_decorator.py
[2023-10-10T01:20:20.808+0000] {processor.py:839} INFO - DAG(s) dict_keys(['example_dag_decorator']) retrieved from /home/airflow/.local/lib/python3.8/site-packages/airflow/example_dags/example_dag_decorator.py
[2023-10-10T01:20:20.890+0000] {logging_mixin.py:151} INFO - [2023-10-10T01:20:20.890+0000] {security.py:708} INFO - Not syncing DAG-level permissions for DAG 'DAG:example_dag_decorator' as access control is unset.
[2023-10-10T01:20:20.891+0000] {logging_mixin.py:151} INFO - [2023-10-10T01:20:20.891+0000] {dag.py:2915} INFO - Sync 1 DAGs
[2023-10-10T01:20:20.898+0000] {logging_mixin.py:151} INFO - [2023-10-10T01:20:20.898+0000] {dag.py:3696} INFO - Setting next_dagrun for example_dag_decorator to None, run_after=None
[2023-10-10T01:20:20.907+0000] {processor.py:179} INFO - Processing /home/airflow/.local/lib/python3.8/site-packages/airflow/example_dags/example_dag_decorator.py took 0.145 seconds
[2023-10-10T01:20:50.948+0000] {processor.py:157} INFO - Started process (PID=1375) to work on /home/airflow/.local/lib/python3.8/site-packages/airflow/example_dags/example_dag_decorator.py
[2023-10-10T01:20:50.949+0000] {processor.py:829} INFO - Processing file /home/airflow/.local/lib/python3.8/site-packages/airflow/example_dags/example_dag_decorator.py for tasks to queue
[2023-10-10T01:20:50.949+0000] {logging_mixin.py:151} INFO - [2023-10-10T01:20:50.949+0000] {dagbag.py:539} INFO - Filling up the DagBag from /home/airflow/.local/lib/python3.8/site-packages/airflow/example_dags/example_dag_decorator.py
[2023-10-10T01:20:50.990+0000] {processor.py:839} INFO - DAG(s) dict_keys(['example_dag_decorator']) retrieved from /home/airflow/.local/lib/python3.8/site-packages/airflow/example_dags/example_dag_decorator.py
[2023-10-10T01:20:51.041+0000] {logging_mixin.py:151} INFO - [2023-10-10T01:20:51.041+0000] {security.py:708} INFO - Not syncing DAG-level permissions for DAG 'DAG:example_dag_decorator' as access control is unset.
[2023-10-10T01:20:51.041+0000] {logging_mixin.py:151} INFO - [2023-10-10T01:20:51.041+0000] {dag.py:2915} INFO - Sync 1 DAGs
[2023-10-10T01:20:51.045+0000] {logging_mixin.py:151} INFO - [2023-10-10T01:20:51.045+0000] {dag.py:3696} INFO - Setting next_dagrun for example_dag_decorator to None, run_after=None
[2023-10-10T01:20:51.053+0000] {processor.py:179} INFO - Processing /home/airflow/.local/lib/python3.8/site-packages/airflow/example_dags/example_dag_decorator.py took 0.107 seconds
[2023-10-10T01:21:21.187+0000] {processor.py:157} INFO - Started process (PID=1613) to work on /home/airflow/.local/lib/python3.8/site-packages/airflow/example_dags/example_dag_decorator.py
[2023-10-10T01:21:21.188+0000] {processor.py:829} INFO - Processing file /home/airflow/.local/lib/python3.8/site-packages/airflow/example_dags/example_dag_decorator.py for tasks to queue
[2023-10-10T01:21:21.188+0000] {logging_mixin.py:151} INFO - [2023-10-10T01:21:21.188+0000] {dagbag.py:539} INFO - Filling up the DagBag from /home/airflow/.local/lib/python3.8/site-packages/airflow/example_dags/example_dag_decorator.py
[2023-10-10T01:21:21.231+0000] {processor.py:839} INFO - DAG(s) dict_keys(['example_dag_decorator']) retrieved from /home/airflow/.local/lib/python3.8/site-packages/airflow/example_dags/example_dag_decorator.py
[2023-10-10T01:21:21.285+0000] {logging_mixin.py:151} INFO - [2023-10-10T01:21:21.285+0000] {security.py:708} INFO - Not syncing DAG-level permissions for DAG 'DAG:example_dag_decorator' as access control is unset.
[2023-10-10T01:21:21.285+0000] {logging_mixin.py:151} INFO - [2023-10-10T01:21:21.285+0000] {dag.py:2915} INFO - Sync 1 DAGs
[2023-10-10T01:21:21.290+0000] {logging_mixin.py:151} INFO - [2023-10-10T01:21:21.290+0000] {dag.py:3696} INFO - Setting next_dagrun for example_dag_decorator to None, run_after=None
[2023-10-10T01:21:21.298+0000] {processor.py:179} INFO - Processing /home/airflow/.local/lib/python3.8/site-packages/airflow/example_dags/example_dag_decorator.py took 0.113 seconds
[2023-10-10T01:21:51.414+0000] {processor.py:157} INFO - Started process (PID=1851) to work on /home/airflow/.local/lib/python3.8/site-packages/airflow/example_dags/example_dag_decorator.py
[2023-10-10T01:21:51.415+0000] {processor.py:829} INFO - Processing file /home/airflow/.local/lib/python3.8/site-packages/airflow/example_dags/example_dag_decorator.py for tasks to queue
[2023-10-10T01:21:51.416+0000] {logging_mixin.py:151} INFO - [2023-10-10T01:21:51.415+0000] {dagbag.py:539} INFO - Filling up the DagBag from /home/airflow/.local/lib/python3.8/site-packages/airflow/example_dags/example_dag_decorator.py
[2023-10-10T01:21:51.459+0000] {processor.py:839} INFO - DAG(s) dict_keys(['example_dag_decorator']) retrieved from /home/airflow/.local/lib/python3.8/site-packages/airflow/example_dags/example_dag_decorator.py
[2023-10-10T01:21:51.511+0000] {logging_mixin.py:151} INFO - [2023-10-10T01:21:51.510+0000] {security.py:708} INFO - Not syncing DAG-level permissions for DAG 'DAG:example_dag_decorator' as access control is unset.
[2023-10-10T01:21:51.511+0000] {logging_mixin.py:151} INFO - [2023-10-10T01:21:51.511+0000] {dag.py:2915} INFO - Sync 1 DAGs
[2023-10-10T01:21:51.515+0000] {logging_mixin.py:151} INFO - [2023-10-10T01:21:51.515+0000] {dag.py:3696} INFO - Setting next_dagrun for example_dag_decorator to None, run_after=None
[2023-10-10T01:21:51.523+0000] {processor.py:179} INFO - Processing /home/airflow/.local/lib/python3.8/site-packages/airflow/example_dags/example_dag_decorator.py took 0.111 seconds
[2023-10-10T01:22:21.634+0000] {processor.py:157} INFO - Started process (PID=2089) to work on /home/airflow/.local/lib/python3.8/site-packages/airflow/example_dags/example_dag_decorator.py
[2023-10-10T01:22:21.635+0000] {processor.py:829} INFO - Processing file /home/airflow/.local/lib/python3.8/site-packages/airflow/example_dags/example_dag_decorator.py for tasks to queue
[2023-10-10T01:22:21.636+0000] {logging_mixin.py:151} INFO - [2023-10-10T01:22:21.636+0000] {dagbag.py:539} INFO - Filling up the DagBag from /home/airflow/.local/lib/python3.8/site-packages/airflow/example_dags/example_dag_decorator.py
[2023-10-10T01:22:21.680+0000] {processor.py:839} INFO - DAG(s) dict_keys(['example_dag_decorator']) retrieved from /home/airflow/.local/lib/python3.8/site-packages/airflow/example_dags/example_dag_decorator.py
[2023-10-10T01:22:21.740+0000] {logging_mixin.py:151} INFO - [2023-10-10T01:22:21.739+0000] {security.py:708} INFO - Not syncing DAG-level permissions for DAG 'DAG:example_dag_decorator' as access control is unset.
[2023-10-10T01:22:21.740+0000] {logging_mixin.py:151} INFO - [2023-10-10T01:22:21.740+0000] {dag.py:2915} INFO - Sync 1 DAGs
[2023-10-10T01:22:21.744+0000] {logging_mixin.py:151} INFO - [2023-10-10T01:22:21.744+0000] {dag.py:3696} INFO - Setting next_dagrun for example_dag_decorator to None, run_after=None
[2023-10-10T01:22:21.753+0000] {processor.py:179} INFO - Processing /home/airflow/.local/lib/python3.8/site-packages/airflow/example_dags/example_dag_decorator.py took 0.120 seconds
[2023-10-10T01:22:51.837+0000] {processor.py:157} INFO - Started process (PID=2328) to work on /home/airflow/.local/lib/python3.8/site-packages/airflow/example_dags/example_dag_decorator.py
[2023-10-10T01:22:51.838+0000] {processor.py:829} INFO - Processing file /home/airflow/.local/lib/python3.8/site-packages/airflow/example_dags/example_dag_decorator.py for tasks to queue
[2023-10-10T01:22:51.839+0000] {logging_mixin.py:151} INFO - [2023-10-10T01:22:51.838+0000] {dagbag.py:539} INFO - Filling up the DagBag from /home/airflow/.local/lib/python3.8/site-packages/airflow/example_dags/example_dag_decorator.py
[2023-10-10T01:22:51.882+0000] {processor.py:839} INFO - DAG(s) dict_keys(['example_dag_decorator']) retrieved from /home/airflow/.local/lib/python3.8/site-packages/airflow/example_dags/example_dag_decorator.py
[2023-10-10T01:22:51.941+0000] {logging_mixin.py:151} INFO - [2023-10-10T01:22:51.941+0000] {security.py:708} INFO - Not syncing DAG-level permissions for DAG 'DAG:example_dag_decorator' as access control is unset.
[2023-10-10T01:22:51.941+0000] {logging_mixin.py:151} INFO - [2023-10-10T01:22:51.941+0000] {dag.py:2915} INFO - Sync 1 DAGs
[2023-10-10T01:22:51.947+0000] {logging_mixin.py:151} INFO - [2023-10-10T01:22:51.947+0000] {dag.py:3696} INFO - Setting next_dagrun for example_dag_decorator to None, run_after=None
[2023-10-10T01:22:51.954+0000] {processor.py:179} INFO - Processing /home/airflow/.local/lib/python3.8/site-packages/airflow/example_dags/example_dag_decorator.py took 0.119 seconds
[2023-10-10T01:23:22.195+0000] {processor.py:157} INFO - Started process (PID=2571) to work on /home/airflow/.local/lib/python3.8/site-packages/airflow/example_dags/example_dag_decorator.py
[2023-10-10T01:23:22.196+0000] {processor.py:829} INFO - Processing file /home/airflow/.local/lib/python3.8/site-packages/airflow/example_dags/example_dag_decorator.py for tasks to queue
[2023-10-10T01:23:22.196+0000] {logging_mixin.py:151} INFO - [2023-10-10T01:23:22.196+0000] {dagbag.py:539} INFO - Filling up the DagBag from /home/airflow/.local/lib/python3.8/site-packages/airflow/example_dags/example_dag_decorator.py
[2023-10-10T01:23:22.240+0000] {processor.py:839} INFO - DAG(s) dict_keys(['example_dag_decorator']) retrieved from /home/airflow/.local/lib/python3.8/site-packages/airflow/example_dags/example_dag_decorator.py
[2023-10-10T01:23:22.301+0000] {logging_mixin.py:151} INFO - [2023-10-10T01:23:22.301+0000] {security.py:708} INFO - Not syncing DAG-level permissions for DAG 'DAG:example_dag_decorator' as access control is unset.
[2023-10-10T01:23:22.301+0000] {logging_mixin.py:151} INFO - [2023-10-10T01:23:22.301+0000] {dag.py:2915} INFO - Sync 1 DAGs
[2023-10-10T01:23:22.307+0000] {logging_mixin.py:151} INFO - [2023-10-10T01:23:22.307+0000] {dag.py:3696} INFO - Setting next_dagrun for example_dag_decorator to None, run_after=None
[2023-10-10T01:23:22.315+0000] {processor.py:179} INFO - Processing /home/airflow/.local/lib/python3.8/site-packages/airflow/example_dags/example_dag_decorator.py took 0.123 seconds
[2023-10-10T01:23:52.518+0000] {processor.py:157} INFO - Started process (PID=2808) to work on /home/airflow/.local/lib/python3.8/site-packages/airflow/example_dags/example_dag_decorator.py
[2023-10-10T01:23:52.519+0000] {processor.py:829} INFO - Processing file /home/airflow/.local/lib/python3.8/site-packages/airflow/example_dags/example_dag_decorator.py for tasks to queue
[2023-10-10T01:23:52.519+0000] {logging_mixin.py:151} INFO - [2023-10-10T01:23:52.519+0000] {dagbag.py:539} INFO - Filling up the DagBag from /home/airflow/.local/lib/python3.8/site-packages/airflow/example_dags/example_dag_decorator.py
[2023-10-10T01:23:52.560+0000] {processor.py:839} INFO - DAG(s) dict_keys(['example_dag_decorator']) retrieved from /home/airflow/.local/lib/python3.8/site-packages/airflow/example_dags/example_dag_decorator.py
[2023-10-10T01:23:52.618+0000] {logging_mixin.py:151} INFO - [2023-10-10T01:23:52.618+0000] {security.py:708} INFO - Not syncing DAG-level permissions for DAG 'DAG:example_dag_decorator' as access control is unset.
[2023-10-10T01:23:52.618+0000] {logging_mixin.py:151} INFO - [2023-10-10T01:23:52.618+0000] {dag.py:2915} INFO - Sync 1 DAGs
[2023-10-10T01:23:52.624+0000] {logging_mixin.py:151} INFO - [2023-10-10T01:23:52.624+0000] {dag.py:3696} INFO - Setting next_dagrun for example_dag_decorator to None, run_after=None
[2023-10-10T01:23:52.632+0000] {processor.py:179} INFO - Processing /home/airflow/.local/lib/python3.8/site-packages/airflow/example_dags/example_dag_decorator.py took 0.116 seconds
[2023-10-10T01:24:22.704+0000] {processor.py:157} INFO - Started process (PID=3036) to work on /home/airflow/.local/lib/python3.8/site-packages/airflow/example_dags/example_dag_decorator.py
[2023-10-10T01:24:22.705+0000] {processor.py:829} INFO - Processing file /home/airflow/.local/lib/python3.8/site-packages/airflow/example_dags/example_dag_decorator.py for tasks to queue
[2023-10-10T01:24:22.706+0000] {logging_mixin.py:151} INFO - [2023-10-10T01:24:22.705+0000] {dagbag.py:539} INFO - Filling up the DagBag from /home/airflow/.local/lib/python3.8/site-packages/airflow/example_dags/example_dag_decorator.py
[2023-10-10T01:24:22.747+0000] {processor.py:839} INFO - DAG(s) dict_keys(['example_dag_decorator']) retrieved from /home/airflow/.local/lib/python3.8/site-packages/airflow/example_dags/example_dag_decorator.py
[2023-10-10T01:24:22.807+0000] {logging_mixin.py:151} INFO - [2023-10-10T01:24:22.807+0000] {security.py:708} INFO - Not syncing DAG-level permissions for DAG 'DAG:example_dag_decorator' as access control is unset.
[2023-10-10T01:24:22.807+0000] {logging_mixin.py:151} INFO - [2023-10-10T01:24:22.807+0000] {dag.py:2915} INFO - Sync 1 DAGs
[2023-10-10T01:24:22.816+0000] {logging_mixin.py:151} INFO - [2023-10-10T01:24:22.816+0000] {dag.py:3696} INFO - Setting next_dagrun for example_dag_decorator to None, run_after=None
[2023-10-10T01:24:22.825+0000] {processor.py:179} INFO - Processing /home/airflow/.local/lib/python3.8/site-packages/airflow/example_dags/example_dag_decorator.py took 0.122 seconds
[2023-10-10T01:24:52.958+0000] {processor.py:157} INFO - Started process (PID=3274) to work on /home/airflow/.local/lib/python3.8/site-packages/airflow/example_dags/example_dag_decorator.py
[2023-10-10T01:24:52.959+0000] {processor.py:829} INFO - Processing file /home/airflow/.local/lib/python3.8/site-packages/airflow/example_dags/example_dag_decorator.py for tasks to queue
[2023-10-10T01:24:52.960+0000] {logging_mixin.py:151} INFO - [2023-10-10T01:24:52.960+0000] {dagbag.py:539} INFO - Filling up the DagBag from /home/airflow/.local/lib/python3.8/site-packages/airflow/example_dags/example_dag_decorator.py
[2023-10-10T01:24:52.999+0000] {processor.py:839} INFO - DAG(s) dict_keys(['example_dag_decorator']) retrieved from /home/airflow/.local/lib/python3.8/site-packages/airflow/example_dags/example_dag_decorator.py
[2023-10-10T01:24:53.063+0000] {logging_mixin.py:151} INFO - [2023-10-10T01:24:53.063+0000] {security.py:708} INFO - Not syncing DAG-level permissions for DAG 'DAG:example_dag_decorator' as access control is unset.
[2023-10-10T01:24:53.063+0000] {logging_mixin.py:151} INFO - [2023-10-10T01:24:53.063+0000] {dag.py:2915} INFO - Sync 1 DAGs
[2023-10-10T01:24:53.068+0000] {logging_mixin.py:151} INFO - [2023-10-10T01:24:53.068+0000] {dag.py:3696} INFO - Setting next_dagrun for example_dag_decorator to None, run_after=None
[2023-10-10T01:24:53.076+0000] {processor.py:179} INFO - Processing /home/airflow/.local/lib/python3.8/site-packages/airflow/example_dags/example_dag_decorator.py took 0.121 seconds
[2023-10-10T01:25:23.106+0000] {processor.py:157} INFO - Started process (PID=3507) to work on /home/airflow/.local/lib/python3.8/site-packages/airflow/example_dags/example_dag_decorator.py
[2023-10-10T01:25:23.107+0000] {processor.py:829} INFO - Processing file /home/airflow/.local/lib/python3.8/site-packages/airflow/example_dags/example_dag_decorator.py for tasks to queue
[2023-10-10T01:25:23.107+0000] {logging_mixin.py:151} INFO - [2023-10-10T01:25:23.107+0000] {dagbag.py:539} INFO - Filling up the DagBag from /home/airflow/.local/lib/python3.8/site-packages/airflow/example_dags/example_dag_decorator.py
[2023-10-10T01:25:23.145+0000] {processor.py:839} INFO - DAG(s) dict_keys(['example_dag_decorator']) retrieved from /home/airflow/.local/lib/python3.8/site-packages/airflow/example_dags/example_dag_decorator.py
[2023-10-10T01:25:23.202+0000] {logging_mixin.py:151} INFO - [2023-10-10T01:25:23.202+0000] {security.py:708} INFO - Not syncing DAG-level permissions for DAG 'DAG:example_dag_decorator' as access control is unset.
[2023-10-10T01:25:23.203+0000] {logging_mixin.py:151} INFO - [2023-10-10T01:25:23.203+0000] {dag.py:2915} INFO - Sync 1 DAGs
[2023-10-10T01:25:23.207+0000] {logging_mixin.py:151} INFO - [2023-10-10T01:25:23.207+0000] {dag.py:3696} INFO - Setting next_dagrun for example_dag_decorator to None, run_after=None
[2023-10-10T01:25:23.214+0000] {processor.py:179} INFO - Processing /home/airflow/.local/lib/python3.8/site-packages/airflow/example_dags/example_dag_decorator.py took 0.111 seconds
[2023-10-10T01:25:53.397+0000] {processor.py:157} INFO - Started process (PID=3745) to work on /home/airflow/.local/lib/python3.8/site-packages/airflow/example_dags/example_dag_decorator.py
[2023-10-10T01:25:53.398+0000] {processor.py:829} INFO - Processing file /home/airflow/.local/lib/python3.8/site-packages/airflow/example_dags/example_dag_decorator.py for tasks to queue
[2023-10-10T01:25:53.398+0000] {logging_mixin.py:151} INFO - [2023-10-10T01:25:53.398+0000] {dagbag.py:539} INFO - Filling up the DagBag from /home/airflow/.local/lib/python3.8/site-packages/airflow/example_dags/example_dag_decorator.py
[2023-10-10T01:25:53.437+0000] {processor.py:839} INFO - DAG(s) dict_keys(['example_dag_decorator']) retrieved from /home/airflow/.local/lib/python3.8/site-packages/airflow/example_dags/example_dag_decorator.py
[2023-10-10T01:25:53.485+0000] {logging_mixin.py:151} INFO - [2023-10-10T01:25:53.485+0000] {security.py:708} INFO - Not syncing DAG-level permissions for DAG 'DAG:example_dag_decorator' as access control is unset.
[2023-10-10T01:25:53.485+0000] {logging_mixin.py:151} INFO - [2023-10-10T01:25:53.485+0000] {dag.py:2915} INFO - Sync 1 DAGs
[2023-10-10T01:25:53.490+0000] {logging_mixin.py:151} INFO - [2023-10-10T01:25:53.490+0000] {dag.py:3696} INFO - Setting next_dagrun for example_dag_decorator to None, run_after=None
[2023-10-10T01:25:53.497+0000] {processor.py:179} INFO - Processing /home/airflow/.local/lib/python3.8/site-packages/airflow/example_dags/example_dag_decorator.py took 0.102 seconds
[2023-10-10T01:26:23.631+0000] {processor.py:157} INFO - Started process (PID=3984) to work on /home/airflow/.local/lib/python3.8/site-packages/airflow/example_dags/example_dag_decorator.py
[2023-10-10T01:26:23.632+0000] {processor.py:829} INFO - Processing file /home/airflow/.local/lib/python3.8/site-packages/airflow/example_dags/example_dag_decorator.py for tasks to queue
[2023-10-10T01:26:23.632+0000] {logging_mixin.py:151} INFO - [2023-10-10T01:26:23.632+0000] {dagbag.py:539} INFO - Filling up the DagBag from /home/airflow/.local/lib/python3.8/site-packages/airflow/example_dags/example_dag_decorator.py
[2023-10-10T01:26:23.674+0000] {processor.py:839} INFO - DAG(s) dict_keys(['example_dag_decorator']) retrieved from /home/airflow/.local/lib/python3.8/site-packages/airflow/example_dags/example_dag_decorator.py
[2023-10-10T01:26:23.721+0000] {logging_mixin.py:151} INFO - [2023-10-10T01:26:23.721+0000] {security.py:708} INFO - Not syncing DAG-level permissions for DAG 'DAG:example_dag_decorator' as access control is unset.
[2023-10-10T01:26:23.721+0000] {logging_mixin.py:151} INFO - [2023-10-10T01:26:23.721+0000] {dag.py:2915} INFO - Sync 1 DAGs
[2023-10-10T01:26:23.726+0000] {logging_mixin.py:151} INFO - [2023-10-10T01:26:23.725+0000] {dag.py:3696} INFO - Setting next_dagrun for example_dag_decorator to None, run_after=None
[2023-10-10T01:26:23.734+0000] {processor.py:179} INFO - Processing /home/airflow/.local/lib/python3.8/site-packages/airflow/example_dags/example_dag_decorator.py took 0.105 seconds
[2023-10-10T01:26:53.873+0000] {processor.py:157} INFO - Started process (PID=4222) to work on /home/airflow/.local/lib/python3.8/site-packages/airflow/example_dags/example_dag_decorator.py
[2023-10-10T01:26:53.874+0000] {processor.py:829} INFO - Processing file /home/airflow/.local/lib/python3.8/site-packages/airflow/example_dags/example_dag_decorator.py for tasks to queue
[2023-10-10T01:26:53.875+0000] {logging_mixin.py:151} INFO - [2023-10-10T01:26:53.874+0000] {dagbag.py:539} INFO - Filling up the DagBag from /home/airflow/.local/lib/python3.8/site-packages/airflow/example_dags/example_dag_decorator.py
[2023-10-10T01:26:53.916+0000] {processor.py:839} INFO - DAG(s) dict_keys(['example_dag_decorator']) retrieved from /home/airflow/.local/lib/python3.8/site-packages/airflow/example_dags/example_dag_decorator.py
[2023-10-10T01:26:53.972+0000] {logging_mixin.py:151} INFO - [2023-10-10T01:26:53.972+0000] {security.py:708} INFO - Not syncing DAG-level permissions for DAG 'DAG:example_dag_decorator' as access control is unset.
[2023-10-10T01:26:53.972+0000] {logging_mixin.py:151} INFO - [2023-10-10T01:26:53.972+0000] {dag.py:2915} INFO - Sync 1 DAGs
[2023-10-10T01:26:53.978+0000] {logging_mixin.py:151} INFO - [2023-10-10T01:26:53.978+0000] {dag.py:3696} INFO - Setting next_dagrun for example_dag_decorator to None, run_after=None
[2023-10-10T01:26:53.989+0000] {processor.py:179} INFO - Processing /home/airflow/.local/lib/python3.8/site-packages/airflow/example_dags/example_dag_decorator.py took 0.119 seconds
[2023-10-10T01:27:24.054+0000] {processor.py:157} INFO - Started process (PID=4460) to work on /home/airflow/.local/lib/python3.8/site-packages/airflow/example_dags/example_dag_decorator.py
[2023-10-10T01:27:24.055+0000] {processor.py:829} INFO - Processing file /home/airflow/.local/lib/python3.8/site-packages/airflow/example_dags/example_dag_decorator.py for tasks to queue
[2023-10-10T01:27:24.055+0000] {logging_mixin.py:151} INFO - [2023-10-10T01:27:24.055+0000] {dagbag.py:539} INFO - Filling up the DagBag from /home/airflow/.local/lib/python3.8/site-packages/airflow/example_dags/example_dag_decorator.py
[2023-10-10T01:27:24.095+0000] {processor.py:839} INFO - DAG(s) dict_keys(['example_dag_decorator']) retrieved from /home/airflow/.local/lib/python3.8/site-packages/airflow/example_dags/example_dag_decorator.py
[2023-10-10T01:27:24.147+0000] {logging_mixin.py:151} INFO - [2023-10-10T01:27:24.147+0000] {security.py:708} INFO - Not syncing DAG-level permissions for DAG 'DAG:example_dag_decorator' as access control is unset.
[2023-10-10T01:27:24.148+0000] {logging_mixin.py:151} INFO - [2023-10-10T01:27:24.148+0000] {dag.py:2915} INFO - Sync 1 DAGs
[2023-10-10T01:27:24.152+0000] {logging_mixin.py:151} INFO - [2023-10-10T01:27:24.152+0000] {dag.py:3696} INFO - Setting next_dagrun for example_dag_decorator to None, run_after=None
[2023-10-10T01:27:24.161+0000] {processor.py:179} INFO - Processing /home/airflow/.local/lib/python3.8/site-packages/airflow/example_dags/example_dag_decorator.py took 0.109 seconds
[2023-10-10T01:27:54.296+0000] {processor.py:157} INFO - Started process (PID=4698) to work on /home/airflow/.local/lib/python3.8/site-packages/airflow/example_dags/example_dag_decorator.py
[2023-10-10T01:27:54.297+0000] {processor.py:829} INFO - Processing file /home/airflow/.local/lib/python3.8/site-packages/airflow/example_dags/example_dag_decorator.py for tasks to queue
[2023-10-10T01:27:54.297+0000] {logging_mixin.py:151} INFO - [2023-10-10T01:27:54.297+0000] {dagbag.py:539} INFO - Filling up the DagBag from /home/airflow/.local/lib/python3.8/site-packages/airflow/example_dags/example_dag_decorator.py
[2023-10-10T01:27:54.333+0000] {processor.py:839} INFO - DAG(s) dict_keys(['example_dag_decorator']) retrieved from /home/airflow/.local/lib/python3.8/site-packages/airflow/example_dags/example_dag_decorator.py
[2023-10-10T01:27:54.386+0000] {logging_mixin.py:151} INFO - [2023-10-10T01:27:54.386+0000] {security.py:708} INFO - Not syncing DAG-level permissions for DAG 'DAG:example_dag_decorator' as access control is unset.
[2023-10-10T01:27:54.386+0000] {logging_mixin.py:151} INFO - [2023-10-10T01:27:54.386+0000] {dag.py:2915} INFO - Sync 1 DAGs
[2023-10-10T01:27:54.392+0000] {logging_mixin.py:151} INFO - [2023-10-10T01:27:54.392+0000] {dag.py:3696} INFO - Setting next_dagrun for example_dag_decorator to None, run_after=None
[2023-10-10T01:27:54.400+0000] {processor.py:179} INFO - Processing /home/airflow/.local/lib/python3.8/site-packages/airflow/example_dags/example_dag_decorator.py took 0.106 seconds
[2023-10-10T01:28:24.610+0000] {processor.py:157} INFO - Started process (PID=4926) to work on /home/airflow/.local/lib/python3.8/site-packages/airflow/example_dags/example_dag_decorator.py
[2023-10-10T01:28:24.616+0000] {processor.py:829} INFO - Processing file /home/airflow/.local/lib/python3.8/site-packages/airflow/example_dags/example_dag_decorator.py for tasks to queue
[2023-10-10T01:28:24.619+0000] {logging_mixin.py:151} INFO - [2023-10-10T01:28:24.618+0000] {dagbag.py:539} INFO - Filling up the DagBag from /home/airflow/.local/lib/python3.8/site-packages/airflow/example_dags/example_dag_decorator.py
[2023-10-10T01:28:24.694+0000] {processor.py:839} INFO - DAG(s) dict_keys(['example_dag_decorator']) retrieved from /home/airflow/.local/lib/python3.8/site-packages/airflow/example_dags/example_dag_decorator.py
[2023-10-10T01:28:24.755+0000] {logging_mixin.py:151} INFO - [2023-10-10T01:28:24.755+0000] {security.py:708} INFO - Not syncing DAG-level permissions for DAG 'DAG:example_dag_decorator' as access control is unset.
[2023-10-10T01:28:24.755+0000] {logging_mixin.py:151} INFO - [2023-10-10T01:28:24.755+0000] {dag.py:2915} INFO - Sync 1 DAGs
[2023-10-10T01:28:24.761+0000] {logging_mixin.py:151} INFO - [2023-10-10T01:28:24.761+0000] {dag.py:3696} INFO - Setting next_dagrun for example_dag_decorator to None, run_after=None
[2023-10-10T01:28:24.769+0000] {processor.py:179} INFO - Processing /home/airflow/.local/lib/python3.8/site-packages/airflow/example_dags/example_dag_decorator.py took 0.166 seconds
[2023-10-10T01:28:54.916+0000] {processor.py:157} INFO - Started process (PID=5164) to work on /home/airflow/.local/lib/python3.8/site-packages/airflow/example_dags/example_dag_decorator.py
[2023-10-10T01:28:54.919+0000] {processor.py:829} INFO - Processing file /home/airflow/.local/lib/python3.8/site-packages/airflow/example_dags/example_dag_decorator.py for tasks to queue
[2023-10-10T01:28:54.920+0000] {logging_mixin.py:151} INFO - [2023-10-10T01:28:54.919+0000] {dagbag.py:539} INFO - Filling up the DagBag from /home/airflow/.local/lib/python3.8/site-packages/airflow/example_dags/example_dag_decorator.py
[2023-10-10T01:28:54.986+0000] {processor.py:839} INFO - DAG(s) dict_keys(['example_dag_decorator']) retrieved from /home/airflow/.local/lib/python3.8/site-packages/airflow/example_dags/example_dag_decorator.py
[2023-10-10T01:28:55.048+0000] {logging_mixin.py:151} INFO - [2023-10-10T01:28:55.048+0000] {security.py:708} INFO - Not syncing DAG-level permissions for DAG 'DAG:example_dag_decorator' as access control is unset.
[2023-10-10T01:28:55.049+0000] {logging_mixin.py:151} INFO - [2023-10-10T01:28:55.049+0000] {dag.py:2915} INFO - Sync 1 DAGs
[2023-10-10T01:28:55.054+0000] {logging_mixin.py:151} INFO - [2023-10-10T01:28:55.054+0000] {dag.py:3696} INFO - Setting next_dagrun for example_dag_decorator to None, run_after=None
[2023-10-10T01:28:55.062+0000] {processor.py:179} INFO - Processing /home/airflow/.local/lib/python3.8/site-packages/airflow/example_dags/example_dag_decorator.py took 0.158 seconds
[2023-10-10T01:29:25.194+0000] {processor.py:157} INFO - Started process (PID=5407) to work on /home/airflow/.local/lib/python3.8/site-packages/airflow/example_dags/example_dag_decorator.py
[2023-10-10T01:29:25.195+0000] {processor.py:829} INFO - Processing file /home/airflow/.local/lib/python3.8/site-packages/airflow/example_dags/example_dag_decorator.py for tasks to queue
[2023-10-10T01:29:25.196+0000] {logging_mixin.py:151} INFO - [2023-10-10T01:29:25.195+0000] {dagbag.py:539} INFO - Filling up the DagBag from /home/airflow/.local/lib/python3.8/site-packages/airflow/example_dags/example_dag_decorator.py
[2023-10-10T01:29:25.250+0000] {processor.py:839} INFO - DAG(s) dict_keys(['example_dag_decorator']) retrieved from /home/airflow/.local/lib/python3.8/site-packages/airflow/example_dags/example_dag_decorator.py
[2023-10-10T01:29:25.314+0000] {logging_mixin.py:151} INFO - [2023-10-10T01:29:25.314+0000] {security.py:708} INFO - Not syncing DAG-level permissions for DAG 'DAG:example_dag_decorator' as access control is unset.
[2023-10-10T01:29:25.314+0000] {logging_mixin.py:151} INFO - [2023-10-10T01:29:25.314+0000] {dag.py:2915} INFO - Sync 1 DAGs
[2023-10-10T01:29:25.320+0000] {logging_mixin.py:151} INFO - [2023-10-10T01:29:25.320+0000] {dag.py:3696} INFO - Setting next_dagrun for example_dag_decorator to None, run_after=None
[2023-10-10T01:29:25.329+0000] {processor.py:179} INFO - Processing /home/airflow/.local/lib/python3.8/site-packages/airflow/example_dags/example_dag_decorator.py took 0.137 seconds
[2023-10-10T01:29:55.446+0000] {processor.py:157} INFO - Started process (PID=5650) to work on /home/airflow/.local/lib/python3.8/site-packages/airflow/example_dags/example_dag_decorator.py
[2023-10-10T01:29:55.448+0000] {processor.py:829} INFO - Processing file /home/airflow/.local/lib/python3.8/site-packages/airflow/example_dags/example_dag_decorator.py for tasks to queue
[2023-10-10T01:29:55.449+0000] {logging_mixin.py:151} INFO - [2023-10-10T01:29:55.449+0000] {dagbag.py:539} INFO - Filling up the DagBag from /home/airflow/.local/lib/python3.8/site-packages/airflow/example_dags/example_dag_decorator.py
[2023-10-10T01:29:55.487+0000] {processor.py:839} INFO - DAG(s) dict_keys(['example_dag_decorator']) retrieved from /home/airflow/.local/lib/python3.8/site-packages/airflow/example_dags/example_dag_decorator.py
[2023-10-10T01:29:55.540+0000] {logging_mixin.py:151} INFO - [2023-10-10T01:29:55.540+0000] {security.py:708} INFO - Not syncing DAG-level permissions for DAG 'DAG:example_dag_decorator' as access control is unset.
[2023-10-10T01:29:55.540+0000] {logging_mixin.py:151} INFO - [2023-10-10T01:29:55.540+0000] {dag.py:2915} INFO - Sync 1 DAGs
[2023-10-10T01:29:55.545+0000] {logging_mixin.py:151} INFO - [2023-10-10T01:29:55.545+0000] {dag.py:3696} INFO - Setting next_dagrun for example_dag_decorator to None, run_after=None
[2023-10-10T01:29:55.553+0000] {processor.py:179} INFO - Processing /home/airflow/.local/lib/python3.8/site-packages/airflow/example_dags/example_dag_decorator.py took 0.109 seconds
[2023-10-10T01:30:25.693+0000] {processor.py:157} INFO - Started process (PID=5888) to work on /home/airflow/.local/lib/python3.8/site-packages/airflow/example_dags/example_dag_decorator.py
[2023-10-10T01:30:25.694+0000] {processor.py:829} INFO - Processing file /home/airflow/.local/lib/python3.8/site-packages/airflow/example_dags/example_dag_decorator.py for tasks to queue
[2023-10-10T01:30:25.695+0000] {logging_mixin.py:151} INFO - [2023-10-10T01:30:25.694+0000] {dagbag.py:539} INFO - Filling up the DagBag from /home/airflow/.local/lib/python3.8/site-packages/airflow/example_dags/example_dag_decorator.py
[2023-10-10T01:30:25.734+0000] {processor.py:839} INFO - DAG(s) dict_keys(['example_dag_decorator']) retrieved from /home/airflow/.local/lib/python3.8/site-packages/airflow/example_dags/example_dag_decorator.py
[2023-10-10T01:30:25.782+0000] {logging_mixin.py:151} INFO - [2023-10-10T01:30:25.782+0000] {security.py:708} INFO - Not syncing DAG-level permissions for DAG 'DAG:example_dag_decorator' as access control is unset.
[2023-10-10T01:30:25.782+0000] {logging_mixin.py:151} INFO - [2023-10-10T01:30:25.782+0000] {dag.py:2915} INFO - Sync 1 DAGs
[2023-10-10T01:30:25.787+0000] {logging_mixin.py:151} INFO - [2023-10-10T01:30:25.787+0000] {dag.py:3696} INFO - Setting next_dagrun for example_dag_decorator to None, run_after=None
[2023-10-10T01:30:25.794+0000] {processor.py:179} INFO - Processing /home/airflow/.local/lib/python3.8/site-packages/airflow/example_dags/example_dag_decorator.py took 0.103 seconds
[2023-10-10T01:30:56.009+0000] {processor.py:157} INFO - Started process (PID=6127) to work on /home/airflow/.local/lib/python3.8/site-packages/airflow/example_dags/example_dag_decorator.py
[2023-10-10T01:30:56.010+0000] {processor.py:829} INFO - Processing file /home/airflow/.local/lib/python3.8/site-packages/airflow/example_dags/example_dag_decorator.py for tasks to queue
[2023-10-10T01:30:56.011+0000] {logging_mixin.py:151} INFO - [2023-10-10T01:30:56.011+0000] {dagbag.py:539} INFO - Filling up the DagBag from /home/airflow/.local/lib/python3.8/site-packages/airflow/example_dags/example_dag_decorator.py
[2023-10-10T01:30:56.053+0000] {processor.py:839} INFO - DAG(s) dict_keys(['example_dag_decorator']) retrieved from /home/airflow/.local/lib/python3.8/site-packages/airflow/example_dags/example_dag_decorator.py
[2023-10-10T01:30:56.114+0000] {logging_mixin.py:151} INFO - [2023-10-10T01:30:56.114+0000] {security.py:708} INFO - Not syncing DAG-level permissions for DAG 'DAG:example_dag_decorator' as access control is unset.
[2023-10-10T01:30:56.115+0000] {logging_mixin.py:151} INFO - [2023-10-10T01:30:56.115+0000] {dag.py:2915} INFO - Sync 1 DAGs
[2023-10-10T01:30:56.120+0000] {logging_mixin.py:151} INFO - [2023-10-10T01:30:56.120+0000] {dag.py:3696} INFO - Setting next_dagrun for example_dag_decorator to None, run_after=None
[2023-10-10T01:30:56.128+0000] {processor.py:179} INFO - Processing /home/airflow/.local/lib/python3.8/site-packages/airflow/example_dags/example_dag_decorator.py took 0.123 seconds
