[2023-10-10T01:18:22.337+0000] {processor.py:157} INFO - Started process (PID=309) to work on /home/airflow/.local/lib/python3.8/site-packages/airflow/example_dags/example_time_delta_sensor_async.py
[2023-10-10T01:18:22.338+0000] {processor.py:829} INFO - Processing file /home/airflow/.local/lib/python3.8/site-packages/airflow/example_dags/example_time_delta_sensor_async.py for tasks to queue
[2023-10-10T01:18:22.339+0000] {logging_mixin.py:151} INFO - [2023-10-10T01:18:22.338+0000] {dagbag.py:539} INFO - Filling up the DagBag from /home/airflow/.local/lib/python3.8/site-packages/airflow/example_dags/example_time_delta_sensor_async.py
[2023-10-10T01:18:22.342+0000] {processor.py:839} INFO - DAG(s) dict_keys(['example_time_delta_sensor_async']) retrieved from /home/airflow/.local/lib/python3.8/site-packages/airflow/example_dags/example_time_delta_sensor_async.py
[2023-10-10T01:18:22.355+0000] {logging_mixin.py:151} INFO - [2023-10-10T01:18:22.355+0000] {dag.py:2915} INFO - Sync 1 DAGs
[2023-10-10T01:18:22.365+0000] {logging_mixin.py:151} INFO - [2023-10-10T01:18:22.365+0000] {dag.py:3696} INFO - Setting next_dagrun for example_time_delta_sensor_async to None, run_after=None
[2023-10-10T01:18:22.473+0000] {processor.py:179} INFO - Processing /home/airflow/.local/lib/python3.8/site-packages/airflow/example_dags/example_time_delta_sensor_async.py took 0.140 seconds
[2023-10-10T01:18:53.120+0000] {processor.py:157} INFO - Started process (PID=545) to work on /home/airflow/.local/lib/python3.8/site-packages/airflow/example_dags/example_time_delta_sensor_async.py
[2023-10-10T01:18:53.122+0000] {processor.py:829} INFO - Processing file /home/airflow/.local/lib/python3.8/site-packages/airflow/example_dags/example_time_delta_sensor_async.py for tasks to queue
[2023-10-10T01:18:53.123+0000] {logging_mixin.py:151} INFO - [2023-10-10T01:18:53.122+0000] {dagbag.py:539} INFO - Filling up the DagBag from /home/airflow/.local/lib/python3.8/site-packages/airflow/example_dags/example_time_delta_sensor_async.py
[2023-10-10T01:18:53.127+0000] {processor.py:839} INFO - DAG(s) dict_keys(['example_time_delta_sensor_async']) retrieved from /home/airflow/.local/lib/python3.8/site-packages/airflow/example_dags/example_time_delta_sensor_async.py
[2023-10-10T01:18:53.144+0000] {logging_mixin.py:151} INFO - [2023-10-10T01:18:53.144+0000] {dag.py:2915} INFO - Sync 1 DAGs
[2023-10-10T01:18:53.151+0000] {logging_mixin.py:151} INFO - [2023-10-10T01:18:53.151+0000] {dag.py:3696} INFO - Setting next_dagrun for example_time_delta_sensor_async to None, run_after=None
[2023-10-10T01:18:53.161+0000] {processor.py:179} INFO - Processing /home/airflow/.local/lib/python3.8/site-packages/airflow/example_dags/example_time_delta_sensor_async.py took 0.044 seconds
[2023-10-10T01:19:23.300+0000] {processor.py:157} INFO - Started process (PID=783) to work on /home/airflow/.local/lib/python3.8/site-packages/airflow/example_dags/example_time_delta_sensor_async.py
[2023-10-10T01:19:23.301+0000] {processor.py:829} INFO - Processing file /home/airflow/.local/lib/python3.8/site-packages/airflow/example_dags/example_time_delta_sensor_async.py for tasks to queue
[2023-10-10T01:19:23.301+0000] {logging_mixin.py:151} INFO - [2023-10-10T01:19:23.301+0000] {dagbag.py:539} INFO - Filling up the DagBag from /home/airflow/.local/lib/python3.8/site-packages/airflow/example_dags/example_time_delta_sensor_async.py
[2023-10-10T01:19:23.304+0000] {processor.py:839} INFO - DAG(s) dict_keys(['example_time_delta_sensor_async']) retrieved from /home/airflow/.local/lib/python3.8/site-packages/airflow/example_dags/example_time_delta_sensor_async.py
[2023-10-10T01:19:23.317+0000] {logging_mixin.py:151} INFO - [2023-10-10T01:19:23.317+0000] {dag.py:2915} INFO - Sync 1 DAGs
[2023-10-10T01:19:23.323+0000] {logging_mixin.py:151} INFO - [2023-10-10T01:19:23.323+0000] {dag.py:3696} INFO - Setting next_dagrun for example_time_delta_sensor_async to None, run_after=None
[2023-10-10T01:19:23.331+0000] {processor.py:179} INFO - Processing /home/airflow/.local/lib/python3.8/site-packages/airflow/example_dags/example_time_delta_sensor_async.py took 0.033 seconds
[2023-10-10T01:19:54.571+0000] {processor.py:157} INFO - Started process (PID=1024) to work on /home/airflow/.local/lib/python3.8/site-packages/airflow/example_dags/example_time_delta_sensor_async.py
[2023-10-10T01:19:54.571+0000] {processor.py:829} INFO - Processing file /home/airflow/.local/lib/python3.8/site-packages/airflow/example_dags/example_time_delta_sensor_async.py for tasks to queue
[2023-10-10T01:19:54.572+0000] {logging_mixin.py:151} INFO - [2023-10-10T01:19:54.572+0000] {dagbag.py:539} INFO - Filling up the DagBag from /home/airflow/.local/lib/python3.8/site-packages/airflow/example_dags/example_time_delta_sensor_async.py
[2023-10-10T01:19:54.574+0000] {processor.py:839} INFO - DAG(s) dict_keys(['example_time_delta_sensor_async']) retrieved from /home/airflow/.local/lib/python3.8/site-packages/airflow/example_dags/example_time_delta_sensor_async.py
[2023-10-10T01:19:54.586+0000] {logging_mixin.py:151} INFO - [2023-10-10T01:19:54.586+0000] {dag.py:2915} INFO - Sync 1 DAGs
[2023-10-10T01:19:54.592+0000] {logging_mixin.py:151} INFO - [2023-10-10T01:19:54.592+0000] {dag.py:3696} INFO - Setting next_dagrun for example_time_delta_sensor_async to None, run_after=None
[2023-10-10T01:19:54.598+0000] {processor.py:179} INFO - Processing /home/airflow/.local/lib/python3.8/site-packages/airflow/example_dags/example_time_delta_sensor_async.py took 0.029 seconds
[2023-10-10T01:20:24.844+0000] {processor.py:157} INFO - Started process (PID=1260) to work on /home/airflow/.local/lib/python3.8/site-packages/airflow/example_dags/example_time_delta_sensor_async.py
[2023-10-10T01:20:24.845+0000] {processor.py:829} INFO - Processing file /home/airflow/.local/lib/python3.8/site-packages/airflow/example_dags/example_time_delta_sensor_async.py for tasks to queue
[2023-10-10T01:20:24.845+0000] {logging_mixin.py:151} INFO - [2023-10-10T01:20:24.845+0000] {dagbag.py:539} INFO - Filling up the DagBag from /home/airflow/.local/lib/python3.8/site-packages/airflow/example_dags/example_time_delta_sensor_async.py
[2023-10-10T01:20:24.848+0000] {processor.py:839} INFO - DAG(s) dict_keys(['example_time_delta_sensor_async']) retrieved from /home/airflow/.local/lib/python3.8/site-packages/airflow/example_dags/example_time_delta_sensor_async.py
[2023-10-10T01:20:24.861+0000] {logging_mixin.py:151} INFO - [2023-10-10T01:20:24.860+0000] {dag.py:2915} INFO - Sync 1 DAGs
[2023-10-10T01:20:24.866+0000] {logging_mixin.py:151} INFO - [2023-10-10T01:20:24.866+0000] {dag.py:3696} INFO - Setting next_dagrun for example_time_delta_sensor_async to None, run_after=None
[2023-10-10T01:20:24.874+0000] {processor.py:179} INFO - Processing /home/airflow/.local/lib/python3.8/site-packages/airflow/example_dags/example_time_delta_sensor_async.py took 0.031 seconds
[2023-10-10T01:20:56.072+0000] {processor.py:157} INFO - Started process (PID=1500) to work on /home/airflow/.local/lib/python3.8/site-packages/airflow/example_dags/example_time_delta_sensor_async.py
[2023-10-10T01:20:56.073+0000] {processor.py:829} INFO - Processing file /home/airflow/.local/lib/python3.8/site-packages/airflow/example_dags/example_time_delta_sensor_async.py for tasks to queue
[2023-10-10T01:20:56.073+0000] {logging_mixin.py:151} INFO - [2023-10-10T01:20:56.073+0000] {dagbag.py:539} INFO - Filling up the DagBag from /home/airflow/.local/lib/python3.8/site-packages/airflow/example_dags/example_time_delta_sensor_async.py
[2023-10-10T01:20:56.076+0000] {processor.py:839} INFO - DAG(s) dict_keys(['example_time_delta_sensor_async']) retrieved from /home/airflow/.local/lib/python3.8/site-packages/airflow/example_dags/example_time_delta_sensor_async.py
[2023-10-10T01:20:56.088+0000] {logging_mixin.py:151} INFO - [2023-10-10T01:20:56.088+0000] {dag.py:2915} INFO - Sync 1 DAGs
[2023-10-10T01:20:56.093+0000] {logging_mixin.py:151} INFO - [2023-10-10T01:20:56.093+0000] {dag.py:3696} INFO - Setting next_dagrun for example_time_delta_sensor_async to None, run_after=None
[2023-10-10T01:20:56.100+0000] {processor.py:179} INFO - Processing /home/airflow/.local/lib/python3.8/site-packages/airflow/example_dags/example_time_delta_sensor_async.py took 0.030 seconds
[2023-10-10T01:21:27.265+0000] {processor.py:157} INFO - Started process (PID=1738) to work on /home/airflow/.local/lib/python3.8/site-packages/airflow/example_dags/example_time_delta_sensor_async.py
[2023-10-10T01:21:27.265+0000] {processor.py:829} INFO - Processing file /home/airflow/.local/lib/python3.8/site-packages/airflow/example_dags/example_time_delta_sensor_async.py for tasks to queue
[2023-10-10T01:21:27.266+0000] {logging_mixin.py:151} INFO - [2023-10-10T01:21:27.266+0000] {dagbag.py:539} INFO - Filling up the DagBag from /home/airflow/.local/lib/python3.8/site-packages/airflow/example_dags/example_time_delta_sensor_async.py
[2023-10-10T01:21:27.268+0000] {processor.py:839} INFO - DAG(s) dict_keys(['example_time_delta_sensor_async']) retrieved from /home/airflow/.local/lib/python3.8/site-packages/airflow/example_dags/example_time_delta_sensor_async.py
[2023-10-10T01:21:27.281+0000] {logging_mixin.py:151} INFO - [2023-10-10T01:21:27.281+0000] {dag.py:2915} INFO - Sync 1 DAGs
[2023-10-10T01:21:27.286+0000] {logging_mixin.py:151} INFO - [2023-10-10T01:21:27.286+0000] {dag.py:3696} INFO - Setting next_dagrun for example_time_delta_sensor_async to None, run_after=None
[2023-10-10T01:21:27.293+0000] {processor.py:179} INFO - Processing /home/airflow/.local/lib/python3.8/site-packages/airflow/example_dags/example_time_delta_sensor_async.py took 0.030 seconds
[2023-10-10T01:21:58.530+0000] {processor.py:157} INFO - Started process (PID=1976) to work on /home/airflow/.local/lib/python3.8/site-packages/airflow/example_dags/example_time_delta_sensor_async.py
[2023-10-10T01:21:58.531+0000] {processor.py:829} INFO - Processing file /home/airflow/.local/lib/python3.8/site-packages/airflow/example_dags/example_time_delta_sensor_async.py for tasks to queue
[2023-10-10T01:21:58.531+0000] {logging_mixin.py:151} INFO - [2023-10-10T01:21:58.531+0000] {dagbag.py:539} INFO - Filling up the DagBag from /home/airflow/.local/lib/python3.8/site-packages/airflow/example_dags/example_time_delta_sensor_async.py
[2023-10-10T01:21:58.534+0000] {processor.py:839} INFO - DAG(s) dict_keys(['example_time_delta_sensor_async']) retrieved from /home/airflow/.local/lib/python3.8/site-packages/airflow/example_dags/example_time_delta_sensor_async.py
[2023-10-10T01:21:58.546+0000] {logging_mixin.py:151} INFO - [2023-10-10T01:21:58.546+0000] {dag.py:2915} INFO - Sync 1 DAGs
[2023-10-10T01:21:58.552+0000] {logging_mixin.py:151} INFO - [2023-10-10T01:21:58.551+0000] {dag.py:3696} INFO - Setting next_dagrun for example_time_delta_sensor_async to None, run_after=None
[2023-10-10T01:21:58.559+0000] {processor.py:179} INFO - Processing /home/airflow/.local/lib/python3.8/site-packages/airflow/example_dags/example_time_delta_sensor_async.py took 0.030 seconds
[2023-10-10T01:22:28.852+0000] {processor.py:157} INFO - Started process (PID=2214) to work on /home/airflow/.local/lib/python3.8/site-packages/airflow/example_dags/example_time_delta_sensor_async.py
[2023-10-10T01:22:28.852+0000] {processor.py:829} INFO - Processing file /home/airflow/.local/lib/python3.8/site-packages/airflow/example_dags/example_time_delta_sensor_async.py for tasks to queue
[2023-10-10T01:22:28.853+0000] {logging_mixin.py:151} INFO - [2023-10-10T01:22:28.852+0000] {dagbag.py:539} INFO - Filling up the DagBag from /home/airflow/.local/lib/python3.8/site-packages/airflow/example_dags/example_time_delta_sensor_async.py
[2023-10-10T01:22:28.855+0000] {processor.py:839} INFO - DAG(s) dict_keys(['example_time_delta_sensor_async']) retrieved from /home/airflow/.local/lib/python3.8/site-packages/airflow/example_dags/example_time_delta_sensor_async.py
[2023-10-10T01:22:28.867+0000] {logging_mixin.py:151} INFO - [2023-10-10T01:22:28.867+0000] {dag.py:2915} INFO - Sync 1 DAGs
[2023-10-10T01:22:28.873+0000] {logging_mixin.py:151} INFO - [2023-10-10T01:22:28.873+0000] {dag.py:3696} INFO - Setting next_dagrun for example_time_delta_sensor_async to None, run_after=None
[2023-10-10T01:22:28.880+0000] {processor.py:179} INFO - Processing /home/airflow/.local/lib/python3.8/site-packages/airflow/example_dags/example_time_delta_sensor_async.py took 0.030 seconds
[2023-10-10T01:23:00.001+0000] {processor.py:157} INFO - Started process (PID=2451) to work on /home/airflow/.local/lib/python3.8/site-packages/airflow/example_dags/example_time_delta_sensor_async.py
[2023-10-10T01:23:00.002+0000] {processor.py:829} INFO - Processing file /home/airflow/.local/lib/python3.8/site-packages/airflow/example_dags/example_time_delta_sensor_async.py for tasks to queue
[2023-10-10T01:23:00.002+0000] {logging_mixin.py:151} INFO - [2023-10-10T01:23:00.002+0000] {dagbag.py:539} INFO - Filling up the DagBag from /home/airflow/.local/lib/python3.8/site-packages/airflow/example_dags/example_time_delta_sensor_async.py
[2023-10-10T01:23:00.005+0000] {processor.py:839} INFO - DAG(s) dict_keys(['example_time_delta_sensor_async']) retrieved from /home/airflow/.local/lib/python3.8/site-packages/airflow/example_dags/example_time_delta_sensor_async.py
[2023-10-10T01:23:00.019+0000] {logging_mixin.py:151} INFO - [2023-10-10T01:23:00.019+0000] {dag.py:2915} INFO - Sync 1 DAGs
[2023-10-10T01:23:00.025+0000] {logging_mixin.py:151} INFO - [2023-10-10T01:23:00.025+0000] {dag.py:3696} INFO - Setting next_dagrun for example_time_delta_sensor_async to None, run_after=None
[2023-10-10T01:23:00.032+0000] {processor.py:179} INFO - Processing /home/airflow/.local/lib/python3.8/site-packages/airflow/example_dags/example_time_delta_sensor_async.py took 0.033 seconds
[2023-10-10T01:23:30.324+0000] {processor.py:157} INFO - Started process (PID=2689) to work on /home/airflow/.local/lib/python3.8/site-packages/airflow/example_dags/example_time_delta_sensor_async.py
[2023-10-10T01:23:30.325+0000] {processor.py:829} INFO - Processing file /home/airflow/.local/lib/python3.8/site-packages/airflow/example_dags/example_time_delta_sensor_async.py for tasks to queue
[2023-10-10T01:23:30.325+0000] {logging_mixin.py:151} INFO - [2023-10-10T01:23:30.325+0000] {dagbag.py:539} INFO - Filling up the DagBag from /home/airflow/.local/lib/python3.8/site-packages/airflow/example_dags/example_time_delta_sensor_async.py
[2023-10-10T01:23:30.328+0000] {processor.py:839} INFO - DAG(s) dict_keys(['example_time_delta_sensor_async']) retrieved from /home/airflow/.local/lib/python3.8/site-packages/airflow/example_dags/example_time_delta_sensor_async.py
[2023-10-10T01:23:30.341+0000] {logging_mixin.py:151} INFO - [2023-10-10T01:23:30.341+0000] {dag.py:2915} INFO - Sync 1 DAGs
[2023-10-10T01:23:30.347+0000] {logging_mixin.py:151} INFO - [2023-10-10T01:23:30.347+0000] {dag.py:3696} INFO - Setting next_dagrun for example_time_delta_sensor_async to None, run_after=None
[2023-10-10T01:23:30.354+0000] {processor.py:179} INFO - Processing /home/airflow/.local/lib/python3.8/site-packages/airflow/example_dags/example_time_delta_sensor_async.py took 0.031 seconds
[2023-10-10T01:24:01.622+0000] {processor.py:157} INFO - Started process (PID=2926) to work on /home/airflow/.local/lib/python3.8/site-packages/airflow/example_dags/example_time_delta_sensor_async.py
[2023-10-10T01:24:01.622+0000] {processor.py:829} INFO - Processing file /home/airflow/.local/lib/python3.8/site-packages/airflow/example_dags/example_time_delta_sensor_async.py for tasks to queue
[2023-10-10T01:24:01.623+0000] {logging_mixin.py:151} INFO - [2023-10-10T01:24:01.622+0000] {dagbag.py:539} INFO - Filling up the DagBag from /home/airflow/.local/lib/python3.8/site-packages/airflow/example_dags/example_time_delta_sensor_async.py
[2023-10-10T01:24:01.625+0000] {processor.py:839} INFO - DAG(s) dict_keys(['example_time_delta_sensor_async']) retrieved from /home/airflow/.local/lib/python3.8/site-packages/airflow/example_dags/example_time_delta_sensor_async.py
[2023-10-10T01:24:01.638+0000] {logging_mixin.py:151} INFO - [2023-10-10T01:24:01.638+0000] {dag.py:2915} INFO - Sync 1 DAGs
[2023-10-10T01:24:01.644+0000] {logging_mixin.py:151} INFO - [2023-10-10T01:24:01.644+0000] {dag.py:3696} INFO - Setting next_dagrun for example_time_delta_sensor_async to None, run_after=None
[2023-10-10T01:24:01.651+0000] {processor.py:179} INFO - Processing /home/airflow/.local/lib/python3.8/site-packages/airflow/example_dags/example_time_delta_sensor_async.py took 0.032 seconds
[2023-10-10T01:24:32.896+0000] {processor.py:157} INFO - Started process (PID=3164) to work on /home/airflow/.local/lib/python3.8/site-packages/airflow/example_dags/example_time_delta_sensor_async.py
[2023-10-10T01:24:32.897+0000] {processor.py:829} INFO - Processing file /home/airflow/.local/lib/python3.8/site-packages/airflow/example_dags/example_time_delta_sensor_async.py for tasks to queue
[2023-10-10T01:24:32.898+0000] {logging_mixin.py:151} INFO - [2023-10-10T01:24:32.897+0000] {dagbag.py:539} INFO - Filling up the DagBag from /home/airflow/.local/lib/python3.8/site-packages/airflow/example_dags/example_time_delta_sensor_async.py
[2023-10-10T01:24:32.900+0000] {processor.py:839} INFO - DAG(s) dict_keys(['example_time_delta_sensor_async']) retrieved from /home/airflow/.local/lib/python3.8/site-packages/airflow/example_dags/example_time_delta_sensor_async.py
[2023-10-10T01:24:32.913+0000] {logging_mixin.py:151} INFO - [2023-10-10T01:24:32.913+0000] {dag.py:2915} INFO - Sync 1 DAGs
[2023-10-10T01:24:32.919+0000] {logging_mixin.py:151} INFO - [2023-10-10T01:24:32.919+0000] {dag.py:3696} INFO - Setting next_dagrun for example_time_delta_sensor_async to None, run_after=None
[2023-10-10T01:24:32.926+0000] {processor.py:179} INFO - Processing /home/airflow/.local/lib/python3.8/site-packages/airflow/example_dags/example_time_delta_sensor_async.py took 0.031 seconds
[2023-10-10T01:25:04.062+0000] {processor.py:157} INFO - Started process (PID=3402) to work on /home/airflow/.local/lib/python3.8/site-packages/airflow/example_dags/example_time_delta_sensor_async.py
[2023-10-10T01:25:04.063+0000] {processor.py:829} INFO - Processing file /home/airflow/.local/lib/python3.8/site-packages/airflow/example_dags/example_time_delta_sensor_async.py for tasks to queue
[2023-10-10T01:25:04.063+0000] {logging_mixin.py:151} INFO - [2023-10-10T01:25:04.063+0000] {dagbag.py:539} INFO - Filling up the DagBag from /home/airflow/.local/lib/python3.8/site-packages/airflow/example_dags/example_time_delta_sensor_async.py
[2023-10-10T01:25:04.066+0000] {processor.py:839} INFO - DAG(s) dict_keys(['example_time_delta_sensor_async']) retrieved from /home/airflow/.local/lib/python3.8/site-packages/airflow/example_dags/example_time_delta_sensor_async.py
[2023-10-10T01:25:04.078+0000] {logging_mixin.py:151} INFO - [2023-10-10T01:25:04.078+0000] {dag.py:2915} INFO - Sync 1 DAGs
[2023-10-10T01:25:04.084+0000] {logging_mixin.py:151} INFO - [2023-10-10T01:25:04.084+0000] {dag.py:3696} INFO - Setting next_dagrun for example_time_delta_sensor_async to None, run_after=None
[2023-10-10T01:25:04.091+0000] {processor.py:179} INFO - Processing /home/airflow/.local/lib/python3.8/site-packages/airflow/example_dags/example_time_delta_sensor_async.py took 0.031 seconds
[2023-10-10T01:25:35.396+0000] {processor.py:157} INFO - Started process (PID=3640) to work on /home/airflow/.local/lib/python3.8/site-packages/airflow/example_dags/example_time_delta_sensor_async.py
[2023-10-10T01:25:35.397+0000] {processor.py:829} INFO - Processing file /home/airflow/.local/lib/python3.8/site-packages/airflow/example_dags/example_time_delta_sensor_async.py for tasks to queue
[2023-10-10T01:25:35.397+0000] {logging_mixin.py:151} INFO - [2023-10-10T01:25:35.397+0000] {dagbag.py:539} INFO - Filling up the DagBag from /home/airflow/.local/lib/python3.8/site-packages/airflow/example_dags/example_time_delta_sensor_async.py
[2023-10-10T01:25:35.400+0000] {processor.py:839} INFO - DAG(s) dict_keys(['example_time_delta_sensor_async']) retrieved from /home/airflow/.local/lib/python3.8/site-packages/airflow/example_dags/example_time_delta_sensor_async.py
[2023-10-10T01:25:35.412+0000] {logging_mixin.py:151} INFO - [2023-10-10T01:25:35.412+0000] {dag.py:2915} INFO - Sync 1 DAGs
[2023-10-10T01:25:35.418+0000] {logging_mixin.py:151} INFO - [2023-10-10T01:25:35.418+0000] {dag.py:3696} INFO - Setting next_dagrun for example_time_delta_sensor_async to None, run_after=None
[2023-10-10T01:25:35.426+0000] {processor.py:179} INFO - Processing /home/airflow/.local/lib/python3.8/site-packages/airflow/example_dags/example_time_delta_sensor_async.py took 0.032 seconds
[2023-10-10T01:26:06.705+0000] {processor.py:157} INFO - Started process (PID=3878) to work on /home/airflow/.local/lib/python3.8/site-packages/airflow/example_dags/example_time_delta_sensor_async.py
[2023-10-10T01:26:06.706+0000] {processor.py:829} INFO - Processing file /home/airflow/.local/lib/python3.8/site-packages/airflow/example_dags/example_time_delta_sensor_async.py for tasks to queue
[2023-10-10T01:26:06.706+0000] {logging_mixin.py:151} INFO - [2023-10-10T01:26:06.706+0000] {dagbag.py:539} INFO - Filling up the DagBag from /home/airflow/.local/lib/python3.8/site-packages/airflow/example_dags/example_time_delta_sensor_async.py
[2023-10-10T01:26:06.709+0000] {processor.py:839} INFO - DAG(s) dict_keys(['example_time_delta_sensor_async']) retrieved from /home/airflow/.local/lib/python3.8/site-packages/airflow/example_dags/example_time_delta_sensor_async.py
[2023-10-10T01:26:06.721+0000] {logging_mixin.py:151} INFO - [2023-10-10T01:26:06.721+0000] {dag.py:2915} INFO - Sync 1 DAGs
[2023-10-10T01:26:06.727+0000] {logging_mixin.py:151} INFO - [2023-10-10T01:26:06.727+0000] {dag.py:3696} INFO - Setting next_dagrun for example_time_delta_sensor_async to None, run_after=None
[2023-10-10T01:26:06.735+0000] {processor.py:179} INFO - Processing /home/airflow/.local/lib/python3.8/site-packages/airflow/example_dags/example_time_delta_sensor_async.py took 0.032 seconds
[2023-10-10T01:26:37.982+0000] {processor.py:157} INFO - Started process (PID=4117) to work on /home/airflow/.local/lib/python3.8/site-packages/airflow/example_dags/example_time_delta_sensor_async.py
[2023-10-10T01:26:37.983+0000] {processor.py:829} INFO - Processing file /home/airflow/.local/lib/python3.8/site-packages/airflow/example_dags/example_time_delta_sensor_async.py for tasks to queue
[2023-10-10T01:26:37.983+0000] {logging_mixin.py:151} INFO - [2023-10-10T01:26:37.983+0000] {dagbag.py:539} INFO - Filling up the DagBag from /home/airflow/.local/lib/python3.8/site-packages/airflow/example_dags/example_time_delta_sensor_async.py
[2023-10-10T01:26:37.986+0000] {processor.py:839} INFO - DAG(s) dict_keys(['example_time_delta_sensor_async']) retrieved from /home/airflow/.local/lib/python3.8/site-packages/airflow/example_dags/example_time_delta_sensor_async.py
[2023-10-10T01:26:37.999+0000] {logging_mixin.py:151} INFO - [2023-10-10T01:26:37.999+0000] {dag.py:2915} INFO - Sync 1 DAGs
[2023-10-10T01:26:38.005+0000] {logging_mixin.py:151} INFO - [2023-10-10T01:26:38.005+0000] {dag.py:3696} INFO - Setting next_dagrun for example_time_delta_sensor_async to None, run_after=None
[2023-10-10T01:26:38.012+0000] {processor.py:179} INFO - Processing /home/airflow/.local/lib/python3.8/site-packages/airflow/example_dags/example_time_delta_sensor_async.py took 0.032 seconds
[2023-10-10T01:27:09.172+0000] {processor.py:157} INFO - Started process (PID=4355) to work on /home/airflow/.local/lib/python3.8/site-packages/airflow/example_dags/example_time_delta_sensor_async.py
[2023-10-10T01:27:09.173+0000] {processor.py:829} INFO - Processing file /home/airflow/.local/lib/python3.8/site-packages/airflow/example_dags/example_time_delta_sensor_async.py for tasks to queue
[2023-10-10T01:27:09.173+0000] {logging_mixin.py:151} INFO - [2023-10-10T01:27:09.173+0000] {dagbag.py:539} INFO - Filling up the DagBag from /home/airflow/.local/lib/python3.8/site-packages/airflow/example_dags/example_time_delta_sensor_async.py
[2023-10-10T01:27:09.176+0000] {processor.py:839} INFO - DAG(s) dict_keys(['example_time_delta_sensor_async']) retrieved from /home/airflow/.local/lib/python3.8/site-packages/airflow/example_dags/example_time_delta_sensor_async.py
[2023-10-10T01:27:09.188+0000] {logging_mixin.py:151} INFO - [2023-10-10T01:27:09.188+0000] {dag.py:2915} INFO - Sync 1 DAGs
[2023-10-10T01:27:09.194+0000] {logging_mixin.py:151} INFO - [2023-10-10T01:27:09.194+0000] {dag.py:3696} INFO - Setting next_dagrun for example_time_delta_sensor_async to None, run_after=None
[2023-10-10T01:27:09.201+0000] {processor.py:179} INFO - Processing /home/airflow/.local/lib/python3.8/site-packages/airflow/example_dags/example_time_delta_sensor_async.py took 0.031 seconds
[2023-10-10T01:27:40.373+0000] {processor.py:157} INFO - Started process (PID=4593) to work on /home/airflow/.local/lib/python3.8/site-packages/airflow/example_dags/example_time_delta_sensor_async.py
[2023-10-10T01:27:40.374+0000] {processor.py:829} INFO - Processing file /home/airflow/.local/lib/python3.8/site-packages/airflow/example_dags/example_time_delta_sensor_async.py for tasks to queue
[2023-10-10T01:27:40.374+0000] {logging_mixin.py:151} INFO - [2023-10-10T01:27:40.374+0000] {dagbag.py:539} INFO - Filling up the DagBag from /home/airflow/.local/lib/python3.8/site-packages/airflow/example_dags/example_time_delta_sensor_async.py
[2023-10-10T01:27:40.377+0000] {processor.py:839} INFO - DAG(s) dict_keys(['example_time_delta_sensor_async']) retrieved from /home/airflow/.local/lib/python3.8/site-packages/airflow/example_dags/example_time_delta_sensor_async.py
[2023-10-10T01:27:40.390+0000] {logging_mixin.py:151} INFO - [2023-10-10T01:27:40.390+0000] {dag.py:2915} INFO - Sync 1 DAGs
[2023-10-10T01:27:40.395+0000] {logging_mixin.py:151} INFO - [2023-10-10T01:27:40.395+0000] {dag.py:3696} INFO - Setting next_dagrun for example_time_delta_sensor_async to None, run_after=None
[2023-10-10T01:27:40.403+0000] {processor.py:179} INFO - Processing /home/airflow/.local/lib/python3.8/site-packages/airflow/example_dags/example_time_delta_sensor_async.py took 0.032 seconds
[2023-10-10T01:28:11.844+0000] {processor.py:157} INFO - Started process (PID=4833) to work on /home/airflow/.local/lib/python3.8/site-packages/airflow/example_dags/example_time_delta_sensor_async.py
[2023-10-10T01:28:11.845+0000] {processor.py:829} INFO - Processing file /home/airflow/.local/lib/python3.8/site-packages/airflow/example_dags/example_time_delta_sensor_async.py for tasks to queue
[2023-10-10T01:28:11.845+0000] {logging_mixin.py:151} INFO - [2023-10-10T01:28:11.845+0000] {dagbag.py:539} INFO - Filling up the DagBag from /home/airflow/.local/lib/python3.8/site-packages/airflow/example_dags/example_time_delta_sensor_async.py
[2023-10-10T01:28:11.848+0000] {processor.py:839} INFO - DAG(s) dict_keys(['example_time_delta_sensor_async']) retrieved from /home/airflow/.local/lib/python3.8/site-packages/airflow/example_dags/example_time_delta_sensor_async.py
[2023-10-10T01:28:11.861+0000] {logging_mixin.py:151} INFO - [2023-10-10T01:28:11.861+0000] {dag.py:2915} INFO - Sync 1 DAGs
[2023-10-10T01:28:11.867+0000] {logging_mixin.py:151} INFO - [2023-10-10T01:28:11.867+0000] {dag.py:3696} INFO - Setting next_dagrun for example_time_delta_sensor_async to None, run_after=None
[2023-10-10T01:28:11.875+0000] {processor.py:179} INFO - Processing /home/airflow/.local/lib/python3.8/site-packages/airflow/example_dags/example_time_delta_sensor_async.py took 0.032 seconds
[2023-10-10T01:28:43.169+0000] {processor.py:157} INFO - Started process (PID=5069) to work on /home/airflow/.local/lib/python3.8/site-packages/airflow/example_dags/example_time_delta_sensor_async.py
[2023-10-10T01:28:43.169+0000] {processor.py:829} INFO - Processing file /home/airflow/.local/lib/python3.8/site-packages/airflow/example_dags/example_time_delta_sensor_async.py for tasks to queue
[2023-10-10T01:28:43.170+0000] {logging_mixin.py:151} INFO - [2023-10-10T01:28:43.170+0000] {dagbag.py:539} INFO - Filling up the DagBag from /home/airflow/.local/lib/python3.8/site-packages/airflow/example_dags/example_time_delta_sensor_async.py
[2023-10-10T01:28:43.173+0000] {processor.py:839} INFO - DAG(s) dict_keys(['example_time_delta_sensor_async']) retrieved from /home/airflow/.local/lib/python3.8/site-packages/airflow/example_dags/example_time_delta_sensor_async.py
[2023-10-10T01:28:43.186+0000] {logging_mixin.py:151} INFO - [2023-10-10T01:28:43.186+0000] {dag.py:2915} INFO - Sync 1 DAGs
[2023-10-10T01:28:43.193+0000] {logging_mixin.py:151} INFO - [2023-10-10T01:28:43.193+0000] {dag.py:3696} INFO - Setting next_dagrun for example_time_delta_sensor_async to None, run_after=None
[2023-10-10T01:28:43.215+0000] {processor.py:179} INFO - Processing /home/airflow/.local/lib/python3.8/site-packages/airflow/example_dags/example_time_delta_sensor_async.py took 0.048 seconds
[2023-10-10T01:29:14.347+0000] {processor.py:157} INFO - Started process (PID=5307) to work on /home/airflow/.local/lib/python3.8/site-packages/airflow/example_dags/example_time_delta_sensor_async.py
[2023-10-10T01:29:14.348+0000] {processor.py:829} INFO - Processing file /home/airflow/.local/lib/python3.8/site-packages/airflow/example_dags/example_time_delta_sensor_async.py for tasks to queue
[2023-10-10T01:29:14.348+0000] {logging_mixin.py:151} INFO - [2023-10-10T01:29:14.348+0000] {dagbag.py:539} INFO - Filling up the DagBag from /home/airflow/.local/lib/python3.8/site-packages/airflow/example_dags/example_time_delta_sensor_async.py
[2023-10-10T01:29:14.351+0000] {processor.py:839} INFO - DAG(s) dict_keys(['example_time_delta_sensor_async']) retrieved from /home/airflow/.local/lib/python3.8/site-packages/airflow/example_dags/example_time_delta_sensor_async.py
[2023-10-10T01:29:14.363+0000] {logging_mixin.py:151} INFO - [2023-10-10T01:29:14.363+0000] {dag.py:2915} INFO - Sync 1 DAGs
[2023-10-10T01:29:14.369+0000] {logging_mixin.py:151} INFO - [2023-10-10T01:29:14.369+0000] {dag.py:3696} INFO - Setting next_dagrun for example_time_delta_sensor_async to None, run_after=None
[2023-10-10T01:29:14.377+0000] {processor.py:179} INFO - Processing /home/airflow/.local/lib/python3.8/site-packages/airflow/example_dags/example_time_delta_sensor_async.py took 0.031 seconds
[2023-10-10T01:29:45.567+0000] {processor.py:157} INFO - Started process (PID=5545) to work on /home/airflow/.local/lib/python3.8/site-packages/airflow/example_dags/example_time_delta_sensor_async.py
[2023-10-10T01:29:45.567+0000] {processor.py:829} INFO - Processing file /home/airflow/.local/lib/python3.8/site-packages/airflow/example_dags/example_time_delta_sensor_async.py for tasks to queue
[2023-10-10T01:29:45.568+0000] {logging_mixin.py:151} INFO - [2023-10-10T01:29:45.568+0000] {dagbag.py:539} INFO - Filling up the DagBag from /home/airflow/.local/lib/python3.8/site-packages/airflow/example_dags/example_time_delta_sensor_async.py
[2023-10-10T01:29:45.571+0000] {processor.py:839} INFO - DAG(s) dict_keys(['example_time_delta_sensor_async']) retrieved from /home/airflow/.local/lib/python3.8/site-packages/airflow/example_dags/example_time_delta_sensor_async.py
[2023-10-10T01:29:45.583+0000] {logging_mixin.py:151} INFO - [2023-10-10T01:29:45.583+0000] {dag.py:2915} INFO - Sync 1 DAGs
[2023-10-10T01:29:45.589+0000] {logging_mixin.py:151} INFO - [2023-10-10T01:29:45.589+0000] {dag.py:3696} INFO - Setting next_dagrun for example_time_delta_sensor_async to None, run_after=None
[2023-10-10T01:29:45.597+0000] {processor.py:179} INFO - Processing /home/airflow/.local/lib/python3.8/site-packages/airflow/example_dags/example_time_delta_sensor_async.py took 0.032 seconds
[2023-10-10T01:30:16.956+0000] {processor.py:157} INFO - Started process (PID=5792) to work on /home/airflow/.local/lib/python3.8/site-packages/airflow/example_dags/example_time_delta_sensor_async.py
[2023-10-10T01:30:16.956+0000] {processor.py:829} INFO - Processing file /home/airflow/.local/lib/python3.8/site-packages/airflow/example_dags/example_time_delta_sensor_async.py for tasks to queue
[2023-10-10T01:30:16.957+0000] {logging_mixin.py:151} INFO - [2023-10-10T01:30:16.957+0000] {dagbag.py:539} INFO - Filling up the DagBag from /home/airflow/.local/lib/python3.8/site-packages/airflow/example_dags/example_time_delta_sensor_async.py
[2023-10-10T01:30:16.960+0000] {processor.py:839} INFO - DAG(s) dict_keys(['example_time_delta_sensor_async']) retrieved from /home/airflow/.local/lib/python3.8/site-packages/airflow/example_dags/example_time_delta_sensor_async.py
[2023-10-10T01:30:16.972+0000] {logging_mixin.py:151} INFO - [2023-10-10T01:30:16.972+0000] {dag.py:2915} INFO - Sync 1 DAGs
[2023-10-10T01:30:16.977+0000] {logging_mixin.py:151} INFO - [2023-10-10T01:30:16.977+0000] {dag.py:3696} INFO - Setting next_dagrun for example_time_delta_sensor_async to None, run_after=None
[2023-10-10T01:30:16.984+0000] {processor.py:179} INFO - Processing /home/airflow/.local/lib/python3.8/site-packages/airflow/example_dags/example_time_delta_sensor_async.py took 0.030 seconds
[2023-10-10T01:30:48.144+0000] {processor.py:157} INFO - Started process (PID=6029) to work on /home/airflow/.local/lib/python3.8/site-packages/airflow/example_dags/example_time_delta_sensor_async.py
[2023-10-10T01:30:48.145+0000] {processor.py:829} INFO - Processing file /home/airflow/.local/lib/python3.8/site-packages/airflow/example_dags/example_time_delta_sensor_async.py for tasks to queue
[2023-10-10T01:30:48.145+0000] {logging_mixin.py:151} INFO - [2023-10-10T01:30:48.145+0000] {dagbag.py:539} INFO - Filling up the DagBag from /home/airflow/.local/lib/python3.8/site-packages/airflow/example_dags/example_time_delta_sensor_async.py
[2023-10-10T01:30:48.148+0000] {processor.py:839} INFO - DAG(s) dict_keys(['example_time_delta_sensor_async']) retrieved from /home/airflow/.local/lib/python3.8/site-packages/airflow/example_dags/example_time_delta_sensor_async.py
[2023-10-10T01:30:48.160+0000] {logging_mixin.py:151} INFO - [2023-10-10T01:30:48.160+0000] {dag.py:2915} INFO - Sync 1 DAGs
[2023-10-10T01:30:48.166+0000] {logging_mixin.py:151} INFO - [2023-10-10T01:30:48.166+0000] {dag.py:3696} INFO - Setting next_dagrun for example_time_delta_sensor_async to None, run_after=None
[2023-10-10T01:30:48.174+0000] {processor.py:179} INFO - Processing /home/airflow/.local/lib/python3.8/site-packages/airflow/example_dags/example_time_delta_sensor_async.py took 0.031 seconds
[2023-10-10T01:31:18.826+0000] {processor.py:157} INFO - Started process (PID=6267) to work on /home/airflow/.local/lib/python3.8/site-packages/airflow/example_dags/example_time_delta_sensor_async.py
[2023-10-10T01:31:18.827+0000] {processor.py:829} INFO - Processing file /home/airflow/.local/lib/python3.8/site-packages/airflow/example_dags/example_time_delta_sensor_async.py for tasks to queue
[2023-10-10T01:31:18.828+0000] {logging_mixin.py:151} INFO - [2023-10-10T01:31:18.827+0000] {dagbag.py:539} INFO - Filling up the DagBag from /home/airflow/.local/lib/python3.8/site-packages/airflow/example_dags/example_time_delta_sensor_async.py
[2023-10-10T01:31:18.831+0000] {processor.py:839} INFO - DAG(s) dict_keys(['example_time_delta_sensor_async']) retrieved from /home/airflow/.local/lib/python3.8/site-packages/airflow/example_dags/example_time_delta_sensor_async.py
[2023-10-10T01:31:18.844+0000] {logging_mixin.py:151} INFO - [2023-10-10T01:31:18.844+0000] {dag.py:2915} INFO - Sync 1 DAGs
[2023-10-10T01:31:18.849+0000] {logging_mixin.py:151} INFO - [2023-10-10T01:31:18.849+0000] {dag.py:3696} INFO - Setting next_dagrun for example_time_delta_sensor_async to None, run_after=None
[2023-10-10T01:31:18.857+0000] {processor.py:179} INFO - Processing /home/airflow/.local/lib/python3.8/site-packages/airflow/example_dags/example_time_delta_sensor_async.py took 0.033 seconds
