[2023-10-10T01:18:20.850+0000] {processor.py:157} INFO - Started process (PID=257) to work on /home/airflow/.local/lib/python3.8/site-packages/airflow/example_dags/example_kubernetes_executor.py
[2023-10-10T01:18:20.850+0000] {processor.py:829} INFO - Processing file /home/airflow/.local/lib/python3.8/site-packages/airflow/example_dags/example_kubernetes_executor.py for tasks to queue
[2023-10-10T01:18:20.851+0000] {logging_mixin.py:151} INFO - [2023-10-10T01:18:20.851+0000] {dagbag.py:539} INFO - Filling up the DagBag from /home/airflow/.local/lib/python3.8/site-packages/airflow/example_dags/example_kubernetes_executor.py
[2023-10-10T01:18:21.459+0000] {processor.py:839} INFO - DAG(s) dict_keys(['example_kubernetes_executor']) retrieved from /home/airflow/.local/lib/python3.8/site-packages/airflow/example_dags/example_kubernetes_executor.py
[2023-10-10T01:18:21.468+0000] {logging_mixin.py:151} INFO - [2023-10-10T01:18:21.468+0000] {dag.py:2915} INFO - Sync 1 DAGs
[2023-10-10T01:18:21.474+0000] {logging_mixin.py:151} INFO - [2023-10-10T01:18:21.474+0000] {dag.py:3696} INFO - Setting next_dagrun for example_kubernetes_executor to None, run_after=None
[2023-10-10T01:18:21.482+0000] {processor.py:179} INFO - Processing /home/airflow/.local/lib/python3.8/site-packages/airflow/example_dags/example_kubernetes_executor.py took 0.635 seconds
[2023-10-10T01:18:51.556+0000] {processor.py:157} INFO - Started process (PID=495) to work on /home/airflow/.local/lib/python3.8/site-packages/airflow/example_dags/example_kubernetes_executor.py
[2023-10-10T01:18:51.557+0000] {processor.py:829} INFO - Processing file /home/airflow/.local/lib/python3.8/site-packages/airflow/example_dags/example_kubernetes_executor.py for tasks to queue
[2023-10-10T01:18:51.557+0000] {logging_mixin.py:151} INFO - [2023-10-10T01:18:51.557+0000] {dagbag.py:539} INFO - Filling up the DagBag from /home/airflow/.local/lib/python3.8/site-packages/airflow/example_dags/example_kubernetes_executor.py
[2023-10-10T01:18:51.709+0000] {processor.py:839} INFO - DAG(s) dict_keys(['example_kubernetes_executor']) retrieved from /home/airflow/.local/lib/python3.8/site-packages/airflow/example_dags/example_kubernetes_executor.py
[2023-10-10T01:18:51.753+0000] {logging_mixin.py:151} INFO - [2023-10-10T01:18:51.753+0000] {dag.py:2915} INFO - Sync 1 DAGs
[2023-10-10T01:18:51.761+0000] {logging_mixin.py:151} INFO - [2023-10-10T01:18:51.761+0000] {dag.py:3696} INFO - Setting next_dagrun for example_kubernetes_executor to None, run_after=None
[2023-10-10T01:18:51.770+0000] {processor.py:179} INFO - Processing /home/airflow/.local/lib/python3.8/site-packages/airflow/example_dags/example_kubernetes_executor.py took 0.216 seconds
[2023-10-10T01:19:22.699+0000] {processor.py:157} INFO - Started process (PID=733) to work on /home/airflow/.local/lib/python3.8/site-packages/airflow/example_dags/example_kubernetes_executor.py
[2023-10-10T01:19:22.700+0000] {processor.py:829} INFO - Processing file /home/airflow/.local/lib/python3.8/site-packages/airflow/example_dags/example_kubernetes_executor.py for tasks to queue
[2023-10-10T01:19:22.701+0000] {logging_mixin.py:151} INFO - [2023-10-10T01:19:22.700+0000] {dagbag.py:539} INFO - Filling up the DagBag from /home/airflow/.local/lib/python3.8/site-packages/airflow/example_dags/example_kubernetes_executor.py
[2023-10-10T01:19:22.883+0000] {processor.py:839} INFO - DAG(s) dict_keys(['example_kubernetes_executor']) retrieved from /home/airflow/.local/lib/python3.8/site-packages/airflow/example_dags/example_kubernetes_executor.py
[2023-10-10T01:19:22.941+0000] {logging_mixin.py:151} INFO - [2023-10-10T01:19:22.940+0000] {dag.py:2915} INFO - Sync 1 DAGs
[2023-10-10T01:19:22.955+0000] {logging_mixin.py:151} INFO - [2023-10-10T01:19:22.955+0000] {dag.py:3696} INFO - Setting next_dagrun for example_kubernetes_executor to None, run_after=None
[2023-10-10T01:19:22.966+0000] {processor.py:179} INFO - Processing /home/airflow/.local/lib/python3.8/site-packages/airflow/example_dags/example_kubernetes_executor.py took 0.271 seconds
[2023-10-10T01:19:54.020+0000] {processor.py:157} INFO - Started process (PID=972) to work on /home/airflow/.local/lib/python3.8/site-packages/airflow/example_dags/example_kubernetes_executor.py
[2023-10-10T01:19:54.021+0000] {processor.py:829} INFO - Processing file /home/airflow/.local/lib/python3.8/site-packages/airflow/example_dags/example_kubernetes_executor.py for tasks to queue
[2023-10-10T01:19:54.022+0000] {logging_mixin.py:151} INFO - [2023-10-10T01:19:54.022+0000] {dagbag.py:539} INFO - Filling up the DagBag from /home/airflow/.local/lib/python3.8/site-packages/airflow/example_dags/example_kubernetes_executor.py
[2023-10-10T01:19:54.176+0000] {processor.py:839} INFO - DAG(s) dict_keys(['example_kubernetes_executor']) retrieved from /home/airflow/.local/lib/python3.8/site-packages/airflow/example_dags/example_kubernetes_executor.py
[2023-10-10T01:19:54.210+0000] {logging_mixin.py:151} INFO - [2023-10-10T01:19:54.209+0000] {dag.py:2915} INFO - Sync 1 DAGs
[2023-10-10T01:19:54.221+0000] {logging_mixin.py:151} INFO - [2023-10-10T01:19:54.221+0000] {dag.py:3696} INFO - Setting next_dagrun for example_kubernetes_executor to None, run_after=None
[2023-10-10T01:19:54.234+0000] {processor.py:179} INFO - Processing /home/airflow/.local/lib/python3.8/site-packages/airflow/example_dags/example_kubernetes_executor.py took 0.217 seconds
[2023-10-10T01:20:24.336+0000] {processor.py:157} INFO - Started process (PID=1210) to work on /home/airflow/.local/lib/python3.8/site-packages/airflow/example_dags/example_kubernetes_executor.py
[2023-10-10T01:20:24.337+0000] {processor.py:829} INFO - Processing file /home/airflow/.local/lib/python3.8/site-packages/airflow/example_dags/example_kubernetes_executor.py for tasks to queue
[2023-10-10T01:20:24.338+0000] {logging_mixin.py:151} INFO - [2023-10-10T01:20:24.338+0000] {dagbag.py:539} INFO - Filling up the DagBag from /home/airflow/.local/lib/python3.8/site-packages/airflow/example_dags/example_kubernetes_executor.py
[2023-10-10T01:20:24.510+0000] {processor.py:839} INFO - DAG(s) dict_keys(['example_kubernetes_executor']) retrieved from /home/airflow/.local/lib/python3.8/site-packages/airflow/example_dags/example_kubernetes_executor.py
[2023-10-10T01:20:24.545+0000] {logging_mixin.py:151} INFO - [2023-10-10T01:20:24.545+0000] {dag.py:2915} INFO - Sync 1 DAGs
[2023-10-10T01:20:24.554+0000] {logging_mixin.py:151} INFO - [2023-10-10T01:20:24.553+0000] {dag.py:3696} INFO - Setting next_dagrun for example_kubernetes_executor to None, run_after=None
[2023-10-10T01:20:24.564+0000] {processor.py:179} INFO - Processing /home/airflow/.local/lib/python3.8/site-packages/airflow/example_dags/example_kubernetes_executor.py took 0.234 seconds
[2023-10-10T01:20:55.541+0000] {processor.py:157} INFO - Started process (PID=1448) to work on /home/airflow/.local/lib/python3.8/site-packages/airflow/example_dags/example_kubernetes_executor.py
[2023-10-10T01:20:55.542+0000] {processor.py:829} INFO - Processing file /home/airflow/.local/lib/python3.8/site-packages/airflow/example_dags/example_kubernetes_executor.py for tasks to queue
[2023-10-10T01:20:55.543+0000] {logging_mixin.py:151} INFO - [2023-10-10T01:20:55.542+0000] {dagbag.py:539} INFO - Filling up the DagBag from /home/airflow/.local/lib/python3.8/site-packages/airflow/example_dags/example_kubernetes_executor.py
[2023-10-10T01:20:55.696+0000] {processor.py:839} INFO - DAG(s) dict_keys(['example_kubernetes_executor']) retrieved from /home/airflow/.local/lib/python3.8/site-packages/airflow/example_dags/example_kubernetes_executor.py
[2023-10-10T01:20:55.719+0000] {logging_mixin.py:151} INFO - [2023-10-10T01:20:55.718+0000] {dag.py:2915} INFO - Sync 1 DAGs
[2023-10-10T01:20:55.730+0000] {logging_mixin.py:151} INFO - [2023-10-10T01:20:55.730+0000] {dag.py:3696} INFO - Setting next_dagrun for example_kubernetes_executor to None, run_after=None
[2023-10-10T01:20:55.738+0000] {processor.py:179} INFO - Processing /home/airflow/.local/lib/python3.8/site-packages/airflow/example_dags/example_kubernetes_executor.py took 0.201 seconds
[2023-10-10T01:21:26.747+0000] {processor.py:157} INFO - Started process (PID=1686) to work on /home/airflow/.local/lib/python3.8/site-packages/airflow/example_dags/example_kubernetes_executor.py
[2023-10-10T01:21:26.748+0000] {processor.py:829} INFO - Processing file /home/airflow/.local/lib/python3.8/site-packages/airflow/example_dags/example_kubernetes_executor.py for tasks to queue
[2023-10-10T01:21:26.749+0000] {logging_mixin.py:151} INFO - [2023-10-10T01:21:26.748+0000] {dagbag.py:539} INFO - Filling up the DagBag from /home/airflow/.local/lib/python3.8/site-packages/airflow/example_dags/example_kubernetes_executor.py
[2023-10-10T01:21:26.895+0000] {processor.py:839} INFO - DAG(s) dict_keys(['example_kubernetes_executor']) retrieved from /home/airflow/.local/lib/python3.8/site-packages/airflow/example_dags/example_kubernetes_executor.py
[2023-10-10T01:21:26.928+0000] {logging_mixin.py:151} INFO - [2023-10-10T01:21:26.927+0000] {dag.py:2915} INFO - Sync 1 DAGs
[2023-10-10T01:21:26.935+0000] {logging_mixin.py:151} INFO - [2023-10-10T01:21:26.935+0000] {dag.py:3696} INFO - Setting next_dagrun for example_kubernetes_executor to None, run_after=None
[2023-10-10T01:21:26.943+0000] {processor.py:179} INFO - Processing /home/airflow/.local/lib/python3.8/site-packages/airflow/example_dags/example_kubernetes_executor.py took 0.200 seconds
[2023-10-10T01:21:57.967+0000] {processor.py:157} INFO - Started process (PID=1924) to work on /home/airflow/.local/lib/python3.8/site-packages/airflow/example_dags/example_kubernetes_executor.py
[2023-10-10T01:21:57.968+0000] {processor.py:829} INFO - Processing file /home/airflow/.local/lib/python3.8/site-packages/airflow/example_dags/example_kubernetes_executor.py for tasks to queue
[2023-10-10T01:21:57.969+0000] {logging_mixin.py:151} INFO - [2023-10-10T01:21:57.969+0000] {dagbag.py:539} INFO - Filling up the DagBag from /home/airflow/.local/lib/python3.8/site-packages/airflow/example_dags/example_kubernetes_executor.py
[2023-10-10T01:21:58.133+0000] {processor.py:839} INFO - DAG(s) dict_keys(['example_kubernetes_executor']) retrieved from /home/airflow/.local/lib/python3.8/site-packages/airflow/example_dags/example_kubernetes_executor.py
[2023-10-10T01:21:58.160+0000] {logging_mixin.py:151} INFO - [2023-10-10T01:21:58.159+0000] {dag.py:2915} INFO - Sync 1 DAGs
[2023-10-10T01:21:58.167+0000] {logging_mixin.py:151} INFO - [2023-10-10T01:21:58.167+0000] {dag.py:3696} INFO - Setting next_dagrun for example_kubernetes_executor to None, run_after=None
[2023-10-10T01:21:58.181+0000] {processor.py:179} INFO - Processing /home/airflow/.local/lib/python3.8/site-packages/airflow/example_dags/example_kubernetes_executor.py took 0.219 seconds
[2023-10-10T01:22:28.309+0000] {processor.py:157} INFO - Started process (PID=2162) to work on /home/airflow/.local/lib/python3.8/site-packages/airflow/example_dags/example_kubernetes_executor.py
[2023-10-10T01:22:28.312+0000] {processor.py:829} INFO - Processing file /home/airflow/.local/lib/python3.8/site-packages/airflow/example_dags/example_kubernetes_executor.py for tasks to queue
[2023-10-10T01:22:28.313+0000] {logging_mixin.py:151} INFO - [2023-10-10T01:22:28.313+0000] {dagbag.py:539} INFO - Filling up the DagBag from /home/airflow/.local/lib/python3.8/site-packages/airflow/example_dags/example_kubernetes_executor.py
[2023-10-10T01:22:28.463+0000] {processor.py:839} INFO - DAG(s) dict_keys(['example_kubernetes_executor']) retrieved from /home/airflow/.local/lib/python3.8/site-packages/airflow/example_dags/example_kubernetes_executor.py
[2023-10-10T01:22:28.493+0000] {logging_mixin.py:151} INFO - [2023-10-10T01:22:28.493+0000] {dag.py:2915} INFO - Sync 1 DAGs
[2023-10-10T01:22:28.503+0000] {logging_mixin.py:151} INFO - [2023-10-10T01:22:28.503+0000] {dag.py:3696} INFO - Setting next_dagrun for example_kubernetes_executor to None, run_after=None
[2023-10-10T01:22:28.512+0000] {processor.py:179} INFO - Processing /home/airflow/.local/lib/python3.8/site-packages/airflow/example_dags/example_kubernetes_executor.py took 0.207 seconds
[2023-10-10T01:22:59.453+0000] {processor.py:157} INFO - Started process (PID=2401) to work on /home/airflow/.local/lib/python3.8/site-packages/airflow/example_dags/example_kubernetes_executor.py
[2023-10-10T01:22:59.457+0000] {processor.py:829} INFO - Processing file /home/airflow/.local/lib/python3.8/site-packages/airflow/example_dags/example_kubernetes_executor.py for tasks to queue
[2023-10-10T01:22:59.458+0000] {logging_mixin.py:151} INFO - [2023-10-10T01:22:59.458+0000] {dagbag.py:539} INFO - Filling up the DagBag from /home/airflow/.local/lib/python3.8/site-packages/airflow/example_dags/example_kubernetes_executor.py
[2023-10-10T01:22:59.644+0000] {processor.py:839} INFO - DAG(s) dict_keys(['example_kubernetes_executor']) retrieved from /home/airflow/.local/lib/python3.8/site-packages/airflow/example_dags/example_kubernetes_executor.py
[2023-10-10T01:22:59.671+0000] {logging_mixin.py:151} INFO - [2023-10-10T01:22:59.671+0000] {dag.py:2915} INFO - Sync 1 DAGs
[2023-10-10T01:22:59.684+0000] {logging_mixin.py:151} INFO - [2023-10-10T01:22:59.684+0000] {dag.py:3696} INFO - Setting next_dagrun for example_kubernetes_executor to None, run_after=None
[2023-10-10T01:22:59.693+0000] {processor.py:179} INFO - Processing /home/airflow/.local/lib/python3.8/site-packages/airflow/example_dags/example_kubernetes_executor.py took 0.246 seconds
[2023-10-10T01:23:29.800+0000] {processor.py:157} INFO - Started process (PID=2639) to work on /home/airflow/.local/lib/python3.8/site-packages/airflow/example_dags/example_kubernetes_executor.py
[2023-10-10T01:23:29.802+0000] {processor.py:829} INFO - Processing file /home/airflow/.local/lib/python3.8/site-packages/airflow/example_dags/example_kubernetes_executor.py for tasks to queue
[2023-10-10T01:23:29.803+0000] {logging_mixin.py:151} INFO - [2023-10-10T01:23:29.803+0000] {dagbag.py:539} INFO - Filling up the DagBag from /home/airflow/.local/lib/python3.8/site-packages/airflow/example_dags/example_kubernetes_executor.py
[2023-10-10T01:23:29.982+0000] {processor.py:839} INFO - DAG(s) dict_keys(['example_kubernetes_executor']) retrieved from /home/airflow/.local/lib/python3.8/site-packages/airflow/example_dags/example_kubernetes_executor.py
[2023-10-10T01:23:30.013+0000] {logging_mixin.py:151} INFO - [2023-10-10T01:23:30.013+0000] {dag.py:2915} INFO - Sync 1 DAGs
[2023-10-10T01:23:30.020+0000] {logging_mixin.py:151} INFO - [2023-10-10T01:23:30.020+0000] {dag.py:3696} INFO - Setting next_dagrun for example_kubernetes_executor to None, run_after=None
[2023-10-10T01:23:30.030+0000] {processor.py:179} INFO - Processing /home/airflow/.local/lib/python3.8/site-packages/airflow/example_dags/example_kubernetes_executor.py took 0.235 seconds
[2023-10-10T01:24:01.103+0000] {processor.py:157} INFO - Started process (PID=2876) to work on /home/airflow/.local/lib/python3.8/site-packages/airflow/example_dags/example_kubernetes_executor.py
[2023-10-10T01:24:01.105+0000] {processor.py:829} INFO - Processing file /home/airflow/.local/lib/python3.8/site-packages/airflow/example_dags/example_kubernetes_executor.py for tasks to queue
[2023-10-10T01:24:01.107+0000] {logging_mixin.py:151} INFO - [2023-10-10T01:24:01.106+0000] {dagbag.py:539} INFO - Filling up the DagBag from /home/airflow/.local/lib/python3.8/site-packages/airflow/example_dags/example_kubernetes_executor.py
[2023-10-10T01:24:01.281+0000] {processor.py:839} INFO - DAG(s) dict_keys(['example_kubernetes_executor']) retrieved from /home/airflow/.local/lib/python3.8/site-packages/airflow/example_dags/example_kubernetes_executor.py
[2023-10-10T01:24:01.317+0000] {logging_mixin.py:151} INFO - [2023-10-10T01:24:01.316+0000] {dag.py:2915} INFO - Sync 1 DAGs
[2023-10-10T01:24:01.329+0000] {logging_mixin.py:151} INFO - [2023-10-10T01:24:01.329+0000] {dag.py:3696} INFO - Setting next_dagrun for example_kubernetes_executor to None, run_after=None
[2023-10-10T01:24:01.338+0000] {processor.py:179} INFO - Processing /home/airflow/.local/lib/python3.8/site-packages/airflow/example_dags/example_kubernetes_executor.py took 0.240 seconds
[2023-10-10T01:24:32.355+0000] {processor.py:157} INFO - Started process (PID=3114) to work on /home/airflow/.local/lib/python3.8/site-packages/airflow/example_dags/example_kubernetes_executor.py
[2023-10-10T01:24:32.357+0000] {processor.py:829} INFO - Processing file /home/airflow/.local/lib/python3.8/site-packages/airflow/example_dags/example_kubernetes_executor.py for tasks to queue
[2023-10-10T01:24:32.358+0000] {logging_mixin.py:151} INFO - [2023-10-10T01:24:32.358+0000] {dagbag.py:539} INFO - Filling up the DagBag from /home/airflow/.local/lib/python3.8/site-packages/airflow/example_dags/example_kubernetes_executor.py
[2023-10-10T01:24:32.540+0000] {processor.py:839} INFO - DAG(s) dict_keys(['example_kubernetes_executor']) retrieved from /home/airflow/.local/lib/python3.8/site-packages/airflow/example_dags/example_kubernetes_executor.py
[2023-10-10T01:24:32.577+0000] {logging_mixin.py:151} INFO - [2023-10-10T01:24:32.577+0000] {dag.py:2915} INFO - Sync 1 DAGs
[2023-10-10T01:24:32.586+0000] {logging_mixin.py:151} INFO - [2023-10-10T01:24:32.586+0000] {dag.py:3696} INFO - Setting next_dagrun for example_kubernetes_executor to None, run_after=None
[2023-10-10T01:24:32.596+0000] {processor.py:179} INFO - Processing /home/airflow/.local/lib/python3.8/site-packages/airflow/example_dags/example_kubernetes_executor.py took 0.246 seconds
[2023-10-10T01:25:03.591+0000] {processor.py:157} INFO - Started process (PID=3352) to work on /home/airflow/.local/lib/python3.8/site-packages/airflow/example_dags/example_kubernetes_executor.py
[2023-10-10T01:25:03.593+0000] {processor.py:829} INFO - Processing file /home/airflow/.local/lib/python3.8/site-packages/airflow/example_dags/example_kubernetes_executor.py for tasks to queue
[2023-10-10T01:25:03.594+0000] {logging_mixin.py:151} INFO - [2023-10-10T01:25:03.593+0000] {dagbag.py:539} INFO - Filling up the DagBag from /home/airflow/.local/lib/python3.8/site-packages/airflow/example_dags/example_kubernetes_executor.py
[2023-10-10T01:25:03.771+0000] {processor.py:839} INFO - DAG(s) dict_keys(['example_kubernetes_executor']) retrieved from /home/airflow/.local/lib/python3.8/site-packages/airflow/example_dags/example_kubernetes_executor.py
[2023-10-10T01:25:03.801+0000] {logging_mixin.py:151} INFO - [2023-10-10T01:25:03.801+0000] {dag.py:2915} INFO - Sync 1 DAGs
[2023-10-10T01:25:03.809+0000] {logging_mixin.py:151} INFO - [2023-10-10T01:25:03.809+0000] {dag.py:3696} INFO - Setting next_dagrun for example_kubernetes_executor to None, run_after=None
[2023-10-10T01:25:03.822+0000] {processor.py:179} INFO - Processing /home/airflow/.local/lib/python3.8/site-packages/airflow/example_dags/example_kubernetes_executor.py took 0.234 seconds
[2023-10-10T01:25:34.885+0000] {processor.py:157} INFO - Started process (PID=3590) to work on /home/airflow/.local/lib/python3.8/site-packages/airflow/example_dags/example_kubernetes_executor.py
[2023-10-10T01:25:34.886+0000] {processor.py:829} INFO - Processing file /home/airflow/.local/lib/python3.8/site-packages/airflow/example_dags/example_kubernetes_executor.py for tasks to queue
[2023-10-10T01:25:34.887+0000] {logging_mixin.py:151} INFO - [2023-10-10T01:25:34.887+0000] {dagbag.py:539} INFO - Filling up the DagBag from /home/airflow/.local/lib/python3.8/site-packages/airflow/example_dags/example_kubernetes_executor.py
[2023-10-10T01:25:35.063+0000] {processor.py:839} INFO - DAG(s) dict_keys(['example_kubernetes_executor']) retrieved from /home/airflow/.local/lib/python3.8/site-packages/airflow/example_dags/example_kubernetes_executor.py
[2023-10-10T01:25:35.096+0000] {logging_mixin.py:151} INFO - [2023-10-10T01:25:35.096+0000] {dag.py:2915} INFO - Sync 1 DAGs
[2023-10-10T01:25:35.104+0000] {logging_mixin.py:151} INFO - [2023-10-10T01:25:35.104+0000] {dag.py:3696} INFO - Setting next_dagrun for example_kubernetes_executor to None, run_after=None
[2023-10-10T01:25:35.114+0000] {processor.py:179} INFO - Processing /home/airflow/.local/lib/python3.8/site-packages/airflow/example_dags/example_kubernetes_executor.py took 0.234 seconds
[2023-10-10T01:26:06.187+0000] {processor.py:157} INFO - Started process (PID=3828) to work on /home/airflow/.local/lib/python3.8/site-packages/airflow/example_dags/example_kubernetes_executor.py
[2023-10-10T01:26:06.189+0000] {processor.py:829} INFO - Processing file /home/airflow/.local/lib/python3.8/site-packages/airflow/example_dags/example_kubernetes_executor.py for tasks to queue
[2023-10-10T01:26:06.190+0000] {logging_mixin.py:151} INFO - [2023-10-10T01:26:06.189+0000] {dagbag.py:539} INFO - Filling up the DagBag from /home/airflow/.local/lib/python3.8/site-packages/airflow/example_dags/example_kubernetes_executor.py
[2023-10-10T01:26:06.370+0000] {processor.py:839} INFO - DAG(s) dict_keys(['example_kubernetes_executor']) retrieved from /home/airflow/.local/lib/python3.8/site-packages/airflow/example_dags/example_kubernetes_executor.py
[2023-10-10T01:26:06.401+0000] {logging_mixin.py:151} INFO - [2023-10-10T01:26:06.401+0000] {dag.py:2915} INFO - Sync 1 DAGs
[2023-10-10T01:26:06.409+0000] {logging_mixin.py:151} INFO - [2023-10-10T01:26:06.409+0000] {dag.py:3696} INFO - Setting next_dagrun for example_kubernetes_executor to None, run_after=None
[2023-10-10T01:26:06.421+0000] {processor.py:179} INFO - Processing /home/airflow/.local/lib/python3.8/site-packages/airflow/example_dags/example_kubernetes_executor.py took 0.239 seconds
[2023-10-10T01:26:37.469+0000] {processor.py:157} INFO - Started process (PID=4067) to work on /home/airflow/.local/lib/python3.8/site-packages/airflow/example_dags/example_kubernetes_executor.py
[2023-10-10T01:26:37.470+0000] {processor.py:829} INFO - Processing file /home/airflow/.local/lib/python3.8/site-packages/airflow/example_dags/example_kubernetes_executor.py for tasks to queue
[2023-10-10T01:26:37.471+0000] {logging_mixin.py:151} INFO - [2023-10-10T01:26:37.470+0000] {dagbag.py:539} INFO - Filling up the DagBag from /home/airflow/.local/lib/python3.8/site-packages/airflow/example_dags/example_kubernetes_executor.py
[2023-10-10T01:26:37.642+0000] {processor.py:839} INFO - DAG(s) dict_keys(['example_kubernetes_executor']) retrieved from /home/airflow/.local/lib/python3.8/site-packages/airflow/example_dags/example_kubernetes_executor.py
[2023-10-10T01:26:37.676+0000] {logging_mixin.py:151} INFO - [2023-10-10T01:26:37.676+0000] {dag.py:2915} INFO - Sync 1 DAGs
[2023-10-10T01:26:37.684+0000] {logging_mixin.py:151} INFO - [2023-10-10T01:26:37.684+0000] {dag.py:3696} INFO - Setting next_dagrun for example_kubernetes_executor to None, run_after=None
[2023-10-10T01:26:37.694+0000] {processor.py:179} INFO - Processing /home/airflow/.local/lib/python3.8/site-packages/airflow/example_dags/example_kubernetes_executor.py took 0.228 seconds
[2023-10-10T01:27:08.667+0000] {processor.py:157} INFO - Started process (PID=4305) to work on /home/airflow/.local/lib/python3.8/site-packages/airflow/example_dags/example_kubernetes_executor.py
[2023-10-10T01:27:08.670+0000] {processor.py:829} INFO - Processing file /home/airflow/.local/lib/python3.8/site-packages/airflow/example_dags/example_kubernetes_executor.py for tasks to queue
[2023-10-10T01:27:08.671+0000] {logging_mixin.py:151} INFO - [2023-10-10T01:27:08.670+0000] {dagbag.py:539} INFO - Filling up the DagBag from /home/airflow/.local/lib/python3.8/site-packages/airflow/example_dags/example_kubernetes_executor.py
[2023-10-10T01:27:08.835+0000] {processor.py:839} INFO - DAG(s) dict_keys(['example_kubernetes_executor']) retrieved from /home/airflow/.local/lib/python3.8/site-packages/airflow/example_dags/example_kubernetes_executor.py
[2023-10-10T01:27:08.865+0000] {logging_mixin.py:151} INFO - [2023-10-10T01:27:08.865+0000] {dag.py:2915} INFO - Sync 1 DAGs
[2023-10-10T01:27:08.873+0000] {logging_mixin.py:151} INFO - [2023-10-10T01:27:08.873+0000] {dag.py:3696} INFO - Setting next_dagrun for example_kubernetes_executor to None, run_after=None
[2023-10-10T01:27:08.883+0000] {processor.py:179} INFO - Processing /home/airflow/.local/lib/python3.8/site-packages/airflow/example_dags/example_kubernetes_executor.py took 0.222 seconds
[2023-10-10T01:27:39.881+0000] {processor.py:157} INFO - Started process (PID=4543) to work on /home/airflow/.local/lib/python3.8/site-packages/airflow/example_dags/example_kubernetes_executor.py
[2023-10-10T01:27:39.883+0000] {processor.py:829} INFO - Processing file /home/airflow/.local/lib/python3.8/site-packages/airflow/example_dags/example_kubernetes_executor.py for tasks to queue
[2023-10-10T01:27:39.884+0000] {logging_mixin.py:151} INFO - [2023-10-10T01:27:39.884+0000] {dagbag.py:539} INFO - Filling up the DagBag from /home/airflow/.local/lib/python3.8/site-packages/airflow/example_dags/example_kubernetes_executor.py
[2023-10-10T01:27:40.052+0000] {processor.py:839} INFO - DAG(s) dict_keys(['example_kubernetes_executor']) retrieved from /home/airflow/.local/lib/python3.8/site-packages/airflow/example_dags/example_kubernetes_executor.py
[2023-10-10T01:27:40.080+0000] {logging_mixin.py:151} INFO - [2023-10-10T01:27:40.080+0000] {dag.py:2915} INFO - Sync 1 DAGs
[2023-10-10T01:27:40.088+0000] {logging_mixin.py:151} INFO - [2023-10-10T01:27:40.088+0000] {dag.py:3696} INFO - Setting next_dagrun for example_kubernetes_executor to None, run_after=None
[2023-10-10T01:27:40.097+0000] {processor.py:179} INFO - Processing /home/airflow/.local/lib/python3.8/site-packages/airflow/example_dags/example_kubernetes_executor.py took 0.219 seconds
[2023-10-10T01:28:11.157+0000] {processor.py:157} INFO - Started process (PID=4781) to work on /home/airflow/.local/lib/python3.8/site-packages/airflow/example_dags/example_kubernetes_executor.py
[2023-10-10T01:28:11.159+0000] {processor.py:829} INFO - Processing file /home/airflow/.local/lib/python3.8/site-packages/airflow/example_dags/example_kubernetes_executor.py for tasks to queue
[2023-10-10T01:28:11.163+0000] {logging_mixin.py:151} INFO - [2023-10-10T01:28:11.162+0000] {dagbag.py:539} INFO - Filling up the DagBag from /home/airflow/.local/lib/python3.8/site-packages/airflow/example_dags/example_kubernetes_executor.py
[2023-10-10T01:28:11.335+0000] {processor.py:839} INFO - DAG(s) dict_keys(['example_kubernetes_executor']) retrieved from /home/airflow/.local/lib/python3.8/site-packages/airflow/example_dags/example_kubernetes_executor.py
[2023-10-10T01:28:11.375+0000] {logging_mixin.py:151} INFO - [2023-10-10T01:28:11.375+0000] {dag.py:2915} INFO - Sync 1 DAGs
[2023-10-10T01:28:11.384+0000] {logging_mixin.py:151} INFO - [2023-10-10T01:28:11.384+0000] {dag.py:3696} INFO - Setting next_dagrun for example_kubernetes_executor to None, run_after=None
[2023-10-10T01:28:11.402+0000] {processor.py:179} INFO - Processing /home/airflow/.local/lib/python3.8/site-packages/airflow/example_dags/example_kubernetes_executor.py took 0.250 seconds
[2023-10-10T01:28:42.518+0000] {processor.py:157} INFO - Started process (PID=5019) to work on /home/airflow/.local/lib/python3.8/site-packages/airflow/example_dags/example_kubernetes_executor.py
[2023-10-10T01:28:42.521+0000] {processor.py:829} INFO - Processing file /home/airflow/.local/lib/python3.8/site-packages/airflow/example_dags/example_kubernetes_executor.py for tasks to queue
[2023-10-10T01:28:42.523+0000] {logging_mixin.py:151} INFO - [2023-10-10T01:28:42.522+0000] {dagbag.py:539} INFO - Filling up the DagBag from /home/airflow/.local/lib/python3.8/site-packages/airflow/example_dags/example_kubernetes_executor.py
[2023-10-10T01:28:42.714+0000] {processor.py:839} INFO - DAG(s) dict_keys(['example_kubernetes_executor']) retrieved from /home/airflow/.local/lib/python3.8/site-packages/airflow/example_dags/example_kubernetes_executor.py
[2023-10-10T01:28:42.750+0000] {logging_mixin.py:151} INFO - [2023-10-10T01:28:42.750+0000] {dag.py:2915} INFO - Sync 1 DAGs
[2023-10-10T01:28:42.761+0000] {logging_mixin.py:151} INFO - [2023-10-10T01:28:42.761+0000] {dag.py:3696} INFO - Setting next_dagrun for example_kubernetes_executor to None, run_after=None
[2023-10-10T01:28:42.792+0000] {processor.py:179} INFO - Processing /home/airflow/.local/lib/python3.8/site-packages/airflow/example_dags/example_kubernetes_executor.py took 0.278 seconds
[2023-10-10T01:29:13.841+0000] {processor.py:157} INFO - Started process (PID=5257) to work on /home/airflow/.local/lib/python3.8/site-packages/airflow/example_dags/example_kubernetes_executor.py
[2023-10-10T01:29:13.844+0000] {processor.py:829} INFO - Processing file /home/airflow/.local/lib/python3.8/site-packages/airflow/example_dags/example_kubernetes_executor.py for tasks to queue
[2023-10-10T01:29:13.845+0000] {logging_mixin.py:151} INFO - [2023-10-10T01:29:13.845+0000] {dagbag.py:539} INFO - Filling up the DagBag from /home/airflow/.local/lib/python3.8/site-packages/airflow/example_dags/example_kubernetes_executor.py
[2023-10-10T01:29:14.019+0000] {processor.py:839} INFO - DAG(s) dict_keys(['example_kubernetes_executor']) retrieved from /home/airflow/.local/lib/python3.8/site-packages/airflow/example_dags/example_kubernetes_executor.py
[2023-10-10T01:29:14.049+0000] {logging_mixin.py:151} INFO - [2023-10-10T01:29:14.049+0000] {dag.py:2915} INFO - Sync 1 DAGs
[2023-10-10T01:29:14.057+0000] {logging_mixin.py:151} INFO - [2023-10-10T01:29:14.057+0000] {dag.py:3696} INFO - Setting next_dagrun for example_kubernetes_executor to None, run_after=None
[2023-10-10T01:29:14.066+0000] {processor.py:179} INFO - Processing /home/airflow/.local/lib/python3.8/site-packages/airflow/example_dags/example_kubernetes_executor.py took 0.231 seconds
[2023-10-10T01:29:45.041+0000] {processor.py:157} INFO - Started process (PID=5495) to work on /home/airflow/.local/lib/python3.8/site-packages/airflow/example_dags/example_kubernetes_executor.py
[2023-10-10T01:29:45.043+0000] {processor.py:829} INFO - Processing file /home/airflow/.local/lib/python3.8/site-packages/airflow/example_dags/example_kubernetes_executor.py for tasks to queue
[2023-10-10T01:29:45.044+0000] {logging_mixin.py:151} INFO - [2023-10-10T01:29:45.043+0000] {dagbag.py:539} INFO - Filling up the DagBag from /home/airflow/.local/lib/python3.8/site-packages/airflow/example_dags/example_kubernetes_executor.py
[2023-10-10T01:29:45.216+0000] {processor.py:839} INFO - DAG(s) dict_keys(['example_kubernetes_executor']) retrieved from /home/airflow/.local/lib/python3.8/site-packages/airflow/example_dags/example_kubernetes_executor.py
[2023-10-10T01:29:45.254+0000] {logging_mixin.py:151} INFO - [2023-10-10T01:29:45.254+0000] {dag.py:2915} INFO - Sync 1 DAGs
[2023-10-10T01:29:45.263+0000] {logging_mixin.py:151} INFO - [2023-10-10T01:29:45.263+0000] {dag.py:3696} INFO - Setting next_dagrun for example_kubernetes_executor to None, run_after=None
[2023-10-10T01:29:45.275+0000] {processor.py:179} INFO - Processing /home/airflow/.local/lib/python3.8/site-packages/airflow/example_dags/example_kubernetes_executor.py took 0.238 seconds
[2023-10-10T01:30:16.344+0000] {processor.py:157} INFO - Started process (PID=5740) to work on /home/airflow/.local/lib/python3.8/site-packages/airflow/example_dags/example_kubernetes_executor.py
[2023-10-10T01:30:16.352+0000] {processor.py:829} INFO - Processing file /home/airflow/.local/lib/python3.8/site-packages/airflow/example_dags/example_kubernetes_executor.py for tasks to queue
[2023-10-10T01:30:16.353+0000] {logging_mixin.py:151} INFO - [2023-10-10T01:30:16.352+0000] {dagbag.py:539} INFO - Filling up the DagBag from /home/airflow/.local/lib/python3.8/site-packages/airflow/example_dags/example_kubernetes_executor.py
[2023-10-10T01:30:16.565+0000] {processor.py:839} INFO - DAG(s) dict_keys(['example_kubernetes_executor']) retrieved from /home/airflow/.local/lib/python3.8/site-packages/airflow/example_dags/example_kubernetes_executor.py
[2023-10-10T01:30:16.603+0000] {logging_mixin.py:151} INFO - [2023-10-10T01:30:16.603+0000] {dag.py:2915} INFO - Sync 1 DAGs
[2023-10-10T01:30:16.610+0000] {logging_mixin.py:151} INFO - [2023-10-10T01:30:16.610+0000] {dag.py:3696} INFO - Setting next_dagrun for example_kubernetes_executor to None, run_after=None
[2023-10-10T01:30:16.624+0000] {processor.py:179} INFO - Processing /home/airflow/.local/lib/python3.8/site-packages/airflow/example_dags/example_kubernetes_executor.py took 0.286 seconds
[2023-10-10T01:30:47.615+0000] {processor.py:157} INFO - Started process (PID=5979) to work on /home/airflow/.local/lib/python3.8/site-packages/airflow/example_dags/example_kubernetes_executor.py
[2023-10-10T01:30:47.617+0000] {processor.py:829} INFO - Processing file /home/airflow/.local/lib/python3.8/site-packages/airflow/example_dags/example_kubernetes_executor.py for tasks to queue
[2023-10-10T01:30:47.618+0000] {logging_mixin.py:151} INFO - [2023-10-10T01:30:47.618+0000] {dagbag.py:539} INFO - Filling up the DagBag from /home/airflow/.local/lib/python3.8/site-packages/airflow/example_dags/example_kubernetes_executor.py
[2023-10-10T01:30:47.796+0000] {processor.py:839} INFO - DAG(s) dict_keys(['example_kubernetes_executor']) retrieved from /home/airflow/.local/lib/python3.8/site-packages/airflow/example_dags/example_kubernetes_executor.py
[2023-10-10T01:30:47.827+0000] {logging_mixin.py:151} INFO - [2023-10-10T01:30:47.827+0000] {dag.py:2915} INFO - Sync 1 DAGs
[2023-10-10T01:30:47.838+0000] {logging_mixin.py:151} INFO - [2023-10-10T01:30:47.838+0000] {dag.py:3696} INFO - Setting next_dagrun for example_kubernetes_executor to None, run_after=None
[2023-10-10T01:30:47.848+0000] {processor.py:179} INFO - Processing /home/airflow/.local/lib/python3.8/site-packages/airflow/example_dags/example_kubernetes_executor.py took 0.241 seconds
[2023-10-10T01:31:18.223+0000] {processor.py:157} INFO - Started process (PID=6217) to work on /home/airflow/.local/lib/python3.8/site-packages/airflow/example_dags/example_kubernetes_executor.py
[2023-10-10T01:31:18.224+0000] {processor.py:829} INFO - Processing file /home/airflow/.local/lib/python3.8/site-packages/airflow/example_dags/example_kubernetes_executor.py for tasks to queue
[2023-10-10T01:31:18.225+0000] {logging_mixin.py:151} INFO - [2023-10-10T01:31:18.224+0000] {dagbag.py:539} INFO - Filling up the DagBag from /home/airflow/.local/lib/python3.8/site-packages/airflow/example_dags/example_kubernetes_executor.py
[2023-10-10T01:31:18.405+0000] {processor.py:839} INFO - DAG(s) dict_keys(['example_kubernetes_executor']) retrieved from /home/airflow/.local/lib/python3.8/site-packages/airflow/example_dags/example_kubernetes_executor.py
[2023-10-10T01:31:18.463+0000] {logging_mixin.py:151} INFO - [2023-10-10T01:31:18.463+0000] {dag.py:2915} INFO - Sync 1 DAGs
[2023-10-10T01:31:18.477+0000] {logging_mixin.py:151} INFO - [2023-10-10T01:31:18.477+0000] {dag.py:3696} INFO - Setting next_dagrun for example_kubernetes_executor to None, run_after=None
[2023-10-10T01:31:18.491+0000] {processor.py:179} INFO - Processing /home/airflow/.local/lib/python3.8/site-packages/airflow/example_dags/example_kubernetes_executor.py took 0.273 seconds
