[2023-10-10T01:18:19.856+0000] {processor.py:157} INFO - Started process (PID=192) to work on /home/airflow/.local/lib/python3.8/site-packages/airflow/example_dags/example_branch_day_of_week_operator.py
[2023-10-10T01:18:19.857+0000] {processor.py:829} INFO - Processing file /home/airflow/.local/lib/python3.8/site-packages/airflow/example_dags/example_branch_day_of_week_operator.py for tasks to queue
[2023-10-10T01:18:19.858+0000] {logging_mixin.py:151} INFO - [2023-10-10T01:18:19.857+0000] {dagbag.py:539} INFO - Filling up the DagBag from /home/airflow/.local/lib/python3.8/site-packages/airflow/example_dags/example_branch_day_of_week_operator.py
[2023-10-10T01:18:19.864+0000] {processor.py:839} INFO - DAG(s) dict_keys(['example_weekday_branch_operator']) retrieved from /home/airflow/.local/lib/python3.8/site-packages/airflow/example_dags/example_branch_day_of_week_operator.py
[2023-10-10T01:18:19.873+0000] {logging_mixin.py:151} INFO - [2023-10-10T01:18:19.873+0000] {dag.py:2915} INFO - Sync 1 DAGs
[2023-10-10T01:18:19.887+0000] {logging_mixin.py:151} INFO - [2023-10-10T01:18:19.887+0000] {dag.py:3696} INFO - Setting next_dagrun for example_weekday_branch_operator to 2023-10-09T00:00:00+00:00, run_after=2023-10-10T00:00:00+00:00
[2023-10-10T01:18:19.942+0000] {processor.py:179} INFO - Processing /home/airflow/.local/lib/python3.8/site-packages/airflow/example_dags/example_branch_day_of_week_operator.py took 0.088 seconds
[2023-10-10T01:18:50.080+0000] {processor.py:157} INFO - Started process (PID=430) to work on /home/airflow/.local/lib/python3.8/site-packages/airflow/example_dags/example_branch_day_of_week_operator.py
[2023-10-10T01:18:50.081+0000] {processor.py:829} INFO - Processing file /home/airflow/.local/lib/python3.8/site-packages/airflow/example_dags/example_branch_day_of_week_operator.py for tasks to queue
[2023-10-10T01:18:50.082+0000] {logging_mixin.py:151} INFO - [2023-10-10T01:18:50.081+0000] {dagbag.py:539} INFO - Filling up the DagBag from /home/airflow/.local/lib/python3.8/site-packages/airflow/example_dags/example_branch_day_of_week_operator.py
[2023-10-10T01:18:50.086+0000] {processor.py:839} INFO - DAG(s) dict_keys(['example_weekday_branch_operator']) retrieved from /home/airflow/.local/lib/python3.8/site-packages/airflow/example_dags/example_branch_day_of_week_operator.py
[2023-10-10T01:18:50.099+0000] {logging_mixin.py:151} INFO - [2023-10-10T01:18:50.099+0000] {dag.py:2915} INFO - Sync 1 DAGs
[2023-10-10T01:18:50.109+0000] {logging_mixin.py:151} INFO - [2023-10-10T01:18:50.109+0000] {dag.py:3696} INFO - Setting next_dagrun for example_weekday_branch_operator to 2023-10-09T00:00:00+00:00, run_after=2023-10-10T00:00:00+00:00
[2023-10-10T01:18:50.117+0000] {processor.py:179} INFO - Processing /home/airflow/.local/lib/python3.8/site-packages/airflow/example_dags/example_branch_day_of_week_operator.py took 0.039 seconds
[2023-10-10T01:19:20.235+0000] {processor.py:157} INFO - Started process (PID=668) to work on /home/airflow/.local/lib/python3.8/site-packages/airflow/example_dags/example_branch_day_of_week_operator.py
[2023-10-10T01:19:20.236+0000] {processor.py:829} INFO - Processing file /home/airflow/.local/lib/python3.8/site-packages/airflow/example_dags/example_branch_day_of_week_operator.py for tasks to queue
[2023-10-10T01:19:20.236+0000] {logging_mixin.py:151} INFO - [2023-10-10T01:19:20.236+0000] {dagbag.py:539} INFO - Filling up the DagBag from /home/airflow/.local/lib/python3.8/site-packages/airflow/example_dags/example_branch_day_of_week_operator.py
[2023-10-10T01:19:20.240+0000] {processor.py:839} INFO - DAG(s) dict_keys(['example_weekday_branch_operator']) retrieved from /home/airflow/.local/lib/python3.8/site-packages/airflow/example_dags/example_branch_day_of_week_operator.py
[2023-10-10T01:19:20.256+0000] {logging_mixin.py:151} INFO - [2023-10-10T01:19:20.256+0000] {dag.py:2915} INFO - Sync 1 DAGs
[2023-10-10T01:19:20.271+0000] {logging_mixin.py:151} INFO - [2023-10-10T01:19:20.271+0000] {dag.py:3696} INFO - Setting next_dagrun for example_weekday_branch_operator to 2023-10-09T00:00:00+00:00, run_after=2023-10-10T00:00:00+00:00
[2023-10-10T01:19:20.280+0000] {processor.py:179} INFO - Processing /home/airflow/.local/lib/python3.8/site-packages/airflow/example_dags/example_branch_day_of_week_operator.py took 0.047 seconds
[2023-10-10T01:19:50.501+0000] {processor.py:157} INFO - Started process (PID=907) to work on /home/airflow/.local/lib/python3.8/site-packages/airflow/example_dags/example_branch_day_of_week_operator.py
[2023-10-10T01:19:50.502+0000] {processor.py:829} INFO - Processing file /home/airflow/.local/lib/python3.8/site-packages/airflow/example_dags/example_branch_day_of_week_operator.py for tasks to queue
[2023-10-10T01:19:50.503+0000] {logging_mixin.py:151} INFO - [2023-10-10T01:19:50.503+0000] {dagbag.py:539} INFO - Filling up the DagBag from /home/airflow/.local/lib/python3.8/site-packages/airflow/example_dags/example_branch_day_of_week_operator.py
[2023-10-10T01:19:50.509+0000] {processor.py:839} INFO - DAG(s) dict_keys(['example_weekday_branch_operator']) retrieved from /home/airflow/.local/lib/python3.8/site-packages/airflow/example_dags/example_branch_day_of_week_operator.py
[2023-10-10T01:19:50.523+0000] {logging_mixin.py:151} INFO - [2023-10-10T01:19:50.522+0000] {dag.py:2915} INFO - Sync 1 DAGs
[2023-10-10T01:19:50.533+0000] {logging_mixin.py:151} INFO - [2023-10-10T01:19:50.533+0000] {dag.py:3696} INFO - Setting next_dagrun for example_weekday_branch_operator to 2023-10-09T00:00:00+00:00, run_after=2023-10-10T00:00:00+00:00
[2023-10-10T01:19:50.541+0000] {processor.py:179} INFO - Processing /home/airflow/.local/lib/python3.8/site-packages/airflow/example_dags/example_branch_day_of_week_operator.py took 0.041 seconds
[2023-10-10T01:20:20.767+0000] {processor.py:157} INFO - Started process (PID=1145) to work on /home/airflow/.local/lib/python3.8/site-packages/airflow/example_dags/example_branch_day_of_week_operator.py
[2023-10-10T01:20:20.768+0000] {processor.py:829} INFO - Processing file /home/airflow/.local/lib/python3.8/site-packages/airflow/example_dags/example_branch_day_of_week_operator.py for tasks to queue
[2023-10-10T01:20:20.768+0000] {logging_mixin.py:151} INFO - [2023-10-10T01:20:20.768+0000] {dagbag.py:539} INFO - Filling up the DagBag from /home/airflow/.local/lib/python3.8/site-packages/airflow/example_dags/example_branch_day_of_week_operator.py
[2023-10-10T01:20:20.773+0000] {processor.py:839} INFO - DAG(s) dict_keys(['example_weekday_branch_operator']) retrieved from /home/airflow/.local/lib/python3.8/site-packages/airflow/example_dags/example_branch_day_of_week_operator.py
[2023-10-10T01:20:20.788+0000] {logging_mixin.py:151} INFO - [2023-10-10T01:20:20.788+0000] {dag.py:2915} INFO - Sync 1 DAGs
[2023-10-10T01:20:20.798+0000] {logging_mixin.py:151} INFO - [2023-10-10T01:20:20.798+0000] {dag.py:3696} INFO - Setting next_dagrun for example_weekday_branch_operator to 2023-10-09T00:00:00+00:00, run_after=2023-10-10T00:00:00+00:00
[2023-10-10T01:20:20.805+0000] {processor.py:179} INFO - Processing /home/airflow/.local/lib/python3.8/site-packages/airflow/example_dags/example_branch_day_of_week_operator.py took 0.040 seconds
[2023-10-10T01:20:51.075+0000] {processor.py:157} INFO - Started process (PID=1383) to work on /home/airflow/.local/lib/python3.8/site-packages/airflow/example_dags/example_branch_day_of_week_operator.py
[2023-10-10T01:20:51.076+0000] {processor.py:829} INFO - Processing file /home/airflow/.local/lib/python3.8/site-packages/airflow/example_dags/example_branch_day_of_week_operator.py for tasks to queue
[2023-10-10T01:20:51.076+0000] {logging_mixin.py:151} INFO - [2023-10-10T01:20:51.076+0000] {dagbag.py:539} INFO - Filling up the DagBag from /home/airflow/.local/lib/python3.8/site-packages/airflow/example_dags/example_branch_day_of_week_operator.py
[2023-10-10T01:20:51.080+0000] {processor.py:839} INFO - DAG(s) dict_keys(['example_weekday_branch_operator']) retrieved from /home/airflow/.local/lib/python3.8/site-packages/airflow/example_dags/example_branch_day_of_week_operator.py
[2023-10-10T01:20:51.093+0000] {logging_mixin.py:151} INFO - [2023-10-10T01:20:51.093+0000] {dag.py:2915} INFO - Sync 1 DAGs
[2023-10-10T01:20:51.103+0000] {logging_mixin.py:151} INFO - [2023-10-10T01:20:51.103+0000] {dag.py:3696} INFO - Setting next_dagrun for example_weekday_branch_operator to 2023-10-09T00:00:00+00:00, run_after=2023-10-10T00:00:00+00:00
[2023-10-10T01:20:51.111+0000] {processor.py:179} INFO - Processing /home/airflow/.local/lib/python3.8/site-packages/airflow/example_dags/example_branch_day_of_week_operator.py took 0.038 seconds
[2023-10-10T01:21:21.250+0000] {processor.py:157} INFO - Started process (PID=1621) to work on /home/airflow/.local/lib/python3.8/site-packages/airflow/example_dags/example_branch_day_of_week_operator.py
[2023-10-10T01:21:21.251+0000] {processor.py:829} INFO - Processing file /home/airflow/.local/lib/python3.8/site-packages/airflow/example_dags/example_branch_day_of_week_operator.py for tasks to queue
[2023-10-10T01:21:21.252+0000] {logging_mixin.py:151} INFO - [2023-10-10T01:21:21.251+0000] {dagbag.py:539} INFO - Filling up the DagBag from /home/airflow/.local/lib/python3.8/site-packages/airflow/example_dags/example_branch_day_of_week_operator.py
[2023-10-10T01:21:21.256+0000] {processor.py:839} INFO - DAG(s) dict_keys(['example_weekday_branch_operator']) retrieved from /home/airflow/.local/lib/python3.8/site-packages/airflow/example_dags/example_branch_day_of_week_operator.py
[2023-10-10T01:21:21.271+0000] {logging_mixin.py:151} INFO - [2023-10-10T01:21:21.271+0000] {dag.py:2915} INFO - Sync 1 DAGs
[2023-10-10T01:21:21.282+0000] {logging_mixin.py:151} INFO - [2023-10-10T01:21:21.282+0000] {dag.py:3696} INFO - Setting next_dagrun for example_weekday_branch_operator to 2023-10-09T00:00:00+00:00, run_after=2023-10-10T00:00:00+00:00
[2023-10-10T01:21:21.289+0000] {processor.py:179} INFO - Processing /home/airflow/.local/lib/python3.8/site-packages/airflow/example_dags/example_branch_day_of_week_operator.py took 0.041 seconds
[2023-10-10T01:21:51.478+0000] {processor.py:157} INFO - Started process (PID=1859) to work on /home/airflow/.local/lib/python3.8/site-packages/airflow/example_dags/example_branch_day_of_week_operator.py
[2023-10-10T01:21:51.479+0000] {processor.py:829} INFO - Processing file /home/airflow/.local/lib/python3.8/site-packages/airflow/example_dags/example_branch_day_of_week_operator.py for tasks to queue
[2023-10-10T01:21:51.479+0000] {logging_mixin.py:151} INFO - [2023-10-10T01:21:51.479+0000] {dagbag.py:539} INFO - Filling up the DagBag from /home/airflow/.local/lib/python3.8/site-packages/airflow/example_dags/example_branch_day_of_week_operator.py
[2023-10-10T01:21:51.483+0000] {processor.py:839} INFO - DAG(s) dict_keys(['example_weekday_branch_operator']) retrieved from /home/airflow/.local/lib/python3.8/site-packages/airflow/example_dags/example_branch_day_of_week_operator.py
[2023-10-10T01:21:51.497+0000] {logging_mixin.py:151} INFO - [2023-10-10T01:21:51.497+0000] {dag.py:2915} INFO - Sync 1 DAGs
[2023-10-10T01:21:51.508+0000] {logging_mixin.py:151} INFO - [2023-10-10T01:21:51.508+0000] {dag.py:3696} INFO - Setting next_dagrun for example_weekday_branch_operator to 2023-10-09T00:00:00+00:00, run_after=2023-10-10T00:00:00+00:00
[2023-10-10T01:21:51.515+0000] {processor.py:179} INFO - Processing /home/airflow/.local/lib/python3.8/site-packages/airflow/example_dags/example_branch_day_of_week_operator.py took 0.039 seconds
[2023-10-10T01:22:21.774+0000] {processor.py:157} INFO - Started process (PID=2097) to work on /home/airflow/.local/lib/python3.8/site-packages/airflow/example_dags/example_branch_day_of_week_operator.py
[2023-10-10T01:22:21.774+0000] {processor.py:829} INFO - Processing file /home/airflow/.local/lib/python3.8/site-packages/airflow/example_dags/example_branch_day_of_week_operator.py for tasks to queue
[2023-10-10T01:22:21.775+0000] {logging_mixin.py:151} INFO - [2023-10-10T01:22:21.775+0000] {dagbag.py:539} INFO - Filling up the DagBag from /home/airflow/.local/lib/python3.8/site-packages/airflow/example_dags/example_branch_day_of_week_operator.py
[2023-10-10T01:22:21.779+0000] {processor.py:839} INFO - DAG(s) dict_keys(['example_weekday_branch_operator']) retrieved from /home/airflow/.local/lib/python3.8/site-packages/airflow/example_dags/example_branch_day_of_week_operator.py
[2023-10-10T01:22:21.791+0000] {logging_mixin.py:151} INFO - [2023-10-10T01:22:21.791+0000] {dag.py:2915} INFO - Sync 1 DAGs
[2023-10-10T01:22:21.807+0000] {logging_mixin.py:151} INFO - [2023-10-10T01:22:21.807+0000] {dag.py:3696} INFO - Setting next_dagrun for example_weekday_branch_operator to 2023-10-09T00:00:00+00:00, run_after=2023-10-10T00:00:00+00:00
[2023-10-10T01:22:21.815+0000] {processor.py:179} INFO - Processing /home/airflow/.local/lib/python3.8/site-packages/airflow/example_dags/example_branch_day_of_week_operator.py took 0.043 seconds
[2023-10-10T01:22:51.900+0000] {processor.py:157} INFO - Started process (PID=2336) to work on /home/airflow/.local/lib/python3.8/site-packages/airflow/example_dags/example_branch_day_of_week_operator.py
[2023-10-10T01:22:51.901+0000] {processor.py:829} INFO - Processing file /home/airflow/.local/lib/python3.8/site-packages/airflow/example_dags/example_branch_day_of_week_operator.py for tasks to queue
[2023-10-10T01:22:51.901+0000] {logging_mixin.py:151} INFO - [2023-10-10T01:22:51.901+0000] {dagbag.py:539} INFO - Filling up the DagBag from /home/airflow/.local/lib/python3.8/site-packages/airflow/example_dags/example_branch_day_of_week_operator.py
[2023-10-10T01:22:51.905+0000] {processor.py:839} INFO - DAG(s) dict_keys(['example_weekday_branch_operator']) retrieved from /home/airflow/.local/lib/python3.8/site-packages/airflow/example_dags/example_branch_day_of_week_operator.py
[2023-10-10T01:22:51.926+0000] {logging_mixin.py:151} INFO - [2023-10-10T01:22:51.926+0000] {dag.py:2915} INFO - Sync 1 DAGs
[2023-10-10T01:22:51.938+0000] {logging_mixin.py:151} INFO - [2023-10-10T01:22:51.938+0000] {dag.py:3696} INFO - Setting next_dagrun for example_weekday_branch_operator to 2023-10-09T00:00:00+00:00, run_after=2023-10-10T00:00:00+00:00
[2023-10-10T01:22:51.945+0000] {processor.py:179} INFO - Processing /home/airflow/.local/lib/python3.8/site-packages/airflow/example_dags/example_branch_day_of_week_operator.py took 0.048 seconds
[2023-10-10T01:23:22.198+0000] {processor.py:157} INFO - Started process (PID=2574) to work on /home/airflow/.local/lib/python3.8/site-packages/airflow/example_dags/example_branch_day_of_week_operator.py
[2023-10-10T01:23:22.199+0000] {processor.py:829} INFO - Processing file /home/airflow/.local/lib/python3.8/site-packages/airflow/example_dags/example_branch_day_of_week_operator.py for tasks to queue
[2023-10-10T01:23:22.199+0000] {logging_mixin.py:151} INFO - [2023-10-10T01:23:22.199+0000] {dagbag.py:539} INFO - Filling up the DagBag from /home/airflow/.local/lib/python3.8/site-packages/airflow/example_dags/example_branch_day_of_week_operator.py
[2023-10-10T01:23:22.204+0000] {processor.py:839} INFO - DAG(s) dict_keys(['example_weekday_branch_operator']) retrieved from /home/airflow/.local/lib/python3.8/site-packages/airflow/example_dags/example_branch_day_of_week_operator.py
[2023-10-10T01:23:22.218+0000] {logging_mixin.py:151} INFO - [2023-10-10T01:23:22.218+0000] {dag.py:2915} INFO - Sync 1 DAGs
[2023-10-10T01:23:22.229+0000] {logging_mixin.py:151} INFO - [2023-10-10T01:23:22.229+0000] {dag.py:3696} INFO - Setting next_dagrun for example_weekday_branch_operator to 2023-10-09T00:00:00+00:00, run_after=2023-10-10T00:00:00+00:00
[2023-10-10T01:23:22.237+0000] {processor.py:179} INFO - Processing /home/airflow/.local/lib/python3.8/site-packages/airflow/example_dags/example_branch_day_of_week_operator.py took 0.041 seconds
[2023-10-10T01:23:52.526+0000] {processor.py:157} INFO - Started process (PID=2811) to work on /home/airflow/.local/lib/python3.8/site-packages/airflow/example_dags/example_branch_day_of_week_operator.py
[2023-10-10T01:23:52.526+0000] {processor.py:829} INFO - Processing file /home/airflow/.local/lib/python3.8/site-packages/airflow/example_dags/example_branch_day_of_week_operator.py for tasks to queue
[2023-10-10T01:23:52.527+0000] {logging_mixin.py:151} INFO - [2023-10-10T01:23:52.527+0000] {dagbag.py:539} INFO - Filling up the DagBag from /home/airflow/.local/lib/python3.8/site-packages/airflow/example_dags/example_branch_day_of_week_operator.py
[2023-10-10T01:23:52.533+0000] {processor.py:839} INFO - DAG(s) dict_keys(['example_weekday_branch_operator']) retrieved from /home/airflow/.local/lib/python3.8/site-packages/airflow/example_dags/example_branch_day_of_week_operator.py
[2023-10-10T01:23:52.546+0000] {logging_mixin.py:151} INFO - [2023-10-10T01:23:52.546+0000] {dag.py:2915} INFO - Sync 1 DAGs
[2023-10-10T01:23:52.557+0000] {logging_mixin.py:151} INFO - [2023-10-10T01:23:52.557+0000] {dag.py:3696} INFO - Setting next_dagrun for example_weekday_branch_operator to 2023-10-09T00:00:00+00:00, run_after=2023-10-10T00:00:00+00:00
[2023-10-10T01:23:52.565+0000] {processor.py:179} INFO - Processing /home/airflow/.local/lib/python3.8/site-packages/airflow/example_dags/example_branch_day_of_week_operator.py took 0.041 seconds
[2023-10-10T01:24:22.836+0000] {processor.py:157} INFO - Started process (PID=3051) to work on /home/airflow/.local/lib/python3.8/site-packages/airflow/example_dags/example_branch_day_of_week_operator.py
[2023-10-10T01:24:22.837+0000] {processor.py:829} INFO - Processing file /home/airflow/.local/lib/python3.8/site-packages/airflow/example_dags/example_branch_day_of_week_operator.py for tasks to queue
[2023-10-10T01:24:22.837+0000] {logging_mixin.py:151} INFO - [2023-10-10T01:24:22.837+0000] {dagbag.py:539} INFO - Filling up the DagBag from /home/airflow/.local/lib/python3.8/site-packages/airflow/example_dags/example_branch_day_of_week_operator.py
[2023-10-10T01:24:22.841+0000] {processor.py:839} INFO - DAG(s) dict_keys(['example_weekday_branch_operator']) retrieved from /home/airflow/.local/lib/python3.8/site-packages/airflow/example_dags/example_branch_day_of_week_operator.py
[2023-10-10T01:24:22.854+0000] {logging_mixin.py:151} INFO - [2023-10-10T01:24:22.854+0000] {dag.py:2915} INFO - Sync 1 DAGs
[2023-10-10T01:24:22.864+0000] {logging_mixin.py:151} INFO - [2023-10-10T01:24:22.864+0000] {dag.py:3696} INFO - Setting next_dagrun for example_weekday_branch_operator to 2023-10-09T00:00:00+00:00, run_after=2023-10-10T00:00:00+00:00
[2023-10-10T01:24:22.871+0000] {processor.py:179} INFO - Processing /home/airflow/.local/lib/python3.8/site-packages/airflow/example_dags/example_branch_day_of_week_operator.py took 0.037 seconds
[2023-10-10T01:24:53.086+0000] {processor.py:157} INFO - Started process (PID=3289) to work on /home/airflow/.local/lib/python3.8/site-packages/airflow/example_dags/example_branch_day_of_week_operator.py
[2023-10-10T01:24:53.086+0000] {processor.py:829} INFO - Processing file /home/airflow/.local/lib/python3.8/site-packages/airflow/example_dags/example_branch_day_of_week_operator.py for tasks to queue
[2023-10-10T01:24:53.087+0000] {logging_mixin.py:151} INFO - [2023-10-10T01:24:53.087+0000] {dagbag.py:539} INFO - Filling up the DagBag from /home/airflow/.local/lib/python3.8/site-packages/airflow/example_dags/example_branch_day_of_week_operator.py
[2023-10-10T01:24:53.091+0000] {processor.py:839} INFO - DAG(s) dict_keys(['example_weekday_branch_operator']) retrieved from /home/airflow/.local/lib/python3.8/site-packages/airflow/example_dags/example_branch_day_of_week_operator.py
[2023-10-10T01:24:53.104+0000] {logging_mixin.py:151} INFO - [2023-10-10T01:24:53.104+0000] {dag.py:2915} INFO - Sync 1 DAGs
[2023-10-10T01:24:53.114+0000] {logging_mixin.py:151} INFO - [2023-10-10T01:24:53.114+0000] {dag.py:3696} INFO - Setting next_dagrun for example_weekday_branch_operator to 2023-10-09T00:00:00+00:00, run_after=2023-10-10T00:00:00+00:00
[2023-10-10T01:24:53.122+0000] {processor.py:179} INFO - Processing /home/airflow/.local/lib/python3.8/site-packages/airflow/example_dags/example_branch_day_of_week_operator.py took 0.038 seconds
[2023-10-10T01:25:23.335+0000] {processor.py:157} INFO - Started process (PID=3527) to work on /home/airflow/.local/lib/python3.8/site-packages/airflow/example_dags/example_branch_day_of_week_operator.py
[2023-10-10T01:25:23.335+0000] {processor.py:829} INFO - Processing file /home/airflow/.local/lib/python3.8/site-packages/airflow/example_dags/example_branch_day_of_week_operator.py for tasks to queue
[2023-10-10T01:25:23.336+0000] {logging_mixin.py:151} INFO - [2023-10-10T01:25:23.336+0000] {dagbag.py:539} INFO - Filling up the DagBag from /home/airflow/.local/lib/python3.8/site-packages/airflow/example_dags/example_branch_day_of_week_operator.py
[2023-10-10T01:25:23.341+0000] {processor.py:839} INFO - DAG(s) dict_keys(['example_weekday_branch_operator']) retrieved from /home/airflow/.local/lib/python3.8/site-packages/airflow/example_dags/example_branch_day_of_week_operator.py
[2023-10-10T01:25:23.355+0000] {logging_mixin.py:151} INFO - [2023-10-10T01:25:23.355+0000] {dag.py:2915} INFO - Sync 1 DAGs
[2023-10-10T01:25:23.365+0000] {logging_mixin.py:151} INFO - [2023-10-10T01:25:23.365+0000] {dag.py:3696} INFO - Setting next_dagrun for example_weekday_branch_operator to 2023-10-09T00:00:00+00:00, run_after=2023-10-10T00:00:00+00:00
[2023-10-10T01:25:23.373+0000] {processor.py:179} INFO - Processing /home/airflow/.local/lib/python3.8/site-packages/airflow/example_dags/example_branch_day_of_week_operator.py took 0.040 seconds
[2023-10-10T01:25:53.624+0000] {processor.py:157} INFO - Started process (PID=3765) to work on /home/airflow/.local/lib/python3.8/site-packages/airflow/example_dags/example_branch_day_of_week_operator.py
[2023-10-10T01:25:53.625+0000] {processor.py:829} INFO - Processing file /home/airflow/.local/lib/python3.8/site-packages/airflow/example_dags/example_branch_day_of_week_operator.py for tasks to queue
[2023-10-10T01:25:53.625+0000] {logging_mixin.py:151} INFO - [2023-10-10T01:25:53.625+0000] {dagbag.py:539} INFO - Filling up the DagBag from /home/airflow/.local/lib/python3.8/site-packages/airflow/example_dags/example_branch_day_of_week_operator.py
[2023-10-10T01:25:53.629+0000] {processor.py:839} INFO - DAG(s) dict_keys(['example_weekday_branch_operator']) retrieved from /home/airflow/.local/lib/python3.8/site-packages/airflow/example_dags/example_branch_day_of_week_operator.py
[2023-10-10T01:25:53.643+0000] {logging_mixin.py:151} INFO - [2023-10-10T01:25:53.643+0000] {dag.py:2915} INFO - Sync 1 DAGs
[2023-10-10T01:25:53.653+0000] {logging_mixin.py:151} INFO - [2023-10-10T01:25:53.653+0000] {dag.py:3696} INFO - Setting next_dagrun for example_weekday_branch_operator to 2023-10-09T00:00:00+00:00, run_after=2023-10-10T00:00:00+00:00
[2023-10-10T01:25:53.660+0000] {processor.py:179} INFO - Processing /home/airflow/.local/lib/python3.8/site-packages/airflow/example_dags/example_branch_day_of_week_operator.py took 0.038 seconds
[2023-10-10T01:26:23.861+0000] {processor.py:157} INFO - Started process (PID=4004) to work on /home/airflow/.local/lib/python3.8/site-packages/airflow/example_dags/example_branch_day_of_week_operator.py
[2023-10-10T01:26:23.862+0000] {processor.py:829} INFO - Processing file /home/airflow/.local/lib/python3.8/site-packages/airflow/example_dags/example_branch_day_of_week_operator.py for tasks to queue
[2023-10-10T01:26:23.863+0000] {logging_mixin.py:151} INFO - [2023-10-10T01:26:23.862+0000] {dagbag.py:539} INFO - Filling up the DagBag from /home/airflow/.local/lib/python3.8/site-packages/airflow/example_dags/example_branch_day_of_week_operator.py
[2023-10-10T01:26:23.867+0000] {processor.py:839} INFO - DAG(s) dict_keys(['example_weekday_branch_operator']) retrieved from /home/airflow/.local/lib/python3.8/site-packages/airflow/example_dags/example_branch_day_of_week_operator.py
[2023-10-10T01:26:23.880+0000] {logging_mixin.py:151} INFO - [2023-10-10T01:26:23.880+0000] {dag.py:2915} INFO - Sync 1 DAGs
[2023-10-10T01:26:23.890+0000] {logging_mixin.py:151} INFO - [2023-10-10T01:26:23.890+0000] {dag.py:3696} INFO - Setting next_dagrun for example_weekday_branch_operator to 2023-10-09T00:00:00+00:00, run_after=2023-10-10T00:00:00+00:00
[2023-10-10T01:26:23.898+0000] {processor.py:179} INFO - Processing /home/airflow/.local/lib/python3.8/site-packages/airflow/example_dags/example_branch_day_of_week_operator.py took 0.038 seconds
[2023-10-10T01:26:54.005+0000] {processor.py:157} INFO - Started process (PID=4240) to work on /home/airflow/.local/lib/python3.8/site-packages/airflow/example_dags/example_branch_day_of_week_operator.py
[2023-10-10T01:26:54.006+0000] {processor.py:829} INFO - Processing file /home/airflow/.local/lib/python3.8/site-packages/airflow/example_dags/example_branch_day_of_week_operator.py for tasks to queue
[2023-10-10T01:26:54.006+0000] {logging_mixin.py:151} INFO - [2023-10-10T01:26:54.006+0000] {dagbag.py:539} INFO - Filling up the DagBag from /home/airflow/.local/lib/python3.8/site-packages/airflow/example_dags/example_branch_day_of_week_operator.py
[2023-10-10T01:26:54.010+0000] {processor.py:839} INFO - DAG(s) dict_keys(['example_weekday_branch_operator']) retrieved from /home/airflow/.local/lib/python3.8/site-packages/airflow/example_dags/example_branch_day_of_week_operator.py
[2023-10-10T01:26:54.023+0000] {logging_mixin.py:151} INFO - [2023-10-10T01:26:54.023+0000] {dag.py:2915} INFO - Sync 1 DAGs
[2023-10-10T01:26:54.033+0000] {logging_mixin.py:151} INFO - [2023-10-10T01:26:54.033+0000] {dag.py:3696} INFO - Setting next_dagrun for example_weekday_branch_operator to 2023-10-09T00:00:00+00:00, run_after=2023-10-10T00:00:00+00:00
[2023-10-10T01:26:54.040+0000] {processor.py:179} INFO - Processing /home/airflow/.local/lib/python3.8/site-packages/airflow/example_dags/example_branch_day_of_week_operator.py took 0.037 seconds
[2023-10-10T01:27:24.233+0000] {processor.py:157} INFO - Started process (PID=4475) to work on /home/airflow/.local/lib/python3.8/site-packages/airflow/example_dags/example_branch_day_of_week_operator.py
[2023-10-10T01:27:24.234+0000] {processor.py:829} INFO - Processing file /home/airflow/.local/lib/python3.8/site-packages/airflow/example_dags/example_branch_day_of_week_operator.py for tasks to queue
[2023-10-10T01:27:24.234+0000] {logging_mixin.py:151} INFO - [2023-10-10T01:27:24.234+0000] {dagbag.py:539} INFO - Filling up the DagBag from /home/airflow/.local/lib/python3.8/site-packages/airflow/example_dags/example_branch_day_of_week_operator.py
[2023-10-10T01:27:24.239+0000] {processor.py:839} INFO - DAG(s) dict_keys(['example_weekday_branch_operator']) retrieved from /home/airflow/.local/lib/python3.8/site-packages/airflow/example_dags/example_branch_day_of_week_operator.py
[2023-10-10T01:27:24.251+0000] {logging_mixin.py:151} INFO - [2023-10-10T01:27:24.251+0000] {dag.py:2915} INFO - Sync 1 DAGs
[2023-10-10T01:27:24.260+0000] {logging_mixin.py:151} INFO - [2023-10-10T01:27:24.260+0000] {dag.py:3696} INFO - Setting next_dagrun for example_weekday_branch_operator to 2023-10-09T00:00:00+00:00, run_after=2023-10-10T00:00:00+00:00
[2023-10-10T01:27:24.267+0000] {processor.py:179} INFO - Processing /home/airflow/.local/lib/python3.8/site-packages/airflow/example_dags/example_branch_day_of_week_operator.py took 0.035 seconds
[2023-10-10T01:27:54.468+0000] {processor.py:157} INFO - Started process (PID=4713) to work on /home/airflow/.local/lib/python3.8/site-packages/airflow/example_dags/example_branch_day_of_week_operator.py
[2023-10-10T01:27:54.468+0000] {processor.py:829} INFO - Processing file /home/airflow/.local/lib/python3.8/site-packages/airflow/example_dags/example_branch_day_of_week_operator.py for tasks to queue
[2023-10-10T01:27:54.469+0000] {logging_mixin.py:151} INFO - [2023-10-10T01:27:54.469+0000] {dagbag.py:539} INFO - Filling up the DagBag from /home/airflow/.local/lib/python3.8/site-packages/airflow/example_dags/example_branch_day_of_week_operator.py
[2023-10-10T01:27:54.473+0000] {processor.py:839} INFO - DAG(s) dict_keys(['example_weekday_branch_operator']) retrieved from /home/airflow/.local/lib/python3.8/site-packages/airflow/example_dags/example_branch_day_of_week_operator.py
[2023-10-10T01:27:54.490+0000] {logging_mixin.py:151} INFO - [2023-10-10T01:27:54.490+0000] {dag.py:2915} INFO - Sync 1 DAGs
[2023-10-10T01:27:54.499+0000] {logging_mixin.py:151} INFO - [2023-10-10T01:27:54.499+0000] {dag.py:3696} INFO - Setting next_dagrun for example_weekday_branch_operator to 2023-10-09T00:00:00+00:00, run_after=2023-10-10T00:00:00+00:00
[2023-10-10T01:27:54.506+0000] {processor.py:179} INFO - Processing /home/airflow/.local/lib/python3.8/site-packages/airflow/example_dags/example_branch_day_of_week_operator.py took 0.040 seconds
[2023-10-10T01:28:24.842+0000] {processor.py:157} INFO - Started process (PID=4954) to work on /home/airflow/.local/lib/python3.8/site-packages/airflow/example_dags/example_branch_day_of_week_operator.py
[2023-10-10T01:28:24.843+0000] {processor.py:829} INFO - Processing file /home/airflow/.local/lib/python3.8/site-packages/airflow/example_dags/example_branch_day_of_week_operator.py for tasks to queue
[2023-10-10T01:28:24.844+0000] {logging_mixin.py:151} INFO - [2023-10-10T01:28:24.843+0000] {dagbag.py:539} INFO - Filling up the DagBag from /home/airflow/.local/lib/python3.8/site-packages/airflow/example_dags/example_branch_day_of_week_operator.py
[2023-10-10T01:28:24.847+0000] {processor.py:839} INFO - DAG(s) dict_keys(['example_weekday_branch_operator']) retrieved from /home/airflow/.local/lib/python3.8/site-packages/airflow/example_dags/example_branch_day_of_week_operator.py
[2023-10-10T01:28:24.860+0000] {logging_mixin.py:151} INFO - [2023-10-10T01:28:24.860+0000] {dag.py:2915} INFO - Sync 1 DAGs
[2023-10-10T01:28:24.870+0000] {logging_mixin.py:151} INFO - [2023-10-10T01:28:24.869+0000] {dag.py:3696} INFO - Setting next_dagrun for example_weekday_branch_operator to 2023-10-09T00:00:00+00:00, run_after=2023-10-10T00:00:00+00:00
[2023-10-10T01:28:24.877+0000] {processor.py:179} INFO - Processing /home/airflow/.local/lib/python3.8/site-packages/airflow/example_dags/example_branch_day_of_week_operator.py took 0.037 seconds
[2023-10-10T01:28:55.191+0000] {processor.py:157} INFO - Started process (PID=5194) to work on /home/airflow/.local/lib/python3.8/site-packages/airflow/example_dags/example_branch_day_of_week_operator.py
[2023-10-10T01:28:55.192+0000] {processor.py:829} INFO - Processing file /home/airflow/.local/lib/python3.8/site-packages/airflow/example_dags/example_branch_day_of_week_operator.py for tasks to queue
[2023-10-10T01:28:55.192+0000] {logging_mixin.py:151} INFO - [2023-10-10T01:28:55.192+0000] {dagbag.py:539} INFO - Filling up the DagBag from /home/airflow/.local/lib/python3.8/site-packages/airflow/example_dags/example_branch_day_of_week_operator.py
[2023-10-10T01:28:55.197+0000] {processor.py:839} INFO - DAG(s) dict_keys(['example_weekday_branch_operator']) retrieved from /home/airflow/.local/lib/python3.8/site-packages/airflow/example_dags/example_branch_day_of_week_operator.py
[2023-10-10T01:28:55.210+0000] {logging_mixin.py:151} INFO - [2023-10-10T01:28:55.210+0000] {dag.py:2915} INFO - Sync 1 DAGs
[2023-10-10T01:28:55.221+0000] {logging_mixin.py:151} INFO - [2023-10-10T01:28:55.221+0000] {dag.py:3696} INFO - Setting next_dagrun for example_weekday_branch_operator to 2023-10-09T00:00:00+00:00, run_after=2023-10-10T00:00:00+00:00
[2023-10-10T01:28:55.228+0000] {processor.py:179} INFO - Processing /home/airflow/.local/lib/python3.8/site-packages/airflow/example_dags/example_branch_day_of_week_operator.py took 0.039 seconds
[2023-10-10T01:29:25.390+0000] {processor.py:157} INFO - Started process (PID=5430) to work on /home/airflow/.local/lib/python3.8/site-packages/airflow/example_dags/example_branch_day_of_week_operator.py
[2023-10-10T01:29:25.391+0000] {processor.py:829} INFO - Processing file /home/airflow/.local/lib/python3.8/site-packages/airflow/example_dags/example_branch_day_of_week_operator.py for tasks to queue
[2023-10-10T01:29:25.391+0000] {logging_mixin.py:151} INFO - [2023-10-10T01:29:25.391+0000] {dagbag.py:539} INFO - Filling up the DagBag from /home/airflow/.local/lib/python3.8/site-packages/airflow/example_dags/example_branch_day_of_week_operator.py
[2023-10-10T01:29:25.395+0000] {processor.py:839} INFO - DAG(s) dict_keys(['example_weekday_branch_operator']) retrieved from /home/airflow/.local/lib/python3.8/site-packages/airflow/example_dags/example_branch_day_of_week_operator.py
[2023-10-10T01:29:25.409+0000] {logging_mixin.py:151} INFO - [2023-10-10T01:29:25.409+0000] {dag.py:2915} INFO - Sync 1 DAGs
[2023-10-10T01:29:25.419+0000] {logging_mixin.py:151} INFO - [2023-10-10T01:29:25.419+0000] {dag.py:3696} INFO - Setting next_dagrun for example_weekday_branch_operator to 2023-10-09T00:00:00+00:00, run_after=2023-10-10T00:00:00+00:00
[2023-10-10T01:29:25.427+0000] {processor.py:179} INFO - Processing /home/airflow/.local/lib/python3.8/site-packages/airflow/example_dags/example_branch_day_of_week_operator.py took 0.039 seconds
[2023-10-10T01:29:55.681+0000] {processor.py:157} INFO - Started process (PID=5670) to work on /home/airflow/.local/lib/python3.8/site-packages/airflow/example_dags/example_branch_day_of_week_operator.py
[2023-10-10T01:29:55.681+0000] {processor.py:829} INFO - Processing file /home/airflow/.local/lib/python3.8/site-packages/airflow/example_dags/example_branch_day_of_week_operator.py for tasks to queue
[2023-10-10T01:29:55.682+0000] {logging_mixin.py:151} INFO - [2023-10-10T01:29:55.681+0000] {dagbag.py:539} INFO - Filling up the DagBag from /home/airflow/.local/lib/python3.8/site-packages/airflow/example_dags/example_branch_day_of_week_operator.py
[2023-10-10T01:29:55.686+0000] {processor.py:839} INFO - DAG(s) dict_keys(['example_weekday_branch_operator']) retrieved from /home/airflow/.local/lib/python3.8/site-packages/airflow/example_dags/example_branch_day_of_week_operator.py
[2023-10-10T01:29:55.698+0000] {logging_mixin.py:151} INFO - [2023-10-10T01:29:55.698+0000] {dag.py:2915} INFO - Sync 1 DAGs
[2023-10-10T01:29:55.708+0000] {logging_mixin.py:151} INFO - [2023-10-10T01:29:55.708+0000] {dag.py:3696} INFO - Setting next_dagrun for example_weekday_branch_operator to 2023-10-09T00:00:00+00:00, run_after=2023-10-10T00:00:00+00:00
[2023-10-10T01:29:55.714+0000] {processor.py:179} INFO - Processing /home/airflow/.local/lib/python3.8/site-packages/airflow/example_dags/example_branch_day_of_week_operator.py took 0.036 seconds
[2023-10-10T01:30:25.922+0000] {processor.py:157} INFO - Started process (PID=5908) to work on /home/airflow/.local/lib/python3.8/site-packages/airflow/example_dags/example_branch_day_of_week_operator.py
[2023-10-10T01:30:25.922+0000] {processor.py:829} INFO - Processing file /home/airflow/.local/lib/python3.8/site-packages/airflow/example_dags/example_branch_day_of_week_operator.py for tasks to queue
[2023-10-10T01:30:25.923+0000] {logging_mixin.py:151} INFO - [2023-10-10T01:30:25.923+0000] {dagbag.py:539} INFO - Filling up the DagBag from /home/airflow/.local/lib/python3.8/site-packages/airflow/example_dags/example_branch_day_of_week_operator.py
[2023-10-10T01:30:25.927+0000] {processor.py:839} INFO - DAG(s) dict_keys(['example_weekday_branch_operator']) retrieved from /home/airflow/.local/lib/python3.8/site-packages/airflow/example_dags/example_branch_day_of_week_operator.py
[2023-10-10T01:30:25.941+0000] {logging_mixin.py:151} INFO - [2023-10-10T01:30:25.941+0000] {dag.py:2915} INFO - Sync 1 DAGs
[2023-10-10T01:30:25.951+0000] {logging_mixin.py:151} INFO - [2023-10-10T01:30:25.951+0000] {dag.py:3696} INFO - Setting next_dagrun for example_weekday_branch_operator to 2023-10-09T00:00:00+00:00, run_after=2023-10-10T00:00:00+00:00
[2023-10-10T01:30:25.958+0000] {processor.py:179} INFO - Processing /home/airflow/.local/lib/python3.8/site-packages/airflow/example_dags/example_branch_day_of_week_operator.py took 0.038 seconds
[2023-10-10T01:30:56.223+0000] {processor.py:157} INFO - Started process (PID=6145) to work on /home/airflow/.local/lib/python3.8/site-packages/airflow/example_dags/example_branch_day_of_week_operator.py
[2023-10-10T01:30:56.224+0000] {processor.py:829} INFO - Processing file /home/airflow/.local/lib/python3.8/site-packages/airflow/example_dags/example_branch_day_of_week_operator.py for tasks to queue
[2023-10-10T01:30:56.224+0000] {logging_mixin.py:151} INFO - [2023-10-10T01:30:56.224+0000] {dagbag.py:539} INFO - Filling up the DagBag from /home/airflow/.local/lib/python3.8/site-packages/airflow/example_dags/example_branch_day_of_week_operator.py
[2023-10-10T01:30:56.228+0000] {processor.py:839} INFO - DAG(s) dict_keys(['example_weekday_branch_operator']) retrieved from /home/airflow/.local/lib/python3.8/site-packages/airflow/example_dags/example_branch_day_of_week_operator.py
[2023-10-10T01:30:56.241+0000] {logging_mixin.py:151} INFO - [2023-10-10T01:30:56.241+0000] {dag.py:2915} INFO - Sync 1 DAGs
[2023-10-10T01:30:56.252+0000] {logging_mixin.py:151} INFO - [2023-10-10T01:30:56.252+0000] {dag.py:3696} INFO - Setting next_dagrun for example_weekday_branch_operator to 2023-10-09T00:00:00+00:00, run_after=2023-10-10T00:00:00+00:00
[2023-10-10T01:30:56.259+0000] {processor.py:179} INFO - Processing /home/airflow/.local/lib/python3.8/site-packages/airflow/example_dags/example_branch_day_of_week_operator.py took 0.038 seconds
