[2023-10-10T01:18:22.809+0000] {processor.py:157} INFO - Started process (PID=337) to work on /home/airflow/.local/lib/python3.8/site-packages/airflow/example_dags/example_trigger_target_dag.py
[2023-10-10T01:18:22.810+0000] {processor.py:829} INFO - Processing file /home/airflow/.local/lib/python3.8/site-packages/airflow/example_dags/example_trigger_target_dag.py for tasks to queue
[2023-10-10T01:18:22.811+0000] {logging_mixin.py:151} INFO - [2023-10-10T01:18:22.811+0000] {dagbag.py:539} INFO - Filling up the DagBag from /home/airflow/.local/lib/python3.8/site-packages/airflow/example_dags/example_trigger_target_dag.py
[2023-10-10T01:18:22.817+0000] {processor.py:839} INFO - DAG(s) dict_keys(['example_trigger_target_dag']) retrieved from /home/airflow/.local/lib/python3.8/site-packages/airflow/example_dags/example_trigger_target_dag.py
[2023-10-10T01:18:22.833+0000] {logging_mixin.py:151} INFO - [2023-10-10T01:18:22.832+0000] {dag.py:2915} INFO - Sync 1 DAGs
[2023-10-10T01:18:22.995+0000] {logging_mixin.py:151} INFO - [2023-10-10T01:18:22.995+0000] {dag.py:3696} INFO - Setting next_dagrun for example_trigger_target_dag to None, run_after=None
[2023-10-10T01:18:23.005+0000] {processor.py:179} INFO - Processing /home/airflow/.local/lib/python3.8/site-packages/airflow/example_dags/example_trigger_target_dag.py took 0.199 seconds
[2023-10-10T01:18:53.311+0000] {processor.py:157} INFO - Started process (PID=575) to work on /home/airflow/.local/lib/python3.8/site-packages/airflow/example_dags/example_trigger_target_dag.py
[2023-10-10T01:18:53.312+0000] {processor.py:829} INFO - Processing file /home/airflow/.local/lib/python3.8/site-packages/airflow/example_dags/example_trigger_target_dag.py for tasks to queue
[2023-10-10T01:18:53.313+0000] {logging_mixin.py:151} INFO - [2023-10-10T01:18:53.313+0000] {dagbag.py:539} INFO - Filling up the DagBag from /home/airflow/.local/lib/python3.8/site-packages/airflow/example_dags/example_trigger_target_dag.py
[2023-10-10T01:18:53.317+0000] {processor.py:839} INFO - DAG(s) dict_keys(['example_trigger_target_dag']) retrieved from /home/airflow/.local/lib/python3.8/site-packages/airflow/example_dags/example_trigger_target_dag.py
[2023-10-10T01:18:53.330+0000] {logging_mixin.py:151} INFO - [2023-10-10T01:18:53.330+0000] {dag.py:2915} INFO - Sync 1 DAGs
[2023-10-10T01:18:53.336+0000] {logging_mixin.py:151} INFO - [2023-10-10T01:18:53.336+0000] {dag.py:3696} INFO - Setting next_dagrun for example_trigger_target_dag to None, run_after=None
[2023-10-10T01:18:53.344+0000] {processor.py:179} INFO - Processing /home/airflow/.local/lib/python3.8/site-packages/airflow/example_dags/example_trigger_target_dag.py took 0.035 seconds
[2023-10-10T01:19:23.490+0000] {processor.py:157} INFO - Started process (PID=813) to work on /home/airflow/.local/lib/python3.8/site-packages/airflow/example_dags/example_trigger_target_dag.py
[2023-10-10T01:19:23.491+0000] {processor.py:829} INFO - Processing file /home/airflow/.local/lib/python3.8/site-packages/airflow/example_dags/example_trigger_target_dag.py for tasks to queue
[2023-10-10T01:19:23.492+0000] {logging_mixin.py:151} INFO - [2023-10-10T01:19:23.492+0000] {dagbag.py:539} INFO - Filling up the DagBag from /home/airflow/.local/lib/python3.8/site-packages/airflow/example_dags/example_trigger_target_dag.py
[2023-10-10T01:19:23.495+0000] {processor.py:839} INFO - DAG(s) dict_keys(['example_trigger_target_dag']) retrieved from /home/airflow/.local/lib/python3.8/site-packages/airflow/example_dags/example_trigger_target_dag.py
[2023-10-10T01:19:23.508+0000] {logging_mixin.py:151} INFO - [2023-10-10T01:19:23.508+0000] {dag.py:2915} INFO - Sync 1 DAGs
[2023-10-10T01:19:23.515+0000] {logging_mixin.py:151} INFO - [2023-10-10T01:19:23.515+0000] {dag.py:3696} INFO - Setting next_dagrun for example_trigger_target_dag to None, run_after=None
[2023-10-10T01:19:23.523+0000] {processor.py:179} INFO - Processing /home/airflow/.local/lib/python3.8/site-packages/airflow/example_dags/example_trigger_target_dag.py took 0.035 seconds
[2023-10-10T01:19:54.712+0000] {processor.py:157} INFO - Started process (PID=1052) to work on /home/airflow/.local/lib/python3.8/site-packages/airflow/example_dags/example_trigger_target_dag.py
[2023-10-10T01:19:54.713+0000] {processor.py:829} INFO - Processing file /home/airflow/.local/lib/python3.8/site-packages/airflow/example_dags/example_trigger_target_dag.py for tasks to queue
[2023-10-10T01:19:54.714+0000] {logging_mixin.py:151} INFO - [2023-10-10T01:19:54.713+0000] {dagbag.py:539} INFO - Filling up the DagBag from /home/airflow/.local/lib/python3.8/site-packages/airflow/example_dags/example_trigger_target_dag.py
[2023-10-10T01:19:54.717+0000] {processor.py:839} INFO - DAG(s) dict_keys(['example_trigger_target_dag']) retrieved from /home/airflow/.local/lib/python3.8/site-packages/airflow/example_dags/example_trigger_target_dag.py
[2023-10-10T01:19:54.728+0000] {logging_mixin.py:151} INFO - [2023-10-10T01:19:54.728+0000] {dag.py:2915} INFO - Sync 1 DAGs
[2023-10-10T01:19:54.733+0000] {logging_mixin.py:151} INFO - [2023-10-10T01:19:54.733+0000] {dag.py:3696} INFO - Setting next_dagrun for example_trigger_target_dag to None, run_after=None
[2023-10-10T01:19:54.740+0000] {processor.py:179} INFO - Processing /home/airflow/.local/lib/python3.8/site-packages/airflow/example_dags/example_trigger_target_dag.py took 0.030 seconds
[2023-10-10T01:20:24.997+0000] {processor.py:157} INFO - Started process (PID=1290) to work on /home/airflow/.local/lib/python3.8/site-packages/airflow/example_dags/example_trigger_target_dag.py
[2023-10-10T01:20:24.997+0000] {processor.py:829} INFO - Processing file /home/airflow/.local/lib/python3.8/site-packages/airflow/example_dags/example_trigger_target_dag.py for tasks to queue
[2023-10-10T01:20:24.998+0000] {logging_mixin.py:151} INFO - [2023-10-10T01:20:24.998+0000] {dagbag.py:539} INFO - Filling up the DagBag from /home/airflow/.local/lib/python3.8/site-packages/airflow/example_dags/example_trigger_target_dag.py
[2023-10-10T01:20:25.001+0000] {processor.py:839} INFO - DAG(s) dict_keys(['example_trigger_target_dag']) retrieved from /home/airflow/.local/lib/python3.8/site-packages/airflow/example_dags/example_trigger_target_dag.py
[2023-10-10T01:20:25.014+0000] {logging_mixin.py:151} INFO - [2023-10-10T01:20:25.014+0000] {dag.py:2915} INFO - Sync 1 DAGs
[2023-10-10T01:20:25.020+0000] {logging_mixin.py:151} INFO - [2023-10-10T01:20:25.020+0000] {dag.py:3696} INFO - Setting next_dagrun for example_trigger_target_dag to None, run_after=None
[2023-10-10T01:20:25.029+0000] {processor.py:179} INFO - Processing /home/airflow/.local/lib/python3.8/site-packages/airflow/example_dags/example_trigger_target_dag.py took 0.034 seconds
[2023-10-10T01:20:56.213+0000] {processor.py:157} INFO - Started process (PID=1528) to work on /home/airflow/.local/lib/python3.8/site-packages/airflow/example_dags/example_trigger_target_dag.py
[2023-10-10T01:20:56.214+0000] {processor.py:829} INFO - Processing file /home/airflow/.local/lib/python3.8/site-packages/airflow/example_dags/example_trigger_target_dag.py for tasks to queue
[2023-10-10T01:20:56.215+0000] {logging_mixin.py:151} INFO - [2023-10-10T01:20:56.215+0000] {dagbag.py:539} INFO - Filling up the DagBag from /home/airflow/.local/lib/python3.8/site-packages/airflow/example_dags/example_trigger_target_dag.py
[2023-10-10T01:20:56.220+0000] {processor.py:839} INFO - DAG(s) dict_keys(['example_trigger_target_dag']) retrieved from /home/airflow/.local/lib/python3.8/site-packages/airflow/example_dags/example_trigger_target_dag.py
[2023-10-10T01:20:56.232+0000] {logging_mixin.py:151} INFO - [2023-10-10T01:20:56.232+0000] {dag.py:2915} INFO - Sync 1 DAGs
[2023-10-10T01:20:56.239+0000] {logging_mixin.py:151} INFO - [2023-10-10T01:20:56.239+0000] {dag.py:3696} INFO - Setting next_dagrun for example_trigger_target_dag to None, run_after=None
[2023-10-10T01:20:56.247+0000] {processor.py:179} INFO - Processing /home/airflow/.local/lib/python3.8/site-packages/airflow/example_dags/example_trigger_target_dag.py took 0.037 seconds
[2023-10-10T01:21:27.454+0000] {processor.py:157} INFO - Started process (PID=1768) to work on /home/airflow/.local/lib/python3.8/site-packages/airflow/example_dags/example_trigger_target_dag.py
[2023-10-10T01:21:27.455+0000] {processor.py:829} INFO - Processing file /home/airflow/.local/lib/python3.8/site-packages/airflow/example_dags/example_trigger_target_dag.py for tasks to queue
[2023-10-10T01:21:27.455+0000] {logging_mixin.py:151} INFO - [2023-10-10T01:21:27.455+0000] {dagbag.py:539} INFO - Filling up the DagBag from /home/airflow/.local/lib/python3.8/site-packages/airflow/example_dags/example_trigger_target_dag.py
[2023-10-10T01:21:27.458+0000] {processor.py:839} INFO - DAG(s) dict_keys(['example_trigger_target_dag']) retrieved from /home/airflow/.local/lib/python3.8/site-packages/airflow/example_dags/example_trigger_target_dag.py
[2023-10-10T01:21:27.470+0000] {logging_mixin.py:151} INFO - [2023-10-10T01:21:27.470+0000] {dag.py:2915} INFO - Sync 1 DAGs
[2023-10-10T01:21:27.476+0000] {logging_mixin.py:151} INFO - [2023-10-10T01:21:27.476+0000] {dag.py:3696} INFO - Setting next_dagrun for example_trigger_target_dag to None, run_after=None
[2023-10-10T01:21:27.483+0000] {processor.py:179} INFO - Processing /home/airflow/.local/lib/python3.8/site-packages/airflow/example_dags/example_trigger_target_dag.py took 0.030 seconds
[2023-10-10T01:21:58.713+0000] {processor.py:157} INFO - Started process (PID=2006) to work on /home/airflow/.local/lib/python3.8/site-packages/airflow/example_dags/example_trigger_target_dag.py
[2023-10-10T01:21:58.714+0000] {processor.py:829} INFO - Processing file /home/airflow/.local/lib/python3.8/site-packages/airflow/example_dags/example_trigger_target_dag.py for tasks to queue
[2023-10-10T01:21:58.714+0000] {logging_mixin.py:151} INFO - [2023-10-10T01:21:58.714+0000] {dagbag.py:539} INFO - Filling up the DagBag from /home/airflow/.local/lib/python3.8/site-packages/airflow/example_dags/example_trigger_target_dag.py
[2023-10-10T01:21:58.718+0000] {processor.py:839} INFO - DAG(s) dict_keys(['example_trigger_target_dag']) retrieved from /home/airflow/.local/lib/python3.8/site-packages/airflow/example_dags/example_trigger_target_dag.py
[2023-10-10T01:21:58.731+0000] {logging_mixin.py:151} INFO - [2023-10-10T01:21:58.731+0000] {dag.py:2915} INFO - Sync 1 DAGs
[2023-10-10T01:21:58.737+0000] {logging_mixin.py:151} INFO - [2023-10-10T01:21:58.737+0000] {dag.py:3696} INFO - Setting next_dagrun for example_trigger_target_dag to None, run_after=None
[2023-10-10T01:21:58.744+0000] {processor.py:179} INFO - Processing /home/airflow/.local/lib/python3.8/site-packages/airflow/example_dags/example_trigger_target_dag.py took 0.033 seconds
[2023-10-10T01:22:29.000+0000] {processor.py:157} INFO - Started process (PID=2242) to work on /home/airflow/.local/lib/python3.8/site-packages/airflow/example_dags/example_trigger_target_dag.py
[2023-10-10T01:22:29.000+0000] {processor.py:829} INFO - Processing file /home/airflow/.local/lib/python3.8/site-packages/airflow/example_dags/example_trigger_target_dag.py for tasks to queue
[2023-10-10T01:22:29.001+0000] {logging_mixin.py:151} INFO - [2023-10-10T01:22:29.001+0000] {dagbag.py:539} INFO - Filling up the DagBag from /home/airflow/.local/lib/python3.8/site-packages/airflow/example_dags/example_trigger_target_dag.py
[2023-10-10T01:22:29.004+0000] {processor.py:839} INFO - DAG(s) dict_keys(['example_trigger_target_dag']) retrieved from /home/airflow/.local/lib/python3.8/site-packages/airflow/example_dags/example_trigger_target_dag.py
[2023-10-10T01:22:29.015+0000] {logging_mixin.py:151} INFO - [2023-10-10T01:22:29.015+0000] {dag.py:2915} INFO - Sync 1 DAGs
[2023-10-10T01:22:29.021+0000] {logging_mixin.py:151} INFO - [2023-10-10T01:22:29.020+0000] {dag.py:3696} INFO - Setting next_dagrun for example_trigger_target_dag to None, run_after=None
[2023-10-10T01:22:29.028+0000] {processor.py:179} INFO - Processing /home/airflow/.local/lib/python3.8/site-packages/airflow/example_dags/example_trigger_target_dag.py took 0.030 seconds
[2023-10-10T01:23:00.155+0000] {processor.py:157} INFO - Started process (PID=2481) to work on /home/airflow/.local/lib/python3.8/site-packages/airflow/example_dags/example_trigger_target_dag.py
[2023-10-10T01:23:00.156+0000] {processor.py:829} INFO - Processing file /home/airflow/.local/lib/python3.8/site-packages/airflow/example_dags/example_trigger_target_dag.py for tasks to queue
[2023-10-10T01:23:00.156+0000] {logging_mixin.py:151} INFO - [2023-10-10T01:23:00.156+0000] {dagbag.py:539} INFO - Filling up the DagBag from /home/airflow/.local/lib/python3.8/site-packages/airflow/example_dags/example_trigger_target_dag.py
[2023-10-10T01:23:00.160+0000] {processor.py:839} INFO - DAG(s) dict_keys(['example_trigger_target_dag']) retrieved from /home/airflow/.local/lib/python3.8/site-packages/airflow/example_dags/example_trigger_target_dag.py
[2023-10-10T01:23:00.172+0000] {logging_mixin.py:151} INFO - [2023-10-10T01:23:00.172+0000] {dag.py:2915} INFO - Sync 1 DAGs
[2023-10-10T01:23:00.178+0000] {logging_mixin.py:151} INFO - [2023-10-10T01:23:00.178+0000] {dag.py:3696} INFO - Setting next_dagrun for example_trigger_target_dag to None, run_after=None
[2023-10-10T01:23:00.186+0000] {processor.py:179} INFO - Processing /home/airflow/.local/lib/python3.8/site-packages/airflow/example_dags/example_trigger_target_dag.py took 0.032 seconds
[2023-10-10T01:23:30.476+0000] {processor.py:157} INFO - Started process (PID=2719) to work on /home/airflow/.local/lib/python3.8/site-packages/airflow/example_dags/example_trigger_target_dag.py
[2023-10-10T01:23:30.476+0000] {processor.py:829} INFO - Processing file /home/airflow/.local/lib/python3.8/site-packages/airflow/example_dags/example_trigger_target_dag.py for tasks to queue
[2023-10-10T01:23:30.477+0000] {logging_mixin.py:151} INFO - [2023-10-10T01:23:30.477+0000] {dagbag.py:539} INFO - Filling up the DagBag from /home/airflow/.local/lib/python3.8/site-packages/airflow/example_dags/example_trigger_target_dag.py
[2023-10-10T01:23:30.480+0000] {processor.py:839} INFO - DAG(s) dict_keys(['example_trigger_target_dag']) retrieved from /home/airflow/.local/lib/python3.8/site-packages/airflow/example_dags/example_trigger_target_dag.py
[2023-10-10T01:23:30.492+0000] {logging_mixin.py:151} INFO - [2023-10-10T01:23:30.492+0000] {dag.py:2915} INFO - Sync 1 DAGs
[2023-10-10T01:23:30.498+0000] {logging_mixin.py:151} INFO - [2023-10-10T01:23:30.498+0000] {dag.py:3696} INFO - Setting next_dagrun for example_trigger_target_dag to None, run_after=None
[2023-10-10T01:23:30.505+0000] {processor.py:179} INFO - Processing /home/airflow/.local/lib/python3.8/site-packages/airflow/example_dags/example_trigger_target_dag.py took 0.032 seconds
[2023-10-10T01:24:01.768+0000] {processor.py:157} INFO - Started process (PID=2956) to work on /home/airflow/.local/lib/python3.8/site-packages/airflow/example_dags/example_trigger_target_dag.py
[2023-10-10T01:24:01.769+0000] {processor.py:829} INFO - Processing file /home/airflow/.local/lib/python3.8/site-packages/airflow/example_dags/example_trigger_target_dag.py for tasks to queue
[2023-10-10T01:24:01.769+0000] {logging_mixin.py:151} INFO - [2023-10-10T01:24:01.769+0000] {dagbag.py:539} INFO - Filling up the DagBag from /home/airflow/.local/lib/python3.8/site-packages/airflow/example_dags/example_trigger_target_dag.py
[2023-10-10T01:24:01.773+0000] {processor.py:839} INFO - DAG(s) dict_keys(['example_trigger_target_dag']) retrieved from /home/airflow/.local/lib/python3.8/site-packages/airflow/example_dags/example_trigger_target_dag.py
[2023-10-10T01:24:01.785+0000] {logging_mixin.py:151} INFO - [2023-10-10T01:24:01.785+0000] {dag.py:2915} INFO - Sync 1 DAGs
[2023-10-10T01:24:01.791+0000] {logging_mixin.py:151} INFO - [2023-10-10T01:24:01.790+0000] {dag.py:3696} INFO - Setting next_dagrun for example_trigger_target_dag to None, run_after=None
[2023-10-10T01:24:01.800+0000] {processor.py:179} INFO - Processing /home/airflow/.local/lib/python3.8/site-packages/airflow/example_dags/example_trigger_target_dag.py took 0.033 seconds
[2023-10-10T01:24:33.048+0000] {processor.py:157} INFO - Started process (PID=3194) to work on /home/airflow/.local/lib/python3.8/site-packages/airflow/example_dags/example_trigger_target_dag.py
[2023-10-10T01:24:33.049+0000] {processor.py:829} INFO - Processing file /home/airflow/.local/lib/python3.8/site-packages/airflow/example_dags/example_trigger_target_dag.py for tasks to queue
[2023-10-10T01:24:33.049+0000] {logging_mixin.py:151} INFO - [2023-10-10T01:24:33.049+0000] {dagbag.py:539} INFO - Filling up the DagBag from /home/airflow/.local/lib/python3.8/site-packages/airflow/example_dags/example_trigger_target_dag.py
[2023-10-10T01:24:33.053+0000] {processor.py:839} INFO - DAG(s) dict_keys(['example_trigger_target_dag']) retrieved from /home/airflow/.local/lib/python3.8/site-packages/airflow/example_dags/example_trigger_target_dag.py
[2023-10-10T01:24:33.067+0000] {logging_mixin.py:151} INFO - [2023-10-10T01:24:33.067+0000] {dag.py:2915} INFO - Sync 1 DAGs
[2023-10-10T01:24:33.073+0000] {logging_mixin.py:151} INFO - [2023-10-10T01:24:33.073+0000] {dag.py:3696} INFO - Setting next_dagrun for example_trigger_target_dag to None, run_after=None
[2023-10-10T01:24:33.082+0000] {processor.py:179} INFO - Processing /home/airflow/.local/lib/python3.8/site-packages/airflow/example_dags/example_trigger_target_dag.py took 0.036 seconds
[2023-10-10T01:25:04.207+0000] {processor.py:157} INFO - Started process (PID=3432) to work on /home/airflow/.local/lib/python3.8/site-packages/airflow/example_dags/example_trigger_target_dag.py
[2023-10-10T01:25:04.207+0000] {processor.py:829} INFO - Processing file /home/airflow/.local/lib/python3.8/site-packages/airflow/example_dags/example_trigger_target_dag.py for tasks to queue
[2023-10-10T01:25:04.208+0000] {logging_mixin.py:151} INFO - [2023-10-10T01:25:04.207+0000] {dagbag.py:539} INFO - Filling up the DagBag from /home/airflow/.local/lib/python3.8/site-packages/airflow/example_dags/example_trigger_target_dag.py
[2023-10-10T01:25:04.211+0000] {processor.py:839} INFO - DAG(s) dict_keys(['example_trigger_target_dag']) retrieved from /home/airflow/.local/lib/python3.8/site-packages/airflow/example_dags/example_trigger_target_dag.py
[2023-10-10T01:25:04.223+0000] {logging_mixin.py:151} INFO - [2023-10-10T01:25:04.223+0000] {dag.py:2915} INFO - Sync 1 DAGs
[2023-10-10T01:25:04.229+0000] {logging_mixin.py:151} INFO - [2023-10-10T01:25:04.229+0000] {dag.py:3696} INFO - Setting next_dagrun for example_trigger_target_dag to None, run_after=None
[2023-10-10T01:25:04.236+0000] {processor.py:179} INFO - Processing /home/airflow/.local/lib/python3.8/site-packages/airflow/example_dags/example_trigger_target_dag.py took 0.031 seconds
[2023-10-10T01:25:35.549+0000] {processor.py:157} INFO - Started process (PID=3670) to work on /home/airflow/.local/lib/python3.8/site-packages/airflow/example_dags/example_trigger_target_dag.py
[2023-10-10T01:25:35.550+0000] {processor.py:829} INFO - Processing file /home/airflow/.local/lib/python3.8/site-packages/airflow/example_dags/example_trigger_target_dag.py for tasks to queue
[2023-10-10T01:25:35.550+0000] {logging_mixin.py:151} INFO - [2023-10-10T01:25:35.550+0000] {dagbag.py:539} INFO - Filling up the DagBag from /home/airflow/.local/lib/python3.8/site-packages/airflow/example_dags/example_trigger_target_dag.py
[2023-10-10T01:25:35.554+0000] {processor.py:839} INFO - DAG(s) dict_keys(['example_trigger_target_dag']) retrieved from /home/airflow/.local/lib/python3.8/site-packages/airflow/example_dags/example_trigger_target_dag.py
[2023-10-10T01:25:35.566+0000] {logging_mixin.py:151} INFO - [2023-10-10T01:25:35.566+0000] {dag.py:2915} INFO - Sync 1 DAGs
[2023-10-10T01:25:35.572+0000] {logging_mixin.py:151} INFO - [2023-10-10T01:25:35.572+0000] {dag.py:3696} INFO - Setting next_dagrun for example_trigger_target_dag to None, run_after=None
[2023-10-10T01:25:35.579+0000] {processor.py:179} INFO - Processing /home/airflow/.local/lib/python3.8/site-packages/airflow/example_dags/example_trigger_target_dag.py took 0.032 seconds
[2023-10-10T01:26:06.853+0000] {processor.py:157} INFO - Started process (PID=3908) to work on /home/airflow/.local/lib/python3.8/site-packages/airflow/example_dags/example_trigger_target_dag.py
[2023-10-10T01:26:06.854+0000] {processor.py:829} INFO - Processing file /home/airflow/.local/lib/python3.8/site-packages/airflow/example_dags/example_trigger_target_dag.py for tasks to queue
[2023-10-10T01:26:06.855+0000] {logging_mixin.py:151} INFO - [2023-10-10T01:26:06.854+0000] {dagbag.py:539} INFO - Filling up the DagBag from /home/airflow/.local/lib/python3.8/site-packages/airflow/example_dags/example_trigger_target_dag.py
[2023-10-10T01:26:06.858+0000] {processor.py:839} INFO - DAG(s) dict_keys(['example_trigger_target_dag']) retrieved from /home/airflow/.local/lib/python3.8/site-packages/airflow/example_dags/example_trigger_target_dag.py
[2023-10-10T01:26:06.870+0000] {logging_mixin.py:151} INFO - [2023-10-10T01:26:06.870+0000] {dag.py:2915} INFO - Sync 1 DAGs
[2023-10-10T01:26:06.876+0000] {logging_mixin.py:151} INFO - [2023-10-10T01:26:06.876+0000] {dag.py:3696} INFO - Setting next_dagrun for example_trigger_target_dag to None, run_after=None
[2023-10-10T01:26:06.883+0000] {processor.py:179} INFO - Processing /home/airflow/.local/lib/python3.8/site-packages/airflow/example_dags/example_trigger_target_dag.py took 0.032 seconds
[2023-10-10T01:26:38.129+0000] {processor.py:157} INFO - Started process (PID=4147) to work on /home/airflow/.local/lib/python3.8/site-packages/airflow/example_dags/example_trigger_target_dag.py
[2023-10-10T01:26:38.130+0000] {processor.py:829} INFO - Processing file /home/airflow/.local/lib/python3.8/site-packages/airflow/example_dags/example_trigger_target_dag.py for tasks to queue
[2023-10-10T01:26:38.130+0000] {logging_mixin.py:151} INFO - [2023-10-10T01:26:38.130+0000] {dagbag.py:539} INFO - Filling up the DagBag from /home/airflow/.local/lib/python3.8/site-packages/airflow/example_dags/example_trigger_target_dag.py
[2023-10-10T01:26:38.134+0000] {processor.py:839} INFO - DAG(s) dict_keys(['example_trigger_target_dag']) retrieved from /home/airflow/.local/lib/python3.8/site-packages/airflow/example_dags/example_trigger_target_dag.py
[2023-10-10T01:26:38.146+0000] {logging_mixin.py:151} INFO - [2023-10-10T01:26:38.146+0000] {dag.py:2915} INFO - Sync 1 DAGs
[2023-10-10T01:26:38.152+0000] {logging_mixin.py:151} INFO - [2023-10-10T01:26:38.152+0000] {dag.py:3696} INFO - Setting next_dagrun for example_trigger_target_dag to None, run_after=None
[2023-10-10T01:26:38.160+0000] {processor.py:179} INFO - Processing /home/airflow/.local/lib/python3.8/site-packages/airflow/example_dags/example_trigger_target_dag.py took 0.032 seconds
[2023-10-10T01:27:09.376+0000] {processor.py:157} INFO - Started process (PID=4385) to work on /home/airflow/.local/lib/python3.8/site-packages/airflow/example_dags/example_trigger_target_dag.py
[2023-10-10T01:27:09.377+0000] {processor.py:829} INFO - Processing file /home/airflow/.local/lib/python3.8/site-packages/airflow/example_dags/example_trigger_target_dag.py for tasks to queue
[2023-10-10T01:27:09.378+0000] {logging_mixin.py:151} INFO - [2023-10-10T01:27:09.377+0000] {dagbag.py:539} INFO - Filling up the DagBag from /home/airflow/.local/lib/python3.8/site-packages/airflow/example_dags/example_trigger_target_dag.py
[2023-10-10T01:27:09.381+0000] {processor.py:839} INFO - DAG(s) dict_keys(['example_trigger_target_dag']) retrieved from /home/airflow/.local/lib/python3.8/site-packages/airflow/example_dags/example_trigger_target_dag.py
[2023-10-10T01:27:09.393+0000] {logging_mixin.py:151} INFO - [2023-10-10T01:27:09.393+0000] {dag.py:2915} INFO - Sync 1 DAGs
[2023-10-10T01:27:09.399+0000] {logging_mixin.py:151} INFO - [2023-10-10T01:27:09.399+0000] {dag.py:3696} INFO - Setting next_dagrun for example_trigger_target_dag to None, run_after=None
[2023-10-10T01:27:09.407+0000] {processor.py:179} INFO - Processing /home/airflow/.local/lib/python3.8/site-packages/airflow/example_dags/example_trigger_target_dag.py took 0.032 seconds
[2023-10-10T01:27:40.524+0000] {processor.py:157} INFO - Started process (PID=4623) to work on /home/airflow/.local/lib/python3.8/site-packages/airflow/example_dags/example_trigger_target_dag.py
[2023-10-10T01:27:40.524+0000] {processor.py:829} INFO - Processing file /home/airflow/.local/lib/python3.8/site-packages/airflow/example_dags/example_trigger_target_dag.py for tasks to queue
[2023-10-10T01:27:40.525+0000] {logging_mixin.py:151} INFO - [2023-10-10T01:27:40.525+0000] {dagbag.py:539} INFO - Filling up the DagBag from /home/airflow/.local/lib/python3.8/site-packages/airflow/example_dags/example_trigger_target_dag.py
[2023-10-10T01:27:40.528+0000] {processor.py:839} INFO - DAG(s) dict_keys(['example_trigger_target_dag']) retrieved from /home/airflow/.local/lib/python3.8/site-packages/airflow/example_dags/example_trigger_target_dag.py
[2023-10-10T01:27:40.540+0000] {logging_mixin.py:151} INFO - [2023-10-10T01:27:40.540+0000] {dag.py:2915} INFO - Sync 1 DAGs
[2023-10-10T01:27:40.546+0000] {logging_mixin.py:151} INFO - [2023-10-10T01:27:40.546+0000] {dag.py:3696} INFO - Setting next_dagrun for example_trigger_target_dag to None, run_after=None
[2023-10-10T01:27:40.554+0000] {processor.py:179} INFO - Processing /home/airflow/.local/lib/python3.8/site-packages/airflow/example_dags/example_trigger_target_dag.py took 0.032 seconds
[2023-10-10T01:28:12.010+0000] {processor.py:157} INFO - Started process (PID=4861) to work on /home/airflow/.local/lib/python3.8/site-packages/airflow/example_dags/example_trigger_target_dag.py
[2023-10-10T01:28:12.011+0000] {processor.py:829} INFO - Processing file /home/airflow/.local/lib/python3.8/site-packages/airflow/example_dags/example_trigger_target_dag.py for tasks to queue
[2023-10-10T01:28:12.011+0000] {logging_mixin.py:151} INFO - [2023-10-10T01:28:12.011+0000] {dagbag.py:539} INFO - Filling up the DagBag from /home/airflow/.local/lib/python3.8/site-packages/airflow/example_dags/example_trigger_target_dag.py
[2023-10-10T01:28:12.015+0000] {processor.py:839} INFO - DAG(s) dict_keys(['example_trigger_target_dag']) retrieved from /home/airflow/.local/lib/python3.8/site-packages/airflow/example_dags/example_trigger_target_dag.py
[2023-10-10T01:28:12.027+0000] {logging_mixin.py:151} INFO - [2023-10-10T01:28:12.027+0000] {dag.py:2915} INFO - Sync 1 DAGs
[2023-10-10T01:28:12.033+0000] {logging_mixin.py:151} INFO - [2023-10-10T01:28:12.033+0000] {dag.py:3696} INFO - Setting next_dagrun for example_trigger_target_dag to None, run_after=None
[2023-10-10T01:28:12.063+0000] {processor.py:179} INFO - Processing /home/airflow/.local/lib/python3.8/site-packages/airflow/example_dags/example_trigger_target_dag.py took 0.055 seconds
[2023-10-10T01:28:43.419+0000] {processor.py:157} INFO - Started process (PID=5099) to work on /home/airflow/.local/lib/python3.8/site-packages/airflow/example_dags/example_trigger_target_dag.py
[2023-10-10T01:28:43.420+0000] {processor.py:829} INFO - Processing file /home/airflow/.local/lib/python3.8/site-packages/airflow/example_dags/example_trigger_target_dag.py for tasks to queue
[2023-10-10T01:28:43.420+0000] {logging_mixin.py:151} INFO - [2023-10-10T01:28:43.420+0000] {dagbag.py:539} INFO - Filling up the DagBag from /home/airflow/.local/lib/python3.8/site-packages/airflow/example_dags/example_trigger_target_dag.py
[2023-10-10T01:28:43.425+0000] {processor.py:839} INFO - DAG(s) dict_keys(['example_trigger_target_dag']) retrieved from /home/airflow/.local/lib/python3.8/site-packages/airflow/example_dags/example_trigger_target_dag.py
[2023-10-10T01:28:43.437+0000] {logging_mixin.py:151} INFO - [2023-10-10T01:28:43.437+0000] {dag.py:2915} INFO - Sync 1 DAGs
[2023-10-10T01:28:43.445+0000] {logging_mixin.py:151} INFO - [2023-10-10T01:28:43.445+0000] {dag.py:3696} INFO - Setting next_dagrun for example_trigger_target_dag to None, run_after=None
[2023-10-10T01:28:43.455+0000] {processor.py:179} INFO - Processing /home/airflow/.local/lib/python3.8/site-packages/airflow/example_dags/example_trigger_target_dag.py took 0.038 seconds
[2023-10-10T01:29:14.498+0000] {processor.py:157} INFO - Started process (PID=5337) to work on /home/airflow/.local/lib/python3.8/site-packages/airflow/example_dags/example_trigger_target_dag.py
[2023-10-10T01:29:14.499+0000] {processor.py:829} INFO - Processing file /home/airflow/.local/lib/python3.8/site-packages/airflow/example_dags/example_trigger_target_dag.py for tasks to queue
[2023-10-10T01:29:14.500+0000] {logging_mixin.py:151} INFO - [2023-10-10T01:29:14.500+0000] {dagbag.py:539} INFO - Filling up the DagBag from /home/airflow/.local/lib/python3.8/site-packages/airflow/example_dags/example_trigger_target_dag.py
[2023-10-10T01:29:14.503+0000] {processor.py:839} INFO - DAG(s) dict_keys(['example_trigger_target_dag']) retrieved from /home/airflow/.local/lib/python3.8/site-packages/airflow/example_dags/example_trigger_target_dag.py
[2023-10-10T01:29:14.515+0000] {logging_mixin.py:151} INFO - [2023-10-10T01:29:14.515+0000] {dag.py:2915} INFO - Sync 1 DAGs
[2023-10-10T01:29:14.521+0000] {logging_mixin.py:151} INFO - [2023-10-10T01:29:14.521+0000] {dag.py:3696} INFO - Setting next_dagrun for example_trigger_target_dag to None, run_after=None
[2023-10-10T01:29:14.528+0000] {processor.py:179} INFO - Processing /home/airflow/.local/lib/python3.8/site-packages/airflow/example_dags/example_trigger_target_dag.py took 0.032 seconds
[2023-10-10T01:29:45.714+0000] {processor.py:157} INFO - Started process (PID=5575) to work on /home/airflow/.local/lib/python3.8/site-packages/airflow/example_dags/example_trigger_target_dag.py
[2023-10-10T01:29:45.714+0000] {processor.py:829} INFO - Processing file /home/airflow/.local/lib/python3.8/site-packages/airflow/example_dags/example_trigger_target_dag.py for tasks to queue
[2023-10-10T01:29:45.715+0000] {logging_mixin.py:151} INFO - [2023-10-10T01:29:45.715+0000] {dagbag.py:539} INFO - Filling up the DagBag from /home/airflow/.local/lib/python3.8/site-packages/airflow/example_dags/example_trigger_target_dag.py
[2023-10-10T01:29:45.719+0000] {processor.py:839} INFO - DAG(s) dict_keys(['example_trigger_target_dag']) retrieved from /home/airflow/.local/lib/python3.8/site-packages/airflow/example_dags/example_trigger_target_dag.py
[2023-10-10T01:29:45.731+0000] {logging_mixin.py:151} INFO - [2023-10-10T01:29:45.731+0000] {dag.py:2915} INFO - Sync 1 DAGs
[2023-10-10T01:29:45.737+0000] {logging_mixin.py:151} INFO - [2023-10-10T01:29:45.736+0000] {dag.py:3696} INFO - Setting next_dagrun for example_trigger_target_dag to None, run_after=None
[2023-10-10T01:29:45.744+0000] {processor.py:179} INFO - Processing /home/airflow/.local/lib/python3.8/site-packages/airflow/example_dags/example_trigger_target_dag.py took 0.032 seconds
[2023-10-10T01:30:17.105+0000] {processor.py:157} INFO - Started process (PID=5820) to work on /home/airflow/.local/lib/python3.8/site-packages/airflow/example_dags/example_trigger_target_dag.py
[2023-10-10T01:30:17.106+0000] {processor.py:829} INFO - Processing file /home/airflow/.local/lib/python3.8/site-packages/airflow/example_dags/example_trigger_target_dag.py for tasks to queue
[2023-10-10T01:30:17.106+0000] {logging_mixin.py:151} INFO - [2023-10-10T01:30:17.106+0000] {dagbag.py:539} INFO - Filling up the DagBag from /home/airflow/.local/lib/python3.8/site-packages/airflow/example_dags/example_trigger_target_dag.py
[2023-10-10T01:30:17.109+0000] {processor.py:839} INFO - DAG(s) dict_keys(['example_trigger_target_dag']) retrieved from /home/airflow/.local/lib/python3.8/site-packages/airflow/example_dags/example_trigger_target_dag.py
[2023-10-10T01:30:17.120+0000] {logging_mixin.py:151} INFO - [2023-10-10T01:30:17.120+0000] {dag.py:2915} INFO - Sync 1 DAGs
[2023-10-10T01:30:17.126+0000] {logging_mixin.py:151} INFO - [2023-10-10T01:30:17.126+0000] {dag.py:3696} INFO - Setting next_dagrun for example_trigger_target_dag to None, run_after=None
[2023-10-10T01:30:17.134+0000] {processor.py:179} INFO - Processing /home/airflow/.local/lib/python3.8/site-packages/airflow/example_dags/example_trigger_target_dag.py took 0.031 seconds
[2023-10-10T01:30:48.294+0000] {processor.py:157} INFO - Started process (PID=6059) to work on /home/airflow/.local/lib/python3.8/site-packages/airflow/example_dags/example_trigger_target_dag.py
[2023-10-10T01:30:48.295+0000] {processor.py:829} INFO - Processing file /home/airflow/.local/lib/python3.8/site-packages/airflow/example_dags/example_trigger_target_dag.py for tasks to queue
[2023-10-10T01:30:48.295+0000] {logging_mixin.py:151} INFO - [2023-10-10T01:30:48.295+0000] {dagbag.py:539} INFO - Filling up the DagBag from /home/airflow/.local/lib/python3.8/site-packages/airflow/example_dags/example_trigger_target_dag.py
[2023-10-10T01:30:48.299+0000] {processor.py:839} INFO - DAG(s) dict_keys(['example_trigger_target_dag']) retrieved from /home/airflow/.local/lib/python3.8/site-packages/airflow/example_dags/example_trigger_target_dag.py
[2023-10-10T01:30:48.311+0000] {logging_mixin.py:151} INFO - [2023-10-10T01:30:48.311+0000] {dag.py:2915} INFO - Sync 1 DAGs
[2023-10-10T01:30:48.317+0000] {logging_mixin.py:151} INFO - [2023-10-10T01:30:48.317+0000] {dag.py:3696} INFO - Setting next_dagrun for example_trigger_target_dag to None, run_after=None
[2023-10-10T01:30:48.324+0000] {processor.py:179} INFO - Processing /home/airflow/.local/lib/python3.8/site-packages/airflow/example_dags/example_trigger_target_dag.py took 0.032 seconds
[2023-10-10T01:31:19.022+0000] {processor.py:157} INFO - Started process (PID=6297) to work on /home/airflow/.local/lib/python3.8/site-packages/airflow/example_dags/example_trigger_target_dag.py
[2023-10-10T01:31:19.023+0000] {processor.py:829} INFO - Processing file /home/airflow/.local/lib/python3.8/site-packages/airflow/example_dags/example_trigger_target_dag.py for tasks to queue
[2023-10-10T01:31:19.023+0000] {logging_mixin.py:151} INFO - [2023-10-10T01:31:19.023+0000] {dagbag.py:539} INFO - Filling up the DagBag from /home/airflow/.local/lib/python3.8/site-packages/airflow/example_dags/example_trigger_target_dag.py
[2023-10-10T01:31:19.026+0000] {processor.py:839} INFO - DAG(s) dict_keys(['example_trigger_target_dag']) retrieved from /home/airflow/.local/lib/python3.8/site-packages/airflow/example_dags/example_trigger_target_dag.py
[2023-10-10T01:31:19.039+0000] {logging_mixin.py:151} INFO - [2023-10-10T01:31:19.038+0000] {dag.py:2915} INFO - Sync 1 DAGs
[2023-10-10T01:31:19.044+0000] {logging_mixin.py:151} INFO - [2023-10-10T01:31:19.044+0000] {dag.py:3696} INFO - Setting next_dagrun for example_trigger_target_dag to None, run_after=None
[2023-10-10T01:31:19.052+0000] {processor.py:179} INFO - Processing /home/airflow/.local/lib/python3.8/site-packages/airflow/example_dags/example_trigger_target_dag.py took 0.032 seconds
