[2023-10-10T01:18:22.205+0000] {processor.py:157} INFO - Started process (PID=304) to work on /home/airflow/.local/lib/python3.8/site-packages/airflow/example_dags/example_xcom.py
[2023-10-10T01:18:22.206+0000] {processor.py:829} INFO - Processing file /home/airflow/.local/lib/python3.8/site-packages/airflow/example_dags/example_xcom.py for tasks to queue
[2023-10-10T01:18:22.206+0000] {logging_mixin.py:151} INFO - [2023-10-10T01:18:22.206+0000] {dagbag.py:539} INFO - Filling up the DagBag from /home/airflow/.local/lib/python3.8/site-packages/airflow/example_dags/example_xcom.py
[2023-10-10T01:18:22.212+0000] {processor.py:839} INFO - DAG(s) dict_keys(['example_xcom']) retrieved from /home/airflow/.local/lib/python3.8/site-packages/airflow/example_dags/example_xcom.py
[2023-10-10T01:18:22.222+0000] {logging_mixin.py:151} INFO - [2023-10-10T01:18:22.222+0000] {dag.py:2915} INFO - Sync 1 DAGs
[2023-10-10T01:18:22.307+0000] {logging_mixin.py:151} INFO - [2023-10-10T01:18:22.307+0000] {dag.py:3696} INFO - Setting next_dagrun for example_xcom to 2021-01-01T00:00:00+00:00, run_after=2021-01-01T00:00:00+00:00
[2023-10-10T01:18:22.316+0000] {processor.py:179} INFO - Processing /home/airflow/.local/lib/python3.8/site-packages/airflow/example_dags/example_xcom.py took 0.112 seconds
[2023-10-10T01:18:53.083+0000] {processor.py:157} INFO - Started process (PID=540) to work on /home/airflow/.local/lib/python3.8/site-packages/airflow/example_dags/example_xcom.py
[2023-10-10T01:18:53.084+0000] {processor.py:829} INFO - Processing file /home/airflow/.local/lib/python3.8/site-packages/airflow/example_dags/example_xcom.py for tasks to queue
[2023-10-10T01:18:53.085+0000] {logging_mixin.py:151} INFO - [2023-10-10T01:18:53.084+0000] {dagbag.py:539} INFO - Filling up the DagBag from /home/airflow/.local/lib/python3.8/site-packages/airflow/example_dags/example_xcom.py
[2023-10-10T01:18:53.094+0000] {processor.py:839} INFO - DAG(s) dict_keys(['example_xcom']) retrieved from /home/airflow/.local/lib/python3.8/site-packages/airflow/example_dags/example_xcom.py
[2023-10-10T01:18:53.115+0000] {logging_mixin.py:151} INFO - [2023-10-10T01:18:53.115+0000] {dag.py:2915} INFO - Sync 1 DAGs
[2023-10-10T01:18:53.133+0000] {logging_mixin.py:151} INFO - [2023-10-10T01:18:53.132+0000] {dag.py:3696} INFO - Setting next_dagrun for example_xcom to 2021-01-01T00:00:00+00:00, run_after=2021-01-01T00:00:00+00:00
[2023-10-10T01:18:53.142+0000] {processor.py:179} INFO - Processing /home/airflow/.local/lib/python3.8/site-packages/airflow/example_dags/example_xcom.py took 0.062 seconds
[2023-10-10T01:19:23.298+0000] {processor.py:157} INFO - Started process (PID=780) to work on /home/airflow/.local/lib/python3.8/site-packages/airflow/example_dags/example_xcom.py
[2023-10-10T01:19:23.298+0000] {processor.py:829} INFO - Processing file /home/airflow/.local/lib/python3.8/site-packages/airflow/example_dags/example_xcom.py for tasks to queue
[2023-10-10T01:19:23.299+0000] {logging_mixin.py:151} INFO - [2023-10-10T01:19:23.299+0000] {dagbag.py:539} INFO - Filling up the DagBag from /home/airflow/.local/lib/python3.8/site-packages/airflow/example_dags/example_xcom.py
[2023-10-10T01:19:23.303+0000] {processor.py:839} INFO - DAG(s) dict_keys(['example_xcom']) retrieved from /home/airflow/.local/lib/python3.8/site-packages/airflow/example_dags/example_xcom.py
[2023-10-10T01:19:23.318+0000] {logging_mixin.py:151} INFO - [2023-10-10T01:19:23.318+0000] {dag.py:2915} INFO - Sync 1 DAGs
[2023-10-10T01:19:23.328+0000] {logging_mixin.py:151} INFO - [2023-10-10T01:19:23.328+0000] {dag.py:3696} INFO - Setting next_dagrun for example_xcom to 2021-01-01T00:00:00+00:00, run_after=2021-01-01T00:00:00+00:00
[2023-10-10T01:19:23.335+0000] {processor.py:179} INFO - Processing /home/airflow/.local/lib/python3.8/site-packages/airflow/example_dags/example_xcom.py took 0.039 seconds
[2023-10-10T01:19:54.525+0000] {processor.py:157} INFO - Started process (PID=1017) to work on /home/airflow/.local/lib/python3.8/site-packages/airflow/example_dags/example_xcom.py
[2023-10-10T01:19:54.526+0000] {processor.py:829} INFO - Processing file /home/airflow/.local/lib/python3.8/site-packages/airflow/example_dags/example_xcom.py for tasks to queue
[2023-10-10T01:19:54.526+0000] {logging_mixin.py:151} INFO - [2023-10-10T01:19:54.526+0000] {dagbag.py:539} INFO - Filling up the DagBag from /home/airflow/.local/lib/python3.8/site-packages/airflow/example_dags/example_xcom.py
[2023-10-10T01:19:54.530+0000] {processor.py:839} INFO - DAG(s) dict_keys(['example_xcom']) retrieved from /home/airflow/.local/lib/python3.8/site-packages/airflow/example_dags/example_xcom.py
[2023-10-10T01:19:54.542+0000] {logging_mixin.py:151} INFO - [2023-10-10T01:19:54.542+0000] {dag.py:2915} INFO - Sync 1 DAGs
[2023-10-10T01:19:54.551+0000] {logging_mixin.py:151} INFO - [2023-10-10T01:19:54.551+0000] {dag.py:3696} INFO - Setting next_dagrun for example_xcom to 2021-01-01T00:00:00+00:00, run_after=2021-01-01T00:00:00+00:00
[2023-10-10T01:19:54.558+0000] {processor.py:179} INFO - Processing /home/airflow/.local/lib/python3.8/site-packages/airflow/example_dags/example_xcom.py took 0.035 seconds
[2023-10-10T01:20:24.821+0000] {processor.py:157} INFO - Started process (PID=1255) to work on /home/airflow/.local/lib/python3.8/site-packages/airflow/example_dags/example_xcom.py
[2023-10-10T01:20:24.822+0000] {processor.py:829} INFO - Processing file /home/airflow/.local/lib/python3.8/site-packages/airflow/example_dags/example_xcom.py for tasks to queue
[2023-10-10T01:20:24.823+0000] {logging_mixin.py:151} INFO - [2023-10-10T01:20:24.823+0000] {dagbag.py:539} INFO - Filling up the DagBag from /home/airflow/.local/lib/python3.8/site-packages/airflow/example_dags/example_xcom.py
[2023-10-10T01:20:24.828+0000] {processor.py:839} INFO - DAG(s) dict_keys(['example_xcom']) retrieved from /home/airflow/.local/lib/python3.8/site-packages/airflow/example_dags/example_xcom.py
[2023-10-10T01:20:24.841+0000] {logging_mixin.py:151} INFO - [2023-10-10T01:20:24.841+0000] {dag.py:2915} INFO - Sync 1 DAGs
[2023-10-10T01:20:24.850+0000] {logging_mixin.py:151} INFO - [2023-10-10T01:20:24.850+0000] {dag.py:3696} INFO - Setting next_dagrun for example_xcom to 2021-01-01T00:00:00+00:00, run_after=2021-01-01T00:00:00+00:00
[2023-10-10T01:20:24.857+0000] {processor.py:179} INFO - Processing /home/airflow/.local/lib/python3.8/site-packages/airflow/example_dags/example_xcom.py took 0.040 seconds
[2023-10-10T01:20:56.028+0000] {processor.py:157} INFO - Started process (PID=1493) to work on /home/airflow/.local/lib/python3.8/site-packages/airflow/example_dags/example_xcom.py
[2023-10-10T01:20:56.028+0000] {processor.py:829} INFO - Processing file /home/airflow/.local/lib/python3.8/site-packages/airflow/example_dags/example_xcom.py for tasks to queue
[2023-10-10T01:20:56.029+0000] {logging_mixin.py:151} INFO - [2023-10-10T01:20:56.029+0000] {dagbag.py:539} INFO - Filling up the DagBag from /home/airflow/.local/lib/python3.8/site-packages/airflow/example_dags/example_xcom.py
[2023-10-10T01:20:56.033+0000] {processor.py:839} INFO - DAG(s) dict_keys(['example_xcom']) retrieved from /home/airflow/.local/lib/python3.8/site-packages/airflow/example_dags/example_xcom.py
[2023-10-10T01:20:56.045+0000] {logging_mixin.py:151} INFO - [2023-10-10T01:20:56.045+0000] {dag.py:2915} INFO - Sync 1 DAGs
[2023-10-10T01:20:56.054+0000] {logging_mixin.py:151} INFO - [2023-10-10T01:20:56.054+0000] {dag.py:3696} INFO - Setting next_dagrun for example_xcom to 2021-01-01T00:00:00+00:00, run_after=2021-01-01T00:00:00+00:00
[2023-10-10T01:20:56.061+0000] {processor.py:179} INFO - Processing /home/airflow/.local/lib/python3.8/site-packages/airflow/example_dags/example_xcom.py took 0.035 seconds
[2023-10-10T01:21:27.219+0000] {processor.py:157} INFO - Started process (PID=1731) to work on /home/airflow/.local/lib/python3.8/site-packages/airflow/example_dags/example_xcom.py
[2023-10-10T01:21:27.220+0000] {processor.py:829} INFO - Processing file /home/airflow/.local/lib/python3.8/site-packages/airflow/example_dags/example_xcom.py for tasks to queue
[2023-10-10T01:21:27.220+0000] {logging_mixin.py:151} INFO - [2023-10-10T01:21:27.220+0000] {dagbag.py:539} INFO - Filling up the DagBag from /home/airflow/.local/lib/python3.8/site-packages/airflow/example_dags/example_xcom.py
[2023-10-10T01:21:27.224+0000] {processor.py:839} INFO - DAG(s) dict_keys(['example_xcom']) retrieved from /home/airflow/.local/lib/python3.8/site-packages/airflow/example_dags/example_xcom.py
[2023-10-10T01:21:27.236+0000] {logging_mixin.py:151} INFO - [2023-10-10T01:21:27.236+0000] {dag.py:2915} INFO - Sync 1 DAGs
[2023-10-10T01:21:27.246+0000] {logging_mixin.py:151} INFO - [2023-10-10T01:21:27.246+0000] {dag.py:3696} INFO - Setting next_dagrun for example_xcom to 2021-01-01T00:00:00+00:00, run_after=2021-01-01T00:00:00+00:00
[2023-10-10T01:21:27.253+0000] {processor.py:179} INFO - Processing /home/airflow/.local/lib/python3.8/site-packages/airflow/example_dags/example_xcom.py took 0.036 seconds
[2023-10-10T01:21:58.481+0000] {processor.py:157} INFO - Started process (PID=1969) to work on /home/airflow/.local/lib/python3.8/site-packages/airflow/example_dags/example_xcom.py
[2023-10-10T01:21:58.482+0000] {processor.py:829} INFO - Processing file /home/airflow/.local/lib/python3.8/site-packages/airflow/example_dags/example_xcom.py for tasks to queue
[2023-10-10T01:21:58.483+0000] {logging_mixin.py:151} INFO - [2023-10-10T01:21:58.483+0000] {dagbag.py:539} INFO - Filling up the DagBag from /home/airflow/.local/lib/python3.8/site-packages/airflow/example_dags/example_xcom.py
[2023-10-10T01:21:58.487+0000] {processor.py:839} INFO - DAG(s) dict_keys(['example_xcom']) retrieved from /home/airflow/.local/lib/python3.8/site-packages/airflow/example_dags/example_xcom.py
[2023-10-10T01:21:58.500+0000] {logging_mixin.py:151} INFO - [2023-10-10T01:21:58.500+0000] {dag.py:2915} INFO - Sync 1 DAGs
[2023-10-10T01:21:58.511+0000] {logging_mixin.py:151} INFO - [2023-10-10T01:21:58.511+0000] {dag.py:3696} INFO - Setting next_dagrun for example_xcom to 2021-01-01T00:00:00+00:00, run_after=2021-01-01T00:00:00+00:00
[2023-10-10T01:21:58.518+0000] {processor.py:179} INFO - Processing /home/airflow/.local/lib/python3.8/site-packages/airflow/example_dags/example_xcom.py took 0.038 seconds
[2023-10-10T01:22:28.807+0000] {processor.py:157} INFO - Started process (PID=2207) to work on /home/airflow/.local/lib/python3.8/site-packages/airflow/example_dags/example_xcom.py
[2023-10-10T01:22:28.808+0000] {processor.py:829} INFO - Processing file /home/airflow/.local/lib/python3.8/site-packages/airflow/example_dags/example_xcom.py for tasks to queue
[2023-10-10T01:22:28.808+0000] {logging_mixin.py:151} INFO - [2023-10-10T01:22:28.808+0000] {dagbag.py:539} INFO - Filling up the DagBag from /home/airflow/.local/lib/python3.8/site-packages/airflow/example_dags/example_xcom.py
[2023-10-10T01:22:28.812+0000] {processor.py:839} INFO - DAG(s) dict_keys(['example_xcom']) retrieved from /home/airflow/.local/lib/python3.8/site-packages/airflow/example_dags/example_xcom.py
[2023-10-10T01:22:28.824+0000] {logging_mixin.py:151} INFO - [2023-10-10T01:22:28.824+0000] {dag.py:2915} INFO - Sync 1 DAGs
[2023-10-10T01:22:28.833+0000] {logging_mixin.py:151} INFO - [2023-10-10T01:22:28.833+0000] {dag.py:3696} INFO - Setting next_dagrun for example_xcom to 2021-01-01T00:00:00+00:00, run_after=2021-01-01T00:00:00+00:00
[2023-10-10T01:22:28.840+0000] {processor.py:179} INFO - Processing /home/airflow/.local/lib/python3.8/site-packages/airflow/example_dags/example_xcom.py took 0.035 seconds
[2023-10-10T01:22:59.982+0000] {processor.py:157} INFO - Started process (PID=2446) to work on /home/airflow/.local/lib/python3.8/site-packages/airflow/example_dags/example_xcom.py
[2023-10-10T01:22:59.983+0000] {processor.py:829} INFO - Processing file /home/airflow/.local/lib/python3.8/site-packages/airflow/example_dags/example_xcom.py for tasks to queue
[2023-10-10T01:22:59.983+0000] {logging_mixin.py:151} INFO - [2023-10-10T01:22:59.983+0000] {dagbag.py:539} INFO - Filling up the DagBag from /home/airflow/.local/lib/python3.8/site-packages/airflow/example_dags/example_xcom.py
[2023-10-10T01:22:59.987+0000] {processor.py:839} INFO - DAG(s) dict_keys(['example_xcom']) retrieved from /home/airflow/.local/lib/python3.8/site-packages/airflow/example_dags/example_xcom.py
[2023-10-10T01:23:00.000+0000] {logging_mixin.py:151} INFO - [2023-10-10T01:23:00.000+0000] {dag.py:2915} INFO - Sync 1 DAGs
[2023-10-10T01:23:00.010+0000] {logging_mixin.py:151} INFO - [2023-10-10T01:23:00.010+0000] {dag.py:3696} INFO - Setting next_dagrun for example_xcom to 2021-01-01T00:00:00+00:00, run_after=2021-01-01T00:00:00+00:00
[2023-10-10T01:23:00.019+0000] {processor.py:179} INFO - Processing /home/airflow/.local/lib/python3.8/site-packages/airflow/example_dags/example_xcom.py took 0.039 seconds
[2023-10-10T01:23:30.307+0000] {processor.py:157} INFO - Started process (PID=2684) to work on /home/airflow/.local/lib/python3.8/site-packages/airflow/example_dags/example_xcom.py
[2023-10-10T01:23:30.308+0000] {processor.py:829} INFO - Processing file /home/airflow/.local/lib/python3.8/site-packages/airflow/example_dags/example_xcom.py for tasks to queue
[2023-10-10T01:23:30.308+0000] {logging_mixin.py:151} INFO - [2023-10-10T01:23:30.308+0000] {dagbag.py:539} INFO - Filling up the DagBag from /home/airflow/.local/lib/python3.8/site-packages/airflow/example_dags/example_xcom.py
[2023-10-10T01:23:30.313+0000] {processor.py:839} INFO - DAG(s) dict_keys(['example_xcom']) retrieved from /home/airflow/.local/lib/python3.8/site-packages/airflow/example_dags/example_xcom.py
[2023-10-10T01:23:30.325+0000] {logging_mixin.py:151} INFO - [2023-10-10T01:23:30.325+0000] {dag.py:2915} INFO - Sync 1 DAGs
[2023-10-10T01:23:30.336+0000] {logging_mixin.py:151} INFO - [2023-10-10T01:23:30.335+0000] {dag.py:3696} INFO - Setting next_dagrun for example_xcom to 2021-01-01T00:00:00+00:00, run_after=2021-01-01T00:00:00+00:00
[2023-10-10T01:23:30.343+0000] {processor.py:179} INFO - Processing /home/airflow/.local/lib/python3.8/site-packages/airflow/example_dags/example_xcom.py took 0.038 seconds
[2023-10-10T01:24:01.601+0000] {processor.py:157} INFO - Started process (PID=2921) to work on /home/airflow/.local/lib/python3.8/site-packages/airflow/example_dags/example_xcom.py
[2023-10-10T01:24:01.601+0000] {processor.py:829} INFO - Processing file /home/airflow/.local/lib/python3.8/site-packages/airflow/example_dags/example_xcom.py for tasks to queue
[2023-10-10T01:24:01.602+0000] {logging_mixin.py:151} INFO - [2023-10-10T01:24:01.602+0000] {dagbag.py:539} INFO - Filling up the DagBag from /home/airflow/.local/lib/python3.8/site-packages/airflow/example_dags/example_xcom.py
[2023-10-10T01:24:01.606+0000] {processor.py:839} INFO - DAG(s) dict_keys(['example_xcom']) retrieved from /home/airflow/.local/lib/python3.8/site-packages/airflow/example_dags/example_xcom.py
[2023-10-10T01:24:01.619+0000] {logging_mixin.py:151} INFO - [2023-10-10T01:24:01.619+0000] {dag.py:2915} INFO - Sync 1 DAGs
[2023-10-10T01:24:01.629+0000] {logging_mixin.py:151} INFO - [2023-10-10T01:24:01.629+0000] {dag.py:3696} INFO - Setting next_dagrun for example_xcom to 2021-01-01T00:00:00+00:00, run_after=2021-01-01T00:00:00+00:00
[2023-10-10T01:24:01.636+0000] {processor.py:179} INFO - Processing /home/airflow/.local/lib/python3.8/site-packages/airflow/example_dags/example_xcom.py took 0.037 seconds
[2023-10-10T01:24:32.876+0000] {processor.py:157} INFO - Started process (PID=3159) to work on /home/airflow/.local/lib/python3.8/site-packages/airflow/example_dags/example_xcom.py
[2023-10-10T01:24:32.876+0000] {processor.py:829} INFO - Processing file /home/airflow/.local/lib/python3.8/site-packages/airflow/example_dags/example_xcom.py for tasks to queue
[2023-10-10T01:24:32.877+0000] {logging_mixin.py:151} INFO - [2023-10-10T01:24:32.877+0000] {dagbag.py:539} INFO - Filling up the DagBag from /home/airflow/.local/lib/python3.8/site-packages/airflow/example_dags/example_xcom.py
[2023-10-10T01:24:32.881+0000] {processor.py:839} INFO - DAG(s) dict_keys(['example_xcom']) retrieved from /home/airflow/.local/lib/python3.8/site-packages/airflow/example_dags/example_xcom.py
[2023-10-10T01:24:32.894+0000] {logging_mixin.py:151} INFO - [2023-10-10T01:24:32.894+0000] {dag.py:2915} INFO - Sync 1 DAGs
[2023-10-10T01:24:32.904+0000] {logging_mixin.py:151} INFO - [2023-10-10T01:24:32.904+0000] {dag.py:3696} INFO - Setting next_dagrun for example_xcom to 2021-01-01T00:00:00+00:00, run_after=2021-01-01T00:00:00+00:00
[2023-10-10T01:24:32.912+0000] {processor.py:179} INFO - Processing /home/airflow/.local/lib/python3.8/site-packages/airflow/example_dags/example_xcom.py took 0.038 seconds
[2023-10-10T01:25:04.048+0000] {processor.py:157} INFO - Started process (PID=3397) to work on /home/airflow/.local/lib/python3.8/site-packages/airflow/example_dags/example_xcom.py
[2023-10-10T01:25:04.048+0000] {processor.py:829} INFO - Processing file /home/airflow/.local/lib/python3.8/site-packages/airflow/example_dags/example_xcom.py for tasks to queue
[2023-10-10T01:25:04.049+0000] {logging_mixin.py:151} INFO - [2023-10-10T01:25:04.049+0000] {dagbag.py:539} INFO - Filling up the DagBag from /home/airflow/.local/lib/python3.8/site-packages/airflow/example_dags/example_xcom.py
[2023-10-10T01:25:04.053+0000] {processor.py:839} INFO - DAG(s) dict_keys(['example_xcom']) retrieved from /home/airflow/.local/lib/python3.8/site-packages/airflow/example_dags/example_xcom.py
[2023-10-10T01:25:04.066+0000] {logging_mixin.py:151} INFO - [2023-10-10T01:25:04.065+0000] {dag.py:2915} INFO - Sync 1 DAGs
[2023-10-10T01:25:04.075+0000] {logging_mixin.py:151} INFO - [2023-10-10T01:25:04.075+0000] {dag.py:3696} INFO - Setting next_dagrun for example_xcom to 2021-01-01T00:00:00+00:00, run_after=2021-01-01T00:00:00+00:00
[2023-10-10T01:25:04.083+0000] {processor.py:179} INFO - Processing /home/airflow/.local/lib/python3.8/site-packages/airflow/example_dags/example_xcom.py took 0.037 seconds
[2023-10-10T01:25:35.376+0000] {processor.py:157} INFO - Started process (PID=3635) to work on /home/airflow/.local/lib/python3.8/site-packages/airflow/example_dags/example_xcom.py
[2023-10-10T01:25:35.376+0000] {processor.py:829} INFO - Processing file /home/airflow/.local/lib/python3.8/site-packages/airflow/example_dags/example_xcom.py for tasks to queue
[2023-10-10T01:25:35.377+0000] {logging_mixin.py:151} INFO - [2023-10-10T01:25:35.377+0000] {dagbag.py:539} INFO - Filling up the DagBag from /home/airflow/.local/lib/python3.8/site-packages/airflow/example_dags/example_xcom.py
[2023-10-10T01:25:35.381+0000] {processor.py:839} INFO - DAG(s) dict_keys(['example_xcom']) retrieved from /home/airflow/.local/lib/python3.8/site-packages/airflow/example_dags/example_xcom.py
[2023-10-10T01:25:35.394+0000] {logging_mixin.py:151} INFO - [2023-10-10T01:25:35.394+0000] {dag.py:2915} INFO - Sync 1 DAGs
[2023-10-10T01:25:35.404+0000] {logging_mixin.py:151} INFO - [2023-10-10T01:25:35.404+0000] {dag.py:3696} INFO - Setting next_dagrun for example_xcom to 2021-01-01T00:00:00+00:00, run_after=2021-01-01T00:00:00+00:00
[2023-10-10T01:25:35.412+0000] {processor.py:179} INFO - Processing /home/airflow/.local/lib/python3.8/site-packages/airflow/example_dags/example_xcom.py took 0.038 seconds
[2023-10-10T01:26:06.684+0000] {processor.py:157} INFO - Started process (PID=3873) to work on /home/airflow/.local/lib/python3.8/site-packages/airflow/example_dags/example_xcom.py
[2023-10-10T01:26:06.685+0000] {processor.py:829} INFO - Processing file /home/airflow/.local/lib/python3.8/site-packages/airflow/example_dags/example_xcom.py for tasks to queue
[2023-10-10T01:26:06.685+0000] {logging_mixin.py:151} INFO - [2023-10-10T01:26:06.685+0000] {dagbag.py:539} INFO - Filling up the DagBag from /home/airflow/.local/lib/python3.8/site-packages/airflow/example_dags/example_xcom.py
[2023-10-10T01:26:06.690+0000] {processor.py:839} INFO - DAG(s) dict_keys(['example_xcom']) retrieved from /home/airflow/.local/lib/python3.8/site-packages/airflow/example_dags/example_xcom.py
[2023-10-10T01:26:06.703+0000] {logging_mixin.py:151} INFO - [2023-10-10T01:26:06.703+0000] {dag.py:2915} INFO - Sync 1 DAGs
[2023-10-10T01:26:06.713+0000] {logging_mixin.py:151} INFO - [2023-10-10T01:26:06.713+0000] {dag.py:3696} INFO - Setting next_dagrun for example_xcom to 2021-01-01T00:00:00+00:00, run_after=2021-01-01T00:00:00+00:00
[2023-10-10T01:26:06.721+0000] {processor.py:179} INFO - Processing /home/airflow/.local/lib/python3.8/site-packages/airflow/example_dags/example_xcom.py took 0.038 seconds
[2023-10-10T01:26:37.959+0000] {processor.py:157} INFO - Started process (PID=4112) to work on /home/airflow/.local/lib/python3.8/site-packages/airflow/example_dags/example_xcom.py
[2023-10-10T01:26:37.960+0000] {processor.py:829} INFO - Processing file /home/airflow/.local/lib/python3.8/site-packages/airflow/example_dags/example_xcom.py for tasks to queue
[2023-10-10T01:26:37.960+0000] {logging_mixin.py:151} INFO - [2023-10-10T01:26:37.960+0000] {dagbag.py:539} INFO - Filling up the DagBag from /home/airflow/.local/lib/python3.8/site-packages/airflow/example_dags/example_xcom.py
[2023-10-10T01:26:37.966+0000] {processor.py:839} INFO - DAG(s) dict_keys(['example_xcom']) retrieved from /home/airflow/.local/lib/python3.8/site-packages/airflow/example_dags/example_xcom.py
[2023-10-10T01:26:37.980+0000] {logging_mixin.py:151} INFO - [2023-10-10T01:26:37.980+0000] {dag.py:2915} INFO - Sync 1 DAGs
[2023-10-10T01:26:37.991+0000] {logging_mixin.py:151} INFO - [2023-10-10T01:26:37.991+0000] {dag.py:3696} INFO - Setting next_dagrun for example_xcom to 2021-01-01T00:00:00+00:00, run_after=2021-01-01T00:00:00+00:00
[2023-10-10T01:26:37.998+0000] {processor.py:179} INFO - Processing /home/airflow/.local/lib/python3.8/site-packages/airflow/example_dags/example_xcom.py took 0.041 seconds
[2023-10-10T01:27:09.152+0000] {processor.py:157} INFO - Started process (PID=4350) to work on /home/airflow/.local/lib/python3.8/site-packages/airflow/example_dags/example_xcom.py
[2023-10-10T01:27:09.152+0000] {processor.py:829} INFO - Processing file /home/airflow/.local/lib/python3.8/site-packages/airflow/example_dags/example_xcom.py for tasks to queue
[2023-10-10T01:27:09.153+0000] {logging_mixin.py:151} INFO - [2023-10-10T01:27:09.153+0000] {dagbag.py:539} INFO - Filling up the DagBag from /home/airflow/.local/lib/python3.8/site-packages/airflow/example_dags/example_xcom.py
[2023-10-10T01:27:09.157+0000] {processor.py:839} INFO - DAG(s) dict_keys(['example_xcom']) retrieved from /home/airflow/.local/lib/python3.8/site-packages/airflow/example_dags/example_xcom.py
[2023-10-10T01:27:09.171+0000] {logging_mixin.py:151} INFO - [2023-10-10T01:27:09.170+0000] {dag.py:2915} INFO - Sync 1 DAGs
[2023-10-10T01:27:09.180+0000] {logging_mixin.py:151} INFO - [2023-10-10T01:27:09.180+0000] {dag.py:3696} INFO - Setting next_dagrun for example_xcom to 2021-01-01T00:00:00+00:00, run_after=2021-01-01T00:00:00+00:00
[2023-10-10T01:27:09.188+0000] {processor.py:179} INFO - Processing /home/airflow/.local/lib/python3.8/site-packages/airflow/example_dags/example_xcom.py took 0.038 seconds
[2023-10-10T01:27:40.351+0000] {processor.py:157} INFO - Started process (PID=4588) to work on /home/airflow/.local/lib/python3.8/site-packages/airflow/example_dags/example_xcom.py
[2023-10-10T01:27:40.352+0000] {processor.py:829} INFO - Processing file /home/airflow/.local/lib/python3.8/site-packages/airflow/example_dags/example_xcom.py for tasks to queue
[2023-10-10T01:27:40.352+0000] {logging_mixin.py:151} INFO - [2023-10-10T01:27:40.352+0000] {dagbag.py:539} INFO - Filling up the DagBag from /home/airflow/.local/lib/python3.8/site-packages/airflow/example_dags/example_xcom.py
[2023-10-10T01:27:40.356+0000] {processor.py:839} INFO - DAG(s) dict_keys(['example_xcom']) retrieved from /home/airflow/.local/lib/python3.8/site-packages/airflow/example_dags/example_xcom.py
[2023-10-10T01:27:40.369+0000] {logging_mixin.py:151} INFO - [2023-10-10T01:27:40.369+0000] {dag.py:2915} INFO - Sync 1 DAGs
[2023-10-10T01:27:40.379+0000] {logging_mixin.py:151} INFO - [2023-10-10T01:27:40.379+0000] {dag.py:3696} INFO - Setting next_dagrun for example_xcom to 2021-01-01T00:00:00+00:00, run_after=2021-01-01T00:00:00+00:00
[2023-10-10T01:27:40.386+0000] {processor.py:179} INFO - Processing /home/airflow/.local/lib/python3.8/site-packages/airflow/example_dags/example_xcom.py took 0.037 seconds
[2023-10-10T01:28:11.798+0000] {processor.py:157} INFO - Started process (PID=4826) to work on /home/airflow/.local/lib/python3.8/site-packages/airflow/example_dags/example_xcom.py
[2023-10-10T01:28:11.799+0000] {processor.py:829} INFO - Processing file /home/airflow/.local/lib/python3.8/site-packages/airflow/example_dags/example_xcom.py for tasks to queue
[2023-10-10T01:28:11.799+0000] {logging_mixin.py:151} INFO - [2023-10-10T01:28:11.799+0000] {dagbag.py:539} INFO - Filling up the DagBag from /home/airflow/.local/lib/python3.8/site-packages/airflow/example_dags/example_xcom.py
[2023-10-10T01:28:11.803+0000] {processor.py:839} INFO - DAG(s) dict_keys(['example_xcom']) retrieved from /home/airflow/.local/lib/python3.8/site-packages/airflow/example_dags/example_xcom.py
[2023-10-10T01:28:11.815+0000] {logging_mixin.py:151} INFO - [2023-10-10T01:28:11.815+0000] {dag.py:2915} INFO - Sync 1 DAGs
[2023-10-10T01:28:11.825+0000] {logging_mixin.py:151} INFO - [2023-10-10T01:28:11.825+0000] {dag.py:3696} INFO - Setting next_dagrun for example_xcom to 2021-01-01T00:00:00+00:00, run_after=2021-01-01T00:00:00+00:00
[2023-10-10T01:28:11.832+0000] {processor.py:179} INFO - Processing /home/airflow/.local/lib/python3.8/site-packages/airflow/example_dags/example_xcom.py took 0.036 seconds
[2023-10-10T01:28:43.147+0000] {processor.py:157} INFO - Started process (PID=5064) to work on /home/airflow/.local/lib/python3.8/site-packages/airflow/example_dags/example_xcom.py
[2023-10-10T01:28:43.148+0000] {processor.py:829} INFO - Processing file /home/airflow/.local/lib/python3.8/site-packages/airflow/example_dags/example_xcom.py for tasks to queue
[2023-10-10T01:28:43.148+0000] {logging_mixin.py:151} INFO - [2023-10-10T01:28:43.148+0000] {dagbag.py:539} INFO - Filling up the DagBag from /home/airflow/.local/lib/python3.8/site-packages/airflow/example_dags/example_xcom.py
[2023-10-10T01:28:43.153+0000] {processor.py:839} INFO - DAG(s) dict_keys(['example_xcom']) retrieved from /home/airflow/.local/lib/python3.8/site-packages/airflow/example_dags/example_xcom.py
[2023-10-10T01:28:43.167+0000] {logging_mixin.py:151} INFO - [2023-10-10T01:28:43.166+0000] {dag.py:2915} INFO - Sync 1 DAGs
[2023-10-10T01:28:43.177+0000] {logging_mixin.py:151} INFO - [2023-10-10T01:28:43.177+0000] {dag.py:3696} INFO - Setting next_dagrun for example_xcom to 2021-01-01T00:00:00+00:00, run_after=2021-01-01T00:00:00+00:00
[2023-10-10T01:28:43.184+0000] {processor.py:179} INFO - Processing /home/airflow/.local/lib/python3.8/site-packages/airflow/example_dags/example_xcom.py took 0.040 seconds
[2023-10-10T01:29:14.326+0000] {processor.py:157} INFO - Started process (PID=5302) to work on /home/airflow/.local/lib/python3.8/site-packages/airflow/example_dags/example_xcom.py
[2023-10-10T01:29:14.326+0000] {processor.py:829} INFO - Processing file /home/airflow/.local/lib/python3.8/site-packages/airflow/example_dags/example_xcom.py for tasks to queue
[2023-10-10T01:29:14.327+0000] {logging_mixin.py:151} INFO - [2023-10-10T01:29:14.327+0000] {dagbag.py:539} INFO - Filling up the DagBag from /home/airflow/.local/lib/python3.8/site-packages/airflow/example_dags/example_xcom.py
[2023-10-10T01:29:14.332+0000] {processor.py:839} INFO - DAG(s) dict_keys(['example_xcom']) retrieved from /home/airflow/.local/lib/python3.8/site-packages/airflow/example_dags/example_xcom.py
[2023-10-10T01:29:14.345+0000] {logging_mixin.py:151} INFO - [2023-10-10T01:29:14.345+0000] {dag.py:2915} INFO - Sync 1 DAGs
[2023-10-10T01:29:14.355+0000] {logging_mixin.py:151} INFO - [2023-10-10T01:29:14.355+0000] {dag.py:3696} INFO - Setting next_dagrun for example_xcom to 2021-01-01T00:00:00+00:00, run_after=2021-01-01T00:00:00+00:00
[2023-10-10T01:29:14.362+0000] {processor.py:179} INFO - Processing /home/airflow/.local/lib/python3.8/site-packages/airflow/example_dags/example_xcom.py took 0.038 seconds
[2023-10-10T01:29:45.540+0000] {processor.py:157} INFO - Started process (PID=5540) to work on /home/airflow/.local/lib/python3.8/site-packages/airflow/example_dags/example_xcom.py
[2023-10-10T01:29:45.540+0000] {processor.py:829} INFO - Processing file /home/airflow/.local/lib/python3.8/site-packages/airflow/example_dags/example_xcom.py for tasks to queue
[2023-10-10T01:29:45.541+0000] {logging_mixin.py:151} INFO - [2023-10-10T01:29:45.541+0000] {dagbag.py:539} INFO - Filling up the DagBag from /home/airflow/.local/lib/python3.8/site-packages/airflow/example_dags/example_xcom.py
[2023-10-10T01:29:45.546+0000] {processor.py:839} INFO - DAG(s) dict_keys(['example_xcom']) retrieved from /home/airflow/.local/lib/python3.8/site-packages/airflow/example_dags/example_xcom.py
[2023-10-10T01:29:45.561+0000] {logging_mixin.py:151} INFO - [2023-10-10T01:29:45.561+0000] {dag.py:2915} INFO - Sync 1 DAGs
[2023-10-10T01:29:45.571+0000] {logging_mixin.py:151} INFO - [2023-10-10T01:29:45.571+0000] {dag.py:3696} INFO - Setting next_dagrun for example_xcom to 2021-01-01T00:00:00+00:00, run_after=2021-01-01T00:00:00+00:00
[2023-10-10T01:29:45.578+0000] {processor.py:179} INFO - Processing /home/airflow/.local/lib/python3.8/site-packages/airflow/example_dags/example_xcom.py took 0.040 seconds
[2023-10-10T01:30:16.911+0000] {processor.py:157} INFO - Started process (PID=5785) to work on /home/airflow/.local/lib/python3.8/site-packages/airflow/example_dags/example_xcom.py
[2023-10-10T01:30:16.912+0000] {processor.py:829} INFO - Processing file /home/airflow/.local/lib/python3.8/site-packages/airflow/example_dags/example_xcom.py for tasks to queue
[2023-10-10T01:30:16.912+0000] {logging_mixin.py:151} INFO - [2023-10-10T01:30:16.912+0000] {dagbag.py:539} INFO - Filling up the DagBag from /home/airflow/.local/lib/python3.8/site-packages/airflow/example_dags/example_xcom.py
[2023-10-10T01:30:16.916+0000] {processor.py:839} INFO - DAG(s) dict_keys(['example_xcom']) retrieved from /home/airflow/.local/lib/python3.8/site-packages/airflow/example_dags/example_xcom.py
[2023-10-10T01:30:16.928+0000] {logging_mixin.py:151} INFO - [2023-10-10T01:30:16.928+0000] {dag.py:2915} INFO - Sync 1 DAGs
[2023-10-10T01:30:16.937+0000] {logging_mixin.py:151} INFO - [2023-10-10T01:30:16.937+0000] {dag.py:3696} INFO - Setting next_dagrun for example_xcom to 2021-01-01T00:00:00+00:00, run_after=2021-01-01T00:00:00+00:00
[2023-10-10T01:30:16.944+0000] {processor.py:179} INFO - Processing /home/airflow/.local/lib/python3.8/site-packages/airflow/example_dags/example_xcom.py took 0.035 seconds
[2023-10-10T01:30:48.124+0000] {processor.py:157} INFO - Started process (PID=6024) to work on /home/airflow/.local/lib/python3.8/site-packages/airflow/example_dags/example_xcom.py
[2023-10-10T01:30:48.125+0000] {processor.py:829} INFO - Processing file /home/airflow/.local/lib/python3.8/site-packages/airflow/example_dags/example_xcom.py for tasks to queue
[2023-10-10T01:30:48.125+0000] {logging_mixin.py:151} INFO - [2023-10-10T01:30:48.125+0000] {dagbag.py:539} INFO - Filling up the DagBag from /home/airflow/.local/lib/python3.8/site-packages/airflow/example_dags/example_xcom.py
[2023-10-10T01:30:48.129+0000] {processor.py:839} INFO - DAG(s) dict_keys(['example_xcom']) retrieved from /home/airflow/.local/lib/python3.8/site-packages/airflow/example_dags/example_xcom.py
[2023-10-10T01:30:48.142+0000] {logging_mixin.py:151} INFO - [2023-10-10T01:30:48.142+0000] {dag.py:2915} INFO - Sync 1 DAGs
[2023-10-10T01:30:48.152+0000] {logging_mixin.py:151} INFO - [2023-10-10T01:30:48.152+0000] {dag.py:3696} INFO - Setting next_dagrun for example_xcom to 2021-01-01T00:00:00+00:00, run_after=2021-01-01T00:00:00+00:00
[2023-10-10T01:30:48.160+0000] {processor.py:179} INFO - Processing /home/airflow/.local/lib/python3.8/site-packages/airflow/example_dags/example_xcom.py took 0.038 seconds
[2023-10-10T01:31:18.826+0000] {processor.py:157} INFO - Started process (PID=6264) to work on /home/airflow/.local/lib/python3.8/site-packages/airflow/example_dags/example_xcom.py
[2023-10-10T01:31:18.827+0000] {processor.py:829} INFO - Processing file /home/airflow/.local/lib/python3.8/site-packages/airflow/example_dags/example_xcom.py for tasks to queue
[2023-10-10T01:31:18.828+0000] {logging_mixin.py:151} INFO - [2023-10-10T01:31:18.827+0000] {dagbag.py:539} INFO - Filling up the DagBag from /home/airflow/.local/lib/python3.8/site-packages/airflow/example_dags/example_xcom.py
[2023-10-10T01:31:18.832+0000] {processor.py:839} INFO - DAG(s) dict_keys(['example_xcom']) retrieved from /home/airflow/.local/lib/python3.8/site-packages/airflow/example_dags/example_xcom.py
[2023-10-10T01:31:18.844+0000] {logging_mixin.py:151} INFO - [2023-10-10T01:31:18.844+0000] {dag.py:2915} INFO - Sync 1 DAGs
[2023-10-10T01:31:18.853+0000] {logging_mixin.py:151} INFO - [2023-10-10T01:31:18.853+0000] {dag.py:3696} INFO - Setting next_dagrun for example_xcom to 2021-01-01T00:00:00+00:00, run_after=2021-01-01T00:00:00+00:00
[2023-10-10T01:31:18.860+0000] {processor.py:179} INFO - Processing /home/airflow/.local/lib/python3.8/site-packages/airflow/example_dags/example_xcom.py took 0.037 seconds
