[2023-10-10T01:18:22.642+0000] {processor.py:157} INFO - Started process (PID=329) to work on /home/airflow/.local/lib/python3.8/site-packages/airflow/example_dags/example_short_circuit_operator.py
[2023-10-10T01:18:22.643+0000] {processor.py:829} INFO - Processing file /home/airflow/.local/lib/python3.8/site-packages/airflow/example_dags/example_short_circuit_operator.py for tasks to queue
[2023-10-10T01:18:22.643+0000] {logging_mixin.py:151} INFO - [2023-10-10T01:18:22.643+0000] {dagbag.py:539} INFO - Filling up the DagBag from /home/airflow/.local/lib/python3.8/site-packages/airflow/example_dags/example_short_circuit_operator.py
[2023-10-10T01:18:22.649+0000] {processor.py:839} INFO - DAG(s) dict_keys(['example_short_circuit_operator']) retrieved from /home/airflow/.local/lib/python3.8/site-packages/airflow/example_dags/example_short_circuit_operator.py
[2023-10-10T01:18:22.660+0000] {logging_mixin.py:151} INFO - [2023-10-10T01:18:22.659+0000] {dag.py:2915} INFO - Sync 1 DAGs
[2023-10-10T01:18:22.766+0000] {logging_mixin.py:151} INFO - [2023-10-10T01:18:22.766+0000] {dag.py:3696} INFO - Setting next_dagrun for example_short_circuit_operator to 2023-10-09T01:18:22.765897+00:00, run_after=2023-10-10T01:18:22.765897+00:00
[2023-10-10T01:18:22.776+0000] {processor.py:179} INFO - Processing /home/airflow/.local/lib/python3.8/site-packages/airflow/example_dags/example_short_circuit_operator.py took 0.136 seconds
[2023-10-10T01:18:53.251+0000] {processor.py:157} INFO - Started process (PID=565) to work on /home/airflow/.local/lib/python3.8/site-packages/airflow/example_dags/example_short_circuit_operator.py
[2023-10-10T01:18:53.252+0000] {processor.py:829} INFO - Processing file /home/airflow/.local/lib/python3.8/site-packages/airflow/example_dags/example_short_circuit_operator.py for tasks to queue
[2023-10-10T01:18:53.252+0000] {logging_mixin.py:151} INFO - [2023-10-10T01:18:53.252+0000] {dagbag.py:539} INFO - Filling up the DagBag from /home/airflow/.local/lib/python3.8/site-packages/airflow/example_dags/example_short_circuit_operator.py
[2023-10-10T01:18:53.259+0000] {processor.py:839} INFO - DAG(s) dict_keys(['example_short_circuit_operator']) retrieved from /home/airflow/.local/lib/python3.8/site-packages/airflow/example_dags/example_short_circuit_operator.py
[2023-10-10T01:18:53.276+0000] {logging_mixin.py:151} INFO - [2023-10-10T01:18:53.276+0000] {dag.py:2915} INFO - Sync 1 DAGs
[2023-10-10T01:18:53.287+0000] {logging_mixin.py:151} INFO - [2023-10-10T01:18:53.287+0000] {dag.py:3696} INFO - Setting next_dagrun for example_short_circuit_operator to 2023-10-09T01:18:53.287154+00:00, run_after=2023-10-10T01:18:53.287154+00:00
[2023-10-10T01:18:53.295+0000] {processor.py:179} INFO - Processing /home/airflow/.local/lib/python3.8/site-packages/airflow/example_dags/example_short_circuit_operator.py took 0.047 seconds
[2023-10-10T01:19:23.440+0000] {processor.py:157} INFO - Started process (PID=805) to work on /home/airflow/.local/lib/python3.8/site-packages/airflow/example_dags/example_short_circuit_operator.py
[2023-10-10T01:19:23.441+0000] {processor.py:829} INFO - Processing file /home/airflow/.local/lib/python3.8/site-packages/airflow/example_dags/example_short_circuit_operator.py for tasks to queue
[2023-10-10T01:19:23.441+0000] {logging_mixin.py:151} INFO - [2023-10-10T01:19:23.441+0000] {dagbag.py:539} INFO - Filling up the DagBag from /home/airflow/.local/lib/python3.8/site-packages/airflow/example_dags/example_short_circuit_operator.py
[2023-10-10T01:19:23.446+0000] {processor.py:839} INFO - DAG(s) dict_keys(['example_short_circuit_operator']) retrieved from /home/airflow/.local/lib/python3.8/site-packages/airflow/example_dags/example_short_circuit_operator.py
[2023-10-10T01:19:23.458+0000] {logging_mixin.py:151} INFO - [2023-10-10T01:19:23.458+0000] {dag.py:2915} INFO - Sync 1 DAGs
[2023-10-10T01:19:23.468+0000] {logging_mixin.py:151} INFO - [2023-10-10T01:19:23.468+0000] {dag.py:3696} INFO - Setting next_dagrun for example_short_circuit_operator to 2023-10-09T01:19:23.468074+00:00, run_after=2023-10-10T01:19:23.468074+00:00
[2023-10-10T01:19:23.475+0000] {processor.py:179} INFO - Processing /home/airflow/.local/lib/python3.8/site-packages/airflow/example_dags/example_short_circuit_operator.py took 0.036 seconds
[2023-10-10T01:19:54.664+0000] {processor.py:157} INFO - Started process (PID=1042) to work on /home/airflow/.local/lib/python3.8/site-packages/airflow/example_dags/example_short_circuit_operator.py
[2023-10-10T01:19:54.664+0000] {processor.py:829} INFO - Processing file /home/airflow/.local/lib/python3.8/site-packages/airflow/example_dags/example_short_circuit_operator.py for tasks to queue
[2023-10-10T01:19:54.665+0000] {logging_mixin.py:151} INFO - [2023-10-10T01:19:54.665+0000] {dagbag.py:539} INFO - Filling up the DagBag from /home/airflow/.local/lib/python3.8/site-packages/airflow/example_dags/example_short_circuit_operator.py
[2023-10-10T01:19:54.669+0000] {processor.py:839} INFO - DAG(s) dict_keys(['example_short_circuit_operator']) retrieved from /home/airflow/.local/lib/python3.8/site-packages/airflow/example_dags/example_short_circuit_operator.py
[2023-10-10T01:19:54.681+0000] {logging_mixin.py:151} INFO - [2023-10-10T01:19:54.681+0000] {dag.py:2915} INFO - Sync 1 DAGs
[2023-10-10T01:19:54.691+0000] {logging_mixin.py:151} INFO - [2023-10-10T01:19:54.691+0000] {dag.py:3696} INFO - Setting next_dagrun for example_short_circuit_operator to 2023-10-09T01:19:54.691228+00:00, run_after=2023-10-10T01:19:54.691228+00:00
[2023-10-10T01:19:54.698+0000] {processor.py:179} INFO - Processing /home/airflow/.local/lib/python3.8/site-packages/airflow/example_dags/example_short_circuit_operator.py took 0.036 seconds
[2023-10-10T01:20:24.939+0000] {processor.py:157} INFO - Started process (PID=1280) to work on /home/airflow/.local/lib/python3.8/site-packages/airflow/example_dags/example_short_circuit_operator.py
[2023-10-10T01:20:24.940+0000] {processor.py:829} INFO - Processing file /home/airflow/.local/lib/python3.8/site-packages/airflow/example_dags/example_short_circuit_operator.py for tasks to queue
[2023-10-10T01:20:24.940+0000] {logging_mixin.py:151} INFO - [2023-10-10T01:20:24.940+0000] {dagbag.py:539} INFO - Filling up the DagBag from /home/airflow/.local/lib/python3.8/site-packages/airflow/example_dags/example_short_circuit_operator.py
[2023-10-10T01:20:24.947+0000] {processor.py:839} INFO - DAG(s) dict_keys(['example_short_circuit_operator']) retrieved from /home/airflow/.local/lib/python3.8/site-packages/airflow/example_dags/example_short_circuit_operator.py
[2023-10-10T01:20:24.963+0000] {logging_mixin.py:151} INFO - [2023-10-10T01:20:24.963+0000] {dag.py:2915} INFO - Sync 1 DAGs
[2023-10-10T01:20:24.973+0000] {logging_mixin.py:151} INFO - [2023-10-10T01:20:24.973+0000] {dag.py:3696} INFO - Setting next_dagrun for example_short_circuit_operator to 2023-10-09T01:20:24.973089+00:00, run_after=2023-10-10T01:20:24.973089+00:00
[2023-10-10T01:20:24.980+0000] {processor.py:179} INFO - Processing /home/airflow/.local/lib/python3.8/site-packages/airflow/example_dags/example_short_circuit_operator.py took 0.043 seconds
[2023-10-10T01:20:56.164+0000] {processor.py:157} INFO - Started process (PID=1518) to work on /home/airflow/.local/lib/python3.8/site-packages/airflow/example_dags/example_short_circuit_operator.py
[2023-10-10T01:20:56.165+0000] {processor.py:829} INFO - Processing file /home/airflow/.local/lib/python3.8/site-packages/airflow/example_dags/example_short_circuit_operator.py for tasks to queue
[2023-10-10T01:20:56.166+0000] {logging_mixin.py:151} INFO - [2023-10-10T01:20:56.165+0000] {dagbag.py:539} INFO - Filling up the DagBag from /home/airflow/.local/lib/python3.8/site-packages/airflow/example_dags/example_short_circuit_operator.py
[2023-10-10T01:20:56.170+0000] {processor.py:839} INFO - DAG(s) dict_keys(['example_short_circuit_operator']) retrieved from /home/airflow/.local/lib/python3.8/site-packages/airflow/example_dags/example_short_circuit_operator.py
[2023-10-10T01:20:56.182+0000] {logging_mixin.py:151} INFO - [2023-10-10T01:20:56.182+0000] {dag.py:2915} INFO - Sync 1 DAGs
[2023-10-10T01:20:56.191+0000] {logging_mixin.py:151} INFO - [2023-10-10T01:20:56.191+0000] {dag.py:3696} INFO - Setting next_dagrun for example_short_circuit_operator to 2023-10-09T01:20:56.191642+00:00, run_after=2023-10-10T01:20:56.191642+00:00
[2023-10-10T01:20:56.198+0000] {processor.py:179} INFO - Processing /home/airflow/.local/lib/python3.8/site-packages/airflow/example_dags/example_short_circuit_operator.py took 0.035 seconds
[2023-10-10T01:21:27.402+0000] {processor.py:157} INFO - Started process (PID=1758) to work on /home/airflow/.local/lib/python3.8/site-packages/airflow/example_dags/example_short_circuit_operator.py
[2023-10-10T01:21:27.403+0000] {processor.py:829} INFO - Processing file /home/airflow/.local/lib/python3.8/site-packages/airflow/example_dags/example_short_circuit_operator.py for tasks to queue
[2023-10-10T01:21:27.404+0000] {logging_mixin.py:151} INFO - [2023-10-10T01:21:27.403+0000] {dagbag.py:539} INFO - Filling up the DagBag from /home/airflow/.local/lib/python3.8/site-packages/airflow/example_dags/example_short_circuit_operator.py
[2023-10-10T01:21:27.408+0000] {processor.py:839} INFO - DAG(s) dict_keys(['example_short_circuit_operator']) retrieved from /home/airflow/.local/lib/python3.8/site-packages/airflow/example_dags/example_short_circuit_operator.py
[2023-10-10T01:21:27.421+0000] {logging_mixin.py:151} INFO - [2023-10-10T01:21:27.421+0000] {dag.py:2915} INFO - Sync 1 DAGs
[2023-10-10T01:21:27.433+0000] {logging_mixin.py:151} INFO - [2023-10-10T01:21:27.433+0000] {dag.py:3696} INFO - Setting next_dagrun for example_short_circuit_operator to 2023-10-09T01:21:27.433506+00:00, run_after=2023-10-10T01:21:27.433506+00:00
[2023-10-10T01:21:27.441+0000] {processor.py:179} INFO - Processing /home/airflow/.local/lib/python3.8/site-packages/airflow/example_dags/example_short_circuit_operator.py took 0.041 seconds
[2023-10-10T01:21:58.664+0000] {processor.py:157} INFO - Started process (PID=1996) to work on /home/airflow/.local/lib/python3.8/site-packages/airflow/example_dags/example_short_circuit_operator.py
[2023-10-10T01:21:58.665+0000] {processor.py:829} INFO - Processing file /home/airflow/.local/lib/python3.8/site-packages/airflow/example_dags/example_short_circuit_operator.py for tasks to queue
[2023-10-10T01:21:58.665+0000] {logging_mixin.py:151} INFO - [2023-10-10T01:21:58.665+0000] {dagbag.py:539} INFO - Filling up the DagBag from /home/airflow/.local/lib/python3.8/site-packages/airflow/example_dags/example_short_circuit_operator.py
[2023-10-10T01:21:58.670+0000] {processor.py:839} INFO - DAG(s) dict_keys(['example_short_circuit_operator']) retrieved from /home/airflow/.local/lib/python3.8/site-packages/airflow/example_dags/example_short_circuit_operator.py
[2023-10-10T01:21:58.683+0000] {logging_mixin.py:151} INFO - [2023-10-10T01:21:58.683+0000] {dag.py:2915} INFO - Sync 1 DAGs
[2023-10-10T01:21:58.693+0000] {logging_mixin.py:151} INFO - [2023-10-10T01:21:58.693+0000] {dag.py:3696} INFO - Setting next_dagrun for example_short_circuit_operator to 2023-10-09T01:21:58.693217+00:00, run_after=2023-10-10T01:21:58.693217+00:00
[2023-10-10T01:21:58.701+0000] {processor.py:179} INFO - Processing /home/airflow/.local/lib/python3.8/site-packages/airflow/example_dags/example_short_circuit_operator.py took 0.039 seconds
[2023-10-10T01:22:28.951+0000] {processor.py:157} INFO - Started process (PID=2232) to work on /home/airflow/.local/lib/python3.8/site-packages/airflow/example_dags/example_short_circuit_operator.py
[2023-10-10T01:22:28.951+0000] {processor.py:829} INFO - Processing file /home/airflow/.local/lib/python3.8/site-packages/airflow/example_dags/example_short_circuit_operator.py for tasks to queue
[2023-10-10T01:22:28.952+0000] {logging_mixin.py:151} INFO - [2023-10-10T01:22:28.952+0000] {dagbag.py:539} INFO - Filling up the DagBag from /home/airflow/.local/lib/python3.8/site-packages/airflow/example_dags/example_short_circuit_operator.py
[2023-10-10T01:22:28.956+0000] {processor.py:839} INFO - DAG(s) dict_keys(['example_short_circuit_operator']) retrieved from /home/airflow/.local/lib/python3.8/site-packages/airflow/example_dags/example_short_circuit_operator.py
[2023-10-10T01:22:28.969+0000] {logging_mixin.py:151} INFO - [2023-10-10T01:22:28.969+0000] {dag.py:2915} INFO - Sync 1 DAGs
[2023-10-10T01:22:28.979+0000] {logging_mixin.py:151} INFO - [2023-10-10T01:22:28.979+0000] {dag.py:3696} INFO - Setting next_dagrun for example_short_circuit_operator to 2023-10-09T01:22:28.979010+00:00, run_after=2023-10-10T01:22:28.979010+00:00
[2023-10-10T01:22:28.986+0000] {processor.py:179} INFO - Processing /home/airflow/.local/lib/python3.8/site-packages/airflow/example_dags/example_short_circuit_operator.py took 0.037 seconds
[2023-10-10T01:23:00.103+0000] {processor.py:157} INFO - Started process (PID=2471) to work on /home/airflow/.local/lib/python3.8/site-packages/airflow/example_dags/example_short_circuit_operator.py
[2023-10-10T01:23:00.104+0000] {processor.py:829} INFO - Processing file /home/airflow/.local/lib/python3.8/site-packages/airflow/example_dags/example_short_circuit_operator.py for tasks to queue
[2023-10-10T01:23:00.105+0000] {logging_mixin.py:151} INFO - [2023-10-10T01:23:00.104+0000] {dagbag.py:539} INFO - Filling up the DagBag from /home/airflow/.local/lib/python3.8/site-packages/airflow/example_dags/example_short_circuit_operator.py
[2023-10-10T01:23:00.109+0000] {processor.py:839} INFO - DAG(s) dict_keys(['example_short_circuit_operator']) retrieved from /home/airflow/.local/lib/python3.8/site-packages/airflow/example_dags/example_short_circuit_operator.py
[2023-10-10T01:23:00.123+0000] {logging_mixin.py:151} INFO - [2023-10-10T01:23:00.123+0000] {dag.py:2915} INFO - Sync 1 DAGs
[2023-10-10T01:23:00.133+0000] {logging_mixin.py:151} INFO - [2023-10-10T01:23:00.133+0000] {dag.py:3696} INFO - Setting next_dagrun for example_short_circuit_operator to 2023-10-09T01:23:00.133666+00:00, run_after=2023-10-10T01:23:00.133666+00:00
[2023-10-10T01:23:00.141+0000] {processor.py:179} INFO - Processing /home/airflow/.local/lib/python3.8/site-packages/airflow/example_dags/example_short_circuit_operator.py took 0.040 seconds
[2023-10-10T01:23:30.421+0000] {processor.py:157} INFO - Started process (PID=2709) to work on /home/airflow/.local/lib/python3.8/site-packages/airflow/example_dags/example_short_circuit_operator.py
[2023-10-10T01:23:30.422+0000] {processor.py:829} INFO - Processing file /home/airflow/.local/lib/python3.8/site-packages/airflow/example_dags/example_short_circuit_operator.py for tasks to queue
[2023-10-10T01:23:30.422+0000] {logging_mixin.py:151} INFO - [2023-10-10T01:23:30.422+0000] {dagbag.py:539} INFO - Filling up the DagBag from /home/airflow/.local/lib/python3.8/site-packages/airflow/example_dags/example_short_circuit_operator.py
[2023-10-10T01:23:30.427+0000] {processor.py:839} INFO - DAG(s) dict_keys(['example_short_circuit_operator']) retrieved from /home/airflow/.local/lib/python3.8/site-packages/airflow/example_dags/example_short_circuit_operator.py
[2023-10-10T01:23:30.440+0000] {logging_mixin.py:151} INFO - [2023-10-10T01:23:30.440+0000] {dag.py:2915} INFO - Sync 1 DAGs
[2023-10-10T01:23:30.450+0000] {logging_mixin.py:151} INFO - [2023-10-10T01:23:30.450+0000] {dag.py:3696} INFO - Setting next_dagrun for example_short_circuit_operator to 2023-10-09T01:23:30.450243+00:00, run_after=2023-10-10T01:23:30.450243+00:00
[2023-10-10T01:23:30.458+0000] {processor.py:179} INFO - Processing /home/airflow/.local/lib/python3.8/site-packages/airflow/example_dags/example_short_circuit_operator.py took 0.039 seconds
[2023-10-10T01:24:01.718+0000] {processor.py:157} INFO - Started process (PID=2946) to work on /home/airflow/.local/lib/python3.8/site-packages/airflow/example_dags/example_short_circuit_operator.py
[2023-10-10T01:24:01.718+0000] {processor.py:829} INFO - Processing file /home/airflow/.local/lib/python3.8/site-packages/airflow/example_dags/example_short_circuit_operator.py for tasks to queue
[2023-10-10T01:24:01.719+0000] {logging_mixin.py:151} INFO - [2023-10-10T01:24:01.719+0000] {dagbag.py:539} INFO - Filling up the DagBag from /home/airflow/.local/lib/python3.8/site-packages/airflow/example_dags/example_short_circuit_operator.py
[2023-10-10T01:24:01.723+0000] {processor.py:839} INFO - DAG(s) dict_keys(['example_short_circuit_operator']) retrieved from /home/airflow/.local/lib/python3.8/site-packages/airflow/example_dags/example_short_circuit_operator.py
[2023-10-10T01:24:01.737+0000] {logging_mixin.py:151} INFO - [2023-10-10T01:24:01.736+0000] {dag.py:2915} INFO - Sync 1 DAGs
[2023-10-10T01:24:01.746+0000] {logging_mixin.py:151} INFO - [2023-10-10T01:24:01.746+0000] {dag.py:3696} INFO - Setting next_dagrun for example_short_circuit_operator to 2023-10-09T01:24:01.746580+00:00, run_after=2023-10-10T01:24:01.746580+00:00
[2023-10-10T01:24:01.754+0000] {processor.py:179} INFO - Processing /home/airflow/.local/lib/python3.8/site-packages/airflow/example_dags/example_short_circuit_operator.py took 0.038 seconds
[2023-10-10T01:24:32.996+0000] {processor.py:157} INFO - Started process (PID=3184) to work on /home/airflow/.local/lib/python3.8/site-packages/airflow/example_dags/example_short_circuit_operator.py
[2023-10-10T01:24:32.997+0000] {processor.py:829} INFO - Processing file /home/airflow/.local/lib/python3.8/site-packages/airflow/example_dags/example_short_circuit_operator.py for tasks to queue
[2023-10-10T01:24:32.997+0000] {logging_mixin.py:151} INFO - [2023-10-10T01:24:32.997+0000] {dagbag.py:539} INFO - Filling up the DagBag from /home/airflow/.local/lib/python3.8/site-packages/airflow/example_dags/example_short_circuit_operator.py
[2023-10-10T01:24:33.002+0000] {processor.py:839} INFO - DAG(s) dict_keys(['example_short_circuit_operator']) retrieved from /home/airflow/.local/lib/python3.8/site-packages/airflow/example_dags/example_short_circuit_operator.py
[2023-10-10T01:24:33.015+0000] {logging_mixin.py:151} INFO - [2023-10-10T01:24:33.015+0000] {dag.py:2915} INFO - Sync 1 DAGs
[2023-10-10T01:24:33.025+0000] {logging_mixin.py:151} INFO - [2023-10-10T01:24:33.025+0000] {dag.py:3696} INFO - Setting next_dagrun for example_short_circuit_operator to 2023-10-09T01:24:33.025297+00:00, run_after=2023-10-10T01:24:33.025297+00:00
[2023-10-10T01:24:33.033+0000] {processor.py:179} INFO - Processing /home/airflow/.local/lib/python3.8/site-packages/airflow/example_dags/example_short_circuit_operator.py took 0.039 seconds
[2023-10-10T01:25:04.157+0000] {processor.py:157} INFO - Started process (PID=3422) to work on /home/airflow/.local/lib/python3.8/site-packages/airflow/example_dags/example_short_circuit_operator.py
[2023-10-10T01:25:04.158+0000] {processor.py:829} INFO - Processing file /home/airflow/.local/lib/python3.8/site-packages/airflow/example_dags/example_short_circuit_operator.py for tasks to queue
[2023-10-10T01:25:04.158+0000] {logging_mixin.py:151} INFO - [2023-10-10T01:25:04.158+0000] {dagbag.py:539} INFO - Filling up the DagBag from /home/airflow/.local/lib/python3.8/site-packages/airflow/example_dags/example_short_circuit_operator.py
[2023-10-10T01:25:04.162+0000] {processor.py:839} INFO - DAG(s) dict_keys(['example_short_circuit_operator']) retrieved from /home/airflow/.local/lib/python3.8/site-packages/airflow/example_dags/example_short_circuit_operator.py
[2023-10-10T01:25:04.176+0000] {logging_mixin.py:151} INFO - [2023-10-10T01:25:04.175+0000] {dag.py:2915} INFO - Sync 1 DAGs
[2023-10-10T01:25:04.185+0000] {logging_mixin.py:151} INFO - [2023-10-10T01:25:04.185+0000] {dag.py:3696} INFO - Setting next_dagrun for example_short_circuit_operator to 2023-10-09T01:25:04.185623+00:00, run_after=2023-10-10T01:25:04.185623+00:00
[2023-10-10T01:25:04.192+0000] {processor.py:179} INFO - Processing /home/airflow/.local/lib/python3.8/site-packages/airflow/example_dags/example_short_circuit_operator.py took 0.037 seconds
[2023-10-10T01:25:35.499+0000] {processor.py:157} INFO - Started process (PID=3660) to work on /home/airflow/.local/lib/python3.8/site-packages/airflow/example_dags/example_short_circuit_operator.py
[2023-10-10T01:25:35.500+0000] {processor.py:829} INFO - Processing file /home/airflow/.local/lib/python3.8/site-packages/airflow/example_dags/example_short_circuit_operator.py for tasks to queue
[2023-10-10T01:25:35.500+0000] {logging_mixin.py:151} INFO - [2023-10-10T01:25:35.500+0000] {dagbag.py:539} INFO - Filling up the DagBag from /home/airflow/.local/lib/python3.8/site-packages/airflow/example_dags/example_short_circuit_operator.py
[2023-10-10T01:25:35.505+0000] {processor.py:839} INFO - DAG(s) dict_keys(['example_short_circuit_operator']) retrieved from /home/airflow/.local/lib/python3.8/site-packages/airflow/example_dags/example_short_circuit_operator.py
[2023-10-10T01:25:35.518+0000] {logging_mixin.py:151} INFO - [2023-10-10T01:25:35.518+0000] {dag.py:2915} INFO - Sync 1 DAGs
[2023-10-10T01:25:35.528+0000] {logging_mixin.py:151} INFO - [2023-10-10T01:25:35.528+0000] {dag.py:3696} INFO - Setting next_dagrun for example_short_circuit_operator to 2023-10-09T01:25:35.528105+00:00, run_after=2023-10-10T01:25:35.528105+00:00
[2023-10-10T01:25:35.535+0000] {processor.py:179} INFO - Processing /home/airflow/.local/lib/python3.8/site-packages/airflow/example_dags/example_short_circuit_operator.py took 0.038 seconds
[2023-10-10T01:26:06.803+0000] {processor.py:157} INFO - Started process (PID=3898) to work on /home/airflow/.local/lib/python3.8/site-packages/airflow/example_dags/example_short_circuit_operator.py
[2023-10-10T01:26:06.804+0000] {processor.py:829} INFO - Processing file /home/airflow/.local/lib/python3.8/site-packages/airflow/example_dags/example_short_circuit_operator.py for tasks to queue
[2023-10-10T01:26:06.804+0000] {logging_mixin.py:151} INFO - [2023-10-10T01:26:06.804+0000] {dagbag.py:539} INFO - Filling up the DagBag from /home/airflow/.local/lib/python3.8/site-packages/airflow/example_dags/example_short_circuit_operator.py
[2023-10-10T01:26:06.809+0000] {processor.py:839} INFO - DAG(s) dict_keys(['example_short_circuit_operator']) retrieved from /home/airflow/.local/lib/python3.8/site-packages/airflow/example_dags/example_short_circuit_operator.py
[2023-10-10T01:26:06.822+0000] {logging_mixin.py:151} INFO - [2023-10-10T01:26:06.822+0000] {dag.py:2915} INFO - Sync 1 DAGs
[2023-10-10T01:26:06.832+0000] {logging_mixin.py:151} INFO - [2023-10-10T01:26:06.832+0000] {dag.py:3696} INFO - Setting next_dagrun for example_short_circuit_operator to 2023-10-09T01:26:06.832362+00:00, run_after=2023-10-10T01:26:06.832362+00:00
[2023-10-10T01:26:06.840+0000] {processor.py:179} INFO - Processing /home/airflow/.local/lib/python3.8/site-packages/airflow/example_dags/example_short_circuit_operator.py took 0.038 seconds
[2023-10-10T01:26:38.079+0000] {processor.py:157} INFO - Started process (PID=4137) to work on /home/airflow/.local/lib/python3.8/site-packages/airflow/example_dags/example_short_circuit_operator.py
[2023-10-10T01:26:38.079+0000] {processor.py:829} INFO - Processing file /home/airflow/.local/lib/python3.8/site-packages/airflow/example_dags/example_short_circuit_operator.py for tasks to queue
[2023-10-10T01:26:38.080+0000] {logging_mixin.py:151} INFO - [2023-10-10T01:26:38.080+0000] {dagbag.py:539} INFO - Filling up the DagBag from /home/airflow/.local/lib/python3.8/site-packages/airflow/example_dags/example_short_circuit_operator.py
[2023-10-10T01:26:38.084+0000] {processor.py:839} INFO - DAG(s) dict_keys(['example_short_circuit_operator']) retrieved from /home/airflow/.local/lib/python3.8/site-packages/airflow/example_dags/example_short_circuit_operator.py
[2023-10-10T01:26:38.098+0000] {logging_mixin.py:151} INFO - [2023-10-10T01:26:38.098+0000] {dag.py:2915} INFO - Sync 1 DAGs
[2023-10-10T01:26:38.108+0000] {logging_mixin.py:151} INFO - [2023-10-10T01:26:38.108+0000] {dag.py:3696} INFO - Setting next_dagrun for example_short_circuit_operator to 2023-10-09T01:26:38.108243+00:00, run_after=2023-10-10T01:26:38.108243+00:00
[2023-10-10T01:26:38.115+0000] {processor.py:179} INFO - Processing /home/airflow/.local/lib/python3.8/site-packages/airflow/example_dags/example_short_circuit_operator.py took 0.039 seconds
[2023-10-10T01:27:09.323+0000] {processor.py:157} INFO - Started process (PID=4375) to work on /home/airflow/.local/lib/python3.8/site-packages/airflow/example_dags/example_short_circuit_operator.py
[2023-10-10T01:27:09.324+0000] {processor.py:829} INFO - Processing file /home/airflow/.local/lib/python3.8/site-packages/airflow/example_dags/example_short_circuit_operator.py for tasks to queue
[2023-10-10T01:27:09.325+0000] {logging_mixin.py:151} INFO - [2023-10-10T01:27:09.325+0000] {dagbag.py:539} INFO - Filling up the DagBag from /home/airflow/.local/lib/python3.8/site-packages/airflow/example_dags/example_short_circuit_operator.py
[2023-10-10T01:27:09.330+0000] {processor.py:839} INFO - DAG(s) dict_keys(['example_short_circuit_operator']) retrieved from /home/airflow/.local/lib/python3.8/site-packages/airflow/example_dags/example_short_circuit_operator.py
[2023-10-10T01:27:09.345+0000] {logging_mixin.py:151} INFO - [2023-10-10T01:27:09.344+0000] {dag.py:2915} INFO - Sync 1 DAGs
[2023-10-10T01:27:09.355+0000] {logging_mixin.py:151} INFO - [2023-10-10T01:27:09.355+0000] {dag.py:3696} INFO - Setting next_dagrun for example_short_circuit_operator to 2023-10-09T01:27:09.354912+00:00, run_after=2023-10-10T01:27:09.354912+00:00
[2023-10-10T01:27:09.362+0000] {processor.py:179} INFO - Processing /home/airflow/.local/lib/python3.8/site-packages/airflow/example_dags/example_short_circuit_operator.py took 0.042 seconds
[2023-10-10T01:27:40.473+0000] {processor.py:157} INFO - Started process (PID=4613) to work on /home/airflow/.local/lib/python3.8/site-packages/airflow/example_dags/example_short_circuit_operator.py
[2023-10-10T01:27:40.474+0000] {processor.py:829} INFO - Processing file /home/airflow/.local/lib/python3.8/site-packages/airflow/example_dags/example_short_circuit_operator.py for tasks to queue
[2023-10-10T01:27:40.474+0000] {logging_mixin.py:151} INFO - [2023-10-10T01:27:40.474+0000] {dagbag.py:539} INFO - Filling up the DagBag from /home/airflow/.local/lib/python3.8/site-packages/airflow/example_dags/example_short_circuit_operator.py
[2023-10-10T01:27:40.479+0000] {processor.py:839} INFO - DAG(s) dict_keys(['example_short_circuit_operator']) retrieved from /home/airflow/.local/lib/python3.8/site-packages/airflow/example_dags/example_short_circuit_operator.py
[2023-10-10T01:27:40.492+0000] {logging_mixin.py:151} INFO - [2023-10-10T01:27:40.492+0000] {dag.py:2915} INFO - Sync 1 DAGs
[2023-10-10T01:27:40.502+0000] {logging_mixin.py:151} INFO - [2023-10-10T01:27:40.502+0000] {dag.py:3696} INFO - Setting next_dagrun for example_short_circuit_operator to 2023-10-09T01:27:40.502580+00:00, run_after=2023-10-10T01:27:40.502580+00:00
[2023-10-10T01:27:40.510+0000] {processor.py:179} INFO - Processing /home/airflow/.local/lib/python3.8/site-packages/airflow/example_dags/example_short_circuit_operator.py took 0.039 seconds
[2023-10-10T01:28:11.947+0000] {processor.py:157} INFO - Started process (PID=4851) to work on /home/airflow/.local/lib/python3.8/site-packages/airflow/example_dags/example_short_circuit_operator.py
[2023-10-10T01:28:11.953+0000] {processor.py:829} INFO - Processing file /home/airflow/.local/lib/python3.8/site-packages/airflow/example_dags/example_short_circuit_operator.py for tasks to queue
[2023-10-10T01:28:11.954+0000] {logging_mixin.py:151} INFO - [2023-10-10T01:28:11.954+0000] {dagbag.py:539} INFO - Filling up the DagBag from /home/airflow/.local/lib/python3.8/site-packages/airflow/example_dags/example_short_circuit_operator.py
[2023-10-10T01:28:11.960+0000] {processor.py:839} INFO - DAG(s) dict_keys(['example_short_circuit_operator']) retrieved from /home/airflow/.local/lib/python3.8/site-packages/airflow/example_dags/example_short_circuit_operator.py
[2023-10-10T01:28:11.976+0000] {logging_mixin.py:151} INFO - [2023-10-10T01:28:11.976+0000] {dag.py:2915} INFO - Sync 1 DAGs
[2023-10-10T01:28:11.987+0000] {logging_mixin.py:151} INFO - [2023-10-10T01:28:11.987+0000] {dag.py:3696} INFO - Setting next_dagrun for example_short_circuit_operator to 2023-10-09T01:28:11.987022+00:00, run_after=2023-10-10T01:28:11.987022+00:00
[2023-10-10T01:28:11.996+0000] {processor.py:179} INFO - Processing /home/airflow/.local/lib/python3.8/site-packages/airflow/example_dags/example_short_circuit_operator.py took 0.050 seconds
[2023-10-10T01:28:43.323+0000] {processor.py:157} INFO - Started process (PID=5089) to work on /home/airflow/.local/lib/python3.8/site-packages/airflow/example_dags/example_short_circuit_operator.py
[2023-10-10T01:28:43.329+0000] {processor.py:829} INFO - Processing file /home/airflow/.local/lib/python3.8/site-packages/airflow/example_dags/example_short_circuit_operator.py for tasks to queue
[2023-10-10T01:28:43.344+0000] {logging_mixin.py:151} INFO - [2023-10-10T01:28:43.343+0000] {dagbag.py:539} INFO - Filling up the DagBag from /home/airflow/.local/lib/python3.8/site-packages/airflow/example_dags/example_short_circuit_operator.py
[2023-10-10T01:28:43.354+0000] {processor.py:839} INFO - DAG(s) dict_keys(['example_short_circuit_operator']) retrieved from /home/airflow/.local/lib/python3.8/site-packages/airflow/example_dags/example_short_circuit_operator.py
[2023-10-10T01:28:43.374+0000] {logging_mixin.py:151} INFO - [2023-10-10T01:28:43.374+0000] {dag.py:2915} INFO - Sync 1 DAGs
[2023-10-10T01:28:43.389+0000] {logging_mixin.py:151} INFO - [2023-10-10T01:28:43.388+0000] {dag.py:3696} INFO - Setting next_dagrun for example_short_circuit_operator to 2023-10-09T01:28:43.388629+00:00, run_after=2023-10-10T01:28:43.388629+00:00
[2023-10-10T01:28:43.398+0000] {processor.py:179} INFO - Processing /home/airflow/.local/lib/python3.8/site-packages/airflow/example_dags/example_short_circuit_operator.py took 0.077 seconds
[2023-10-10T01:29:14.444+0000] {processor.py:157} INFO - Started process (PID=5327) to work on /home/airflow/.local/lib/python3.8/site-packages/airflow/example_dags/example_short_circuit_operator.py
[2023-10-10T01:29:14.444+0000] {processor.py:829} INFO - Processing file /home/airflow/.local/lib/python3.8/site-packages/airflow/example_dags/example_short_circuit_operator.py for tasks to queue
[2023-10-10T01:29:14.445+0000] {logging_mixin.py:151} INFO - [2023-10-10T01:29:14.445+0000] {dagbag.py:539} INFO - Filling up the DagBag from /home/airflow/.local/lib/python3.8/site-packages/airflow/example_dags/example_short_circuit_operator.py
[2023-10-10T01:29:14.449+0000] {processor.py:839} INFO - DAG(s) dict_keys(['example_short_circuit_operator']) retrieved from /home/airflow/.local/lib/python3.8/site-packages/airflow/example_dags/example_short_circuit_operator.py
[2023-10-10T01:29:14.463+0000] {logging_mixin.py:151} INFO - [2023-10-10T01:29:14.463+0000] {dag.py:2915} INFO - Sync 1 DAGs
[2023-10-10T01:29:14.473+0000] {logging_mixin.py:151} INFO - [2023-10-10T01:29:14.472+0000] {dag.py:3696} INFO - Setting next_dagrun for example_short_circuit_operator to 2023-10-09T01:29:14.472814+00:00, run_after=2023-10-10T01:29:14.472814+00:00
[2023-10-10T01:29:14.480+0000] {processor.py:179} INFO - Processing /home/airflow/.local/lib/python3.8/site-packages/airflow/example_dags/example_short_circuit_operator.py took 0.038 seconds
[2023-10-10T01:29:45.663+0000] {processor.py:157} INFO - Started process (PID=5565) to work on /home/airflow/.local/lib/python3.8/site-packages/airflow/example_dags/example_short_circuit_operator.py
[2023-10-10T01:29:45.664+0000] {processor.py:829} INFO - Processing file /home/airflow/.local/lib/python3.8/site-packages/airflow/example_dags/example_short_circuit_operator.py for tasks to queue
[2023-10-10T01:29:45.664+0000] {logging_mixin.py:151} INFO - [2023-10-10T01:29:45.664+0000] {dagbag.py:539} INFO - Filling up the DagBag from /home/airflow/.local/lib/python3.8/site-packages/airflow/example_dags/example_short_circuit_operator.py
[2023-10-10T01:29:45.669+0000] {processor.py:839} INFO - DAG(s) dict_keys(['example_short_circuit_operator']) retrieved from /home/airflow/.local/lib/python3.8/site-packages/airflow/example_dags/example_short_circuit_operator.py
[2023-10-10T01:29:45.683+0000] {logging_mixin.py:151} INFO - [2023-10-10T01:29:45.683+0000] {dag.py:2915} INFO - Sync 1 DAGs
[2023-10-10T01:29:45.693+0000] {logging_mixin.py:151} INFO - [2023-10-10T01:29:45.693+0000] {dag.py:3696} INFO - Setting next_dagrun for example_short_circuit_operator to 2023-10-09T01:29:45.693154+00:00, run_after=2023-10-10T01:29:45.693154+00:00
[2023-10-10T01:29:45.700+0000] {processor.py:179} INFO - Processing /home/airflow/.local/lib/python3.8/site-packages/airflow/example_dags/example_short_circuit_operator.py took 0.039 seconds
[2023-10-10T01:30:17.057+0000] {processor.py:157} INFO - Started process (PID=5810) to work on /home/airflow/.local/lib/python3.8/site-packages/airflow/example_dags/example_short_circuit_operator.py
[2023-10-10T01:30:17.057+0000] {processor.py:829} INFO - Processing file /home/airflow/.local/lib/python3.8/site-packages/airflow/example_dags/example_short_circuit_operator.py for tasks to queue
[2023-10-10T01:30:17.058+0000] {logging_mixin.py:151} INFO - [2023-10-10T01:30:17.058+0000] {dagbag.py:539} INFO - Filling up the DagBag from /home/airflow/.local/lib/python3.8/site-packages/airflow/example_dags/example_short_circuit_operator.py
[2023-10-10T01:30:17.062+0000] {processor.py:839} INFO - DAG(s) dict_keys(['example_short_circuit_operator']) retrieved from /home/airflow/.local/lib/python3.8/site-packages/airflow/example_dags/example_short_circuit_operator.py
[2023-10-10T01:30:17.074+0000] {logging_mixin.py:151} INFO - [2023-10-10T01:30:17.074+0000] {dag.py:2915} INFO - Sync 1 DAGs
[2023-10-10T01:30:17.084+0000] {logging_mixin.py:151} INFO - [2023-10-10T01:30:17.084+0000] {dag.py:3696} INFO - Setting next_dagrun for example_short_circuit_operator to 2023-10-09T01:30:17.084720+00:00, run_after=2023-10-10T01:30:17.084720+00:00
[2023-10-10T01:30:17.091+0000] {processor.py:179} INFO - Processing /home/airflow/.local/lib/python3.8/site-packages/airflow/example_dags/example_short_circuit_operator.py took 0.037 seconds
[2023-10-10T01:30:48.243+0000] {processor.py:157} INFO - Started process (PID=6049) to work on /home/airflow/.local/lib/python3.8/site-packages/airflow/example_dags/example_short_circuit_operator.py
[2023-10-10T01:30:48.244+0000] {processor.py:829} INFO - Processing file /home/airflow/.local/lib/python3.8/site-packages/airflow/example_dags/example_short_circuit_operator.py for tasks to queue
[2023-10-10T01:30:48.245+0000] {logging_mixin.py:151} INFO - [2023-10-10T01:30:48.245+0000] {dagbag.py:539} INFO - Filling up the DagBag from /home/airflow/.local/lib/python3.8/site-packages/airflow/example_dags/example_short_circuit_operator.py
[2023-10-10T01:30:48.249+0000] {processor.py:839} INFO - DAG(s) dict_keys(['example_short_circuit_operator']) retrieved from /home/airflow/.local/lib/python3.8/site-packages/airflow/example_dags/example_short_circuit_operator.py
[2023-10-10T01:30:48.263+0000] {logging_mixin.py:151} INFO - [2023-10-10T01:30:48.263+0000] {dag.py:2915} INFO - Sync 1 DAGs
[2023-10-10T01:30:48.273+0000] {logging_mixin.py:151} INFO - [2023-10-10T01:30:48.273+0000] {dag.py:3696} INFO - Setting next_dagrun for example_short_circuit_operator to 2023-10-09T01:30:48.272849+00:00, run_after=2023-10-10T01:30:48.272849+00:00
[2023-10-10T01:30:48.281+0000] {processor.py:179} INFO - Processing /home/airflow/.local/lib/python3.8/site-packages/airflow/example_dags/example_short_circuit_operator.py took 0.039 seconds
[2023-10-10T01:31:18.970+0000] {processor.py:157} INFO - Started process (PID=6289) to work on /home/airflow/.local/lib/python3.8/site-packages/airflow/example_dags/example_short_circuit_operator.py
[2023-10-10T01:31:18.971+0000] {processor.py:829} INFO - Processing file /home/airflow/.local/lib/python3.8/site-packages/airflow/example_dags/example_short_circuit_operator.py for tasks to queue
[2023-10-10T01:31:18.971+0000] {logging_mixin.py:151} INFO - [2023-10-10T01:31:18.971+0000] {dagbag.py:539} INFO - Filling up the DagBag from /home/airflow/.local/lib/python3.8/site-packages/airflow/example_dags/example_short_circuit_operator.py
[2023-10-10T01:31:18.976+0000] {processor.py:839} INFO - DAG(s) dict_keys(['example_short_circuit_operator']) retrieved from /home/airflow/.local/lib/python3.8/site-packages/airflow/example_dags/example_short_circuit_operator.py
[2023-10-10T01:31:18.988+0000] {logging_mixin.py:151} INFO - [2023-10-10T01:31:18.988+0000] {dag.py:2915} INFO - Sync 1 DAGs
[2023-10-10T01:31:18.999+0000] {logging_mixin.py:151} INFO - [2023-10-10T01:31:18.998+0000] {dag.py:3696} INFO - Setting next_dagrun for example_short_circuit_operator to 2023-10-09T01:31:18.998753+00:00, run_after=2023-10-10T01:31:18.998753+00:00
[2023-10-10T01:31:19.006+0000] {processor.py:179} INFO - Processing /home/airflow/.local/lib/python3.8/site-packages/airflow/example_dags/example_short_circuit_operator.py took 0.038 seconds
