[2023-10-10T01:18:21.846+0000] {processor.py:157} INFO - Started process (PID=284) to work on /home/airflow/.local/lib/python3.8/site-packages/airflow/example_dags/example_dynamic_task_mapping_with_no_taskflow_operators.py
[2023-10-10T01:18:21.846+0000] {processor.py:829} INFO - Processing file /home/airflow/.local/lib/python3.8/site-packages/airflow/example_dags/example_dynamic_task_mapping_with_no_taskflow_operators.py for tasks to queue
[2023-10-10T01:18:21.847+0000] {logging_mixin.py:151} INFO - [2023-10-10T01:18:21.847+0000] {dagbag.py:539} INFO - Filling up the DagBag from /home/airflow/.local/lib/python3.8/site-packages/airflow/example_dags/example_dynamic_task_mapping_with_no_taskflow_operators.py
[2023-10-10T01:18:21.852+0000] {processor.py:839} INFO - DAG(s) dict_keys(['example_dynamic_task_mapping_with_no_taskflow_operators']) retrieved from /home/airflow/.local/lib/python3.8/site-packages/airflow/example_dags/example_dynamic_task_mapping_with_no_taskflow_operators.py
[2023-10-10T01:18:21.868+0000] {logging_mixin.py:151} INFO - [2023-10-10T01:18:21.868+0000] {dag.py:2915} INFO - Sync 1 DAGs
[2023-10-10T01:18:21.999+0000] {logging_mixin.py:151} INFO - [2023-10-10T01:18:21.999+0000] {dag.py:3696} INFO - Setting next_dagrun for example_dynamic_task_mapping_with_no_taskflow_operators to 2023-10-09T01:18:21.999124+00:00, run_after=2023-10-10T01:18:21.999124+00:00
[2023-10-10T01:18:22.008+0000] {processor.py:179} INFO - Processing /home/airflow/.local/lib/python3.8/site-packages/airflow/example_dags/example_dynamic_task_mapping_with_no_taskflow_operators.py took 0.165 seconds
[2023-10-10T01:18:52.899+0000] {processor.py:157} INFO - Started process (PID=522) to work on /home/airflow/.local/lib/python3.8/site-packages/airflow/example_dags/example_dynamic_task_mapping_with_no_taskflow_operators.py
[2023-10-10T01:18:52.901+0000] {processor.py:829} INFO - Processing file /home/airflow/.local/lib/python3.8/site-packages/airflow/example_dags/example_dynamic_task_mapping_with_no_taskflow_operators.py for tasks to queue
[2023-10-10T01:18:52.902+0000] {logging_mixin.py:151} INFO - [2023-10-10T01:18:52.902+0000] {dagbag.py:539} INFO - Filling up the DagBag from /home/airflow/.local/lib/python3.8/site-packages/airflow/example_dags/example_dynamic_task_mapping_with_no_taskflow_operators.py
[2023-10-10T01:18:52.912+0000] {processor.py:839} INFO - DAG(s) dict_keys(['example_dynamic_task_mapping_with_no_taskflow_operators']) retrieved from /home/airflow/.local/lib/python3.8/site-packages/airflow/example_dags/example_dynamic_task_mapping_with_no_taskflow_operators.py
[2023-10-10T01:18:52.935+0000] {logging_mixin.py:151} INFO - [2023-10-10T01:18:52.934+0000] {dag.py:2915} INFO - Sync 1 DAGs
[2023-10-10T01:18:52.953+0000] {logging_mixin.py:151} INFO - [2023-10-10T01:18:52.953+0000] {dag.py:3696} INFO - Setting next_dagrun for example_dynamic_task_mapping_with_no_taskflow_operators to 2023-10-09T01:18:52.952804+00:00, run_after=2023-10-10T01:18:52.952804+00:00
[2023-10-10T01:18:52.966+0000] {processor.py:179} INFO - Processing /home/airflow/.local/lib/python3.8/site-packages/airflow/example_dags/example_dynamic_task_mapping_with_no_taskflow_operators.py took 0.072 seconds
[2023-10-10T01:19:23.127+0000] {processor.py:157} INFO - Started process (PID=760) to work on /home/airflow/.local/lib/python3.8/site-packages/airflow/example_dags/example_dynamic_task_mapping_with_no_taskflow_operators.py
[2023-10-10T01:19:23.128+0000] {processor.py:829} INFO - Processing file /home/airflow/.local/lib/python3.8/site-packages/airflow/example_dags/example_dynamic_task_mapping_with_no_taskflow_operators.py for tasks to queue
[2023-10-10T01:19:23.128+0000] {logging_mixin.py:151} INFO - [2023-10-10T01:19:23.128+0000] {dagbag.py:539} INFO - Filling up the DagBag from /home/airflow/.local/lib/python3.8/site-packages/airflow/example_dags/example_dynamic_task_mapping_with_no_taskflow_operators.py
[2023-10-10T01:19:23.133+0000] {processor.py:839} INFO - DAG(s) dict_keys(['example_dynamic_task_mapping_with_no_taskflow_operators']) retrieved from /home/airflow/.local/lib/python3.8/site-packages/airflow/example_dags/example_dynamic_task_mapping_with_no_taskflow_operators.py
[2023-10-10T01:19:23.145+0000] {logging_mixin.py:151} INFO - [2023-10-10T01:19:23.145+0000] {dag.py:2915} INFO - Sync 1 DAGs
[2023-10-10T01:19:23.155+0000] {logging_mixin.py:151} INFO - [2023-10-10T01:19:23.154+0000] {dag.py:3696} INFO - Setting next_dagrun for example_dynamic_task_mapping_with_no_taskflow_operators to 2023-10-09T01:19:23.154797+00:00, run_after=2023-10-10T01:19:23.154797+00:00
[2023-10-10T01:19:23.163+0000] {processor.py:179} INFO - Processing /home/airflow/.local/lib/python3.8/site-packages/airflow/example_dags/example_dynamic_task_mapping_with_no_taskflow_operators.py took 0.037 seconds
[2023-10-10T01:19:54.406+0000] {processor.py:157} INFO - Started process (PID=999) to work on /home/airflow/.local/lib/python3.8/site-packages/airflow/example_dags/example_dynamic_task_mapping_with_no_taskflow_operators.py
[2023-10-10T01:19:54.406+0000] {processor.py:829} INFO - Processing file /home/airflow/.local/lib/python3.8/site-packages/airflow/example_dags/example_dynamic_task_mapping_with_no_taskflow_operators.py for tasks to queue
[2023-10-10T01:19:54.407+0000] {logging_mixin.py:151} INFO - [2023-10-10T01:19:54.407+0000] {dagbag.py:539} INFO - Filling up the DagBag from /home/airflow/.local/lib/python3.8/site-packages/airflow/example_dags/example_dynamic_task_mapping_with_no_taskflow_operators.py
[2023-10-10T01:19:54.411+0000] {processor.py:839} INFO - DAG(s) dict_keys(['example_dynamic_task_mapping_with_no_taskflow_operators']) retrieved from /home/airflow/.local/lib/python3.8/site-packages/airflow/example_dags/example_dynamic_task_mapping_with_no_taskflow_operators.py
[2023-10-10T01:19:54.423+0000] {logging_mixin.py:151} INFO - [2023-10-10T01:19:54.423+0000] {dag.py:2915} INFO - Sync 1 DAGs
[2023-10-10T01:19:54.433+0000] {logging_mixin.py:151} INFO - [2023-10-10T01:19:54.433+0000] {dag.py:3696} INFO - Setting next_dagrun for example_dynamic_task_mapping_with_no_taskflow_operators to 2023-10-09T01:19:54.433231+00:00, run_after=2023-10-10T01:19:54.433231+00:00
[2023-10-10T01:19:54.440+0000] {processor.py:179} INFO - Processing /home/airflow/.local/lib/python3.8/site-packages/airflow/example_dags/example_dynamic_task_mapping_with_no_taskflow_operators.py took 0.036 seconds
[2023-10-10T01:20:24.718+0000] {processor.py:157} INFO - Started process (PID=1237) to work on /home/airflow/.local/lib/python3.8/site-packages/airflow/example_dags/example_dynamic_task_mapping_with_no_taskflow_operators.py
[2023-10-10T01:20:24.718+0000] {processor.py:829} INFO - Processing file /home/airflow/.local/lib/python3.8/site-packages/airflow/example_dags/example_dynamic_task_mapping_with_no_taskflow_operators.py for tasks to queue
[2023-10-10T01:20:24.719+0000] {logging_mixin.py:151} INFO - [2023-10-10T01:20:24.719+0000] {dagbag.py:539} INFO - Filling up the DagBag from /home/airflow/.local/lib/python3.8/site-packages/airflow/example_dags/example_dynamic_task_mapping_with_no_taskflow_operators.py
[2023-10-10T01:20:24.723+0000] {processor.py:839} INFO - DAG(s) dict_keys(['example_dynamic_task_mapping_with_no_taskflow_operators']) retrieved from /home/airflow/.local/lib/python3.8/site-packages/airflow/example_dags/example_dynamic_task_mapping_with_no_taskflow_operators.py
[2023-10-10T01:20:24.736+0000] {logging_mixin.py:151} INFO - [2023-10-10T01:20:24.735+0000] {dag.py:2915} INFO - Sync 1 DAGs
[2023-10-10T01:20:24.745+0000] {logging_mixin.py:151} INFO - [2023-10-10T01:20:24.745+0000] {dag.py:3696} INFO - Setting next_dagrun for example_dynamic_task_mapping_with_no_taskflow_operators to 2023-10-09T01:20:24.745396+00:00, run_after=2023-10-10T01:20:24.745396+00:00
[2023-10-10T01:20:24.752+0000] {processor.py:179} INFO - Processing /home/airflow/.local/lib/python3.8/site-packages/airflow/example_dags/example_dynamic_task_mapping_with_no_taskflow_operators.py took 0.036 seconds
[2023-10-10T01:20:55.909+0000] {processor.py:157} INFO - Started process (PID=1475) to work on /home/airflow/.local/lib/python3.8/site-packages/airflow/example_dags/example_dynamic_task_mapping_with_no_taskflow_operators.py
[2023-10-10T01:20:55.909+0000] {processor.py:829} INFO - Processing file /home/airflow/.local/lib/python3.8/site-packages/airflow/example_dags/example_dynamic_task_mapping_with_no_taskflow_operators.py for tasks to queue
[2023-10-10T01:20:55.910+0000] {logging_mixin.py:151} INFO - [2023-10-10T01:20:55.910+0000] {dagbag.py:539} INFO - Filling up the DagBag from /home/airflow/.local/lib/python3.8/site-packages/airflow/example_dags/example_dynamic_task_mapping_with_no_taskflow_operators.py
[2023-10-10T01:20:55.915+0000] {processor.py:839} INFO - DAG(s) dict_keys(['example_dynamic_task_mapping_with_no_taskflow_operators']) retrieved from /home/airflow/.local/lib/python3.8/site-packages/airflow/example_dags/example_dynamic_task_mapping_with_no_taskflow_operators.py
[2023-10-10T01:20:55.927+0000] {logging_mixin.py:151} INFO - [2023-10-10T01:20:55.927+0000] {dag.py:2915} INFO - Sync 1 DAGs
[2023-10-10T01:20:55.937+0000] {logging_mixin.py:151} INFO - [2023-10-10T01:20:55.937+0000] {dag.py:3696} INFO - Setting next_dagrun for example_dynamic_task_mapping_with_no_taskflow_operators to 2023-10-09T01:20:55.937027+00:00, run_after=2023-10-10T01:20:55.937027+00:00
[2023-10-10T01:20:55.944+0000] {processor.py:179} INFO - Processing /home/airflow/.local/lib/python3.8/site-packages/airflow/example_dags/example_dynamic_task_mapping_with_no_taskflow_operators.py took 0.037 seconds
[2023-10-10T01:21:27.101+0000] {processor.py:157} INFO - Started process (PID=1713) to work on /home/airflow/.local/lib/python3.8/site-packages/airflow/example_dags/example_dynamic_task_mapping_with_no_taskflow_operators.py
[2023-10-10T01:21:27.101+0000] {processor.py:829} INFO - Processing file /home/airflow/.local/lib/python3.8/site-packages/airflow/example_dags/example_dynamic_task_mapping_with_no_taskflow_operators.py for tasks to queue
[2023-10-10T01:21:27.102+0000] {logging_mixin.py:151} INFO - [2023-10-10T01:21:27.101+0000] {dagbag.py:539} INFO - Filling up the DagBag from /home/airflow/.local/lib/python3.8/site-packages/airflow/example_dags/example_dynamic_task_mapping_with_no_taskflow_operators.py
[2023-10-10T01:21:27.106+0000] {processor.py:839} INFO - DAG(s) dict_keys(['example_dynamic_task_mapping_with_no_taskflow_operators']) retrieved from /home/airflow/.local/lib/python3.8/site-packages/airflow/example_dags/example_dynamic_task_mapping_with_no_taskflow_operators.py
[2023-10-10T01:21:27.118+0000] {logging_mixin.py:151} INFO - [2023-10-10T01:21:27.118+0000] {dag.py:2915} INFO - Sync 1 DAGs
[2023-10-10T01:21:27.128+0000] {logging_mixin.py:151} INFO - [2023-10-10T01:21:27.128+0000] {dag.py:3696} INFO - Setting next_dagrun for example_dynamic_task_mapping_with_no_taskflow_operators to 2023-10-09T01:21:27.128088+00:00, run_after=2023-10-10T01:21:27.128088+00:00
[2023-10-10T01:21:27.135+0000] {processor.py:179} INFO - Processing /home/airflow/.local/lib/python3.8/site-packages/airflow/example_dags/example_dynamic_task_mapping_with_no_taskflow_operators.py took 0.037 seconds
[2023-10-10T01:21:58.356+0000] {processor.py:157} INFO - Started process (PID=1951) to work on /home/airflow/.local/lib/python3.8/site-packages/airflow/example_dags/example_dynamic_task_mapping_with_no_taskflow_operators.py
[2023-10-10T01:21:58.357+0000] {processor.py:829} INFO - Processing file /home/airflow/.local/lib/python3.8/site-packages/airflow/example_dags/example_dynamic_task_mapping_with_no_taskflow_operators.py for tasks to queue
[2023-10-10T01:21:58.357+0000] {logging_mixin.py:151} INFO - [2023-10-10T01:21:58.357+0000] {dagbag.py:539} INFO - Filling up the DagBag from /home/airflow/.local/lib/python3.8/site-packages/airflow/example_dags/example_dynamic_task_mapping_with_no_taskflow_operators.py
[2023-10-10T01:21:58.363+0000] {processor.py:839} INFO - DAG(s) dict_keys(['example_dynamic_task_mapping_with_no_taskflow_operators']) retrieved from /home/airflow/.local/lib/python3.8/site-packages/airflow/example_dags/example_dynamic_task_mapping_with_no_taskflow_operators.py
[2023-10-10T01:21:58.380+0000] {logging_mixin.py:151} INFO - [2023-10-10T01:21:58.380+0000] {dag.py:2915} INFO - Sync 1 DAGs
[2023-10-10T01:21:58.391+0000] {logging_mixin.py:151} INFO - [2023-10-10T01:21:58.391+0000] {dag.py:3696} INFO - Setting next_dagrun for example_dynamic_task_mapping_with_no_taskflow_operators to 2023-10-09T01:21:58.391431+00:00, run_after=2023-10-10T01:21:58.391431+00:00
[2023-10-10T01:21:58.398+0000] {processor.py:179} INFO - Processing /home/airflow/.local/lib/python3.8/site-packages/airflow/example_dags/example_dynamic_task_mapping_with_no_taskflow_operators.py took 0.045 seconds
[2023-10-10T01:22:28.687+0000] {processor.py:157} INFO - Started process (PID=2189) to work on /home/airflow/.local/lib/python3.8/site-packages/airflow/example_dags/example_dynamic_task_mapping_with_no_taskflow_operators.py
[2023-10-10T01:22:28.687+0000] {processor.py:829} INFO - Processing file /home/airflow/.local/lib/python3.8/site-packages/airflow/example_dags/example_dynamic_task_mapping_with_no_taskflow_operators.py for tasks to queue
[2023-10-10T01:22:28.688+0000] {logging_mixin.py:151} INFO - [2023-10-10T01:22:28.688+0000] {dagbag.py:539} INFO - Filling up the DagBag from /home/airflow/.local/lib/python3.8/site-packages/airflow/example_dags/example_dynamic_task_mapping_with_no_taskflow_operators.py
[2023-10-10T01:22:28.692+0000] {processor.py:839} INFO - DAG(s) dict_keys(['example_dynamic_task_mapping_with_no_taskflow_operators']) retrieved from /home/airflow/.local/lib/python3.8/site-packages/airflow/example_dags/example_dynamic_task_mapping_with_no_taskflow_operators.py
[2023-10-10T01:22:28.704+0000] {logging_mixin.py:151} INFO - [2023-10-10T01:22:28.704+0000] {dag.py:2915} INFO - Sync 1 DAGs
[2023-10-10T01:22:28.714+0000] {logging_mixin.py:151} INFO - [2023-10-10T01:22:28.714+0000] {dag.py:3696} INFO - Setting next_dagrun for example_dynamic_task_mapping_with_no_taskflow_operators to 2023-10-09T01:22:28.714084+00:00, run_after=2023-10-10T01:22:28.714084+00:00
[2023-10-10T01:22:28.721+0000] {processor.py:179} INFO - Processing /home/airflow/.local/lib/python3.8/site-packages/airflow/example_dags/example_dynamic_task_mapping_with_no_taskflow_operators.py took 0.037 seconds
[2023-10-10T01:22:59.826+0000] {processor.py:157} INFO - Started process (PID=2426) to work on /home/airflow/.local/lib/python3.8/site-packages/airflow/example_dags/example_dynamic_task_mapping_with_no_taskflow_operators.py
[2023-10-10T01:22:59.827+0000] {processor.py:829} INFO - Processing file /home/airflow/.local/lib/python3.8/site-packages/airflow/example_dags/example_dynamic_task_mapping_with_no_taskflow_operators.py for tasks to queue
[2023-10-10T01:22:59.827+0000] {logging_mixin.py:151} INFO - [2023-10-10T01:22:59.827+0000] {dagbag.py:539} INFO - Filling up the DagBag from /home/airflow/.local/lib/python3.8/site-packages/airflow/example_dags/example_dynamic_task_mapping_with_no_taskflow_operators.py
[2023-10-10T01:22:59.831+0000] {processor.py:839} INFO - DAG(s) dict_keys(['example_dynamic_task_mapping_with_no_taskflow_operators']) retrieved from /home/airflow/.local/lib/python3.8/site-packages/airflow/example_dags/example_dynamic_task_mapping_with_no_taskflow_operators.py
[2023-10-10T01:22:59.843+0000] {logging_mixin.py:151} INFO - [2023-10-10T01:22:59.843+0000] {dag.py:2915} INFO - Sync 1 DAGs
[2023-10-10T01:22:59.854+0000] {logging_mixin.py:151} INFO - [2023-10-10T01:22:59.854+0000] {dag.py:3696} INFO - Setting next_dagrun for example_dynamic_task_mapping_with_no_taskflow_operators to 2023-10-09T01:22:59.854218+00:00, run_after=2023-10-10T01:22:59.854218+00:00
[2023-10-10T01:22:59.862+0000] {processor.py:179} INFO - Processing /home/airflow/.local/lib/python3.8/site-packages/airflow/example_dags/example_dynamic_task_mapping_with_no_taskflow_operators.py took 0.037 seconds
[2023-10-10T01:23:30.202+0000] {processor.py:157} INFO - Started process (PID=2664) to work on /home/airflow/.local/lib/python3.8/site-packages/airflow/example_dags/example_dynamic_task_mapping_with_no_taskflow_operators.py
[2023-10-10T01:23:30.203+0000] {processor.py:829} INFO - Processing file /home/airflow/.local/lib/python3.8/site-packages/airflow/example_dags/example_dynamic_task_mapping_with_no_taskflow_operators.py for tasks to queue
[2023-10-10T01:23:30.203+0000] {logging_mixin.py:151} INFO - [2023-10-10T01:23:30.203+0000] {dagbag.py:539} INFO - Filling up the DagBag from /home/airflow/.local/lib/python3.8/site-packages/airflow/example_dags/example_dynamic_task_mapping_with_no_taskflow_operators.py
[2023-10-10T01:23:30.207+0000] {processor.py:839} INFO - DAG(s) dict_keys(['example_dynamic_task_mapping_with_no_taskflow_operators']) retrieved from /home/airflow/.local/lib/python3.8/site-packages/airflow/example_dags/example_dynamic_task_mapping_with_no_taskflow_operators.py
[2023-10-10T01:23:30.220+0000] {logging_mixin.py:151} INFO - [2023-10-10T01:23:30.220+0000] {dag.py:2915} INFO - Sync 1 DAGs
[2023-10-10T01:23:30.230+0000] {logging_mixin.py:151} INFO - [2023-10-10T01:23:30.230+0000] {dag.py:3696} INFO - Setting next_dagrun for example_dynamic_task_mapping_with_no_taskflow_operators to 2023-10-09T01:23:30.229951+00:00, run_after=2023-10-10T01:23:30.229951+00:00
[2023-10-10T01:23:30.237+0000] {processor.py:179} INFO - Processing /home/airflow/.local/lib/python3.8/site-packages/airflow/example_dags/example_dynamic_task_mapping_with_no_taskflow_operators.py took 0.037 seconds
[2023-10-10T01:24:01.453+0000] {processor.py:157} INFO - Started process (PID=2901) to work on /home/airflow/.local/lib/python3.8/site-packages/airflow/example_dags/example_dynamic_task_mapping_with_no_taskflow_operators.py
[2023-10-10T01:24:01.453+0000] {processor.py:829} INFO - Processing file /home/airflow/.local/lib/python3.8/site-packages/airflow/example_dags/example_dynamic_task_mapping_with_no_taskflow_operators.py for tasks to queue
[2023-10-10T01:24:01.454+0000] {logging_mixin.py:151} INFO - [2023-10-10T01:24:01.454+0000] {dagbag.py:539} INFO - Filling up the DagBag from /home/airflow/.local/lib/python3.8/site-packages/airflow/example_dags/example_dynamic_task_mapping_with_no_taskflow_operators.py
[2023-10-10T01:24:01.458+0000] {processor.py:839} INFO - DAG(s) dict_keys(['example_dynamic_task_mapping_with_no_taskflow_operators']) retrieved from /home/airflow/.local/lib/python3.8/site-packages/airflow/example_dags/example_dynamic_task_mapping_with_no_taskflow_operators.py
[2023-10-10T01:24:01.472+0000] {logging_mixin.py:151} INFO - [2023-10-10T01:24:01.472+0000] {dag.py:2915} INFO - Sync 1 DAGs
[2023-10-10T01:24:01.483+0000] {logging_mixin.py:151} INFO - [2023-10-10T01:24:01.482+0000] {dag.py:3696} INFO - Setting next_dagrun for example_dynamic_task_mapping_with_no_taskflow_operators to 2023-10-09T01:24:01.482739+00:00, run_after=2023-10-10T01:24:01.482739+00:00
[2023-10-10T01:24:01.490+0000] {processor.py:179} INFO - Processing /home/airflow/.local/lib/python3.8/site-packages/airflow/example_dags/example_dynamic_task_mapping_with_no_taskflow_operators.py took 0.040 seconds
[2023-10-10T01:24:32.730+0000] {processor.py:157} INFO - Started process (PID=3139) to work on /home/airflow/.local/lib/python3.8/site-packages/airflow/example_dags/example_dynamic_task_mapping_with_no_taskflow_operators.py
[2023-10-10T01:24:32.730+0000] {processor.py:829} INFO - Processing file /home/airflow/.local/lib/python3.8/site-packages/airflow/example_dags/example_dynamic_task_mapping_with_no_taskflow_operators.py for tasks to queue
[2023-10-10T01:24:32.731+0000] {logging_mixin.py:151} INFO - [2023-10-10T01:24:32.730+0000] {dagbag.py:539} INFO - Filling up the DagBag from /home/airflow/.local/lib/python3.8/site-packages/airflow/example_dags/example_dynamic_task_mapping_with_no_taskflow_operators.py
[2023-10-10T01:24:32.736+0000] {processor.py:839} INFO - DAG(s) dict_keys(['example_dynamic_task_mapping_with_no_taskflow_operators']) retrieved from /home/airflow/.local/lib/python3.8/site-packages/airflow/example_dags/example_dynamic_task_mapping_with_no_taskflow_operators.py
[2023-10-10T01:24:32.746+0000] {logging_mixin.py:151} INFO - [2023-10-10T01:24:32.746+0000] {dag.py:2915} INFO - Sync 1 DAGs
[2023-10-10T01:24:32.756+0000] {logging_mixin.py:151} INFO - [2023-10-10T01:24:32.756+0000] {dag.py:3696} INFO - Setting next_dagrun for example_dynamic_task_mapping_with_no_taskflow_operators to 2023-10-09T01:24:32.756408+00:00, run_after=2023-10-10T01:24:32.756408+00:00
[2023-10-10T01:24:32.763+0000] {processor.py:179} INFO - Processing /home/airflow/.local/lib/python3.8/site-packages/airflow/example_dags/example_dynamic_task_mapping_with_no_taskflow_operators.py took 0.036 seconds
[2023-10-10T01:25:03.935+0000] {processor.py:157} INFO - Started process (PID=3377) to work on /home/airflow/.local/lib/python3.8/site-packages/airflow/example_dags/example_dynamic_task_mapping_with_no_taskflow_operators.py
[2023-10-10T01:25:03.935+0000] {processor.py:829} INFO - Processing file /home/airflow/.local/lib/python3.8/site-packages/airflow/example_dags/example_dynamic_task_mapping_with_no_taskflow_operators.py for tasks to queue
[2023-10-10T01:25:03.936+0000] {logging_mixin.py:151} INFO - [2023-10-10T01:25:03.936+0000] {dagbag.py:539} INFO - Filling up the DagBag from /home/airflow/.local/lib/python3.8/site-packages/airflow/example_dags/example_dynamic_task_mapping_with_no_taskflow_operators.py
[2023-10-10T01:25:03.943+0000] {processor.py:839} INFO - DAG(s) dict_keys(['example_dynamic_task_mapping_with_no_taskflow_operators']) retrieved from /home/airflow/.local/lib/python3.8/site-packages/airflow/example_dags/example_dynamic_task_mapping_with_no_taskflow_operators.py
[2023-10-10T01:25:03.956+0000] {logging_mixin.py:151} INFO - [2023-10-10T01:25:03.955+0000] {dag.py:2915} INFO - Sync 1 DAGs
[2023-10-10T01:25:03.966+0000] {logging_mixin.py:151} INFO - [2023-10-10T01:25:03.966+0000] {dag.py:3696} INFO - Setting next_dagrun for example_dynamic_task_mapping_with_no_taskflow_operators to 2023-10-09T01:25:03.966173+00:00, run_after=2023-10-10T01:25:03.966173+00:00
[2023-10-10T01:25:03.974+0000] {processor.py:179} INFO - Processing /home/airflow/.local/lib/python3.8/site-packages/airflow/example_dags/example_dynamic_task_mapping_with_no_taskflow_operators.py took 0.041 seconds
[2023-10-10T01:25:35.229+0000] {processor.py:157} INFO - Started process (PID=3615) to work on /home/airflow/.local/lib/python3.8/site-packages/airflow/example_dags/example_dynamic_task_mapping_with_no_taskflow_operators.py
[2023-10-10T01:25:35.230+0000] {processor.py:829} INFO - Processing file /home/airflow/.local/lib/python3.8/site-packages/airflow/example_dags/example_dynamic_task_mapping_with_no_taskflow_operators.py for tasks to queue
[2023-10-10T01:25:35.230+0000] {logging_mixin.py:151} INFO - [2023-10-10T01:25:35.230+0000] {dagbag.py:539} INFO - Filling up the DagBag from /home/airflow/.local/lib/python3.8/site-packages/airflow/example_dags/example_dynamic_task_mapping_with_no_taskflow_operators.py
[2023-10-10T01:25:35.235+0000] {processor.py:839} INFO - DAG(s) dict_keys(['example_dynamic_task_mapping_with_no_taskflow_operators']) retrieved from /home/airflow/.local/lib/python3.8/site-packages/airflow/example_dags/example_dynamic_task_mapping_with_no_taskflow_operators.py
[2023-10-10T01:25:35.246+0000] {logging_mixin.py:151} INFO - [2023-10-10T01:25:35.246+0000] {dag.py:2915} INFO - Sync 1 DAGs
[2023-10-10T01:25:35.256+0000] {logging_mixin.py:151} INFO - [2023-10-10T01:25:35.256+0000] {dag.py:3696} INFO - Setting next_dagrun for example_dynamic_task_mapping_with_no_taskflow_operators to 2023-10-09T01:25:35.256302+00:00, run_after=2023-10-10T01:25:35.256302+00:00
[2023-10-10T01:25:35.264+0000] {processor.py:179} INFO - Processing /home/airflow/.local/lib/python3.8/site-packages/airflow/example_dags/example_dynamic_task_mapping_with_no_taskflow_operators.py took 0.037 seconds
[2023-10-10T01:26:06.534+0000] {processor.py:157} INFO - Started process (PID=3853) to work on /home/airflow/.local/lib/python3.8/site-packages/airflow/example_dags/example_dynamic_task_mapping_with_no_taskflow_operators.py
[2023-10-10T01:26:06.535+0000] {processor.py:829} INFO - Processing file /home/airflow/.local/lib/python3.8/site-packages/airflow/example_dags/example_dynamic_task_mapping_with_no_taskflow_operators.py for tasks to queue
[2023-10-10T01:26:06.535+0000] {logging_mixin.py:151} INFO - [2023-10-10T01:26:06.535+0000] {dagbag.py:539} INFO - Filling up the DagBag from /home/airflow/.local/lib/python3.8/site-packages/airflow/example_dags/example_dynamic_task_mapping_with_no_taskflow_operators.py
[2023-10-10T01:26:06.539+0000] {processor.py:839} INFO - DAG(s) dict_keys(['example_dynamic_task_mapping_with_no_taskflow_operators']) retrieved from /home/airflow/.local/lib/python3.8/site-packages/airflow/example_dags/example_dynamic_task_mapping_with_no_taskflow_operators.py
[2023-10-10T01:26:06.550+0000] {logging_mixin.py:151} INFO - [2023-10-10T01:26:06.550+0000] {dag.py:2915} INFO - Sync 1 DAGs
[2023-10-10T01:26:06.561+0000] {logging_mixin.py:151} INFO - [2023-10-10T01:26:06.561+0000] {dag.py:3696} INFO - Setting next_dagrun for example_dynamic_task_mapping_with_no_taskflow_operators to 2023-10-09T01:26:06.561027+00:00, run_after=2023-10-10T01:26:06.561027+00:00
[2023-10-10T01:26:06.568+0000] {processor.py:179} INFO - Processing /home/airflow/.local/lib/python3.8/site-packages/airflow/example_dags/example_dynamic_task_mapping_with_no_taskflow_operators.py took 0.036 seconds
[2023-10-10T01:26:37.811+0000] {processor.py:157} INFO - Started process (PID=4092) to work on /home/airflow/.local/lib/python3.8/site-packages/airflow/example_dags/example_dynamic_task_mapping_with_no_taskflow_operators.py
[2023-10-10T01:26:37.812+0000] {processor.py:829} INFO - Processing file /home/airflow/.local/lib/python3.8/site-packages/airflow/example_dags/example_dynamic_task_mapping_with_no_taskflow_operators.py for tasks to queue
[2023-10-10T01:26:37.812+0000] {logging_mixin.py:151} INFO - [2023-10-10T01:26:37.812+0000] {dagbag.py:539} INFO - Filling up the DagBag from /home/airflow/.local/lib/python3.8/site-packages/airflow/example_dags/example_dynamic_task_mapping_with_no_taskflow_operators.py
[2023-10-10T01:26:37.817+0000] {processor.py:839} INFO - DAG(s) dict_keys(['example_dynamic_task_mapping_with_no_taskflow_operators']) retrieved from /home/airflow/.local/lib/python3.8/site-packages/airflow/example_dags/example_dynamic_task_mapping_with_no_taskflow_operators.py
[2023-10-10T01:26:37.828+0000] {logging_mixin.py:151} INFO - [2023-10-10T01:26:37.828+0000] {dag.py:2915} INFO - Sync 1 DAGs
[2023-10-10T01:26:37.839+0000] {logging_mixin.py:151} INFO - [2023-10-10T01:26:37.839+0000] {dag.py:3696} INFO - Setting next_dagrun for example_dynamic_task_mapping_with_no_taskflow_operators to 2023-10-09T01:26:37.838949+00:00, run_after=2023-10-10T01:26:37.838949+00:00
[2023-10-10T01:26:37.846+0000] {processor.py:179} INFO - Processing /home/airflow/.local/lib/python3.8/site-packages/airflow/example_dags/example_dynamic_task_mapping_with_no_taskflow_operators.py took 0.037 seconds
[2023-10-10T01:27:09.000+0000] {processor.py:157} INFO - Started process (PID=4330) to work on /home/airflow/.local/lib/python3.8/site-packages/airflow/example_dags/example_dynamic_task_mapping_with_no_taskflow_operators.py
[2023-10-10T01:27:09.000+0000] {processor.py:829} INFO - Processing file /home/airflow/.local/lib/python3.8/site-packages/airflow/example_dags/example_dynamic_task_mapping_with_no_taskflow_operators.py for tasks to queue
[2023-10-10T01:27:09.001+0000] {logging_mixin.py:151} INFO - [2023-10-10T01:27:09.001+0000] {dagbag.py:539} INFO - Filling up the DagBag from /home/airflow/.local/lib/python3.8/site-packages/airflow/example_dags/example_dynamic_task_mapping_with_no_taskflow_operators.py
[2023-10-10T01:27:09.005+0000] {processor.py:839} INFO - DAG(s) dict_keys(['example_dynamic_task_mapping_with_no_taskflow_operators']) retrieved from /home/airflow/.local/lib/python3.8/site-packages/airflow/example_dags/example_dynamic_task_mapping_with_no_taskflow_operators.py
[2023-10-10T01:27:09.017+0000] {logging_mixin.py:151} INFO - [2023-10-10T01:27:09.017+0000] {dag.py:2915} INFO - Sync 1 DAGs
[2023-10-10T01:27:09.029+0000] {logging_mixin.py:151} INFO - [2023-10-10T01:27:09.029+0000] {dag.py:3696} INFO - Setting next_dagrun for example_dynamic_task_mapping_with_no_taskflow_operators to 2023-10-09T01:27:09.028862+00:00, run_after=2023-10-10T01:27:09.028862+00:00
[2023-10-10T01:27:09.036+0000] {processor.py:179} INFO - Processing /home/airflow/.local/lib/python3.8/site-packages/airflow/example_dags/example_dynamic_task_mapping_with_no_taskflow_operators.py took 0.039 seconds
[2023-10-10T01:27:40.217+0000] {processor.py:157} INFO - Started process (PID=4568) to work on /home/airflow/.local/lib/python3.8/site-packages/airflow/example_dags/example_dynamic_task_mapping_with_no_taskflow_operators.py
[2023-10-10T01:27:40.218+0000] {processor.py:829} INFO - Processing file /home/airflow/.local/lib/python3.8/site-packages/airflow/example_dags/example_dynamic_task_mapping_with_no_taskflow_operators.py for tasks to queue
[2023-10-10T01:27:40.219+0000] {logging_mixin.py:151} INFO - [2023-10-10T01:27:40.218+0000] {dagbag.py:539} INFO - Filling up the DagBag from /home/airflow/.local/lib/python3.8/site-packages/airflow/example_dags/example_dynamic_task_mapping_with_no_taskflow_operators.py
[2023-10-10T01:27:40.229+0000] {processor.py:839} INFO - DAG(s) dict_keys(['example_dynamic_task_mapping_with_no_taskflow_operators']) retrieved from /home/airflow/.local/lib/python3.8/site-packages/airflow/example_dags/example_dynamic_task_mapping_with_no_taskflow_operators.py
[2023-10-10T01:27:40.241+0000] {logging_mixin.py:151} INFO - [2023-10-10T01:27:40.241+0000] {dag.py:2915} INFO - Sync 1 DAGs
[2023-10-10T01:27:40.251+0000] {logging_mixin.py:151} INFO - [2023-10-10T01:27:40.250+0000] {dag.py:3696} INFO - Setting next_dagrun for example_dynamic_task_mapping_with_no_taskflow_operators to 2023-10-09T01:27:40.250719+00:00, run_after=2023-10-10T01:27:40.250719+00:00
[2023-10-10T01:27:40.259+0000] {processor.py:179} INFO - Processing /home/airflow/.local/lib/python3.8/site-packages/airflow/example_dags/example_dynamic_task_mapping_with_no_taskflow_operators.py took 0.043 seconds
[2023-10-10T01:28:11.627+0000] {processor.py:157} INFO - Started process (PID=4808) to work on /home/airflow/.local/lib/python3.8/site-packages/airflow/example_dags/example_dynamic_task_mapping_with_no_taskflow_operators.py
[2023-10-10T01:28:11.628+0000] {processor.py:829} INFO - Processing file /home/airflow/.local/lib/python3.8/site-packages/airflow/example_dags/example_dynamic_task_mapping_with_no_taskflow_operators.py for tasks to queue
[2023-10-10T01:28:11.628+0000] {logging_mixin.py:151} INFO - [2023-10-10T01:28:11.628+0000] {dagbag.py:539} INFO - Filling up the DagBag from /home/airflow/.local/lib/python3.8/site-packages/airflow/example_dags/example_dynamic_task_mapping_with_no_taskflow_operators.py
[2023-10-10T01:28:11.634+0000] {processor.py:839} INFO - DAG(s) dict_keys(['example_dynamic_task_mapping_with_no_taskflow_operators']) retrieved from /home/airflow/.local/lib/python3.8/site-packages/airflow/example_dags/example_dynamic_task_mapping_with_no_taskflow_operators.py
[2023-10-10T01:28:11.682+0000] {logging_mixin.py:151} INFO - [2023-10-10T01:28:11.682+0000] {dag.py:2915} INFO - Sync 1 DAGs
[2023-10-10T01:28:11.701+0000] {logging_mixin.py:151} INFO - [2023-10-10T01:28:11.701+0000] {dag.py:3696} INFO - Setting next_dagrun for example_dynamic_task_mapping_with_no_taskflow_operators to 2023-10-09T01:28:11.701255+00:00, run_after=2023-10-10T01:28:11.701255+00:00
[2023-10-10T01:28:11.710+0000] {processor.py:179} INFO - Processing /home/airflow/.local/lib/python3.8/site-packages/airflow/example_dags/example_dynamic_task_mapping_with_no_taskflow_operators.py took 0.087 seconds
[2023-10-10T01:28:42.979+0000] {processor.py:157} INFO - Started process (PID=5044) to work on /home/airflow/.local/lib/python3.8/site-packages/airflow/example_dags/example_dynamic_task_mapping_with_no_taskflow_operators.py
[2023-10-10T01:28:42.980+0000] {processor.py:829} INFO - Processing file /home/airflow/.local/lib/python3.8/site-packages/airflow/example_dags/example_dynamic_task_mapping_with_no_taskflow_operators.py for tasks to queue
[2023-10-10T01:28:42.980+0000] {logging_mixin.py:151} INFO - [2023-10-10T01:28:42.980+0000] {dagbag.py:539} INFO - Filling up the DagBag from /home/airflow/.local/lib/python3.8/site-packages/airflow/example_dags/example_dynamic_task_mapping_with_no_taskflow_operators.py
[2023-10-10T01:28:42.985+0000] {processor.py:839} INFO - DAG(s) dict_keys(['example_dynamic_task_mapping_with_no_taskflow_operators']) retrieved from /home/airflow/.local/lib/python3.8/site-packages/airflow/example_dags/example_dynamic_task_mapping_with_no_taskflow_operators.py
[2023-10-10T01:28:42.997+0000] {logging_mixin.py:151} INFO - [2023-10-10T01:28:42.997+0000] {dag.py:2915} INFO - Sync 1 DAGs
[2023-10-10T01:28:43.011+0000] {logging_mixin.py:151} INFO - [2023-10-10T01:28:43.011+0000] {dag.py:3696} INFO - Setting next_dagrun for example_dynamic_task_mapping_with_no_taskflow_operators to 2023-10-09T01:28:43.011114+00:00, run_after=2023-10-10T01:28:43.011114+00:00
[2023-10-10T01:28:43.019+0000] {processor.py:179} INFO - Processing /home/airflow/.local/lib/python3.8/site-packages/airflow/example_dags/example_dynamic_task_mapping_with_no_taskflow_operators.py took 0.042 seconds
[2023-10-10T01:29:14.178+0000] {processor.py:157} INFO - Started process (PID=5282) to work on /home/airflow/.local/lib/python3.8/site-packages/airflow/example_dags/example_dynamic_task_mapping_with_no_taskflow_operators.py
[2023-10-10T01:29:14.179+0000] {processor.py:829} INFO - Processing file /home/airflow/.local/lib/python3.8/site-packages/airflow/example_dags/example_dynamic_task_mapping_with_no_taskflow_operators.py for tasks to queue
[2023-10-10T01:29:14.180+0000] {logging_mixin.py:151} INFO - [2023-10-10T01:29:14.179+0000] {dagbag.py:539} INFO - Filling up the DagBag from /home/airflow/.local/lib/python3.8/site-packages/airflow/example_dags/example_dynamic_task_mapping_with_no_taskflow_operators.py
[2023-10-10T01:29:14.185+0000] {processor.py:839} INFO - DAG(s) dict_keys(['example_dynamic_task_mapping_with_no_taskflow_operators']) retrieved from /home/airflow/.local/lib/python3.8/site-packages/airflow/example_dags/example_dynamic_task_mapping_with_no_taskflow_operators.py
[2023-10-10T01:29:14.197+0000] {logging_mixin.py:151} INFO - [2023-10-10T01:29:14.197+0000] {dag.py:2915} INFO - Sync 1 DAGs
[2023-10-10T01:29:14.207+0000] {logging_mixin.py:151} INFO - [2023-10-10T01:29:14.207+0000] {dag.py:3696} INFO - Setting next_dagrun for example_dynamic_task_mapping_with_no_taskflow_operators to 2023-10-09T01:29:14.207611+00:00, run_after=2023-10-10T01:29:14.207611+00:00
[2023-10-10T01:29:14.215+0000] {processor.py:179} INFO - Processing /home/airflow/.local/lib/python3.8/site-packages/airflow/example_dags/example_dynamic_task_mapping_with_no_taskflow_operators.py took 0.039 seconds
[2023-10-10T01:29:45.392+0000] {processor.py:157} INFO - Started process (PID=5520) to work on /home/airflow/.local/lib/python3.8/site-packages/airflow/example_dags/example_dynamic_task_mapping_with_no_taskflow_operators.py
[2023-10-10T01:29:45.393+0000] {processor.py:829} INFO - Processing file /home/airflow/.local/lib/python3.8/site-packages/airflow/example_dags/example_dynamic_task_mapping_with_no_taskflow_operators.py for tasks to queue
[2023-10-10T01:29:45.393+0000] {logging_mixin.py:151} INFO - [2023-10-10T01:29:45.393+0000] {dagbag.py:539} INFO - Filling up the DagBag from /home/airflow/.local/lib/python3.8/site-packages/airflow/example_dags/example_dynamic_task_mapping_with_no_taskflow_operators.py
[2023-10-10T01:29:45.399+0000] {processor.py:839} INFO - DAG(s) dict_keys(['example_dynamic_task_mapping_with_no_taskflow_operators']) retrieved from /home/airflow/.local/lib/python3.8/site-packages/airflow/example_dags/example_dynamic_task_mapping_with_no_taskflow_operators.py
[2023-10-10T01:29:45.410+0000] {logging_mixin.py:151} INFO - [2023-10-10T01:29:45.410+0000] {dag.py:2915} INFO - Sync 1 DAGs
[2023-10-10T01:29:45.421+0000] {logging_mixin.py:151} INFO - [2023-10-10T01:29:45.421+0000] {dag.py:3696} INFO - Setting next_dagrun for example_dynamic_task_mapping_with_no_taskflow_operators to 2023-10-09T01:29:45.421527+00:00, run_after=2023-10-10T01:29:45.421527+00:00
[2023-10-10T01:29:45.429+0000] {processor.py:179} INFO - Processing /home/airflow/.local/lib/python3.8/site-packages/airflow/example_dags/example_dynamic_task_mapping_with_no_taskflow_operators.py took 0.039 seconds
[2023-10-10T01:30:16.786+0000] {processor.py:157} INFO - Started process (PID=5767) to work on /home/airflow/.local/lib/python3.8/site-packages/airflow/example_dags/example_dynamic_task_mapping_with_no_taskflow_operators.py
[2023-10-10T01:30:16.787+0000] {processor.py:829} INFO - Processing file /home/airflow/.local/lib/python3.8/site-packages/airflow/example_dags/example_dynamic_task_mapping_with_no_taskflow_operators.py for tasks to queue
[2023-10-10T01:30:16.787+0000] {logging_mixin.py:151} INFO - [2023-10-10T01:30:16.787+0000] {dagbag.py:539} INFO - Filling up the DagBag from /home/airflow/.local/lib/python3.8/site-packages/airflow/example_dags/example_dynamic_task_mapping_with_no_taskflow_operators.py
[2023-10-10T01:30:16.792+0000] {processor.py:839} INFO - DAG(s) dict_keys(['example_dynamic_task_mapping_with_no_taskflow_operators']) retrieved from /home/airflow/.local/lib/python3.8/site-packages/airflow/example_dags/example_dynamic_task_mapping_with_no_taskflow_operators.py
[2023-10-10T01:30:16.806+0000] {logging_mixin.py:151} INFO - [2023-10-10T01:30:16.806+0000] {dag.py:2915} INFO - Sync 1 DAGs
[2023-10-10T01:30:16.816+0000] {logging_mixin.py:151} INFO - [2023-10-10T01:30:16.816+0000] {dag.py:3696} INFO - Setting next_dagrun for example_dynamic_task_mapping_with_no_taskflow_operators to 2023-10-09T01:30:16.816135+00:00, run_after=2023-10-10T01:30:16.816135+00:00
[2023-10-10T01:30:16.824+0000] {processor.py:179} INFO - Processing /home/airflow/.local/lib/python3.8/site-packages/airflow/example_dags/example_dynamic_task_mapping_with_no_taskflow_operators.py took 0.039 seconds
[2023-10-10T01:30:47.977+0000] {processor.py:157} INFO - Started process (PID=6004) to work on /home/airflow/.local/lib/python3.8/site-packages/airflow/example_dags/example_dynamic_task_mapping_with_no_taskflow_operators.py
[2023-10-10T01:30:47.978+0000] {processor.py:829} INFO - Processing file /home/airflow/.local/lib/python3.8/site-packages/airflow/example_dags/example_dynamic_task_mapping_with_no_taskflow_operators.py for tasks to queue
[2023-10-10T01:30:47.978+0000] {logging_mixin.py:151} INFO - [2023-10-10T01:30:47.978+0000] {dagbag.py:539} INFO - Filling up the DagBag from /home/airflow/.local/lib/python3.8/site-packages/airflow/example_dags/example_dynamic_task_mapping_with_no_taskflow_operators.py
[2023-10-10T01:30:47.983+0000] {processor.py:839} INFO - DAG(s) dict_keys(['example_dynamic_task_mapping_with_no_taskflow_operators']) retrieved from /home/airflow/.local/lib/python3.8/site-packages/airflow/example_dags/example_dynamic_task_mapping_with_no_taskflow_operators.py
[2023-10-10T01:30:47.994+0000] {logging_mixin.py:151} INFO - [2023-10-10T01:30:47.994+0000] {dag.py:2915} INFO - Sync 1 DAGs
[2023-10-10T01:30:48.004+0000] {logging_mixin.py:151} INFO - [2023-10-10T01:30:48.004+0000] {dag.py:3696} INFO - Setting next_dagrun for example_dynamic_task_mapping_with_no_taskflow_operators to 2023-10-09T01:30:48.004553+00:00, run_after=2023-10-10T01:30:48.004553+00:00
[2023-10-10T01:30:48.012+0000] {processor.py:179} INFO - Processing /home/airflow/.local/lib/python3.8/site-packages/airflow/example_dags/example_dynamic_task_mapping_with_no_taskflow_operators.py took 0.037 seconds
[2023-10-10T01:31:18.660+0000] {processor.py:157} INFO - Started process (PID=6244) to work on /home/airflow/.local/lib/python3.8/site-packages/airflow/example_dags/example_dynamic_task_mapping_with_no_taskflow_operators.py
[2023-10-10T01:31:18.661+0000] {processor.py:829} INFO - Processing file /home/airflow/.local/lib/python3.8/site-packages/airflow/example_dags/example_dynamic_task_mapping_with_no_taskflow_operators.py for tasks to queue
[2023-10-10T01:31:18.662+0000] {logging_mixin.py:151} INFO - [2023-10-10T01:31:18.662+0000] {dagbag.py:539} INFO - Filling up the DagBag from /home/airflow/.local/lib/python3.8/site-packages/airflow/example_dags/example_dynamic_task_mapping_with_no_taskflow_operators.py
[2023-10-10T01:31:18.666+0000] {processor.py:839} INFO - DAG(s) dict_keys(['example_dynamic_task_mapping_with_no_taskflow_operators']) retrieved from /home/airflow/.local/lib/python3.8/site-packages/airflow/example_dags/example_dynamic_task_mapping_with_no_taskflow_operators.py
[2023-10-10T01:31:18.680+0000] {logging_mixin.py:151} INFO - [2023-10-10T01:31:18.680+0000] {dag.py:2915} INFO - Sync 1 DAGs
[2023-10-10T01:31:18.690+0000] {logging_mixin.py:151} INFO - [2023-10-10T01:31:18.690+0000] {dag.py:3696} INFO - Setting next_dagrun for example_dynamic_task_mapping_with_no_taskflow_operators to 2023-10-09T01:31:18.690102+00:00, run_after=2023-10-10T01:31:18.690102+00:00
[2023-10-10T01:31:18.697+0000] {processor.py:179} INFO - Processing /home/airflow/.local/lib/python3.8/site-packages/airflow/example_dags/example_dynamic_task_mapping_with_no_taskflow_operators.py took 0.038 seconds
