[2023-10-10T01:18:19.793+0000] {processor.py:157} INFO - Started process (PID=182) to work on /home/airflow/.local/lib/python3.8/site-packages/airflow/example_dags/example_branch_python_dop_operator_3.py
[2023-10-10T01:18:19.794+0000] {processor.py:829} INFO - Processing file /home/airflow/.local/lib/python3.8/site-packages/airflow/example_dags/example_branch_python_dop_operator_3.py for tasks to queue
[2023-10-10T01:18:19.794+0000] {logging_mixin.py:151} INFO - [2023-10-10T01:18:19.794+0000] {dagbag.py:539} INFO - Filling up the DagBag from /home/airflow/.local/lib/python3.8/site-packages/airflow/example_dags/example_branch_python_dop_operator_3.py
[2023-10-10T01:18:19.801+0000] {processor.py:839} INFO - DAG(s) dict_keys(['example_branch_dop_operator_v3']) retrieved from /home/airflow/.local/lib/python3.8/site-packages/airflow/example_dags/example_branch_python_dop_operator_3.py
[2023-10-10T01:18:19.809+0000] {logging_mixin.py:151} INFO - [2023-10-10T01:18:19.809+0000] {dag.py:2915} INFO - Sync 1 DAGs
[2023-10-10T01:18:19.823+0000] {logging_mixin.py:151} INFO - [2023-10-10T01:18:19.823+0000] {dag.py:3696} INFO - Setting next_dagrun for example_branch_dop_operator_v3 to 2023-10-10T01:17:00+00:00, run_after=2023-10-10T01:18:00+00:00
[2023-10-10T01:18:19.830+0000] {processor.py:179} INFO - Processing /home/airflow/.local/lib/python3.8/site-packages/airflow/example_dags/example_branch_python_dop_operator_3.py took 0.039 seconds
[2023-10-10T01:18:49.954+0000] {processor.py:157} INFO - Started process (PID=420) to work on /home/airflow/.local/lib/python3.8/site-packages/airflow/example_dags/example_branch_python_dop_operator_3.py
[2023-10-10T01:18:49.954+0000] {processor.py:829} INFO - Processing file /home/airflow/.local/lib/python3.8/site-packages/airflow/example_dags/example_branch_python_dop_operator_3.py for tasks to queue
[2023-10-10T01:18:49.955+0000] {logging_mixin.py:151} INFO - [2023-10-10T01:18:49.955+0000] {dagbag.py:539} INFO - Filling up the DagBag from /home/airflow/.local/lib/python3.8/site-packages/airflow/example_dags/example_branch_python_dop_operator_3.py
[2023-10-10T01:18:49.960+0000] {processor.py:839} INFO - DAG(s) dict_keys(['example_branch_dop_operator_v3']) retrieved from /home/airflow/.local/lib/python3.8/site-packages/airflow/example_dags/example_branch_python_dop_operator_3.py
[2023-10-10T01:18:49.976+0000] {logging_mixin.py:151} INFO - [2023-10-10T01:18:49.975+0000] {dag.py:2915} INFO - Sync 1 DAGs
[2023-10-10T01:18:49.993+0000] {logging_mixin.py:151} INFO - [2023-10-10T01:18:49.993+0000] {dag.py:3696} INFO - Setting next_dagrun for example_branch_dop_operator_v3 to 2023-10-10T01:17:00+00:00, run_after=2023-10-10T01:18:00+00:00
[2023-10-10T01:18:50.007+0000] {processor.py:179} INFO - Processing /home/airflow/.local/lib/python3.8/site-packages/airflow/example_dags/example_branch_python_dop_operator_3.py took 0.055 seconds
[2023-10-10T01:19:20.098+0000] {processor.py:157} INFO - Started process (PID=653) to work on /home/airflow/.local/lib/python3.8/site-packages/airflow/example_dags/example_branch_python_dop_operator_3.py
[2023-10-10T01:19:20.100+0000] {processor.py:829} INFO - Processing file /home/airflow/.local/lib/python3.8/site-packages/airflow/example_dags/example_branch_python_dop_operator_3.py for tasks to queue
[2023-10-10T01:19:20.100+0000] {logging_mixin.py:151} INFO - [2023-10-10T01:19:20.100+0000] {dagbag.py:539} INFO - Filling up the DagBag from /home/airflow/.local/lib/python3.8/site-packages/airflow/example_dags/example_branch_python_dop_operator_3.py
[2023-10-10T01:19:20.106+0000] {processor.py:839} INFO - DAG(s) dict_keys(['example_branch_dop_operator_v3']) retrieved from /home/airflow/.local/lib/python3.8/site-packages/airflow/example_dags/example_branch_python_dop_operator_3.py
[2023-10-10T01:19:20.120+0000] {logging_mixin.py:151} INFO - [2023-10-10T01:19:20.120+0000] {dag.py:2915} INFO - Sync 1 DAGs
[2023-10-10T01:19:20.132+0000] {logging_mixin.py:151} INFO - [2023-10-10T01:19:20.132+0000] {dag.py:3696} INFO - Setting next_dagrun for example_branch_dop_operator_v3 to 2023-10-10T01:18:00+00:00, run_after=2023-10-10T01:19:00+00:00
[2023-10-10T01:19:20.140+0000] {processor.py:179} INFO - Processing /home/airflow/.local/lib/python3.8/site-packages/airflow/example_dags/example_branch_python_dop_operator_3.py took 0.044 seconds
[2023-10-10T01:19:50.438+0000] {processor.py:157} INFO - Started process (PID=894) to work on /home/airflow/.local/lib/python3.8/site-packages/airflow/example_dags/example_branch_python_dop_operator_3.py
[2023-10-10T01:19:50.439+0000] {processor.py:829} INFO - Processing file /home/airflow/.local/lib/python3.8/site-packages/airflow/example_dags/example_branch_python_dop_operator_3.py for tasks to queue
[2023-10-10T01:19:50.440+0000] {logging_mixin.py:151} INFO - [2023-10-10T01:19:50.439+0000] {dagbag.py:539} INFO - Filling up the DagBag from /home/airflow/.local/lib/python3.8/site-packages/airflow/example_dags/example_branch_python_dop_operator_3.py
[2023-10-10T01:19:50.445+0000] {processor.py:839} INFO - DAG(s) dict_keys(['example_branch_dop_operator_v3']) retrieved from /home/airflow/.local/lib/python3.8/site-packages/airflow/example_dags/example_branch_python_dop_operator_3.py
[2023-10-10T01:19:50.459+0000] {logging_mixin.py:151} INFO - [2023-10-10T01:19:50.459+0000] {dag.py:2915} INFO - Sync 1 DAGs
[2023-10-10T01:19:50.471+0000] {logging_mixin.py:151} INFO - [2023-10-10T01:19:50.471+0000] {dag.py:3696} INFO - Setting next_dagrun for example_branch_dop_operator_v3 to 2023-10-10T01:18:00+00:00, run_after=2023-10-10T01:19:00+00:00
[2023-10-10T01:19:50.479+0000] {processor.py:179} INFO - Processing /home/airflow/.local/lib/python3.8/site-packages/airflow/example_dags/example_branch_python_dop_operator_3.py took 0.042 seconds
[2023-10-10T01:20:20.658+0000] {processor.py:157} INFO - Started process (PID=1130) to work on /home/airflow/.local/lib/python3.8/site-packages/airflow/example_dags/example_branch_python_dop_operator_3.py
[2023-10-10T01:20:20.659+0000] {processor.py:829} INFO - Processing file /home/airflow/.local/lib/python3.8/site-packages/airflow/example_dags/example_branch_python_dop_operator_3.py for tasks to queue
[2023-10-10T01:20:20.659+0000] {logging_mixin.py:151} INFO - [2023-10-10T01:20:20.659+0000] {dagbag.py:539} INFO - Filling up the DagBag from /home/airflow/.local/lib/python3.8/site-packages/airflow/example_dags/example_branch_python_dop_operator_3.py
[2023-10-10T01:20:20.665+0000] {processor.py:839} INFO - DAG(s) dict_keys(['example_branch_dop_operator_v3']) retrieved from /home/airflow/.local/lib/python3.8/site-packages/airflow/example_dags/example_branch_python_dop_operator_3.py
[2023-10-10T01:20:20.679+0000] {logging_mixin.py:151} INFO - [2023-10-10T01:20:20.679+0000] {dag.py:2915} INFO - Sync 1 DAGs
[2023-10-10T01:20:20.690+0000] {logging_mixin.py:151} INFO - [2023-10-10T01:20:20.690+0000] {dag.py:3696} INFO - Setting next_dagrun for example_branch_dop_operator_v3 to 2023-10-10T01:19:00+00:00, run_after=2023-10-10T01:20:00+00:00
[2023-10-10T01:20:20.697+0000] {processor.py:179} INFO - Processing /home/airflow/.local/lib/python3.8/site-packages/airflow/example_dags/example_branch_python_dop_operator_3.py took 0.041 seconds
[2023-10-10T01:20:50.897+0000] {processor.py:157} INFO - Started process (PID=1368) to work on /home/airflow/.local/lib/python3.8/site-packages/airflow/example_dags/example_branch_python_dop_operator_3.py
[2023-10-10T01:20:50.897+0000] {processor.py:829} INFO - Processing file /home/airflow/.local/lib/python3.8/site-packages/airflow/example_dags/example_branch_python_dop_operator_3.py for tasks to queue
[2023-10-10T01:20:50.898+0000] {logging_mixin.py:151} INFO - [2023-10-10T01:20:50.898+0000] {dagbag.py:539} INFO - Filling up the DagBag from /home/airflow/.local/lib/python3.8/site-packages/airflow/example_dags/example_branch_python_dop_operator_3.py
[2023-10-10T01:20:50.902+0000] {processor.py:839} INFO - DAG(s) dict_keys(['example_branch_dop_operator_v3']) retrieved from /home/airflow/.local/lib/python3.8/site-packages/airflow/example_dags/example_branch_python_dop_operator_3.py
[2023-10-10T01:20:50.915+0000] {logging_mixin.py:151} INFO - [2023-10-10T01:20:50.914+0000] {dag.py:2915} INFO - Sync 1 DAGs
[2023-10-10T01:20:50.927+0000] {logging_mixin.py:151} INFO - [2023-10-10T01:20:50.927+0000] {dag.py:3696} INFO - Setting next_dagrun for example_branch_dop_operator_v3 to 2023-10-10T01:19:00+00:00, run_after=2023-10-10T01:20:00+00:00
[2023-10-10T01:20:50.934+0000] {processor.py:179} INFO - Processing /home/airflow/.local/lib/python3.8/site-packages/airflow/example_dags/example_branch_python_dop_operator_3.py took 0.040 seconds
[2023-10-10T01:21:21.137+0000] {processor.py:157} INFO - Started process (PID=1608) to work on /home/airflow/.local/lib/python3.8/site-packages/airflow/example_dags/example_branch_python_dop_operator_3.py
[2023-10-10T01:21:21.137+0000] {processor.py:829} INFO - Processing file /home/airflow/.local/lib/python3.8/site-packages/airflow/example_dags/example_branch_python_dop_operator_3.py for tasks to queue
[2023-10-10T01:21:21.138+0000] {logging_mixin.py:151} INFO - [2023-10-10T01:21:21.137+0000] {dagbag.py:539} INFO - Filling up the DagBag from /home/airflow/.local/lib/python3.8/site-packages/airflow/example_dags/example_branch_python_dop_operator_3.py
[2023-10-10T01:21:21.143+0000] {processor.py:839} INFO - DAG(s) dict_keys(['example_branch_dop_operator_v3']) retrieved from /home/airflow/.local/lib/python3.8/site-packages/airflow/example_dags/example_branch_python_dop_operator_3.py
[2023-10-10T01:21:21.155+0000] {logging_mixin.py:151} INFO - [2023-10-10T01:21:21.155+0000] {dag.py:2915} INFO - Sync 1 DAGs
[2023-10-10T01:21:21.165+0000] {logging_mixin.py:151} INFO - [2023-10-10T01:21:21.165+0000] {dag.py:3696} INFO - Setting next_dagrun for example_branch_dop_operator_v3 to 2023-10-10T01:20:00+00:00, run_after=2023-10-10T01:21:00+00:00
[2023-10-10T01:21:21.173+0000] {processor.py:179} INFO - Processing /home/airflow/.local/lib/python3.8/site-packages/airflow/example_dags/example_branch_python_dop_operator_3.py took 0.038 seconds
[2023-10-10T01:21:51.364+0000] {processor.py:157} INFO - Started process (PID=1846) to work on /home/airflow/.local/lib/python3.8/site-packages/airflow/example_dags/example_branch_python_dop_operator_3.py
[2023-10-10T01:21:51.365+0000] {processor.py:829} INFO - Processing file /home/airflow/.local/lib/python3.8/site-packages/airflow/example_dags/example_branch_python_dop_operator_3.py for tasks to queue
[2023-10-10T01:21:51.365+0000] {logging_mixin.py:151} INFO - [2023-10-10T01:21:51.365+0000] {dagbag.py:539} INFO - Filling up the DagBag from /home/airflow/.local/lib/python3.8/site-packages/airflow/example_dags/example_branch_python_dop_operator_3.py
[2023-10-10T01:21:51.370+0000] {processor.py:839} INFO - DAG(s) dict_keys(['example_branch_dop_operator_v3']) retrieved from /home/airflow/.local/lib/python3.8/site-packages/airflow/example_dags/example_branch_python_dop_operator_3.py
[2023-10-10T01:21:51.383+0000] {logging_mixin.py:151} INFO - [2023-10-10T01:21:51.383+0000] {dag.py:2915} INFO - Sync 1 DAGs
[2023-10-10T01:21:51.393+0000] {logging_mixin.py:151} INFO - [2023-10-10T01:21:51.393+0000] {dag.py:3696} INFO - Setting next_dagrun for example_branch_dop_operator_v3 to 2023-10-10T01:20:00+00:00, run_after=2023-10-10T01:21:00+00:00
[2023-10-10T01:21:51.400+0000] {processor.py:179} INFO - Processing /home/airflow/.local/lib/python3.8/site-packages/airflow/example_dags/example_branch_python_dop_operator_3.py took 0.038 seconds
[2023-10-10T01:22:21.575+0000] {processor.py:157} INFO - Started process (PID=2082) to work on /home/airflow/.local/lib/python3.8/site-packages/airflow/example_dags/example_branch_python_dop_operator_3.py
[2023-10-10T01:22:21.576+0000] {processor.py:829} INFO - Processing file /home/airflow/.local/lib/python3.8/site-packages/airflow/example_dags/example_branch_python_dop_operator_3.py for tasks to queue
[2023-10-10T01:22:21.576+0000] {logging_mixin.py:151} INFO - [2023-10-10T01:22:21.576+0000] {dagbag.py:539} INFO - Filling up the DagBag from /home/airflow/.local/lib/python3.8/site-packages/airflow/example_dags/example_branch_python_dop_operator_3.py
[2023-10-10T01:22:21.581+0000] {processor.py:839} INFO - DAG(s) dict_keys(['example_branch_dop_operator_v3']) retrieved from /home/airflow/.local/lib/python3.8/site-packages/airflow/example_dags/example_branch_python_dop_operator_3.py
[2023-10-10T01:22:21.597+0000] {logging_mixin.py:151} INFO - [2023-10-10T01:22:21.597+0000] {dag.py:2915} INFO - Sync 1 DAGs
[2023-10-10T01:22:21.609+0000] {logging_mixin.py:151} INFO - [2023-10-10T01:22:21.609+0000] {dag.py:3696} INFO - Setting next_dagrun for example_branch_dop_operator_v3 to 2023-10-10T01:21:00+00:00, run_after=2023-10-10T01:22:00+00:00
[2023-10-10T01:22:21.618+0000] {processor.py:179} INFO - Processing /home/airflow/.local/lib/python3.8/site-packages/airflow/example_dags/example_branch_python_dop_operator_3.py took 0.044 seconds
[2023-10-10T01:22:51.783+0000] {processor.py:157} INFO - Started process (PID=2323) to work on /home/airflow/.local/lib/python3.8/site-packages/airflow/example_dags/example_branch_python_dop_operator_3.py
[2023-10-10T01:22:51.784+0000] {processor.py:829} INFO - Processing file /home/airflow/.local/lib/python3.8/site-packages/airflow/example_dags/example_branch_python_dop_operator_3.py for tasks to queue
[2023-10-10T01:22:51.784+0000] {logging_mixin.py:151} INFO - [2023-10-10T01:22:51.784+0000] {dagbag.py:539} INFO - Filling up the DagBag from /home/airflow/.local/lib/python3.8/site-packages/airflow/example_dags/example_branch_python_dop_operator_3.py
[2023-10-10T01:22:51.790+0000] {processor.py:839} INFO - DAG(s) dict_keys(['example_branch_dop_operator_v3']) retrieved from /home/airflow/.local/lib/python3.8/site-packages/airflow/example_dags/example_branch_python_dop_operator_3.py
[2023-10-10T01:22:51.802+0000] {logging_mixin.py:151} INFO - [2023-10-10T01:22:51.802+0000] {dag.py:2915} INFO - Sync 1 DAGs
[2023-10-10T01:22:51.813+0000] {logging_mixin.py:151} INFO - [2023-10-10T01:22:51.813+0000] {dag.py:3696} INFO - Setting next_dagrun for example_branch_dop_operator_v3 to 2023-10-10T01:21:00+00:00, run_after=2023-10-10T01:22:00+00:00
[2023-10-10T01:22:51.823+0000] {processor.py:179} INFO - Processing /home/airflow/.local/lib/python3.8/site-packages/airflow/example_dags/example_branch_python_dop_operator_3.py took 0.042 seconds
[2023-10-10T01:23:22.081+0000] {processor.py:157} INFO - Started process (PID=2559) to work on /home/airflow/.local/lib/python3.8/site-packages/airflow/example_dags/example_branch_python_dop_operator_3.py
[2023-10-10T01:23:22.082+0000] {processor.py:829} INFO - Processing file /home/airflow/.local/lib/python3.8/site-packages/airflow/example_dags/example_branch_python_dop_operator_3.py for tasks to queue
[2023-10-10T01:23:22.082+0000] {logging_mixin.py:151} INFO - [2023-10-10T01:23:22.082+0000] {dagbag.py:539} INFO - Filling up the DagBag from /home/airflow/.local/lib/python3.8/site-packages/airflow/example_dags/example_branch_python_dop_operator_3.py
[2023-10-10T01:23:22.087+0000] {processor.py:839} INFO - DAG(s) dict_keys(['example_branch_dop_operator_v3']) retrieved from /home/airflow/.local/lib/python3.8/site-packages/airflow/example_dags/example_branch_python_dop_operator_3.py
[2023-10-10T01:23:22.100+0000] {logging_mixin.py:151} INFO - [2023-10-10T01:23:22.100+0000] {dag.py:2915} INFO - Sync 1 DAGs
[2023-10-10T01:23:22.112+0000] {logging_mixin.py:151} INFO - [2023-10-10T01:23:22.112+0000] {dag.py:3696} INFO - Setting next_dagrun for example_branch_dop_operator_v3 to 2023-10-10T01:22:00+00:00, run_after=2023-10-10T01:23:00+00:00
[2023-10-10T01:23:22.120+0000] {processor.py:179} INFO - Processing /home/airflow/.local/lib/python3.8/site-packages/airflow/example_dags/example_branch_python_dop_operator_3.py took 0.041 seconds
[2023-10-10T01:23:52.451+0000] {processor.py:157} INFO - Started process (PID=2798) to work on /home/airflow/.local/lib/python3.8/site-packages/airflow/example_dags/example_branch_python_dop_operator_3.py
[2023-10-10T01:23:52.452+0000] {processor.py:829} INFO - Processing file /home/airflow/.local/lib/python3.8/site-packages/airflow/example_dags/example_branch_python_dop_operator_3.py for tasks to queue
[2023-10-10T01:23:52.452+0000] {logging_mixin.py:151} INFO - [2023-10-10T01:23:52.452+0000] {dagbag.py:539} INFO - Filling up the DagBag from /home/airflow/.local/lib/python3.8/site-packages/airflow/example_dags/example_branch_python_dop_operator_3.py
[2023-10-10T01:23:52.459+0000] {processor.py:839} INFO - DAG(s) dict_keys(['example_branch_dop_operator_v3']) retrieved from /home/airflow/.local/lib/python3.8/site-packages/airflow/example_dags/example_branch_python_dop_operator_3.py
[2023-10-10T01:23:52.475+0000] {logging_mixin.py:151} INFO - [2023-10-10T01:23:52.475+0000] {dag.py:2915} INFO - Sync 1 DAGs
[2023-10-10T01:23:52.488+0000] {logging_mixin.py:151} INFO - [2023-10-10T01:23:52.488+0000] {dag.py:3696} INFO - Setting next_dagrun for example_branch_dop_operator_v3 to 2023-10-10T01:22:00+00:00, run_after=2023-10-10T01:23:00+00:00
[2023-10-10T01:23:52.498+0000] {processor.py:179} INFO - Processing /home/airflow/.local/lib/python3.8/site-packages/airflow/example_dags/example_branch_python_dop_operator_3.py took 0.049 seconds
[2023-10-10T01:24:22.707+0000] {processor.py:157} INFO - Started process (PID=3039) to work on /home/airflow/.local/lib/python3.8/site-packages/airflow/example_dags/example_branch_python_dop_operator_3.py
[2023-10-10T01:24:22.709+0000] {processor.py:829} INFO - Processing file /home/airflow/.local/lib/python3.8/site-packages/airflow/example_dags/example_branch_python_dop_operator_3.py for tasks to queue
[2023-10-10T01:24:22.710+0000] {logging_mixin.py:151} INFO - [2023-10-10T01:24:22.710+0000] {dagbag.py:539} INFO - Filling up the DagBag from /home/airflow/.local/lib/python3.8/site-packages/airflow/example_dags/example_branch_python_dop_operator_3.py
[2023-10-10T01:24:22.716+0000] {processor.py:839} INFO - DAG(s) dict_keys(['example_branch_dop_operator_v3']) retrieved from /home/airflow/.local/lib/python3.8/site-packages/airflow/example_dags/example_branch_python_dop_operator_3.py
[2023-10-10T01:24:22.729+0000] {logging_mixin.py:151} INFO - [2023-10-10T01:24:22.728+0000] {dag.py:2915} INFO - Sync 1 DAGs
[2023-10-10T01:24:22.741+0000] {logging_mixin.py:151} INFO - [2023-10-10T01:24:22.741+0000] {dag.py:3696} INFO - Setting next_dagrun for example_branch_dop_operator_v3 to 2023-10-10T01:23:00+00:00, run_after=2023-10-10T01:24:00+00:00
[2023-10-10T01:24:22.749+0000] {processor.py:179} INFO - Processing /home/airflow/.local/lib/python3.8/site-packages/airflow/example_dags/example_branch_python_dop_operator_3.py took 0.044 seconds
[2023-10-10T01:24:52.961+0000] {processor.py:157} INFO - Started process (PID=3276) to work on /home/airflow/.local/lib/python3.8/site-packages/airflow/example_dags/example_branch_python_dop_operator_3.py
[2023-10-10T01:24:52.961+0000] {processor.py:829} INFO - Processing file /home/airflow/.local/lib/python3.8/site-packages/airflow/example_dags/example_branch_python_dop_operator_3.py for tasks to queue
[2023-10-10T01:24:52.962+0000] {logging_mixin.py:151} INFO - [2023-10-10T01:24:52.962+0000] {dagbag.py:539} INFO - Filling up the DagBag from /home/airflow/.local/lib/python3.8/site-packages/airflow/example_dags/example_branch_python_dop_operator_3.py
[2023-10-10T01:24:52.967+0000] {processor.py:839} INFO - DAG(s) dict_keys(['example_branch_dop_operator_v3']) retrieved from /home/airflow/.local/lib/python3.8/site-packages/airflow/example_dags/example_branch_python_dop_operator_3.py
[2023-10-10T01:24:52.981+0000] {logging_mixin.py:151} INFO - [2023-10-10T01:24:52.981+0000] {dag.py:2915} INFO - Sync 1 DAGs
[2023-10-10T01:24:52.993+0000] {logging_mixin.py:151} INFO - [2023-10-10T01:24:52.993+0000] {dag.py:3696} INFO - Setting next_dagrun for example_branch_dop_operator_v3 to 2023-10-10T01:23:00+00:00, run_after=2023-10-10T01:24:00+00:00
[2023-10-10T01:24:53.000+0000] {processor.py:179} INFO - Processing /home/airflow/.local/lib/python3.8/site-packages/airflow/example_dags/example_branch_python_dop_operator_3.py took 0.042 seconds
[2023-10-10T01:25:23.232+0000] {processor.py:157} INFO - Started process (PID=3515) to work on /home/airflow/.local/lib/python3.8/site-packages/airflow/example_dags/example_branch_python_dop_operator_3.py
[2023-10-10T01:25:23.232+0000] {processor.py:829} INFO - Processing file /home/airflow/.local/lib/python3.8/site-packages/airflow/example_dags/example_branch_python_dop_operator_3.py for tasks to queue
[2023-10-10T01:25:23.233+0000] {logging_mixin.py:151} INFO - [2023-10-10T01:25:23.233+0000] {dagbag.py:539} INFO - Filling up the DagBag from /home/airflow/.local/lib/python3.8/site-packages/airflow/example_dags/example_branch_python_dop_operator_3.py
[2023-10-10T01:25:23.238+0000] {processor.py:839} INFO - DAG(s) dict_keys(['example_branch_dop_operator_v3']) retrieved from /home/airflow/.local/lib/python3.8/site-packages/airflow/example_dags/example_branch_python_dop_operator_3.py
[2023-10-10T01:25:23.249+0000] {logging_mixin.py:151} INFO - [2023-10-10T01:25:23.249+0000] {dag.py:2915} INFO - Sync 1 DAGs
[2023-10-10T01:25:23.261+0000] {logging_mixin.py:151} INFO - [2023-10-10T01:25:23.261+0000] {dag.py:3696} INFO - Setting next_dagrun for example_branch_dop_operator_v3 to 2023-10-10T01:24:00+00:00, run_after=2023-10-10T01:25:00+00:00
[2023-10-10T01:25:23.268+0000] {processor.py:179} INFO - Processing /home/airflow/.local/lib/python3.8/site-packages/airflow/example_dags/example_branch_python_dop_operator_3.py took 0.038 seconds
[2023-10-10T01:25:53.514+0000] {processor.py:157} INFO - Started process (PID=3753) to work on /home/airflow/.local/lib/python3.8/site-packages/airflow/example_dags/example_branch_python_dop_operator_3.py
[2023-10-10T01:25:53.517+0000] {processor.py:829} INFO - Processing file /home/airflow/.local/lib/python3.8/site-packages/airflow/example_dags/example_branch_python_dop_operator_3.py for tasks to queue
[2023-10-10T01:25:53.518+0000] {logging_mixin.py:151} INFO - [2023-10-10T01:25:53.518+0000] {dagbag.py:539} INFO - Filling up the DagBag from /home/airflow/.local/lib/python3.8/site-packages/airflow/example_dags/example_branch_python_dop_operator_3.py
[2023-10-10T01:25:53.523+0000] {processor.py:839} INFO - DAG(s) dict_keys(['example_branch_dop_operator_v3']) retrieved from /home/airflow/.local/lib/python3.8/site-packages/airflow/example_dags/example_branch_python_dop_operator_3.py
[2023-10-10T01:25:53.536+0000] {logging_mixin.py:151} INFO - [2023-10-10T01:25:53.536+0000] {dag.py:2915} INFO - Sync 1 DAGs
[2023-10-10T01:25:53.548+0000] {logging_mixin.py:151} INFO - [2023-10-10T01:25:53.548+0000] {dag.py:3696} INFO - Setting next_dagrun for example_branch_dop_operator_v3 to 2023-10-10T01:24:00+00:00, run_after=2023-10-10T01:25:00+00:00
[2023-10-10T01:25:53.556+0000] {processor.py:179} INFO - Processing /home/airflow/.local/lib/python3.8/site-packages/airflow/example_dags/example_branch_python_dop_operator_3.py took 0.044 seconds
[2023-10-10T01:26:23.756+0000] {processor.py:157} INFO - Started process (PID=3992) to work on /home/airflow/.local/lib/python3.8/site-packages/airflow/example_dags/example_branch_python_dop_operator_3.py
[2023-10-10T01:26:23.757+0000] {processor.py:829} INFO - Processing file /home/airflow/.local/lib/python3.8/site-packages/airflow/example_dags/example_branch_python_dop_operator_3.py for tasks to queue
[2023-10-10T01:26:23.757+0000] {logging_mixin.py:151} INFO - [2023-10-10T01:26:23.757+0000] {dagbag.py:539} INFO - Filling up the DagBag from /home/airflow/.local/lib/python3.8/site-packages/airflow/example_dags/example_branch_python_dop_operator_3.py
[2023-10-10T01:26:23.762+0000] {processor.py:839} INFO - DAG(s) dict_keys(['example_branch_dop_operator_v3']) retrieved from /home/airflow/.local/lib/python3.8/site-packages/airflow/example_dags/example_branch_python_dop_operator_3.py
[2023-10-10T01:26:23.775+0000] {logging_mixin.py:151} INFO - [2023-10-10T01:26:23.775+0000] {dag.py:2915} INFO - Sync 1 DAGs
[2023-10-10T01:26:23.786+0000] {logging_mixin.py:151} INFO - [2023-10-10T01:26:23.786+0000] {dag.py:3696} INFO - Setting next_dagrun for example_branch_dop_operator_v3 to 2023-10-10T01:25:00+00:00, run_after=2023-10-10T01:26:00+00:00
[2023-10-10T01:26:23.793+0000] {processor.py:179} INFO - Processing /home/airflow/.local/lib/python3.8/site-packages/airflow/example_dags/example_branch_python_dop_operator_3.py took 0.039 seconds
[2023-10-10T01:26:53.937+0000] {processor.py:157} INFO - Started process (PID=4230) to work on /home/airflow/.local/lib/python3.8/site-packages/airflow/example_dags/example_branch_python_dop_operator_3.py
[2023-10-10T01:26:53.937+0000] {processor.py:829} INFO - Processing file /home/airflow/.local/lib/python3.8/site-packages/airflow/example_dags/example_branch_python_dop_operator_3.py for tasks to queue
[2023-10-10T01:26:53.938+0000] {logging_mixin.py:151} INFO - [2023-10-10T01:26:53.938+0000] {dagbag.py:539} INFO - Filling up the DagBag from /home/airflow/.local/lib/python3.8/site-packages/airflow/example_dags/example_branch_python_dop_operator_3.py
[2023-10-10T01:26:53.943+0000] {processor.py:839} INFO - DAG(s) dict_keys(['example_branch_dop_operator_v3']) retrieved from /home/airflow/.local/lib/python3.8/site-packages/airflow/example_dags/example_branch_python_dop_operator_3.py
[2023-10-10T01:26:53.958+0000] {logging_mixin.py:151} INFO - [2023-10-10T01:26:53.958+0000] {dag.py:2915} INFO - Sync 1 DAGs
[2023-10-10T01:26:53.972+0000] {logging_mixin.py:151} INFO - [2023-10-10T01:26:53.972+0000] {dag.py:3696} INFO - Setting next_dagrun for example_branch_dop_operator_v3 to 2023-10-10T01:25:00+00:00, run_after=2023-10-10T01:26:00+00:00
[2023-10-10T01:26:53.984+0000] {processor.py:179} INFO - Processing /home/airflow/.local/lib/python3.8/site-packages/airflow/example_dags/example_branch_python_dop_operator_3.py took 0.049 seconds
[2023-10-10T01:27:24.181+0000] {processor.py:157} INFO - Started process (PID=4468) to work on /home/airflow/.local/lib/python3.8/site-packages/airflow/example_dags/example_branch_python_dop_operator_3.py
[2023-10-10T01:27:24.182+0000] {processor.py:829} INFO - Processing file /home/airflow/.local/lib/python3.8/site-packages/airflow/example_dags/example_branch_python_dop_operator_3.py for tasks to queue
[2023-10-10T01:27:24.183+0000] {logging_mixin.py:151} INFO - [2023-10-10T01:27:24.182+0000] {dagbag.py:539} INFO - Filling up the DagBag from /home/airflow/.local/lib/python3.8/site-packages/airflow/example_dags/example_branch_python_dop_operator_3.py
[2023-10-10T01:27:24.187+0000] {processor.py:839} INFO - DAG(s) dict_keys(['example_branch_dop_operator_v3']) retrieved from /home/airflow/.local/lib/python3.8/site-packages/airflow/example_dags/example_branch_python_dop_operator_3.py
[2023-10-10T01:27:24.199+0000] {logging_mixin.py:151} INFO - [2023-10-10T01:27:24.199+0000] {dag.py:2915} INFO - Sync 1 DAGs
[2023-10-10T01:27:24.211+0000] {logging_mixin.py:151} INFO - [2023-10-10T01:27:24.211+0000] {dag.py:3696} INFO - Setting next_dagrun for example_branch_dop_operator_v3 to 2023-10-10T01:26:00+00:00, run_after=2023-10-10T01:27:00+00:00
[2023-10-10T01:27:24.219+0000] {processor.py:179} INFO - Processing /home/airflow/.local/lib/python3.8/site-packages/airflow/example_dags/example_branch_python_dop_operator_3.py took 0.040 seconds
[2023-10-10T01:27:54.417+0000] {processor.py:157} INFO - Started process (PID=4706) to work on /home/airflow/.local/lib/python3.8/site-packages/airflow/example_dags/example_branch_python_dop_operator_3.py
[2023-10-10T01:27:54.418+0000] {processor.py:829} INFO - Processing file /home/airflow/.local/lib/python3.8/site-packages/airflow/example_dags/example_branch_python_dop_operator_3.py for tasks to queue
[2023-10-10T01:27:54.418+0000] {logging_mixin.py:151} INFO - [2023-10-10T01:27:54.418+0000] {dagbag.py:539} INFO - Filling up the DagBag from /home/airflow/.local/lib/python3.8/site-packages/airflow/example_dags/example_branch_python_dop_operator_3.py
[2023-10-10T01:27:54.423+0000] {processor.py:839} INFO - DAG(s) dict_keys(['example_branch_dop_operator_v3']) retrieved from /home/airflow/.local/lib/python3.8/site-packages/airflow/example_dags/example_branch_python_dop_operator_3.py
[2023-10-10T01:27:54.435+0000] {logging_mixin.py:151} INFO - [2023-10-10T01:27:54.434+0000] {dag.py:2915} INFO - Sync 1 DAGs
[2023-10-10T01:27:54.446+0000] {logging_mixin.py:151} INFO - [2023-10-10T01:27:54.446+0000] {dag.py:3696} INFO - Setting next_dagrun for example_branch_dop_operator_v3 to 2023-10-10T01:26:00+00:00, run_after=2023-10-10T01:27:00+00:00
[2023-10-10T01:27:54.453+0000] {processor.py:179} INFO - Processing /home/airflow/.local/lib/python3.8/site-packages/airflow/example_dags/example_branch_python_dop_operator_3.py took 0.038 seconds
[2023-10-10T01:28:24.789+0000] {processor.py:157} INFO - Started process (PID=4944) to work on /home/airflow/.local/lib/python3.8/site-packages/airflow/example_dags/example_branch_python_dop_operator_3.py
[2023-10-10T01:28:24.790+0000] {processor.py:829} INFO - Processing file /home/airflow/.local/lib/python3.8/site-packages/airflow/example_dags/example_branch_python_dop_operator_3.py for tasks to queue
[2023-10-10T01:28:24.790+0000] {logging_mixin.py:151} INFO - [2023-10-10T01:28:24.790+0000] {dagbag.py:539} INFO - Filling up the DagBag from /home/airflow/.local/lib/python3.8/site-packages/airflow/example_dags/example_branch_python_dop_operator_3.py
[2023-10-10T01:28:24.795+0000] {processor.py:839} INFO - DAG(s) dict_keys(['example_branch_dop_operator_v3']) retrieved from /home/airflow/.local/lib/python3.8/site-packages/airflow/example_dags/example_branch_python_dop_operator_3.py
[2023-10-10T01:28:24.807+0000] {logging_mixin.py:151} INFO - [2023-10-10T01:28:24.807+0000] {dag.py:2915} INFO - Sync 1 DAGs
[2023-10-10T01:28:24.820+0000] {logging_mixin.py:151} INFO - [2023-10-10T01:28:24.819+0000] {dag.py:3696} INFO - Setting next_dagrun for example_branch_dop_operator_v3 to 2023-10-10T01:27:00+00:00, run_after=2023-10-10T01:28:00+00:00
[2023-10-10T01:28:24.828+0000] {processor.py:179} INFO - Processing /home/airflow/.local/lib/python3.8/site-packages/airflow/example_dags/example_branch_python_dop_operator_3.py took 0.041 seconds
[2023-10-10T01:28:55.083+0000] {processor.py:157} INFO - Started process (PID=5182) to work on /home/airflow/.local/lib/python3.8/site-packages/airflow/example_dags/example_branch_python_dop_operator_3.py
[2023-10-10T01:28:55.084+0000] {processor.py:829} INFO - Processing file /home/airflow/.local/lib/python3.8/site-packages/airflow/example_dags/example_branch_python_dop_operator_3.py for tasks to queue
[2023-10-10T01:28:55.084+0000] {logging_mixin.py:151} INFO - [2023-10-10T01:28:55.084+0000] {dagbag.py:539} INFO - Filling up the DagBag from /home/airflow/.local/lib/python3.8/site-packages/airflow/example_dags/example_branch_python_dop_operator_3.py
[2023-10-10T01:28:55.089+0000] {processor.py:839} INFO - DAG(s) dict_keys(['example_branch_dop_operator_v3']) retrieved from /home/airflow/.local/lib/python3.8/site-packages/airflow/example_dags/example_branch_python_dop_operator_3.py
[2023-10-10T01:28:55.101+0000] {logging_mixin.py:151} INFO - [2023-10-10T01:28:55.101+0000] {dag.py:2915} INFO - Sync 1 DAGs
[2023-10-10T01:28:55.116+0000] {logging_mixin.py:151} INFO - [2023-10-10T01:28:55.116+0000] {dag.py:3696} INFO - Setting next_dagrun for example_branch_dop_operator_v3 to 2023-10-10T01:27:00+00:00, run_after=2023-10-10T01:28:00+00:00
[2023-10-10T01:28:55.124+0000] {processor.py:179} INFO - Processing /home/airflow/.local/lib/python3.8/site-packages/airflow/example_dags/example_branch_python_dop_operator_3.py took 0.043 seconds
[2023-10-10T01:29:25.336+0000] {processor.py:157} INFO - Started process (PID=5421) to work on /home/airflow/.local/lib/python3.8/site-packages/airflow/example_dags/example_branch_python_dop_operator_3.py
[2023-10-10T01:29:25.337+0000] {processor.py:829} INFO - Processing file /home/airflow/.local/lib/python3.8/site-packages/airflow/example_dags/example_branch_python_dop_operator_3.py for tasks to queue
[2023-10-10T01:29:25.338+0000] {logging_mixin.py:151} INFO - [2023-10-10T01:29:25.338+0000] {dagbag.py:539} INFO - Filling up the DagBag from /home/airflow/.local/lib/python3.8/site-packages/airflow/example_dags/example_branch_python_dop_operator_3.py
[2023-10-10T01:29:25.343+0000] {processor.py:839} INFO - DAG(s) dict_keys(['example_branch_dop_operator_v3']) retrieved from /home/airflow/.local/lib/python3.8/site-packages/airflow/example_dags/example_branch_python_dop_operator_3.py
[2023-10-10T01:29:25.356+0000] {logging_mixin.py:151} INFO - [2023-10-10T01:29:25.356+0000] {dag.py:2915} INFO - Sync 1 DAGs
[2023-10-10T01:29:25.368+0000] {logging_mixin.py:151} INFO - [2023-10-10T01:29:25.368+0000] {dag.py:3696} INFO - Setting next_dagrun for example_branch_dop_operator_v3 to 2023-10-10T01:28:00+00:00, run_after=2023-10-10T01:29:00+00:00
[2023-10-10T01:29:25.375+0000] {processor.py:179} INFO - Processing /home/airflow/.local/lib/python3.8/site-packages/airflow/example_dags/example_branch_python_dop_operator_3.py took 0.041 seconds
[2023-10-10T01:29:55.570+0000] {processor.py:157} INFO - Started process (PID=5658) to work on /home/airflow/.local/lib/python3.8/site-packages/airflow/example_dags/example_branch_python_dop_operator_3.py
[2023-10-10T01:29:55.571+0000] {processor.py:829} INFO - Processing file /home/airflow/.local/lib/python3.8/site-packages/airflow/example_dags/example_branch_python_dop_operator_3.py for tasks to queue
[2023-10-10T01:29:55.572+0000] {logging_mixin.py:151} INFO - [2023-10-10T01:29:55.571+0000] {dagbag.py:539} INFO - Filling up the DagBag from /home/airflow/.local/lib/python3.8/site-packages/airflow/example_dags/example_branch_python_dop_operator_3.py
[2023-10-10T01:29:55.576+0000] {processor.py:839} INFO - DAG(s) dict_keys(['example_branch_dop_operator_v3']) retrieved from /home/airflow/.local/lib/python3.8/site-packages/airflow/example_dags/example_branch_python_dop_operator_3.py
[2023-10-10T01:29:55.588+0000] {logging_mixin.py:151} INFO - [2023-10-10T01:29:55.588+0000] {dag.py:2915} INFO - Sync 1 DAGs
[2023-10-10T01:29:55.605+0000] {logging_mixin.py:151} INFO - [2023-10-10T01:29:55.605+0000] {dag.py:3696} INFO - Setting next_dagrun for example_branch_dop_operator_v3 to 2023-10-10T01:28:00+00:00, run_after=2023-10-10T01:29:00+00:00
[2023-10-10T01:29:55.613+0000] {processor.py:179} INFO - Processing /home/airflow/.local/lib/python3.8/site-packages/airflow/example_dags/example_branch_python_dop_operator_3.py took 0.045 seconds
[2023-10-10T01:30:25.811+0000] {processor.py:157} INFO - Started process (PID=5896) to work on /home/airflow/.local/lib/python3.8/site-packages/airflow/example_dags/example_branch_python_dop_operator_3.py
[2023-10-10T01:30:25.812+0000] {processor.py:829} INFO - Processing file /home/airflow/.local/lib/python3.8/site-packages/airflow/example_dags/example_branch_python_dop_operator_3.py for tasks to queue
[2023-10-10T01:30:25.813+0000] {logging_mixin.py:151} INFO - [2023-10-10T01:30:25.813+0000] {dagbag.py:539} INFO - Filling up the DagBag from /home/airflow/.local/lib/python3.8/site-packages/airflow/example_dags/example_branch_python_dop_operator_3.py
[2023-10-10T01:30:25.817+0000] {processor.py:839} INFO - DAG(s) dict_keys(['example_branch_dop_operator_v3']) retrieved from /home/airflow/.local/lib/python3.8/site-packages/airflow/example_dags/example_branch_python_dop_operator_3.py
[2023-10-10T01:30:25.830+0000] {logging_mixin.py:151} INFO - [2023-10-10T01:30:25.830+0000] {dag.py:2915} INFO - Sync 1 DAGs
[2023-10-10T01:30:25.844+0000] {logging_mixin.py:151} INFO - [2023-10-10T01:30:25.844+0000] {dag.py:3696} INFO - Setting next_dagrun for example_branch_dop_operator_v3 to 2023-10-10T01:29:00+00:00, run_after=2023-10-10T01:30:00+00:00
[2023-10-10T01:30:25.853+0000] {processor.py:179} INFO - Processing /home/airflow/.local/lib/python3.8/site-packages/airflow/example_dags/example_branch_python_dop_operator_3.py took 0.043 seconds
[2023-10-10T01:30:56.156+0000] {processor.py:157} INFO - Started process (PID=6135) to work on /home/airflow/.local/lib/python3.8/site-packages/airflow/example_dags/example_branch_python_dop_operator_3.py
[2023-10-10T01:30:56.157+0000] {processor.py:829} INFO - Processing file /home/airflow/.local/lib/python3.8/site-packages/airflow/example_dags/example_branch_python_dop_operator_3.py for tasks to queue
[2023-10-10T01:30:56.157+0000] {logging_mixin.py:151} INFO - [2023-10-10T01:30:56.157+0000] {dagbag.py:539} INFO - Filling up the DagBag from /home/airflow/.local/lib/python3.8/site-packages/airflow/example_dags/example_branch_python_dop_operator_3.py
[2023-10-10T01:30:56.162+0000] {processor.py:839} INFO - DAG(s) dict_keys(['example_branch_dop_operator_v3']) retrieved from /home/airflow/.local/lib/python3.8/site-packages/airflow/example_dags/example_branch_python_dop_operator_3.py
[2023-10-10T01:30:56.175+0000] {logging_mixin.py:151} INFO - [2023-10-10T01:30:56.175+0000] {dag.py:2915} INFO - Sync 1 DAGs
[2023-10-10T01:30:56.188+0000] {logging_mixin.py:151} INFO - [2023-10-10T01:30:56.188+0000] {dag.py:3696} INFO - Setting next_dagrun for example_branch_dop_operator_v3 to 2023-10-10T01:29:00+00:00, run_after=2023-10-10T01:30:00+00:00
[2023-10-10T01:30:56.200+0000] {processor.py:179} INFO - Processing /home/airflow/.local/lib/python3.8/site-packages/airflow/example_dags/example_branch_python_dop_operator_3.py took 0.047 seconds
