[2023-10-10T01:18:20.269+0000] {processor.py:157} INFO - Started process (PID=232) to work on /home/airflow/.local/lib/python3.8/site-packages/airflow/example_dags/example_task_group_decorator.py
[2023-10-10T01:18:20.270+0000] {processor.py:829} INFO - Processing file /home/airflow/.local/lib/python3.8/site-packages/airflow/example_dags/example_task_group_decorator.py for tasks to queue
[2023-10-10T01:18:20.271+0000] {logging_mixin.py:151} INFO - [2023-10-10T01:18:20.270+0000] {dagbag.py:539} INFO - Filling up the DagBag from /home/airflow/.local/lib/python3.8/site-packages/airflow/example_dags/example_task_group_decorator.py
[2023-10-10T01:18:20.280+0000] {processor.py:839} INFO - DAG(s) dict_keys(['example_task_group_decorator']) retrieved from /home/airflow/.local/lib/python3.8/site-packages/airflow/example_dags/example_task_group_decorator.py
[2023-10-10T01:18:20.289+0000] {logging_mixin.py:151} INFO - [2023-10-10T01:18:20.289+0000] {dag.py:2915} INFO - Sync 1 DAGs
[2023-10-10T01:18:20.306+0000] {logging_mixin.py:151} INFO - [2023-10-10T01:18:20.306+0000] {dag.py:3696} INFO - Setting next_dagrun for example_task_group_decorator to 2023-10-09T01:18:20.305911+00:00, run_after=2023-10-10T01:18:20.305911+00:00
[2023-10-10T01:18:20.409+0000] {processor.py:179} INFO - Processing /home/airflow/.local/lib/python3.8/site-packages/airflow/example_dags/example_task_group_decorator.py took 0.142 seconds
[2023-10-10T01:18:51.399+0000] {processor.py:157} INFO - Started process (PID=470) to work on /home/airflow/.local/lib/python3.8/site-packages/airflow/example_dags/example_task_group_decorator.py
[2023-10-10T01:18:51.399+0000] {processor.py:829} INFO - Processing file /home/airflow/.local/lib/python3.8/site-packages/airflow/example_dags/example_task_group_decorator.py for tasks to queue
[2023-10-10T01:18:51.400+0000] {logging_mixin.py:151} INFO - [2023-10-10T01:18:51.400+0000] {dagbag.py:539} INFO - Filling up the DagBag from /home/airflow/.local/lib/python3.8/site-packages/airflow/example_dags/example_task_group_decorator.py
[2023-10-10T01:18:51.412+0000] {processor.py:839} INFO - DAG(s) dict_keys(['example_task_group_decorator']) retrieved from /home/airflow/.local/lib/python3.8/site-packages/airflow/example_dags/example_task_group_decorator.py
[2023-10-10T01:18:51.429+0000] {logging_mixin.py:151} INFO - [2023-10-10T01:18:51.429+0000] {dag.py:2915} INFO - Sync 1 DAGs
[2023-10-10T01:18:51.441+0000] {logging_mixin.py:151} INFO - [2023-10-10T01:18:51.441+0000] {dag.py:3696} INFO - Setting next_dagrun for example_task_group_decorator to 2023-10-09T01:18:51.441200+00:00, run_after=2023-10-10T01:18:51.441200+00:00
[2023-10-10T01:18:51.452+0000] {processor.py:179} INFO - Processing /home/airflow/.local/lib/python3.8/site-packages/airflow/example_dags/example_task_group_decorator.py took 0.056 seconds
[2023-10-10T01:19:21.528+0000] {processor.py:157} INFO - Started process (PID=708) to work on /home/airflow/.local/lib/python3.8/site-packages/airflow/example_dags/example_task_group_decorator.py
[2023-10-10T01:19:21.529+0000] {processor.py:829} INFO - Processing file /home/airflow/.local/lib/python3.8/site-packages/airflow/example_dags/example_task_group_decorator.py for tasks to queue
[2023-10-10T01:19:21.529+0000] {logging_mixin.py:151} INFO - [2023-10-10T01:19:21.529+0000] {dagbag.py:539} INFO - Filling up the DagBag from /home/airflow/.local/lib/python3.8/site-packages/airflow/example_dags/example_task_group_decorator.py
[2023-10-10T01:19:21.538+0000] {processor.py:839} INFO - DAG(s) dict_keys(['example_task_group_decorator']) retrieved from /home/airflow/.local/lib/python3.8/site-packages/airflow/example_dags/example_task_group_decorator.py
[2023-10-10T01:19:21.556+0000] {logging_mixin.py:151} INFO - [2023-10-10T01:19:21.556+0000] {dag.py:2915} INFO - Sync 1 DAGs
[2023-10-10T01:19:21.567+0000] {logging_mixin.py:151} INFO - [2023-10-10T01:19:21.567+0000] {dag.py:3696} INFO - Setting next_dagrun for example_task_group_decorator to 2023-10-09T01:19:21.567148+00:00, run_after=2023-10-10T01:19:21.567148+00:00
[2023-10-10T01:19:21.575+0000] {processor.py:179} INFO - Processing /home/airflow/.local/lib/python3.8/site-packages/airflow/example_dags/example_task_group_decorator.py took 0.050 seconds
[2023-10-10T01:19:51.835+0000] {processor.py:157} INFO - Started process (PID=947) to work on /home/airflow/.local/lib/python3.8/site-packages/airflow/example_dags/example_task_group_decorator.py
[2023-10-10T01:19:51.836+0000] {processor.py:829} INFO - Processing file /home/airflow/.local/lib/python3.8/site-packages/airflow/example_dags/example_task_group_decorator.py for tasks to queue
[2023-10-10T01:19:51.837+0000] {logging_mixin.py:151} INFO - [2023-10-10T01:19:51.836+0000] {dagbag.py:539} INFO - Filling up the DagBag from /home/airflow/.local/lib/python3.8/site-packages/airflow/example_dags/example_task_group_decorator.py
[2023-10-10T01:19:51.845+0000] {processor.py:839} INFO - DAG(s) dict_keys(['example_task_group_decorator']) retrieved from /home/airflow/.local/lib/python3.8/site-packages/airflow/example_dags/example_task_group_decorator.py
[2023-10-10T01:19:51.859+0000] {logging_mixin.py:151} INFO - [2023-10-10T01:19:51.859+0000] {dag.py:2915} INFO - Sync 1 DAGs
[2023-10-10T01:19:51.871+0000] {logging_mixin.py:151} INFO - [2023-10-10T01:19:51.871+0000] {dag.py:3696} INFO - Setting next_dagrun for example_task_group_decorator to 2023-10-09T01:19:51.871355+00:00, run_after=2023-10-10T01:19:51.871355+00:00
[2023-10-10T01:19:51.881+0000] {processor.py:179} INFO - Processing /home/airflow/.local/lib/python3.8/site-packages/airflow/example_dags/example_task_group_decorator.py took 0.048 seconds
[2023-10-10T01:20:22.158+0000] {processor.py:157} INFO - Started process (PID=1185) to work on /home/airflow/.local/lib/python3.8/site-packages/airflow/example_dags/example_task_group_decorator.py
[2023-10-10T01:20:22.158+0000] {processor.py:829} INFO - Processing file /home/airflow/.local/lib/python3.8/site-packages/airflow/example_dags/example_task_group_decorator.py for tasks to queue
[2023-10-10T01:20:22.159+0000] {logging_mixin.py:151} INFO - [2023-10-10T01:20:22.159+0000] {dagbag.py:539} INFO - Filling up the DagBag from /home/airflow/.local/lib/python3.8/site-packages/airflow/example_dags/example_task_group_decorator.py
[2023-10-10T01:20:22.167+0000] {processor.py:839} INFO - DAG(s) dict_keys(['example_task_group_decorator']) retrieved from /home/airflow/.local/lib/python3.8/site-packages/airflow/example_dags/example_task_group_decorator.py
[2023-10-10T01:20:22.181+0000] {logging_mixin.py:151} INFO - [2023-10-10T01:20:22.181+0000] {dag.py:2915} INFO - Sync 1 DAGs
[2023-10-10T01:20:22.192+0000] {logging_mixin.py:151} INFO - [2023-10-10T01:20:22.192+0000] {dag.py:3696} INFO - Setting next_dagrun for example_task_group_decorator to 2023-10-09T01:20:22.192327+00:00, run_after=2023-10-10T01:20:22.192327+00:00
[2023-10-10T01:20:22.200+0000] {processor.py:179} INFO - Processing /home/airflow/.local/lib/python3.8/site-packages/airflow/example_dags/example_task_group_decorator.py took 0.044 seconds
[2023-10-10T01:20:52.336+0000] {processor.py:157} INFO - Started process (PID=1423) to work on /home/airflow/.local/lib/python3.8/site-packages/airflow/example_dags/example_task_group_decorator.py
[2023-10-10T01:20:52.338+0000] {processor.py:829} INFO - Processing file /home/airflow/.local/lib/python3.8/site-packages/airflow/example_dags/example_task_group_decorator.py for tasks to queue
[2023-10-10T01:20:52.338+0000] {logging_mixin.py:151} INFO - [2023-10-10T01:20:52.338+0000] {dagbag.py:539} INFO - Filling up the DagBag from /home/airflow/.local/lib/python3.8/site-packages/airflow/example_dags/example_task_group_decorator.py
[2023-10-10T01:20:52.350+0000] {processor.py:839} INFO - DAG(s) dict_keys(['example_task_group_decorator']) retrieved from /home/airflow/.local/lib/python3.8/site-packages/airflow/example_dags/example_task_group_decorator.py
[2023-10-10T01:20:52.376+0000] {logging_mixin.py:151} INFO - [2023-10-10T01:20:52.376+0000] {dag.py:2915} INFO - Sync 1 DAGs
[2023-10-10T01:20:52.390+0000] {logging_mixin.py:151} INFO - [2023-10-10T01:20:52.390+0000] {dag.py:3696} INFO - Setting next_dagrun for example_task_group_decorator to 2023-10-09T01:20:52.389849+00:00, run_after=2023-10-10T01:20:52.389849+00:00
[2023-10-10T01:20:52.398+0000] {processor.py:179} INFO - Processing /home/airflow/.local/lib/python3.8/site-packages/airflow/example_dags/example_task_group_decorator.py took 0.065 seconds
[2023-10-10T01:21:22.541+0000] {processor.py:157} INFO - Started process (PID=1661) to work on /home/airflow/.local/lib/python3.8/site-packages/airflow/example_dags/example_task_group_decorator.py
[2023-10-10T01:21:22.542+0000] {processor.py:829} INFO - Processing file /home/airflow/.local/lib/python3.8/site-packages/airflow/example_dags/example_task_group_decorator.py for tasks to queue
[2023-10-10T01:21:22.543+0000] {logging_mixin.py:151} INFO - [2023-10-10T01:21:22.542+0000] {dagbag.py:539} INFO - Filling up the DagBag from /home/airflow/.local/lib/python3.8/site-packages/airflow/example_dags/example_task_group_decorator.py
[2023-10-10T01:21:22.550+0000] {processor.py:839} INFO - DAG(s) dict_keys(['example_task_group_decorator']) retrieved from /home/airflow/.local/lib/python3.8/site-packages/airflow/example_dags/example_task_group_decorator.py
[2023-10-10T01:21:22.565+0000] {logging_mixin.py:151} INFO - [2023-10-10T01:21:22.565+0000] {dag.py:2915} INFO - Sync 1 DAGs
[2023-10-10T01:21:22.575+0000] {logging_mixin.py:151} INFO - [2023-10-10T01:21:22.575+0000] {dag.py:3696} INFO - Setting next_dagrun for example_task_group_decorator to 2023-10-09T01:21:22.575204+00:00, run_after=2023-10-10T01:21:22.575204+00:00
[2023-10-10T01:21:22.582+0000] {processor.py:179} INFO - Processing /home/airflow/.local/lib/python3.8/site-packages/airflow/example_dags/example_task_group_decorator.py took 0.043 seconds
[2023-10-10T01:21:52.744+0000] {processor.py:157} INFO - Started process (PID=1899) to work on /home/airflow/.local/lib/python3.8/site-packages/airflow/example_dags/example_task_group_decorator.py
[2023-10-10T01:21:52.745+0000] {processor.py:829} INFO - Processing file /home/airflow/.local/lib/python3.8/site-packages/airflow/example_dags/example_task_group_decorator.py for tasks to queue
[2023-10-10T01:21:52.746+0000] {logging_mixin.py:151} INFO - [2023-10-10T01:21:52.745+0000] {dagbag.py:539} INFO - Filling up the DagBag from /home/airflow/.local/lib/python3.8/site-packages/airflow/example_dags/example_task_group_decorator.py
[2023-10-10T01:21:52.754+0000] {processor.py:839} INFO - DAG(s) dict_keys(['example_task_group_decorator']) retrieved from /home/airflow/.local/lib/python3.8/site-packages/airflow/example_dags/example_task_group_decorator.py
[2023-10-10T01:21:52.770+0000] {logging_mixin.py:151} INFO - [2023-10-10T01:21:52.770+0000] {dag.py:2915} INFO - Sync 1 DAGs
[2023-10-10T01:21:52.783+0000] {logging_mixin.py:151} INFO - [2023-10-10T01:21:52.783+0000] {dag.py:3696} INFO - Setting next_dagrun for example_task_group_decorator to 2023-10-09T01:21:52.782937+00:00, run_after=2023-10-10T01:21:52.782937+00:00
[2023-10-10T01:21:52.791+0000] {processor.py:179} INFO - Processing /home/airflow/.local/lib/python3.8/site-packages/airflow/example_dags/example_task_group_decorator.py took 0.048 seconds
[2023-10-10T01:22:23.086+0000] {processor.py:157} INFO - Started process (PID=2137) to work on /home/airflow/.local/lib/python3.8/site-packages/airflow/example_dags/example_task_group_decorator.py
[2023-10-10T01:22:23.086+0000] {processor.py:829} INFO - Processing file /home/airflow/.local/lib/python3.8/site-packages/airflow/example_dags/example_task_group_decorator.py for tasks to queue
[2023-10-10T01:22:23.087+0000] {logging_mixin.py:151} INFO - [2023-10-10T01:22:23.087+0000] {dagbag.py:539} INFO - Filling up the DagBag from /home/airflow/.local/lib/python3.8/site-packages/airflow/example_dags/example_task_group_decorator.py
[2023-10-10T01:22:23.095+0000] {processor.py:839} INFO - DAG(s) dict_keys(['example_task_group_decorator']) retrieved from /home/airflow/.local/lib/python3.8/site-packages/airflow/example_dags/example_task_group_decorator.py
[2023-10-10T01:22:23.109+0000] {logging_mixin.py:151} INFO - [2023-10-10T01:22:23.109+0000] {dag.py:2915} INFO - Sync 1 DAGs
[2023-10-10T01:22:23.121+0000] {logging_mixin.py:151} INFO - [2023-10-10T01:22:23.121+0000] {dag.py:3696} INFO - Setting next_dagrun for example_task_group_decorator to 2023-10-09T01:22:23.121603+00:00, run_after=2023-10-10T01:22:23.121603+00:00
[2023-10-10T01:22:23.129+0000] {processor.py:179} INFO - Processing /home/airflow/.local/lib/python3.8/site-packages/airflow/example_dags/example_task_group_decorator.py took 0.046 seconds
[2023-10-10T01:22:53.159+0000] {processor.py:157} INFO - Started process (PID=2376) to work on /home/airflow/.local/lib/python3.8/site-packages/airflow/example_dags/example_task_group_decorator.py
[2023-10-10T01:22:53.160+0000] {processor.py:829} INFO - Processing file /home/airflow/.local/lib/python3.8/site-packages/airflow/example_dags/example_task_group_decorator.py for tasks to queue
[2023-10-10T01:22:53.160+0000] {logging_mixin.py:151} INFO - [2023-10-10T01:22:53.160+0000] {dagbag.py:539} INFO - Filling up the DagBag from /home/airflow/.local/lib/python3.8/site-packages/airflow/example_dags/example_task_group_decorator.py
[2023-10-10T01:22:53.168+0000] {processor.py:839} INFO - DAG(s) dict_keys(['example_task_group_decorator']) retrieved from /home/airflow/.local/lib/python3.8/site-packages/airflow/example_dags/example_task_group_decorator.py
[2023-10-10T01:22:53.182+0000] {logging_mixin.py:151} INFO - [2023-10-10T01:22:53.182+0000] {dag.py:2915} INFO - Sync 1 DAGs
[2023-10-10T01:22:53.196+0000] {logging_mixin.py:151} INFO - [2023-10-10T01:22:53.196+0000] {dag.py:3696} INFO - Setting next_dagrun for example_task_group_decorator to 2023-10-09T01:22:53.195936+00:00, run_after=2023-10-10T01:22:53.195936+00:00
[2023-10-10T01:22:53.205+0000] {processor.py:179} INFO - Processing /home/airflow/.local/lib/python3.8/site-packages/airflow/example_dags/example_task_group_decorator.py took 0.048 seconds
[2023-10-10T01:23:23.539+0000] {processor.py:157} INFO - Started process (PID=2614) to work on /home/airflow/.local/lib/python3.8/site-packages/airflow/example_dags/example_task_group_decorator.py
[2023-10-10T01:23:23.540+0000] {processor.py:829} INFO - Processing file /home/airflow/.local/lib/python3.8/site-packages/airflow/example_dags/example_task_group_decorator.py for tasks to queue
[2023-10-10T01:23:23.540+0000] {logging_mixin.py:151} INFO - [2023-10-10T01:23:23.540+0000] {dagbag.py:539} INFO - Filling up the DagBag from /home/airflow/.local/lib/python3.8/site-packages/airflow/example_dags/example_task_group_decorator.py
[2023-10-10T01:23:23.549+0000] {processor.py:839} INFO - DAG(s) dict_keys(['example_task_group_decorator']) retrieved from /home/airflow/.local/lib/python3.8/site-packages/airflow/example_dags/example_task_group_decorator.py
[2023-10-10T01:23:23.563+0000] {logging_mixin.py:151} INFO - [2023-10-10T01:23:23.563+0000] {dag.py:2915} INFO - Sync 1 DAGs
[2023-10-10T01:23:23.575+0000] {logging_mixin.py:151} INFO - [2023-10-10T01:23:23.575+0000] {dag.py:3696} INFO - Setting next_dagrun for example_task_group_decorator to 2023-10-09T01:23:23.575710+00:00, run_after=2023-10-10T01:23:23.575710+00:00
[2023-10-10T01:23:23.583+0000] {processor.py:179} INFO - Processing /home/airflow/.local/lib/python3.8/site-packages/airflow/example_dags/example_task_group_decorator.py took 0.046 seconds
[2023-10-10T01:23:53.843+0000] {processor.py:157} INFO - Started process (PID=2851) to work on /home/airflow/.local/lib/python3.8/site-packages/airflow/example_dags/example_task_group_decorator.py
[2023-10-10T01:23:53.843+0000] {processor.py:829} INFO - Processing file /home/airflow/.local/lib/python3.8/site-packages/airflow/example_dags/example_task_group_decorator.py for tasks to queue
[2023-10-10T01:23:53.844+0000] {logging_mixin.py:151} INFO - [2023-10-10T01:23:53.844+0000] {dagbag.py:539} INFO - Filling up the DagBag from /home/airflow/.local/lib/python3.8/site-packages/airflow/example_dags/example_task_group_decorator.py
[2023-10-10T01:23:53.852+0000] {processor.py:839} INFO - DAG(s) dict_keys(['example_task_group_decorator']) retrieved from /home/airflow/.local/lib/python3.8/site-packages/airflow/example_dags/example_task_group_decorator.py
[2023-10-10T01:23:53.873+0000] {logging_mixin.py:151} INFO - [2023-10-10T01:23:53.873+0000] {dag.py:2915} INFO - Sync 1 DAGs
[2023-10-10T01:23:53.883+0000] {logging_mixin.py:151} INFO - [2023-10-10T01:23:53.883+0000] {dag.py:3696} INFO - Setting next_dagrun for example_task_group_decorator to 2023-10-09T01:23:53.883536+00:00, run_after=2023-10-10T01:23:53.883536+00:00
[2023-10-10T01:23:53.890+0000] {processor.py:179} INFO - Processing /home/airflow/.local/lib/python3.8/site-packages/airflow/example_dags/example_task_group_decorator.py took 0.050 seconds
[2023-10-10T01:24:24.098+0000] {processor.py:157} INFO - Started process (PID=3089) to work on /home/airflow/.local/lib/python3.8/site-packages/airflow/example_dags/example_task_group_decorator.py
[2023-10-10T01:24:24.098+0000] {processor.py:829} INFO - Processing file /home/airflow/.local/lib/python3.8/site-packages/airflow/example_dags/example_task_group_decorator.py for tasks to queue
[2023-10-10T01:24:24.099+0000] {logging_mixin.py:151} INFO - [2023-10-10T01:24:24.099+0000] {dagbag.py:539} INFO - Filling up the DagBag from /home/airflow/.local/lib/python3.8/site-packages/airflow/example_dags/example_task_group_decorator.py
[2023-10-10T01:24:24.107+0000] {processor.py:839} INFO - DAG(s) dict_keys(['example_task_group_decorator']) retrieved from /home/airflow/.local/lib/python3.8/site-packages/airflow/example_dags/example_task_group_decorator.py
[2023-10-10T01:24:24.121+0000] {logging_mixin.py:151} INFO - [2023-10-10T01:24:24.121+0000] {dag.py:2915} INFO - Sync 1 DAGs
[2023-10-10T01:24:24.131+0000] {logging_mixin.py:151} INFO - [2023-10-10T01:24:24.131+0000] {dag.py:3696} INFO - Setting next_dagrun for example_task_group_decorator to 2023-10-09T01:24:24.131564+00:00, run_after=2023-10-10T01:24:24.131564+00:00
[2023-10-10T01:24:24.139+0000] {processor.py:179} INFO - Processing /home/airflow/.local/lib/python3.8/site-packages/airflow/example_dags/example_task_group_decorator.py took 0.044 seconds
[2023-10-10T01:24:54.338+0000] {processor.py:157} INFO - Started process (PID=3327) to work on /home/airflow/.local/lib/python3.8/site-packages/airflow/example_dags/example_task_group_decorator.py
[2023-10-10T01:24:54.338+0000] {processor.py:829} INFO - Processing file /home/airflow/.local/lib/python3.8/site-packages/airflow/example_dags/example_task_group_decorator.py for tasks to queue
[2023-10-10T01:24:54.339+0000] {logging_mixin.py:151} INFO - [2023-10-10T01:24:54.339+0000] {dagbag.py:539} INFO - Filling up the DagBag from /home/airflow/.local/lib/python3.8/site-packages/airflow/example_dags/example_task_group_decorator.py
[2023-10-10T01:24:54.347+0000] {processor.py:839} INFO - DAG(s) dict_keys(['example_task_group_decorator']) retrieved from /home/airflow/.local/lib/python3.8/site-packages/airflow/example_dags/example_task_group_decorator.py
[2023-10-10T01:24:54.362+0000] {logging_mixin.py:151} INFO - [2023-10-10T01:24:54.362+0000] {dag.py:2915} INFO - Sync 1 DAGs
[2023-10-10T01:24:54.373+0000] {logging_mixin.py:151} INFO - [2023-10-10T01:24:54.373+0000] {dag.py:3696} INFO - Setting next_dagrun for example_task_group_decorator to 2023-10-09T01:24:54.373258+00:00, run_after=2023-10-10T01:24:54.373258+00:00
[2023-10-10T01:24:54.381+0000] {processor.py:179} INFO - Processing /home/airflow/.local/lib/python3.8/site-packages/airflow/example_dags/example_task_group_decorator.py took 0.045 seconds
[2023-10-10T01:25:24.598+0000] {processor.py:157} INFO - Started process (PID=3565) to work on /home/airflow/.local/lib/python3.8/site-packages/airflow/example_dags/example_task_group_decorator.py
[2023-10-10T01:25:24.598+0000] {processor.py:829} INFO - Processing file /home/airflow/.local/lib/python3.8/site-packages/airflow/example_dags/example_task_group_decorator.py for tasks to queue
[2023-10-10T01:25:24.599+0000] {logging_mixin.py:151} INFO - [2023-10-10T01:25:24.599+0000] {dagbag.py:539} INFO - Filling up the DagBag from /home/airflow/.local/lib/python3.8/site-packages/airflow/example_dags/example_task_group_decorator.py
[2023-10-10T01:25:24.610+0000] {processor.py:839} INFO - DAG(s) dict_keys(['example_task_group_decorator']) retrieved from /home/airflow/.local/lib/python3.8/site-packages/airflow/example_dags/example_task_group_decorator.py
[2023-10-10T01:25:24.624+0000] {logging_mixin.py:151} INFO - [2023-10-10T01:25:24.624+0000] {dag.py:2915} INFO - Sync 1 DAGs
[2023-10-10T01:25:24.637+0000] {logging_mixin.py:151} INFO - [2023-10-10T01:25:24.637+0000] {dag.py:3696} INFO - Setting next_dagrun for example_task_group_decorator to 2023-10-09T01:25:24.637454+00:00, run_after=2023-10-10T01:25:24.637454+00:00
[2023-10-10T01:25:24.645+0000] {processor.py:179} INFO - Processing /home/airflow/.local/lib/python3.8/site-packages/airflow/example_dags/example_task_group_decorator.py took 0.049 seconds
[2023-10-10T01:25:54.877+0000] {processor.py:157} INFO - Started process (PID=3803) to work on /home/airflow/.local/lib/python3.8/site-packages/airflow/example_dags/example_task_group_decorator.py
[2023-10-10T01:25:54.877+0000] {processor.py:829} INFO - Processing file /home/airflow/.local/lib/python3.8/site-packages/airflow/example_dags/example_task_group_decorator.py for tasks to queue
[2023-10-10T01:25:54.878+0000] {logging_mixin.py:151} INFO - [2023-10-10T01:25:54.878+0000] {dagbag.py:539} INFO - Filling up the DagBag from /home/airflow/.local/lib/python3.8/site-packages/airflow/example_dags/example_task_group_decorator.py
[2023-10-10T01:25:54.886+0000] {processor.py:839} INFO - DAG(s) dict_keys(['example_task_group_decorator']) retrieved from /home/airflow/.local/lib/python3.8/site-packages/airflow/example_dags/example_task_group_decorator.py
[2023-10-10T01:25:54.900+0000] {logging_mixin.py:151} INFO - [2023-10-10T01:25:54.900+0000] {dag.py:2915} INFO - Sync 1 DAGs
[2023-10-10T01:25:54.912+0000] {logging_mixin.py:151} INFO - [2023-10-10T01:25:54.912+0000] {dag.py:3696} INFO - Setting next_dagrun for example_task_group_decorator to 2023-10-09T01:25:54.911905+00:00, run_after=2023-10-10T01:25:54.911905+00:00
[2023-10-10T01:25:54.920+0000] {processor.py:179} INFO - Processing /home/airflow/.local/lib/python3.8/site-packages/airflow/example_dags/example_task_group_decorator.py took 0.045 seconds
[2023-10-10T01:26:25.115+0000] {processor.py:157} INFO - Started process (PID=4042) to work on /home/airflow/.local/lib/python3.8/site-packages/airflow/example_dags/example_task_group_decorator.py
[2023-10-10T01:26:25.117+0000] {processor.py:829} INFO - Processing file /home/airflow/.local/lib/python3.8/site-packages/airflow/example_dags/example_task_group_decorator.py for tasks to queue
[2023-10-10T01:26:25.118+0000] {logging_mixin.py:151} INFO - [2023-10-10T01:26:25.117+0000] {dagbag.py:539} INFO - Filling up the DagBag from /home/airflow/.local/lib/python3.8/site-packages/airflow/example_dags/example_task_group_decorator.py
[2023-10-10T01:26:25.127+0000] {processor.py:839} INFO - DAG(s) dict_keys(['example_task_group_decorator']) retrieved from /home/airflow/.local/lib/python3.8/site-packages/airflow/example_dags/example_task_group_decorator.py
[2023-10-10T01:26:25.142+0000] {logging_mixin.py:151} INFO - [2023-10-10T01:26:25.142+0000] {dag.py:2915} INFO - Sync 1 DAGs
[2023-10-10T01:26:25.153+0000] {logging_mixin.py:151} INFO - [2023-10-10T01:26:25.153+0000] {dag.py:3696} INFO - Setting next_dagrun for example_task_group_decorator to 2023-10-09T01:26:25.153104+00:00, run_after=2023-10-10T01:26:25.153104+00:00
[2023-10-10T01:26:25.162+0000] {processor.py:179} INFO - Processing /home/airflow/.local/lib/python3.8/site-packages/airflow/example_dags/example_task_group_decorator.py took 0.050 seconds
[2023-10-10T01:26:55.310+0000] {processor.py:157} INFO - Started process (PID=4280) to work on /home/airflow/.local/lib/python3.8/site-packages/airflow/example_dags/example_task_group_decorator.py
[2023-10-10T01:26:55.312+0000] {processor.py:829} INFO - Processing file /home/airflow/.local/lib/python3.8/site-packages/airflow/example_dags/example_task_group_decorator.py for tasks to queue
[2023-10-10T01:26:55.312+0000] {logging_mixin.py:151} INFO - [2023-10-10T01:26:55.312+0000] {dagbag.py:539} INFO - Filling up the DagBag from /home/airflow/.local/lib/python3.8/site-packages/airflow/example_dags/example_task_group_decorator.py
[2023-10-10T01:26:55.323+0000] {processor.py:839} INFO - DAG(s) dict_keys(['example_task_group_decorator']) retrieved from /home/airflow/.local/lib/python3.8/site-packages/airflow/example_dags/example_task_group_decorator.py
[2023-10-10T01:26:55.340+0000] {logging_mixin.py:151} INFO - [2023-10-10T01:26:55.340+0000] {dag.py:2915} INFO - Sync 1 DAGs
[2023-10-10T01:26:55.352+0000] {logging_mixin.py:151} INFO - [2023-10-10T01:26:55.352+0000] {dag.py:3696} INFO - Setting next_dagrun for example_task_group_decorator to 2023-10-09T01:26:55.352004+00:00, run_after=2023-10-10T01:26:55.352004+00:00
[2023-10-10T01:26:55.359+0000] {processor.py:179} INFO - Processing /home/airflow/.local/lib/python3.8/site-packages/airflow/example_dags/example_task_group_decorator.py took 0.051 seconds
[2023-10-10T01:27:25.534+0000] {processor.py:157} INFO - Started process (PID=4518) to work on /home/airflow/.local/lib/python3.8/site-packages/airflow/example_dags/example_task_group_decorator.py
[2023-10-10T01:27:25.535+0000] {processor.py:829} INFO - Processing file /home/airflow/.local/lib/python3.8/site-packages/airflow/example_dags/example_task_group_decorator.py for tasks to queue
[2023-10-10T01:27:25.535+0000] {logging_mixin.py:151} INFO - [2023-10-10T01:27:25.535+0000] {dagbag.py:539} INFO - Filling up the DagBag from /home/airflow/.local/lib/python3.8/site-packages/airflow/example_dags/example_task_group_decorator.py
[2023-10-10T01:27:25.543+0000] {processor.py:839} INFO - DAG(s) dict_keys(['example_task_group_decorator']) retrieved from /home/airflow/.local/lib/python3.8/site-packages/airflow/example_dags/example_task_group_decorator.py
[2023-10-10T01:27:25.560+0000] {logging_mixin.py:151} INFO - [2023-10-10T01:27:25.560+0000] {dag.py:2915} INFO - Sync 1 DAGs
[2023-10-10T01:27:25.571+0000] {logging_mixin.py:151} INFO - [2023-10-10T01:27:25.571+0000] {dag.py:3696} INFO - Setting next_dagrun for example_task_group_decorator to 2023-10-09T01:27:25.571444+00:00, run_after=2023-10-10T01:27:25.571444+00:00
[2023-10-10T01:27:25.579+0000] {processor.py:179} INFO - Processing /home/airflow/.local/lib/python3.8/site-packages/airflow/example_dags/example_task_group_decorator.py took 0.046 seconds
[2023-10-10T01:27:55.771+0000] {processor.py:157} INFO - Started process (PID=4756) to work on /home/airflow/.local/lib/python3.8/site-packages/airflow/example_dags/example_task_group_decorator.py
[2023-10-10T01:27:55.771+0000] {processor.py:829} INFO - Processing file /home/airflow/.local/lib/python3.8/site-packages/airflow/example_dags/example_task_group_decorator.py for tasks to queue
[2023-10-10T01:27:55.772+0000] {logging_mixin.py:151} INFO - [2023-10-10T01:27:55.772+0000] {dagbag.py:539} INFO - Filling up the DagBag from /home/airflow/.local/lib/python3.8/site-packages/airflow/example_dags/example_task_group_decorator.py
[2023-10-10T01:27:55.782+0000] {processor.py:839} INFO - DAG(s) dict_keys(['example_task_group_decorator']) retrieved from /home/airflow/.local/lib/python3.8/site-packages/airflow/example_dags/example_task_group_decorator.py
[2023-10-10T01:27:55.800+0000] {logging_mixin.py:151} INFO - [2023-10-10T01:27:55.800+0000] {dag.py:2915} INFO - Sync 1 DAGs
[2023-10-10T01:27:55.810+0000] {logging_mixin.py:151} INFO - [2023-10-10T01:27:55.810+0000] {dag.py:3696} INFO - Setting next_dagrun for example_task_group_decorator to 2023-10-09T01:27:55.810659+00:00, run_after=2023-10-10T01:27:55.810659+00:00
[2023-10-10T01:27:55.818+0000] {processor.py:179} INFO - Processing /home/airflow/.local/lib/python3.8/site-packages/airflow/example_dags/example_task_group_decorator.py took 0.049 seconds
[2023-10-10T01:28:26.107+0000] {processor.py:157} INFO - Started process (PID=4994) to work on /home/airflow/.local/lib/python3.8/site-packages/airflow/example_dags/example_task_group_decorator.py
[2023-10-10T01:28:26.107+0000] {processor.py:829} INFO - Processing file /home/airflow/.local/lib/python3.8/site-packages/airflow/example_dags/example_task_group_decorator.py for tasks to queue
[2023-10-10T01:28:26.108+0000] {logging_mixin.py:151} INFO - [2023-10-10T01:28:26.108+0000] {dagbag.py:539} INFO - Filling up the DagBag from /home/airflow/.local/lib/python3.8/site-packages/airflow/example_dags/example_task_group_decorator.py
[2023-10-10T01:28:26.120+0000] {processor.py:839} INFO - DAG(s) dict_keys(['example_task_group_decorator']) retrieved from /home/airflow/.local/lib/python3.8/site-packages/airflow/example_dags/example_task_group_decorator.py
[2023-10-10T01:28:26.134+0000] {logging_mixin.py:151} INFO - [2023-10-10T01:28:26.134+0000] {dag.py:2915} INFO - Sync 1 DAGs
[2023-10-10T01:28:26.144+0000] {logging_mixin.py:151} INFO - [2023-10-10T01:28:26.144+0000] {dag.py:3696} INFO - Setting next_dagrun for example_task_group_decorator to 2023-10-09T01:28:26.144291+00:00, run_after=2023-10-10T01:28:26.144291+00:00
[2023-10-10T01:28:26.151+0000] {processor.py:179} INFO - Processing /home/airflow/.local/lib/python3.8/site-packages/airflow/example_dags/example_task_group_decorator.py took 0.047 seconds
[2023-10-10T01:28:56.448+0000] {processor.py:157} INFO - Started process (PID=5232) to work on /home/airflow/.local/lib/python3.8/site-packages/airflow/example_dags/example_task_group_decorator.py
[2023-10-10T01:28:56.449+0000] {processor.py:829} INFO - Processing file /home/airflow/.local/lib/python3.8/site-packages/airflow/example_dags/example_task_group_decorator.py for tasks to queue
[2023-10-10T01:28:56.450+0000] {logging_mixin.py:151} INFO - [2023-10-10T01:28:56.449+0000] {dagbag.py:539} INFO - Filling up the DagBag from /home/airflow/.local/lib/python3.8/site-packages/airflow/example_dags/example_task_group_decorator.py
[2023-10-10T01:28:56.462+0000] {processor.py:839} INFO - DAG(s) dict_keys(['example_task_group_decorator']) retrieved from /home/airflow/.local/lib/python3.8/site-packages/airflow/example_dags/example_task_group_decorator.py
[2023-10-10T01:28:56.478+0000] {logging_mixin.py:151} INFO - [2023-10-10T01:28:56.478+0000] {dag.py:2915} INFO - Sync 1 DAGs
[2023-10-10T01:28:56.489+0000] {logging_mixin.py:151} INFO - [2023-10-10T01:28:56.489+0000] {dag.py:3696} INFO - Setting next_dagrun for example_task_group_decorator to 2023-10-09T01:28:56.488918+00:00, run_after=2023-10-10T01:28:56.488918+00:00
[2023-10-10T01:28:56.496+0000] {processor.py:179} INFO - Processing /home/airflow/.local/lib/python3.8/site-packages/airflow/example_dags/example_task_group_decorator.py took 0.050 seconds
[2023-10-10T01:29:26.653+0000] {processor.py:157} INFO - Started process (PID=5470) to work on /home/airflow/.local/lib/python3.8/site-packages/airflow/example_dags/example_task_group_decorator.py
[2023-10-10T01:29:26.654+0000] {processor.py:829} INFO - Processing file /home/airflow/.local/lib/python3.8/site-packages/airflow/example_dags/example_task_group_decorator.py for tasks to queue
[2023-10-10T01:29:26.655+0000] {logging_mixin.py:151} INFO - [2023-10-10T01:29:26.655+0000] {dagbag.py:539} INFO - Filling up the DagBag from /home/airflow/.local/lib/python3.8/site-packages/airflow/example_dags/example_task_group_decorator.py
[2023-10-10T01:29:26.664+0000] {processor.py:839} INFO - DAG(s) dict_keys(['example_task_group_decorator']) retrieved from /home/airflow/.local/lib/python3.8/site-packages/airflow/example_dags/example_task_group_decorator.py
[2023-10-10T01:29:26.678+0000] {logging_mixin.py:151} INFO - [2023-10-10T01:29:26.677+0000] {dag.py:2915} INFO - Sync 1 DAGs
[2023-10-10T01:29:26.688+0000] {logging_mixin.py:151} INFO - [2023-10-10T01:29:26.688+0000] {dag.py:3696} INFO - Setting next_dagrun for example_task_group_decorator to 2023-10-09T01:29:26.687914+00:00, run_after=2023-10-10T01:29:26.687914+00:00
[2023-10-10T01:29:26.698+0000] {processor.py:179} INFO - Processing /home/airflow/.local/lib/python3.8/site-packages/airflow/example_dags/example_task_group_decorator.py took 0.048 seconds
[2023-10-10T01:29:56.931+0000] {processor.py:157} INFO - Started process (PID=5708) to work on /home/airflow/.local/lib/python3.8/site-packages/airflow/example_dags/example_task_group_decorator.py
[2023-10-10T01:29:56.933+0000] {processor.py:829} INFO - Processing file /home/airflow/.local/lib/python3.8/site-packages/airflow/example_dags/example_task_group_decorator.py for tasks to queue
[2023-10-10T01:29:56.934+0000] {logging_mixin.py:151} INFO - [2023-10-10T01:29:56.934+0000] {dagbag.py:539} INFO - Filling up the DagBag from /home/airflow/.local/lib/python3.8/site-packages/airflow/example_dags/example_task_group_decorator.py
[2023-10-10T01:29:56.944+0000] {processor.py:839} INFO - DAG(s) dict_keys(['example_task_group_decorator']) retrieved from /home/airflow/.local/lib/python3.8/site-packages/airflow/example_dags/example_task_group_decorator.py
[2023-10-10T01:29:56.958+0000] {logging_mixin.py:151} INFO - [2023-10-10T01:29:56.958+0000] {dag.py:2915} INFO - Sync 1 DAGs
[2023-10-10T01:29:56.969+0000] {logging_mixin.py:151} INFO - [2023-10-10T01:29:56.969+0000] {dag.py:3696} INFO - Setting next_dagrun for example_task_group_decorator to 2023-10-09T01:29:56.969511+00:00, run_after=2023-10-10T01:29:56.969511+00:00
[2023-10-10T01:29:56.977+0000] {processor.py:179} INFO - Processing /home/airflow/.local/lib/python3.8/site-packages/airflow/example_dags/example_task_group_decorator.py took 0.047 seconds
[2023-10-10T01:30:27.189+0000] {processor.py:157} INFO - Started process (PID=5946) to work on /home/airflow/.local/lib/python3.8/site-packages/airflow/example_dags/example_task_group_decorator.py
[2023-10-10T01:30:27.189+0000] {processor.py:829} INFO - Processing file /home/airflow/.local/lib/python3.8/site-packages/airflow/example_dags/example_task_group_decorator.py for tasks to queue
[2023-10-10T01:30:27.190+0000] {logging_mixin.py:151} INFO - [2023-10-10T01:30:27.190+0000] {dagbag.py:539} INFO - Filling up the DagBag from /home/airflow/.local/lib/python3.8/site-packages/airflow/example_dags/example_task_group_decorator.py
[2023-10-10T01:30:27.202+0000] {processor.py:839} INFO - DAG(s) dict_keys(['example_task_group_decorator']) retrieved from /home/airflow/.local/lib/python3.8/site-packages/airflow/example_dags/example_task_group_decorator.py
[2023-10-10T01:30:27.216+0000] {logging_mixin.py:151} INFO - [2023-10-10T01:30:27.215+0000] {dag.py:2915} INFO - Sync 1 DAGs
[2023-10-10T01:30:27.226+0000] {logging_mixin.py:151} INFO - [2023-10-10T01:30:27.226+0000] {dag.py:3696} INFO - Setting next_dagrun for example_task_group_decorator to 2023-10-09T01:30:27.225868+00:00, run_after=2023-10-10T01:30:27.225868+00:00
[2023-10-10T01:30:27.235+0000] {processor.py:179} INFO - Processing /home/airflow/.local/lib/python3.8/site-packages/airflow/example_dags/example_task_group_decorator.py took 0.048 seconds
[2023-10-10T01:30:57.488+0000] {processor.py:157} INFO - Started process (PID=6185) to work on /home/airflow/.local/lib/python3.8/site-packages/airflow/example_dags/example_task_group_decorator.py
[2023-10-10T01:30:57.489+0000] {processor.py:829} INFO - Processing file /home/airflow/.local/lib/python3.8/site-packages/airflow/example_dags/example_task_group_decorator.py for tasks to queue
[2023-10-10T01:30:57.490+0000] {logging_mixin.py:151} INFO - [2023-10-10T01:30:57.490+0000] {dagbag.py:539} INFO - Filling up the DagBag from /home/airflow/.local/lib/python3.8/site-packages/airflow/example_dags/example_task_group_decorator.py
[2023-10-10T01:30:57.498+0000] {processor.py:839} INFO - DAG(s) dict_keys(['example_task_group_decorator']) retrieved from /home/airflow/.local/lib/python3.8/site-packages/airflow/example_dags/example_task_group_decorator.py
[2023-10-10T01:30:57.514+0000] {logging_mixin.py:151} INFO - [2023-10-10T01:30:57.514+0000] {dag.py:2915} INFO - Sync 1 DAGs
[2023-10-10T01:30:57.526+0000] {logging_mixin.py:151} INFO - [2023-10-10T01:30:57.526+0000] {dag.py:3696} INFO - Setting next_dagrun for example_task_group_decorator to 2023-10-09T01:30:57.525964+00:00, run_after=2023-10-10T01:30:57.525964+00:00
[2023-10-10T01:30:57.534+0000] {processor.py:179} INFO - Processing /home/airflow/.local/lib/python3.8/site-packages/airflow/example_dags/example_task_group_decorator.py took 0.048 seconds
