[2023-10-10T01:18:22.493+0000] {processor.py:157} INFO - Started process (PID=319) to work on /home/airflow/.local/lib/python3.8/site-packages/airflow/example_dags/example_complex.py
[2023-10-10T01:18:22.494+0000] {processor.py:829} INFO - Processing file /home/airflow/.local/lib/python3.8/site-packages/airflow/example_dags/example_complex.py for tasks to queue
[2023-10-10T01:18:22.495+0000] {logging_mixin.py:151} INFO - [2023-10-10T01:18:22.494+0000] {dagbag.py:539} INFO - Filling up the DagBag from /home/airflow/.local/lib/python3.8/site-packages/airflow/example_dags/example_complex.py
[2023-10-10T01:18:22.501+0000] {processor.py:839} INFO - DAG(s) dict_keys(['example_complex']) retrieved from /home/airflow/.local/lib/python3.8/site-packages/airflow/example_dags/example_complex.py
[2023-10-10T01:18:22.510+0000] {logging_mixin.py:151} INFO - [2023-10-10T01:18:22.510+0000] {dag.py:2915} INFO - Sync 1 DAGs
[2023-10-10T01:18:22.608+0000] {logging_mixin.py:151} INFO - [2023-10-10T01:18:22.608+0000] {dag.py:3696} INFO - Setting next_dagrun for example_complex to None, run_after=None
[2023-10-10T01:18:22.620+0000] {processor.py:179} INFO - Processing /home/airflow/.local/lib/python3.8/site-packages/airflow/example_dags/example_complex.py took 0.128 seconds
[2023-10-10T01:18:53.178+0000] {processor.py:157} INFO - Started process (PID=555) to work on /home/airflow/.local/lib/python3.8/site-packages/airflow/example_dags/example_complex.py
[2023-10-10T01:18:53.179+0000] {processor.py:829} INFO - Processing file /home/airflow/.local/lib/python3.8/site-packages/airflow/example_dags/example_complex.py for tasks to queue
[2023-10-10T01:18:53.179+0000] {logging_mixin.py:151} INFO - [2023-10-10T01:18:53.179+0000] {dagbag.py:539} INFO - Filling up the DagBag from /home/airflow/.local/lib/python3.8/site-packages/airflow/example_dags/example_complex.py
[2023-10-10T01:18:53.185+0000] {processor.py:839} INFO - DAG(s) dict_keys(['example_complex']) retrieved from /home/airflow/.local/lib/python3.8/site-packages/airflow/example_dags/example_complex.py
[2023-10-10T01:18:53.206+0000] {logging_mixin.py:151} INFO - [2023-10-10T01:18:53.206+0000] {dag.py:2915} INFO - Sync 1 DAGs
[2023-10-10T01:18:53.213+0000] {logging_mixin.py:151} INFO - [2023-10-10T01:18:53.213+0000] {dag.py:3696} INFO - Setting next_dagrun for example_complex to None, run_after=None
[2023-10-10T01:18:53.226+0000] {processor.py:179} INFO - Processing /home/airflow/.local/lib/python3.8/site-packages/airflow/example_dags/example_complex.py took 0.050 seconds
[2023-10-10T01:19:23.390+0000] {processor.py:157} INFO - Started process (PID=795) to work on /home/airflow/.local/lib/python3.8/site-packages/airflow/example_dags/example_complex.py
[2023-10-10T01:19:23.390+0000] {processor.py:829} INFO - Processing file /home/airflow/.local/lib/python3.8/site-packages/airflow/example_dags/example_complex.py for tasks to queue
[2023-10-10T01:19:23.391+0000] {logging_mixin.py:151} INFO - [2023-10-10T01:19:23.391+0000] {dagbag.py:539} INFO - Filling up the DagBag from /home/airflow/.local/lib/python3.8/site-packages/airflow/example_dags/example_complex.py
[2023-10-10T01:19:23.397+0000] {processor.py:839} INFO - DAG(s) dict_keys(['example_complex']) retrieved from /home/airflow/.local/lib/python3.8/site-packages/airflow/example_dags/example_complex.py
[2023-10-10T01:19:23.413+0000] {logging_mixin.py:151} INFO - [2023-10-10T01:19:23.413+0000] {dag.py:2915} INFO - Sync 1 DAGs
[2023-10-10T01:19:23.419+0000] {logging_mixin.py:151} INFO - [2023-10-10T01:19:23.419+0000] {dag.py:3696} INFO - Setting next_dagrun for example_complex to None, run_after=None
[2023-10-10T01:19:23.426+0000] {processor.py:179} INFO - Processing /home/airflow/.local/lib/python3.8/site-packages/airflow/example_dags/example_complex.py took 0.039 seconds
[2023-10-10T01:19:54.614+0000] {processor.py:157} INFO - Started process (PID=1032) to work on /home/airflow/.local/lib/python3.8/site-packages/airflow/example_dags/example_complex.py
[2023-10-10T01:19:54.615+0000] {processor.py:829} INFO - Processing file /home/airflow/.local/lib/python3.8/site-packages/airflow/example_dags/example_complex.py for tasks to queue
[2023-10-10T01:19:54.615+0000] {logging_mixin.py:151} INFO - [2023-10-10T01:19:54.615+0000] {dagbag.py:539} INFO - Filling up the DagBag from /home/airflow/.local/lib/python3.8/site-packages/airflow/example_dags/example_complex.py
[2023-10-10T01:19:54.621+0000] {processor.py:839} INFO - DAG(s) dict_keys(['example_complex']) retrieved from /home/airflow/.local/lib/python3.8/site-packages/airflow/example_dags/example_complex.py
[2023-10-10T01:19:54.637+0000] {logging_mixin.py:151} INFO - [2023-10-10T01:19:54.637+0000] {dag.py:2915} INFO - Sync 1 DAGs
[2023-10-10T01:19:54.643+0000] {logging_mixin.py:151} INFO - [2023-10-10T01:19:54.643+0000] {dag.py:3696} INFO - Setting next_dagrun for example_complex to None, run_after=None
[2023-10-10T01:19:54.650+0000] {processor.py:179} INFO - Processing /home/airflow/.local/lib/python3.8/site-packages/airflow/example_dags/example_complex.py took 0.037 seconds
[2023-10-10T01:20:24.889+0000] {processor.py:157} INFO - Started process (PID=1270) to work on /home/airflow/.local/lib/python3.8/site-packages/airflow/example_dags/example_complex.py
[2023-10-10T01:20:24.889+0000] {processor.py:829} INFO - Processing file /home/airflow/.local/lib/python3.8/site-packages/airflow/example_dags/example_complex.py for tasks to queue
[2023-10-10T01:20:24.890+0000] {logging_mixin.py:151} INFO - [2023-10-10T01:20:24.890+0000] {dagbag.py:539} INFO - Filling up the DagBag from /home/airflow/.local/lib/python3.8/site-packages/airflow/example_dags/example_complex.py
[2023-10-10T01:20:24.895+0000] {processor.py:839} INFO - DAG(s) dict_keys(['example_complex']) retrieved from /home/airflow/.local/lib/python3.8/site-packages/airflow/example_dags/example_complex.py
[2023-10-10T01:20:24.912+0000] {logging_mixin.py:151} INFO - [2023-10-10T01:20:24.912+0000] {dag.py:2915} INFO - Sync 1 DAGs
[2023-10-10T01:20:24.918+0000] {logging_mixin.py:151} INFO - [2023-10-10T01:20:24.918+0000] {dag.py:3696} INFO - Setting next_dagrun for example_complex to None, run_after=None
[2023-10-10T01:20:24.925+0000] {processor.py:179} INFO - Processing /home/airflow/.local/lib/python3.8/site-packages/airflow/example_dags/example_complex.py took 0.039 seconds
[2023-10-10T01:20:56.116+0000] {processor.py:157} INFO - Started process (PID=1508) to work on /home/airflow/.local/lib/python3.8/site-packages/airflow/example_dags/example_complex.py
[2023-10-10T01:20:56.117+0000] {processor.py:829} INFO - Processing file /home/airflow/.local/lib/python3.8/site-packages/airflow/example_dags/example_complex.py for tasks to queue
[2023-10-10T01:20:56.117+0000] {logging_mixin.py:151} INFO - [2023-10-10T01:20:56.117+0000] {dagbag.py:539} INFO - Filling up the DagBag from /home/airflow/.local/lib/python3.8/site-packages/airflow/example_dags/example_complex.py
[2023-10-10T01:20:56.123+0000] {processor.py:839} INFO - DAG(s) dict_keys(['example_complex']) retrieved from /home/airflow/.local/lib/python3.8/site-packages/airflow/example_dags/example_complex.py
[2023-10-10T01:20:56.138+0000] {logging_mixin.py:151} INFO - [2023-10-10T01:20:56.138+0000] {dag.py:2915} INFO - Sync 1 DAGs
[2023-10-10T01:20:56.144+0000] {logging_mixin.py:151} INFO - [2023-10-10T01:20:56.144+0000] {dag.py:3696} INFO - Setting next_dagrun for example_complex to None, run_after=None
[2023-10-10T01:20:56.151+0000] {processor.py:179} INFO - Processing /home/airflow/.local/lib/python3.8/site-packages/airflow/example_dags/example_complex.py took 0.037 seconds
[2023-10-10T01:21:27.309+0000] {processor.py:157} INFO - Started process (PID=1746) to work on /home/airflow/.local/lib/python3.8/site-packages/airflow/example_dags/example_complex.py
[2023-10-10T01:21:27.310+0000] {processor.py:829} INFO - Processing file /home/airflow/.local/lib/python3.8/site-packages/airflow/example_dags/example_complex.py for tasks to queue
[2023-10-10T01:21:27.310+0000] {logging_mixin.py:151} INFO - [2023-10-10T01:21:27.310+0000] {dagbag.py:539} INFO - Filling up the DagBag from /home/airflow/.local/lib/python3.8/site-packages/airflow/example_dags/example_complex.py
[2023-10-10T01:21:27.316+0000] {processor.py:839} INFO - DAG(s) dict_keys(['example_complex']) retrieved from /home/airflow/.local/lib/python3.8/site-packages/airflow/example_dags/example_complex.py
[2023-10-10T01:21:27.331+0000] {logging_mixin.py:151} INFO - [2023-10-10T01:21:27.331+0000] {dag.py:2915} INFO - Sync 1 DAGs
[2023-10-10T01:21:27.337+0000] {logging_mixin.py:151} INFO - [2023-10-10T01:21:27.337+0000] {dag.py:3696} INFO - Setting next_dagrun for example_complex to None, run_after=None
[2023-10-10T01:21:27.345+0000] {processor.py:179} INFO - Processing /home/airflow/.local/lib/python3.8/site-packages/airflow/example_dags/example_complex.py took 0.038 seconds
[2023-10-10T01:21:58.575+0000] {processor.py:157} INFO - Started process (PID=1984) to work on /home/airflow/.local/lib/python3.8/site-packages/airflow/example_dags/example_complex.py
[2023-10-10T01:21:58.576+0000] {processor.py:829} INFO - Processing file /home/airflow/.local/lib/python3.8/site-packages/airflow/example_dags/example_complex.py for tasks to queue
[2023-10-10T01:21:58.576+0000] {logging_mixin.py:151} INFO - [2023-10-10T01:21:58.576+0000] {dagbag.py:539} INFO - Filling up the DagBag from /home/airflow/.local/lib/python3.8/site-packages/airflow/example_dags/example_complex.py
[2023-10-10T01:21:58.581+0000] {processor.py:839} INFO - DAG(s) dict_keys(['example_complex']) retrieved from /home/airflow/.local/lib/python3.8/site-packages/airflow/example_dags/example_complex.py
[2023-10-10T01:21:58.597+0000] {logging_mixin.py:151} INFO - [2023-10-10T01:21:58.597+0000] {dag.py:2915} INFO - Sync 1 DAGs
[2023-10-10T01:21:58.603+0000] {logging_mixin.py:151} INFO - [2023-10-10T01:21:58.603+0000] {dag.py:3696} INFO - Setting next_dagrun for example_complex to None, run_after=None
[2023-10-10T01:21:58.610+0000] {processor.py:179} INFO - Processing /home/airflow/.local/lib/python3.8/site-packages/airflow/example_dags/example_complex.py took 0.037 seconds
[2023-10-10T01:22:28.900+0000] {processor.py:157} INFO - Started process (PID=2222) to work on /home/airflow/.local/lib/python3.8/site-packages/airflow/example_dags/example_complex.py
[2023-10-10T01:22:28.900+0000] {processor.py:829} INFO - Processing file /home/airflow/.local/lib/python3.8/site-packages/airflow/example_dags/example_complex.py for tasks to queue
[2023-10-10T01:22:28.901+0000] {logging_mixin.py:151} INFO - [2023-10-10T01:22:28.901+0000] {dagbag.py:539} INFO - Filling up the DagBag from /home/airflow/.local/lib/python3.8/site-packages/airflow/example_dags/example_complex.py
[2023-10-10T01:22:28.906+0000] {processor.py:839} INFO - DAG(s) dict_keys(['example_complex']) retrieved from /home/airflow/.local/lib/python3.8/site-packages/airflow/example_dags/example_complex.py
[2023-10-10T01:22:28.923+0000] {logging_mixin.py:151} INFO - [2023-10-10T01:22:28.922+0000] {dag.py:2915} INFO - Sync 1 DAGs
[2023-10-10T01:22:28.928+0000] {logging_mixin.py:151} INFO - [2023-10-10T01:22:28.928+0000] {dag.py:3696} INFO - Setting next_dagrun for example_complex to None, run_after=None
[2023-10-10T01:22:28.936+0000] {processor.py:179} INFO - Processing /home/airflow/.local/lib/python3.8/site-packages/airflow/example_dags/example_complex.py took 0.038 seconds
[2023-10-10T01:23:00.049+0000] {processor.py:157} INFO - Started process (PID=2461) to work on /home/airflow/.local/lib/python3.8/site-packages/airflow/example_dags/example_complex.py
[2023-10-10T01:23:00.050+0000] {processor.py:829} INFO - Processing file /home/airflow/.local/lib/python3.8/site-packages/airflow/example_dags/example_complex.py for tasks to queue
[2023-10-10T01:23:00.050+0000] {logging_mixin.py:151} INFO - [2023-10-10T01:23:00.050+0000] {dagbag.py:539} INFO - Filling up the DagBag from /home/airflow/.local/lib/python3.8/site-packages/airflow/example_dags/example_complex.py
[2023-10-10T01:23:00.056+0000] {processor.py:839} INFO - DAG(s) dict_keys(['example_complex']) retrieved from /home/airflow/.local/lib/python3.8/site-packages/airflow/example_dags/example_complex.py
[2023-10-10T01:23:00.076+0000] {logging_mixin.py:151} INFO - [2023-10-10T01:23:00.076+0000] {dag.py:2915} INFO - Sync 1 DAGs
[2023-10-10T01:23:00.082+0000] {logging_mixin.py:151} INFO - [2023-10-10T01:23:00.082+0000] {dag.py:3696} INFO - Setting next_dagrun for example_complex to None, run_after=None
[2023-10-10T01:23:00.090+0000] {processor.py:179} INFO - Processing /home/airflow/.local/lib/python3.8/site-packages/airflow/example_dags/example_complex.py took 0.043 seconds
[2023-10-10T01:23:30.370+0000] {processor.py:157} INFO - Started process (PID=2699) to work on /home/airflow/.local/lib/python3.8/site-packages/airflow/example_dags/example_complex.py
[2023-10-10T01:23:30.370+0000] {processor.py:829} INFO - Processing file /home/airflow/.local/lib/python3.8/site-packages/airflow/example_dags/example_complex.py for tasks to queue
[2023-10-10T01:23:30.371+0000] {logging_mixin.py:151} INFO - [2023-10-10T01:23:30.371+0000] {dagbag.py:539} INFO - Filling up the DagBag from /home/airflow/.local/lib/python3.8/site-packages/airflow/example_dags/example_complex.py
[2023-10-10T01:23:30.376+0000] {processor.py:839} INFO - DAG(s) dict_keys(['example_complex']) retrieved from /home/airflow/.local/lib/python3.8/site-packages/airflow/example_dags/example_complex.py
[2023-10-10T01:23:30.393+0000] {logging_mixin.py:151} INFO - [2023-10-10T01:23:30.393+0000] {dag.py:2915} INFO - Sync 1 DAGs
[2023-10-10T01:23:30.399+0000] {logging_mixin.py:151} INFO - [2023-10-10T01:23:30.399+0000] {dag.py:3696} INFO - Setting next_dagrun for example_complex to None, run_after=None
[2023-10-10T01:23:30.406+0000] {processor.py:179} INFO - Processing /home/airflow/.local/lib/python3.8/site-packages/airflow/example_dags/example_complex.py took 0.039 seconds
[2023-10-10T01:24:01.666+0000] {processor.py:157} INFO - Started process (PID=2936) to work on /home/airflow/.local/lib/python3.8/site-packages/airflow/example_dags/example_complex.py
[2023-10-10T01:24:01.667+0000] {processor.py:829} INFO - Processing file /home/airflow/.local/lib/python3.8/site-packages/airflow/example_dags/example_complex.py for tasks to queue
[2023-10-10T01:24:01.667+0000] {logging_mixin.py:151} INFO - [2023-10-10T01:24:01.667+0000] {dagbag.py:539} INFO - Filling up the DagBag from /home/airflow/.local/lib/python3.8/site-packages/airflow/example_dags/example_complex.py
[2023-10-10T01:24:01.673+0000] {processor.py:839} INFO - DAG(s) dict_keys(['example_complex']) retrieved from /home/airflow/.local/lib/python3.8/site-packages/airflow/example_dags/example_complex.py
[2023-10-10T01:24:01.690+0000] {logging_mixin.py:151} INFO - [2023-10-10T01:24:01.690+0000] {dag.py:2915} INFO - Sync 1 DAGs
[2023-10-10T01:24:01.696+0000] {logging_mixin.py:151} INFO - [2023-10-10T01:24:01.696+0000] {dag.py:3696} INFO - Setting next_dagrun for example_complex to None, run_after=None
[2023-10-10T01:24:01.703+0000] {processor.py:179} INFO - Processing /home/airflow/.local/lib/python3.8/site-packages/airflow/example_dags/example_complex.py took 0.039 seconds
[2023-10-10T01:24:32.941+0000] {processor.py:157} INFO - Started process (PID=3174) to work on /home/airflow/.local/lib/python3.8/site-packages/airflow/example_dags/example_complex.py
[2023-10-10T01:24:32.942+0000] {processor.py:829} INFO - Processing file /home/airflow/.local/lib/python3.8/site-packages/airflow/example_dags/example_complex.py for tasks to queue
[2023-10-10T01:24:32.942+0000] {logging_mixin.py:151} INFO - [2023-10-10T01:24:32.942+0000] {dagbag.py:539} INFO - Filling up the DagBag from /home/airflow/.local/lib/python3.8/site-packages/airflow/example_dags/example_complex.py
[2023-10-10T01:24:32.948+0000] {processor.py:839} INFO - DAG(s) dict_keys(['example_complex']) retrieved from /home/airflow/.local/lib/python3.8/site-packages/airflow/example_dags/example_complex.py
[2023-10-10T01:24:32.965+0000] {logging_mixin.py:151} INFO - [2023-10-10T01:24:32.965+0000] {dag.py:2915} INFO - Sync 1 DAGs
[2023-10-10T01:24:32.971+0000] {logging_mixin.py:151} INFO - [2023-10-10T01:24:32.971+0000] {dag.py:3696} INFO - Setting next_dagrun for example_complex to None, run_after=None
[2023-10-10T01:24:32.981+0000] {processor.py:179} INFO - Processing /home/airflow/.local/lib/python3.8/site-packages/airflow/example_dags/example_complex.py took 0.042 seconds
[2023-10-10T01:25:04.106+0000] {processor.py:157} INFO - Started process (PID=3412) to work on /home/airflow/.local/lib/python3.8/site-packages/airflow/example_dags/example_complex.py
[2023-10-10T01:25:04.107+0000] {processor.py:829} INFO - Processing file /home/airflow/.local/lib/python3.8/site-packages/airflow/example_dags/example_complex.py for tasks to queue
[2023-10-10T01:25:04.107+0000] {logging_mixin.py:151} INFO - [2023-10-10T01:25:04.107+0000] {dagbag.py:539} INFO - Filling up the DagBag from /home/airflow/.local/lib/python3.8/site-packages/airflow/example_dags/example_complex.py
[2023-10-10T01:25:04.113+0000] {processor.py:839} INFO - DAG(s) dict_keys(['example_complex']) retrieved from /home/airflow/.local/lib/python3.8/site-packages/airflow/example_dags/example_complex.py
[2023-10-10T01:25:04.130+0000] {logging_mixin.py:151} INFO - [2023-10-10T01:25:04.130+0000] {dag.py:2915} INFO - Sync 1 DAGs
[2023-10-10T01:25:04.136+0000] {logging_mixin.py:151} INFO - [2023-10-10T01:25:04.136+0000] {dag.py:3696} INFO - Setting next_dagrun for example_complex to None, run_after=None
[2023-10-10T01:25:04.143+0000] {processor.py:179} INFO - Processing /home/airflow/.local/lib/python3.8/site-packages/airflow/example_dags/example_complex.py took 0.039 seconds
[2023-10-10T01:25:35.441+0000] {processor.py:157} INFO - Started process (PID=3650) to work on /home/airflow/.local/lib/python3.8/site-packages/airflow/example_dags/example_complex.py
[2023-10-10T01:25:35.441+0000] {processor.py:829} INFO - Processing file /home/airflow/.local/lib/python3.8/site-packages/airflow/example_dags/example_complex.py for tasks to queue
[2023-10-10T01:25:35.442+0000] {logging_mixin.py:151} INFO - [2023-10-10T01:25:35.442+0000] {dagbag.py:539} INFO - Filling up the DagBag from /home/airflow/.local/lib/python3.8/site-packages/airflow/example_dags/example_complex.py
[2023-10-10T01:25:35.447+0000] {processor.py:839} INFO - DAG(s) dict_keys(['example_complex']) retrieved from /home/airflow/.local/lib/python3.8/site-packages/airflow/example_dags/example_complex.py
[2023-10-10T01:25:35.470+0000] {logging_mixin.py:151} INFO - [2023-10-10T01:25:35.470+0000] {dag.py:2915} INFO - Sync 1 DAGs
[2023-10-10T01:25:35.477+0000] {logging_mixin.py:151} INFO - [2023-10-10T01:25:35.477+0000] {dag.py:3696} INFO - Setting next_dagrun for example_complex to None, run_after=None
[2023-10-10T01:25:35.485+0000] {processor.py:179} INFO - Processing /home/airflow/.local/lib/python3.8/site-packages/airflow/example_dags/example_complex.py took 0.046 seconds
[2023-10-10T01:26:06.749+0000] {processor.py:157} INFO - Started process (PID=3888) to work on /home/airflow/.local/lib/python3.8/site-packages/airflow/example_dags/example_complex.py
[2023-10-10T01:26:06.750+0000] {processor.py:829} INFO - Processing file /home/airflow/.local/lib/python3.8/site-packages/airflow/example_dags/example_complex.py for tasks to queue
[2023-10-10T01:26:06.751+0000] {logging_mixin.py:151} INFO - [2023-10-10T01:26:06.751+0000] {dagbag.py:539} INFO - Filling up the DagBag from /home/airflow/.local/lib/python3.8/site-packages/airflow/example_dags/example_complex.py
[2023-10-10T01:26:06.757+0000] {processor.py:839} INFO - DAG(s) dict_keys(['example_complex']) retrieved from /home/airflow/.local/lib/python3.8/site-packages/airflow/example_dags/example_complex.py
[2023-10-10T01:26:06.776+0000] {logging_mixin.py:151} INFO - [2023-10-10T01:26:06.776+0000] {dag.py:2915} INFO - Sync 1 DAGs
[2023-10-10T01:26:06.782+0000] {logging_mixin.py:151} INFO - [2023-10-10T01:26:06.781+0000] {dag.py:3696} INFO - Setting next_dagrun for example_complex to None, run_after=None
[2023-10-10T01:26:06.789+0000] {processor.py:179} INFO - Processing /home/airflow/.local/lib/python3.8/site-packages/airflow/example_dags/example_complex.py took 0.041 seconds
[2023-10-10T01:26:38.027+0000] {processor.py:157} INFO - Started process (PID=4127) to work on /home/airflow/.local/lib/python3.8/site-packages/airflow/example_dags/example_complex.py
[2023-10-10T01:26:38.028+0000] {processor.py:829} INFO - Processing file /home/airflow/.local/lib/python3.8/site-packages/airflow/example_dags/example_complex.py for tasks to queue
[2023-10-10T01:26:38.028+0000] {logging_mixin.py:151} INFO - [2023-10-10T01:26:38.028+0000] {dagbag.py:539} INFO - Filling up the DagBag from /home/airflow/.local/lib/python3.8/site-packages/airflow/example_dags/example_complex.py
[2023-10-10T01:26:38.034+0000] {processor.py:839} INFO - DAG(s) dict_keys(['example_complex']) retrieved from /home/airflow/.local/lib/python3.8/site-packages/airflow/example_dags/example_complex.py
[2023-10-10T01:26:38.051+0000] {logging_mixin.py:151} INFO - [2023-10-10T01:26:38.051+0000] {dag.py:2915} INFO - Sync 1 DAGs
[2023-10-10T01:26:38.057+0000] {logging_mixin.py:151} INFO - [2023-10-10T01:26:38.057+0000] {dag.py:3696} INFO - Setting next_dagrun for example_complex to None, run_after=None
[2023-10-10T01:26:38.065+0000] {processor.py:179} INFO - Processing /home/airflow/.local/lib/python3.8/site-packages/airflow/example_dags/example_complex.py took 0.039 seconds
[2023-10-10T01:27:09.221+0000] {processor.py:157} INFO - Started process (PID=4365) to work on /home/airflow/.local/lib/python3.8/site-packages/airflow/example_dags/example_complex.py
[2023-10-10T01:27:09.221+0000] {processor.py:829} INFO - Processing file /home/airflow/.local/lib/python3.8/site-packages/airflow/example_dags/example_complex.py for tasks to queue
[2023-10-10T01:27:09.222+0000] {logging_mixin.py:151} INFO - [2023-10-10T01:27:09.222+0000] {dagbag.py:539} INFO - Filling up the DagBag from /home/airflow/.local/lib/python3.8/site-packages/airflow/example_dags/example_complex.py
[2023-10-10T01:27:09.228+0000] {processor.py:839} INFO - DAG(s) dict_keys(['example_complex']) retrieved from /home/airflow/.local/lib/python3.8/site-packages/airflow/example_dags/example_complex.py
[2023-10-10T01:27:09.247+0000] {logging_mixin.py:151} INFO - [2023-10-10T01:27:09.247+0000] {dag.py:2915} INFO - Sync 1 DAGs
[2023-10-10T01:27:09.263+0000] {logging_mixin.py:151} INFO - [2023-10-10T01:27:09.262+0000] {dag.py:3696} INFO - Setting next_dagrun for example_complex to None, run_after=None
[2023-10-10T01:27:09.301+0000] {processor.py:179} INFO - Processing /home/airflow/.local/lib/python3.8/site-packages/airflow/example_dags/example_complex.py took 0.083 seconds
[2023-10-10T01:27:40.418+0000] {processor.py:157} INFO - Started process (PID=4603) to work on /home/airflow/.local/lib/python3.8/site-packages/airflow/example_dags/example_complex.py
[2023-10-10T01:27:40.419+0000] {processor.py:829} INFO - Processing file /home/airflow/.local/lib/python3.8/site-packages/airflow/example_dags/example_complex.py for tasks to queue
[2023-10-10T01:27:40.419+0000] {logging_mixin.py:151} INFO - [2023-10-10T01:27:40.419+0000] {dagbag.py:539} INFO - Filling up the DagBag from /home/airflow/.local/lib/python3.8/site-packages/airflow/example_dags/example_complex.py
[2023-10-10T01:27:40.425+0000] {processor.py:839} INFO - DAG(s) dict_keys(['example_complex']) retrieved from /home/airflow/.local/lib/python3.8/site-packages/airflow/example_dags/example_complex.py
[2023-10-10T01:27:40.444+0000] {logging_mixin.py:151} INFO - [2023-10-10T01:27:40.444+0000] {dag.py:2915} INFO - Sync 1 DAGs
[2023-10-10T01:27:40.451+0000] {logging_mixin.py:151} INFO - [2023-10-10T01:27:40.451+0000] {dag.py:3696} INFO - Setting next_dagrun for example_complex to None, run_after=None
[2023-10-10T01:27:40.459+0000] {processor.py:179} INFO - Processing /home/airflow/.local/lib/python3.8/site-packages/airflow/example_dags/example_complex.py took 0.043 seconds
[2023-10-10T01:28:11.894+0000] {processor.py:157} INFO - Started process (PID=4841) to work on /home/airflow/.local/lib/python3.8/site-packages/airflow/example_dags/example_complex.py
[2023-10-10T01:28:11.895+0000] {processor.py:829} INFO - Processing file /home/airflow/.local/lib/python3.8/site-packages/airflow/example_dags/example_complex.py for tasks to queue
[2023-10-10T01:28:11.895+0000] {logging_mixin.py:151} INFO - [2023-10-10T01:28:11.895+0000] {dagbag.py:539} INFO - Filling up the DagBag from /home/airflow/.local/lib/python3.8/site-packages/airflow/example_dags/example_complex.py
[2023-10-10T01:28:11.901+0000] {processor.py:839} INFO - DAG(s) dict_keys(['example_complex']) retrieved from /home/airflow/.local/lib/python3.8/site-packages/airflow/example_dags/example_complex.py
[2023-10-10T01:28:11.918+0000] {logging_mixin.py:151} INFO - [2023-10-10T01:28:11.917+0000] {dag.py:2915} INFO - Sync 1 DAGs
[2023-10-10T01:28:11.924+0000] {logging_mixin.py:151} INFO - [2023-10-10T01:28:11.923+0000] {dag.py:3696} INFO - Setting next_dagrun for example_complex to None, run_after=None
[2023-10-10T01:28:11.932+0000] {processor.py:179} INFO - Processing /home/airflow/.local/lib/python3.8/site-packages/airflow/example_dags/example_complex.py took 0.040 seconds
[2023-10-10T01:28:43.261+0000] {processor.py:157} INFO - Started process (PID=5079) to work on /home/airflow/.local/lib/python3.8/site-packages/airflow/example_dags/example_complex.py
[2023-10-10T01:28:43.262+0000] {processor.py:829} INFO - Processing file /home/airflow/.local/lib/python3.8/site-packages/airflow/example_dags/example_complex.py for tasks to queue
[2023-10-10T01:28:43.263+0000] {logging_mixin.py:151} INFO - [2023-10-10T01:28:43.262+0000] {dagbag.py:539} INFO - Filling up the DagBag from /home/airflow/.local/lib/python3.8/site-packages/airflow/example_dags/example_complex.py
[2023-10-10T01:28:43.271+0000] {processor.py:839} INFO - DAG(s) dict_keys(['example_complex']) retrieved from /home/airflow/.local/lib/python3.8/site-packages/airflow/example_dags/example_complex.py
[2023-10-10T01:28:43.290+0000] {logging_mixin.py:151} INFO - [2023-10-10T01:28:43.290+0000] {dag.py:2915} INFO - Sync 1 DAGs
[2023-10-10T01:28:43.297+0000] {logging_mixin.py:151} INFO - [2023-10-10T01:28:43.297+0000] {dag.py:3696} INFO - Setting next_dagrun for example_complex to None, run_after=None
[2023-10-10T01:28:43.306+0000] {processor.py:179} INFO - Processing /home/airflow/.local/lib/python3.8/site-packages/airflow/example_dags/example_complex.py took 0.049 seconds
[2023-10-10T01:29:14.392+0000] {processor.py:157} INFO - Started process (PID=5317) to work on /home/airflow/.local/lib/python3.8/site-packages/airflow/example_dags/example_complex.py
[2023-10-10T01:29:14.392+0000] {processor.py:829} INFO - Processing file /home/airflow/.local/lib/python3.8/site-packages/airflow/example_dags/example_complex.py for tasks to queue
[2023-10-10T01:29:14.393+0000] {logging_mixin.py:151} INFO - [2023-10-10T01:29:14.393+0000] {dagbag.py:539} INFO - Filling up the DagBag from /home/airflow/.local/lib/python3.8/site-packages/airflow/example_dags/example_complex.py
[2023-10-10T01:29:14.399+0000] {processor.py:839} INFO - DAG(s) dict_keys(['example_complex']) retrieved from /home/airflow/.local/lib/python3.8/site-packages/airflow/example_dags/example_complex.py
[2023-10-10T01:29:14.416+0000] {logging_mixin.py:151} INFO - [2023-10-10T01:29:14.416+0000] {dag.py:2915} INFO - Sync 1 DAGs
[2023-10-10T01:29:14.422+0000] {logging_mixin.py:151} INFO - [2023-10-10T01:29:14.422+0000] {dag.py:3696} INFO - Setting next_dagrun for example_complex to None, run_after=None
[2023-10-10T01:29:14.429+0000] {processor.py:179} INFO - Processing /home/airflow/.local/lib/python3.8/site-packages/airflow/example_dags/example_complex.py took 0.040 seconds
[2023-10-10T01:29:45.612+0000] {processor.py:157} INFO - Started process (PID=5555) to work on /home/airflow/.local/lib/python3.8/site-packages/airflow/example_dags/example_complex.py
[2023-10-10T01:29:45.612+0000] {processor.py:829} INFO - Processing file /home/airflow/.local/lib/python3.8/site-packages/airflow/example_dags/example_complex.py for tasks to queue
[2023-10-10T01:29:45.613+0000] {logging_mixin.py:151} INFO - [2023-10-10T01:29:45.613+0000] {dagbag.py:539} INFO - Filling up the DagBag from /home/airflow/.local/lib/python3.8/site-packages/airflow/example_dags/example_complex.py
[2023-10-10T01:29:45.619+0000] {processor.py:839} INFO - DAG(s) dict_keys(['example_complex']) retrieved from /home/airflow/.local/lib/python3.8/site-packages/airflow/example_dags/example_complex.py
[2023-10-10T01:29:45.636+0000] {logging_mixin.py:151} INFO - [2023-10-10T01:29:45.636+0000] {dag.py:2915} INFO - Sync 1 DAGs
[2023-10-10T01:29:45.642+0000] {logging_mixin.py:151} INFO - [2023-10-10T01:29:45.642+0000] {dag.py:3696} INFO - Setting next_dagrun for example_complex to None, run_after=None
[2023-10-10T01:29:45.649+0000] {processor.py:179} INFO - Processing /home/airflow/.local/lib/python3.8/site-packages/airflow/example_dags/example_complex.py took 0.040 seconds
[2023-10-10T01:30:17.000+0000] {processor.py:157} INFO - Started process (PID=5800) to work on /home/airflow/.local/lib/python3.8/site-packages/airflow/example_dags/example_complex.py
[2023-10-10T01:30:17.001+0000] {processor.py:829} INFO - Processing file /home/airflow/.local/lib/python3.8/site-packages/airflow/example_dags/example_complex.py for tasks to queue
[2023-10-10T01:30:17.001+0000] {logging_mixin.py:151} INFO - [2023-10-10T01:30:17.001+0000] {dagbag.py:539} INFO - Filling up the DagBag from /home/airflow/.local/lib/python3.8/site-packages/airflow/example_dags/example_complex.py
[2023-10-10T01:30:17.006+0000] {processor.py:839} INFO - DAG(s) dict_keys(['example_complex']) retrieved from /home/airflow/.local/lib/python3.8/site-packages/airflow/example_dags/example_complex.py
[2023-10-10T01:30:17.023+0000] {logging_mixin.py:151} INFO - [2023-10-10T01:30:17.023+0000] {dag.py:2915} INFO - Sync 1 DAGs
[2023-10-10T01:30:17.031+0000] {logging_mixin.py:151} INFO - [2023-10-10T01:30:17.031+0000] {dag.py:3696} INFO - Setting next_dagrun for example_complex to None, run_after=None
[2023-10-10T01:30:17.042+0000] {processor.py:179} INFO - Processing /home/airflow/.local/lib/python3.8/site-packages/airflow/example_dags/example_complex.py took 0.045 seconds
[2023-10-10T01:30:48.189+0000] {processor.py:157} INFO - Started process (PID=6039) to work on /home/airflow/.local/lib/python3.8/site-packages/airflow/example_dags/example_complex.py
[2023-10-10T01:30:48.190+0000] {processor.py:829} INFO - Processing file /home/airflow/.local/lib/python3.8/site-packages/airflow/example_dags/example_complex.py for tasks to queue
[2023-10-10T01:30:48.190+0000] {logging_mixin.py:151} INFO - [2023-10-10T01:30:48.190+0000] {dagbag.py:539} INFO - Filling up the DagBag from /home/airflow/.local/lib/python3.8/site-packages/airflow/example_dags/example_complex.py
[2023-10-10T01:30:48.196+0000] {processor.py:839} INFO - DAG(s) dict_keys(['example_complex']) retrieved from /home/airflow/.local/lib/python3.8/site-packages/airflow/example_dags/example_complex.py
[2023-10-10T01:30:48.213+0000] {logging_mixin.py:151} INFO - [2023-10-10T01:30:48.213+0000] {dag.py:2915} INFO - Sync 1 DAGs
[2023-10-10T01:30:48.221+0000] {logging_mixin.py:151} INFO - [2023-10-10T01:30:48.221+0000] {dag.py:3696} INFO - Setting next_dagrun for example_complex to None, run_after=None
[2023-10-10T01:30:48.228+0000] {processor.py:179} INFO - Processing /home/airflow/.local/lib/python3.8/site-packages/airflow/example_dags/example_complex.py took 0.041 seconds
[2023-10-10T01:31:18.919+0000] {processor.py:157} INFO - Started process (PID=6279) to work on /home/airflow/.local/lib/python3.8/site-packages/airflow/example_dags/example_complex.py
[2023-10-10T01:31:18.920+0000] {processor.py:829} INFO - Processing file /home/airflow/.local/lib/python3.8/site-packages/airflow/example_dags/example_complex.py for tasks to queue
[2023-10-10T01:31:18.920+0000] {logging_mixin.py:151} INFO - [2023-10-10T01:31:18.920+0000] {dagbag.py:539} INFO - Filling up the DagBag from /home/airflow/.local/lib/python3.8/site-packages/airflow/example_dags/example_complex.py
[2023-10-10T01:31:18.926+0000] {processor.py:839} INFO - DAG(s) dict_keys(['example_complex']) retrieved from /home/airflow/.local/lib/python3.8/site-packages/airflow/example_dags/example_complex.py
[2023-10-10T01:31:18.943+0000] {logging_mixin.py:151} INFO - [2023-10-10T01:31:18.943+0000] {dag.py:2915} INFO - Sync 1 DAGs
[2023-10-10T01:31:18.948+0000] {logging_mixin.py:151} INFO - [2023-10-10T01:31:18.948+0000] {dag.py:3696} INFO - Setting next_dagrun for example_complex to None, run_after=None
[2023-10-10T01:31:18.957+0000] {processor.py:179} INFO - Processing /home/airflow/.local/lib/python3.8/site-packages/airflow/example_dags/example_complex.py took 0.040 seconds
