[2023-10-10T01:18:20.294+0000] {processor.py:157} INFO - Started process (PID=237) to work on /home/airflow/.local/lib/python3.8/site-packages/airflow/example_dags/example_setup_teardown_taskflow.py
[2023-10-10T01:18:20.295+0000] {processor.py:829} INFO - Processing file /home/airflow/.local/lib/python3.8/site-packages/airflow/example_dags/example_setup_teardown_taskflow.py for tasks to queue
[2023-10-10T01:18:20.296+0000] {logging_mixin.py:151} INFO - [2023-10-10T01:18:20.296+0000] {dagbag.py:539} INFO - Filling up the DagBag from /home/airflow/.local/lib/python3.8/site-packages/airflow/example_dags/example_setup_teardown_taskflow.py
[2023-10-10T01:18:20.305+0000] {processor.py:839} INFO - DAG(s) dict_keys(['example_setup_teardown_taskflow']) retrieved from /home/airflow/.local/lib/python3.8/site-packages/airflow/example_dags/example_setup_teardown_taskflow.py
[2023-10-10T01:18:20.318+0000] {logging_mixin.py:151} INFO - [2023-10-10T01:18:20.318+0000] {dag.py:2915} INFO - Sync 1 DAGs
[2023-10-10T01:18:20.331+0000] {logging_mixin.py:151} INFO - [2023-10-10T01:18:20.331+0000] {dag.py:3696} INFO - Setting next_dagrun for example_setup_teardown_taskflow to 2023-10-09T01:18:20.331485+00:00, run_after=2023-10-10T01:18:20.331485+00:00
[2023-10-10T01:18:20.433+0000] {processor.py:179} INFO - Processing /home/airflow/.local/lib/python3.8/site-packages/airflow/example_dags/example_setup_teardown_taskflow.py took 0.143 seconds
[2023-10-10T01:18:51.422+0000] {processor.py:157} INFO - Started process (PID=475) to work on /home/airflow/.local/lib/python3.8/site-packages/airflow/example_dags/example_setup_teardown_taskflow.py
[2023-10-10T01:18:51.423+0000] {processor.py:829} INFO - Processing file /home/airflow/.local/lib/python3.8/site-packages/airflow/example_dags/example_setup_teardown_taskflow.py for tasks to queue
[2023-10-10T01:18:51.424+0000] {logging_mixin.py:151} INFO - [2023-10-10T01:18:51.424+0000] {dagbag.py:539} INFO - Filling up the DagBag from /home/airflow/.local/lib/python3.8/site-packages/airflow/example_dags/example_setup_teardown_taskflow.py
[2023-10-10T01:18:51.429+0000] {processor.py:839} INFO - DAG(s) dict_keys(['example_setup_teardown_taskflow']) retrieved from /home/airflow/.local/lib/python3.8/site-packages/airflow/example_dags/example_setup_teardown_taskflow.py
[2023-10-10T01:18:51.445+0000] {logging_mixin.py:151} INFO - [2023-10-10T01:18:51.445+0000] {dag.py:2915} INFO - Sync 1 DAGs
[2023-10-10T01:18:51.461+0000] {logging_mixin.py:151} INFO - [2023-10-10T01:18:51.460+0000] {dag.py:3696} INFO - Setting next_dagrun for example_setup_teardown_taskflow to 2023-10-09T01:18:51.460755+00:00, run_after=2023-10-10T01:18:51.460755+00:00
[2023-10-10T01:18:51.469+0000] {processor.py:179} INFO - Processing /home/airflow/.local/lib/python3.8/site-packages/airflow/example_dags/example_setup_teardown_taskflow.py took 0.049 seconds
[2023-10-10T01:19:21.558+0000] {processor.py:157} INFO - Started process (PID=713) to work on /home/airflow/.local/lib/python3.8/site-packages/airflow/example_dags/example_setup_teardown_taskflow.py
[2023-10-10T01:19:21.559+0000] {processor.py:829} INFO - Processing file /home/airflow/.local/lib/python3.8/site-packages/airflow/example_dags/example_setup_teardown_taskflow.py for tasks to queue
[2023-10-10T01:19:21.560+0000] {logging_mixin.py:151} INFO - [2023-10-10T01:19:21.559+0000] {dagbag.py:539} INFO - Filling up the DagBag from /home/airflow/.local/lib/python3.8/site-packages/airflow/example_dags/example_setup_teardown_taskflow.py
[2023-10-10T01:19:21.565+0000] {processor.py:839} INFO - DAG(s) dict_keys(['example_setup_teardown_taskflow']) retrieved from /home/airflow/.local/lib/python3.8/site-packages/airflow/example_dags/example_setup_teardown_taskflow.py
[2023-10-10T01:19:21.580+0000] {logging_mixin.py:151} INFO - [2023-10-10T01:19:21.580+0000] {dag.py:2915} INFO - Sync 1 DAGs
[2023-10-10T01:19:21.592+0000] {logging_mixin.py:151} INFO - [2023-10-10T01:19:21.591+0000] {dag.py:3696} INFO - Setting next_dagrun for example_setup_teardown_taskflow to 2023-10-09T01:19:21.591808+00:00, run_after=2023-10-10T01:19:21.591808+00:00
[2023-10-10T01:19:21.599+0000] {processor.py:179} INFO - Processing /home/airflow/.local/lib/python3.8/site-packages/airflow/example_dags/example_setup_teardown_taskflow.py took 0.043 seconds
[2023-10-10T01:19:51.855+0000] {processor.py:157} INFO - Started process (PID=952) to work on /home/airflow/.local/lib/python3.8/site-packages/airflow/example_dags/example_setup_teardown_taskflow.py
[2023-10-10T01:19:51.855+0000] {processor.py:829} INFO - Processing file /home/airflow/.local/lib/python3.8/site-packages/airflow/example_dags/example_setup_teardown_taskflow.py for tasks to queue
[2023-10-10T01:19:51.856+0000] {logging_mixin.py:151} INFO - [2023-10-10T01:19:51.856+0000] {dagbag.py:539} INFO - Filling up the DagBag from /home/airflow/.local/lib/python3.8/site-packages/airflow/example_dags/example_setup_teardown_taskflow.py
[2023-10-10T01:19:51.866+0000] {processor.py:839} INFO - DAG(s) dict_keys(['example_setup_teardown_taskflow']) retrieved from /home/airflow/.local/lib/python3.8/site-packages/airflow/example_dags/example_setup_teardown_taskflow.py
[2023-10-10T01:19:51.881+0000] {logging_mixin.py:151} INFO - [2023-10-10T01:19:51.881+0000] {dag.py:2915} INFO - Sync 1 DAGs
[2023-10-10T01:19:51.893+0000] {logging_mixin.py:151} INFO - [2023-10-10T01:19:51.893+0000] {dag.py:3696} INFO - Setting next_dagrun for example_setup_teardown_taskflow to 2023-10-09T01:19:51.893431+00:00, run_after=2023-10-10T01:19:51.893431+00:00
[2023-10-10T01:19:51.901+0000] {processor.py:179} INFO - Processing /home/airflow/.local/lib/python3.8/site-packages/airflow/example_dags/example_setup_teardown_taskflow.py took 0.049 seconds
[2023-10-10T01:20:22.180+0000] {processor.py:157} INFO - Started process (PID=1190) to work on /home/airflow/.local/lib/python3.8/site-packages/airflow/example_dags/example_setup_teardown_taskflow.py
[2023-10-10T01:20:22.181+0000] {processor.py:829} INFO - Processing file /home/airflow/.local/lib/python3.8/site-packages/airflow/example_dags/example_setup_teardown_taskflow.py for tasks to queue
[2023-10-10T01:20:22.181+0000] {logging_mixin.py:151} INFO - [2023-10-10T01:20:22.181+0000] {dagbag.py:539} INFO - Filling up the DagBag from /home/airflow/.local/lib/python3.8/site-packages/airflow/example_dags/example_setup_teardown_taskflow.py
[2023-10-10T01:20:22.187+0000] {processor.py:839} INFO - DAG(s) dict_keys(['example_setup_teardown_taskflow']) retrieved from /home/airflow/.local/lib/python3.8/site-packages/airflow/example_dags/example_setup_teardown_taskflow.py
[2023-10-10T01:20:22.201+0000] {logging_mixin.py:151} INFO - [2023-10-10T01:20:22.200+0000] {dag.py:2915} INFO - Sync 1 DAGs
[2023-10-10T01:20:22.211+0000] {logging_mixin.py:151} INFO - [2023-10-10T01:20:22.210+0000] {dag.py:3696} INFO - Setting next_dagrun for example_setup_teardown_taskflow to 2023-10-09T01:20:22.210770+00:00, run_after=2023-10-10T01:20:22.210770+00:00
[2023-10-10T01:20:22.218+0000] {processor.py:179} INFO - Processing /home/airflow/.local/lib/python3.8/site-packages/airflow/example_dags/example_setup_teardown_taskflow.py took 0.040 seconds
[2023-10-10T01:20:52.369+0000] {processor.py:157} INFO - Started process (PID=1428) to work on /home/airflow/.local/lib/python3.8/site-packages/airflow/example_dags/example_setup_teardown_taskflow.py
[2023-10-10T01:20:52.370+0000] {processor.py:829} INFO - Processing file /home/airflow/.local/lib/python3.8/site-packages/airflow/example_dags/example_setup_teardown_taskflow.py for tasks to queue
[2023-10-10T01:20:52.371+0000] {logging_mixin.py:151} INFO - [2023-10-10T01:20:52.371+0000] {dagbag.py:539} INFO - Filling up the DagBag from /home/airflow/.local/lib/python3.8/site-packages/airflow/example_dags/example_setup_teardown_taskflow.py
[2023-10-10T01:20:52.380+0000] {processor.py:839} INFO - DAG(s) dict_keys(['example_setup_teardown_taskflow']) retrieved from /home/airflow/.local/lib/python3.8/site-packages/airflow/example_dags/example_setup_teardown_taskflow.py
[2023-10-10T01:20:52.396+0000] {logging_mixin.py:151} INFO - [2023-10-10T01:20:52.395+0000] {dag.py:2915} INFO - Sync 1 DAGs
[2023-10-10T01:20:52.407+0000] {logging_mixin.py:151} INFO - [2023-10-10T01:20:52.407+0000] {dag.py:3696} INFO - Setting next_dagrun for example_setup_teardown_taskflow to 2023-10-09T01:20:52.407505+00:00, run_after=2023-10-10T01:20:52.407505+00:00
[2023-10-10T01:20:52.415+0000] {processor.py:179} INFO - Processing /home/airflow/.local/lib/python3.8/site-packages/airflow/example_dags/example_setup_teardown_taskflow.py took 0.050 seconds
[2023-10-10T01:21:22.559+0000] {processor.py:157} INFO - Started process (PID=1666) to work on /home/airflow/.local/lib/python3.8/site-packages/airflow/example_dags/example_setup_teardown_taskflow.py
[2023-10-10T01:21:22.560+0000] {processor.py:829} INFO - Processing file /home/airflow/.local/lib/python3.8/site-packages/airflow/example_dags/example_setup_teardown_taskflow.py for tasks to queue
[2023-10-10T01:21:22.560+0000] {logging_mixin.py:151} INFO - [2023-10-10T01:21:22.560+0000] {dagbag.py:539} INFO - Filling up the DagBag from /home/airflow/.local/lib/python3.8/site-packages/airflow/example_dags/example_setup_teardown_taskflow.py
[2023-10-10T01:21:22.566+0000] {processor.py:839} INFO - DAG(s) dict_keys(['example_setup_teardown_taskflow']) retrieved from /home/airflow/.local/lib/python3.8/site-packages/airflow/example_dags/example_setup_teardown_taskflow.py
[2023-10-10T01:21:22.578+0000] {logging_mixin.py:151} INFO - [2023-10-10T01:21:22.578+0000] {dag.py:2915} INFO - Sync 1 DAGs
[2023-10-10T01:21:22.588+0000] {logging_mixin.py:151} INFO - [2023-10-10T01:21:22.588+0000] {dag.py:3696} INFO - Setting next_dagrun for example_setup_teardown_taskflow to 2023-10-09T01:21:22.588632+00:00, run_after=2023-10-10T01:21:22.588632+00:00
[2023-10-10T01:21:22.596+0000] {processor.py:179} INFO - Processing /home/airflow/.local/lib/python3.8/site-packages/airflow/example_dags/example_setup_teardown_taskflow.py took 0.039 seconds
[2023-10-10T01:21:52.766+0000] {processor.py:157} INFO - Started process (PID=1904) to work on /home/airflow/.local/lib/python3.8/site-packages/airflow/example_dags/example_setup_teardown_taskflow.py
[2023-10-10T01:21:52.767+0000] {processor.py:829} INFO - Processing file /home/airflow/.local/lib/python3.8/site-packages/airflow/example_dags/example_setup_teardown_taskflow.py for tasks to queue
[2023-10-10T01:21:52.767+0000] {logging_mixin.py:151} INFO - [2023-10-10T01:21:52.767+0000] {dagbag.py:539} INFO - Filling up the DagBag from /home/airflow/.local/lib/python3.8/site-packages/airflow/example_dags/example_setup_teardown_taskflow.py
[2023-10-10T01:21:52.776+0000] {processor.py:839} INFO - DAG(s) dict_keys(['example_setup_teardown_taskflow']) retrieved from /home/airflow/.local/lib/python3.8/site-packages/airflow/example_dags/example_setup_teardown_taskflow.py
[2023-10-10T01:21:52.790+0000] {logging_mixin.py:151} INFO - [2023-10-10T01:21:52.790+0000] {dag.py:2915} INFO - Sync 1 DAGs
[2023-10-10T01:21:52.800+0000] {logging_mixin.py:151} INFO - [2023-10-10T01:21:52.800+0000] {dag.py:3696} INFO - Setting next_dagrun for example_setup_teardown_taskflow to 2023-10-09T01:21:52.800174+00:00, run_after=2023-10-10T01:21:52.800174+00:00
[2023-10-10T01:21:52.808+0000] {processor.py:179} INFO - Processing /home/airflow/.local/lib/python3.8/site-packages/airflow/example_dags/example_setup_teardown_taskflow.py took 0.045 seconds
[2023-10-10T01:22:23.104+0000] {processor.py:157} INFO - Started process (PID=2142) to work on /home/airflow/.local/lib/python3.8/site-packages/airflow/example_dags/example_setup_teardown_taskflow.py
[2023-10-10T01:22:23.105+0000] {processor.py:829} INFO - Processing file /home/airflow/.local/lib/python3.8/site-packages/airflow/example_dags/example_setup_teardown_taskflow.py for tasks to queue
[2023-10-10T01:22:23.106+0000] {logging_mixin.py:151} INFO - [2023-10-10T01:22:23.105+0000] {dagbag.py:539} INFO - Filling up the DagBag from /home/airflow/.local/lib/python3.8/site-packages/airflow/example_dags/example_setup_teardown_taskflow.py
[2023-10-10T01:22:23.111+0000] {processor.py:839} INFO - DAG(s) dict_keys(['example_setup_teardown_taskflow']) retrieved from /home/airflow/.local/lib/python3.8/site-packages/airflow/example_dags/example_setup_teardown_taskflow.py
[2023-10-10T01:22:23.127+0000] {logging_mixin.py:151} INFO - [2023-10-10T01:22:23.127+0000] {dag.py:2915} INFO - Sync 1 DAGs
[2023-10-10T01:22:23.137+0000] {logging_mixin.py:151} INFO - [2023-10-10T01:22:23.137+0000] {dag.py:3696} INFO - Setting next_dagrun for example_setup_teardown_taskflow to 2023-10-09T01:22:23.137273+00:00, run_after=2023-10-10T01:22:23.137273+00:00
[2023-10-10T01:22:23.144+0000] {processor.py:179} INFO - Processing /home/airflow/.local/lib/python3.8/site-packages/airflow/example_dags/example_setup_teardown_taskflow.py took 0.042 seconds
[2023-10-10T01:22:53.213+0000] {processor.py:157} INFO - Started process (PID=2382) to work on /home/airflow/.local/lib/python3.8/site-packages/airflow/example_dags/example_setup_teardown_taskflow.py
[2023-10-10T01:22:53.214+0000] {processor.py:829} INFO - Processing file /home/airflow/.local/lib/python3.8/site-packages/airflow/example_dags/example_setup_teardown_taskflow.py for tasks to queue
[2023-10-10T01:22:53.215+0000] {logging_mixin.py:151} INFO - [2023-10-10T01:22:53.215+0000] {dagbag.py:539} INFO - Filling up the DagBag from /home/airflow/.local/lib/python3.8/site-packages/airflow/example_dags/example_setup_teardown_taskflow.py
[2023-10-10T01:22:53.221+0000] {processor.py:839} INFO - DAG(s) dict_keys(['example_setup_teardown_taskflow']) retrieved from /home/airflow/.local/lib/python3.8/site-packages/airflow/example_dags/example_setup_teardown_taskflow.py
[2023-10-10T01:22:53.234+0000] {logging_mixin.py:151} INFO - [2023-10-10T01:22:53.234+0000] {dag.py:2915} INFO - Sync 1 DAGs
[2023-10-10T01:22:53.245+0000] {logging_mixin.py:151} INFO - [2023-10-10T01:22:53.245+0000] {dag.py:3696} INFO - Setting next_dagrun for example_setup_teardown_taskflow to 2023-10-09T01:22:53.245093+00:00, run_after=2023-10-10T01:22:53.245093+00:00
[2023-10-10T01:22:53.255+0000] {processor.py:179} INFO - Processing /home/airflow/.local/lib/python3.8/site-packages/airflow/example_dags/example_setup_teardown_taskflow.py took 0.044 seconds
[2023-10-10T01:23:23.563+0000] {processor.py:157} INFO - Started process (PID=2619) to work on /home/airflow/.local/lib/python3.8/site-packages/airflow/example_dags/example_setup_teardown_taskflow.py
[2023-10-10T01:23:23.564+0000] {processor.py:829} INFO - Processing file /home/airflow/.local/lib/python3.8/site-packages/airflow/example_dags/example_setup_teardown_taskflow.py for tasks to queue
[2023-10-10T01:23:23.564+0000] {logging_mixin.py:151} INFO - [2023-10-10T01:23:23.564+0000] {dagbag.py:539} INFO - Filling up the DagBag from /home/airflow/.local/lib/python3.8/site-packages/airflow/example_dags/example_setup_teardown_taskflow.py
[2023-10-10T01:23:23.571+0000] {processor.py:839} INFO - DAG(s) dict_keys(['example_setup_teardown_taskflow']) retrieved from /home/airflow/.local/lib/python3.8/site-packages/airflow/example_dags/example_setup_teardown_taskflow.py
[2023-10-10T01:23:23.586+0000] {logging_mixin.py:151} INFO - [2023-10-10T01:23:23.586+0000] {dag.py:2915} INFO - Sync 1 DAGs
[2023-10-10T01:23:23.596+0000] {logging_mixin.py:151} INFO - [2023-10-10T01:23:23.596+0000] {dag.py:3696} INFO - Setting next_dagrun for example_setup_teardown_taskflow to 2023-10-09T01:23:23.596427+00:00, run_after=2023-10-10T01:23:23.596427+00:00
[2023-10-10T01:23:23.604+0000] {processor.py:179} INFO - Processing /home/airflow/.local/lib/python3.8/site-packages/airflow/example_dags/example_setup_teardown_taskflow.py took 0.043 seconds
[2023-10-10T01:23:53.863+0000] {processor.py:157} INFO - Started process (PID=2856) to work on /home/airflow/.local/lib/python3.8/site-packages/airflow/example_dags/example_setup_teardown_taskflow.py
[2023-10-10T01:23:53.864+0000] {processor.py:829} INFO - Processing file /home/airflow/.local/lib/python3.8/site-packages/airflow/example_dags/example_setup_teardown_taskflow.py for tasks to queue
[2023-10-10T01:23:53.864+0000] {logging_mixin.py:151} INFO - [2023-10-10T01:23:53.864+0000] {dagbag.py:539} INFO - Filling up the DagBag from /home/airflow/.local/lib/python3.8/site-packages/airflow/example_dags/example_setup_teardown_taskflow.py
[2023-10-10T01:23:53.871+0000] {processor.py:839} INFO - DAG(s) dict_keys(['example_setup_teardown_taskflow']) retrieved from /home/airflow/.local/lib/python3.8/site-packages/airflow/example_dags/example_setup_teardown_taskflow.py
[2023-10-10T01:23:53.885+0000] {logging_mixin.py:151} INFO - [2023-10-10T01:23:53.884+0000] {dag.py:2915} INFO - Sync 1 DAGs
[2023-10-10T01:23:53.894+0000] {logging_mixin.py:151} INFO - [2023-10-10T01:23:53.894+0000] {dag.py:3696} INFO - Setting next_dagrun for example_setup_teardown_taskflow to 2023-10-09T01:23:53.894567+00:00, run_after=2023-10-10T01:23:53.894567+00:00
[2023-10-10T01:23:53.902+0000] {processor.py:179} INFO - Processing /home/airflow/.local/lib/python3.8/site-packages/airflow/example_dags/example_setup_teardown_taskflow.py took 0.042 seconds
[2023-10-10T01:24:24.118+0000] {processor.py:157} INFO - Started process (PID=3094) to work on /home/airflow/.local/lib/python3.8/site-packages/airflow/example_dags/example_setup_teardown_taskflow.py
[2023-10-10T01:24:24.119+0000] {processor.py:829} INFO - Processing file /home/airflow/.local/lib/python3.8/site-packages/airflow/example_dags/example_setup_teardown_taskflow.py for tasks to queue
[2023-10-10T01:24:24.119+0000] {logging_mixin.py:151} INFO - [2023-10-10T01:24:24.119+0000] {dagbag.py:539} INFO - Filling up the DagBag from /home/airflow/.local/lib/python3.8/site-packages/airflow/example_dags/example_setup_teardown_taskflow.py
[2023-10-10T01:24:24.125+0000] {processor.py:839} INFO - DAG(s) dict_keys(['example_setup_teardown_taskflow']) retrieved from /home/airflow/.local/lib/python3.8/site-packages/airflow/example_dags/example_setup_teardown_taskflow.py
[2023-10-10T01:24:24.138+0000] {logging_mixin.py:151} INFO - [2023-10-10T01:24:24.138+0000] {dag.py:2915} INFO - Sync 1 DAGs
[2023-10-10T01:24:24.148+0000] {logging_mixin.py:151} INFO - [2023-10-10T01:24:24.148+0000] {dag.py:3696} INFO - Setting next_dagrun for example_setup_teardown_taskflow to 2023-10-09T01:24:24.148225+00:00, run_after=2023-10-10T01:24:24.148225+00:00
[2023-10-10T01:24:24.155+0000] {processor.py:179} INFO - Processing /home/airflow/.local/lib/python3.8/site-packages/airflow/example_dags/example_setup_teardown_taskflow.py took 0.039 seconds
[2023-10-10T01:24:54.361+0000] {processor.py:157} INFO - Started process (PID=3332) to work on /home/airflow/.local/lib/python3.8/site-packages/airflow/example_dags/example_setup_teardown_taskflow.py
[2023-10-10T01:24:54.362+0000] {processor.py:829} INFO - Processing file /home/airflow/.local/lib/python3.8/site-packages/airflow/example_dags/example_setup_teardown_taskflow.py for tasks to queue
[2023-10-10T01:24:54.362+0000] {logging_mixin.py:151} INFO - [2023-10-10T01:24:54.362+0000] {dagbag.py:539} INFO - Filling up the DagBag from /home/airflow/.local/lib/python3.8/site-packages/airflow/example_dags/example_setup_teardown_taskflow.py
[2023-10-10T01:24:54.368+0000] {processor.py:839} INFO - DAG(s) dict_keys(['example_setup_teardown_taskflow']) retrieved from /home/airflow/.local/lib/python3.8/site-packages/airflow/example_dags/example_setup_teardown_taskflow.py
[2023-10-10T01:24:54.381+0000] {logging_mixin.py:151} INFO - [2023-10-10T01:24:54.381+0000] {dag.py:2915} INFO - Sync 1 DAGs
[2023-10-10T01:24:54.391+0000] {logging_mixin.py:151} INFO - [2023-10-10T01:24:54.391+0000] {dag.py:3696} INFO - Setting next_dagrun for example_setup_teardown_taskflow to 2023-10-09T01:24:54.391679+00:00, run_after=2023-10-10T01:24:54.391679+00:00
[2023-10-10T01:24:54.399+0000] {processor.py:179} INFO - Processing /home/airflow/.local/lib/python3.8/site-packages/airflow/example_dags/example_setup_teardown_taskflow.py took 0.041 seconds
[2023-10-10T01:25:24.617+0000] {processor.py:157} INFO - Started process (PID=3570) to work on /home/airflow/.local/lib/python3.8/site-packages/airflow/example_dags/example_setup_teardown_taskflow.py
[2023-10-10T01:25:24.618+0000] {processor.py:829} INFO - Processing file /home/airflow/.local/lib/python3.8/site-packages/airflow/example_dags/example_setup_teardown_taskflow.py for tasks to queue
[2023-10-10T01:25:24.618+0000] {logging_mixin.py:151} INFO - [2023-10-10T01:25:24.618+0000] {dagbag.py:539} INFO - Filling up the DagBag from /home/airflow/.local/lib/python3.8/site-packages/airflow/example_dags/example_setup_teardown_taskflow.py
[2023-10-10T01:25:24.624+0000] {processor.py:839} INFO - DAG(s) dict_keys(['example_setup_teardown_taskflow']) retrieved from /home/airflow/.local/lib/python3.8/site-packages/airflow/example_dags/example_setup_teardown_taskflow.py
[2023-10-10T01:25:24.639+0000] {logging_mixin.py:151} INFO - [2023-10-10T01:25:24.639+0000] {dag.py:2915} INFO - Sync 1 DAGs
[2023-10-10T01:25:24.650+0000] {logging_mixin.py:151} INFO - [2023-10-10T01:25:24.650+0000] {dag.py:3696} INFO - Setting next_dagrun for example_setup_teardown_taskflow to 2023-10-09T01:25:24.650014+00:00, run_after=2023-10-10T01:25:24.650014+00:00
[2023-10-10T01:25:24.657+0000] {processor.py:179} INFO - Processing /home/airflow/.local/lib/python3.8/site-packages/airflow/example_dags/example_setup_teardown_taskflow.py took 0.042 seconds
[2023-10-10T01:25:54.900+0000] {processor.py:157} INFO - Started process (PID=3808) to work on /home/airflow/.local/lib/python3.8/site-packages/airflow/example_dags/example_setup_teardown_taskflow.py
[2023-10-10T01:25:54.905+0000] {processor.py:829} INFO - Processing file /home/airflow/.local/lib/python3.8/site-packages/airflow/example_dags/example_setup_teardown_taskflow.py for tasks to queue
[2023-10-10T01:25:54.906+0000] {logging_mixin.py:151} INFO - [2023-10-10T01:25:54.906+0000] {dagbag.py:539} INFO - Filling up the DagBag from /home/airflow/.local/lib/python3.8/site-packages/airflow/example_dags/example_setup_teardown_taskflow.py
[2023-10-10T01:25:54.912+0000] {processor.py:839} INFO - DAG(s) dict_keys(['example_setup_teardown_taskflow']) retrieved from /home/airflow/.local/lib/python3.8/site-packages/airflow/example_dags/example_setup_teardown_taskflow.py
[2023-10-10T01:25:54.926+0000] {logging_mixin.py:151} INFO - [2023-10-10T01:25:54.926+0000] {dag.py:2915} INFO - Sync 1 DAGs
[2023-10-10T01:25:54.936+0000] {logging_mixin.py:151} INFO - [2023-10-10T01:25:54.936+0000] {dag.py:3696} INFO - Setting next_dagrun for example_setup_teardown_taskflow to 2023-10-09T01:25:54.936251+00:00, run_after=2023-10-10T01:25:54.936251+00:00
[2023-10-10T01:25:54.944+0000] {processor.py:179} INFO - Processing /home/airflow/.local/lib/python3.8/site-packages/airflow/example_dags/example_setup_teardown_taskflow.py took 0.045 seconds
[2023-10-10T01:26:25.138+0000] {processor.py:157} INFO - Started process (PID=4047) to work on /home/airflow/.local/lib/python3.8/site-packages/airflow/example_dags/example_setup_teardown_taskflow.py
[2023-10-10T01:26:25.138+0000] {processor.py:829} INFO - Processing file /home/airflow/.local/lib/python3.8/site-packages/airflow/example_dags/example_setup_teardown_taskflow.py for tasks to queue
[2023-10-10T01:26:25.139+0000] {logging_mixin.py:151} INFO - [2023-10-10T01:26:25.139+0000] {dagbag.py:539} INFO - Filling up the DagBag from /home/airflow/.local/lib/python3.8/site-packages/airflow/example_dags/example_setup_teardown_taskflow.py
[2023-10-10T01:26:25.145+0000] {processor.py:839} INFO - DAG(s) dict_keys(['example_setup_teardown_taskflow']) retrieved from /home/airflow/.local/lib/python3.8/site-packages/airflow/example_dags/example_setup_teardown_taskflow.py
[2023-10-10T01:26:25.160+0000] {logging_mixin.py:151} INFO - [2023-10-10T01:26:25.160+0000] {dag.py:2915} INFO - Sync 1 DAGs
[2023-10-10T01:26:25.172+0000] {logging_mixin.py:151} INFO - [2023-10-10T01:26:25.172+0000] {dag.py:3696} INFO - Setting next_dagrun for example_setup_teardown_taskflow to 2023-10-09T01:26:25.172119+00:00, run_after=2023-10-10T01:26:25.172119+00:00
[2023-10-10T01:26:25.180+0000] {processor.py:179} INFO - Processing /home/airflow/.local/lib/python3.8/site-packages/airflow/example_dags/example_setup_teardown_taskflow.py took 0.044 seconds
[2023-10-10T01:26:55.333+0000] {processor.py:157} INFO - Started process (PID=4285) to work on /home/airflow/.local/lib/python3.8/site-packages/airflow/example_dags/example_setup_teardown_taskflow.py
[2023-10-10T01:26:55.333+0000] {processor.py:829} INFO - Processing file /home/airflow/.local/lib/python3.8/site-packages/airflow/example_dags/example_setup_teardown_taskflow.py for tasks to queue
[2023-10-10T01:26:55.334+0000] {logging_mixin.py:151} INFO - [2023-10-10T01:26:55.334+0000] {dagbag.py:539} INFO - Filling up the DagBag from /home/airflow/.local/lib/python3.8/site-packages/airflow/example_dags/example_setup_teardown_taskflow.py
[2023-10-10T01:26:55.343+0000] {processor.py:839} INFO - DAG(s) dict_keys(['example_setup_teardown_taskflow']) retrieved from /home/airflow/.local/lib/python3.8/site-packages/airflow/example_dags/example_setup_teardown_taskflow.py
[2023-10-10T01:26:55.356+0000] {logging_mixin.py:151} INFO - [2023-10-10T01:26:55.356+0000] {dag.py:2915} INFO - Sync 1 DAGs
[2023-10-10T01:26:55.367+0000] {logging_mixin.py:151} INFO - [2023-10-10T01:26:55.367+0000] {dag.py:3696} INFO - Setting next_dagrun for example_setup_teardown_taskflow to 2023-10-09T01:26:55.367516+00:00, run_after=2023-10-10T01:26:55.367516+00:00
[2023-10-10T01:26:55.375+0000] {processor.py:179} INFO - Processing /home/airflow/.local/lib/python3.8/site-packages/airflow/example_dags/example_setup_teardown_taskflow.py took 0.044 seconds
[2023-10-10T01:27:25.556+0000] {processor.py:157} INFO - Started process (PID=4523) to work on /home/airflow/.local/lib/python3.8/site-packages/airflow/example_dags/example_setup_teardown_taskflow.py
[2023-10-10T01:27:25.557+0000] {processor.py:829} INFO - Processing file /home/airflow/.local/lib/python3.8/site-packages/airflow/example_dags/example_setup_teardown_taskflow.py for tasks to queue
[2023-10-10T01:27:25.558+0000] {logging_mixin.py:151} INFO - [2023-10-10T01:27:25.558+0000] {dagbag.py:539} INFO - Filling up the DagBag from /home/airflow/.local/lib/python3.8/site-packages/airflow/example_dags/example_setup_teardown_taskflow.py
[2023-10-10T01:27:25.565+0000] {processor.py:839} INFO - DAG(s) dict_keys(['example_setup_teardown_taskflow']) retrieved from /home/airflow/.local/lib/python3.8/site-packages/airflow/example_dags/example_setup_teardown_taskflow.py
[2023-10-10T01:27:25.579+0000] {logging_mixin.py:151} INFO - [2023-10-10T01:27:25.579+0000] {dag.py:2915} INFO - Sync 1 DAGs
[2023-10-10T01:27:25.588+0000] {logging_mixin.py:151} INFO - [2023-10-10T01:27:25.588+0000] {dag.py:3696} INFO - Setting next_dagrun for example_setup_teardown_taskflow to 2023-10-09T01:27:25.588653+00:00, run_after=2023-10-10T01:27:25.588653+00:00
[2023-10-10T01:27:25.596+0000] {processor.py:179} INFO - Processing /home/airflow/.local/lib/python3.8/site-packages/airflow/example_dags/example_setup_teardown_taskflow.py took 0.043 seconds
[2023-10-10T01:27:55.792+0000] {processor.py:157} INFO - Started process (PID=4761) to work on /home/airflow/.local/lib/python3.8/site-packages/airflow/example_dags/example_setup_teardown_taskflow.py
[2023-10-10T01:27:55.794+0000] {processor.py:829} INFO - Processing file /home/airflow/.local/lib/python3.8/site-packages/airflow/example_dags/example_setup_teardown_taskflow.py for tasks to queue
[2023-10-10T01:27:55.795+0000] {logging_mixin.py:151} INFO - [2023-10-10T01:27:55.795+0000] {dagbag.py:539} INFO - Filling up the DagBag from /home/airflow/.local/lib/python3.8/site-packages/airflow/example_dags/example_setup_teardown_taskflow.py
[2023-10-10T01:27:55.802+0000] {processor.py:839} INFO - DAG(s) dict_keys(['example_setup_teardown_taskflow']) retrieved from /home/airflow/.local/lib/python3.8/site-packages/airflow/example_dags/example_setup_teardown_taskflow.py
[2023-10-10T01:27:55.815+0000] {logging_mixin.py:151} INFO - [2023-10-10T01:27:55.814+0000] {dag.py:2915} INFO - Sync 1 DAGs
[2023-10-10T01:27:55.825+0000] {logging_mixin.py:151} INFO - [2023-10-10T01:27:55.825+0000] {dag.py:3696} INFO - Setting next_dagrun for example_setup_teardown_taskflow to 2023-10-09T01:27:55.824964+00:00, run_after=2023-10-10T01:27:55.824964+00:00
[2023-10-10T01:27:55.833+0000] {processor.py:179} INFO - Processing /home/airflow/.local/lib/python3.8/site-packages/airflow/example_dags/example_setup_teardown_taskflow.py took 0.044 seconds
[2023-10-10T01:28:26.128+0000] {processor.py:157} INFO - Started process (PID=4999) to work on /home/airflow/.local/lib/python3.8/site-packages/airflow/example_dags/example_setup_teardown_taskflow.py
[2023-10-10T01:28:26.129+0000] {processor.py:829} INFO - Processing file /home/airflow/.local/lib/python3.8/site-packages/airflow/example_dags/example_setup_teardown_taskflow.py for tasks to queue
[2023-10-10T01:28:26.129+0000] {logging_mixin.py:151} INFO - [2023-10-10T01:28:26.129+0000] {dagbag.py:539} INFO - Filling up the DagBag from /home/airflow/.local/lib/python3.8/site-packages/airflow/example_dags/example_setup_teardown_taskflow.py
[2023-10-10T01:28:26.135+0000] {processor.py:839} INFO - DAG(s) dict_keys(['example_setup_teardown_taskflow']) retrieved from /home/airflow/.local/lib/python3.8/site-packages/airflow/example_dags/example_setup_teardown_taskflow.py
[2023-10-10T01:28:26.148+0000] {logging_mixin.py:151} INFO - [2023-10-10T01:28:26.147+0000] {dag.py:2915} INFO - Sync 1 DAGs
[2023-10-10T01:28:26.158+0000] {logging_mixin.py:151} INFO - [2023-10-10T01:28:26.158+0000] {dag.py:3696} INFO - Setting next_dagrun for example_setup_teardown_taskflow to 2023-10-09T01:28:26.158456+00:00, run_after=2023-10-10T01:28:26.158456+00:00
[2023-10-10T01:28:26.167+0000] {processor.py:179} INFO - Processing /home/airflow/.local/lib/python3.8/site-packages/airflow/example_dags/example_setup_teardown_taskflow.py took 0.041 seconds
[2023-10-10T01:28:56.470+0000] {processor.py:157} INFO - Started process (PID=5237) to work on /home/airflow/.local/lib/python3.8/site-packages/airflow/example_dags/example_setup_teardown_taskflow.py
[2023-10-10T01:28:56.471+0000] {processor.py:829} INFO - Processing file /home/airflow/.local/lib/python3.8/site-packages/airflow/example_dags/example_setup_teardown_taskflow.py for tasks to queue
[2023-10-10T01:28:56.471+0000] {logging_mixin.py:151} INFO - [2023-10-10T01:28:56.471+0000] {dagbag.py:539} INFO - Filling up the DagBag from /home/airflow/.local/lib/python3.8/site-packages/airflow/example_dags/example_setup_teardown_taskflow.py
[2023-10-10T01:28:56.481+0000] {processor.py:839} INFO - DAG(s) dict_keys(['example_setup_teardown_taskflow']) retrieved from /home/airflow/.local/lib/python3.8/site-packages/airflow/example_dags/example_setup_teardown_taskflow.py
[2023-10-10T01:28:56.494+0000] {logging_mixin.py:151} INFO - [2023-10-10T01:28:56.494+0000] {dag.py:2915} INFO - Sync 1 DAGs
[2023-10-10T01:28:56.504+0000] {logging_mixin.py:151} INFO - [2023-10-10T01:28:56.504+0000] {dag.py:3696} INFO - Setting next_dagrun for example_setup_teardown_taskflow to 2023-10-09T01:28:56.504585+00:00, run_after=2023-10-10T01:28:56.504585+00:00
[2023-10-10T01:28:56.512+0000] {processor.py:179} INFO - Processing /home/airflow/.local/lib/python3.8/site-packages/airflow/example_dags/example_setup_teardown_taskflow.py took 0.044 seconds
[2023-10-10T01:29:26.672+0000] {processor.py:157} INFO - Started process (PID=5475) to work on /home/airflow/.local/lib/python3.8/site-packages/airflow/example_dags/example_setup_teardown_taskflow.py
[2023-10-10T01:29:26.673+0000] {processor.py:829} INFO - Processing file /home/airflow/.local/lib/python3.8/site-packages/airflow/example_dags/example_setup_teardown_taskflow.py for tasks to queue
[2023-10-10T01:29:26.673+0000] {logging_mixin.py:151} INFO - [2023-10-10T01:29:26.673+0000] {dagbag.py:539} INFO - Filling up the DagBag from /home/airflow/.local/lib/python3.8/site-packages/airflow/example_dags/example_setup_teardown_taskflow.py
[2023-10-10T01:29:26.679+0000] {processor.py:839} INFO - DAG(s) dict_keys(['example_setup_teardown_taskflow']) retrieved from /home/airflow/.local/lib/python3.8/site-packages/airflow/example_dags/example_setup_teardown_taskflow.py
[2023-10-10T01:29:26.691+0000] {logging_mixin.py:151} INFO - [2023-10-10T01:29:26.691+0000] {dag.py:2915} INFO - Sync 1 DAGs
[2023-10-10T01:29:26.704+0000] {logging_mixin.py:151} INFO - [2023-10-10T01:29:26.704+0000] {dag.py:3696} INFO - Setting next_dagrun for example_setup_teardown_taskflow to 2023-10-09T01:29:26.703988+00:00, run_after=2023-10-10T01:29:26.703988+00:00
[2023-10-10T01:29:26.712+0000] {processor.py:179} INFO - Processing /home/airflow/.local/lib/python3.8/site-packages/airflow/example_dags/example_setup_teardown_taskflow.py took 0.042 seconds
[2023-10-10T01:29:56.955+0000] {processor.py:157} INFO - Started process (PID=5713) to work on /home/airflow/.local/lib/python3.8/site-packages/airflow/example_dags/example_setup_teardown_taskflow.py
[2023-10-10T01:29:56.956+0000] {processor.py:829} INFO - Processing file /home/airflow/.local/lib/python3.8/site-packages/airflow/example_dags/example_setup_teardown_taskflow.py for tasks to queue
[2023-10-10T01:29:56.957+0000] {logging_mixin.py:151} INFO - [2023-10-10T01:29:56.956+0000] {dagbag.py:539} INFO - Filling up the DagBag from /home/airflow/.local/lib/python3.8/site-packages/airflow/example_dags/example_setup_teardown_taskflow.py
[2023-10-10T01:29:56.965+0000] {processor.py:839} INFO - DAG(s) dict_keys(['example_setup_teardown_taskflow']) retrieved from /home/airflow/.local/lib/python3.8/site-packages/airflow/example_dags/example_setup_teardown_taskflow.py
[2023-10-10T01:29:56.978+0000] {logging_mixin.py:151} INFO - [2023-10-10T01:29:56.978+0000] {dag.py:2915} INFO - Sync 1 DAGs
[2023-10-10T01:29:56.988+0000] {logging_mixin.py:151} INFO - [2023-10-10T01:29:56.988+0000] {dag.py:3696} INFO - Setting next_dagrun for example_setup_teardown_taskflow to 2023-10-09T01:29:56.988053+00:00, run_after=2023-10-10T01:29:56.988053+00:00
[2023-10-10T01:29:56.995+0000] {processor.py:179} INFO - Processing /home/airflow/.local/lib/python3.8/site-packages/airflow/example_dags/example_setup_teardown_taskflow.py took 0.042 seconds
[2023-10-10T01:30:27.210+0000] {processor.py:157} INFO - Started process (PID=5951) to work on /home/airflow/.local/lib/python3.8/site-packages/airflow/example_dags/example_setup_teardown_taskflow.py
[2023-10-10T01:30:27.211+0000] {processor.py:829} INFO - Processing file /home/airflow/.local/lib/python3.8/site-packages/airflow/example_dags/example_setup_teardown_taskflow.py for tasks to queue
[2023-10-10T01:30:27.211+0000] {logging_mixin.py:151} INFO - [2023-10-10T01:30:27.211+0000] {dagbag.py:539} INFO - Filling up the DagBag from /home/airflow/.local/lib/python3.8/site-packages/airflow/example_dags/example_setup_teardown_taskflow.py
[2023-10-10T01:30:27.217+0000] {processor.py:839} INFO - DAG(s) dict_keys(['example_setup_teardown_taskflow']) retrieved from /home/airflow/.local/lib/python3.8/site-packages/airflow/example_dags/example_setup_teardown_taskflow.py
[2023-10-10T01:30:27.231+0000] {logging_mixin.py:151} INFO - [2023-10-10T01:30:27.231+0000] {dag.py:2915} INFO - Sync 1 DAGs
[2023-10-10T01:30:27.242+0000] {logging_mixin.py:151} INFO - [2023-10-10T01:30:27.242+0000] {dag.py:3696} INFO - Setting next_dagrun for example_setup_teardown_taskflow to 2023-10-09T01:30:27.242000+00:00, run_after=2023-10-10T01:30:27.242000+00:00
[2023-10-10T01:30:27.249+0000] {processor.py:179} INFO - Processing /home/airflow/.local/lib/python3.8/site-packages/airflow/example_dags/example_setup_teardown_taskflow.py took 0.041 seconds
[2023-10-10T01:30:57.508+0000] {processor.py:157} INFO - Started process (PID=6190) to work on /home/airflow/.local/lib/python3.8/site-packages/airflow/example_dags/example_setup_teardown_taskflow.py
[2023-10-10T01:30:57.511+0000] {processor.py:829} INFO - Processing file /home/airflow/.local/lib/python3.8/site-packages/airflow/example_dags/example_setup_teardown_taskflow.py for tasks to queue
[2023-10-10T01:30:57.512+0000] {logging_mixin.py:151} INFO - [2023-10-10T01:30:57.511+0000] {dagbag.py:539} INFO - Filling up the DagBag from /home/airflow/.local/lib/python3.8/site-packages/airflow/example_dags/example_setup_teardown_taskflow.py
[2023-10-10T01:30:57.518+0000] {processor.py:839} INFO - DAG(s) dict_keys(['example_setup_teardown_taskflow']) retrieved from /home/airflow/.local/lib/python3.8/site-packages/airflow/example_dags/example_setup_teardown_taskflow.py
[2023-10-10T01:30:57.533+0000] {logging_mixin.py:151} INFO - [2023-10-10T01:30:57.532+0000] {dag.py:2915} INFO - Sync 1 DAGs
[2023-10-10T01:30:57.552+0000] {logging_mixin.py:151} INFO - [2023-10-10T01:30:57.551+0000] {dag.py:3696} INFO - Setting next_dagrun for example_setup_teardown_taskflow to 2023-10-09T01:30:57.551622+00:00, run_after=2023-10-10T01:30:57.551622+00:00
[2023-10-10T01:30:57.596+0000] {processor.py:179} INFO - Processing /home/airflow/.local/lib/python3.8/site-packages/airflow/example_dags/example_setup_teardown_taskflow.py took 0.090 seconds
