[2023-10-10T01:18:22.039+0000] {processor.py:157} INFO - Started process (PID=297) to work on /home/airflow/.local/lib/python3.8/site-packages/airflow/example_dags/example_latest_only_with_trigger.py
[2023-10-10T01:18:22.040+0000] {processor.py:829} INFO - Processing file /home/airflow/.local/lib/python3.8/site-packages/airflow/example_dags/example_latest_only_with_trigger.py for tasks to queue
[2023-10-10T01:18:22.042+0000] {logging_mixin.py:151} INFO - [2023-10-10T01:18:22.041+0000] {dagbag.py:539} INFO - Filling up the DagBag from /home/airflow/.local/lib/python3.8/site-packages/airflow/example_dags/example_latest_only_with_trigger.py
[2023-10-10T01:18:22.046+0000] {processor.py:839} INFO - DAG(s) dict_keys(['latest_only_with_trigger']) retrieved from /home/airflow/.local/lib/python3.8/site-packages/airflow/example_dags/example_latest_only_with_trigger.py
[2023-10-10T01:18:22.056+0000] {logging_mixin.py:151} INFO - [2023-10-10T01:18:22.056+0000] {dag.py:2915} INFO - Sync 1 DAGs
[2023-10-10T01:18:22.173+0000] {logging_mixin.py:151} INFO - [2023-10-10T01:18:22.173+0000] {dag.py:3696} INFO - Setting next_dagrun for latest_only_with_trigger to 2023-10-09T21:18:22.173341+00:00, run_after=2023-10-10T01:18:22.173341+00:00
[2023-10-10T01:18:22.185+0000] {processor.py:179} INFO - Processing /home/airflow/.local/lib/python3.8/site-packages/airflow/example_dags/example_latest_only_with_trigger.py took 0.150 seconds
[2023-10-10T01:18:53.047+0000] {processor.py:157} INFO - Started process (PID=535) to work on /home/airflow/.local/lib/python3.8/site-packages/airflow/example_dags/example_latest_only_with_trigger.py
[2023-10-10T01:18:53.048+0000] {processor.py:829} INFO - Processing file /home/airflow/.local/lib/python3.8/site-packages/airflow/example_dags/example_latest_only_with_trigger.py for tasks to queue
[2023-10-10T01:18:53.048+0000] {logging_mixin.py:151} INFO - [2023-10-10T01:18:53.048+0000] {dagbag.py:539} INFO - Filling up the DagBag from /home/airflow/.local/lib/python3.8/site-packages/airflow/example_dags/example_latest_only_with_trigger.py
[2023-10-10T01:18:53.052+0000] {processor.py:839} INFO - DAG(s) dict_keys(['latest_only_with_trigger']) retrieved from /home/airflow/.local/lib/python3.8/site-packages/airflow/example_dags/example_latest_only_with_trigger.py
[2023-10-10T01:18:53.067+0000] {logging_mixin.py:151} INFO - [2023-10-10T01:18:53.067+0000] {dag.py:2915} INFO - Sync 1 DAGs
[2023-10-10T01:18:53.081+0000] {logging_mixin.py:151} INFO - [2023-10-10T01:18:53.081+0000] {dag.py:3696} INFO - Setting next_dagrun for latest_only_with_trigger to 2023-10-09T21:18:53.081393+00:00, run_after=2023-10-10T01:18:53.081393+00:00
[2023-10-10T01:18:53.096+0000] {processor.py:179} INFO - Processing /home/airflow/.local/lib/python3.8/site-packages/airflow/example_dags/example_latest_only_with_trigger.py took 0.051 seconds
[2023-10-10T01:19:23.248+0000] {processor.py:157} INFO - Started process (PID=775) to work on /home/airflow/.local/lib/python3.8/site-packages/airflow/example_dags/example_latest_only_with_trigger.py
[2023-10-10T01:19:23.248+0000] {processor.py:829} INFO - Processing file /home/airflow/.local/lib/python3.8/site-packages/airflow/example_dags/example_latest_only_with_trigger.py for tasks to queue
[2023-10-10T01:19:23.249+0000] {logging_mixin.py:151} INFO - [2023-10-10T01:19:23.248+0000] {dagbag.py:539} INFO - Filling up the DagBag from /home/airflow/.local/lib/python3.8/site-packages/airflow/example_dags/example_latest_only_with_trigger.py
[2023-10-10T01:19:23.252+0000] {processor.py:839} INFO - DAG(s) dict_keys(['latest_only_with_trigger']) retrieved from /home/airflow/.local/lib/python3.8/site-packages/airflow/example_dags/example_latest_only_with_trigger.py
[2023-10-10T01:19:23.264+0000] {logging_mixin.py:151} INFO - [2023-10-10T01:19:23.264+0000] {dag.py:2915} INFO - Sync 1 DAGs
[2023-10-10T01:19:23.274+0000] {logging_mixin.py:151} INFO - [2023-10-10T01:19:23.274+0000] {dag.py:3696} INFO - Setting next_dagrun for latest_only_with_trigger to 2023-10-09T21:19:23.274552+00:00, run_after=2023-10-10T01:19:23.274552+00:00
[2023-10-10T01:19:23.282+0000] {processor.py:179} INFO - Processing /home/airflow/.local/lib/python3.8/site-packages/airflow/example_dags/example_latest_only_with_trigger.py took 0.036 seconds
[2023-10-10T01:19:54.522+0000] {processor.py:157} INFO - Started process (PID=1014) to work on /home/airflow/.local/lib/python3.8/site-packages/airflow/example_dags/example_latest_only_with_trigger.py
[2023-10-10T01:19:54.523+0000] {processor.py:829} INFO - Processing file /home/airflow/.local/lib/python3.8/site-packages/airflow/example_dags/example_latest_only_with_trigger.py for tasks to queue
[2023-10-10T01:19:54.523+0000] {logging_mixin.py:151} INFO - [2023-10-10T01:19:54.523+0000] {dagbag.py:539} INFO - Filling up the DagBag from /home/airflow/.local/lib/python3.8/site-packages/airflow/example_dags/example_latest_only_with_trigger.py
[2023-10-10T01:19:54.527+0000] {processor.py:839} INFO - DAG(s) dict_keys(['latest_only_with_trigger']) retrieved from /home/airflow/.local/lib/python3.8/site-packages/airflow/example_dags/example_latest_only_with_trigger.py
[2023-10-10T01:19:54.540+0000] {logging_mixin.py:151} INFO - [2023-10-10T01:19:54.539+0000] {dag.py:2915} INFO - Sync 1 DAGs
[2023-10-10T01:19:54.549+0000] {logging_mixin.py:151} INFO - [2023-10-10T01:19:54.549+0000] {dag.py:3696} INFO - Setting next_dagrun for latest_only_with_trigger to 2023-10-09T21:19:54.549520+00:00, run_after=2023-10-10T01:19:54.549520+00:00
[2023-10-10T01:19:54.557+0000] {processor.py:179} INFO - Processing /home/airflow/.local/lib/python3.8/site-packages/airflow/example_dags/example_latest_only_with_trigger.py took 0.037 seconds
[2023-10-10T01:20:24.771+0000] {processor.py:157} INFO - Started process (PID=1250) to work on /home/airflow/.local/lib/python3.8/site-packages/airflow/example_dags/example_latest_only_with_trigger.py
[2023-10-10T01:20:24.772+0000] {processor.py:829} INFO - Processing file /home/airflow/.local/lib/python3.8/site-packages/airflow/example_dags/example_latest_only_with_trigger.py for tasks to queue
[2023-10-10T01:20:24.772+0000] {logging_mixin.py:151} INFO - [2023-10-10T01:20:24.772+0000] {dagbag.py:539} INFO - Filling up the DagBag from /home/airflow/.local/lib/python3.8/site-packages/airflow/example_dags/example_latest_only_with_trigger.py
[2023-10-10T01:20:24.776+0000] {processor.py:839} INFO - DAG(s) dict_keys(['latest_only_with_trigger']) retrieved from /home/airflow/.local/lib/python3.8/site-packages/airflow/example_dags/example_latest_only_with_trigger.py
[2023-10-10T01:20:24.788+0000] {logging_mixin.py:151} INFO - [2023-10-10T01:20:24.788+0000] {dag.py:2915} INFO - Sync 1 DAGs
[2023-10-10T01:20:24.798+0000] {logging_mixin.py:151} INFO - [2023-10-10T01:20:24.798+0000] {dag.py:3696} INFO - Setting next_dagrun for latest_only_with_trigger to 2023-10-09T21:20:24.798480+00:00, run_after=2023-10-10T01:20:24.798480+00:00
[2023-10-10T01:20:24.805+0000] {processor.py:179} INFO - Processing /home/airflow/.local/lib/python3.8/site-packages/airflow/example_dags/example_latest_only_with_trigger.py took 0.036 seconds
[2023-10-10T01:20:56.025+0000] {processor.py:157} INFO - Started process (PID=1490) to work on /home/airflow/.local/lib/python3.8/site-packages/airflow/example_dags/example_latest_only_with_trigger.py
[2023-10-10T01:20:56.026+0000] {processor.py:829} INFO - Processing file /home/airflow/.local/lib/python3.8/site-packages/airflow/example_dags/example_latest_only_with_trigger.py for tasks to queue
[2023-10-10T01:20:56.026+0000] {logging_mixin.py:151} INFO - [2023-10-10T01:20:56.026+0000] {dagbag.py:539} INFO - Filling up the DagBag from /home/airflow/.local/lib/python3.8/site-packages/airflow/example_dags/example_latest_only_with_trigger.py
[2023-10-10T01:20:56.030+0000] {processor.py:839} INFO - DAG(s) dict_keys(['latest_only_with_trigger']) retrieved from /home/airflow/.local/lib/python3.8/site-packages/airflow/example_dags/example_latest_only_with_trigger.py
[2023-10-10T01:20:56.043+0000] {logging_mixin.py:151} INFO - [2023-10-10T01:20:56.042+0000] {dag.py:2915} INFO - Sync 1 DAGs
[2023-10-10T01:20:56.052+0000] {logging_mixin.py:151} INFO - [2023-10-10T01:20:56.052+0000] {dag.py:3696} INFO - Setting next_dagrun for latest_only_with_trigger to 2023-10-09T21:20:56.052311+00:00, run_after=2023-10-10T01:20:56.052311+00:00
[2023-10-10T01:20:56.059+0000] {processor.py:179} INFO - Processing /home/airflow/.local/lib/python3.8/site-packages/airflow/example_dags/example_latest_only_with_trigger.py took 0.036 seconds
[2023-10-10T01:21:27.216+0000] {processor.py:157} INFO - Started process (PID=1728) to work on /home/airflow/.local/lib/python3.8/site-packages/airflow/example_dags/example_latest_only_with_trigger.py
[2023-10-10T01:21:27.217+0000] {processor.py:829} INFO - Processing file /home/airflow/.local/lib/python3.8/site-packages/airflow/example_dags/example_latest_only_with_trigger.py for tasks to queue
[2023-10-10T01:21:27.217+0000] {logging_mixin.py:151} INFO - [2023-10-10T01:21:27.217+0000] {dagbag.py:539} INFO - Filling up the DagBag from /home/airflow/.local/lib/python3.8/site-packages/airflow/example_dags/example_latest_only_with_trigger.py
[2023-10-10T01:21:27.221+0000] {processor.py:839} INFO - DAG(s) dict_keys(['latest_only_with_trigger']) retrieved from /home/airflow/.local/lib/python3.8/site-packages/airflow/example_dags/example_latest_only_with_trigger.py
[2023-10-10T01:21:27.234+0000] {logging_mixin.py:151} INFO - [2023-10-10T01:21:27.234+0000] {dag.py:2915} INFO - Sync 1 DAGs
[2023-10-10T01:21:27.244+0000] {logging_mixin.py:151} INFO - [2023-10-10T01:21:27.244+0000] {dag.py:3696} INFO - Setting next_dagrun for latest_only_with_trigger to 2023-10-09T21:21:27.244088+00:00, run_after=2023-10-10T01:21:27.244088+00:00
[2023-10-10T01:21:27.252+0000] {processor.py:179} INFO - Processing /home/airflow/.local/lib/python3.8/site-packages/airflow/example_dags/example_latest_only_with_trigger.py took 0.037 seconds
[2023-10-10T01:21:58.479+0000] {processor.py:157} INFO - Started process (PID=1966) to work on /home/airflow/.local/lib/python3.8/site-packages/airflow/example_dags/example_latest_only_with_trigger.py
[2023-10-10T01:21:58.479+0000] {processor.py:829} INFO - Processing file /home/airflow/.local/lib/python3.8/site-packages/airflow/example_dags/example_latest_only_with_trigger.py for tasks to queue
[2023-10-10T01:21:58.480+0000] {logging_mixin.py:151} INFO - [2023-10-10T01:21:58.480+0000] {dagbag.py:539} INFO - Filling up the DagBag from /home/airflow/.local/lib/python3.8/site-packages/airflow/example_dags/example_latest_only_with_trigger.py
[2023-10-10T01:21:58.484+0000] {processor.py:839} INFO - DAG(s) dict_keys(['latest_only_with_trigger']) retrieved from /home/airflow/.local/lib/python3.8/site-packages/airflow/example_dags/example_latest_only_with_trigger.py
[2023-10-10T01:21:58.497+0000] {logging_mixin.py:151} INFO - [2023-10-10T01:21:58.497+0000] {dag.py:2915} INFO - Sync 1 DAGs
[2023-10-10T01:21:58.509+0000] {logging_mixin.py:151} INFO - [2023-10-10T01:21:58.509+0000] {dag.py:3696} INFO - Setting next_dagrun for latest_only_with_trigger to 2023-10-09T21:21:58.509468+00:00, run_after=2023-10-10T01:21:58.509468+00:00
[2023-10-10T01:21:58.517+0000] {processor.py:179} INFO - Processing /home/airflow/.local/lib/python3.8/site-packages/airflow/example_dags/example_latest_only_with_trigger.py took 0.040 seconds
[2023-10-10T01:22:28.804+0000] {processor.py:157} INFO - Started process (PID=2204) to work on /home/airflow/.local/lib/python3.8/site-packages/airflow/example_dags/example_latest_only_with_trigger.py
[2023-10-10T01:22:28.805+0000] {processor.py:829} INFO - Processing file /home/airflow/.local/lib/python3.8/site-packages/airflow/example_dags/example_latest_only_with_trigger.py for tasks to queue
[2023-10-10T01:22:28.805+0000] {logging_mixin.py:151} INFO - [2023-10-10T01:22:28.805+0000] {dagbag.py:539} INFO - Filling up the DagBag from /home/airflow/.local/lib/python3.8/site-packages/airflow/example_dags/example_latest_only_with_trigger.py
[2023-10-10T01:22:28.809+0000] {processor.py:839} INFO - DAG(s) dict_keys(['latest_only_with_trigger']) retrieved from /home/airflow/.local/lib/python3.8/site-packages/airflow/example_dags/example_latest_only_with_trigger.py
[2023-10-10T01:22:28.821+0000] {logging_mixin.py:151} INFO - [2023-10-10T01:22:28.821+0000] {dag.py:2915} INFO - Sync 1 DAGs
[2023-10-10T01:22:28.831+0000] {logging_mixin.py:151} INFO - [2023-10-10T01:22:28.831+0000] {dag.py:3696} INFO - Setting next_dagrun for latest_only_with_trigger to 2023-10-09T21:22:28.831604+00:00, run_after=2023-10-10T01:22:28.831604+00:00
[2023-10-10T01:22:28.839+0000] {processor.py:179} INFO - Processing /home/airflow/.local/lib/python3.8/site-packages/airflow/example_dags/example_latest_only_with_trigger.py took 0.037 seconds
[2023-10-10T01:22:59.932+0000] {processor.py:157} INFO - Started process (PID=2441) to work on /home/airflow/.local/lib/python3.8/site-packages/airflow/example_dags/example_latest_only_with_trigger.py
[2023-10-10T01:22:59.933+0000] {processor.py:829} INFO - Processing file /home/airflow/.local/lib/python3.8/site-packages/airflow/example_dags/example_latest_only_with_trigger.py for tasks to queue
[2023-10-10T01:22:59.934+0000] {logging_mixin.py:151} INFO - [2023-10-10T01:22:59.933+0000] {dagbag.py:539} INFO - Filling up the DagBag from /home/airflow/.local/lib/python3.8/site-packages/airflow/example_dags/example_latest_only_with_trigger.py
[2023-10-10T01:22:59.937+0000] {processor.py:839} INFO - DAG(s) dict_keys(['latest_only_with_trigger']) retrieved from /home/airflow/.local/lib/python3.8/site-packages/airflow/example_dags/example_latest_only_with_trigger.py
[2023-10-10T01:22:59.950+0000] {logging_mixin.py:151} INFO - [2023-10-10T01:22:59.950+0000] {dag.py:2915} INFO - Sync 1 DAGs
[2023-10-10T01:22:59.960+0000] {logging_mixin.py:151} INFO - [2023-10-10T01:22:59.960+0000] {dag.py:3696} INFO - Setting next_dagrun for latest_only_with_trigger to 2023-10-09T21:22:59.960324+00:00, run_after=2023-10-10T01:22:59.960324+00:00
[2023-10-10T01:22:59.968+0000] {processor.py:179} INFO - Processing /home/airflow/.local/lib/python3.8/site-packages/airflow/example_dags/example_latest_only_with_trigger.py took 0.038 seconds
[2023-10-10T01:23:30.259+0000] {processor.py:157} INFO - Started process (PID=2679) to work on /home/airflow/.local/lib/python3.8/site-packages/airflow/example_dags/example_latest_only_with_trigger.py
[2023-10-10T01:23:30.259+0000] {processor.py:829} INFO - Processing file /home/airflow/.local/lib/python3.8/site-packages/airflow/example_dags/example_latest_only_with_trigger.py for tasks to queue
[2023-10-10T01:23:30.260+0000] {logging_mixin.py:151} INFO - [2023-10-10T01:23:30.260+0000] {dagbag.py:539} INFO - Filling up the DagBag from /home/airflow/.local/lib/python3.8/site-packages/airflow/example_dags/example_latest_only_with_trigger.py
[2023-10-10T01:23:30.263+0000] {processor.py:839} INFO - DAG(s) dict_keys(['latest_only_with_trigger']) retrieved from /home/airflow/.local/lib/python3.8/site-packages/airflow/example_dags/example_latest_only_with_trigger.py
[2023-10-10T01:23:30.276+0000] {logging_mixin.py:151} INFO - [2023-10-10T01:23:30.276+0000] {dag.py:2915} INFO - Sync 1 DAGs
[2023-10-10T01:23:30.286+0000] {logging_mixin.py:151} INFO - [2023-10-10T01:23:30.286+0000] {dag.py:3696} INFO - Setting next_dagrun for latest_only_with_trigger to 2023-10-09T21:23:30.286204+00:00, run_after=2023-10-10T01:23:30.286204+00:00
[2023-10-10T01:23:30.293+0000] {processor.py:179} INFO - Processing /home/airflow/.local/lib/python3.8/site-packages/airflow/example_dags/example_latest_only_with_trigger.py took 0.036 seconds
[2023-10-10T01:24:01.552+0000] {processor.py:157} INFO - Started process (PID=2916) to work on /home/airflow/.local/lib/python3.8/site-packages/airflow/example_dags/example_latest_only_with_trigger.py
[2023-10-10T01:24:01.553+0000] {processor.py:829} INFO - Processing file /home/airflow/.local/lib/python3.8/site-packages/airflow/example_dags/example_latest_only_with_trigger.py for tasks to queue
[2023-10-10T01:24:01.553+0000] {logging_mixin.py:151} INFO - [2023-10-10T01:24:01.553+0000] {dagbag.py:539} INFO - Filling up the DagBag from /home/airflow/.local/lib/python3.8/site-packages/airflow/example_dags/example_latest_only_with_trigger.py
[2023-10-10T01:24:01.557+0000] {processor.py:839} INFO - DAG(s) dict_keys(['latest_only_with_trigger']) retrieved from /home/airflow/.local/lib/python3.8/site-packages/airflow/example_dags/example_latest_only_with_trigger.py
[2023-10-10T01:24:01.569+0000] {logging_mixin.py:151} INFO - [2023-10-10T01:24:01.569+0000] {dag.py:2915} INFO - Sync 1 DAGs
[2023-10-10T01:24:01.580+0000] {logging_mixin.py:151} INFO - [2023-10-10T01:24:01.580+0000] {dag.py:3696} INFO - Setting next_dagrun for latest_only_with_trigger to 2023-10-09T21:24:01.579917+00:00, run_after=2023-10-10T01:24:01.579917+00:00
[2023-10-10T01:24:01.587+0000] {processor.py:179} INFO - Processing /home/airflow/.local/lib/python3.8/site-packages/airflow/example_dags/example_latest_only_with_trigger.py took 0.037 seconds
[2023-10-10T01:24:32.827+0000] {processor.py:157} INFO - Started process (PID=3154) to work on /home/airflow/.local/lib/python3.8/site-packages/airflow/example_dags/example_latest_only_with_trigger.py
[2023-10-10T01:24:32.828+0000] {processor.py:829} INFO - Processing file /home/airflow/.local/lib/python3.8/site-packages/airflow/example_dags/example_latest_only_with_trigger.py for tasks to queue
[2023-10-10T01:24:32.828+0000] {logging_mixin.py:151} INFO - [2023-10-10T01:24:32.828+0000] {dagbag.py:539} INFO - Filling up the DagBag from /home/airflow/.local/lib/python3.8/site-packages/airflow/example_dags/example_latest_only_with_trigger.py
[2023-10-10T01:24:32.832+0000] {processor.py:839} INFO - DAG(s) dict_keys(['latest_only_with_trigger']) retrieved from /home/airflow/.local/lib/python3.8/site-packages/airflow/example_dags/example_latest_only_with_trigger.py
[2023-10-10T01:24:32.845+0000] {logging_mixin.py:151} INFO - [2023-10-10T01:24:32.844+0000] {dag.py:2915} INFO - Sync 1 DAGs
[2023-10-10T01:24:32.855+0000] {logging_mixin.py:151} INFO - [2023-10-10T01:24:32.855+0000] {dag.py:3696} INFO - Setting next_dagrun for latest_only_with_trigger to 2023-10-09T21:24:32.854841+00:00, run_after=2023-10-10T01:24:32.854841+00:00
[2023-10-10T01:24:32.862+0000] {processor.py:179} INFO - Processing /home/airflow/.local/lib/python3.8/site-packages/airflow/example_dags/example_latest_only_with_trigger.py took 0.037 seconds
[2023-10-10T01:25:04.000+0000] {processor.py:157} INFO - Started process (PID=3392) to work on /home/airflow/.local/lib/python3.8/site-packages/airflow/example_dags/example_latest_only_with_trigger.py
[2023-10-10T01:25:04.000+0000] {processor.py:829} INFO - Processing file /home/airflow/.local/lib/python3.8/site-packages/airflow/example_dags/example_latest_only_with_trigger.py for tasks to queue
[2023-10-10T01:25:04.001+0000] {logging_mixin.py:151} INFO - [2023-10-10T01:25:04.001+0000] {dagbag.py:539} INFO - Filling up the DagBag from /home/airflow/.local/lib/python3.8/site-packages/airflow/example_dags/example_latest_only_with_trigger.py
[2023-10-10T01:25:04.004+0000] {processor.py:839} INFO - DAG(s) dict_keys(['latest_only_with_trigger']) retrieved from /home/airflow/.local/lib/python3.8/site-packages/airflow/example_dags/example_latest_only_with_trigger.py
[2023-10-10T01:25:04.017+0000] {logging_mixin.py:151} INFO - [2023-10-10T01:25:04.017+0000] {dag.py:2915} INFO - Sync 1 DAGs
[2023-10-10T01:25:04.026+0000] {logging_mixin.py:151} INFO - [2023-10-10T01:25:04.026+0000] {dag.py:3696} INFO - Setting next_dagrun for latest_only_with_trigger to 2023-10-09T21:25:04.026738+00:00, run_after=2023-10-10T01:25:04.026738+00:00
[2023-10-10T01:25:04.034+0000] {processor.py:179} INFO - Processing /home/airflow/.local/lib/python3.8/site-packages/airflow/example_dags/example_latest_only_with_trigger.py took 0.036 seconds
[2023-10-10T01:25:35.327+0000] {processor.py:157} INFO - Started process (PID=3630) to work on /home/airflow/.local/lib/python3.8/site-packages/airflow/example_dags/example_latest_only_with_trigger.py
[2023-10-10T01:25:35.327+0000] {processor.py:829} INFO - Processing file /home/airflow/.local/lib/python3.8/site-packages/airflow/example_dags/example_latest_only_with_trigger.py for tasks to queue
[2023-10-10T01:25:35.328+0000] {logging_mixin.py:151} INFO - [2023-10-10T01:25:35.328+0000] {dagbag.py:539} INFO - Filling up the DagBag from /home/airflow/.local/lib/python3.8/site-packages/airflow/example_dags/example_latest_only_with_trigger.py
[2023-10-10T01:25:35.331+0000] {processor.py:839} INFO - DAG(s) dict_keys(['latest_only_with_trigger']) retrieved from /home/airflow/.local/lib/python3.8/site-packages/airflow/example_dags/example_latest_only_with_trigger.py
[2023-10-10T01:25:35.344+0000] {logging_mixin.py:151} INFO - [2023-10-10T01:25:35.344+0000] {dag.py:2915} INFO - Sync 1 DAGs
[2023-10-10T01:25:35.354+0000] {logging_mixin.py:151} INFO - [2023-10-10T01:25:35.354+0000] {dag.py:3696} INFO - Setting next_dagrun for latest_only_with_trigger to 2023-10-09T21:25:35.354769+00:00, run_after=2023-10-10T01:25:35.354769+00:00
[2023-10-10T01:25:35.362+0000] {processor.py:179} INFO - Processing /home/airflow/.local/lib/python3.8/site-packages/airflow/example_dags/example_latest_only_with_trigger.py took 0.037 seconds
[2023-10-10T01:26:06.635+0000] {processor.py:157} INFO - Started process (PID=3868) to work on /home/airflow/.local/lib/python3.8/site-packages/airflow/example_dags/example_latest_only_with_trigger.py
[2023-10-10T01:26:06.636+0000] {processor.py:829} INFO - Processing file /home/airflow/.local/lib/python3.8/site-packages/airflow/example_dags/example_latest_only_with_trigger.py for tasks to queue
[2023-10-10T01:26:06.636+0000] {logging_mixin.py:151} INFO - [2023-10-10T01:26:06.636+0000] {dagbag.py:539} INFO - Filling up the DagBag from /home/airflow/.local/lib/python3.8/site-packages/airflow/example_dags/example_latest_only_with_trigger.py
[2023-10-10T01:26:06.640+0000] {processor.py:839} INFO - DAG(s) dict_keys(['latest_only_with_trigger']) retrieved from /home/airflow/.local/lib/python3.8/site-packages/airflow/example_dags/example_latest_only_with_trigger.py
[2023-10-10T01:26:06.653+0000] {logging_mixin.py:151} INFO - [2023-10-10T01:26:06.653+0000] {dag.py:2915} INFO - Sync 1 DAGs
[2023-10-10T01:26:06.663+0000] {logging_mixin.py:151} INFO - [2023-10-10T01:26:06.663+0000] {dag.py:3696} INFO - Setting next_dagrun for latest_only_with_trigger to 2023-10-09T21:26:06.663098+00:00, run_after=2023-10-10T01:26:06.663098+00:00
[2023-10-10T01:26:06.670+0000] {processor.py:179} INFO - Processing /home/airflow/.local/lib/python3.8/site-packages/airflow/example_dags/example_latest_only_with_trigger.py took 0.037 seconds
[2023-10-10T01:26:37.908+0000] {processor.py:157} INFO - Started process (PID=4107) to work on /home/airflow/.local/lib/python3.8/site-packages/airflow/example_dags/example_latest_only_with_trigger.py
[2023-10-10T01:26:37.909+0000] {processor.py:829} INFO - Processing file /home/airflow/.local/lib/python3.8/site-packages/airflow/example_dags/example_latest_only_with_trigger.py for tasks to queue
[2023-10-10T01:26:37.909+0000] {logging_mixin.py:151} INFO - [2023-10-10T01:26:37.909+0000] {dagbag.py:539} INFO - Filling up the DagBag from /home/airflow/.local/lib/python3.8/site-packages/airflow/example_dags/example_latest_only_with_trigger.py
[2023-10-10T01:26:37.913+0000] {processor.py:839} INFO - DAG(s) dict_keys(['latest_only_with_trigger']) retrieved from /home/airflow/.local/lib/python3.8/site-packages/airflow/example_dags/example_latest_only_with_trigger.py
[2023-10-10T01:26:37.927+0000] {logging_mixin.py:151} INFO - [2023-10-10T01:26:37.926+0000] {dag.py:2915} INFO - Sync 1 DAGs
[2023-10-10T01:26:37.937+0000] {logging_mixin.py:151} INFO - [2023-10-10T01:26:37.937+0000] {dag.py:3696} INFO - Setting next_dagrun for latest_only_with_trigger to 2023-10-09T21:26:37.937641+00:00, run_after=2023-10-10T01:26:37.937641+00:00
[2023-10-10T01:26:37.945+0000] {processor.py:179} INFO - Processing /home/airflow/.local/lib/python3.8/site-packages/airflow/example_dags/example_latest_only_with_trigger.py took 0.038 seconds
[2023-10-10T01:27:09.103+0000] {processor.py:157} INFO - Started process (PID=4345) to work on /home/airflow/.local/lib/python3.8/site-packages/airflow/example_dags/example_latest_only_with_trigger.py
[2023-10-10T01:27:09.104+0000] {processor.py:829} INFO - Processing file /home/airflow/.local/lib/python3.8/site-packages/airflow/example_dags/example_latest_only_with_trigger.py for tasks to queue
[2023-10-10T01:27:09.105+0000] {logging_mixin.py:151} INFO - [2023-10-10T01:27:09.104+0000] {dagbag.py:539} INFO - Filling up the DagBag from /home/airflow/.local/lib/python3.8/site-packages/airflow/example_dags/example_latest_only_with_trigger.py
[2023-10-10T01:27:09.108+0000] {processor.py:839} INFO - DAG(s) dict_keys(['latest_only_with_trigger']) retrieved from /home/airflow/.local/lib/python3.8/site-packages/airflow/example_dags/example_latest_only_with_trigger.py
[2023-10-10T01:27:09.121+0000] {logging_mixin.py:151} INFO - [2023-10-10T01:27:09.121+0000] {dag.py:2915} INFO - Sync 1 DAGs
[2023-10-10T01:27:09.131+0000] {logging_mixin.py:151} INFO - [2023-10-10T01:27:09.131+0000] {dag.py:3696} INFO - Setting next_dagrun for latest_only_with_trigger to 2023-10-09T21:27:09.131344+00:00, run_after=2023-10-10T01:27:09.131344+00:00
[2023-10-10T01:27:09.138+0000] {processor.py:179} INFO - Processing /home/airflow/.local/lib/python3.8/site-packages/airflow/example_dags/example_latest_only_with_trigger.py took 0.037 seconds
[2023-10-10T01:27:40.323+0000] {processor.py:157} INFO - Started process (PID=4583) to work on /home/airflow/.local/lib/python3.8/site-packages/airflow/example_dags/example_latest_only_with_trigger.py
[2023-10-10T01:27:40.324+0000] {processor.py:829} INFO - Processing file /home/airflow/.local/lib/python3.8/site-packages/airflow/example_dags/example_latest_only_with_trigger.py for tasks to queue
[2023-10-10T01:27:40.324+0000] {logging_mixin.py:151} INFO - [2023-10-10T01:27:40.324+0000] {dagbag.py:539} INFO - Filling up the DagBag from /home/airflow/.local/lib/python3.8/site-packages/airflow/example_dags/example_latest_only_with_trigger.py
[2023-10-10T01:27:40.328+0000] {processor.py:839} INFO - DAG(s) dict_keys(['latest_only_with_trigger']) retrieved from /home/airflow/.local/lib/python3.8/site-packages/airflow/example_dags/example_latest_only_with_trigger.py
[2023-10-10T01:27:40.341+0000] {logging_mixin.py:151} INFO - [2023-10-10T01:27:40.341+0000] {dag.py:2915} INFO - Sync 1 DAGs
[2023-10-10T01:27:40.351+0000] {logging_mixin.py:151} INFO - [2023-10-10T01:27:40.351+0000] {dag.py:3696} INFO - Setting next_dagrun for latest_only_with_trigger to 2023-10-09T21:27:40.351576+00:00, run_after=2023-10-10T01:27:40.351576+00:00
[2023-10-10T01:27:40.359+0000] {processor.py:179} INFO - Processing /home/airflow/.local/lib/python3.8/site-packages/airflow/example_dags/example_latest_only_with_trigger.py took 0.038 seconds
[2023-10-10T01:28:11.795+0000] {processor.py:157} INFO - Started process (PID=4823) to work on /home/airflow/.local/lib/python3.8/site-packages/airflow/example_dags/example_latest_only_with_trigger.py
[2023-10-10T01:28:11.796+0000] {processor.py:829} INFO - Processing file /home/airflow/.local/lib/python3.8/site-packages/airflow/example_dags/example_latest_only_with_trigger.py for tasks to queue
[2023-10-10T01:28:11.796+0000] {logging_mixin.py:151} INFO - [2023-10-10T01:28:11.796+0000] {dagbag.py:539} INFO - Filling up the DagBag from /home/airflow/.local/lib/python3.8/site-packages/airflow/example_dags/example_latest_only_with_trigger.py
[2023-10-10T01:28:11.800+0000] {processor.py:839} INFO - DAG(s) dict_keys(['latest_only_with_trigger']) retrieved from /home/airflow/.local/lib/python3.8/site-packages/airflow/example_dags/example_latest_only_with_trigger.py
[2023-10-10T01:28:11.813+0000] {logging_mixin.py:151} INFO - [2023-10-10T01:28:11.812+0000] {dag.py:2915} INFO - Sync 1 DAGs
[2023-10-10T01:28:11.823+0000] {logging_mixin.py:151} INFO - [2023-10-10T01:28:11.823+0000] {dag.py:3696} INFO - Setting next_dagrun for latest_only_with_trigger to 2023-10-09T21:28:11.823050+00:00, run_after=2023-10-10T01:28:11.823050+00:00
[2023-10-10T01:28:11.831+0000] {processor.py:179} INFO - Processing /home/airflow/.local/lib/python3.8/site-packages/airflow/example_dags/example_latest_only_with_trigger.py took 0.038 seconds
[2023-10-10T01:28:43.091+0000] {processor.py:157} INFO - Started process (PID=5059) to work on /home/airflow/.local/lib/python3.8/site-packages/airflow/example_dags/example_latest_only_with_trigger.py
[2023-10-10T01:28:43.091+0000] {processor.py:829} INFO - Processing file /home/airflow/.local/lib/python3.8/site-packages/airflow/example_dags/example_latest_only_with_trigger.py for tasks to queue
[2023-10-10T01:28:43.092+0000] {logging_mixin.py:151} INFO - [2023-10-10T01:28:43.092+0000] {dagbag.py:539} INFO - Filling up the DagBag from /home/airflow/.local/lib/python3.8/site-packages/airflow/example_dags/example_latest_only_with_trigger.py
[2023-10-10T01:28:43.096+0000] {processor.py:839} INFO - DAG(s) dict_keys(['latest_only_with_trigger']) retrieved from /home/airflow/.local/lib/python3.8/site-packages/airflow/example_dags/example_latest_only_with_trigger.py
[2023-10-10T01:28:43.110+0000] {logging_mixin.py:151} INFO - [2023-10-10T01:28:43.110+0000] {dag.py:2915} INFO - Sync 1 DAGs
[2023-10-10T01:28:43.120+0000] {logging_mixin.py:151} INFO - [2023-10-10T01:28:43.120+0000] {dag.py:3696} INFO - Setting next_dagrun for latest_only_with_trigger to 2023-10-09T21:28:43.120375+00:00, run_after=2023-10-10T01:28:43.120375+00:00
[2023-10-10T01:28:43.129+0000] {processor.py:179} INFO - Processing /home/airflow/.local/lib/python3.8/site-packages/airflow/example_dags/example_latest_only_with_trigger.py took 0.040 seconds
[2023-10-10T01:29:14.276+0000] {processor.py:157} INFO - Started process (PID=5297) to work on /home/airflow/.local/lib/python3.8/site-packages/airflow/example_dags/example_latest_only_with_trigger.py
[2023-10-10T01:29:14.277+0000] {processor.py:829} INFO - Processing file /home/airflow/.local/lib/python3.8/site-packages/airflow/example_dags/example_latest_only_with_trigger.py for tasks to queue
[2023-10-10T01:29:14.278+0000] {logging_mixin.py:151} INFO - [2023-10-10T01:29:14.277+0000] {dagbag.py:539} INFO - Filling up the DagBag from /home/airflow/.local/lib/python3.8/site-packages/airflow/example_dags/example_latest_only_with_trigger.py
[2023-10-10T01:29:14.281+0000] {processor.py:839} INFO - DAG(s) dict_keys(['latest_only_with_trigger']) retrieved from /home/airflow/.local/lib/python3.8/site-packages/airflow/example_dags/example_latest_only_with_trigger.py
[2023-10-10T01:29:14.294+0000] {logging_mixin.py:151} INFO - [2023-10-10T01:29:14.294+0000] {dag.py:2915} INFO - Sync 1 DAGs
[2023-10-10T01:29:14.304+0000] {logging_mixin.py:151} INFO - [2023-10-10T01:29:14.304+0000] {dag.py:3696} INFO - Setting next_dagrun for latest_only_with_trigger to 2023-10-09T21:29:14.304320+00:00, run_after=2023-10-10T01:29:14.304320+00:00
[2023-10-10T01:29:14.311+0000] {processor.py:179} INFO - Processing /home/airflow/.local/lib/python3.8/site-packages/airflow/example_dags/example_latest_only_with_trigger.py took 0.037 seconds
[2023-10-10T01:29:45.491+0000] {processor.py:157} INFO - Started process (PID=5535) to work on /home/airflow/.local/lib/python3.8/site-packages/airflow/example_dags/example_latest_only_with_trigger.py
[2023-10-10T01:29:45.492+0000] {processor.py:829} INFO - Processing file /home/airflow/.local/lib/python3.8/site-packages/airflow/example_dags/example_latest_only_with_trigger.py for tasks to queue
[2023-10-10T01:29:45.493+0000] {logging_mixin.py:151} INFO - [2023-10-10T01:29:45.493+0000] {dagbag.py:539} INFO - Filling up the DagBag from /home/airflow/.local/lib/python3.8/site-packages/airflow/example_dags/example_latest_only_with_trigger.py
[2023-10-10T01:29:45.497+0000] {processor.py:839} INFO - DAG(s) dict_keys(['latest_only_with_trigger']) retrieved from /home/airflow/.local/lib/python3.8/site-packages/airflow/example_dags/example_latest_only_with_trigger.py
[2023-10-10T01:29:45.509+0000] {logging_mixin.py:151} INFO - [2023-10-10T01:29:45.509+0000] {dag.py:2915} INFO - Sync 1 DAGs
[2023-10-10T01:29:45.519+0000] {logging_mixin.py:151} INFO - [2023-10-10T01:29:45.519+0000] {dag.py:3696} INFO - Setting next_dagrun for latest_only_with_trigger to 2023-10-09T21:29:45.519358+00:00, run_after=2023-10-10T01:29:45.519358+00:00
[2023-10-10T01:29:45.526+0000] {processor.py:179} INFO - Processing /home/airflow/.local/lib/python3.8/site-packages/airflow/example_dags/example_latest_only_with_trigger.py took 0.036 seconds
[2023-10-10T01:30:16.908+0000] {processor.py:157} INFO - Started process (PID=5782) to work on /home/airflow/.local/lib/python3.8/site-packages/airflow/example_dags/example_latest_only_with_trigger.py
[2023-10-10T01:30:16.909+0000] {processor.py:829} INFO - Processing file /home/airflow/.local/lib/python3.8/site-packages/airflow/example_dags/example_latest_only_with_trigger.py for tasks to queue
[2023-10-10T01:30:16.909+0000] {logging_mixin.py:151} INFO - [2023-10-10T01:30:16.909+0000] {dagbag.py:539} INFO - Filling up the DagBag from /home/airflow/.local/lib/python3.8/site-packages/airflow/example_dags/example_latest_only_with_trigger.py
[2023-10-10T01:30:16.913+0000] {processor.py:839} INFO - DAG(s) dict_keys(['latest_only_with_trigger']) retrieved from /home/airflow/.local/lib/python3.8/site-packages/airflow/example_dags/example_latest_only_with_trigger.py
[2023-10-10T01:30:16.925+0000] {logging_mixin.py:151} INFO - [2023-10-10T01:30:16.925+0000] {dag.py:2915} INFO - Sync 1 DAGs
[2023-10-10T01:30:16.935+0000] {logging_mixin.py:151} INFO - [2023-10-10T01:30:16.935+0000] {dag.py:3696} INFO - Setting next_dagrun for latest_only_with_trigger to 2023-10-09T21:30:16.935599+00:00, run_after=2023-10-10T01:30:16.935599+00:00
[2023-10-10T01:30:16.943+0000] {processor.py:179} INFO - Processing /home/airflow/.local/lib/python3.8/site-packages/airflow/example_dags/example_latest_only_with_trigger.py took 0.037 seconds
[2023-10-10T01:30:48.076+0000] {processor.py:157} INFO - Started process (PID=6019) to work on /home/airflow/.local/lib/python3.8/site-packages/airflow/example_dags/example_latest_only_with_trigger.py
[2023-10-10T01:30:48.076+0000] {processor.py:829} INFO - Processing file /home/airflow/.local/lib/python3.8/site-packages/airflow/example_dags/example_latest_only_with_trigger.py for tasks to queue
[2023-10-10T01:30:48.077+0000] {logging_mixin.py:151} INFO - [2023-10-10T01:30:48.077+0000] {dagbag.py:539} INFO - Filling up the DagBag from /home/airflow/.local/lib/python3.8/site-packages/airflow/example_dags/example_latest_only_with_trigger.py
[2023-10-10T01:30:48.080+0000] {processor.py:839} INFO - DAG(s) dict_keys(['latest_only_with_trigger']) retrieved from /home/airflow/.local/lib/python3.8/site-packages/airflow/example_dags/example_latest_only_with_trigger.py
[2023-10-10T01:30:48.092+0000] {logging_mixin.py:151} INFO - [2023-10-10T01:30:48.092+0000] {dag.py:2915} INFO - Sync 1 DAGs
[2023-10-10T01:30:48.102+0000] {logging_mixin.py:151} INFO - [2023-10-10T01:30:48.102+0000] {dag.py:3696} INFO - Setting next_dagrun for latest_only_with_trigger to 2023-10-09T21:30:48.102579+00:00, run_after=2023-10-10T01:30:48.102579+00:00
[2023-10-10T01:30:48.110+0000] {processor.py:179} INFO - Processing /home/airflow/.local/lib/python3.8/site-packages/airflow/example_dags/example_latest_only_with_trigger.py took 0.036 seconds
[2023-10-10T01:31:18.777+0000] {processor.py:157} INFO - Started process (PID=6259) to work on /home/airflow/.local/lib/python3.8/site-packages/airflow/example_dags/example_latest_only_with_trigger.py
[2023-10-10T01:31:18.778+0000] {processor.py:829} INFO - Processing file /home/airflow/.local/lib/python3.8/site-packages/airflow/example_dags/example_latest_only_with_trigger.py for tasks to queue
[2023-10-10T01:31:18.778+0000] {logging_mixin.py:151} INFO - [2023-10-10T01:31:18.778+0000] {dagbag.py:539} INFO - Filling up the DagBag from /home/airflow/.local/lib/python3.8/site-packages/airflow/example_dags/example_latest_only_with_trigger.py
[2023-10-10T01:31:18.782+0000] {processor.py:839} INFO - DAG(s) dict_keys(['latest_only_with_trigger']) retrieved from /home/airflow/.local/lib/python3.8/site-packages/airflow/example_dags/example_latest_only_with_trigger.py
[2023-10-10T01:31:18.794+0000] {logging_mixin.py:151} INFO - [2023-10-10T01:31:18.794+0000] {dag.py:2915} INFO - Sync 1 DAGs
[2023-10-10T01:31:18.803+0000] {logging_mixin.py:151} INFO - [2023-10-10T01:31:18.803+0000] {dag.py:3696} INFO - Setting next_dagrun for latest_only_with_trigger to 2023-10-09T21:31:18.803402+00:00, run_after=2023-10-10T01:31:18.803402+00:00
[2023-10-10T01:31:18.810+0000] {processor.py:179} INFO - Processing /home/airflow/.local/lib/python3.8/site-packages/airflow/example_dags/example_latest_only_with_trigger.py took 0.035 seconds
