[2023-10-10T01:18:21.644+0000] {processor.py:157} INFO - Started process (PID=279) to work on /home/airflow/.local/lib/python3.8/site-packages/airflow/example_dags/example_short_circuit_decorator.py
[2023-10-10T01:18:21.644+0000] {processor.py:829} INFO - Processing file /home/airflow/.local/lib/python3.8/site-packages/airflow/example_dags/example_short_circuit_decorator.py for tasks to queue
[2023-10-10T01:18:21.645+0000] {logging_mixin.py:151} INFO - [2023-10-10T01:18:21.645+0000] {dagbag.py:539} INFO - Filling up the DagBag from /home/airflow/.local/lib/python3.8/site-packages/airflow/example_dags/example_short_circuit_decorator.py
[2023-10-10T01:18:21.651+0000] {processor.py:839} INFO - DAG(s) dict_keys(['example_short_circuit_decorator']) retrieved from /home/airflow/.local/lib/python3.8/site-packages/airflow/example_dags/example_short_circuit_decorator.py
[2023-10-10T01:18:21.659+0000] {logging_mixin.py:151} INFO - [2023-10-10T01:18:21.659+0000] {dag.py:2915} INFO - Sync 1 DAGs
[2023-10-10T01:18:21.815+0000] {logging_mixin.py:151} INFO - [2023-10-10T01:18:21.815+0000] {dag.py:3696} INFO - Setting next_dagrun for example_short_circuit_decorator to 2023-10-09T01:18:21.815281+00:00, run_after=2023-10-10T01:18:21.815281+00:00
[2023-10-10T01:18:21.823+0000] {processor.py:179} INFO - Processing /home/airflow/.local/lib/python3.8/site-packages/airflow/example_dags/example_short_circuit_decorator.py took 0.182 seconds
[2023-10-10T01:18:51.848+0000] {processor.py:157} INFO - Started process (PID=515) to work on /home/airflow/.local/lib/python3.8/site-packages/airflow/example_dags/example_short_circuit_decorator.py
[2023-10-10T01:18:51.849+0000] {processor.py:829} INFO - Processing file /home/airflow/.local/lib/python3.8/site-packages/airflow/example_dags/example_short_circuit_decorator.py for tasks to queue
[2023-10-10T01:18:51.849+0000] {logging_mixin.py:151} INFO - [2023-10-10T01:18:51.849+0000] {dagbag.py:539} INFO - Filling up the DagBag from /home/airflow/.local/lib/python3.8/site-packages/airflow/example_dags/example_short_circuit_decorator.py
[2023-10-10T01:18:51.855+0000] {processor.py:839} INFO - DAG(s) dict_keys(['example_short_circuit_decorator']) retrieved from /home/airflow/.local/lib/python3.8/site-packages/airflow/example_dags/example_short_circuit_decorator.py
[2023-10-10T01:18:51.868+0000] {logging_mixin.py:151} INFO - [2023-10-10T01:18:51.868+0000] {dag.py:2915} INFO - Sync 1 DAGs
[2023-10-10T01:18:51.878+0000] {logging_mixin.py:151} INFO - [2023-10-10T01:18:51.878+0000] {dag.py:3696} INFO - Setting next_dagrun for example_short_circuit_decorator to 2023-10-09T01:18:51.878104+00:00, run_after=2023-10-10T01:18:51.878104+00:00
[2023-10-10T01:18:51.885+0000] {processor.py:179} INFO - Processing /home/airflow/.local/lib/python3.8/site-packages/airflow/example_dags/example_short_circuit_decorator.py took 0.039 seconds
[2023-10-10T01:19:23.078+0000] {processor.py:157} INFO - Started process (PID=755) to work on /home/airflow/.local/lib/python3.8/site-packages/airflow/example_dags/example_short_circuit_decorator.py
[2023-10-10T01:19:23.079+0000] {processor.py:829} INFO - Processing file /home/airflow/.local/lib/python3.8/site-packages/airflow/example_dags/example_short_circuit_decorator.py for tasks to queue
[2023-10-10T01:19:23.079+0000] {logging_mixin.py:151} INFO - [2023-10-10T01:19:23.079+0000] {dagbag.py:539} INFO - Filling up the DagBag from /home/airflow/.local/lib/python3.8/site-packages/airflow/example_dags/example_short_circuit_decorator.py
[2023-10-10T01:19:23.084+0000] {processor.py:839} INFO - DAG(s) dict_keys(['example_short_circuit_decorator']) retrieved from /home/airflow/.local/lib/python3.8/site-packages/airflow/example_dags/example_short_circuit_decorator.py
[2023-10-10T01:19:23.097+0000] {logging_mixin.py:151} INFO - [2023-10-10T01:19:23.097+0000] {dag.py:2915} INFO - Sync 1 DAGs
[2023-10-10T01:19:23.107+0000] {logging_mixin.py:151} INFO - [2023-10-10T01:19:23.107+0000] {dag.py:3696} INFO - Setting next_dagrun for example_short_circuit_decorator to 2023-10-09T01:19:23.106936+00:00, run_after=2023-10-10T01:19:23.106936+00:00
[2023-10-10T01:19:23.114+0000] {processor.py:179} INFO - Processing /home/airflow/.local/lib/python3.8/site-packages/airflow/example_dags/example_short_circuit_decorator.py took 0.038 seconds
[2023-10-10T01:19:54.358+0000] {processor.py:157} INFO - Started process (PID=994) to work on /home/airflow/.local/lib/python3.8/site-packages/airflow/example_dags/example_short_circuit_decorator.py
[2023-10-10T01:19:54.358+0000] {processor.py:829} INFO - Processing file /home/airflow/.local/lib/python3.8/site-packages/airflow/example_dags/example_short_circuit_decorator.py for tasks to queue
[2023-10-10T01:19:54.359+0000] {logging_mixin.py:151} INFO - [2023-10-10T01:19:54.359+0000] {dagbag.py:539} INFO - Filling up the DagBag from /home/airflow/.local/lib/python3.8/site-packages/airflow/example_dags/example_short_circuit_decorator.py
[2023-10-10T01:19:54.364+0000] {processor.py:839} INFO - DAG(s) dict_keys(['example_short_circuit_decorator']) retrieved from /home/airflow/.local/lib/python3.8/site-packages/airflow/example_dags/example_short_circuit_decorator.py
[2023-10-10T01:19:54.377+0000] {logging_mixin.py:151} INFO - [2023-10-10T01:19:54.377+0000] {dag.py:2915} INFO - Sync 1 DAGs
[2023-10-10T01:19:54.386+0000] {logging_mixin.py:151} INFO - [2023-10-10T01:19:54.386+0000] {dag.py:3696} INFO - Setting next_dagrun for example_short_circuit_decorator to 2023-10-09T01:19:54.386644+00:00, run_after=2023-10-10T01:19:54.386644+00:00
[2023-10-10T01:19:54.393+0000] {processor.py:179} INFO - Processing /home/airflow/.local/lib/python3.8/site-packages/airflow/example_dags/example_short_circuit_decorator.py took 0.037 seconds
[2023-10-10T01:20:24.670+0000] {processor.py:157} INFO - Started process (PID=1232) to work on /home/airflow/.local/lib/python3.8/site-packages/airflow/example_dags/example_short_circuit_decorator.py
[2023-10-10T01:20:24.671+0000] {processor.py:829} INFO - Processing file /home/airflow/.local/lib/python3.8/site-packages/airflow/example_dags/example_short_circuit_decorator.py for tasks to queue
[2023-10-10T01:20:24.671+0000] {logging_mixin.py:151} INFO - [2023-10-10T01:20:24.671+0000] {dagbag.py:539} INFO - Filling up the DagBag from /home/airflow/.local/lib/python3.8/site-packages/airflow/example_dags/example_short_circuit_decorator.py
[2023-10-10T01:20:24.676+0000] {processor.py:839} INFO - DAG(s) dict_keys(['example_short_circuit_decorator']) retrieved from /home/airflow/.local/lib/python3.8/site-packages/airflow/example_dags/example_short_circuit_decorator.py
[2023-10-10T01:20:24.689+0000] {logging_mixin.py:151} INFO - [2023-10-10T01:20:24.689+0000] {dag.py:2915} INFO - Sync 1 DAGs
[2023-10-10T01:20:24.699+0000] {logging_mixin.py:151} INFO - [2023-10-10T01:20:24.699+0000] {dag.py:3696} INFO - Setting next_dagrun for example_short_circuit_decorator to 2023-10-09T01:20:24.699195+00:00, run_after=2023-10-10T01:20:24.699195+00:00
[2023-10-10T01:20:24.705+0000] {processor.py:179} INFO - Processing /home/airflow/.local/lib/python3.8/site-packages/airflow/example_dags/example_short_circuit_decorator.py took 0.037 seconds
[2023-10-10T01:20:55.859+0000] {processor.py:157} INFO - Started process (PID=1470) to work on /home/airflow/.local/lib/python3.8/site-packages/airflow/example_dags/example_short_circuit_decorator.py
[2023-10-10T01:20:55.860+0000] {processor.py:829} INFO - Processing file /home/airflow/.local/lib/python3.8/site-packages/airflow/example_dags/example_short_circuit_decorator.py for tasks to queue
[2023-10-10T01:20:55.860+0000] {logging_mixin.py:151} INFO - [2023-10-10T01:20:55.860+0000] {dagbag.py:539} INFO - Filling up the DagBag from /home/airflow/.local/lib/python3.8/site-packages/airflow/example_dags/example_short_circuit_decorator.py
[2023-10-10T01:20:55.866+0000] {processor.py:839} INFO - DAG(s) dict_keys(['example_short_circuit_decorator']) retrieved from /home/airflow/.local/lib/python3.8/site-packages/airflow/example_dags/example_short_circuit_decorator.py
[2023-10-10T01:20:55.879+0000] {logging_mixin.py:151} INFO - [2023-10-10T01:20:55.879+0000] {dag.py:2915} INFO - Sync 1 DAGs
[2023-10-10T01:20:55.889+0000] {logging_mixin.py:151} INFO - [2023-10-10T01:20:55.888+0000] {dag.py:3696} INFO - Setting next_dagrun for example_short_circuit_decorator to 2023-10-09T01:20:55.888802+00:00, run_after=2023-10-10T01:20:55.888802+00:00
[2023-10-10T01:20:55.896+0000] {processor.py:179} INFO - Processing /home/airflow/.local/lib/python3.8/site-packages/airflow/example_dags/example_short_circuit_decorator.py took 0.038 seconds
[2023-10-10T01:21:27.051+0000] {processor.py:157} INFO - Started process (PID=1708) to work on /home/airflow/.local/lib/python3.8/site-packages/airflow/example_dags/example_short_circuit_decorator.py
[2023-10-10T01:21:27.052+0000] {processor.py:829} INFO - Processing file /home/airflow/.local/lib/python3.8/site-packages/airflow/example_dags/example_short_circuit_decorator.py for tasks to queue
[2023-10-10T01:21:27.053+0000] {logging_mixin.py:151} INFO - [2023-10-10T01:21:27.053+0000] {dagbag.py:539} INFO - Filling up the DagBag from /home/airflow/.local/lib/python3.8/site-packages/airflow/example_dags/example_short_circuit_decorator.py
[2023-10-10T01:21:27.058+0000] {processor.py:839} INFO - DAG(s) dict_keys(['example_short_circuit_decorator']) retrieved from /home/airflow/.local/lib/python3.8/site-packages/airflow/example_dags/example_short_circuit_decorator.py
[2023-10-10T01:21:27.071+0000] {logging_mixin.py:151} INFO - [2023-10-10T01:21:27.071+0000] {dag.py:2915} INFO - Sync 1 DAGs
[2023-10-10T01:21:27.080+0000] {logging_mixin.py:151} INFO - [2023-10-10T01:21:27.080+0000] {dag.py:3696} INFO - Setting next_dagrun for example_short_circuit_decorator to 2023-10-09T01:21:27.080283+00:00, run_after=2023-10-10T01:21:27.080283+00:00
[2023-10-10T01:21:27.087+0000] {processor.py:179} INFO - Processing /home/airflow/.local/lib/python3.8/site-packages/airflow/example_dags/example_short_circuit_decorator.py took 0.038 seconds
[2023-10-10T01:21:58.299+0000] {processor.py:157} INFO - Started process (PID=1946) to work on /home/airflow/.local/lib/python3.8/site-packages/airflow/example_dags/example_short_circuit_decorator.py
[2023-10-10T01:21:58.299+0000] {processor.py:829} INFO - Processing file /home/airflow/.local/lib/python3.8/site-packages/airflow/example_dags/example_short_circuit_decorator.py for tasks to queue
[2023-10-10T01:21:58.300+0000] {logging_mixin.py:151} INFO - [2023-10-10T01:21:58.300+0000] {dagbag.py:539} INFO - Filling up the DagBag from /home/airflow/.local/lib/python3.8/site-packages/airflow/example_dags/example_short_circuit_decorator.py
[2023-10-10T01:21:58.305+0000] {processor.py:839} INFO - DAG(s) dict_keys(['example_short_circuit_decorator']) retrieved from /home/airflow/.local/lib/python3.8/site-packages/airflow/example_dags/example_short_circuit_decorator.py
[2023-10-10T01:21:58.322+0000] {logging_mixin.py:151} INFO - [2023-10-10T01:21:58.322+0000] {dag.py:2915} INFO - Sync 1 DAGs
[2023-10-10T01:21:58.333+0000] {logging_mixin.py:151} INFO - [2023-10-10T01:21:58.333+0000] {dag.py:3696} INFO - Setting next_dagrun for example_short_circuit_decorator to 2023-10-09T01:21:58.332916+00:00, run_after=2023-10-10T01:21:58.332916+00:00
[2023-10-10T01:21:58.341+0000] {processor.py:179} INFO - Processing /home/airflow/.local/lib/python3.8/site-packages/airflow/example_dags/example_short_circuit_decorator.py took 0.045 seconds
[2023-10-10T01:22:28.638+0000] {processor.py:157} INFO - Started process (PID=2184) to work on /home/airflow/.local/lib/python3.8/site-packages/airflow/example_dags/example_short_circuit_decorator.py
[2023-10-10T01:22:28.639+0000] {processor.py:829} INFO - Processing file /home/airflow/.local/lib/python3.8/site-packages/airflow/example_dags/example_short_circuit_decorator.py for tasks to queue
[2023-10-10T01:22:28.639+0000] {logging_mixin.py:151} INFO - [2023-10-10T01:22:28.639+0000] {dagbag.py:539} INFO - Filling up the DagBag from /home/airflow/.local/lib/python3.8/site-packages/airflow/example_dags/example_short_circuit_decorator.py
[2023-10-10T01:22:28.644+0000] {processor.py:839} INFO - DAG(s) dict_keys(['example_short_circuit_decorator']) retrieved from /home/airflow/.local/lib/python3.8/site-packages/airflow/example_dags/example_short_circuit_decorator.py
[2023-10-10T01:22:28.657+0000] {logging_mixin.py:151} INFO - [2023-10-10T01:22:28.657+0000] {dag.py:2915} INFO - Sync 1 DAGs
[2023-10-10T01:22:28.667+0000] {logging_mixin.py:151} INFO - [2023-10-10T01:22:28.667+0000] {dag.py:3696} INFO - Setting next_dagrun for example_short_circuit_decorator to 2023-10-09T01:22:28.666919+00:00, run_after=2023-10-10T01:22:28.666919+00:00
[2023-10-10T01:22:28.674+0000] {processor.py:179} INFO - Processing /home/airflow/.local/lib/python3.8/site-packages/airflow/example_dags/example_short_circuit_decorator.py took 0.037 seconds
[2023-10-10T01:22:59.824+0000] {processor.py:157} INFO - Started process (PID=2423) to work on /home/airflow/.local/lib/python3.8/site-packages/airflow/example_dags/example_short_circuit_decorator.py
[2023-10-10T01:22:59.825+0000] {processor.py:829} INFO - Processing file /home/airflow/.local/lib/python3.8/site-packages/airflow/example_dags/example_short_circuit_decorator.py for tasks to queue
[2023-10-10T01:22:59.826+0000] {logging_mixin.py:151} INFO - [2023-10-10T01:22:59.826+0000] {dagbag.py:539} INFO - Filling up the DagBag from /home/airflow/.local/lib/python3.8/site-packages/airflow/example_dags/example_short_circuit_decorator.py
[2023-10-10T01:22:59.831+0000] {processor.py:839} INFO - DAG(s) dict_keys(['example_short_circuit_decorator']) retrieved from /home/airflow/.local/lib/python3.8/site-packages/airflow/example_dags/example_short_circuit_decorator.py
[2023-10-10T01:22:59.845+0000] {logging_mixin.py:151} INFO - [2023-10-10T01:22:59.845+0000] {dag.py:2915} INFO - Sync 1 DAGs
[2023-10-10T01:22:59.854+0000] {logging_mixin.py:151} INFO - [2023-10-10T01:22:59.854+0000] {dag.py:3696} INFO - Setting next_dagrun for example_short_circuit_decorator to 2023-10-09T01:22:59.854596+00:00, run_after=2023-10-10T01:22:59.854596+00:00
[2023-10-10T01:22:59.862+0000] {processor.py:179} INFO - Processing /home/airflow/.local/lib/python3.8/site-packages/airflow/example_dags/example_short_circuit_decorator.py took 0.040 seconds
[2023-10-10T01:23:30.157+0000] {processor.py:157} INFO - Started process (PID=2659) to work on /home/airflow/.local/lib/python3.8/site-packages/airflow/example_dags/example_short_circuit_decorator.py
[2023-10-10T01:23:30.158+0000] {processor.py:829} INFO - Processing file /home/airflow/.local/lib/python3.8/site-packages/airflow/example_dags/example_short_circuit_decorator.py for tasks to queue
[2023-10-10T01:23:30.158+0000] {logging_mixin.py:151} INFO - [2023-10-10T01:23:30.158+0000] {dagbag.py:539} INFO - Filling up the DagBag from /home/airflow/.local/lib/python3.8/site-packages/airflow/example_dags/example_short_circuit_decorator.py
[2023-10-10T01:23:30.163+0000] {processor.py:839} INFO - DAG(s) dict_keys(['example_short_circuit_decorator']) retrieved from /home/airflow/.local/lib/python3.8/site-packages/airflow/example_dags/example_short_circuit_decorator.py
[2023-10-10T01:23:30.176+0000] {logging_mixin.py:151} INFO - [2023-10-10T01:23:30.176+0000] {dag.py:2915} INFO - Sync 1 DAGs
[2023-10-10T01:23:30.187+0000] {logging_mixin.py:151} INFO - [2023-10-10T01:23:30.186+0000] {dag.py:3696} INFO - Setting next_dagrun for example_short_circuit_decorator to 2023-10-09T01:23:30.186741+00:00, run_after=2023-10-10T01:23:30.186741+00:00
[2023-10-10T01:23:30.194+0000] {processor.py:179} INFO - Processing /home/airflow/.local/lib/python3.8/site-packages/airflow/example_dags/example_short_circuit_decorator.py took 0.039 seconds
[2023-10-10T01:24:01.449+0000] {processor.py:157} INFO - Started process (PID=2898) to work on /home/airflow/.local/lib/python3.8/site-packages/airflow/example_dags/example_short_circuit_decorator.py
[2023-10-10T01:24:01.450+0000] {processor.py:829} INFO - Processing file /home/airflow/.local/lib/python3.8/site-packages/airflow/example_dags/example_short_circuit_decorator.py for tasks to queue
[2023-10-10T01:24:01.451+0000] {logging_mixin.py:151} INFO - [2023-10-10T01:24:01.450+0000] {dagbag.py:539} INFO - Filling up the DagBag from /home/airflow/.local/lib/python3.8/site-packages/airflow/example_dags/example_short_circuit_decorator.py
[2023-10-10T01:24:01.457+0000] {processor.py:839} INFO - DAG(s) dict_keys(['example_short_circuit_decorator']) retrieved from /home/airflow/.local/lib/python3.8/site-packages/airflow/example_dags/example_short_circuit_decorator.py
[2023-10-10T01:24:01.473+0000] {logging_mixin.py:151} INFO - [2023-10-10T01:24:01.473+0000] {dag.py:2915} INFO - Sync 1 DAGs
[2023-10-10T01:24:01.483+0000] {logging_mixin.py:151} INFO - [2023-10-10T01:24:01.482+0000] {dag.py:3696} INFO - Setting next_dagrun for example_short_circuit_decorator to 2023-10-09T01:24:01.482738+00:00, run_after=2023-10-10T01:24:01.482738+00:00
[2023-10-10T01:24:01.490+0000] {processor.py:179} INFO - Processing /home/airflow/.local/lib/python3.8/site-packages/airflow/example_dags/example_short_circuit_decorator.py took 0.043 seconds
[2023-10-10T01:24:32.723+0000] {processor.py:157} INFO - Started process (PID=3136) to work on /home/airflow/.local/lib/python3.8/site-packages/airflow/example_dags/example_short_circuit_decorator.py
[2023-10-10T01:24:32.725+0000] {processor.py:829} INFO - Processing file /home/airflow/.local/lib/python3.8/site-packages/airflow/example_dags/example_short_circuit_decorator.py for tasks to queue
[2023-10-10T01:24:32.725+0000] {logging_mixin.py:151} INFO - [2023-10-10T01:24:32.725+0000] {dagbag.py:539} INFO - Filling up the DagBag from /home/airflow/.local/lib/python3.8/site-packages/airflow/example_dags/example_short_circuit_decorator.py
[2023-10-10T01:24:32.732+0000] {processor.py:839} INFO - DAG(s) dict_keys(['example_short_circuit_decorator']) retrieved from /home/airflow/.local/lib/python3.8/site-packages/airflow/example_dags/example_short_circuit_decorator.py
[2023-10-10T01:24:32.746+0000] {logging_mixin.py:151} INFO - [2023-10-10T01:24:32.745+0000] {dag.py:2915} INFO - Sync 1 DAGs
[2023-10-10T01:24:32.756+0000] {logging_mixin.py:151} INFO - [2023-10-10T01:24:32.756+0000] {dag.py:3696} INFO - Setting next_dagrun for example_short_circuit_decorator to 2023-10-09T01:24:32.756408+00:00, run_after=2023-10-10T01:24:32.756408+00:00
[2023-10-10T01:24:32.764+0000] {processor.py:179} INFO - Processing /home/airflow/.local/lib/python3.8/site-packages/airflow/example_dags/example_short_circuit_decorator.py took 0.043 seconds
[2023-10-10T01:25:03.897+0000] {processor.py:157} INFO - Started process (PID=3372) to work on /home/airflow/.local/lib/python3.8/site-packages/airflow/example_dags/example_short_circuit_decorator.py
[2023-10-10T01:25:03.897+0000] {processor.py:829} INFO - Processing file /home/airflow/.local/lib/python3.8/site-packages/airflow/example_dags/example_short_circuit_decorator.py for tasks to queue
[2023-10-10T01:25:03.898+0000] {logging_mixin.py:151} INFO - [2023-10-10T01:25:03.898+0000] {dagbag.py:539} INFO - Filling up the DagBag from /home/airflow/.local/lib/python3.8/site-packages/airflow/example_dags/example_short_circuit_decorator.py
[2023-10-10T01:25:03.903+0000] {processor.py:839} INFO - DAG(s) dict_keys(['example_short_circuit_decorator']) retrieved from /home/airflow/.local/lib/python3.8/site-packages/airflow/example_dags/example_short_circuit_decorator.py
[2023-10-10T01:25:03.915+0000] {logging_mixin.py:151} INFO - [2023-10-10T01:25:03.915+0000] {dag.py:2915} INFO - Sync 1 DAGs
[2023-10-10T01:25:03.926+0000] {logging_mixin.py:151} INFO - [2023-10-10T01:25:03.926+0000] {dag.py:3696} INFO - Setting next_dagrun for example_short_circuit_decorator to 2023-10-09T01:25:03.926454+00:00, run_after=2023-10-10T01:25:03.926454+00:00
[2023-10-10T01:25:03.934+0000] {processor.py:179} INFO - Processing /home/airflow/.local/lib/python3.8/site-packages/airflow/example_dags/example_short_circuit_decorator.py took 0.039 seconds
[2023-10-10T01:25:35.226+0000] {processor.py:157} INFO - Started process (PID=3612) to work on /home/airflow/.local/lib/python3.8/site-packages/airflow/example_dags/example_short_circuit_decorator.py
[2023-10-10T01:25:35.227+0000] {processor.py:829} INFO - Processing file /home/airflow/.local/lib/python3.8/site-packages/airflow/example_dags/example_short_circuit_decorator.py for tasks to queue
[2023-10-10T01:25:35.227+0000] {logging_mixin.py:151} INFO - [2023-10-10T01:25:35.227+0000] {dagbag.py:539} INFO - Filling up the DagBag from /home/airflow/.local/lib/python3.8/site-packages/airflow/example_dags/example_short_circuit_decorator.py
[2023-10-10T01:25:35.233+0000] {processor.py:839} INFO - DAG(s) dict_keys(['example_short_circuit_decorator']) retrieved from /home/airflow/.local/lib/python3.8/site-packages/airflow/example_dags/example_short_circuit_decorator.py
[2023-10-10T01:25:35.247+0000] {logging_mixin.py:151} INFO - [2023-10-10T01:25:35.247+0000] {dag.py:2915} INFO - Sync 1 DAGs
[2023-10-10T01:25:35.257+0000] {logging_mixin.py:151} INFO - [2023-10-10T01:25:35.257+0000] {dag.py:3696} INFO - Setting next_dagrun for example_short_circuit_decorator to 2023-10-09T01:25:35.257080+00:00, run_after=2023-10-10T01:25:35.257080+00:00
[2023-10-10T01:25:35.264+0000] {processor.py:179} INFO - Processing /home/airflow/.local/lib/python3.8/site-packages/airflow/example_dags/example_short_circuit_decorator.py took 0.040 seconds
[2023-10-10T01:26:06.531+0000] {processor.py:157} INFO - Started process (PID=3850) to work on /home/airflow/.local/lib/python3.8/site-packages/airflow/example_dags/example_short_circuit_decorator.py
[2023-10-10T01:26:06.532+0000] {processor.py:829} INFO - Processing file /home/airflow/.local/lib/python3.8/site-packages/airflow/example_dags/example_short_circuit_decorator.py for tasks to queue
[2023-10-10T01:26:06.533+0000] {logging_mixin.py:151} INFO - [2023-10-10T01:26:06.532+0000] {dagbag.py:539} INFO - Filling up the DagBag from /home/airflow/.local/lib/python3.8/site-packages/airflow/example_dags/example_short_circuit_decorator.py
[2023-10-10T01:26:06.538+0000] {processor.py:839} INFO - DAG(s) dict_keys(['example_short_circuit_decorator']) retrieved from /home/airflow/.local/lib/python3.8/site-packages/airflow/example_dags/example_short_circuit_decorator.py
[2023-10-10T01:26:06.552+0000] {logging_mixin.py:151} INFO - [2023-10-10T01:26:06.552+0000] {dag.py:2915} INFO - Sync 1 DAGs
[2023-10-10T01:26:06.561+0000] {logging_mixin.py:151} INFO - [2023-10-10T01:26:06.561+0000] {dag.py:3696} INFO - Setting next_dagrun for example_short_circuit_decorator to 2023-10-09T01:26:06.561354+00:00, run_after=2023-10-10T01:26:06.561354+00:00
[2023-10-10T01:26:06.569+0000] {processor.py:179} INFO - Processing /home/airflow/.local/lib/python3.8/site-packages/airflow/example_dags/example_short_circuit_decorator.py took 0.039 seconds
[2023-10-10T01:26:37.808+0000] {processor.py:157} INFO - Started process (PID=4089) to work on /home/airflow/.local/lib/python3.8/site-packages/airflow/example_dags/example_short_circuit_decorator.py
[2023-10-10T01:26:37.809+0000] {processor.py:829} INFO - Processing file /home/airflow/.local/lib/python3.8/site-packages/airflow/example_dags/example_short_circuit_decorator.py for tasks to queue
[2023-10-10T01:26:37.809+0000] {logging_mixin.py:151} INFO - [2023-10-10T01:26:37.809+0000] {dagbag.py:539} INFO - Filling up the DagBag from /home/airflow/.local/lib/python3.8/site-packages/airflow/example_dags/example_short_circuit_decorator.py
[2023-10-10T01:26:37.815+0000] {processor.py:839} INFO - DAG(s) dict_keys(['example_short_circuit_decorator']) retrieved from /home/airflow/.local/lib/python3.8/site-packages/airflow/example_dags/example_short_circuit_decorator.py
[2023-10-10T01:26:37.829+0000] {logging_mixin.py:151} INFO - [2023-10-10T01:26:37.829+0000] {dag.py:2915} INFO - Sync 1 DAGs
[2023-10-10T01:26:37.839+0000] {logging_mixin.py:151} INFO - [2023-10-10T01:26:37.839+0000] {dag.py:3696} INFO - Setting next_dagrun for example_short_circuit_decorator to 2023-10-09T01:26:37.838950+00:00, run_after=2023-10-10T01:26:37.838950+00:00
[2023-10-10T01:26:37.846+0000] {processor.py:179} INFO - Processing /home/airflow/.local/lib/python3.8/site-packages/airflow/example_dags/example_short_circuit_decorator.py took 0.040 seconds
[2023-10-10T01:27:08.997+0000] {processor.py:157} INFO - Started process (PID=4327) to work on /home/airflow/.local/lib/python3.8/site-packages/airflow/example_dags/example_short_circuit_decorator.py
[2023-10-10T01:27:08.998+0000] {processor.py:829} INFO - Processing file /home/airflow/.local/lib/python3.8/site-packages/airflow/example_dags/example_short_circuit_decorator.py for tasks to queue
[2023-10-10T01:27:08.998+0000] {logging_mixin.py:151} INFO - [2023-10-10T01:27:08.998+0000] {dagbag.py:539} INFO - Filling up the DagBag from /home/airflow/.local/lib/python3.8/site-packages/airflow/example_dags/example_short_circuit_decorator.py
[2023-10-10T01:27:09.004+0000] {processor.py:839} INFO - DAG(s) dict_keys(['example_short_circuit_decorator']) retrieved from /home/airflow/.local/lib/python3.8/site-packages/airflow/example_dags/example_short_circuit_decorator.py
[2023-10-10T01:27:09.019+0000] {logging_mixin.py:151} INFO - [2023-10-10T01:27:09.019+0000] {dag.py:2915} INFO - Sync 1 DAGs
[2023-10-10T01:27:09.029+0000] {logging_mixin.py:151} INFO - [2023-10-10T01:27:09.029+0000] {dag.py:3696} INFO - Setting next_dagrun for example_short_circuit_decorator to 2023-10-09T01:27:09.028996+00:00, run_after=2023-10-10T01:27:09.028996+00:00
[2023-10-10T01:27:09.037+0000] {processor.py:179} INFO - Processing /home/airflow/.local/lib/python3.8/site-packages/airflow/example_dags/example_short_circuit_decorator.py took 0.042 seconds
[2023-10-10T01:27:40.215+0000] {processor.py:157} INFO - Started process (PID=4565) to work on /home/airflow/.local/lib/python3.8/site-packages/airflow/example_dags/example_short_circuit_decorator.py
[2023-10-10T01:27:40.216+0000] {processor.py:829} INFO - Processing file /home/airflow/.local/lib/python3.8/site-packages/airflow/example_dags/example_short_circuit_decorator.py for tasks to queue
[2023-10-10T01:27:40.216+0000] {logging_mixin.py:151} INFO - [2023-10-10T01:27:40.216+0000] {dagbag.py:539} INFO - Filling up the DagBag from /home/airflow/.local/lib/python3.8/site-packages/airflow/example_dags/example_short_circuit_decorator.py
[2023-10-10T01:27:40.222+0000] {processor.py:839} INFO - DAG(s) dict_keys(['example_short_circuit_decorator']) retrieved from /home/airflow/.local/lib/python3.8/site-packages/airflow/example_dags/example_short_circuit_decorator.py
[2023-10-10T01:27:40.240+0000] {logging_mixin.py:151} INFO - [2023-10-10T01:27:40.240+0000] {dag.py:2915} INFO - Sync 1 DAGs
[2023-10-10T01:27:40.251+0000] {logging_mixin.py:151} INFO - [2023-10-10T01:27:40.250+0000] {dag.py:3696} INFO - Setting next_dagrun for example_short_circuit_decorator to 2023-10-09T01:27:40.250719+00:00, run_after=2023-10-10T01:27:40.250719+00:00
[2023-10-10T01:27:40.259+0000] {processor.py:179} INFO - Processing /home/airflow/.local/lib/python3.8/site-packages/airflow/example_dags/example_short_circuit_decorator.py took 0.046 seconds
[2023-10-10T01:28:11.554+0000] {processor.py:157} INFO - Started process (PID=4803) to work on /home/airflow/.local/lib/python3.8/site-packages/airflow/example_dags/example_short_circuit_decorator.py
[2023-10-10T01:28:11.555+0000] {processor.py:829} INFO - Processing file /home/airflow/.local/lib/python3.8/site-packages/airflow/example_dags/example_short_circuit_decorator.py for tasks to queue
[2023-10-10T01:28:11.555+0000] {logging_mixin.py:151} INFO - [2023-10-10T01:28:11.555+0000] {dagbag.py:539} INFO - Filling up the DagBag from /home/airflow/.local/lib/python3.8/site-packages/airflow/example_dags/example_short_circuit_decorator.py
[2023-10-10T01:28:11.562+0000] {processor.py:839} INFO - DAG(s) dict_keys(['example_short_circuit_decorator']) retrieved from /home/airflow/.local/lib/python3.8/site-packages/airflow/example_dags/example_short_circuit_decorator.py
[2023-10-10T01:28:11.577+0000] {logging_mixin.py:151} INFO - [2023-10-10T01:28:11.577+0000] {dag.py:2915} INFO - Sync 1 DAGs
[2023-10-10T01:28:11.594+0000] {logging_mixin.py:151} INFO - [2023-10-10T01:28:11.594+0000] {dag.py:3696} INFO - Setting next_dagrun for example_short_circuit_decorator to 2023-10-09T01:28:11.594232+00:00, run_after=2023-10-10T01:28:11.594232+00:00
[2023-10-10T01:28:11.604+0000] {processor.py:179} INFO - Processing /home/airflow/.local/lib/python3.8/site-packages/airflow/example_dags/example_short_circuit_decorator.py took 0.052 seconds
[2023-10-10T01:28:42.976+0000] {processor.py:157} INFO - Started process (PID=5041) to work on /home/airflow/.local/lib/python3.8/site-packages/airflow/example_dags/example_short_circuit_decorator.py
[2023-10-10T01:28:42.977+0000] {processor.py:829} INFO - Processing file /home/airflow/.local/lib/python3.8/site-packages/airflow/example_dags/example_short_circuit_decorator.py for tasks to queue
[2023-10-10T01:28:42.978+0000] {logging_mixin.py:151} INFO - [2023-10-10T01:28:42.978+0000] {dagbag.py:539} INFO - Filling up the DagBag from /home/airflow/.local/lib/python3.8/site-packages/airflow/example_dags/example_short_circuit_decorator.py
[2023-10-10T01:28:42.984+0000] {processor.py:839} INFO - DAG(s) dict_keys(['example_short_circuit_decorator']) retrieved from /home/airflow/.local/lib/python3.8/site-packages/airflow/example_dags/example_short_circuit_decorator.py
[2023-10-10T01:28:42.998+0000] {logging_mixin.py:151} INFO - [2023-10-10T01:28:42.998+0000] {dag.py:2915} INFO - Sync 1 DAGs
[2023-10-10T01:28:43.010+0000] {logging_mixin.py:151} INFO - [2023-10-10T01:28:43.010+0000] {dag.py:3696} INFO - Setting next_dagrun for example_short_circuit_decorator to 2023-10-09T01:28:43.010514+00:00, run_after=2023-10-10T01:28:43.010514+00:00
[2023-10-10T01:28:43.019+0000] {processor.py:179} INFO - Processing /home/airflow/.local/lib/python3.8/site-packages/airflow/example_dags/example_short_circuit_decorator.py took 0.045 seconds
[2023-10-10T01:29:14.176+0000] {processor.py:157} INFO - Started process (PID=5279) to work on /home/airflow/.local/lib/python3.8/site-packages/airflow/example_dags/example_short_circuit_decorator.py
[2023-10-10T01:29:14.176+0000] {processor.py:829} INFO - Processing file /home/airflow/.local/lib/python3.8/site-packages/airflow/example_dags/example_short_circuit_decorator.py for tasks to queue
[2023-10-10T01:29:14.177+0000] {logging_mixin.py:151} INFO - [2023-10-10T01:29:14.177+0000] {dagbag.py:539} INFO - Filling up the DagBag from /home/airflow/.local/lib/python3.8/site-packages/airflow/example_dags/example_short_circuit_decorator.py
[2023-10-10T01:29:14.184+0000] {processor.py:839} INFO - DAG(s) dict_keys(['example_short_circuit_decorator']) retrieved from /home/airflow/.local/lib/python3.8/site-packages/airflow/example_dags/example_short_circuit_decorator.py
[2023-10-10T01:29:14.198+0000] {logging_mixin.py:151} INFO - [2023-10-10T01:29:14.198+0000] {dag.py:2915} INFO - Sync 1 DAGs
[2023-10-10T01:29:14.207+0000] {logging_mixin.py:151} INFO - [2023-10-10T01:29:14.207+0000] {dag.py:3696} INFO - Setting next_dagrun for example_short_circuit_decorator to 2023-10-09T01:29:14.207611+00:00, run_after=2023-10-10T01:29:14.207611+00:00
[2023-10-10T01:29:14.215+0000] {processor.py:179} INFO - Processing /home/airflow/.local/lib/python3.8/site-packages/airflow/example_dags/example_short_circuit_decorator.py took 0.041 seconds
[2023-10-10T01:29:45.389+0000] {processor.py:157} INFO - Started process (PID=5517) to work on /home/airflow/.local/lib/python3.8/site-packages/airflow/example_dags/example_short_circuit_decorator.py
[2023-10-10T01:29:45.390+0000] {processor.py:829} INFO - Processing file /home/airflow/.local/lib/python3.8/site-packages/airflow/example_dags/example_short_circuit_decorator.py for tasks to queue
[2023-10-10T01:29:45.390+0000] {logging_mixin.py:151} INFO - [2023-10-10T01:29:45.390+0000] {dagbag.py:539} INFO - Filling up the DagBag from /home/airflow/.local/lib/python3.8/site-packages/airflow/example_dags/example_short_circuit_decorator.py
[2023-10-10T01:29:45.398+0000] {processor.py:839} INFO - DAG(s) dict_keys(['example_short_circuit_decorator']) retrieved from /home/airflow/.local/lib/python3.8/site-packages/airflow/example_dags/example_short_circuit_decorator.py
[2023-10-10T01:29:45.412+0000] {logging_mixin.py:151} INFO - [2023-10-10T01:29:45.412+0000] {dag.py:2915} INFO - Sync 1 DAGs
[2023-10-10T01:29:45.422+0000] {logging_mixin.py:151} INFO - [2023-10-10T01:29:45.421+0000] {dag.py:3696} INFO - Setting next_dagrun for example_short_circuit_decorator to 2023-10-09T01:29:45.421815+00:00, run_after=2023-10-10T01:29:45.421815+00:00
[2023-10-10T01:29:45.429+0000] {processor.py:179} INFO - Processing /home/airflow/.local/lib/python3.8/site-packages/airflow/example_dags/example_short_circuit_decorator.py took 0.042 seconds
[2023-10-10T01:30:16.732+0000] {processor.py:157} INFO - Started process (PID=5762) to work on /home/airflow/.local/lib/python3.8/site-packages/airflow/example_dags/example_short_circuit_decorator.py
[2023-10-10T01:30:16.733+0000] {processor.py:829} INFO - Processing file /home/airflow/.local/lib/python3.8/site-packages/airflow/example_dags/example_short_circuit_decorator.py for tasks to queue
[2023-10-10T01:30:16.734+0000] {logging_mixin.py:151} INFO - [2023-10-10T01:30:16.733+0000] {dagbag.py:539} INFO - Filling up the DagBag from /home/airflow/.local/lib/python3.8/site-packages/airflow/example_dags/example_short_circuit_decorator.py
[2023-10-10T01:30:16.740+0000] {processor.py:839} INFO - DAG(s) dict_keys(['example_short_circuit_decorator']) retrieved from /home/airflow/.local/lib/python3.8/site-packages/airflow/example_dags/example_short_circuit_decorator.py
[2023-10-10T01:30:16.756+0000] {logging_mixin.py:151} INFO - [2023-10-10T01:30:16.756+0000] {dag.py:2915} INFO - Sync 1 DAGs
[2023-10-10T01:30:16.766+0000] {logging_mixin.py:151} INFO - [2023-10-10T01:30:16.766+0000] {dag.py:3696} INFO - Setting next_dagrun for example_short_circuit_decorator to 2023-10-09T01:30:16.766018+00:00, run_after=2023-10-10T01:30:16.766018+00:00
[2023-10-10T01:30:16.773+0000] {processor.py:179} INFO - Processing /home/airflow/.local/lib/python3.8/site-packages/airflow/example_dags/example_short_circuit_decorator.py took 0.042 seconds
[2023-10-10T01:30:47.970+0000] {processor.py:157} INFO - Started process (PID=6001) to work on /home/airflow/.local/lib/python3.8/site-packages/airflow/example_dags/example_short_circuit_decorator.py
[2023-10-10T01:30:47.974+0000] {processor.py:829} INFO - Processing file /home/airflow/.local/lib/python3.8/site-packages/airflow/example_dags/example_short_circuit_decorator.py for tasks to queue
[2023-10-10T01:30:47.974+0000] {logging_mixin.py:151} INFO - [2023-10-10T01:30:47.974+0000] {dagbag.py:539} INFO - Filling up the DagBag from /home/airflow/.local/lib/python3.8/site-packages/airflow/example_dags/example_short_circuit_decorator.py
[2023-10-10T01:30:47.981+0000] {processor.py:839} INFO - DAG(s) dict_keys(['example_short_circuit_decorator']) retrieved from /home/airflow/.local/lib/python3.8/site-packages/airflow/example_dags/example_short_circuit_decorator.py
[2023-10-10T01:30:47.995+0000] {logging_mixin.py:151} INFO - [2023-10-10T01:30:47.994+0000] {dag.py:2915} INFO - Sync 1 DAGs
[2023-10-10T01:30:48.004+0000] {logging_mixin.py:151} INFO - [2023-10-10T01:30:48.004+0000] {dag.py:3696} INFO - Setting next_dagrun for example_short_circuit_decorator to 2023-10-09T01:30:48.004552+00:00, run_after=2023-10-10T01:30:48.004552+00:00
[2023-10-10T01:30:48.012+0000] {processor.py:179} INFO - Processing /home/airflow/.local/lib/python3.8/site-packages/airflow/example_dags/example_short_circuit_decorator.py took 0.043 seconds
[2023-10-10T01:31:18.605+0000] {processor.py:157} INFO - Started process (PID=6239) to work on /home/airflow/.local/lib/python3.8/site-packages/airflow/example_dags/example_short_circuit_decorator.py
[2023-10-10T01:31:18.606+0000] {processor.py:829} INFO - Processing file /home/airflow/.local/lib/python3.8/site-packages/airflow/example_dags/example_short_circuit_decorator.py for tasks to queue
[2023-10-10T01:31:18.606+0000] {logging_mixin.py:151} INFO - [2023-10-10T01:31:18.606+0000] {dagbag.py:539} INFO - Filling up the DagBag from /home/airflow/.local/lib/python3.8/site-packages/airflow/example_dags/example_short_circuit_decorator.py
[2023-10-10T01:31:18.611+0000] {processor.py:839} INFO - DAG(s) dict_keys(['example_short_circuit_decorator']) retrieved from /home/airflow/.local/lib/python3.8/site-packages/airflow/example_dags/example_short_circuit_decorator.py
[2023-10-10T01:31:18.625+0000] {logging_mixin.py:151} INFO - [2023-10-10T01:31:18.625+0000] {dag.py:2915} INFO - Sync 1 DAGs
[2023-10-10T01:31:18.634+0000] {logging_mixin.py:151} INFO - [2023-10-10T01:31:18.634+0000] {dag.py:3696} INFO - Setting next_dagrun for example_short_circuit_decorator to 2023-10-09T01:31:18.634616+00:00, run_after=2023-10-10T01:31:18.634616+00:00
[2023-10-10T01:31:18.641+0000] {processor.py:179} INFO - Processing /home/airflow/.local/lib/python3.8/site-packages/airflow/example_dags/example_short_circuit_decorator.py took 0.038 seconds
