[2023-10-10T01:18:19.815+0000] {processor.py:157} INFO - Started process (PID=187) to work on /home/airflow/.local/lib/python3.8/site-packages/airflow/example_dags/example_branch_datetime_operator.py
[2023-10-10T01:18:19.815+0000] {processor.py:829} INFO - Processing file /home/airflow/.local/lib/python3.8/site-packages/airflow/example_dags/example_branch_datetime_operator.py for tasks to queue
[2023-10-10T01:18:19.816+0000] {logging_mixin.py:151} INFO - [2023-10-10T01:18:19.815+0000] {dagbag.py:539} INFO - Filling up the DagBag from /home/airflow/.local/lib/python3.8/site-packages/airflow/example_dags/example_branch_datetime_operator.py
[2023-10-10T01:18:19.822+0000] {processor.py:839} INFO - DAG(s) dict_keys(['example_branch_datetime_operator_2', 'example_branch_datetime_operator_3', 'example_branch_datetime_operator']) retrieved from /home/airflow/.local/lib/python3.8/site-packages/airflow/example_dags/example_branch_datetime_operator.py
[2023-10-10T01:18:19.839+0000] {logging_mixin.py:151} INFO - [2023-10-10T01:18:19.839+0000] {dag.py:2915} INFO - Sync 3 DAGs
[2023-10-10T01:18:19.858+0000] {logging_mixin.py:151} INFO - [2023-10-10T01:18:19.858+0000] {dag.py:3696} INFO - Setting next_dagrun for example_branch_datetime_operator to 2023-10-09T00:00:00+00:00, run_after=2023-10-10T00:00:00+00:00
[2023-10-10T01:18:19.861+0000] {logging_mixin.py:151} INFO - [2023-10-10T01:18:19.861+0000] {dag.py:3696} INFO - Setting next_dagrun for example_branch_datetime_operator_2 to 2023-10-09T00:00:00+00:00, run_after=2023-10-10T00:00:00+00:00
[2023-10-10T01:18:19.862+0000] {logging_mixin.py:151} INFO - [2023-10-10T01:18:19.862+0000] {dag.py:3696} INFO - Setting next_dagrun for example_branch_datetime_operator_3 to 2023-10-09T00:00:00+00:00, run_after=2023-10-10T00:00:00+00:00
[2023-10-10T01:18:19.872+0000] {processor.py:179} INFO - Processing /home/airflow/.local/lib/python3.8/site-packages/airflow/example_dags/example_branch_datetime_operator.py took 0.059 seconds
[2023-10-10T01:18:50.024+0000] {processor.py:157} INFO - Started process (PID=425) to work on /home/airflow/.local/lib/python3.8/site-packages/airflow/example_dags/example_branch_datetime_operator.py
[2023-10-10T01:18:50.024+0000] {processor.py:829} INFO - Processing file /home/airflow/.local/lib/python3.8/site-packages/airflow/example_dags/example_branch_datetime_operator.py for tasks to queue
[2023-10-10T01:18:50.025+0000] {logging_mixin.py:151} INFO - [2023-10-10T01:18:50.025+0000] {dagbag.py:539} INFO - Filling up the DagBag from /home/airflow/.local/lib/python3.8/site-packages/airflow/example_dags/example_branch_datetime_operator.py
[2023-10-10T01:18:50.030+0000] {processor.py:839} INFO - DAG(s) dict_keys(['example_branch_datetime_operator_3', 'example_branch_datetime_operator', 'example_branch_datetime_operator_2']) retrieved from /home/airflow/.local/lib/python3.8/site-packages/airflow/example_dags/example_branch_datetime_operator.py
[2023-10-10T01:18:50.053+0000] {logging_mixin.py:151} INFO - [2023-10-10T01:18:50.053+0000] {dag.py:2915} INFO - Sync 3 DAGs
[2023-10-10T01:18:50.065+0000] {logging_mixin.py:151} INFO - [2023-10-10T01:18:50.065+0000] {dag.py:3696} INFO - Setting next_dagrun for example_branch_datetime_operator to 2023-10-09T00:00:00+00:00, run_after=2023-10-10T00:00:00+00:00
[2023-10-10T01:18:50.067+0000] {logging_mixin.py:151} INFO - [2023-10-10T01:18:50.067+0000] {dag.py:3696} INFO - Setting next_dagrun for example_branch_datetime_operator_2 to 2023-10-09T00:00:00+00:00, run_after=2023-10-10T00:00:00+00:00
[2023-10-10T01:18:50.068+0000] {logging_mixin.py:151} INFO - [2023-10-10T01:18:50.068+0000] {dag.py:3696} INFO - Setting next_dagrun for example_branch_datetime_operator_3 to 2023-10-09T00:00:00+00:00, run_after=2023-10-10T00:00:00+00:00
[2023-10-10T01:18:50.075+0000] {processor.py:179} INFO - Processing /home/airflow/.local/lib/python3.8/site-packages/airflow/example_dags/example_branch_datetime_operator.py took 0.054 seconds
[2023-10-10T01:19:20.164+0000] {processor.py:157} INFO - Started process (PID=663) to work on /home/airflow/.local/lib/python3.8/site-packages/airflow/example_dags/example_branch_datetime_operator.py
[2023-10-10T01:19:20.164+0000] {processor.py:829} INFO - Processing file /home/airflow/.local/lib/python3.8/site-packages/airflow/example_dags/example_branch_datetime_operator.py for tasks to queue
[2023-10-10T01:19:20.165+0000] {logging_mixin.py:151} INFO - [2023-10-10T01:19:20.165+0000] {dagbag.py:539} INFO - Filling up the DagBag from /home/airflow/.local/lib/python3.8/site-packages/airflow/example_dags/example_branch_datetime_operator.py
[2023-10-10T01:19:20.171+0000] {processor.py:839} INFO - DAG(s) dict_keys(['example_branch_datetime_operator_2', 'example_branch_datetime_operator', 'example_branch_datetime_operator_3']) retrieved from /home/airflow/.local/lib/python3.8/site-packages/airflow/example_dags/example_branch_datetime_operator.py
[2023-10-10T01:19:20.187+0000] {logging_mixin.py:151} INFO - [2023-10-10T01:19:20.187+0000] {dag.py:2915} INFO - Sync 3 DAGs
[2023-10-10T01:19:20.203+0000] {logging_mixin.py:151} INFO - [2023-10-10T01:19:20.203+0000] {dag.py:3696} INFO - Setting next_dagrun for example_branch_datetime_operator to 2023-10-09T00:00:00+00:00, run_after=2023-10-10T00:00:00+00:00
[2023-10-10T01:19:20.205+0000] {logging_mixin.py:151} INFO - [2023-10-10T01:19:20.205+0000] {dag.py:3696} INFO - Setting next_dagrun for example_branch_datetime_operator_2 to 2023-10-09T00:00:00+00:00, run_after=2023-10-10T00:00:00+00:00
[2023-10-10T01:19:20.207+0000] {logging_mixin.py:151} INFO - [2023-10-10T01:19:20.207+0000] {dag.py:3696} INFO - Setting next_dagrun for example_branch_datetime_operator_3 to 2023-10-09T00:00:00+00:00, run_after=2023-10-10T00:00:00+00:00
[2023-10-10T01:19:20.217+0000] {processor.py:179} INFO - Processing /home/airflow/.local/lib/python3.8/site-packages/airflow/example_dags/example_branch_datetime_operator.py took 0.056 seconds
[2023-10-10T01:19:50.443+0000] {processor.py:157} INFO - Started process (PID=897) to work on /home/airflow/.local/lib/python3.8/site-packages/airflow/example_dags/example_branch_datetime_operator.py
[2023-10-10T01:19:50.444+0000] {processor.py:829} INFO - Processing file /home/airflow/.local/lib/python3.8/site-packages/airflow/example_dags/example_branch_datetime_operator.py for tasks to queue
[2023-10-10T01:19:50.444+0000] {logging_mixin.py:151} INFO - [2023-10-10T01:19:50.444+0000] {dagbag.py:539} INFO - Filling up the DagBag from /home/airflow/.local/lib/python3.8/site-packages/airflow/example_dags/example_branch_datetime_operator.py
[2023-10-10T01:19:50.450+0000] {processor.py:839} INFO - DAG(s) dict_keys(['example_branch_datetime_operator', 'example_branch_datetime_operator_2', 'example_branch_datetime_operator_3']) retrieved from /home/airflow/.local/lib/python3.8/site-packages/airflow/example_dags/example_branch_datetime_operator.py
[2023-10-10T01:19:50.465+0000] {logging_mixin.py:151} INFO - [2023-10-10T01:19:50.465+0000] {dag.py:2915} INFO - Sync 3 DAGs
[2023-10-10T01:19:50.475+0000] {logging_mixin.py:151} INFO - [2023-10-10T01:19:50.475+0000] {dag.py:3696} INFO - Setting next_dagrun for example_branch_datetime_operator to 2023-10-09T00:00:00+00:00, run_after=2023-10-10T00:00:00+00:00
[2023-10-10T01:19:50.477+0000] {logging_mixin.py:151} INFO - [2023-10-10T01:19:50.477+0000] {dag.py:3696} INFO - Setting next_dagrun for example_branch_datetime_operator_2 to 2023-10-09T00:00:00+00:00, run_after=2023-10-10T00:00:00+00:00
[2023-10-10T01:19:50.478+0000] {logging_mixin.py:151} INFO - [2023-10-10T01:19:50.478+0000] {dag.py:3696} INFO - Setting next_dagrun for example_branch_datetime_operator_3 to 2023-10-09T00:00:00+00:00, run_after=2023-10-10T00:00:00+00:00
[2023-10-10T01:19:50.487+0000] {processor.py:179} INFO - Processing /home/airflow/.local/lib/python3.8/site-packages/airflow/example_dags/example_branch_datetime_operator.py took 0.046 seconds
[2023-10-10T01:20:20.709+0000] {processor.py:157} INFO - Started process (PID=1137) to work on /home/airflow/.local/lib/python3.8/site-packages/airflow/example_dags/example_branch_datetime_operator.py
[2023-10-10T01:20:20.709+0000] {processor.py:829} INFO - Processing file /home/airflow/.local/lib/python3.8/site-packages/airflow/example_dags/example_branch_datetime_operator.py for tasks to queue
[2023-10-10T01:20:20.710+0000] {logging_mixin.py:151} INFO - [2023-10-10T01:20:20.710+0000] {dagbag.py:539} INFO - Filling up the DagBag from /home/airflow/.local/lib/python3.8/site-packages/airflow/example_dags/example_branch_datetime_operator.py
[2023-10-10T01:20:20.715+0000] {processor.py:839} INFO - DAG(s) dict_keys(['example_branch_datetime_operator', 'example_branch_datetime_operator_2', 'example_branch_datetime_operator_3']) retrieved from /home/airflow/.local/lib/python3.8/site-packages/airflow/example_dags/example_branch_datetime_operator.py
[2023-10-10T01:20:20.730+0000] {logging_mixin.py:151} INFO - [2023-10-10T01:20:20.730+0000] {dag.py:2915} INFO - Sync 3 DAGs
[2023-10-10T01:20:20.740+0000] {logging_mixin.py:151} INFO - [2023-10-10T01:20:20.740+0000] {dag.py:3696} INFO - Setting next_dagrun for example_branch_datetime_operator to 2023-10-09T00:00:00+00:00, run_after=2023-10-10T00:00:00+00:00
[2023-10-10T01:20:20.742+0000] {logging_mixin.py:151} INFO - [2023-10-10T01:20:20.742+0000] {dag.py:3696} INFO - Setting next_dagrun for example_branch_datetime_operator_2 to 2023-10-09T00:00:00+00:00, run_after=2023-10-10T00:00:00+00:00
[2023-10-10T01:20:20.743+0000] {logging_mixin.py:151} INFO - [2023-10-10T01:20:20.743+0000] {dag.py:3696} INFO - Setting next_dagrun for example_branch_datetime_operator_3 to 2023-10-09T00:00:00+00:00, run_after=2023-10-10T00:00:00+00:00
[2023-10-10T01:20:20.749+0000] {processor.py:179} INFO - Processing /home/airflow/.local/lib/python3.8/site-packages/airflow/example_dags/example_branch_datetime_operator.py took 0.042 seconds
[2023-10-10T01:20:51.071+0000] {processor.py:157} INFO - Started process (PID=1380) to work on /home/airflow/.local/lib/python3.8/site-packages/airflow/example_dags/example_branch_datetime_operator.py
[2023-10-10T01:20:51.072+0000] {processor.py:829} INFO - Processing file /home/airflow/.local/lib/python3.8/site-packages/airflow/example_dags/example_branch_datetime_operator.py for tasks to queue
[2023-10-10T01:20:51.073+0000] {logging_mixin.py:151} INFO - [2023-10-10T01:20:51.073+0000] {dagbag.py:539} INFO - Filling up the DagBag from /home/airflow/.local/lib/python3.8/site-packages/airflow/example_dags/example_branch_datetime_operator.py
[2023-10-10T01:20:51.078+0000] {processor.py:839} INFO - DAG(s) dict_keys(['example_branch_datetime_operator_3', 'example_branch_datetime_operator', 'example_branch_datetime_operator_2']) retrieved from /home/airflow/.local/lib/python3.8/site-packages/airflow/example_dags/example_branch_datetime_operator.py
[2023-10-10T01:20:51.095+0000] {logging_mixin.py:151} INFO - [2023-10-10T01:20:51.095+0000] {dag.py:2915} INFO - Sync 3 DAGs
[2023-10-10T01:20:51.105+0000] {logging_mixin.py:151} INFO - [2023-10-10T01:20:51.105+0000] {dag.py:3696} INFO - Setting next_dagrun for example_branch_datetime_operator to 2023-10-09T00:00:00+00:00, run_after=2023-10-10T00:00:00+00:00
[2023-10-10T01:20:51.107+0000] {logging_mixin.py:151} INFO - [2023-10-10T01:20:51.107+0000] {dag.py:3696} INFO - Setting next_dagrun for example_branch_datetime_operator_2 to 2023-10-09T00:00:00+00:00, run_after=2023-10-10T00:00:00+00:00
[2023-10-10T01:20:51.108+0000] {logging_mixin.py:151} INFO - [2023-10-10T01:20:51.108+0000] {dag.py:3696} INFO - Setting next_dagrun for example_branch_datetime_operator_3 to 2023-10-09T00:00:00+00:00, run_after=2023-10-10T00:00:00+00:00
[2023-10-10T01:20:51.115+0000] {processor.py:179} INFO - Processing /home/airflow/.local/lib/python3.8/site-packages/airflow/example_dags/example_branch_datetime_operator.py took 0.046 seconds
[2023-10-10T01:21:21.191+0000] {processor.py:157} INFO - Started process (PID=1616) to work on /home/airflow/.local/lib/python3.8/site-packages/airflow/example_dags/example_branch_datetime_operator.py
[2023-10-10T01:21:21.192+0000] {processor.py:829} INFO - Processing file /home/airflow/.local/lib/python3.8/site-packages/airflow/example_dags/example_branch_datetime_operator.py for tasks to queue
[2023-10-10T01:21:21.192+0000] {logging_mixin.py:151} INFO - [2023-10-10T01:21:21.192+0000] {dagbag.py:539} INFO - Filling up the DagBag from /home/airflow/.local/lib/python3.8/site-packages/airflow/example_dags/example_branch_datetime_operator.py
[2023-10-10T01:21:21.200+0000] {processor.py:839} INFO - DAG(s) dict_keys(['example_branch_datetime_operator_2', 'example_branch_datetime_operator', 'example_branch_datetime_operator_3']) retrieved from /home/airflow/.local/lib/python3.8/site-packages/airflow/example_dags/example_branch_datetime_operator.py
[2023-10-10T01:21:21.215+0000] {logging_mixin.py:151} INFO - [2023-10-10T01:21:21.215+0000] {dag.py:2915} INFO - Sync 3 DAGs
[2023-10-10T01:21:21.226+0000] {logging_mixin.py:151} INFO - [2023-10-10T01:21:21.226+0000] {dag.py:3696} INFO - Setting next_dagrun for example_branch_datetime_operator to 2023-10-09T00:00:00+00:00, run_after=2023-10-10T00:00:00+00:00
[2023-10-10T01:21:21.228+0000] {logging_mixin.py:151} INFO - [2023-10-10T01:21:21.228+0000] {dag.py:3696} INFO - Setting next_dagrun for example_branch_datetime_operator_2 to 2023-10-09T00:00:00+00:00, run_after=2023-10-10T00:00:00+00:00
[2023-10-10T01:21:21.229+0000] {logging_mixin.py:151} INFO - [2023-10-10T01:21:21.229+0000] {dag.py:3696} INFO - Setting next_dagrun for example_branch_datetime_operator_3 to 2023-10-09T00:00:00+00:00, run_after=2023-10-10T00:00:00+00:00
[2023-10-10T01:21:21.236+0000] {processor.py:179} INFO - Processing /home/airflow/.local/lib/python3.8/site-packages/airflow/example_dags/example_branch_datetime_operator.py took 0.047 seconds
[2023-10-10T01:21:51.418+0000] {processor.py:157} INFO - Started process (PID=1854) to work on /home/airflow/.local/lib/python3.8/site-packages/airflow/example_dags/example_branch_datetime_operator.py
[2023-10-10T01:21:51.419+0000] {processor.py:829} INFO - Processing file /home/airflow/.local/lib/python3.8/site-packages/airflow/example_dags/example_branch_datetime_operator.py for tasks to queue
[2023-10-10T01:21:51.419+0000] {logging_mixin.py:151} INFO - [2023-10-10T01:21:51.419+0000] {dagbag.py:539} INFO - Filling up the DagBag from /home/airflow/.local/lib/python3.8/site-packages/airflow/example_dags/example_branch_datetime_operator.py
[2023-10-10T01:21:51.424+0000] {processor.py:839} INFO - DAG(s) dict_keys(['example_branch_datetime_operator', 'example_branch_datetime_operator_3', 'example_branch_datetime_operator_2']) retrieved from /home/airflow/.local/lib/python3.8/site-packages/airflow/example_dags/example_branch_datetime_operator.py
[2023-10-10T01:21:51.440+0000] {logging_mixin.py:151} INFO - [2023-10-10T01:21:51.440+0000] {dag.py:2915} INFO - Sync 3 DAGs
[2023-10-10T01:21:51.452+0000] {logging_mixin.py:151} INFO - [2023-10-10T01:21:51.452+0000] {dag.py:3696} INFO - Setting next_dagrun for example_branch_datetime_operator to 2023-10-09T00:00:00+00:00, run_after=2023-10-10T00:00:00+00:00
[2023-10-10T01:21:51.454+0000] {logging_mixin.py:151} INFO - [2023-10-10T01:21:51.454+0000] {dag.py:3696} INFO - Setting next_dagrun for example_branch_datetime_operator_2 to 2023-10-09T00:00:00+00:00, run_after=2023-10-10T00:00:00+00:00
[2023-10-10T01:21:51.455+0000] {logging_mixin.py:151} INFO - [2023-10-10T01:21:51.455+0000] {dag.py:3696} INFO - Setting next_dagrun for example_branch_datetime_operator_3 to 2023-10-09T00:00:00+00:00, run_after=2023-10-10T00:00:00+00:00
[2023-10-10T01:21:51.462+0000] {processor.py:179} INFO - Processing /home/airflow/.local/lib/python3.8/site-packages/airflow/example_dags/example_branch_datetime_operator.py took 0.046 seconds
[2023-10-10T01:22:21.770+0000] {processor.py:157} INFO - Started process (PID=2094) to work on /home/airflow/.local/lib/python3.8/site-packages/airflow/example_dags/example_branch_datetime_operator.py
[2023-10-10T01:22:21.771+0000] {processor.py:829} INFO - Processing file /home/airflow/.local/lib/python3.8/site-packages/airflow/example_dags/example_branch_datetime_operator.py for tasks to queue
[2023-10-10T01:22:21.772+0000] {logging_mixin.py:151} INFO - [2023-10-10T01:22:21.771+0000] {dagbag.py:539} INFO - Filling up the DagBag from /home/airflow/.local/lib/python3.8/site-packages/airflow/example_dags/example_branch_datetime_operator.py
[2023-10-10T01:22:21.777+0000] {processor.py:839} INFO - DAG(s) dict_keys(['example_branch_datetime_operator_3', 'example_branch_datetime_operator_2', 'example_branch_datetime_operator']) retrieved from /home/airflow/.local/lib/python3.8/site-packages/airflow/example_dags/example_branch_datetime_operator.py
[2023-10-10T01:22:21.795+0000] {logging_mixin.py:151} INFO - [2023-10-10T01:22:21.794+0000] {dag.py:2915} INFO - Sync 3 DAGs
[2023-10-10T01:22:21.812+0000] {logging_mixin.py:151} INFO - [2023-10-10T01:22:21.812+0000] {dag.py:3696} INFO - Setting next_dagrun for example_branch_datetime_operator to 2023-10-09T00:00:00+00:00, run_after=2023-10-10T00:00:00+00:00
[2023-10-10T01:22:21.814+0000] {logging_mixin.py:151} INFO - [2023-10-10T01:22:21.814+0000] {dag.py:3696} INFO - Setting next_dagrun for example_branch_datetime_operator_2 to 2023-10-09T00:00:00+00:00, run_after=2023-10-10T00:00:00+00:00
[2023-10-10T01:22:21.815+0000] {logging_mixin.py:151} INFO - [2023-10-10T01:22:21.815+0000] {dag.py:3696} INFO - Setting next_dagrun for example_branch_datetime_operator_3 to 2023-10-09T00:00:00+00:00, run_after=2023-10-10T00:00:00+00:00
[2023-10-10T01:22:21.823+0000] {processor.py:179} INFO - Processing /home/airflow/.local/lib/python3.8/site-packages/airflow/example_dags/example_branch_datetime_operator.py took 0.055 seconds
[2023-10-10T01:22:51.841+0000] {processor.py:157} INFO - Started process (PID=2331) to work on /home/airflow/.local/lib/python3.8/site-packages/airflow/example_dags/example_branch_datetime_operator.py
[2023-10-10T01:22:51.842+0000] {processor.py:829} INFO - Processing file /home/airflow/.local/lib/python3.8/site-packages/airflow/example_dags/example_branch_datetime_operator.py for tasks to queue
[2023-10-10T01:22:51.842+0000] {logging_mixin.py:151} INFO - [2023-10-10T01:22:51.842+0000] {dagbag.py:539} INFO - Filling up the DagBag from /home/airflow/.local/lib/python3.8/site-packages/airflow/example_dags/example_branch_datetime_operator.py
[2023-10-10T01:22:51.847+0000] {processor.py:839} INFO - DAG(s) dict_keys(['example_branch_datetime_operator_2', 'example_branch_datetime_operator', 'example_branch_datetime_operator_3']) retrieved from /home/airflow/.local/lib/python3.8/site-packages/airflow/example_dags/example_branch_datetime_operator.py
[2023-10-10T01:22:51.863+0000] {logging_mixin.py:151} INFO - [2023-10-10T01:22:51.863+0000] {dag.py:2915} INFO - Sync 3 DAGs
[2023-10-10T01:22:51.875+0000] {logging_mixin.py:151} INFO - [2023-10-10T01:22:51.875+0000] {dag.py:3696} INFO - Setting next_dagrun for example_branch_datetime_operator to 2023-10-09T00:00:00+00:00, run_after=2023-10-10T00:00:00+00:00
[2023-10-10T01:22:51.877+0000] {logging_mixin.py:151} INFO - [2023-10-10T01:22:51.877+0000] {dag.py:3696} INFO - Setting next_dagrun for example_branch_datetime_operator_2 to 2023-10-09T00:00:00+00:00, run_after=2023-10-10T00:00:00+00:00
[2023-10-10T01:22:51.878+0000] {logging_mixin.py:151} INFO - [2023-10-10T01:22:51.878+0000] {dag.py:3696} INFO - Setting next_dagrun for example_branch_datetime_operator_3 to 2023-10-09T00:00:00+00:00, run_after=2023-10-10T00:00:00+00:00
[2023-10-10T01:22:51.885+0000] {processor.py:179} INFO - Processing /home/airflow/.local/lib/python3.8/site-packages/airflow/example_dags/example_branch_datetime_operator.py took 0.046 seconds
[2023-10-10T01:23:22.135+0000] {processor.py:157} INFO - Started process (PID=2566) to work on /home/airflow/.local/lib/python3.8/site-packages/airflow/example_dags/example_branch_datetime_operator.py
[2023-10-10T01:23:22.135+0000] {processor.py:829} INFO - Processing file /home/airflow/.local/lib/python3.8/site-packages/airflow/example_dags/example_branch_datetime_operator.py for tasks to queue
[2023-10-10T01:23:22.136+0000] {logging_mixin.py:151} INFO - [2023-10-10T01:23:22.136+0000] {dagbag.py:539} INFO - Filling up the DagBag from /home/airflow/.local/lib/python3.8/site-packages/airflow/example_dags/example_branch_datetime_operator.py
[2023-10-10T01:23:22.141+0000] {processor.py:839} INFO - DAG(s) dict_keys(['example_branch_datetime_operator_2', 'example_branch_datetime_operator_3', 'example_branch_datetime_operator']) retrieved from /home/airflow/.local/lib/python3.8/site-packages/airflow/example_dags/example_branch_datetime_operator.py
[2023-10-10T01:23:22.156+0000] {logging_mixin.py:151} INFO - [2023-10-10T01:23:22.156+0000] {dag.py:2915} INFO - Sync 3 DAGs
[2023-10-10T01:23:22.166+0000] {logging_mixin.py:151} INFO - [2023-10-10T01:23:22.166+0000] {dag.py:3696} INFO - Setting next_dagrun for example_branch_datetime_operator to 2023-10-09T00:00:00+00:00, run_after=2023-10-10T00:00:00+00:00
[2023-10-10T01:23:22.167+0000] {logging_mixin.py:151} INFO - [2023-10-10T01:23:22.167+0000] {dag.py:3696} INFO - Setting next_dagrun for example_branch_datetime_operator_2 to 2023-10-09T00:00:00+00:00, run_after=2023-10-10T00:00:00+00:00
[2023-10-10T01:23:22.168+0000] {logging_mixin.py:151} INFO - [2023-10-10T01:23:22.168+0000] {dag.py:3696} INFO - Setting next_dagrun for example_branch_datetime_operator_3 to 2023-10-09T00:00:00+00:00, run_after=2023-10-10T00:00:00+00:00
[2023-10-10T01:23:22.175+0000] {processor.py:179} INFO - Processing /home/airflow/.local/lib/python3.8/site-packages/airflow/example_dags/example_branch_datetime_operator.py took 0.042 seconds
[2023-10-10T01:23:52.455+0000] {processor.py:157} INFO - Started process (PID=2801) to work on /home/airflow/.local/lib/python3.8/site-packages/airflow/example_dags/example_branch_datetime_operator.py
[2023-10-10T01:23:52.455+0000] {processor.py:829} INFO - Processing file /home/airflow/.local/lib/python3.8/site-packages/airflow/example_dags/example_branch_datetime_operator.py for tasks to queue
[2023-10-10T01:23:52.456+0000] {logging_mixin.py:151} INFO - [2023-10-10T01:23:52.456+0000] {dagbag.py:539} INFO - Filling up the DagBag from /home/airflow/.local/lib/python3.8/site-packages/airflow/example_dags/example_branch_datetime_operator.py
[2023-10-10T01:23:52.464+0000] {processor.py:839} INFO - DAG(s) dict_keys(['example_branch_datetime_operator', 'example_branch_datetime_operator_2', 'example_branch_datetime_operator_3']) retrieved from /home/airflow/.local/lib/python3.8/site-packages/airflow/example_dags/example_branch_datetime_operator.py
[2023-10-10T01:23:52.481+0000] {logging_mixin.py:151} INFO - [2023-10-10T01:23:52.481+0000] {dag.py:2915} INFO - Sync 3 DAGs
[2023-10-10T01:23:52.493+0000] {logging_mixin.py:151} INFO - [2023-10-10T01:23:52.493+0000] {dag.py:3696} INFO - Setting next_dagrun for example_branch_datetime_operator to 2023-10-09T00:00:00+00:00, run_after=2023-10-10T00:00:00+00:00
[2023-10-10T01:23:52.497+0000] {logging_mixin.py:151} INFO - [2023-10-10T01:23:52.497+0000] {dag.py:3696} INFO - Setting next_dagrun for example_branch_datetime_operator_2 to 2023-10-09T00:00:00+00:00, run_after=2023-10-10T00:00:00+00:00
[2023-10-10T01:23:52.498+0000] {logging_mixin.py:151} INFO - [2023-10-10T01:23:52.498+0000] {dag.py:3696} INFO - Setting next_dagrun for example_branch_datetime_operator_3 to 2023-10-09T00:00:00+00:00, run_after=2023-10-10T00:00:00+00:00
[2023-10-10T01:23:52.510+0000] {processor.py:179} INFO - Processing /home/airflow/.local/lib/python3.8/site-packages/airflow/example_dags/example_branch_datetime_operator.py took 0.057 seconds
[2023-10-10T01:24:22.771+0000] {processor.py:157} INFO - Started process (PID=3044) to work on /home/airflow/.local/lib/python3.8/site-packages/airflow/example_dags/example_branch_datetime_operator.py
[2023-10-10T01:24:22.771+0000] {processor.py:829} INFO - Processing file /home/airflow/.local/lib/python3.8/site-packages/airflow/example_dags/example_branch_datetime_operator.py for tasks to queue
[2023-10-10T01:24:22.772+0000] {logging_mixin.py:151} INFO - [2023-10-10T01:24:22.772+0000] {dagbag.py:539} INFO - Filling up the DagBag from /home/airflow/.local/lib/python3.8/site-packages/airflow/example_dags/example_branch_datetime_operator.py
[2023-10-10T01:24:22.777+0000] {processor.py:839} INFO - DAG(s) dict_keys(['example_branch_datetime_operator', 'example_branch_datetime_operator_2', 'example_branch_datetime_operator_3']) retrieved from /home/airflow/.local/lib/python3.8/site-packages/airflow/example_dags/example_branch_datetime_operator.py
[2023-10-10T01:24:22.795+0000] {logging_mixin.py:151} INFO - [2023-10-10T01:24:22.795+0000] {dag.py:2915} INFO - Sync 3 DAGs
[2023-10-10T01:24:22.810+0000] {logging_mixin.py:151} INFO - [2023-10-10T01:24:22.810+0000] {dag.py:3696} INFO - Setting next_dagrun for example_branch_datetime_operator to 2023-10-09T00:00:00+00:00, run_after=2023-10-10T00:00:00+00:00
[2023-10-10T01:24:22.813+0000] {logging_mixin.py:151} INFO - [2023-10-10T01:24:22.813+0000] {dag.py:3696} INFO - Setting next_dagrun for example_branch_datetime_operator_2 to 2023-10-09T00:00:00+00:00, run_after=2023-10-10T00:00:00+00:00
[2023-10-10T01:24:22.814+0000] {logging_mixin.py:151} INFO - [2023-10-10T01:24:22.814+0000] {dag.py:3696} INFO - Setting next_dagrun for example_branch_datetime_operator_3 to 2023-10-09T00:00:00+00:00, run_after=2023-10-10T00:00:00+00:00
[2023-10-10T01:24:22.822+0000] {processor.py:179} INFO - Processing /home/airflow/.local/lib/python3.8/site-packages/airflow/example_dags/example_branch_datetime_operator.py took 0.054 seconds
[2023-10-10T01:24:53.018+0000] {processor.py:157} INFO - Started process (PID=3282) to work on /home/airflow/.local/lib/python3.8/site-packages/airflow/example_dags/example_branch_datetime_operator.py
[2023-10-10T01:24:53.018+0000] {processor.py:829} INFO - Processing file /home/airflow/.local/lib/python3.8/site-packages/airflow/example_dags/example_branch_datetime_operator.py for tasks to queue
[2023-10-10T01:24:53.019+0000] {logging_mixin.py:151} INFO - [2023-10-10T01:24:53.019+0000] {dagbag.py:539} INFO - Filling up the DagBag from /home/airflow/.local/lib/python3.8/site-packages/airflow/example_dags/example_branch_datetime_operator.py
[2023-10-10T01:24:53.025+0000] {processor.py:839} INFO - DAG(s) dict_keys(['example_branch_datetime_operator_3', 'example_branch_datetime_operator_2', 'example_branch_datetime_operator']) retrieved from /home/airflow/.local/lib/python3.8/site-packages/airflow/example_dags/example_branch_datetime_operator.py
[2023-10-10T01:24:53.041+0000] {logging_mixin.py:151} INFO - [2023-10-10T01:24:53.041+0000] {dag.py:2915} INFO - Sync 3 DAGs
[2023-10-10T01:24:53.060+0000] {logging_mixin.py:151} INFO - [2023-10-10T01:24:53.060+0000] {dag.py:3696} INFO - Setting next_dagrun for example_branch_datetime_operator to 2023-10-09T00:00:00+00:00, run_after=2023-10-10T00:00:00+00:00
[2023-10-10T01:24:53.062+0000] {logging_mixin.py:151} INFO - [2023-10-10T01:24:53.062+0000] {dag.py:3696} INFO - Setting next_dagrun for example_branch_datetime_operator_2 to 2023-10-09T00:00:00+00:00, run_after=2023-10-10T00:00:00+00:00
[2023-10-10T01:24:53.063+0000] {logging_mixin.py:151} INFO - [2023-10-10T01:24:53.063+0000] {dag.py:3696} INFO - Setting next_dagrun for example_branch_datetime_operator_3 to 2023-10-09T00:00:00+00:00, run_after=2023-10-10T00:00:00+00:00
[2023-10-10T01:24:53.071+0000] {processor.py:179} INFO - Processing /home/airflow/.local/lib/python3.8/site-packages/airflow/example_dags/example_branch_datetime_operator.py took 0.056 seconds
[2023-10-10T01:25:23.282+0000] {processor.py:157} INFO - Started process (PID=3522) to work on /home/airflow/.local/lib/python3.8/site-packages/airflow/example_dags/example_branch_datetime_operator.py
[2023-10-10T01:25:23.282+0000] {processor.py:829} INFO - Processing file /home/airflow/.local/lib/python3.8/site-packages/airflow/example_dags/example_branch_datetime_operator.py for tasks to queue
[2023-10-10T01:25:23.283+0000] {logging_mixin.py:151} INFO - [2023-10-10T01:25:23.283+0000] {dagbag.py:539} INFO - Filling up the DagBag from /home/airflow/.local/lib/python3.8/site-packages/airflow/example_dags/example_branch_datetime_operator.py
[2023-10-10T01:25:23.288+0000] {processor.py:839} INFO - DAG(s) dict_keys(['example_branch_datetime_operator', 'example_branch_datetime_operator_3', 'example_branch_datetime_operator_2']) retrieved from /home/airflow/.local/lib/python3.8/site-packages/airflow/example_dags/example_branch_datetime_operator.py
[2023-10-10T01:25:23.303+0000] {logging_mixin.py:151} INFO - [2023-10-10T01:25:23.303+0000] {dag.py:2915} INFO - Sync 3 DAGs
[2023-10-10T01:25:23.312+0000] {logging_mixin.py:151} INFO - [2023-10-10T01:25:23.312+0000] {dag.py:3696} INFO - Setting next_dagrun for example_branch_datetime_operator to 2023-10-09T00:00:00+00:00, run_after=2023-10-10T00:00:00+00:00
[2023-10-10T01:25:23.315+0000] {logging_mixin.py:151} INFO - [2023-10-10T01:25:23.314+0000] {dag.py:3696} INFO - Setting next_dagrun for example_branch_datetime_operator_2 to 2023-10-09T00:00:00+00:00, run_after=2023-10-10T00:00:00+00:00
[2023-10-10T01:25:23.316+0000] {logging_mixin.py:151} INFO - [2023-10-10T01:25:23.316+0000] {dag.py:3696} INFO - Setting next_dagrun for example_branch_datetime_operator_3 to 2023-10-09T00:00:00+00:00, run_after=2023-10-10T00:00:00+00:00
[2023-10-10T01:25:23.322+0000] {processor.py:179} INFO - Processing /home/airflow/.local/lib/python3.8/site-packages/airflow/example_dags/example_branch_datetime_operator.py took 0.042 seconds
[2023-10-10T01:25:53.571+0000] {processor.py:157} INFO - Started process (PID=3760) to work on /home/airflow/.local/lib/python3.8/site-packages/airflow/example_dags/example_branch_datetime_operator.py
[2023-10-10T01:25:53.572+0000] {processor.py:829} INFO - Processing file /home/airflow/.local/lib/python3.8/site-packages/airflow/example_dags/example_branch_datetime_operator.py for tasks to queue
[2023-10-10T01:25:53.572+0000] {logging_mixin.py:151} INFO - [2023-10-10T01:25:53.572+0000] {dagbag.py:539} INFO - Filling up the DagBag from /home/airflow/.local/lib/python3.8/site-packages/airflow/example_dags/example_branch_datetime_operator.py
[2023-10-10T01:25:53.577+0000] {processor.py:839} INFO - DAG(s) dict_keys(['example_branch_datetime_operator_2', 'example_branch_datetime_operator_3', 'example_branch_datetime_operator']) retrieved from /home/airflow/.local/lib/python3.8/site-packages/airflow/example_dags/example_branch_datetime_operator.py
[2023-10-10T01:25:53.593+0000] {logging_mixin.py:151} INFO - [2023-10-10T01:25:53.592+0000] {dag.py:2915} INFO - Sync 3 DAGs
[2023-10-10T01:25:53.602+0000] {logging_mixin.py:151} INFO - [2023-10-10T01:25:53.602+0000] {dag.py:3696} INFO - Setting next_dagrun for example_branch_datetime_operator to 2023-10-09T00:00:00+00:00, run_after=2023-10-10T00:00:00+00:00
[2023-10-10T01:25:53.604+0000] {logging_mixin.py:151} INFO - [2023-10-10T01:25:53.604+0000] {dag.py:3696} INFO - Setting next_dagrun for example_branch_datetime_operator_2 to 2023-10-09T00:00:00+00:00, run_after=2023-10-10T00:00:00+00:00
[2023-10-10T01:25:53.605+0000] {logging_mixin.py:151} INFO - [2023-10-10T01:25:53.605+0000] {dag.py:3696} INFO - Setting next_dagrun for example_branch_datetime_operator_3 to 2023-10-09T00:00:00+00:00, run_after=2023-10-10T00:00:00+00:00
[2023-10-10T01:25:53.611+0000] {processor.py:179} INFO - Processing /home/airflow/.local/lib/python3.8/site-packages/airflow/example_dags/example_branch_datetime_operator.py took 0.042 seconds
[2023-10-10T01:26:23.808+0000] {processor.py:157} INFO - Started process (PID=3999) to work on /home/airflow/.local/lib/python3.8/site-packages/airflow/example_dags/example_branch_datetime_operator.py
[2023-10-10T01:26:23.808+0000] {processor.py:829} INFO - Processing file /home/airflow/.local/lib/python3.8/site-packages/airflow/example_dags/example_branch_datetime_operator.py for tasks to queue
[2023-10-10T01:26:23.809+0000] {logging_mixin.py:151} INFO - [2023-10-10T01:26:23.808+0000] {dagbag.py:539} INFO - Filling up the DagBag from /home/airflow/.local/lib/python3.8/site-packages/airflow/example_dags/example_branch_datetime_operator.py
[2023-10-10T01:26:23.813+0000] {processor.py:839} INFO - DAG(s) dict_keys(['example_branch_datetime_operator', 'example_branch_datetime_operator_3', 'example_branch_datetime_operator_2']) retrieved from /home/airflow/.local/lib/python3.8/site-packages/airflow/example_dags/example_branch_datetime_operator.py
[2023-10-10T01:26:23.829+0000] {logging_mixin.py:151} INFO - [2023-10-10T01:26:23.829+0000] {dag.py:2915} INFO - Sync 3 DAGs
[2023-10-10T01:26:23.839+0000] {logging_mixin.py:151} INFO - [2023-10-10T01:26:23.839+0000] {dag.py:3696} INFO - Setting next_dagrun for example_branch_datetime_operator to 2023-10-09T00:00:00+00:00, run_after=2023-10-10T00:00:00+00:00
[2023-10-10T01:26:23.841+0000] {logging_mixin.py:151} INFO - [2023-10-10T01:26:23.841+0000] {dag.py:3696} INFO - Setting next_dagrun for example_branch_datetime_operator_2 to 2023-10-09T00:00:00+00:00, run_after=2023-10-10T00:00:00+00:00
[2023-10-10T01:26:23.842+0000] {logging_mixin.py:151} INFO - [2023-10-10T01:26:23.842+0000] {dag.py:3696} INFO - Setting next_dagrun for example_branch_datetime_operator_3 to 2023-10-09T00:00:00+00:00, run_after=2023-10-10T00:00:00+00:00
[2023-10-10T01:26:23.848+0000] {processor.py:179} INFO - Processing /home/airflow/.local/lib/python3.8/site-packages/airflow/example_dags/example_branch_datetime_operator.py took 0.042 seconds
[2023-10-10T01:26:53.999+0000] {processor.py:157} INFO - Started process (PID=4237) to work on /home/airflow/.local/lib/python3.8/site-packages/airflow/example_dags/example_branch_datetime_operator.py
[2023-10-10T01:26:53.999+0000] {processor.py:829} INFO - Processing file /home/airflow/.local/lib/python3.8/site-packages/airflow/example_dags/example_branch_datetime_operator.py for tasks to queue
[2023-10-10T01:26:54.000+0000] {logging_mixin.py:151} INFO - [2023-10-10T01:26:54.000+0000] {dagbag.py:539} INFO - Filling up the DagBag from /home/airflow/.local/lib/python3.8/site-packages/airflow/example_dags/example_branch_datetime_operator.py
[2023-10-10T01:26:54.005+0000] {processor.py:839} INFO - DAG(s) dict_keys(['example_branch_datetime_operator_3', 'example_branch_datetime_operator', 'example_branch_datetime_operator_2']) retrieved from /home/airflow/.local/lib/python3.8/site-packages/airflow/example_dags/example_branch_datetime_operator.py
[2023-10-10T01:26:54.021+0000] {logging_mixin.py:151} INFO - [2023-10-10T01:26:54.021+0000] {dag.py:2915} INFO - Sync 3 DAGs
[2023-10-10T01:26:54.032+0000] {logging_mixin.py:151} INFO - [2023-10-10T01:26:54.032+0000] {dag.py:3696} INFO - Setting next_dagrun for example_branch_datetime_operator to 2023-10-09T00:00:00+00:00, run_after=2023-10-10T00:00:00+00:00
[2023-10-10T01:26:54.034+0000] {logging_mixin.py:151} INFO - [2023-10-10T01:26:54.034+0000] {dag.py:3696} INFO - Setting next_dagrun for example_branch_datetime_operator_2 to 2023-10-09T00:00:00+00:00, run_after=2023-10-10T00:00:00+00:00
[2023-10-10T01:26:54.035+0000] {logging_mixin.py:151} INFO - [2023-10-10T01:26:54.035+0000] {dag.py:3696} INFO - Setting next_dagrun for example_branch_datetime_operator_3 to 2023-10-09T00:00:00+00:00, run_after=2023-10-10T00:00:00+00:00
[2023-10-10T01:26:54.041+0000] {processor.py:179} INFO - Processing /home/airflow/.local/lib/python3.8/site-packages/airflow/example_dags/example_branch_datetime_operator.py took 0.044 seconds
[2023-10-10T01:27:24.280+0000] {processor.py:157} INFO - Started process (PID=4480) to work on /home/airflow/.local/lib/python3.8/site-packages/airflow/example_dags/example_branch_datetime_operator.py
[2023-10-10T01:27:24.280+0000] {processor.py:829} INFO - Processing file /home/airflow/.local/lib/python3.8/site-packages/airflow/example_dags/example_branch_datetime_operator.py for tasks to queue
[2023-10-10T01:27:24.281+0000] {logging_mixin.py:151} INFO - [2023-10-10T01:27:24.281+0000] {dagbag.py:539} INFO - Filling up the DagBag from /home/airflow/.local/lib/python3.8/site-packages/airflow/example_dags/example_branch_datetime_operator.py
[2023-10-10T01:27:24.286+0000] {processor.py:839} INFO - DAG(s) dict_keys(['example_branch_datetime_operator_3', 'example_branch_datetime_operator_2', 'example_branch_datetime_operator']) retrieved from /home/airflow/.local/lib/python3.8/site-packages/airflow/example_dags/example_branch_datetime_operator.py
[2023-10-10T01:27:24.301+0000] {logging_mixin.py:151} INFO - [2023-10-10T01:27:24.301+0000] {dag.py:2915} INFO - Sync 3 DAGs
[2023-10-10T01:27:24.311+0000] {logging_mixin.py:151} INFO - [2023-10-10T01:27:24.311+0000] {dag.py:3696} INFO - Setting next_dagrun for example_branch_datetime_operator to 2023-10-09T00:00:00+00:00, run_after=2023-10-10T00:00:00+00:00
[2023-10-10T01:27:24.313+0000] {logging_mixin.py:151} INFO - [2023-10-10T01:27:24.313+0000] {dag.py:3696} INFO - Setting next_dagrun for example_branch_datetime_operator_2 to 2023-10-09T00:00:00+00:00, run_after=2023-10-10T00:00:00+00:00
[2023-10-10T01:27:24.315+0000] {logging_mixin.py:151} INFO - [2023-10-10T01:27:24.314+0000] {dag.py:3696} INFO - Setting next_dagrun for example_branch_datetime_operator_3 to 2023-10-09T00:00:00+00:00, run_after=2023-10-10T00:00:00+00:00
[2023-10-10T01:27:24.321+0000] {processor.py:179} INFO - Processing /home/airflow/.local/lib/python3.8/site-packages/airflow/example_dags/example_branch_datetime_operator.py took 0.043 seconds
[2023-10-10T01:27:54.520+0000] {processor.py:157} INFO - Started process (PID=4718) to work on /home/airflow/.local/lib/python3.8/site-packages/airflow/example_dags/example_branch_datetime_operator.py
[2023-10-10T01:27:54.521+0000] {processor.py:829} INFO - Processing file /home/airflow/.local/lib/python3.8/site-packages/airflow/example_dags/example_branch_datetime_operator.py for tasks to queue
[2023-10-10T01:27:54.521+0000] {logging_mixin.py:151} INFO - [2023-10-10T01:27:54.521+0000] {dagbag.py:539} INFO - Filling up the DagBag from /home/airflow/.local/lib/python3.8/site-packages/airflow/example_dags/example_branch_datetime_operator.py
[2023-10-10T01:27:54.527+0000] {processor.py:839} INFO - DAG(s) dict_keys(['example_branch_datetime_operator', 'example_branch_datetime_operator_2', 'example_branch_datetime_operator_3']) retrieved from /home/airflow/.local/lib/python3.8/site-packages/airflow/example_dags/example_branch_datetime_operator.py
[2023-10-10T01:27:54.542+0000] {logging_mixin.py:151} INFO - [2023-10-10T01:27:54.542+0000] {dag.py:2915} INFO - Sync 3 DAGs
[2023-10-10T01:27:54.552+0000] {logging_mixin.py:151} INFO - [2023-10-10T01:27:54.552+0000] {dag.py:3696} INFO - Setting next_dagrun for example_branch_datetime_operator to 2023-10-09T00:00:00+00:00, run_after=2023-10-10T00:00:00+00:00
[2023-10-10T01:27:54.554+0000] {logging_mixin.py:151} INFO - [2023-10-10T01:27:54.554+0000] {dag.py:3696} INFO - Setting next_dagrun for example_branch_datetime_operator_2 to 2023-10-09T00:00:00+00:00, run_after=2023-10-10T00:00:00+00:00
[2023-10-10T01:27:54.555+0000] {logging_mixin.py:151} INFO - [2023-10-10T01:27:54.555+0000] {dag.py:3696} INFO - Setting next_dagrun for example_branch_datetime_operator_3 to 2023-10-09T00:00:00+00:00, run_after=2023-10-10T00:00:00+00:00
[2023-10-10T01:27:54.562+0000] {processor.py:179} INFO - Processing /home/airflow/.local/lib/python3.8/site-packages/airflow/example_dags/example_branch_datetime_operator.py took 0.044 seconds
[2023-10-10T01:28:24.836+0000] {processor.py:157} INFO - Started process (PID=4951) to work on /home/airflow/.local/lib/python3.8/site-packages/airflow/example_dags/example_branch_datetime_operator.py
[2023-10-10T01:28:24.837+0000] {processor.py:829} INFO - Processing file /home/airflow/.local/lib/python3.8/site-packages/airflow/example_dags/example_branch_datetime_operator.py for tasks to queue
[2023-10-10T01:28:24.838+0000] {logging_mixin.py:151} INFO - [2023-10-10T01:28:24.838+0000] {dagbag.py:539} INFO - Filling up the DagBag from /home/airflow/.local/lib/python3.8/site-packages/airflow/example_dags/example_branch_datetime_operator.py
[2023-10-10T01:28:24.843+0000] {processor.py:839} INFO - DAG(s) dict_keys(['example_branch_datetime_operator_2', 'example_branch_datetime_operator_3', 'example_branch_datetime_operator']) retrieved from /home/airflow/.local/lib/python3.8/site-packages/airflow/example_dags/example_branch_datetime_operator.py
[2023-10-10T01:28:24.858+0000] {logging_mixin.py:151} INFO - [2023-10-10T01:28:24.858+0000] {dag.py:2915} INFO - Sync 3 DAGs
[2023-10-10T01:28:24.869+0000] {logging_mixin.py:151} INFO - [2023-10-10T01:28:24.869+0000] {dag.py:3696} INFO - Setting next_dagrun for example_branch_datetime_operator to 2023-10-09T00:00:00+00:00, run_after=2023-10-10T00:00:00+00:00
[2023-10-10T01:28:24.871+0000] {logging_mixin.py:151} INFO - [2023-10-10T01:28:24.871+0000] {dag.py:3696} INFO - Setting next_dagrun for example_branch_datetime_operator_2 to 2023-10-09T00:00:00+00:00, run_after=2023-10-10T00:00:00+00:00
[2023-10-10T01:28:24.872+0000] {logging_mixin.py:151} INFO - [2023-10-10T01:28:24.872+0000] {dag.py:3696} INFO - Setting next_dagrun for example_branch_datetime_operator_3 to 2023-10-09T00:00:00+00:00, run_after=2023-10-10T00:00:00+00:00
[2023-10-10T01:28:24.879+0000] {processor.py:179} INFO - Processing /home/airflow/.local/lib/python3.8/site-packages/airflow/example_dags/example_branch_datetime_operator.py took 0.044 seconds
[2023-10-10T01:28:55.135+0000] {processor.py:157} INFO - Started process (PID=5189) to work on /home/airflow/.local/lib/python3.8/site-packages/airflow/example_dags/example_branch_datetime_operator.py
[2023-10-10T01:28:55.135+0000] {processor.py:829} INFO - Processing file /home/airflow/.local/lib/python3.8/site-packages/airflow/example_dags/example_branch_datetime_operator.py for tasks to queue
[2023-10-10T01:28:55.136+0000] {logging_mixin.py:151} INFO - [2023-10-10T01:28:55.136+0000] {dagbag.py:539} INFO - Filling up the DagBag from /home/airflow/.local/lib/python3.8/site-packages/airflow/example_dags/example_branch_datetime_operator.py
[2023-10-10T01:28:55.142+0000] {processor.py:839} INFO - DAG(s) dict_keys(['example_branch_datetime_operator_3', 'example_branch_datetime_operator', 'example_branch_datetime_operator_2']) retrieved from /home/airflow/.local/lib/python3.8/site-packages/airflow/example_dags/example_branch_datetime_operator.py
[2023-10-10T01:28:55.158+0000] {logging_mixin.py:151} INFO - [2023-10-10T01:28:55.158+0000] {dag.py:2915} INFO - Sync 3 DAGs
[2023-10-10T01:28:55.169+0000] {logging_mixin.py:151} INFO - [2023-10-10T01:28:55.169+0000] {dag.py:3696} INFO - Setting next_dagrun for example_branch_datetime_operator to 2023-10-09T00:00:00+00:00, run_after=2023-10-10T00:00:00+00:00
[2023-10-10T01:28:55.170+0000] {logging_mixin.py:151} INFO - [2023-10-10T01:28:55.170+0000] {dag.py:3696} INFO - Setting next_dagrun for example_branch_datetime_operator_2 to 2023-10-09T00:00:00+00:00, run_after=2023-10-10T00:00:00+00:00
[2023-10-10T01:28:55.171+0000] {logging_mixin.py:151} INFO - [2023-10-10T01:28:55.171+0000] {dag.py:3696} INFO - Setting next_dagrun for example_branch_datetime_operator_3 to 2023-10-09T00:00:00+00:00, run_after=2023-10-10T00:00:00+00:00
[2023-10-10T01:28:55.178+0000] {processor.py:179} INFO - Processing /home/airflow/.local/lib/python3.8/site-packages/airflow/example_dags/example_branch_datetime_operator.py took 0.045 seconds
[2023-10-10T01:29:25.347+0000] {processor.py:157} INFO - Started process (PID=5425) to work on /home/airflow/.local/lib/python3.8/site-packages/airflow/example_dags/example_branch_datetime_operator.py
[2023-10-10T01:29:25.347+0000] {processor.py:829} INFO - Processing file /home/airflow/.local/lib/python3.8/site-packages/airflow/example_dags/example_branch_datetime_operator.py for tasks to queue
[2023-10-10T01:29:25.348+0000] {logging_mixin.py:151} INFO - [2023-10-10T01:29:25.348+0000] {dagbag.py:539} INFO - Filling up the DagBag from /home/airflow/.local/lib/python3.8/site-packages/airflow/example_dags/example_branch_datetime_operator.py
[2023-10-10T01:29:25.353+0000] {processor.py:839} INFO - DAG(s) dict_keys(['example_branch_datetime_operator_2', 'example_branch_datetime_operator', 'example_branch_datetime_operator_3']) retrieved from /home/airflow/.local/lib/python3.8/site-packages/airflow/example_dags/example_branch_datetime_operator.py
[2023-10-10T01:29:25.369+0000] {logging_mixin.py:151} INFO - [2023-10-10T01:29:25.369+0000] {dag.py:2915} INFO - Sync 3 DAGs
[2023-10-10T01:29:25.379+0000] {logging_mixin.py:151} INFO - [2023-10-10T01:29:25.379+0000] {dag.py:3696} INFO - Setting next_dagrun for example_branch_datetime_operator to 2023-10-09T00:00:00+00:00, run_after=2023-10-10T00:00:00+00:00
[2023-10-10T01:29:25.381+0000] {logging_mixin.py:151} INFO - [2023-10-10T01:29:25.381+0000] {dag.py:3696} INFO - Setting next_dagrun for example_branch_datetime_operator_2 to 2023-10-09T00:00:00+00:00, run_after=2023-10-10T00:00:00+00:00
[2023-10-10T01:29:25.383+0000] {logging_mixin.py:151} INFO - [2023-10-10T01:29:25.383+0000] {dag.py:3696} INFO - Setting next_dagrun for example_branch_datetime_operator_3 to 2023-10-09T00:00:00+00:00, run_after=2023-10-10T00:00:00+00:00
[2023-10-10T01:29:25.389+0000] {processor.py:179} INFO - Processing /home/airflow/.local/lib/python3.8/site-packages/airflow/example_dags/example_branch_datetime_operator.py took 0.044 seconds
[2023-10-10T01:29:55.628+0000] {processor.py:157} INFO - Started process (PID=5665) to work on /home/airflow/.local/lib/python3.8/site-packages/airflow/example_dags/example_branch_datetime_operator.py
[2023-10-10T01:29:55.629+0000] {processor.py:829} INFO - Processing file /home/airflow/.local/lib/python3.8/site-packages/airflow/example_dags/example_branch_datetime_operator.py for tasks to queue
[2023-10-10T01:29:55.629+0000] {logging_mixin.py:151} INFO - [2023-10-10T01:29:55.629+0000] {dagbag.py:539} INFO - Filling up the DagBag from /home/airflow/.local/lib/python3.8/site-packages/airflow/example_dags/example_branch_datetime_operator.py
[2023-10-10T01:29:55.634+0000] {processor.py:839} INFO - DAG(s) dict_keys(['example_branch_datetime_operator', 'example_branch_datetime_operator_3', 'example_branch_datetime_operator_2']) retrieved from /home/airflow/.local/lib/python3.8/site-packages/airflow/example_dags/example_branch_datetime_operator.py
[2023-10-10T01:29:55.649+0000] {logging_mixin.py:151} INFO - [2023-10-10T01:29:55.649+0000] {dag.py:2915} INFO - Sync 3 DAGs
[2023-10-10T01:29:55.659+0000] {logging_mixin.py:151} INFO - [2023-10-10T01:29:55.659+0000] {dag.py:3696} INFO - Setting next_dagrun for example_branch_datetime_operator to 2023-10-09T00:00:00+00:00, run_after=2023-10-10T00:00:00+00:00
[2023-10-10T01:29:55.660+0000] {logging_mixin.py:151} INFO - [2023-10-10T01:29:55.660+0000] {dag.py:3696} INFO - Setting next_dagrun for example_branch_datetime_operator_2 to 2023-10-09T00:00:00+00:00, run_after=2023-10-10T00:00:00+00:00
[2023-10-10T01:29:55.662+0000] {logging_mixin.py:151} INFO - [2023-10-10T01:29:55.662+0000] {dag.py:3696} INFO - Setting next_dagrun for example_branch_datetime_operator_3 to 2023-10-09T00:00:00+00:00, run_after=2023-10-10T00:00:00+00:00
[2023-10-10T01:29:55.668+0000] {processor.py:179} INFO - Processing /home/airflow/.local/lib/python3.8/site-packages/airflow/example_dags/example_branch_datetime_operator.py took 0.041 seconds
[2023-10-10T01:30:25.868+0000] {processor.py:157} INFO - Started process (PID=5903) to work on /home/airflow/.local/lib/python3.8/site-packages/airflow/example_dags/example_branch_datetime_operator.py
[2023-10-10T01:30:25.869+0000] {processor.py:829} INFO - Processing file /home/airflow/.local/lib/python3.8/site-packages/airflow/example_dags/example_branch_datetime_operator.py for tasks to queue
[2023-10-10T01:30:25.870+0000] {logging_mixin.py:151} INFO - [2023-10-10T01:30:25.870+0000] {dagbag.py:539} INFO - Filling up the DagBag from /home/airflow/.local/lib/python3.8/site-packages/airflow/example_dags/example_branch_datetime_operator.py
[2023-10-10T01:30:25.875+0000] {processor.py:839} INFO - DAG(s) dict_keys(['example_branch_datetime_operator_2', 'example_branch_datetime_operator_3', 'example_branch_datetime_operator']) retrieved from /home/airflow/.local/lib/python3.8/site-packages/airflow/example_dags/example_branch_datetime_operator.py
[2023-10-10T01:30:25.890+0000] {logging_mixin.py:151} INFO - [2023-10-10T01:30:25.890+0000] {dag.py:2915} INFO - Sync 3 DAGs
[2023-10-10T01:30:25.900+0000] {logging_mixin.py:151} INFO - [2023-10-10T01:30:25.900+0000] {dag.py:3696} INFO - Setting next_dagrun for example_branch_datetime_operator to 2023-10-09T00:00:00+00:00, run_after=2023-10-10T00:00:00+00:00
[2023-10-10T01:30:25.902+0000] {logging_mixin.py:151} INFO - [2023-10-10T01:30:25.902+0000] {dag.py:3696} INFO - Setting next_dagrun for example_branch_datetime_operator_2 to 2023-10-09T00:00:00+00:00, run_after=2023-10-10T00:00:00+00:00
[2023-10-10T01:30:25.903+0000] {logging_mixin.py:151} INFO - [2023-10-10T01:30:25.903+0000] {dag.py:3696} INFO - Setting next_dagrun for example_branch_datetime_operator_3 to 2023-10-09T00:00:00+00:00, run_after=2023-10-10T00:00:00+00:00
[2023-10-10T01:30:25.909+0000] {processor.py:179} INFO - Processing /home/airflow/.local/lib/python3.8/site-packages/airflow/example_dags/example_branch_datetime_operator.py took 0.043 seconds
[2023-10-10T01:30:56.219+0000] {processor.py:157} INFO - Started process (PID=6142) to work on /home/airflow/.local/lib/python3.8/site-packages/airflow/example_dags/example_branch_datetime_operator.py
[2023-10-10T01:30:56.220+0000] {processor.py:829} INFO - Processing file /home/airflow/.local/lib/python3.8/site-packages/airflow/example_dags/example_branch_datetime_operator.py for tasks to queue
[2023-10-10T01:30:56.221+0000] {logging_mixin.py:151} INFO - [2023-10-10T01:30:56.221+0000] {dagbag.py:539} INFO - Filling up the DagBag from /home/airflow/.local/lib/python3.8/site-packages/airflow/example_dags/example_branch_datetime_operator.py
[2023-10-10T01:30:56.226+0000] {processor.py:839} INFO - DAG(s) dict_keys(['example_branch_datetime_operator', 'example_branch_datetime_operator_2', 'example_branch_datetime_operator_3']) retrieved from /home/airflow/.local/lib/python3.8/site-packages/airflow/example_dags/example_branch_datetime_operator.py
[2023-10-10T01:30:56.244+0000] {logging_mixin.py:151} INFO - [2023-10-10T01:30:56.244+0000] {dag.py:2915} INFO - Sync 3 DAGs
[2023-10-10T01:30:56.254+0000] {logging_mixin.py:151} INFO - [2023-10-10T01:30:56.254+0000] {dag.py:3696} INFO - Setting next_dagrun for example_branch_datetime_operator to 2023-10-09T00:00:00+00:00, run_after=2023-10-10T00:00:00+00:00
[2023-10-10T01:30:56.256+0000] {logging_mixin.py:151} INFO - [2023-10-10T01:30:56.256+0000] {dag.py:3696} INFO - Setting next_dagrun for example_branch_datetime_operator_2 to 2023-10-09T00:00:00+00:00, run_after=2023-10-10T00:00:00+00:00
[2023-10-10T01:30:56.257+0000] {logging_mixin.py:151} INFO - [2023-10-10T01:30:56.257+0000] {dag.py:3696} INFO - Setting next_dagrun for example_branch_datetime_operator_3 to 2023-10-09T00:00:00+00:00, run_after=2023-10-10T00:00:00+00:00
[2023-10-10T01:30:56.264+0000] {processor.py:179} INFO - Processing /home/airflow/.local/lib/python3.8/site-packages/airflow/example_dags/example_branch_datetime_operator.py took 0.047 seconds
