[2023-10-10T01:18:20.680+0000] {processor.py:157} INFO - Started process (PID=252) to work on /home/airflow/.local/lib/python3.8/site-packages/airflow/example_dags/example_subdag_operator.py
[2023-10-10T01:18:20.681+0000] {processor.py:829} INFO - Processing file /home/airflow/.local/lib/python3.8/site-packages/airflow/example_dags/example_subdag_operator.py for tasks to queue
[2023-10-10T01:18:20.683+0000] {logging_mixin.py:151} INFO - [2023-10-10T01:18:20.683+0000] {dagbag.py:539} INFO - Filling up the DagBag from /home/airflow/.local/lib/python3.8/site-packages/airflow/example_dags/example_subdag_operator.py
[2023-10-10T01:18:20.709+0000] {processor.py:839} INFO - DAG(s) dict_keys(['example_subdag_operator.section-1', 'example_subdag_operator.section-2', 'example_subdag_operator']) retrieved from /home/airflow/.local/lib/python3.8/site-packages/airflow/example_dags/example_subdag_operator.py
[2023-10-10T01:18:20.711+0000] {logging_mixin.py:151} INFO - [2023-10-10T01:18:20.711+0000] {dag.py:2915} INFO - Sync 3 DAGs
[2023-10-10T01:18:20.724+0000] {logging_mixin.py:151} INFO - [2023-10-10T01:18:20.723+0000] {dag.py:3696} INFO - Setting next_dagrun for example_subdag_operator to 2022-01-01T00:00:00+00:00, run_after=2022-01-01T00:00:00+00:00
[2023-10-10T01:18:20.807+0000] {logging_mixin.py:151} INFO - [2023-10-10T01:18:20.807+0000] {dag.py:3696} INFO - Setting next_dagrun for example_subdag_operator.section-1 to None, run_after=None
[2023-10-10T01:18:20.808+0000] {logging_mixin.py:151} INFO - [2023-10-10T01:18:20.808+0000] {dag.py:3696} INFO - Setting next_dagrun for example_subdag_operator.section-2 to None, run_after=None
[2023-10-10T01:18:20.811+0000] {logging_mixin.py:151} INFO - [2023-10-10T01:18:20.811+0000] {dag.py:2915} INFO - Sync 2 DAGs
[2023-10-10T01:18:20.813+0000] {logging_mixin.py:151} INFO - [2023-10-10T01:18:20.813+0000] {dag.py:3696} INFO - Setting next_dagrun for example_subdag_operator.section-1 to None, run_after=None
[2023-10-10T01:18:20.814+0000] {logging_mixin.py:151} INFO - [2023-10-10T01:18:20.814+0000] {dag.py:3696} INFO - Setting next_dagrun for example_subdag_operator.section-2 to None, run_after=None
[2023-10-10T01:18:20.818+0000] {processor.py:179} INFO - Processing /home/airflow/.local/lib/python3.8/site-packages/airflow/example_dags/example_subdag_operator.py took 0.143 seconds
[2023-10-10T01:18:51.484+0000] {processor.py:157} INFO - Started process (PID=485) to work on /home/airflow/.local/lib/python3.8/site-packages/airflow/example_dags/example_subdag_operator.py
[2023-10-10T01:18:51.484+0000] {processor.py:829} INFO - Processing file /home/airflow/.local/lib/python3.8/site-packages/airflow/example_dags/example_subdag_operator.py for tasks to queue
[2023-10-10T01:18:51.485+0000] {logging_mixin.py:151} INFO - [2023-10-10T01:18:51.485+0000] {dagbag.py:539} INFO - Filling up the DagBag from /home/airflow/.local/lib/python3.8/site-packages/airflow/example_dags/example_subdag_operator.py
[2023-10-10T01:18:51.500+0000] {processor.py:839} INFO - DAG(s) dict_keys(['example_subdag_operator.section-1', 'example_subdag_operator.section-2', 'example_subdag_operator']) retrieved from /home/airflow/.local/lib/python3.8/site-packages/airflow/example_dags/example_subdag_operator.py
[2023-10-10T01:18:51.507+0000] {logging_mixin.py:151} INFO - [2023-10-10T01:18:51.507+0000] {dag.py:2915} INFO - Sync 3 DAGs
[2023-10-10T01:18:51.518+0000] {logging_mixin.py:151} INFO - [2023-10-10T01:18:51.517+0000] {dag.py:3696} INFO - Setting next_dagrun for example_subdag_operator to 2022-01-01T00:00:00+00:00, run_after=2022-01-01T00:00:00+00:00
[2023-10-10T01:18:51.519+0000] {logging_mixin.py:151} INFO - [2023-10-10T01:18:51.519+0000] {dag.py:3696} INFO - Setting next_dagrun for example_subdag_operator.section-1 to None, run_after=None
[2023-10-10T01:18:51.519+0000] {logging_mixin.py:151} INFO - [2023-10-10T01:18:51.519+0000] {dag.py:3696} INFO - Setting next_dagrun for example_subdag_operator.section-2 to None, run_after=None
[2023-10-10T01:18:51.522+0000] {logging_mixin.py:151} INFO - [2023-10-10T01:18:51.522+0000] {dag.py:2915} INFO - Sync 2 DAGs
[2023-10-10T01:18:51.525+0000] {logging_mixin.py:151} INFO - [2023-10-10T01:18:51.525+0000] {dag.py:3696} INFO - Setting next_dagrun for example_subdag_operator.section-1 to None, run_after=None
[2023-10-10T01:18:51.525+0000] {logging_mixin.py:151} INFO - [2023-10-10T01:18:51.525+0000] {dag.py:3696} INFO - Setting next_dagrun for example_subdag_operator.section-2 to None, run_after=None
[2023-10-10T01:18:51.530+0000] {processor.py:179} INFO - Processing /home/airflow/.local/lib/python3.8/site-packages/airflow/example_dags/example_subdag_operator.py took 0.048 seconds
[2023-10-10T01:19:21.614+0000] {processor.py:157} INFO - Started process (PID=723) to work on /home/airflow/.local/lib/python3.8/site-packages/airflow/example_dags/example_subdag_operator.py
[2023-10-10T01:19:21.615+0000] {processor.py:829} INFO - Processing file /home/airflow/.local/lib/python3.8/site-packages/airflow/example_dags/example_subdag_operator.py for tasks to queue
[2023-10-10T01:19:21.615+0000] {logging_mixin.py:151} INFO - [2023-10-10T01:19:21.615+0000] {dagbag.py:539} INFO - Filling up the DagBag from /home/airflow/.local/lib/python3.8/site-packages/airflow/example_dags/example_subdag_operator.py
[2023-10-10T01:19:21.629+0000] {processor.py:839} INFO - DAG(s) dict_keys(['example_subdag_operator.section-1', 'example_subdag_operator.section-2', 'example_subdag_operator']) retrieved from /home/airflow/.local/lib/python3.8/site-packages/airflow/example_dags/example_subdag_operator.py
[2023-10-10T01:19:21.637+0000] {logging_mixin.py:151} INFO - [2023-10-10T01:19:21.637+0000] {dag.py:2915} INFO - Sync 3 DAGs
[2023-10-10T01:19:21.647+0000] {logging_mixin.py:151} INFO - [2023-10-10T01:19:21.647+0000] {dag.py:3696} INFO - Setting next_dagrun for example_subdag_operator to 2022-01-01T00:00:00+00:00, run_after=2022-01-01T00:00:00+00:00
[2023-10-10T01:19:21.648+0000] {logging_mixin.py:151} INFO - [2023-10-10T01:19:21.648+0000] {dag.py:3696} INFO - Setting next_dagrun for example_subdag_operator.section-1 to None, run_after=None
[2023-10-10T01:19:21.649+0000] {logging_mixin.py:151} INFO - [2023-10-10T01:19:21.649+0000] {dag.py:3696} INFO - Setting next_dagrun for example_subdag_operator.section-2 to None, run_after=None
[2023-10-10T01:19:21.652+0000] {logging_mixin.py:151} INFO - [2023-10-10T01:19:21.652+0000] {dag.py:2915} INFO - Sync 2 DAGs
[2023-10-10T01:19:21.654+0000] {logging_mixin.py:151} INFO - [2023-10-10T01:19:21.654+0000] {dag.py:3696} INFO - Setting next_dagrun for example_subdag_operator.section-1 to None, run_after=None
[2023-10-10T01:19:21.654+0000] {logging_mixin.py:151} INFO - [2023-10-10T01:19:21.654+0000] {dag.py:3696} INFO - Setting next_dagrun for example_subdag_operator.section-2 to None, run_after=None
[2023-10-10T01:19:21.661+0000] {processor.py:179} INFO - Processing /home/airflow/.local/lib/python3.8/site-packages/airflow/example_dags/example_subdag_operator.py took 0.049 seconds
[2023-10-10T01:19:51.917+0000] {processor.py:157} INFO - Started process (PID=962) to work on /home/airflow/.local/lib/python3.8/site-packages/airflow/example_dags/example_subdag_operator.py
[2023-10-10T01:19:51.917+0000] {processor.py:829} INFO - Processing file /home/airflow/.local/lib/python3.8/site-packages/airflow/example_dags/example_subdag_operator.py for tasks to queue
[2023-10-10T01:19:51.918+0000] {logging_mixin.py:151} INFO - [2023-10-10T01:19:51.918+0000] {dagbag.py:539} INFO - Filling up the DagBag from /home/airflow/.local/lib/python3.8/site-packages/airflow/example_dags/example_subdag_operator.py
[2023-10-10T01:19:51.932+0000] {processor.py:839} INFO - DAG(s) dict_keys(['example_subdag_operator.section-1', 'example_subdag_operator.section-2', 'example_subdag_operator']) retrieved from /home/airflow/.local/lib/python3.8/site-packages/airflow/example_dags/example_subdag_operator.py
[2023-10-10T01:19:51.940+0000] {logging_mixin.py:151} INFO - [2023-10-10T01:19:51.940+0000] {dag.py:2915} INFO - Sync 3 DAGs
[2023-10-10T01:19:51.949+0000] {logging_mixin.py:151} INFO - [2023-10-10T01:19:51.949+0000] {dag.py:3696} INFO - Setting next_dagrun for example_subdag_operator to 2022-01-01T00:00:00+00:00, run_after=2022-01-01T00:00:00+00:00
[2023-10-10T01:19:51.950+0000] {logging_mixin.py:151} INFO - [2023-10-10T01:19:51.950+0000] {dag.py:3696} INFO - Setting next_dagrun for example_subdag_operator.section-1 to None, run_after=None
[2023-10-10T01:19:51.951+0000] {logging_mixin.py:151} INFO - [2023-10-10T01:19:51.951+0000] {dag.py:3696} INFO - Setting next_dagrun for example_subdag_operator.section-2 to None, run_after=None
[2023-10-10T01:19:51.954+0000] {logging_mixin.py:151} INFO - [2023-10-10T01:19:51.954+0000] {dag.py:2915} INFO - Sync 2 DAGs
[2023-10-10T01:19:51.956+0000] {logging_mixin.py:151} INFO - [2023-10-10T01:19:51.956+0000] {dag.py:3696} INFO - Setting next_dagrun for example_subdag_operator.section-1 to None, run_after=None
[2023-10-10T01:19:51.956+0000] {logging_mixin.py:151} INFO - [2023-10-10T01:19:51.956+0000] {dag.py:3696} INFO - Setting next_dagrun for example_subdag_operator.section-2 to None, run_after=None
[2023-10-10T01:19:51.960+0000] {processor.py:179} INFO - Processing /home/airflow/.local/lib/python3.8/site-packages/airflow/example_dags/example_subdag_operator.py took 0.046 seconds
[2023-10-10T01:20:22.233+0000] {processor.py:157} INFO - Started process (PID=1200) to work on /home/airflow/.local/lib/python3.8/site-packages/airflow/example_dags/example_subdag_operator.py
[2023-10-10T01:20:22.233+0000] {processor.py:829} INFO - Processing file /home/airflow/.local/lib/python3.8/site-packages/airflow/example_dags/example_subdag_operator.py for tasks to queue
[2023-10-10T01:20:22.234+0000] {logging_mixin.py:151} INFO - [2023-10-10T01:20:22.233+0000] {dagbag.py:539} INFO - Filling up the DagBag from /home/airflow/.local/lib/python3.8/site-packages/airflow/example_dags/example_subdag_operator.py
[2023-10-10T01:20:22.249+0000] {processor.py:839} INFO - DAG(s) dict_keys(['example_subdag_operator.section-1', 'example_subdag_operator.section-2', 'example_subdag_operator']) retrieved from /home/airflow/.local/lib/python3.8/site-packages/airflow/example_dags/example_subdag_operator.py
[2023-10-10T01:20:22.257+0000] {logging_mixin.py:151} INFO - [2023-10-10T01:20:22.256+0000] {dag.py:2915} INFO - Sync 3 DAGs
[2023-10-10T01:20:22.265+0000] {logging_mixin.py:151} INFO - [2023-10-10T01:20:22.265+0000] {dag.py:3696} INFO - Setting next_dagrun for example_subdag_operator to 2022-01-01T00:00:00+00:00, run_after=2022-01-01T00:00:00+00:00
[2023-10-10T01:20:22.267+0000] {logging_mixin.py:151} INFO - [2023-10-10T01:20:22.267+0000] {dag.py:3696} INFO - Setting next_dagrun for example_subdag_operator.section-1 to None, run_after=None
[2023-10-10T01:20:22.267+0000] {logging_mixin.py:151} INFO - [2023-10-10T01:20:22.267+0000] {dag.py:3696} INFO - Setting next_dagrun for example_subdag_operator.section-2 to None, run_after=None
[2023-10-10T01:20:22.270+0000] {logging_mixin.py:151} INFO - [2023-10-10T01:20:22.270+0000] {dag.py:2915} INFO - Sync 2 DAGs
[2023-10-10T01:20:22.272+0000] {logging_mixin.py:151} INFO - [2023-10-10T01:20:22.272+0000] {dag.py:3696} INFO - Setting next_dagrun for example_subdag_operator.section-1 to None, run_after=None
[2023-10-10T01:20:22.272+0000] {logging_mixin.py:151} INFO - [2023-10-10T01:20:22.272+0000] {dag.py:3696} INFO - Setting next_dagrun for example_subdag_operator.section-2 to None, run_after=None
[2023-10-10T01:20:22.276+0000] {processor.py:179} INFO - Processing /home/airflow/.local/lib/python3.8/site-packages/airflow/example_dags/example_subdag_operator.py took 0.046 seconds
[2023-10-10T01:20:52.429+0000] {processor.py:157} INFO - Started process (PID=1438) to work on /home/airflow/.local/lib/python3.8/site-packages/airflow/example_dags/example_subdag_operator.py
[2023-10-10T01:20:52.430+0000] {processor.py:829} INFO - Processing file /home/airflow/.local/lib/python3.8/site-packages/airflow/example_dags/example_subdag_operator.py for tasks to queue
[2023-10-10T01:20:52.430+0000] {logging_mixin.py:151} INFO - [2023-10-10T01:20:52.430+0000] {dagbag.py:539} INFO - Filling up the DagBag from /home/airflow/.local/lib/python3.8/site-packages/airflow/example_dags/example_subdag_operator.py
[2023-10-10T01:20:52.446+0000] {processor.py:839} INFO - DAG(s) dict_keys(['example_subdag_operator.section-1', 'example_subdag_operator.section-2', 'example_subdag_operator']) retrieved from /home/airflow/.local/lib/python3.8/site-packages/airflow/example_dags/example_subdag_operator.py
[2023-10-10T01:20:52.454+0000] {logging_mixin.py:151} INFO - [2023-10-10T01:20:52.454+0000] {dag.py:2915} INFO - Sync 3 DAGs
[2023-10-10T01:20:52.464+0000] {logging_mixin.py:151} INFO - [2023-10-10T01:20:52.464+0000] {dag.py:3696} INFO - Setting next_dagrun for example_subdag_operator to 2022-01-01T00:00:00+00:00, run_after=2022-01-01T00:00:00+00:00
[2023-10-10T01:20:52.465+0000] {logging_mixin.py:151} INFO - [2023-10-10T01:20:52.465+0000] {dag.py:3696} INFO - Setting next_dagrun for example_subdag_operator.section-1 to None, run_after=None
[2023-10-10T01:20:52.466+0000] {logging_mixin.py:151} INFO - [2023-10-10T01:20:52.466+0000] {dag.py:3696} INFO - Setting next_dagrun for example_subdag_operator.section-2 to None, run_after=None
[2023-10-10T01:20:52.468+0000] {logging_mixin.py:151} INFO - [2023-10-10T01:20:52.468+0000] {dag.py:2915} INFO - Sync 2 DAGs
[2023-10-10T01:20:52.471+0000] {logging_mixin.py:151} INFO - [2023-10-10T01:20:52.470+0000] {dag.py:3696} INFO - Setting next_dagrun for example_subdag_operator.section-1 to None, run_after=None
[2023-10-10T01:20:52.471+0000] {logging_mixin.py:151} INFO - [2023-10-10T01:20:52.471+0000] {dag.py:3696} INFO - Setting next_dagrun for example_subdag_operator.section-2 to None, run_after=None
[2023-10-10T01:20:52.475+0000] {processor.py:179} INFO - Processing /home/airflow/.local/lib/python3.8/site-packages/airflow/example_dags/example_subdag_operator.py took 0.048 seconds
[2023-10-10T01:21:22.610+0000] {processor.py:157} INFO - Started process (PID=1676) to work on /home/airflow/.local/lib/python3.8/site-packages/airflow/example_dags/example_subdag_operator.py
[2023-10-10T01:21:22.610+0000] {processor.py:829} INFO - Processing file /home/airflow/.local/lib/python3.8/site-packages/airflow/example_dags/example_subdag_operator.py for tasks to queue
[2023-10-10T01:21:22.611+0000] {logging_mixin.py:151} INFO - [2023-10-10T01:21:22.611+0000] {dagbag.py:539} INFO - Filling up the DagBag from /home/airflow/.local/lib/python3.8/site-packages/airflow/example_dags/example_subdag_operator.py
[2023-10-10T01:21:22.626+0000] {processor.py:839} INFO - DAG(s) dict_keys(['example_subdag_operator.section-1', 'example_subdag_operator.section-2', 'example_subdag_operator']) retrieved from /home/airflow/.local/lib/python3.8/site-packages/airflow/example_dags/example_subdag_operator.py
[2023-10-10T01:21:22.633+0000] {logging_mixin.py:151} INFO - [2023-10-10T01:21:22.633+0000] {dag.py:2915} INFO - Sync 3 DAGs
[2023-10-10T01:21:22.643+0000] {logging_mixin.py:151} INFO - [2023-10-10T01:21:22.643+0000] {dag.py:3696} INFO - Setting next_dagrun for example_subdag_operator to 2022-01-01T00:00:00+00:00, run_after=2022-01-01T00:00:00+00:00
[2023-10-10T01:21:22.644+0000] {logging_mixin.py:151} INFO - [2023-10-10T01:21:22.644+0000] {dag.py:3696} INFO - Setting next_dagrun for example_subdag_operator.section-1 to None, run_after=None
[2023-10-10T01:21:22.645+0000] {logging_mixin.py:151} INFO - [2023-10-10T01:21:22.645+0000] {dag.py:3696} INFO - Setting next_dagrun for example_subdag_operator.section-2 to None, run_after=None
[2023-10-10T01:21:22.647+0000] {logging_mixin.py:151} INFO - [2023-10-10T01:21:22.647+0000] {dag.py:2915} INFO - Sync 2 DAGs
[2023-10-10T01:21:22.649+0000] {logging_mixin.py:151} INFO - [2023-10-10T01:21:22.649+0000] {dag.py:3696} INFO - Setting next_dagrun for example_subdag_operator.section-1 to None, run_after=None
[2023-10-10T01:21:22.649+0000] {logging_mixin.py:151} INFO - [2023-10-10T01:21:22.649+0000] {dag.py:3696} INFO - Setting next_dagrun for example_subdag_operator.section-2 to None, run_after=None
[2023-10-10T01:21:22.654+0000] {processor.py:179} INFO - Processing /home/airflow/.local/lib/python3.8/site-packages/airflow/example_dags/example_subdag_operator.py took 0.046 seconds
[2023-10-10T01:21:52.822+0000] {processor.py:157} INFO - Started process (PID=1914) to work on /home/airflow/.local/lib/python3.8/site-packages/airflow/example_dags/example_subdag_operator.py
[2023-10-10T01:21:52.823+0000] {processor.py:829} INFO - Processing file /home/airflow/.local/lib/python3.8/site-packages/airflow/example_dags/example_subdag_operator.py for tasks to queue
[2023-10-10T01:21:52.824+0000] {logging_mixin.py:151} INFO - [2023-10-10T01:21:52.824+0000] {dagbag.py:539} INFO - Filling up the DagBag from /home/airflow/.local/lib/python3.8/site-packages/airflow/example_dags/example_subdag_operator.py
[2023-10-10T01:21:52.839+0000] {processor.py:839} INFO - DAG(s) dict_keys(['example_subdag_operator.section-1', 'example_subdag_operator.section-2', 'example_subdag_operator']) retrieved from /home/airflow/.local/lib/python3.8/site-packages/airflow/example_dags/example_subdag_operator.py
[2023-10-10T01:21:52.847+0000] {logging_mixin.py:151} INFO - [2023-10-10T01:21:52.846+0000] {dag.py:2915} INFO - Sync 3 DAGs
[2023-10-10T01:21:52.856+0000] {logging_mixin.py:151} INFO - [2023-10-10T01:21:52.856+0000] {dag.py:3696} INFO - Setting next_dagrun for example_subdag_operator to 2022-01-01T00:00:00+00:00, run_after=2022-01-01T00:00:00+00:00
[2023-10-10T01:21:52.857+0000] {logging_mixin.py:151} INFO - [2023-10-10T01:21:52.857+0000] {dag.py:3696} INFO - Setting next_dagrun for example_subdag_operator.section-1 to None, run_after=None
[2023-10-10T01:21:52.857+0000] {logging_mixin.py:151} INFO - [2023-10-10T01:21:52.857+0000] {dag.py:3696} INFO - Setting next_dagrun for example_subdag_operator.section-2 to None, run_after=None
[2023-10-10T01:21:52.861+0000] {logging_mixin.py:151} INFO - [2023-10-10T01:21:52.861+0000] {dag.py:2915} INFO - Sync 2 DAGs
[2023-10-10T01:21:52.863+0000] {logging_mixin.py:151} INFO - [2023-10-10T01:21:52.862+0000] {dag.py:3696} INFO - Setting next_dagrun for example_subdag_operator.section-1 to None, run_after=None
[2023-10-10T01:21:52.863+0000] {logging_mixin.py:151} INFO - [2023-10-10T01:21:52.863+0000] {dag.py:3696} INFO - Setting next_dagrun for example_subdag_operator.section-2 to None, run_after=None
[2023-10-10T01:21:52.867+0000] {processor.py:179} INFO - Processing /home/airflow/.local/lib/python3.8/site-packages/airflow/example_dags/example_subdag_operator.py took 0.046 seconds
[2023-10-10T01:22:23.159+0000] {processor.py:157} INFO - Started process (PID=2152) to work on /home/airflow/.local/lib/python3.8/site-packages/airflow/example_dags/example_subdag_operator.py
[2023-10-10T01:22:23.160+0000] {processor.py:829} INFO - Processing file /home/airflow/.local/lib/python3.8/site-packages/airflow/example_dags/example_subdag_operator.py for tasks to queue
[2023-10-10T01:22:23.160+0000] {logging_mixin.py:151} INFO - [2023-10-10T01:22:23.160+0000] {dagbag.py:539} INFO - Filling up the DagBag from /home/airflow/.local/lib/python3.8/site-packages/airflow/example_dags/example_subdag_operator.py
[2023-10-10T01:22:23.175+0000] {processor.py:839} INFO - DAG(s) dict_keys(['example_subdag_operator.section-1', 'example_subdag_operator.section-2', 'example_subdag_operator']) retrieved from /home/airflow/.local/lib/python3.8/site-packages/airflow/example_dags/example_subdag_operator.py
[2023-10-10T01:22:23.183+0000] {logging_mixin.py:151} INFO - [2023-10-10T01:22:23.182+0000] {dag.py:2915} INFO - Sync 3 DAGs
[2023-10-10T01:22:23.192+0000] {logging_mixin.py:151} INFO - [2023-10-10T01:22:23.192+0000] {dag.py:3696} INFO - Setting next_dagrun for example_subdag_operator to 2022-01-01T00:00:00+00:00, run_after=2022-01-01T00:00:00+00:00
[2023-10-10T01:22:23.193+0000] {logging_mixin.py:151} INFO - [2023-10-10T01:22:23.193+0000] {dag.py:3696} INFO - Setting next_dagrun for example_subdag_operator.section-1 to None, run_after=None
[2023-10-10T01:22:23.193+0000] {logging_mixin.py:151} INFO - [2023-10-10T01:22:23.193+0000] {dag.py:3696} INFO - Setting next_dagrun for example_subdag_operator.section-2 to None, run_after=None
[2023-10-10T01:22:23.196+0000] {logging_mixin.py:151} INFO - [2023-10-10T01:22:23.196+0000] {dag.py:2915} INFO - Sync 2 DAGs
[2023-10-10T01:22:23.198+0000] {logging_mixin.py:151} INFO - [2023-10-10T01:22:23.198+0000] {dag.py:3696} INFO - Setting next_dagrun for example_subdag_operator.section-1 to None, run_after=None
[2023-10-10T01:22:23.198+0000] {logging_mixin.py:151} INFO - [2023-10-10T01:22:23.198+0000] {dag.py:3696} INFO - Setting next_dagrun for example_subdag_operator.section-2 to None, run_after=None
[2023-10-10T01:22:23.203+0000] {processor.py:179} INFO - Processing /home/airflow/.local/lib/python3.8/site-packages/airflow/example_dags/example_subdag_operator.py took 0.045 seconds
[2023-10-10T01:22:53.269+0000] {processor.py:157} INFO - Started process (PID=2393) to work on /home/airflow/.local/lib/python3.8/site-packages/airflow/example_dags/example_subdag_operator.py
[2023-10-10T01:22:53.270+0000] {processor.py:829} INFO - Processing file /home/airflow/.local/lib/python3.8/site-packages/airflow/example_dags/example_subdag_operator.py for tasks to queue
[2023-10-10T01:22:53.270+0000] {logging_mixin.py:151} INFO - [2023-10-10T01:22:53.270+0000] {dagbag.py:539} INFO - Filling up the DagBag from /home/airflow/.local/lib/python3.8/site-packages/airflow/example_dags/example_subdag_operator.py
[2023-10-10T01:22:53.285+0000] {processor.py:839} INFO - DAG(s) dict_keys(['example_subdag_operator.section-1', 'example_subdag_operator.section-2', 'example_subdag_operator']) retrieved from /home/airflow/.local/lib/python3.8/site-packages/airflow/example_dags/example_subdag_operator.py
[2023-10-10T01:22:53.294+0000] {logging_mixin.py:151} INFO - [2023-10-10T01:22:53.294+0000] {dag.py:2915} INFO - Sync 3 DAGs
[2023-10-10T01:22:53.304+0000] {logging_mixin.py:151} INFO - [2023-10-10T01:22:53.304+0000] {dag.py:3696} INFO - Setting next_dagrun for example_subdag_operator to 2022-01-01T00:00:00+00:00, run_after=2022-01-01T00:00:00+00:00
[2023-10-10T01:22:53.306+0000] {logging_mixin.py:151} INFO - [2023-10-10T01:22:53.306+0000] {dag.py:3696} INFO - Setting next_dagrun for example_subdag_operator.section-1 to None, run_after=None
[2023-10-10T01:22:53.306+0000] {logging_mixin.py:151} INFO - [2023-10-10T01:22:53.306+0000] {dag.py:3696} INFO - Setting next_dagrun for example_subdag_operator.section-2 to None, run_after=None
[2023-10-10T01:22:53.310+0000] {logging_mixin.py:151} INFO - [2023-10-10T01:22:53.310+0000] {dag.py:2915} INFO - Sync 2 DAGs
[2023-10-10T01:22:53.312+0000] {logging_mixin.py:151} INFO - [2023-10-10T01:22:53.312+0000] {dag.py:3696} INFO - Setting next_dagrun for example_subdag_operator.section-1 to None, run_after=None
[2023-10-10T01:22:53.312+0000] {logging_mixin.py:151} INFO - [2023-10-10T01:22:53.312+0000] {dag.py:3696} INFO - Setting next_dagrun for example_subdag_operator.section-2 to None, run_after=None
[2023-10-10T01:22:53.317+0000] {processor.py:179} INFO - Processing /home/airflow/.local/lib/python3.8/site-packages/airflow/example_dags/example_subdag_operator.py took 0.049 seconds
[2023-10-10T01:23:23.620+0000] {processor.py:157} INFO - Started process (PID=2629) to work on /home/airflow/.local/lib/python3.8/site-packages/airflow/example_dags/example_subdag_operator.py
[2023-10-10T01:23:23.621+0000] {processor.py:829} INFO - Processing file /home/airflow/.local/lib/python3.8/site-packages/airflow/example_dags/example_subdag_operator.py for tasks to queue
[2023-10-10T01:23:23.622+0000] {logging_mixin.py:151} INFO - [2023-10-10T01:23:23.622+0000] {dagbag.py:539} INFO - Filling up the DagBag from /home/airflow/.local/lib/python3.8/site-packages/airflow/example_dags/example_subdag_operator.py
[2023-10-10T01:23:23.643+0000] {processor.py:839} INFO - DAG(s) dict_keys(['example_subdag_operator.section-1', 'example_subdag_operator.section-2', 'example_subdag_operator']) retrieved from /home/airflow/.local/lib/python3.8/site-packages/airflow/example_dags/example_subdag_operator.py
[2023-10-10T01:23:23.651+0000] {logging_mixin.py:151} INFO - [2023-10-10T01:23:23.651+0000] {dag.py:2915} INFO - Sync 3 DAGs
[2023-10-10T01:23:23.661+0000] {logging_mixin.py:151} INFO - [2023-10-10T01:23:23.661+0000] {dag.py:3696} INFO - Setting next_dagrun for example_subdag_operator to 2022-01-01T00:00:00+00:00, run_after=2022-01-01T00:00:00+00:00
[2023-10-10T01:23:23.663+0000] {logging_mixin.py:151} INFO - [2023-10-10T01:23:23.663+0000] {dag.py:3696} INFO - Setting next_dagrun for example_subdag_operator.section-1 to None, run_after=None
[2023-10-10T01:23:23.663+0000] {logging_mixin.py:151} INFO - [2023-10-10T01:23:23.663+0000] {dag.py:3696} INFO - Setting next_dagrun for example_subdag_operator.section-2 to None, run_after=None
[2023-10-10T01:23:23.666+0000] {logging_mixin.py:151} INFO - [2023-10-10T01:23:23.666+0000] {dag.py:2915} INFO - Sync 2 DAGs
[2023-10-10T01:23:23.668+0000] {logging_mixin.py:151} INFO - [2023-10-10T01:23:23.668+0000] {dag.py:3696} INFO - Setting next_dagrun for example_subdag_operator.section-1 to None, run_after=None
[2023-10-10T01:23:23.669+0000] {logging_mixin.py:151} INFO - [2023-10-10T01:23:23.668+0000] {dag.py:3696} INFO - Setting next_dagrun for example_subdag_operator.section-2 to None, run_after=None
[2023-10-10T01:23:23.673+0000] {processor.py:179} INFO - Processing /home/airflow/.local/lib/python3.8/site-packages/airflow/example_dags/example_subdag_operator.py took 0.054 seconds
[2023-10-10T01:23:53.918+0000] {processor.py:157} INFO - Started process (PID=2866) to work on /home/airflow/.local/lib/python3.8/site-packages/airflow/example_dags/example_subdag_operator.py
[2023-10-10T01:23:53.921+0000] {processor.py:829} INFO - Processing file /home/airflow/.local/lib/python3.8/site-packages/airflow/example_dags/example_subdag_operator.py for tasks to queue
[2023-10-10T01:23:53.921+0000] {logging_mixin.py:151} INFO - [2023-10-10T01:23:53.921+0000] {dagbag.py:539} INFO - Filling up the DagBag from /home/airflow/.local/lib/python3.8/site-packages/airflow/example_dags/example_subdag_operator.py
[2023-10-10T01:23:53.936+0000] {processor.py:839} INFO - DAG(s) dict_keys(['example_subdag_operator.section-1', 'example_subdag_operator.section-2', 'example_subdag_operator']) retrieved from /home/airflow/.local/lib/python3.8/site-packages/airflow/example_dags/example_subdag_operator.py
[2023-10-10T01:23:53.944+0000] {logging_mixin.py:151} INFO - [2023-10-10T01:23:53.944+0000] {dag.py:2915} INFO - Sync 3 DAGs
[2023-10-10T01:23:53.953+0000] {logging_mixin.py:151} INFO - [2023-10-10T01:23:53.953+0000] {dag.py:3696} INFO - Setting next_dagrun for example_subdag_operator to 2022-01-01T00:00:00+00:00, run_after=2022-01-01T00:00:00+00:00
[2023-10-10T01:23:53.954+0000] {logging_mixin.py:151} INFO - [2023-10-10T01:23:53.954+0000] {dag.py:3696} INFO - Setting next_dagrun for example_subdag_operator.section-1 to None, run_after=None
[2023-10-10T01:23:53.955+0000] {logging_mixin.py:151} INFO - [2023-10-10T01:23:53.955+0000] {dag.py:3696} INFO - Setting next_dagrun for example_subdag_operator.section-2 to None, run_after=None
[2023-10-10T01:23:53.958+0000] {logging_mixin.py:151} INFO - [2023-10-10T01:23:53.958+0000] {dag.py:2915} INFO - Sync 2 DAGs
[2023-10-10T01:23:53.960+0000] {logging_mixin.py:151} INFO - [2023-10-10T01:23:53.960+0000] {dag.py:3696} INFO - Setting next_dagrun for example_subdag_operator.section-1 to None, run_after=None
[2023-10-10T01:23:53.960+0000] {logging_mixin.py:151} INFO - [2023-10-10T01:23:53.960+0000] {dag.py:3696} INFO - Setting next_dagrun for example_subdag_operator.section-2 to None, run_after=None
[2023-10-10T01:23:53.964+0000] {processor.py:179} INFO - Processing /home/airflow/.local/lib/python3.8/site-packages/airflow/example_dags/example_subdag_operator.py took 0.047 seconds
[2023-10-10T01:24:24.170+0000] {processor.py:157} INFO - Started process (PID=3104) to work on /home/airflow/.local/lib/python3.8/site-packages/airflow/example_dags/example_subdag_operator.py
[2023-10-10T01:24:24.170+0000] {processor.py:829} INFO - Processing file /home/airflow/.local/lib/python3.8/site-packages/airflow/example_dags/example_subdag_operator.py for tasks to queue
[2023-10-10T01:24:24.171+0000] {logging_mixin.py:151} INFO - [2023-10-10T01:24:24.170+0000] {dagbag.py:539} INFO - Filling up the DagBag from /home/airflow/.local/lib/python3.8/site-packages/airflow/example_dags/example_subdag_operator.py
[2023-10-10T01:24:24.185+0000] {processor.py:839} INFO - DAG(s) dict_keys(['example_subdag_operator.section-1', 'example_subdag_operator.section-2', 'example_subdag_operator']) retrieved from /home/airflow/.local/lib/python3.8/site-packages/airflow/example_dags/example_subdag_operator.py
[2023-10-10T01:24:24.193+0000] {logging_mixin.py:151} INFO - [2023-10-10T01:24:24.193+0000] {dag.py:2915} INFO - Sync 3 DAGs
[2023-10-10T01:24:24.202+0000] {logging_mixin.py:151} INFO - [2023-10-10T01:24:24.202+0000] {dag.py:3696} INFO - Setting next_dagrun for example_subdag_operator to 2022-01-01T00:00:00+00:00, run_after=2022-01-01T00:00:00+00:00
[2023-10-10T01:24:24.204+0000] {logging_mixin.py:151} INFO - [2023-10-10T01:24:24.204+0000] {dag.py:3696} INFO - Setting next_dagrun for example_subdag_operator.section-1 to None, run_after=None
[2023-10-10T01:24:24.204+0000] {logging_mixin.py:151} INFO - [2023-10-10T01:24:24.204+0000] {dag.py:3696} INFO - Setting next_dagrun for example_subdag_operator.section-2 to None, run_after=None
[2023-10-10T01:24:24.207+0000] {logging_mixin.py:151} INFO - [2023-10-10T01:24:24.207+0000] {dag.py:2915} INFO - Sync 2 DAGs
[2023-10-10T01:24:24.209+0000] {logging_mixin.py:151} INFO - [2023-10-10T01:24:24.209+0000] {dag.py:3696} INFO - Setting next_dagrun for example_subdag_operator.section-1 to None, run_after=None
[2023-10-10T01:24:24.210+0000] {logging_mixin.py:151} INFO - [2023-10-10T01:24:24.210+0000] {dag.py:3696} INFO - Setting next_dagrun for example_subdag_operator.section-2 to None, run_after=None
[2023-10-10T01:24:24.214+0000] {processor.py:179} INFO - Processing /home/airflow/.local/lib/python3.8/site-packages/airflow/example_dags/example_subdag_operator.py took 0.046 seconds
[2023-10-10T01:24:54.414+0000] {processor.py:157} INFO - Started process (PID=3342) to work on /home/airflow/.local/lib/python3.8/site-packages/airflow/example_dags/example_subdag_operator.py
[2023-10-10T01:24:54.414+0000] {processor.py:829} INFO - Processing file /home/airflow/.local/lib/python3.8/site-packages/airflow/example_dags/example_subdag_operator.py for tasks to queue
[2023-10-10T01:24:54.415+0000] {logging_mixin.py:151} INFO - [2023-10-10T01:24:54.415+0000] {dagbag.py:539} INFO - Filling up the DagBag from /home/airflow/.local/lib/python3.8/site-packages/airflow/example_dags/example_subdag_operator.py
[2023-10-10T01:24:54.429+0000] {processor.py:839} INFO - DAG(s) dict_keys(['example_subdag_operator.section-1', 'example_subdag_operator.section-2', 'example_subdag_operator']) retrieved from /home/airflow/.local/lib/python3.8/site-packages/airflow/example_dags/example_subdag_operator.py
[2023-10-10T01:24:54.437+0000] {logging_mixin.py:151} INFO - [2023-10-10T01:24:54.437+0000] {dag.py:2915} INFO - Sync 3 DAGs
[2023-10-10T01:24:54.447+0000] {logging_mixin.py:151} INFO - [2023-10-10T01:24:54.447+0000] {dag.py:3696} INFO - Setting next_dagrun for example_subdag_operator to 2022-01-01T00:00:00+00:00, run_after=2022-01-01T00:00:00+00:00
[2023-10-10T01:24:54.448+0000] {logging_mixin.py:151} INFO - [2023-10-10T01:24:54.448+0000] {dag.py:3696} INFO - Setting next_dagrun for example_subdag_operator.section-1 to None, run_after=None
[2023-10-10T01:24:54.449+0000] {logging_mixin.py:151} INFO - [2023-10-10T01:24:54.449+0000] {dag.py:3696} INFO - Setting next_dagrun for example_subdag_operator.section-2 to None, run_after=None
[2023-10-10T01:24:54.451+0000] {logging_mixin.py:151} INFO - [2023-10-10T01:24:54.451+0000] {dag.py:2915} INFO - Sync 2 DAGs
[2023-10-10T01:24:54.454+0000] {logging_mixin.py:151} INFO - [2023-10-10T01:24:54.454+0000] {dag.py:3696} INFO - Setting next_dagrun for example_subdag_operator.section-1 to None, run_after=None
[2023-10-10T01:24:54.454+0000] {logging_mixin.py:151} INFO - [2023-10-10T01:24:54.454+0000] {dag.py:3696} INFO - Setting next_dagrun for example_subdag_operator.section-2 to None, run_after=None
[2023-10-10T01:24:54.458+0000] {processor.py:179} INFO - Processing /home/airflow/.local/lib/python3.8/site-packages/airflow/example_dags/example_subdag_operator.py took 0.046 seconds
[2023-10-10T01:25:24.673+0000] {processor.py:157} INFO - Started process (PID=3580) to work on /home/airflow/.local/lib/python3.8/site-packages/airflow/example_dags/example_subdag_operator.py
[2023-10-10T01:25:24.674+0000] {processor.py:829} INFO - Processing file /home/airflow/.local/lib/python3.8/site-packages/airflow/example_dags/example_subdag_operator.py for tasks to queue
[2023-10-10T01:25:24.674+0000] {logging_mixin.py:151} INFO - [2023-10-10T01:25:24.674+0000] {dagbag.py:539} INFO - Filling up the DagBag from /home/airflow/.local/lib/python3.8/site-packages/airflow/example_dags/example_subdag_operator.py
[2023-10-10T01:25:24.689+0000] {processor.py:839} INFO - DAG(s) dict_keys(['example_subdag_operator.section-1', 'example_subdag_operator.section-2', 'example_subdag_operator']) retrieved from /home/airflow/.local/lib/python3.8/site-packages/airflow/example_dags/example_subdag_operator.py
[2023-10-10T01:25:24.697+0000] {logging_mixin.py:151} INFO - [2023-10-10T01:25:24.697+0000] {dag.py:2915} INFO - Sync 3 DAGs
[2023-10-10T01:25:24.706+0000] {logging_mixin.py:151} INFO - [2023-10-10T01:25:24.706+0000] {dag.py:3696} INFO - Setting next_dagrun for example_subdag_operator to 2022-01-01T00:00:00+00:00, run_after=2022-01-01T00:00:00+00:00
[2023-10-10T01:25:24.707+0000] {logging_mixin.py:151} INFO - [2023-10-10T01:25:24.707+0000] {dag.py:3696} INFO - Setting next_dagrun for example_subdag_operator.section-1 to None, run_after=None
[2023-10-10T01:25:24.708+0000] {logging_mixin.py:151} INFO - [2023-10-10T01:25:24.708+0000] {dag.py:3696} INFO - Setting next_dagrun for example_subdag_operator.section-2 to None, run_after=None
[2023-10-10T01:25:24.711+0000] {logging_mixin.py:151} INFO - [2023-10-10T01:25:24.710+0000] {dag.py:2915} INFO - Sync 2 DAGs
[2023-10-10T01:25:24.712+0000] {logging_mixin.py:151} INFO - [2023-10-10T01:25:24.712+0000] {dag.py:3696} INFO - Setting next_dagrun for example_subdag_operator.section-1 to None, run_after=None
[2023-10-10T01:25:24.713+0000] {logging_mixin.py:151} INFO - [2023-10-10T01:25:24.713+0000] {dag.py:3696} INFO - Setting next_dagrun for example_subdag_operator.section-2 to None, run_after=None
[2023-10-10T01:25:24.717+0000] {processor.py:179} INFO - Processing /home/airflow/.local/lib/python3.8/site-packages/airflow/example_dags/example_subdag_operator.py took 0.046 seconds
[2023-10-10T01:25:54.958+0000] {processor.py:157} INFO - Started process (PID=3818) to work on /home/airflow/.local/lib/python3.8/site-packages/airflow/example_dags/example_subdag_operator.py
[2023-10-10T01:25:54.959+0000] {processor.py:829} INFO - Processing file /home/airflow/.local/lib/python3.8/site-packages/airflow/example_dags/example_subdag_operator.py for tasks to queue
[2023-10-10T01:25:54.959+0000] {logging_mixin.py:151} INFO - [2023-10-10T01:25:54.959+0000] {dagbag.py:539} INFO - Filling up the DagBag from /home/airflow/.local/lib/python3.8/site-packages/airflow/example_dags/example_subdag_operator.py
[2023-10-10T01:25:54.974+0000] {processor.py:839} INFO - DAG(s) dict_keys(['example_subdag_operator.section-1', 'example_subdag_operator.section-2', 'example_subdag_operator']) retrieved from /home/airflow/.local/lib/python3.8/site-packages/airflow/example_dags/example_subdag_operator.py
[2023-10-10T01:25:54.981+0000] {logging_mixin.py:151} INFO - [2023-10-10T01:25:54.981+0000] {dag.py:2915} INFO - Sync 3 DAGs
[2023-10-10T01:25:54.990+0000] {logging_mixin.py:151} INFO - [2023-10-10T01:25:54.990+0000] {dag.py:3696} INFO - Setting next_dagrun for example_subdag_operator to 2022-01-01T00:00:00+00:00, run_after=2022-01-01T00:00:00+00:00
[2023-10-10T01:25:54.992+0000] {logging_mixin.py:151} INFO - [2023-10-10T01:25:54.992+0000] {dag.py:3696} INFO - Setting next_dagrun for example_subdag_operator.section-1 to None, run_after=None
[2023-10-10T01:25:54.992+0000] {logging_mixin.py:151} INFO - [2023-10-10T01:25:54.992+0000] {dag.py:3696} INFO - Setting next_dagrun for example_subdag_operator.section-2 to None, run_after=None
[2023-10-10T01:25:54.995+0000] {logging_mixin.py:151} INFO - [2023-10-10T01:25:54.995+0000] {dag.py:2915} INFO - Sync 2 DAGs
[2023-10-10T01:25:54.997+0000] {logging_mixin.py:151} INFO - [2023-10-10T01:25:54.997+0000] {dag.py:3696} INFO - Setting next_dagrun for example_subdag_operator.section-1 to None, run_after=None
[2023-10-10T01:25:54.997+0000] {logging_mixin.py:151} INFO - [2023-10-10T01:25:54.997+0000] {dag.py:3696} INFO - Setting next_dagrun for example_subdag_operator.section-2 to None, run_after=None
[2023-10-10T01:25:55.001+0000] {processor.py:179} INFO - Processing /home/airflow/.local/lib/python3.8/site-packages/airflow/example_dags/example_subdag_operator.py took 0.045 seconds
[2023-10-10T01:26:25.194+0000] {processor.py:157} INFO - Started process (PID=4057) to work on /home/airflow/.local/lib/python3.8/site-packages/airflow/example_dags/example_subdag_operator.py
[2023-10-10T01:26:25.195+0000] {processor.py:829} INFO - Processing file /home/airflow/.local/lib/python3.8/site-packages/airflow/example_dags/example_subdag_operator.py for tasks to queue
[2023-10-10T01:26:25.195+0000] {logging_mixin.py:151} INFO - [2023-10-10T01:26:25.195+0000] {dagbag.py:539} INFO - Filling up the DagBag from /home/airflow/.local/lib/python3.8/site-packages/airflow/example_dags/example_subdag_operator.py
[2023-10-10T01:26:25.210+0000] {processor.py:839} INFO - DAG(s) dict_keys(['example_subdag_operator.section-1', 'example_subdag_operator.section-2', 'example_subdag_operator']) retrieved from /home/airflow/.local/lib/python3.8/site-packages/airflow/example_dags/example_subdag_operator.py
[2023-10-10T01:26:25.219+0000] {logging_mixin.py:151} INFO - [2023-10-10T01:26:25.219+0000] {dag.py:2915} INFO - Sync 3 DAGs
[2023-10-10T01:26:25.229+0000] {logging_mixin.py:151} INFO - [2023-10-10T01:26:25.229+0000] {dag.py:3696} INFO - Setting next_dagrun for example_subdag_operator to 2022-01-01T00:00:00+00:00, run_after=2022-01-01T00:00:00+00:00
[2023-10-10T01:26:25.230+0000] {logging_mixin.py:151} INFO - [2023-10-10T01:26:25.230+0000] {dag.py:3696} INFO - Setting next_dagrun for example_subdag_operator.section-1 to None, run_after=None
[2023-10-10T01:26:25.231+0000] {logging_mixin.py:151} INFO - [2023-10-10T01:26:25.231+0000] {dag.py:3696} INFO - Setting next_dagrun for example_subdag_operator.section-2 to None, run_after=None
[2023-10-10T01:26:25.234+0000] {logging_mixin.py:151} INFO - [2023-10-10T01:26:25.234+0000] {dag.py:2915} INFO - Sync 2 DAGs
[2023-10-10T01:26:25.236+0000] {logging_mixin.py:151} INFO - [2023-10-10T01:26:25.236+0000] {dag.py:3696} INFO - Setting next_dagrun for example_subdag_operator.section-1 to None, run_after=None
[2023-10-10T01:26:25.236+0000] {logging_mixin.py:151} INFO - [2023-10-10T01:26:25.236+0000] {dag.py:3696} INFO - Setting next_dagrun for example_subdag_operator.section-2 to None, run_after=None
[2023-10-10T01:26:25.240+0000] {processor.py:179} INFO - Processing /home/airflow/.local/lib/python3.8/site-packages/airflow/example_dags/example_subdag_operator.py took 0.048 seconds
[2023-10-10T01:26:55.392+0000] {processor.py:157} INFO - Started process (PID=4295) to work on /home/airflow/.local/lib/python3.8/site-packages/airflow/example_dags/example_subdag_operator.py
[2023-10-10T01:26:55.393+0000] {processor.py:829} INFO - Processing file /home/airflow/.local/lib/python3.8/site-packages/airflow/example_dags/example_subdag_operator.py for tasks to queue
[2023-10-10T01:26:55.393+0000] {logging_mixin.py:151} INFO - [2023-10-10T01:26:55.393+0000] {dagbag.py:539} INFO - Filling up the DagBag from /home/airflow/.local/lib/python3.8/site-packages/airflow/example_dags/example_subdag_operator.py
[2023-10-10T01:26:55.408+0000] {processor.py:839} INFO - DAG(s) dict_keys(['example_subdag_operator.section-1', 'example_subdag_operator.section-2', 'example_subdag_operator']) retrieved from /home/airflow/.local/lib/python3.8/site-packages/airflow/example_dags/example_subdag_operator.py
[2023-10-10T01:26:55.416+0000] {logging_mixin.py:151} INFO - [2023-10-10T01:26:55.416+0000] {dag.py:2915} INFO - Sync 3 DAGs
[2023-10-10T01:26:55.426+0000] {logging_mixin.py:151} INFO - [2023-10-10T01:26:55.426+0000] {dag.py:3696} INFO - Setting next_dagrun for example_subdag_operator to 2022-01-01T00:00:00+00:00, run_after=2022-01-01T00:00:00+00:00
[2023-10-10T01:26:55.427+0000] {logging_mixin.py:151} INFO - [2023-10-10T01:26:55.427+0000] {dag.py:3696} INFO - Setting next_dagrun for example_subdag_operator.section-1 to None, run_after=None
[2023-10-10T01:26:55.428+0000] {logging_mixin.py:151} INFO - [2023-10-10T01:26:55.428+0000] {dag.py:3696} INFO - Setting next_dagrun for example_subdag_operator.section-2 to None, run_after=None
[2023-10-10T01:26:55.430+0000] {logging_mixin.py:151} INFO - [2023-10-10T01:26:55.430+0000] {dag.py:2915} INFO - Sync 2 DAGs
[2023-10-10T01:26:55.432+0000] {logging_mixin.py:151} INFO - [2023-10-10T01:26:55.432+0000] {dag.py:3696} INFO - Setting next_dagrun for example_subdag_operator.section-1 to None, run_after=None
[2023-10-10T01:26:55.433+0000] {logging_mixin.py:151} INFO - [2023-10-10T01:26:55.433+0000] {dag.py:3696} INFO - Setting next_dagrun for example_subdag_operator.section-2 to None, run_after=None
[2023-10-10T01:26:55.437+0000] {processor.py:179} INFO - Processing /home/airflow/.local/lib/python3.8/site-packages/airflow/example_dags/example_subdag_operator.py took 0.047 seconds
[2023-10-10T01:27:25.609+0000] {processor.py:157} INFO - Started process (PID=4533) to work on /home/airflow/.local/lib/python3.8/site-packages/airflow/example_dags/example_subdag_operator.py
[2023-10-10T01:27:25.610+0000] {processor.py:829} INFO - Processing file /home/airflow/.local/lib/python3.8/site-packages/airflow/example_dags/example_subdag_operator.py for tasks to queue
[2023-10-10T01:27:25.611+0000] {logging_mixin.py:151} INFO - [2023-10-10T01:27:25.610+0000] {dagbag.py:539} INFO - Filling up the DagBag from /home/airflow/.local/lib/python3.8/site-packages/airflow/example_dags/example_subdag_operator.py
[2023-10-10T01:27:25.625+0000] {processor.py:839} INFO - DAG(s) dict_keys(['example_subdag_operator.section-1', 'example_subdag_operator.section-2', 'example_subdag_operator']) retrieved from /home/airflow/.local/lib/python3.8/site-packages/airflow/example_dags/example_subdag_operator.py
[2023-10-10T01:27:25.632+0000] {logging_mixin.py:151} INFO - [2023-10-10T01:27:25.632+0000] {dag.py:2915} INFO - Sync 3 DAGs
[2023-10-10T01:27:25.641+0000] {logging_mixin.py:151} INFO - [2023-10-10T01:27:25.641+0000] {dag.py:3696} INFO - Setting next_dagrun for example_subdag_operator to 2022-01-01T00:00:00+00:00, run_after=2022-01-01T00:00:00+00:00
[2023-10-10T01:27:25.642+0000] {logging_mixin.py:151} INFO - [2023-10-10T01:27:25.642+0000] {dag.py:3696} INFO - Setting next_dagrun for example_subdag_operator.section-1 to None, run_after=None
[2023-10-10T01:27:25.643+0000] {logging_mixin.py:151} INFO - [2023-10-10T01:27:25.643+0000] {dag.py:3696} INFO - Setting next_dagrun for example_subdag_operator.section-2 to None, run_after=None
[2023-10-10T01:27:25.646+0000] {logging_mixin.py:151} INFO - [2023-10-10T01:27:25.646+0000] {dag.py:2915} INFO - Sync 2 DAGs
[2023-10-10T01:27:25.648+0000] {logging_mixin.py:151} INFO - [2023-10-10T01:27:25.648+0000] {dag.py:3696} INFO - Setting next_dagrun for example_subdag_operator.section-1 to None, run_after=None
[2023-10-10T01:27:25.648+0000] {logging_mixin.py:151} INFO - [2023-10-10T01:27:25.648+0000] {dag.py:3696} INFO - Setting next_dagrun for example_subdag_operator.section-2 to None, run_after=None
[2023-10-10T01:27:25.652+0000] {processor.py:179} INFO - Processing /home/airflow/.local/lib/python3.8/site-packages/airflow/example_dags/example_subdag_operator.py took 0.044 seconds
[2023-10-10T01:27:55.849+0000] {processor.py:157} INFO - Started process (PID=4771) to work on /home/airflow/.local/lib/python3.8/site-packages/airflow/example_dags/example_subdag_operator.py
[2023-10-10T01:27:55.850+0000] {processor.py:829} INFO - Processing file /home/airflow/.local/lib/python3.8/site-packages/airflow/example_dags/example_subdag_operator.py for tasks to queue
[2023-10-10T01:27:55.850+0000] {logging_mixin.py:151} INFO - [2023-10-10T01:27:55.850+0000] {dagbag.py:539} INFO - Filling up the DagBag from /home/airflow/.local/lib/python3.8/site-packages/airflow/example_dags/example_subdag_operator.py
[2023-10-10T01:27:55.870+0000] {processor.py:839} INFO - DAG(s) dict_keys(['example_subdag_operator.section-1', 'example_subdag_operator.section-2', 'example_subdag_operator']) retrieved from /home/airflow/.local/lib/python3.8/site-packages/airflow/example_dags/example_subdag_operator.py
[2023-10-10T01:27:55.881+0000] {logging_mixin.py:151} INFO - [2023-10-10T01:27:55.881+0000] {dag.py:2915} INFO - Sync 3 DAGs
[2023-10-10T01:27:55.891+0000] {logging_mixin.py:151} INFO - [2023-10-10T01:27:55.891+0000] {dag.py:3696} INFO - Setting next_dagrun for example_subdag_operator to 2022-01-01T00:00:00+00:00, run_after=2022-01-01T00:00:00+00:00
[2023-10-10T01:27:55.892+0000] {logging_mixin.py:151} INFO - [2023-10-10T01:27:55.892+0000] {dag.py:3696} INFO - Setting next_dagrun for example_subdag_operator.section-1 to None, run_after=None
[2023-10-10T01:27:55.893+0000] {logging_mixin.py:151} INFO - [2023-10-10T01:27:55.893+0000] {dag.py:3696} INFO - Setting next_dagrun for example_subdag_operator.section-2 to None, run_after=None
[2023-10-10T01:27:55.896+0000] {logging_mixin.py:151} INFO - [2023-10-10T01:27:55.896+0000] {dag.py:2915} INFO - Sync 2 DAGs
[2023-10-10T01:27:55.898+0000] {logging_mixin.py:151} INFO - [2023-10-10T01:27:55.898+0000] {dag.py:3696} INFO - Setting next_dagrun for example_subdag_operator.section-1 to None, run_after=None
[2023-10-10T01:27:55.898+0000] {logging_mixin.py:151} INFO - [2023-10-10T01:27:55.898+0000] {dag.py:3696} INFO - Setting next_dagrun for example_subdag_operator.section-2 to None, run_after=None
[2023-10-10T01:27:55.901+0000] {processor.py:179} INFO - Processing /home/airflow/.local/lib/python3.8/site-packages/airflow/example_dags/example_subdag_operator.py took 0.054 seconds
[2023-10-10T01:28:26.182+0000] {processor.py:157} INFO - Started process (PID=5009) to work on /home/airflow/.local/lib/python3.8/site-packages/airflow/example_dags/example_subdag_operator.py
[2023-10-10T01:28:26.183+0000] {processor.py:829} INFO - Processing file /home/airflow/.local/lib/python3.8/site-packages/airflow/example_dags/example_subdag_operator.py for tasks to queue
[2023-10-10T01:28:26.183+0000] {logging_mixin.py:151} INFO - [2023-10-10T01:28:26.183+0000] {dagbag.py:539} INFO - Filling up the DagBag from /home/airflow/.local/lib/python3.8/site-packages/airflow/example_dags/example_subdag_operator.py
[2023-10-10T01:28:26.197+0000] {processor.py:839} INFO - DAG(s) dict_keys(['example_subdag_operator.section-1', 'example_subdag_operator.section-2', 'example_subdag_operator']) retrieved from /home/airflow/.local/lib/python3.8/site-packages/airflow/example_dags/example_subdag_operator.py
[2023-10-10T01:28:26.205+0000] {logging_mixin.py:151} INFO - [2023-10-10T01:28:26.205+0000] {dag.py:2915} INFO - Sync 3 DAGs
[2023-10-10T01:28:26.214+0000] {logging_mixin.py:151} INFO - [2023-10-10T01:28:26.214+0000] {dag.py:3696} INFO - Setting next_dagrun for example_subdag_operator to 2022-01-01T00:00:00+00:00, run_after=2022-01-01T00:00:00+00:00
[2023-10-10T01:28:26.216+0000] {logging_mixin.py:151} INFO - [2023-10-10T01:28:26.216+0000] {dag.py:3696} INFO - Setting next_dagrun for example_subdag_operator.section-1 to None, run_after=None
[2023-10-10T01:28:26.216+0000] {logging_mixin.py:151} INFO - [2023-10-10T01:28:26.216+0000] {dag.py:3696} INFO - Setting next_dagrun for example_subdag_operator.section-2 to None, run_after=None
[2023-10-10T01:28:26.219+0000] {logging_mixin.py:151} INFO - [2023-10-10T01:28:26.219+0000] {dag.py:2915} INFO - Sync 2 DAGs
[2023-10-10T01:28:26.221+0000] {logging_mixin.py:151} INFO - [2023-10-10T01:28:26.221+0000] {dag.py:3696} INFO - Setting next_dagrun for example_subdag_operator.section-1 to None, run_after=None
[2023-10-10T01:28:26.221+0000] {logging_mixin.py:151} INFO - [2023-10-10T01:28:26.221+0000] {dag.py:3696} INFO - Setting next_dagrun for example_subdag_operator.section-2 to None, run_after=None
[2023-10-10T01:28:26.225+0000] {processor.py:179} INFO - Processing /home/airflow/.local/lib/python3.8/site-packages/airflow/example_dags/example_subdag_operator.py took 0.045 seconds
[2023-10-10T01:28:56.527+0000] {processor.py:157} INFO - Started process (PID=5247) to work on /home/airflow/.local/lib/python3.8/site-packages/airflow/example_dags/example_subdag_operator.py
[2023-10-10T01:28:56.528+0000] {processor.py:829} INFO - Processing file /home/airflow/.local/lib/python3.8/site-packages/airflow/example_dags/example_subdag_operator.py for tasks to queue
[2023-10-10T01:28:56.528+0000] {logging_mixin.py:151} INFO - [2023-10-10T01:28:56.528+0000] {dagbag.py:539} INFO - Filling up the DagBag from /home/airflow/.local/lib/python3.8/site-packages/airflow/example_dags/example_subdag_operator.py
[2023-10-10T01:28:56.543+0000] {processor.py:839} INFO - DAG(s) dict_keys(['example_subdag_operator.section-1', 'example_subdag_operator.section-2', 'example_subdag_operator']) retrieved from /home/airflow/.local/lib/python3.8/site-packages/airflow/example_dags/example_subdag_operator.py
[2023-10-10T01:28:56.550+0000] {logging_mixin.py:151} INFO - [2023-10-10T01:28:56.550+0000] {dag.py:2915} INFO - Sync 3 DAGs
[2023-10-10T01:28:56.560+0000] {logging_mixin.py:151} INFO - [2023-10-10T01:28:56.560+0000] {dag.py:3696} INFO - Setting next_dagrun for example_subdag_operator to 2022-01-01T00:00:00+00:00, run_after=2022-01-01T00:00:00+00:00
[2023-10-10T01:28:56.561+0000] {logging_mixin.py:151} INFO - [2023-10-10T01:28:56.561+0000] {dag.py:3696} INFO - Setting next_dagrun for example_subdag_operator.section-1 to None, run_after=None
[2023-10-10T01:28:56.562+0000] {logging_mixin.py:151} INFO - [2023-10-10T01:28:56.561+0000] {dag.py:3696} INFO - Setting next_dagrun for example_subdag_operator.section-2 to None, run_after=None
[2023-10-10T01:28:56.564+0000] {logging_mixin.py:151} INFO - [2023-10-10T01:28:56.564+0000] {dag.py:2915} INFO - Sync 2 DAGs
[2023-10-10T01:28:56.566+0000] {logging_mixin.py:151} INFO - [2023-10-10T01:28:56.566+0000] {dag.py:3696} INFO - Setting next_dagrun for example_subdag_operator.section-1 to None, run_after=None
[2023-10-10T01:28:56.566+0000] {logging_mixin.py:151} INFO - [2023-10-10T01:28:56.566+0000] {dag.py:3696} INFO - Setting next_dagrun for example_subdag_operator.section-2 to None, run_after=None
[2023-10-10T01:28:56.570+0000] {processor.py:179} INFO - Processing /home/airflow/.local/lib/python3.8/site-packages/airflow/example_dags/example_subdag_operator.py took 0.045 seconds
[2023-10-10T01:29:26.727+0000] {processor.py:157} INFO - Started process (PID=5485) to work on /home/airflow/.local/lib/python3.8/site-packages/airflow/example_dags/example_subdag_operator.py
[2023-10-10T01:29:26.727+0000] {processor.py:829} INFO - Processing file /home/airflow/.local/lib/python3.8/site-packages/airflow/example_dags/example_subdag_operator.py for tasks to queue
[2023-10-10T01:29:26.728+0000] {logging_mixin.py:151} INFO - [2023-10-10T01:29:26.728+0000] {dagbag.py:539} INFO - Filling up the DagBag from /home/airflow/.local/lib/python3.8/site-packages/airflow/example_dags/example_subdag_operator.py
[2023-10-10T01:29:26.743+0000] {processor.py:839} INFO - DAG(s) dict_keys(['example_subdag_operator.section-1', 'example_subdag_operator.section-2', 'example_subdag_operator']) retrieved from /home/airflow/.local/lib/python3.8/site-packages/airflow/example_dags/example_subdag_operator.py
[2023-10-10T01:29:26.750+0000] {logging_mixin.py:151} INFO - [2023-10-10T01:29:26.750+0000] {dag.py:2915} INFO - Sync 3 DAGs
[2023-10-10T01:29:26.763+0000] {logging_mixin.py:151} INFO - [2023-10-10T01:29:26.763+0000] {dag.py:3696} INFO - Setting next_dagrun for example_subdag_operator to 2022-01-01T00:00:00+00:00, run_after=2022-01-01T00:00:00+00:00
[2023-10-10T01:29:26.765+0000] {logging_mixin.py:151} INFO - [2023-10-10T01:29:26.764+0000] {dag.py:3696} INFO - Setting next_dagrun for example_subdag_operator.section-1 to None, run_after=None
[2023-10-10T01:29:26.765+0000] {logging_mixin.py:151} INFO - [2023-10-10T01:29:26.765+0000] {dag.py:3696} INFO - Setting next_dagrun for example_subdag_operator.section-2 to None, run_after=None
[2023-10-10T01:29:26.769+0000] {logging_mixin.py:151} INFO - [2023-10-10T01:29:26.769+0000] {dag.py:2915} INFO - Sync 2 DAGs
[2023-10-10T01:29:26.771+0000] {logging_mixin.py:151} INFO - [2023-10-10T01:29:26.771+0000] {dag.py:3696} INFO - Setting next_dagrun for example_subdag_operator.section-1 to None, run_after=None
[2023-10-10T01:29:26.771+0000] {logging_mixin.py:151} INFO - [2023-10-10T01:29:26.771+0000] {dag.py:3696} INFO - Setting next_dagrun for example_subdag_operator.section-2 to None, run_after=None
[2023-10-10T01:29:26.775+0000] {processor.py:179} INFO - Processing /home/airflow/.local/lib/python3.8/site-packages/airflow/example_dags/example_subdag_operator.py took 0.050 seconds
[2023-10-10T01:29:57.009+0000] {processor.py:157} INFO - Started process (PID=5723) to work on /home/airflow/.local/lib/python3.8/site-packages/airflow/example_dags/example_subdag_operator.py
[2023-10-10T01:29:57.010+0000] {processor.py:829} INFO - Processing file /home/airflow/.local/lib/python3.8/site-packages/airflow/example_dags/example_subdag_operator.py for tasks to queue
[2023-10-10T01:29:57.010+0000] {logging_mixin.py:151} INFO - [2023-10-10T01:29:57.010+0000] {dagbag.py:539} INFO - Filling up the DagBag from /home/airflow/.local/lib/python3.8/site-packages/airflow/example_dags/example_subdag_operator.py
[2023-10-10T01:29:57.025+0000] {processor.py:839} INFO - DAG(s) dict_keys(['example_subdag_operator.section-1', 'example_subdag_operator.section-2', 'example_subdag_operator']) retrieved from /home/airflow/.local/lib/python3.8/site-packages/airflow/example_dags/example_subdag_operator.py
[2023-10-10T01:29:57.033+0000] {logging_mixin.py:151} INFO - [2023-10-10T01:29:57.033+0000] {dag.py:2915} INFO - Sync 3 DAGs
[2023-10-10T01:29:57.041+0000] {logging_mixin.py:151} INFO - [2023-10-10T01:29:57.041+0000] {dag.py:3696} INFO - Setting next_dagrun for example_subdag_operator to 2022-01-01T00:00:00+00:00, run_after=2022-01-01T00:00:00+00:00
[2023-10-10T01:29:57.043+0000] {logging_mixin.py:151} INFO - [2023-10-10T01:29:57.043+0000] {dag.py:3696} INFO - Setting next_dagrun for example_subdag_operator.section-1 to None, run_after=None
[2023-10-10T01:29:57.043+0000] {logging_mixin.py:151} INFO - [2023-10-10T01:29:57.043+0000] {dag.py:3696} INFO - Setting next_dagrun for example_subdag_operator.section-2 to None, run_after=None
[2023-10-10T01:29:57.046+0000] {logging_mixin.py:151} INFO - [2023-10-10T01:29:57.046+0000] {dag.py:2915} INFO - Sync 2 DAGs
[2023-10-10T01:29:57.048+0000] {logging_mixin.py:151} INFO - [2023-10-10T01:29:57.048+0000] {dag.py:3696} INFO - Setting next_dagrun for example_subdag_operator.section-1 to None, run_after=None
[2023-10-10T01:29:57.049+0000] {logging_mixin.py:151} INFO - [2023-10-10T01:29:57.049+0000] {dag.py:3696} INFO - Setting next_dagrun for example_subdag_operator.section-2 to None, run_after=None
[2023-10-10T01:29:57.053+0000] {processor.py:179} INFO - Processing /home/airflow/.local/lib/python3.8/site-packages/airflow/example_dags/example_subdag_operator.py took 0.045 seconds
[2023-10-10T01:30:27.265+0000] {processor.py:157} INFO - Started process (PID=5961) to work on /home/airflow/.local/lib/python3.8/site-packages/airflow/example_dags/example_subdag_operator.py
[2023-10-10T01:30:27.266+0000] {processor.py:829} INFO - Processing file /home/airflow/.local/lib/python3.8/site-packages/airflow/example_dags/example_subdag_operator.py for tasks to queue
[2023-10-10T01:30:27.267+0000] {logging_mixin.py:151} INFO - [2023-10-10T01:30:27.266+0000] {dagbag.py:539} INFO - Filling up the DagBag from /home/airflow/.local/lib/python3.8/site-packages/airflow/example_dags/example_subdag_operator.py
[2023-10-10T01:30:27.281+0000] {processor.py:839} INFO - DAG(s) dict_keys(['example_subdag_operator.section-1', 'example_subdag_operator.section-2', 'example_subdag_operator']) retrieved from /home/airflow/.local/lib/python3.8/site-packages/airflow/example_dags/example_subdag_operator.py
[2023-10-10T01:30:27.288+0000] {logging_mixin.py:151} INFO - [2023-10-10T01:30:27.288+0000] {dag.py:2915} INFO - Sync 3 DAGs
[2023-10-10T01:30:27.298+0000] {logging_mixin.py:151} INFO - [2023-10-10T01:30:27.297+0000] {dag.py:3696} INFO - Setting next_dagrun for example_subdag_operator to 2022-01-01T00:00:00+00:00, run_after=2022-01-01T00:00:00+00:00
[2023-10-10T01:30:27.299+0000] {logging_mixin.py:151} INFO - [2023-10-10T01:30:27.299+0000] {dag.py:3696} INFO - Setting next_dagrun for example_subdag_operator.section-1 to None, run_after=None
[2023-10-10T01:30:27.299+0000] {logging_mixin.py:151} INFO - [2023-10-10T01:30:27.299+0000] {dag.py:3696} INFO - Setting next_dagrun for example_subdag_operator.section-2 to None, run_after=None
[2023-10-10T01:30:27.302+0000] {logging_mixin.py:151} INFO - [2023-10-10T01:30:27.302+0000] {dag.py:2915} INFO - Sync 2 DAGs
[2023-10-10T01:30:27.304+0000] {logging_mixin.py:151} INFO - [2023-10-10T01:30:27.304+0000] {dag.py:3696} INFO - Setting next_dagrun for example_subdag_operator.section-1 to None, run_after=None
[2023-10-10T01:30:27.304+0000] {logging_mixin.py:151} INFO - [2023-10-10T01:30:27.304+0000] {dag.py:3696} INFO - Setting next_dagrun for example_subdag_operator.section-2 to None, run_after=None
[2023-10-10T01:30:27.309+0000] {processor.py:179} INFO - Processing /home/airflow/.local/lib/python3.8/site-packages/airflow/example_dags/example_subdag_operator.py took 0.045 seconds
[2023-10-10T01:30:57.683+0000] {processor.py:157} INFO - Started process (PID=6200) to work on /home/airflow/.local/lib/python3.8/site-packages/airflow/example_dags/example_subdag_operator.py
[2023-10-10T01:30:57.685+0000] {processor.py:829} INFO - Processing file /home/airflow/.local/lib/python3.8/site-packages/airflow/example_dags/example_subdag_operator.py for tasks to queue
[2023-10-10T01:30:57.687+0000] {logging_mixin.py:151} INFO - [2023-10-10T01:30:57.686+0000] {dagbag.py:539} INFO - Filling up the DagBag from /home/airflow/.local/lib/python3.8/site-packages/airflow/example_dags/example_subdag_operator.py
[2023-10-10T01:30:57.718+0000] {processor.py:839} INFO - DAG(s) dict_keys(['example_subdag_operator.section-1', 'example_subdag_operator.section-2', 'example_subdag_operator']) retrieved from /home/airflow/.local/lib/python3.8/site-packages/airflow/example_dags/example_subdag_operator.py
[2023-10-10T01:30:57.731+0000] {logging_mixin.py:151} INFO - [2023-10-10T01:30:57.731+0000] {dag.py:2915} INFO - Sync 3 DAGs
[2023-10-10T01:30:57.777+0000] {logging_mixin.py:151} INFO - [2023-10-10T01:30:57.777+0000] {dag.py:3696} INFO - Setting next_dagrun for example_subdag_operator to 2022-01-01T00:00:00+00:00, run_after=2022-01-01T00:00:00+00:00
[2023-10-10T01:30:57.783+0000] {logging_mixin.py:151} INFO - [2023-10-10T01:30:57.783+0000] {dag.py:3696} INFO - Setting next_dagrun for example_subdag_operator.section-1 to None, run_after=None
[2023-10-10T01:30:57.784+0000] {logging_mixin.py:151} INFO - [2023-10-10T01:30:57.784+0000] {dag.py:3696} INFO - Setting next_dagrun for example_subdag_operator.section-2 to None, run_after=None
[2023-10-10T01:30:57.799+0000] {logging_mixin.py:151} INFO - [2023-10-10T01:30:57.799+0000] {dag.py:2915} INFO - Sync 2 DAGs
[2023-10-10T01:30:57.802+0000] {logging_mixin.py:151} INFO - [2023-10-10T01:30:57.802+0000] {dag.py:3696} INFO - Setting next_dagrun for example_subdag_operator.section-1 to None, run_after=None
[2023-10-10T01:30:57.803+0000] {logging_mixin.py:151} INFO - [2023-10-10T01:30:57.802+0000] {dag.py:3696} INFO - Setting next_dagrun for example_subdag_operator.section-2 to None, run_after=None
[2023-10-10T01:30:57.811+0000] {processor.py:179} INFO - Processing /home/airflow/.local/lib/python3.8/site-packages/airflow/example_dags/example_subdag_operator.py took 0.133 seconds
