[2023-10-10T01:18:20.202+0000] {processor.py:157} INFO - Started process (PID=222) to work on /home/airflow/.local/lib/python3.8/site-packages/airflow/example_dags/example_external_task_marker_dag.py
[2023-10-10T01:18:20.203+0000] {processor.py:829} INFO - Processing file /home/airflow/.local/lib/python3.8/site-packages/airflow/example_dags/example_external_task_marker_dag.py for tasks to queue
[2023-10-10T01:18:20.204+0000] {logging_mixin.py:151} INFO - [2023-10-10T01:18:20.204+0000] {dagbag.py:539} INFO - Filling up the DagBag from /home/airflow/.local/lib/python3.8/site-packages/airflow/example_dags/example_external_task_marker_dag.py
[2023-10-10T01:18:20.210+0000] {processor.py:839} INFO - DAG(s) dict_keys(['example_external_task_marker_parent', 'example_external_task_marker_child']) retrieved from /home/airflow/.local/lib/python3.8/site-packages/airflow/example_dags/example_external_task_marker_dag.py
[2023-10-10T01:18:20.218+0000] {logging_mixin.py:151} INFO - [2023-10-10T01:18:20.218+0000] {dag.py:2915} INFO - Sync 2 DAGs
[2023-10-10T01:18:20.226+0000] {logging_mixin.py:151} INFO - [2023-10-10T01:18:20.226+0000] {dag.py:3696} INFO - Setting next_dagrun for example_external_task_marker_child to None, run_after=None
[2023-10-10T01:18:20.228+0000] {logging_mixin.py:151} INFO - [2023-10-10T01:18:20.228+0000] {dag.py:3696} INFO - Setting next_dagrun for example_external_task_marker_parent to None, run_after=None
[2023-10-10T01:18:20.243+0000] {processor.py:179} INFO - Processing /home/airflow/.local/lib/python3.8/site-packages/airflow/example_dags/example_external_task_marker_dag.py took 0.045 seconds
[2023-10-10T01:18:51.335+0000] {processor.py:157} INFO - Started process (PID=460) to work on /home/airflow/.local/lib/python3.8/site-packages/airflow/example_dags/example_external_task_marker_dag.py
[2023-10-10T01:18:51.336+0000] {processor.py:829} INFO - Processing file /home/airflow/.local/lib/python3.8/site-packages/airflow/example_dags/example_external_task_marker_dag.py for tasks to queue
[2023-10-10T01:18:51.337+0000] {logging_mixin.py:151} INFO - [2023-10-10T01:18:51.337+0000] {dagbag.py:539} INFO - Filling up the DagBag from /home/airflow/.local/lib/python3.8/site-packages/airflow/example_dags/example_external_task_marker_dag.py
[2023-10-10T01:18:51.342+0000] {processor.py:839} INFO - DAG(s) dict_keys(['example_external_task_marker_parent', 'example_external_task_marker_child']) retrieved from /home/airflow/.local/lib/python3.8/site-packages/airflow/example_dags/example_external_task_marker_dag.py
[2023-10-10T01:18:51.363+0000] {logging_mixin.py:151} INFO - [2023-10-10T01:18:51.363+0000] {dag.py:2915} INFO - Sync 2 DAGs
[2023-10-10T01:18:51.374+0000] {logging_mixin.py:151} INFO - [2023-10-10T01:18:51.374+0000] {dag.py:3696} INFO - Setting next_dagrun for example_external_task_marker_child to None, run_after=None
[2023-10-10T01:18:51.376+0000] {logging_mixin.py:151} INFO - [2023-10-10T01:18:51.376+0000] {dag.py:3696} INFO - Setting next_dagrun for example_external_task_marker_parent to None, run_after=None
[2023-10-10T01:18:51.384+0000] {processor.py:179} INFO - Processing /home/airflow/.local/lib/python3.8/site-packages/airflow/example_dags/example_external_task_marker_dag.py took 0.050 seconds
[2023-10-10T01:19:21.463+0000] {processor.py:157} INFO - Started process (PID=698) to work on /home/airflow/.local/lib/python3.8/site-packages/airflow/example_dags/example_external_task_marker_dag.py
[2023-10-10T01:19:21.463+0000] {processor.py:829} INFO - Processing file /home/airflow/.local/lib/python3.8/site-packages/airflow/example_dags/example_external_task_marker_dag.py for tasks to queue
[2023-10-10T01:19:21.464+0000] {logging_mixin.py:151} INFO - [2023-10-10T01:19:21.464+0000] {dagbag.py:539} INFO - Filling up the DagBag from /home/airflow/.local/lib/python3.8/site-packages/airflow/example_dags/example_external_task_marker_dag.py
[2023-10-10T01:19:21.468+0000] {processor.py:839} INFO - DAG(s) dict_keys(['example_external_task_marker_child', 'example_external_task_marker_parent']) retrieved from /home/airflow/.local/lib/python3.8/site-packages/airflow/example_dags/example_external_task_marker_dag.py
[2023-10-10T01:19:21.490+0000] {logging_mixin.py:151} INFO - [2023-10-10T01:19:21.490+0000] {dag.py:2915} INFO - Sync 2 DAGs
[2023-10-10T01:19:21.499+0000] {logging_mixin.py:151} INFO - [2023-10-10T01:19:21.499+0000] {dag.py:3696} INFO - Setting next_dagrun for example_external_task_marker_child to None, run_after=None
[2023-10-10T01:19:21.502+0000] {logging_mixin.py:151} INFO - [2023-10-10T01:19:21.502+0000] {dag.py:3696} INFO - Setting next_dagrun for example_external_task_marker_parent to None, run_after=None
[2023-10-10T01:19:21.510+0000] {processor.py:179} INFO - Processing /home/airflow/.local/lib/python3.8/site-packages/airflow/example_dags/example_external_task_marker_dag.py took 0.050 seconds
[2023-10-10T01:19:51.773+0000] {processor.py:157} INFO - Started process (PID=937) to work on /home/airflow/.local/lib/python3.8/site-packages/airflow/example_dags/example_external_task_marker_dag.py
[2023-10-10T01:19:51.774+0000] {processor.py:829} INFO - Processing file /home/airflow/.local/lib/python3.8/site-packages/airflow/example_dags/example_external_task_marker_dag.py for tasks to queue
[2023-10-10T01:19:51.774+0000] {logging_mixin.py:151} INFO - [2023-10-10T01:19:51.774+0000] {dagbag.py:539} INFO - Filling up the DagBag from /home/airflow/.local/lib/python3.8/site-packages/airflow/example_dags/example_external_task_marker_dag.py
[2023-10-10T01:19:51.778+0000] {processor.py:839} INFO - DAG(s) dict_keys(['example_external_task_marker_parent', 'example_external_task_marker_child']) retrieved from /home/airflow/.local/lib/python3.8/site-packages/airflow/example_dags/example_external_task_marker_dag.py
[2023-10-10T01:19:51.797+0000] {logging_mixin.py:151} INFO - [2023-10-10T01:19:51.797+0000] {dag.py:2915} INFO - Sync 2 DAGs
[2023-10-10T01:19:51.804+0000] {logging_mixin.py:151} INFO - [2023-10-10T01:19:51.804+0000] {dag.py:3696} INFO - Setting next_dagrun for example_external_task_marker_child to None, run_after=None
[2023-10-10T01:19:51.806+0000] {logging_mixin.py:151} INFO - [2023-10-10T01:19:51.806+0000] {dag.py:3696} INFO - Setting next_dagrun for example_external_task_marker_parent to None, run_after=None
[2023-10-10T01:19:51.815+0000] {processor.py:179} INFO - Processing /home/airflow/.local/lib/python3.8/site-packages/airflow/example_dags/example_external_task_marker_dag.py took 0.044 seconds
[2023-10-10T01:20:22.098+0000] {processor.py:157} INFO - Started process (PID=1175) to work on /home/airflow/.local/lib/python3.8/site-packages/airflow/example_dags/example_external_task_marker_dag.py
[2023-10-10T01:20:22.099+0000] {processor.py:829} INFO - Processing file /home/airflow/.local/lib/python3.8/site-packages/airflow/example_dags/example_external_task_marker_dag.py for tasks to queue
[2023-10-10T01:20:22.100+0000] {logging_mixin.py:151} INFO - [2023-10-10T01:20:22.099+0000] {dagbag.py:539} INFO - Filling up the DagBag from /home/airflow/.local/lib/python3.8/site-packages/airflow/example_dags/example_external_task_marker_dag.py
[2023-10-10T01:20:22.105+0000] {processor.py:839} INFO - DAG(s) dict_keys(['example_external_task_marker_child', 'example_external_task_marker_parent']) retrieved from /home/airflow/.local/lib/python3.8/site-packages/airflow/example_dags/example_external_task_marker_dag.py
[2023-10-10T01:20:22.122+0000] {logging_mixin.py:151} INFO - [2023-10-10T01:20:22.122+0000] {dag.py:2915} INFO - Sync 2 DAGs
[2023-10-10T01:20:22.133+0000] {logging_mixin.py:151} INFO - [2023-10-10T01:20:22.133+0000] {dag.py:3696} INFO - Setting next_dagrun for example_external_task_marker_child to None, run_after=None
[2023-10-10T01:20:22.135+0000] {logging_mixin.py:151} INFO - [2023-10-10T01:20:22.135+0000] {dag.py:3696} INFO - Setting next_dagrun for example_external_task_marker_parent to None, run_after=None
[2023-10-10T01:20:22.143+0000] {processor.py:179} INFO - Processing /home/airflow/.local/lib/python3.8/site-packages/airflow/example_dags/example_external_task_marker_dag.py took 0.046 seconds
[2023-10-10T01:20:52.279+0000] {processor.py:157} INFO - Started process (PID=1413) to work on /home/airflow/.local/lib/python3.8/site-packages/airflow/example_dags/example_external_task_marker_dag.py
[2023-10-10T01:20:52.280+0000] {processor.py:829} INFO - Processing file /home/airflow/.local/lib/python3.8/site-packages/airflow/example_dags/example_external_task_marker_dag.py for tasks to queue
[2023-10-10T01:20:52.280+0000] {logging_mixin.py:151} INFO - [2023-10-10T01:20:52.280+0000] {dagbag.py:539} INFO - Filling up the DagBag from /home/airflow/.local/lib/python3.8/site-packages/airflow/example_dags/example_external_task_marker_dag.py
[2023-10-10T01:20:52.284+0000] {processor.py:839} INFO - DAG(s) dict_keys(['example_external_task_marker_child', 'example_external_task_marker_parent']) retrieved from /home/airflow/.local/lib/python3.8/site-packages/airflow/example_dags/example_external_task_marker_dag.py
[2023-10-10T01:20:52.302+0000] {logging_mixin.py:151} INFO - [2023-10-10T01:20:52.302+0000] {dag.py:2915} INFO - Sync 2 DAGs
[2023-10-10T01:20:52.309+0000] {logging_mixin.py:151} INFO - [2023-10-10T01:20:52.309+0000] {dag.py:3696} INFO - Setting next_dagrun for example_external_task_marker_child to None, run_after=None
[2023-10-10T01:20:52.310+0000] {logging_mixin.py:151} INFO - [2023-10-10T01:20:52.310+0000] {dag.py:3696} INFO - Setting next_dagrun for example_external_task_marker_parent to None, run_after=None
[2023-10-10T01:20:52.317+0000] {processor.py:179} INFO - Processing /home/airflow/.local/lib/python3.8/site-packages/airflow/example_dags/example_external_task_marker_dag.py took 0.040 seconds
[2023-10-10T01:21:22.481+0000] {processor.py:157} INFO - Started process (PID=1651) to work on /home/airflow/.local/lib/python3.8/site-packages/airflow/example_dags/example_external_task_marker_dag.py
[2023-10-10T01:21:22.482+0000] {processor.py:829} INFO - Processing file /home/airflow/.local/lib/python3.8/site-packages/airflow/example_dags/example_external_task_marker_dag.py for tasks to queue
[2023-10-10T01:21:22.482+0000] {logging_mixin.py:151} INFO - [2023-10-10T01:21:22.482+0000] {dagbag.py:539} INFO - Filling up the DagBag from /home/airflow/.local/lib/python3.8/site-packages/airflow/example_dags/example_external_task_marker_dag.py
[2023-10-10T01:21:22.487+0000] {processor.py:839} INFO - DAG(s) dict_keys(['example_external_task_marker_child', 'example_external_task_marker_parent']) retrieved from /home/airflow/.local/lib/python3.8/site-packages/airflow/example_dags/example_external_task_marker_dag.py
[2023-10-10T01:21:22.504+0000] {logging_mixin.py:151} INFO - [2023-10-10T01:21:22.504+0000] {dag.py:2915} INFO - Sync 2 DAGs
[2023-10-10T01:21:22.515+0000] {logging_mixin.py:151} INFO - [2023-10-10T01:21:22.514+0000] {dag.py:3696} INFO - Setting next_dagrun for example_external_task_marker_child to None, run_after=None
[2023-10-10T01:21:22.516+0000] {logging_mixin.py:151} INFO - [2023-10-10T01:21:22.516+0000] {dag.py:3696} INFO - Setting next_dagrun for example_external_task_marker_parent to None, run_after=None
[2023-10-10T01:21:22.524+0000] {processor.py:179} INFO - Processing /home/airflow/.local/lib/python3.8/site-packages/airflow/example_dags/example_external_task_marker_dag.py took 0.045 seconds
[2023-10-10T01:21:52.693+0000] {processor.py:157} INFO - Started process (PID=1889) to work on /home/airflow/.local/lib/python3.8/site-packages/airflow/example_dags/example_external_task_marker_dag.py
[2023-10-10T01:21:52.694+0000] {processor.py:829} INFO - Processing file /home/airflow/.local/lib/python3.8/site-packages/airflow/example_dags/example_external_task_marker_dag.py for tasks to queue
[2023-10-10T01:21:52.695+0000] {logging_mixin.py:151} INFO - [2023-10-10T01:21:52.694+0000] {dagbag.py:539} INFO - Filling up the DagBag from /home/airflow/.local/lib/python3.8/site-packages/airflow/example_dags/example_external_task_marker_dag.py
[2023-10-10T01:21:52.698+0000] {processor.py:839} INFO - DAG(s) dict_keys(['example_external_task_marker_child', 'example_external_task_marker_parent']) retrieved from /home/airflow/.local/lib/python3.8/site-packages/airflow/example_dags/example_external_task_marker_dag.py
[2023-10-10T01:21:52.713+0000] {logging_mixin.py:151} INFO - [2023-10-10T01:21:52.713+0000] {dag.py:2915} INFO - Sync 2 DAGs
[2023-10-10T01:21:52.720+0000] {logging_mixin.py:151} INFO - [2023-10-10T01:21:52.720+0000] {dag.py:3696} INFO - Setting next_dagrun for example_external_task_marker_child to None, run_after=None
[2023-10-10T01:21:52.721+0000] {logging_mixin.py:151} INFO - [2023-10-10T01:21:52.721+0000] {dag.py:3696} INFO - Setting next_dagrun for example_external_task_marker_parent to None, run_after=None
[2023-10-10T01:21:52.728+0000] {processor.py:179} INFO - Processing /home/airflow/.local/lib/python3.8/site-packages/airflow/example_dags/example_external_task_marker_dag.py took 0.037 seconds
[2023-10-10T01:22:23.017+0000] {processor.py:157} INFO - Started process (PID=2127) to work on /home/airflow/.local/lib/python3.8/site-packages/airflow/example_dags/example_external_task_marker_dag.py
[2023-10-10T01:22:23.018+0000] {processor.py:829} INFO - Processing file /home/airflow/.local/lib/python3.8/site-packages/airflow/example_dags/example_external_task_marker_dag.py for tasks to queue
[2023-10-10T01:22:23.019+0000] {logging_mixin.py:151} INFO - [2023-10-10T01:22:23.018+0000] {dagbag.py:539} INFO - Filling up the DagBag from /home/airflow/.local/lib/python3.8/site-packages/airflow/example_dags/example_external_task_marker_dag.py
[2023-10-10T01:22:23.023+0000] {processor.py:839} INFO - DAG(s) dict_keys(['example_external_task_marker_child', 'example_external_task_marker_parent']) retrieved from /home/airflow/.local/lib/python3.8/site-packages/airflow/example_dags/example_external_task_marker_dag.py
[2023-10-10T01:22:23.046+0000] {logging_mixin.py:151} INFO - [2023-10-10T01:22:23.046+0000] {dag.py:2915} INFO - Sync 2 DAGs
[2023-10-10T01:22:23.055+0000] {logging_mixin.py:151} INFO - [2023-10-10T01:22:23.055+0000] {dag.py:3696} INFO - Setting next_dagrun for example_external_task_marker_child to None, run_after=None
[2023-10-10T01:22:23.058+0000] {logging_mixin.py:151} INFO - [2023-10-10T01:22:23.058+0000] {dag.py:3696} INFO - Setting next_dagrun for example_external_task_marker_parent to None, run_after=None
[2023-10-10T01:22:23.068+0000] {processor.py:179} INFO - Processing /home/airflow/.local/lib/python3.8/site-packages/airflow/example_dags/example_external_task_marker_dag.py took 0.052 seconds
[2023-10-10T01:22:53.090+0000] {processor.py:157} INFO - Started process (PID=2366) to work on /home/airflow/.local/lib/python3.8/site-packages/airflow/example_dags/example_external_task_marker_dag.py
[2023-10-10T01:22:53.091+0000] {processor.py:829} INFO - Processing file /home/airflow/.local/lib/python3.8/site-packages/airflow/example_dags/example_external_task_marker_dag.py for tasks to queue
[2023-10-10T01:22:53.092+0000] {logging_mixin.py:151} INFO - [2023-10-10T01:22:53.091+0000] {dagbag.py:539} INFO - Filling up the DagBag from /home/airflow/.local/lib/python3.8/site-packages/airflow/example_dags/example_external_task_marker_dag.py
[2023-10-10T01:22:53.095+0000] {processor.py:839} INFO - DAG(s) dict_keys(['example_external_task_marker_child', 'example_external_task_marker_parent']) retrieved from /home/airflow/.local/lib/python3.8/site-packages/airflow/example_dags/example_external_task_marker_dag.py
[2023-10-10T01:22:53.118+0000] {logging_mixin.py:151} INFO - [2023-10-10T01:22:53.118+0000] {dag.py:2915} INFO - Sync 2 DAGs
[2023-10-10T01:22:53.129+0000] {logging_mixin.py:151} INFO - [2023-10-10T01:22:53.129+0000] {dag.py:3696} INFO - Setting next_dagrun for example_external_task_marker_child to None, run_after=None
[2023-10-10T01:22:53.130+0000] {logging_mixin.py:151} INFO - [2023-10-10T01:22:53.130+0000] {dag.py:3696} INFO - Setting next_dagrun for example_external_task_marker_parent to None, run_after=None
[2023-10-10T01:22:53.143+0000] {processor.py:179} INFO - Processing /home/airflow/.local/lib/python3.8/site-packages/airflow/example_dags/example_external_task_marker_dag.py took 0.055 seconds
[2023-10-10T01:23:23.485+0000] {processor.py:157} INFO - Started process (PID=2604) to work on /home/airflow/.local/lib/python3.8/site-packages/airflow/example_dags/example_external_task_marker_dag.py
[2023-10-10T01:23:23.486+0000] {processor.py:829} INFO - Processing file /home/airflow/.local/lib/python3.8/site-packages/airflow/example_dags/example_external_task_marker_dag.py for tasks to queue
[2023-10-10T01:23:23.486+0000] {logging_mixin.py:151} INFO - [2023-10-10T01:23:23.486+0000] {dagbag.py:539} INFO - Filling up the DagBag from /home/airflow/.local/lib/python3.8/site-packages/airflow/example_dags/example_external_task_marker_dag.py
[2023-10-10T01:23:23.490+0000] {processor.py:839} INFO - DAG(s) dict_keys(['example_external_task_marker_child', 'example_external_task_marker_parent']) retrieved from /home/airflow/.local/lib/python3.8/site-packages/airflow/example_dags/example_external_task_marker_dag.py
[2023-10-10T01:23:23.506+0000] {logging_mixin.py:151} INFO - [2023-10-10T01:23:23.506+0000] {dag.py:2915} INFO - Sync 2 DAGs
[2023-10-10T01:23:23.515+0000] {logging_mixin.py:151} INFO - [2023-10-10T01:23:23.515+0000] {dag.py:3696} INFO - Setting next_dagrun for example_external_task_marker_child to None, run_after=None
[2023-10-10T01:23:23.517+0000] {logging_mixin.py:151} INFO - [2023-10-10T01:23:23.517+0000] {dag.py:3696} INFO - Setting next_dagrun for example_external_task_marker_parent to None, run_after=None
[2023-10-10T01:23:23.524+0000] {processor.py:179} INFO - Processing /home/airflow/.local/lib/python3.8/site-packages/airflow/example_dags/example_external_task_marker_dag.py took 0.041 seconds
[2023-10-10T01:23:53.789+0000] {processor.py:157} INFO - Started process (PID=2841) to work on /home/airflow/.local/lib/python3.8/site-packages/airflow/example_dags/example_external_task_marker_dag.py
[2023-10-10T01:23:53.790+0000] {processor.py:829} INFO - Processing file /home/airflow/.local/lib/python3.8/site-packages/airflow/example_dags/example_external_task_marker_dag.py for tasks to queue
[2023-10-10T01:23:53.791+0000] {logging_mixin.py:151} INFO - [2023-10-10T01:23:53.790+0000] {dagbag.py:539} INFO - Filling up the DagBag from /home/airflow/.local/lib/python3.8/site-packages/airflow/example_dags/example_external_task_marker_dag.py
[2023-10-10T01:23:53.794+0000] {processor.py:839} INFO - DAG(s) dict_keys(['example_external_task_marker_child', 'example_external_task_marker_parent']) retrieved from /home/airflow/.local/lib/python3.8/site-packages/airflow/example_dags/example_external_task_marker_dag.py
[2023-10-10T01:23:53.811+0000] {logging_mixin.py:151} INFO - [2023-10-10T01:23:53.811+0000] {dag.py:2915} INFO - Sync 2 DAGs
[2023-10-10T01:23:53.817+0000] {logging_mixin.py:151} INFO - [2023-10-10T01:23:53.817+0000] {dag.py:3696} INFO - Setting next_dagrun for example_external_task_marker_child to None, run_after=None
[2023-10-10T01:23:53.819+0000] {logging_mixin.py:151} INFO - [2023-10-10T01:23:53.819+0000] {dag.py:3696} INFO - Setting next_dagrun for example_external_task_marker_parent to None, run_after=None
[2023-10-10T01:23:53.825+0000] {processor.py:179} INFO - Processing /home/airflow/.local/lib/python3.8/site-packages/airflow/example_dags/example_external_task_marker_dag.py took 0.038 seconds
[2023-10-10T01:24:24.038+0000] {processor.py:157} INFO - Started process (PID=3079) to work on /home/airflow/.local/lib/python3.8/site-packages/airflow/example_dags/example_external_task_marker_dag.py
[2023-10-10T01:24:24.039+0000] {processor.py:829} INFO - Processing file /home/airflow/.local/lib/python3.8/site-packages/airflow/example_dags/example_external_task_marker_dag.py for tasks to queue
[2023-10-10T01:24:24.039+0000] {logging_mixin.py:151} INFO - [2023-10-10T01:24:24.039+0000] {dagbag.py:539} INFO - Filling up the DagBag from /home/airflow/.local/lib/python3.8/site-packages/airflow/example_dags/example_external_task_marker_dag.py
[2023-10-10T01:24:24.043+0000] {processor.py:839} INFO - DAG(s) dict_keys(['example_external_task_marker_parent', 'example_external_task_marker_child']) retrieved from /home/airflow/.local/lib/python3.8/site-packages/airflow/example_dags/example_external_task_marker_dag.py
[2023-10-10T01:24:24.062+0000] {logging_mixin.py:151} INFO - [2023-10-10T01:24:24.062+0000] {dag.py:2915} INFO - Sync 2 DAGs
[2023-10-10T01:24:24.070+0000] {logging_mixin.py:151} INFO - [2023-10-10T01:24:24.070+0000] {dag.py:3696} INFO - Setting next_dagrun for example_external_task_marker_child to None, run_after=None
[2023-10-10T01:24:24.071+0000] {logging_mixin.py:151} INFO - [2023-10-10T01:24:24.071+0000] {dag.py:3696} INFO - Setting next_dagrun for example_external_task_marker_parent to None, run_after=None
[2023-10-10T01:24:24.081+0000] {processor.py:179} INFO - Processing /home/airflow/.local/lib/python3.8/site-packages/airflow/example_dags/example_external_task_marker_dag.py took 0.045 seconds
[2023-10-10T01:24:54.284+0000] {processor.py:157} INFO - Started process (PID=3317) to work on /home/airflow/.local/lib/python3.8/site-packages/airflow/example_dags/example_external_task_marker_dag.py
[2023-10-10T01:24:54.285+0000] {processor.py:829} INFO - Processing file /home/airflow/.local/lib/python3.8/site-packages/airflow/example_dags/example_external_task_marker_dag.py for tasks to queue
[2023-10-10T01:24:54.285+0000] {logging_mixin.py:151} INFO - [2023-10-10T01:24:54.285+0000] {dagbag.py:539} INFO - Filling up the DagBag from /home/airflow/.local/lib/python3.8/site-packages/airflow/example_dags/example_external_task_marker_dag.py
[2023-10-10T01:24:54.289+0000] {processor.py:839} INFO - DAG(s) dict_keys(['example_external_task_marker_child', 'example_external_task_marker_parent']) retrieved from /home/airflow/.local/lib/python3.8/site-packages/airflow/example_dags/example_external_task_marker_dag.py
[2023-10-10T01:24:54.305+0000] {logging_mixin.py:151} INFO - [2023-10-10T01:24:54.305+0000] {dag.py:2915} INFO - Sync 2 DAGs
[2023-10-10T01:24:54.314+0000] {logging_mixin.py:151} INFO - [2023-10-10T01:24:54.314+0000] {dag.py:3696} INFO - Setting next_dagrun for example_external_task_marker_child to None, run_after=None
[2023-10-10T01:24:54.315+0000] {logging_mixin.py:151} INFO - [2023-10-10T01:24:54.315+0000] {dag.py:3696} INFO - Setting next_dagrun for example_external_task_marker_parent to None, run_after=None
[2023-10-10T01:24:54.322+0000] {processor.py:179} INFO - Processing /home/airflow/.local/lib/python3.8/site-packages/airflow/example_dags/example_external_task_marker_dag.py took 0.040 seconds
[2023-10-10T01:25:24.536+0000] {processor.py:157} INFO - Started process (PID=3555) to work on /home/airflow/.local/lib/python3.8/site-packages/airflow/example_dags/example_external_task_marker_dag.py
[2023-10-10T01:25:24.537+0000] {processor.py:829} INFO - Processing file /home/airflow/.local/lib/python3.8/site-packages/airflow/example_dags/example_external_task_marker_dag.py for tasks to queue
[2023-10-10T01:25:24.537+0000] {logging_mixin.py:151} INFO - [2023-10-10T01:25:24.537+0000] {dagbag.py:539} INFO - Filling up the DagBag from /home/airflow/.local/lib/python3.8/site-packages/airflow/example_dags/example_external_task_marker_dag.py
[2023-10-10T01:25:24.541+0000] {processor.py:839} INFO - DAG(s) dict_keys(['example_external_task_marker_parent', 'example_external_task_marker_child']) retrieved from /home/airflow/.local/lib/python3.8/site-packages/airflow/example_dags/example_external_task_marker_dag.py
[2023-10-10T01:25:24.562+0000] {logging_mixin.py:151} INFO - [2023-10-10T01:25:24.562+0000] {dag.py:2915} INFO - Sync 2 DAGs
[2023-10-10T01:25:24.568+0000] {logging_mixin.py:151} INFO - [2023-10-10T01:25:24.568+0000] {dag.py:3696} INFO - Setting next_dagrun for example_external_task_marker_child to None, run_after=None
[2023-10-10T01:25:24.570+0000] {logging_mixin.py:151} INFO - [2023-10-10T01:25:24.570+0000] {dag.py:3696} INFO - Setting next_dagrun for example_external_task_marker_parent to None, run_after=None
[2023-10-10T01:25:24.582+0000] {processor.py:179} INFO - Processing /home/airflow/.local/lib/python3.8/site-packages/airflow/example_dags/example_external_task_marker_dag.py took 0.048 seconds
[2023-10-10T01:25:54.824+0000] {processor.py:157} INFO - Started process (PID=3793) to work on /home/airflow/.local/lib/python3.8/site-packages/airflow/example_dags/example_external_task_marker_dag.py
[2023-10-10T01:25:54.825+0000] {processor.py:829} INFO - Processing file /home/airflow/.local/lib/python3.8/site-packages/airflow/example_dags/example_external_task_marker_dag.py for tasks to queue
[2023-10-10T01:25:54.825+0000] {logging_mixin.py:151} INFO - [2023-10-10T01:25:54.825+0000] {dagbag.py:539} INFO - Filling up the DagBag from /home/airflow/.local/lib/python3.8/site-packages/airflow/example_dags/example_external_task_marker_dag.py
[2023-10-10T01:25:54.829+0000] {processor.py:839} INFO - DAG(s) dict_keys(['example_external_task_marker_child', 'example_external_task_marker_parent']) retrieved from /home/airflow/.local/lib/python3.8/site-packages/airflow/example_dags/example_external_task_marker_dag.py
[2023-10-10T01:25:54.844+0000] {logging_mixin.py:151} INFO - [2023-10-10T01:25:54.843+0000] {dag.py:2915} INFO - Sync 2 DAGs
[2023-10-10T01:25:54.850+0000] {logging_mixin.py:151} INFO - [2023-10-10T01:25:54.850+0000] {dag.py:3696} INFO - Setting next_dagrun for example_external_task_marker_child to None, run_after=None
[2023-10-10T01:25:54.852+0000] {logging_mixin.py:151} INFO - [2023-10-10T01:25:54.852+0000] {dag.py:3696} INFO - Setting next_dagrun for example_external_task_marker_parent to None, run_after=None
[2023-10-10T01:25:54.860+0000] {processor.py:179} INFO - Processing /home/airflow/.local/lib/python3.8/site-packages/airflow/example_dags/example_external_task_marker_dag.py took 0.038 seconds
[2023-10-10T01:26:25.066+0000] {processor.py:157} INFO - Started process (PID=4032) to work on /home/airflow/.local/lib/python3.8/site-packages/airflow/example_dags/example_external_task_marker_dag.py
[2023-10-10T01:26:25.066+0000] {processor.py:829} INFO - Processing file /home/airflow/.local/lib/python3.8/site-packages/airflow/example_dags/example_external_task_marker_dag.py for tasks to queue
[2023-10-10T01:26:25.067+0000] {logging_mixin.py:151} INFO - [2023-10-10T01:26:25.067+0000] {dagbag.py:539} INFO - Filling up the DagBag from /home/airflow/.local/lib/python3.8/site-packages/airflow/example_dags/example_external_task_marker_dag.py
[2023-10-10T01:26:25.071+0000] {processor.py:839} INFO - DAG(s) dict_keys(['example_external_task_marker_parent', 'example_external_task_marker_child']) retrieved from /home/airflow/.local/lib/python3.8/site-packages/airflow/example_dags/example_external_task_marker_dag.py
[2023-10-10T01:26:25.085+0000] {logging_mixin.py:151} INFO - [2023-10-10T01:26:25.085+0000] {dag.py:2915} INFO - Sync 2 DAGs
[2023-10-10T01:26:25.092+0000] {logging_mixin.py:151} INFO - [2023-10-10T01:26:25.092+0000] {dag.py:3696} INFO - Setting next_dagrun for example_external_task_marker_child to None, run_after=None
[2023-10-10T01:26:25.093+0000] {logging_mixin.py:151} INFO - [2023-10-10T01:26:25.093+0000] {dag.py:3696} INFO - Setting next_dagrun for example_external_task_marker_parent to None, run_after=None
[2023-10-10T01:26:25.100+0000] {processor.py:179} INFO - Processing /home/airflow/.local/lib/python3.8/site-packages/airflow/example_dags/example_external_task_marker_dag.py took 0.037 seconds
[2023-10-10T01:26:55.257+0000] {processor.py:157} INFO - Started process (PID=4270) to work on /home/airflow/.local/lib/python3.8/site-packages/airflow/example_dags/example_external_task_marker_dag.py
[2023-10-10T01:26:55.257+0000] {processor.py:829} INFO - Processing file /home/airflow/.local/lib/python3.8/site-packages/airflow/example_dags/example_external_task_marker_dag.py for tasks to queue
[2023-10-10T01:26:55.258+0000] {logging_mixin.py:151} INFO - [2023-10-10T01:26:55.258+0000] {dagbag.py:539} INFO - Filling up the DagBag from /home/airflow/.local/lib/python3.8/site-packages/airflow/example_dags/example_external_task_marker_dag.py
[2023-10-10T01:26:55.261+0000] {processor.py:839} INFO - DAG(s) dict_keys(['example_external_task_marker_child', 'example_external_task_marker_parent']) retrieved from /home/airflow/.local/lib/python3.8/site-packages/airflow/example_dags/example_external_task_marker_dag.py
[2023-10-10T01:26:55.279+0000] {logging_mixin.py:151} INFO - [2023-10-10T01:26:55.279+0000] {dag.py:2915} INFO - Sync 2 DAGs
[2023-10-10T01:26:55.285+0000] {logging_mixin.py:151} INFO - [2023-10-10T01:26:55.285+0000] {dag.py:3696} INFO - Setting next_dagrun for example_external_task_marker_child to None, run_after=None
[2023-10-10T01:26:55.287+0000] {logging_mixin.py:151} INFO - [2023-10-10T01:26:55.286+0000] {dag.py:3696} INFO - Setting next_dagrun for example_external_task_marker_parent to None, run_after=None
[2023-10-10T01:26:55.294+0000] {processor.py:179} INFO - Processing /home/airflow/.local/lib/python3.8/site-packages/airflow/example_dags/example_external_task_marker_dag.py took 0.039 seconds
[2023-10-10T01:27:25.479+0000] {processor.py:157} INFO - Started process (PID=4508) to work on /home/airflow/.local/lib/python3.8/site-packages/airflow/example_dags/example_external_task_marker_dag.py
[2023-10-10T01:27:25.480+0000] {processor.py:829} INFO - Processing file /home/airflow/.local/lib/python3.8/site-packages/airflow/example_dags/example_external_task_marker_dag.py for tasks to queue
[2023-10-10T01:27:25.481+0000] {logging_mixin.py:151} INFO - [2023-10-10T01:27:25.480+0000] {dagbag.py:539} INFO - Filling up the DagBag from /home/airflow/.local/lib/python3.8/site-packages/airflow/example_dags/example_external_task_marker_dag.py
[2023-10-10T01:27:25.484+0000] {processor.py:839} INFO - DAG(s) dict_keys(['example_external_task_marker_child', 'example_external_task_marker_parent']) retrieved from /home/airflow/.local/lib/python3.8/site-packages/airflow/example_dags/example_external_task_marker_dag.py
[2023-10-10T01:27:25.500+0000] {logging_mixin.py:151} INFO - [2023-10-10T01:27:25.500+0000] {dag.py:2915} INFO - Sync 2 DAGs
[2023-10-10T01:27:25.506+0000] {logging_mixin.py:151} INFO - [2023-10-10T01:27:25.506+0000] {dag.py:3696} INFO - Setting next_dagrun for example_external_task_marker_child to None, run_after=None
[2023-10-10T01:27:25.508+0000] {logging_mixin.py:151} INFO - [2023-10-10T01:27:25.508+0000] {dag.py:3696} INFO - Setting next_dagrun for example_external_task_marker_parent to None, run_after=None
[2023-10-10T01:27:25.518+0000] {processor.py:179} INFO - Processing /home/airflow/.local/lib/python3.8/site-packages/airflow/example_dags/example_external_task_marker_dag.py took 0.041 seconds
[2023-10-10T01:27:55.722+0000] {processor.py:157} INFO - Started process (PID=4746) to work on /home/airflow/.local/lib/python3.8/site-packages/airflow/example_dags/example_external_task_marker_dag.py
[2023-10-10T01:27:55.722+0000] {processor.py:829} INFO - Processing file /home/airflow/.local/lib/python3.8/site-packages/airflow/example_dags/example_external_task_marker_dag.py for tasks to queue
[2023-10-10T01:27:55.723+0000] {logging_mixin.py:151} INFO - [2023-10-10T01:27:55.723+0000] {dagbag.py:539} INFO - Filling up the DagBag from /home/airflow/.local/lib/python3.8/site-packages/airflow/example_dags/example_external_task_marker_dag.py
[2023-10-10T01:27:55.726+0000] {processor.py:839} INFO - DAG(s) dict_keys(['example_external_task_marker_parent', 'example_external_task_marker_child']) retrieved from /home/airflow/.local/lib/python3.8/site-packages/airflow/example_dags/example_external_task_marker_dag.py
[2023-10-10T01:27:55.742+0000] {logging_mixin.py:151} INFO - [2023-10-10T01:27:55.742+0000] {dag.py:2915} INFO - Sync 2 DAGs
[2023-10-10T01:27:55.749+0000] {logging_mixin.py:151} INFO - [2023-10-10T01:27:55.748+0000] {dag.py:3696} INFO - Setting next_dagrun for example_external_task_marker_child to None, run_after=None
[2023-10-10T01:27:55.750+0000] {logging_mixin.py:151} INFO - [2023-10-10T01:27:55.750+0000] {dag.py:3696} INFO - Setting next_dagrun for example_external_task_marker_parent to None, run_after=None
[2023-10-10T01:27:55.757+0000] {processor.py:179} INFO - Processing /home/airflow/.local/lib/python3.8/site-packages/airflow/example_dags/example_external_task_marker_dag.py took 0.037 seconds
[2023-10-10T01:28:26.052+0000] {processor.py:157} INFO - Started process (PID=4984) to work on /home/airflow/.local/lib/python3.8/site-packages/airflow/example_dags/example_external_task_marker_dag.py
[2023-10-10T01:28:26.053+0000] {processor.py:829} INFO - Processing file /home/airflow/.local/lib/python3.8/site-packages/airflow/example_dags/example_external_task_marker_dag.py for tasks to queue
[2023-10-10T01:28:26.053+0000] {logging_mixin.py:151} INFO - [2023-10-10T01:28:26.053+0000] {dagbag.py:539} INFO - Filling up the DagBag from /home/airflow/.local/lib/python3.8/site-packages/airflow/example_dags/example_external_task_marker_dag.py
[2023-10-10T01:28:26.058+0000] {processor.py:839} INFO - DAG(s) dict_keys(['example_external_task_marker_parent', 'example_external_task_marker_child']) retrieved from /home/airflow/.local/lib/python3.8/site-packages/airflow/example_dags/example_external_task_marker_dag.py
[2023-10-10T01:28:26.075+0000] {logging_mixin.py:151} INFO - [2023-10-10T01:28:26.075+0000] {dag.py:2915} INFO - Sync 2 DAGs
[2023-10-10T01:28:26.083+0000] {logging_mixin.py:151} INFO - [2023-10-10T01:28:26.083+0000] {dag.py:3696} INFO - Setting next_dagrun for example_external_task_marker_child to None, run_after=None
[2023-10-10T01:28:26.085+0000] {logging_mixin.py:151} INFO - [2023-10-10T01:28:26.085+0000] {dag.py:3696} INFO - Setting next_dagrun for example_external_task_marker_parent to None, run_after=None
[2023-10-10T01:28:26.092+0000] {processor.py:179} INFO - Processing /home/airflow/.local/lib/python3.8/site-packages/airflow/example_dags/example_external_task_marker_dag.py took 0.042 seconds
[2023-10-10T01:28:56.396+0000] {processor.py:157} INFO - Started process (PID=5222) to work on /home/airflow/.local/lib/python3.8/site-packages/airflow/example_dags/example_external_task_marker_dag.py
[2023-10-10T01:28:56.397+0000] {processor.py:829} INFO - Processing file /home/airflow/.local/lib/python3.8/site-packages/airflow/example_dags/example_external_task_marker_dag.py for tasks to queue
[2023-10-10T01:28:56.397+0000] {logging_mixin.py:151} INFO - [2023-10-10T01:28:56.397+0000] {dagbag.py:539} INFO - Filling up the DagBag from /home/airflow/.local/lib/python3.8/site-packages/airflow/example_dags/example_external_task_marker_dag.py
[2023-10-10T01:28:56.401+0000] {processor.py:839} INFO - DAG(s) dict_keys(['example_external_task_marker_child', 'example_external_task_marker_parent']) retrieved from /home/airflow/.local/lib/python3.8/site-packages/airflow/example_dags/example_external_task_marker_dag.py
[2023-10-10T01:28:56.417+0000] {logging_mixin.py:151} INFO - [2023-10-10T01:28:56.417+0000] {dag.py:2915} INFO - Sync 2 DAGs
[2023-10-10T01:28:56.423+0000] {logging_mixin.py:151} INFO - [2023-10-10T01:28:56.423+0000] {dag.py:3696} INFO - Setting next_dagrun for example_external_task_marker_child to None, run_after=None
[2023-10-10T01:28:56.425+0000] {logging_mixin.py:151} INFO - [2023-10-10T01:28:56.425+0000] {dag.py:3696} INFO - Setting next_dagrun for example_external_task_marker_parent to None, run_after=None
[2023-10-10T01:28:56.432+0000] {processor.py:179} INFO - Processing /home/airflow/.local/lib/python3.8/site-packages/airflow/example_dags/example_external_task_marker_dag.py took 0.037 seconds
[2023-10-10T01:29:26.597+0000] {processor.py:157} INFO - Started process (PID=5460) to work on /home/airflow/.local/lib/python3.8/site-packages/airflow/example_dags/example_external_task_marker_dag.py
[2023-10-10T01:29:26.598+0000] {processor.py:829} INFO - Processing file /home/airflow/.local/lib/python3.8/site-packages/airflow/example_dags/example_external_task_marker_dag.py for tasks to queue
[2023-10-10T01:29:26.598+0000] {logging_mixin.py:151} INFO - [2023-10-10T01:29:26.598+0000] {dagbag.py:539} INFO - Filling up the DagBag from /home/airflow/.local/lib/python3.8/site-packages/airflow/example_dags/example_external_task_marker_dag.py
[2023-10-10T01:29:26.602+0000] {processor.py:839} INFO - DAG(s) dict_keys(['example_external_task_marker_parent', 'example_external_task_marker_child']) retrieved from /home/airflow/.local/lib/python3.8/site-packages/airflow/example_dags/example_external_task_marker_dag.py
[2023-10-10T01:29:26.617+0000] {logging_mixin.py:151} INFO - [2023-10-10T01:29:26.617+0000] {dag.py:2915} INFO - Sync 2 DAGs
[2023-10-10T01:29:26.625+0000] {logging_mixin.py:151} INFO - [2023-10-10T01:29:26.625+0000] {dag.py:3696} INFO - Setting next_dagrun for example_external_task_marker_child to None, run_after=None
[2023-10-10T01:29:26.627+0000] {logging_mixin.py:151} INFO - [2023-10-10T01:29:26.627+0000] {dag.py:3696} INFO - Setting next_dagrun for example_external_task_marker_parent to None, run_after=None
[2023-10-10T01:29:26.635+0000] {processor.py:179} INFO - Processing /home/airflow/.local/lib/python3.8/site-packages/airflow/example_dags/example_external_task_marker_dag.py took 0.040 seconds
[2023-10-10T01:29:56.882+0000] {processor.py:157} INFO - Started process (PID=5698) to work on /home/airflow/.local/lib/python3.8/site-packages/airflow/example_dags/example_external_task_marker_dag.py
[2023-10-10T01:29:56.882+0000] {processor.py:829} INFO - Processing file /home/airflow/.local/lib/python3.8/site-packages/airflow/example_dags/example_external_task_marker_dag.py for tasks to queue
[2023-10-10T01:29:56.883+0000] {logging_mixin.py:151} INFO - [2023-10-10T01:29:56.883+0000] {dagbag.py:539} INFO - Filling up the DagBag from /home/airflow/.local/lib/python3.8/site-packages/airflow/example_dags/example_external_task_marker_dag.py
[2023-10-10T01:29:56.886+0000] {processor.py:839} INFO - DAG(s) dict_keys(['example_external_task_marker_child', 'example_external_task_marker_parent']) retrieved from /home/airflow/.local/lib/python3.8/site-packages/airflow/example_dags/example_external_task_marker_dag.py
[2023-10-10T01:29:56.901+0000] {logging_mixin.py:151} INFO - [2023-10-10T01:29:56.901+0000] {dag.py:2915} INFO - Sync 2 DAGs
[2023-10-10T01:29:56.907+0000] {logging_mixin.py:151} INFO - [2023-10-10T01:29:56.907+0000] {dag.py:3696} INFO - Setting next_dagrun for example_external_task_marker_child to None, run_after=None
[2023-10-10T01:29:56.909+0000] {logging_mixin.py:151} INFO - [2023-10-10T01:29:56.909+0000] {dag.py:3696} INFO - Setting next_dagrun for example_external_task_marker_parent to None, run_after=None
[2023-10-10T01:29:56.917+0000] {processor.py:179} INFO - Processing /home/airflow/.local/lib/python3.8/site-packages/airflow/example_dags/example_external_task_marker_dag.py took 0.037 seconds
[2023-10-10T01:30:27.137+0000] {processor.py:157} INFO - Started process (PID=5936) to work on /home/airflow/.local/lib/python3.8/site-packages/airflow/example_dags/example_external_task_marker_dag.py
[2023-10-10T01:30:27.138+0000] {processor.py:829} INFO - Processing file /home/airflow/.local/lib/python3.8/site-packages/airflow/example_dags/example_external_task_marker_dag.py for tasks to queue
[2023-10-10T01:30:27.139+0000] {logging_mixin.py:151} INFO - [2023-10-10T01:30:27.139+0000] {dagbag.py:539} INFO - Filling up the DagBag from /home/airflow/.local/lib/python3.8/site-packages/airflow/example_dags/example_external_task_marker_dag.py
[2023-10-10T01:30:27.143+0000] {processor.py:839} INFO - DAG(s) dict_keys(['example_external_task_marker_child', 'example_external_task_marker_parent']) retrieved from /home/airflow/.local/lib/python3.8/site-packages/airflow/example_dags/example_external_task_marker_dag.py
[2023-10-10T01:30:27.157+0000] {logging_mixin.py:151} INFO - [2023-10-10T01:30:27.157+0000] {dag.py:2915} INFO - Sync 2 DAGs
[2023-10-10T01:30:27.163+0000] {logging_mixin.py:151} INFO - [2023-10-10T01:30:27.163+0000] {dag.py:3696} INFO - Setting next_dagrun for example_external_task_marker_child to None, run_after=None
[2023-10-10T01:30:27.166+0000] {logging_mixin.py:151} INFO - [2023-10-10T01:30:27.165+0000] {dag.py:3696} INFO - Setting next_dagrun for example_external_task_marker_parent to None, run_after=None
[2023-10-10T01:30:27.174+0000] {processor.py:179} INFO - Processing /home/airflow/.local/lib/python3.8/site-packages/airflow/example_dags/example_external_task_marker_dag.py took 0.039 seconds
[2023-10-10T01:30:57.436+0000] {processor.py:157} INFO - Started process (PID=6175) to work on /home/airflow/.local/lib/python3.8/site-packages/airflow/example_dags/example_external_task_marker_dag.py
[2023-10-10T01:30:57.437+0000] {processor.py:829} INFO - Processing file /home/airflow/.local/lib/python3.8/site-packages/airflow/example_dags/example_external_task_marker_dag.py for tasks to queue
[2023-10-10T01:30:57.438+0000] {logging_mixin.py:151} INFO - [2023-10-10T01:30:57.437+0000] {dagbag.py:539} INFO - Filling up the DagBag from /home/airflow/.local/lib/python3.8/site-packages/airflow/example_dags/example_external_task_marker_dag.py
[2023-10-10T01:30:57.442+0000] {processor.py:839} INFO - DAG(s) dict_keys(['example_external_task_marker_parent', 'example_external_task_marker_child']) retrieved from /home/airflow/.local/lib/python3.8/site-packages/airflow/example_dags/example_external_task_marker_dag.py
[2023-10-10T01:30:57.456+0000] {logging_mixin.py:151} INFO - [2023-10-10T01:30:57.456+0000] {dag.py:2915} INFO - Sync 2 DAGs
[2023-10-10T01:30:57.463+0000] {logging_mixin.py:151} INFO - [2023-10-10T01:30:57.463+0000] {dag.py:3696} INFO - Setting next_dagrun for example_external_task_marker_child to None, run_after=None
[2023-10-10T01:30:57.464+0000] {logging_mixin.py:151} INFO - [2023-10-10T01:30:57.464+0000] {dag.py:3696} INFO - Setting next_dagrun for example_external_task_marker_parent to None, run_after=None
[2023-10-10T01:30:57.471+0000] {processor.py:179} INFO - Processing /home/airflow/.local/lib/python3.8/site-packages/airflow/example_dags/example_external_task_marker_dag.py took 0.037 seconds
