[2023-10-10T01:18:22.803+0000] {processor.py:157} INFO - Started process (PID=334) to work on /home/airflow/.local/lib/python3.8/site-packages/airflow/example_dags/example_sensors.py
[2023-10-10T01:18:22.804+0000] {processor.py:829} INFO - Processing file /home/airflow/.local/lib/python3.8/site-packages/airflow/example_dags/example_sensors.py for tasks to queue
[2023-10-10T01:18:22.805+0000] {logging_mixin.py:151} INFO - [2023-10-10T01:18:22.805+0000] {dagbag.py:539} INFO - Filling up the DagBag from /home/airflow/.local/lib/python3.8/site-packages/airflow/example_dags/example_sensors.py
[2023-10-10T01:18:22.816+0000] {processor.py:839} INFO - DAG(s) dict_keys(['example_sensors']) retrieved from /home/airflow/.local/lib/python3.8/site-packages/airflow/example_dags/example_sensors.py
[2023-10-10T01:18:22.991+0000] {logging_mixin.py:151} INFO - [2023-10-10T01:18:22.991+0000] {dag.py:2915} INFO - Sync 1 DAGs
[2023-10-10T01:18:22.997+0000] {logging_mixin.py:151} INFO - [2023-10-10T01:18:22.997+0000] {dag.py:3696} INFO - Setting next_dagrun for example_sensors to None, run_after=None
[2023-10-10T01:18:23.006+0000] {processor.py:179} INFO - Processing /home/airflow/.local/lib/python3.8/site-packages/airflow/example_dags/example_sensors.py took 0.206 seconds
[2023-10-10T01:18:53.288+0000] {processor.py:157} INFO - Started process (PID=570) to work on /home/airflow/.local/lib/python3.8/site-packages/airflow/example_dags/example_sensors.py
[2023-10-10T01:18:53.289+0000] {processor.py:829} INFO - Processing file /home/airflow/.local/lib/python3.8/site-packages/airflow/example_dags/example_sensors.py for tasks to queue
[2023-10-10T01:18:53.289+0000] {logging_mixin.py:151} INFO - [2023-10-10T01:18:53.289+0000] {dagbag.py:539} INFO - Filling up the DagBag from /home/airflow/.local/lib/python3.8/site-packages/airflow/example_dags/example_sensors.py
[2023-10-10T01:18:53.295+0000] {processor.py:839} INFO - DAG(s) dict_keys(['example_sensors']) retrieved from /home/airflow/.local/lib/python3.8/site-packages/airflow/example_dags/example_sensors.py
[2023-10-10T01:18:53.311+0000] {logging_mixin.py:151} INFO - [2023-10-10T01:18:53.311+0000] {dag.py:2915} INFO - Sync 1 DAGs
[2023-10-10T01:18:53.318+0000] {logging_mixin.py:151} INFO - [2023-10-10T01:18:53.318+0000] {dag.py:3696} INFO - Setting next_dagrun for example_sensors to None, run_after=None
[2023-10-10T01:18:53.326+0000] {processor.py:179} INFO - Processing /home/airflow/.local/lib/python3.8/site-packages/airflow/example_dags/example_sensors.py took 0.039 seconds
[2023-10-10T01:19:23.488+0000] {processor.py:157} INFO - Started process (PID=810) to work on /home/airflow/.local/lib/python3.8/site-packages/airflow/example_dags/example_sensors.py
[2023-10-10T01:19:23.489+0000] {processor.py:829} INFO - Processing file /home/airflow/.local/lib/python3.8/site-packages/airflow/example_dags/example_sensors.py for tasks to queue
[2023-10-10T01:19:23.489+0000] {logging_mixin.py:151} INFO - [2023-10-10T01:19:23.489+0000] {dagbag.py:539} INFO - Filling up the DagBag from /home/airflow/.local/lib/python3.8/site-packages/airflow/example_dags/example_sensors.py
[2023-10-10T01:19:23.495+0000] {processor.py:839} INFO - DAG(s) dict_keys(['example_sensors']) retrieved from /home/airflow/.local/lib/python3.8/site-packages/airflow/example_dags/example_sensors.py
[2023-10-10T01:19:23.510+0000] {logging_mixin.py:151} INFO - [2023-10-10T01:19:23.510+0000] {dag.py:2915} INFO - Sync 1 DAGs
[2023-10-10T01:19:23.517+0000] {logging_mixin.py:151} INFO - [2023-10-10T01:19:23.517+0000] {dag.py:3696} INFO - Setting next_dagrun for example_sensors to None, run_after=None
[2023-10-10T01:19:23.524+0000] {processor.py:179} INFO - Processing /home/airflow/.local/lib/python3.8/site-packages/airflow/example_dags/example_sensors.py took 0.038 seconds
[2023-10-10T01:19:54.706+0000] {processor.py:157} INFO - Started process (PID=1049) to work on /home/airflow/.local/lib/python3.8/site-packages/airflow/example_dags/example_sensors.py
[2023-10-10T01:19:54.707+0000] {processor.py:829} INFO - Processing file /home/airflow/.local/lib/python3.8/site-packages/airflow/example_dags/example_sensors.py for tasks to queue
[2023-10-10T01:19:54.707+0000] {logging_mixin.py:151} INFO - [2023-10-10T01:19:54.707+0000] {dagbag.py:539} INFO - Filling up the DagBag from /home/airflow/.local/lib/python3.8/site-packages/airflow/example_dags/example_sensors.py
[2023-10-10T01:19:54.713+0000] {processor.py:839} INFO - DAG(s) dict_keys(['example_sensors']) retrieved from /home/airflow/.local/lib/python3.8/site-packages/airflow/example_dags/example_sensors.py
[2023-10-10T01:19:54.727+0000] {logging_mixin.py:151} INFO - [2023-10-10T01:19:54.727+0000] {dag.py:2915} INFO - Sync 1 DAGs
[2023-10-10T01:19:54.732+0000] {logging_mixin.py:151} INFO - [2023-10-10T01:19:54.732+0000] {dag.py:3696} INFO - Setting next_dagrun for example_sensors to None, run_after=None
[2023-10-10T01:19:54.740+0000] {processor.py:179} INFO - Processing /home/airflow/.local/lib/python3.8/site-packages/airflow/example_dags/example_sensors.py took 0.035 seconds
[2023-10-10T01:20:24.972+0000] {processor.py:157} INFO - Started process (PID=1285) to work on /home/airflow/.local/lib/python3.8/site-packages/airflow/example_dags/example_sensors.py
[2023-10-10T01:20:24.972+0000] {processor.py:829} INFO - Processing file /home/airflow/.local/lib/python3.8/site-packages/airflow/example_dags/example_sensors.py for tasks to queue
[2023-10-10T01:20:24.973+0000] {logging_mixin.py:151} INFO - [2023-10-10T01:20:24.973+0000] {dagbag.py:539} INFO - Filling up the DagBag from /home/airflow/.local/lib/python3.8/site-packages/airflow/example_dags/example_sensors.py
[2023-10-10T01:20:24.978+0000] {processor.py:839} INFO - DAG(s) dict_keys(['example_sensors']) retrieved from /home/airflow/.local/lib/python3.8/site-packages/airflow/example_dags/example_sensors.py
[2023-10-10T01:20:24.996+0000] {logging_mixin.py:151} INFO - [2023-10-10T01:20:24.996+0000] {dag.py:2915} INFO - Sync 1 DAGs
[2023-10-10T01:20:25.002+0000] {logging_mixin.py:151} INFO - [2023-10-10T01:20:25.002+0000] {dag.py:3696} INFO - Setting next_dagrun for example_sensors to None, run_after=None
[2023-10-10T01:20:25.010+0000] {processor.py:179} INFO - Processing /home/airflow/.local/lib/python3.8/site-packages/airflow/example_dags/example_sensors.py took 0.040 seconds
[2023-10-10T01:20:56.206+0000] {processor.py:157} INFO - Started process (PID=1525) to work on /home/airflow/.local/lib/python3.8/site-packages/airflow/example_dags/example_sensors.py
[2023-10-10T01:20:56.207+0000] {processor.py:829} INFO - Processing file /home/airflow/.local/lib/python3.8/site-packages/airflow/example_dags/example_sensors.py for tasks to queue
[2023-10-10T01:20:56.207+0000] {logging_mixin.py:151} INFO - [2023-10-10T01:20:56.207+0000] {dagbag.py:539} INFO - Filling up the DagBag from /home/airflow/.local/lib/python3.8/site-packages/airflow/example_dags/example_sensors.py
[2023-10-10T01:20:56.214+0000] {processor.py:839} INFO - DAG(s) dict_keys(['example_sensors']) retrieved from /home/airflow/.local/lib/python3.8/site-packages/airflow/example_dags/example_sensors.py
[2023-10-10T01:20:56.231+0000] {logging_mixin.py:151} INFO - [2023-10-10T01:20:56.231+0000] {dag.py:2915} INFO - Sync 1 DAGs
[2023-10-10T01:20:56.238+0000] {logging_mixin.py:151} INFO - [2023-10-10T01:20:56.238+0000] {dag.py:3696} INFO - Setting next_dagrun for example_sensors to None, run_after=None
[2023-10-10T01:20:56.247+0000] {processor.py:179} INFO - Processing /home/airflow/.local/lib/python3.8/site-packages/airflow/example_dags/example_sensors.py took 0.042 seconds
[2023-10-10T01:21:27.405+0000] {processor.py:157} INFO - Started process (PID=1761) to work on /home/airflow/.local/lib/python3.8/site-packages/airflow/example_dags/example_sensors.py
[2023-10-10T01:21:27.406+0000] {processor.py:829} INFO - Processing file /home/airflow/.local/lib/python3.8/site-packages/airflow/example_dags/example_sensors.py for tasks to queue
[2023-10-10T01:21:27.406+0000] {logging_mixin.py:151} INFO - [2023-10-10T01:21:27.406+0000] {dagbag.py:539} INFO - Filling up the DagBag from /home/airflow/.local/lib/python3.8/site-packages/airflow/example_dags/example_sensors.py
[2023-10-10T01:21:27.411+0000] {processor.py:839} INFO - DAG(s) dict_keys(['example_sensors']) retrieved from /home/airflow/.local/lib/python3.8/site-packages/airflow/example_dags/example_sensors.py
[2023-10-10T01:21:27.425+0000] {logging_mixin.py:151} INFO - [2023-10-10T01:21:27.425+0000] {dag.py:2915} INFO - Sync 1 DAGs
[2023-10-10T01:21:27.431+0000] {logging_mixin.py:151} INFO - [2023-10-10T01:21:27.431+0000] {dag.py:3696} INFO - Setting next_dagrun for example_sensors to None, run_after=None
[2023-10-10T01:21:27.440+0000] {processor.py:179} INFO - Processing /home/airflow/.local/lib/python3.8/site-packages/airflow/example_dags/example_sensors.py took 0.037 seconds
[2023-10-10T01:21:58.667+0000] {processor.py:157} INFO - Started process (PID=1999) to work on /home/airflow/.local/lib/python3.8/site-packages/airflow/example_dags/example_sensors.py
[2023-10-10T01:21:58.668+0000] {processor.py:829} INFO - Processing file /home/airflow/.local/lib/python3.8/site-packages/airflow/example_dags/example_sensors.py for tasks to queue
[2023-10-10T01:21:58.668+0000] {logging_mixin.py:151} INFO - [2023-10-10T01:21:58.668+0000] {dagbag.py:539} INFO - Filling up the DagBag from /home/airflow/.local/lib/python3.8/site-packages/airflow/example_dags/example_sensors.py
[2023-10-10T01:21:58.673+0000] {processor.py:839} INFO - DAG(s) dict_keys(['example_sensors']) retrieved from /home/airflow/.local/lib/python3.8/site-packages/airflow/example_dags/example_sensors.py
[2023-10-10T01:21:58.686+0000] {logging_mixin.py:151} INFO - [2023-10-10T01:21:58.686+0000] {dag.py:2915} INFO - Sync 1 DAGs
[2023-10-10T01:21:58.691+0000] {logging_mixin.py:151} INFO - [2023-10-10T01:21:58.691+0000] {dag.py:3696} INFO - Setting next_dagrun for example_sensors to None, run_after=None
[2023-10-10T01:21:58.700+0000] {processor.py:179} INFO - Processing /home/airflow/.local/lib/python3.8/site-packages/airflow/example_dags/example_sensors.py took 0.035 seconds
[2023-10-10T01:22:28.993+0000] {processor.py:157} INFO - Started process (PID=2239) to work on /home/airflow/.local/lib/python3.8/site-packages/airflow/example_dags/example_sensors.py
[2023-10-10T01:22:28.994+0000] {processor.py:829} INFO - Processing file /home/airflow/.local/lib/python3.8/site-packages/airflow/example_dags/example_sensors.py for tasks to queue
[2023-10-10T01:22:28.994+0000] {logging_mixin.py:151} INFO - [2023-10-10T01:22:28.994+0000] {dagbag.py:539} INFO - Filling up the DagBag from /home/airflow/.local/lib/python3.8/site-packages/airflow/example_dags/example_sensors.py
[2023-10-10T01:22:29.000+0000] {processor.py:839} INFO - DAG(s) dict_keys(['example_sensors']) retrieved from /home/airflow/.local/lib/python3.8/site-packages/airflow/example_dags/example_sensors.py
[2023-10-10T01:22:29.013+0000] {logging_mixin.py:151} INFO - [2023-10-10T01:22:29.013+0000] {dag.py:2915} INFO - Sync 1 DAGs
[2023-10-10T01:22:29.019+0000] {logging_mixin.py:151} INFO - [2023-10-10T01:22:29.019+0000] {dag.py:3696} INFO - Setting next_dagrun for example_sensors to None, run_after=None
[2023-10-10T01:22:29.027+0000] {processor.py:179} INFO - Processing /home/airflow/.local/lib/python3.8/site-packages/airflow/example_dags/example_sensors.py took 0.035 seconds
[2023-10-10T01:23:00.133+0000] {processor.py:157} INFO - Started process (PID=2476) to work on /home/airflow/.local/lib/python3.8/site-packages/airflow/example_dags/example_sensors.py
[2023-10-10T01:23:00.134+0000] {processor.py:829} INFO - Processing file /home/airflow/.local/lib/python3.8/site-packages/airflow/example_dags/example_sensors.py for tasks to queue
[2023-10-10T01:23:00.134+0000] {logging_mixin.py:151} INFO - [2023-10-10T01:23:00.134+0000] {dagbag.py:539} INFO - Filling up the DagBag from /home/airflow/.local/lib/python3.8/site-packages/airflow/example_dags/example_sensors.py
[2023-10-10T01:23:00.140+0000] {processor.py:839} INFO - DAG(s) dict_keys(['example_sensors']) retrieved from /home/airflow/.local/lib/python3.8/site-packages/airflow/example_dags/example_sensors.py
[2023-10-10T01:23:00.154+0000] {logging_mixin.py:151} INFO - [2023-10-10T01:23:00.154+0000] {dag.py:2915} INFO - Sync 1 DAGs
[2023-10-10T01:23:00.160+0000] {logging_mixin.py:151} INFO - [2023-10-10T01:23:00.160+0000] {dag.py:3696} INFO - Setting next_dagrun for example_sensors to None, run_after=None
[2023-10-10T01:23:00.168+0000] {processor.py:179} INFO - Processing /home/airflow/.local/lib/python3.8/site-packages/airflow/example_dags/example_sensors.py took 0.036 seconds
[2023-10-10T01:23:30.455+0000] {processor.py:157} INFO - Started process (PID=2714) to work on /home/airflow/.local/lib/python3.8/site-packages/airflow/example_dags/example_sensors.py
[2023-10-10T01:23:30.456+0000] {processor.py:829} INFO - Processing file /home/airflow/.local/lib/python3.8/site-packages/airflow/example_dags/example_sensors.py for tasks to queue
[2023-10-10T01:23:30.456+0000] {logging_mixin.py:151} INFO - [2023-10-10T01:23:30.456+0000] {dagbag.py:539} INFO - Filling up the DagBag from /home/airflow/.local/lib/python3.8/site-packages/airflow/example_dags/example_sensors.py
[2023-10-10T01:23:30.464+0000] {processor.py:839} INFO - DAG(s) dict_keys(['example_sensors']) retrieved from /home/airflow/.local/lib/python3.8/site-packages/airflow/example_dags/example_sensors.py
[2023-10-10T01:23:30.478+0000] {logging_mixin.py:151} INFO - [2023-10-10T01:23:30.478+0000] {dag.py:2915} INFO - Sync 1 DAGs
[2023-10-10T01:23:30.484+0000] {logging_mixin.py:151} INFO - [2023-10-10T01:23:30.484+0000] {dag.py:3696} INFO - Setting next_dagrun for example_sensors to None, run_after=None
[2023-10-10T01:23:30.491+0000] {processor.py:179} INFO - Processing /home/airflow/.local/lib/python3.8/site-packages/airflow/example_dags/example_sensors.py took 0.038 seconds
[2023-10-10T01:24:01.745+0000] {processor.py:157} INFO - Started process (PID=2951) to work on /home/airflow/.local/lib/python3.8/site-packages/airflow/example_dags/example_sensors.py
[2023-10-10T01:24:01.746+0000] {processor.py:829} INFO - Processing file /home/airflow/.local/lib/python3.8/site-packages/airflow/example_dags/example_sensors.py for tasks to queue
[2023-10-10T01:24:01.746+0000] {logging_mixin.py:151} INFO - [2023-10-10T01:24:01.746+0000] {dagbag.py:539} INFO - Filling up the DagBag from /home/airflow/.local/lib/python3.8/site-packages/airflow/example_dags/example_sensors.py
[2023-10-10T01:24:01.752+0000] {processor.py:839} INFO - DAG(s) dict_keys(['example_sensors']) retrieved from /home/airflow/.local/lib/python3.8/site-packages/airflow/example_dags/example_sensors.py
[2023-10-10T01:24:01.766+0000] {logging_mixin.py:151} INFO - [2023-10-10T01:24:01.766+0000] {dag.py:2915} INFO - Sync 1 DAGs
[2023-10-10T01:24:01.772+0000] {logging_mixin.py:151} INFO - [2023-10-10T01:24:01.772+0000] {dag.py:3696} INFO - Setting next_dagrun for example_sensors to None, run_after=None
[2023-10-10T01:24:01.779+0000] {processor.py:179} INFO - Processing /home/airflow/.local/lib/python3.8/site-packages/airflow/example_dags/example_sensors.py took 0.035 seconds
[2023-10-10T01:24:33.024+0000] {processor.py:157} INFO - Started process (PID=3189) to work on /home/airflow/.local/lib/python3.8/site-packages/airflow/example_dags/example_sensors.py
[2023-10-10T01:24:33.025+0000] {processor.py:829} INFO - Processing file /home/airflow/.local/lib/python3.8/site-packages/airflow/example_dags/example_sensors.py for tasks to queue
[2023-10-10T01:24:33.026+0000] {logging_mixin.py:151} INFO - [2023-10-10T01:24:33.025+0000] {dagbag.py:539} INFO - Filling up the DagBag from /home/airflow/.local/lib/python3.8/site-packages/airflow/example_dags/example_sensors.py
[2023-10-10T01:24:33.031+0000] {processor.py:839} INFO - DAG(s) dict_keys(['example_sensors']) retrieved from /home/airflow/.local/lib/python3.8/site-packages/airflow/example_dags/example_sensors.py
[2023-10-10T01:24:33.045+0000] {logging_mixin.py:151} INFO - [2023-10-10T01:24:33.045+0000] {dag.py:2915} INFO - Sync 1 DAGs
[2023-10-10T01:24:33.050+0000] {logging_mixin.py:151} INFO - [2023-10-10T01:24:33.050+0000] {dag.py:3696} INFO - Setting next_dagrun for example_sensors to None, run_after=None
[2023-10-10T01:24:33.058+0000] {processor.py:179} INFO - Processing /home/airflow/.local/lib/python3.8/site-packages/airflow/example_dags/example_sensors.py took 0.035 seconds
[2023-10-10T01:25:04.193+0000] {processor.py:157} INFO - Started process (PID=3427) to work on /home/airflow/.local/lib/python3.8/site-packages/airflow/example_dags/example_sensors.py
[2023-10-10T01:25:04.193+0000] {processor.py:829} INFO - Processing file /home/airflow/.local/lib/python3.8/site-packages/airflow/example_dags/example_sensors.py for tasks to queue
[2023-10-10T01:25:04.194+0000] {logging_mixin.py:151} INFO - [2023-10-10T01:25:04.194+0000] {dagbag.py:539} INFO - Filling up the DagBag from /home/airflow/.local/lib/python3.8/site-packages/airflow/example_dags/example_sensors.py
[2023-10-10T01:25:04.200+0000] {processor.py:839} INFO - DAG(s) dict_keys(['example_sensors']) retrieved from /home/airflow/.local/lib/python3.8/site-packages/airflow/example_dags/example_sensors.py
[2023-10-10T01:25:04.214+0000] {logging_mixin.py:151} INFO - [2023-10-10T01:25:04.214+0000] {dag.py:2915} INFO - Sync 1 DAGs
[2023-10-10T01:25:04.219+0000] {logging_mixin.py:151} INFO - [2023-10-10T01:25:04.219+0000] {dag.py:3696} INFO - Setting next_dagrun for example_sensors to None, run_after=None
[2023-10-10T01:25:04.227+0000] {processor.py:179} INFO - Processing /home/airflow/.local/lib/python3.8/site-packages/airflow/example_dags/example_sensors.py took 0.036 seconds
[2023-10-10T01:25:35.529+0000] {processor.py:157} INFO - Started process (PID=3665) to work on /home/airflow/.local/lib/python3.8/site-packages/airflow/example_dags/example_sensors.py
[2023-10-10T01:25:35.530+0000] {processor.py:829} INFO - Processing file /home/airflow/.local/lib/python3.8/site-packages/airflow/example_dags/example_sensors.py for tasks to queue
[2023-10-10T01:25:35.530+0000] {logging_mixin.py:151} INFO - [2023-10-10T01:25:35.530+0000] {dagbag.py:539} INFO - Filling up the DagBag from /home/airflow/.local/lib/python3.8/site-packages/airflow/example_dags/example_sensors.py
[2023-10-10T01:25:35.536+0000] {processor.py:839} INFO - DAG(s) dict_keys(['example_sensors']) retrieved from /home/airflow/.local/lib/python3.8/site-packages/airflow/example_dags/example_sensors.py
[2023-10-10T01:25:35.550+0000] {logging_mixin.py:151} INFO - [2023-10-10T01:25:35.550+0000] {dag.py:2915} INFO - Sync 1 DAGs
[2023-10-10T01:25:35.556+0000] {logging_mixin.py:151} INFO - [2023-10-10T01:25:35.556+0000] {dag.py:3696} INFO - Setting next_dagrun for example_sensors to None, run_after=None
[2023-10-10T01:25:35.563+0000] {processor.py:179} INFO - Processing /home/airflow/.local/lib/python3.8/site-packages/airflow/example_dags/example_sensors.py took 0.036 seconds
[2023-10-10T01:26:06.834+0000] {processor.py:157} INFO - Started process (PID=3903) to work on /home/airflow/.local/lib/python3.8/site-packages/airflow/example_dags/example_sensors.py
[2023-10-10T01:26:06.835+0000] {processor.py:829} INFO - Processing file /home/airflow/.local/lib/python3.8/site-packages/airflow/example_dags/example_sensors.py for tasks to queue
[2023-10-10T01:26:06.836+0000] {logging_mixin.py:151} INFO - [2023-10-10T01:26:06.835+0000] {dagbag.py:539} INFO - Filling up the DagBag from /home/airflow/.local/lib/python3.8/site-packages/airflow/example_dags/example_sensors.py
[2023-10-10T01:26:06.841+0000] {processor.py:839} INFO - DAG(s) dict_keys(['example_sensors']) retrieved from /home/airflow/.local/lib/python3.8/site-packages/airflow/example_dags/example_sensors.py
[2023-10-10T01:26:06.855+0000] {logging_mixin.py:151} INFO - [2023-10-10T01:26:06.855+0000] {dag.py:2915} INFO - Sync 1 DAGs
[2023-10-10T01:26:06.861+0000] {logging_mixin.py:151} INFO - [2023-10-10T01:26:06.860+0000] {dag.py:3696} INFO - Setting next_dagrun for example_sensors to None, run_after=None
[2023-10-10T01:26:06.869+0000] {processor.py:179} INFO - Processing /home/airflow/.local/lib/python3.8/site-packages/airflow/example_dags/example_sensors.py took 0.036 seconds
[2023-10-10T01:26:38.108+0000] {processor.py:157} INFO - Started process (PID=4142) to work on /home/airflow/.local/lib/python3.8/site-packages/airflow/example_dags/example_sensors.py
[2023-10-10T01:26:38.109+0000] {processor.py:829} INFO - Processing file /home/airflow/.local/lib/python3.8/site-packages/airflow/example_dags/example_sensors.py for tasks to queue
[2023-10-10T01:26:38.109+0000] {logging_mixin.py:151} INFO - [2023-10-10T01:26:38.109+0000] {dagbag.py:539} INFO - Filling up the DagBag from /home/airflow/.local/lib/python3.8/site-packages/airflow/example_dags/example_sensors.py
[2023-10-10T01:26:38.115+0000] {processor.py:839} INFO - DAG(s) dict_keys(['example_sensors']) retrieved from /home/airflow/.local/lib/python3.8/site-packages/airflow/example_dags/example_sensors.py
[2023-10-10T01:26:38.129+0000] {logging_mixin.py:151} INFO - [2023-10-10T01:26:38.129+0000] {dag.py:2915} INFO - Sync 1 DAGs
[2023-10-10T01:26:38.135+0000] {logging_mixin.py:151} INFO - [2023-10-10T01:26:38.135+0000] {dag.py:3696} INFO - Setting next_dagrun for example_sensors to None, run_after=None
[2023-10-10T01:26:38.142+0000] {processor.py:179} INFO - Processing /home/airflow/.local/lib/python3.8/site-packages/airflow/example_dags/example_sensors.py took 0.035 seconds
[2023-10-10T01:27:09.354+0000] {processor.py:157} INFO - Started process (PID=4380) to work on /home/airflow/.local/lib/python3.8/site-packages/airflow/example_dags/example_sensors.py
[2023-10-10T01:27:09.355+0000] {processor.py:829} INFO - Processing file /home/airflow/.local/lib/python3.8/site-packages/airflow/example_dags/example_sensors.py for tasks to queue
[2023-10-10T01:27:09.355+0000] {logging_mixin.py:151} INFO - [2023-10-10T01:27:09.355+0000] {dagbag.py:539} INFO - Filling up the DagBag from /home/airflow/.local/lib/python3.8/site-packages/airflow/example_dags/example_sensors.py
[2023-10-10T01:27:09.361+0000] {processor.py:839} INFO - DAG(s) dict_keys(['example_sensors']) retrieved from /home/airflow/.local/lib/python3.8/site-packages/airflow/example_dags/example_sensors.py
[2023-10-10T01:27:09.375+0000] {logging_mixin.py:151} INFO - [2023-10-10T01:27:09.375+0000] {dag.py:2915} INFO - Sync 1 DAGs
[2023-10-10T01:27:09.381+0000] {logging_mixin.py:151} INFO - [2023-10-10T01:27:09.381+0000] {dag.py:3696} INFO - Setting next_dagrun for example_sensors to None, run_after=None
[2023-10-10T01:27:09.389+0000] {processor.py:179} INFO - Processing /home/airflow/.local/lib/python3.8/site-packages/airflow/example_dags/example_sensors.py took 0.037 seconds
[2023-10-10T01:27:40.500+0000] {processor.py:157} INFO - Started process (PID=4618) to work on /home/airflow/.local/lib/python3.8/site-packages/airflow/example_dags/example_sensors.py
[2023-10-10T01:27:40.501+0000] {processor.py:829} INFO - Processing file /home/airflow/.local/lib/python3.8/site-packages/airflow/example_dags/example_sensors.py for tasks to queue
[2023-10-10T01:27:40.501+0000] {logging_mixin.py:151} INFO - [2023-10-10T01:27:40.501+0000] {dagbag.py:539} INFO - Filling up the DagBag from /home/airflow/.local/lib/python3.8/site-packages/airflow/example_dags/example_sensors.py
[2023-10-10T01:27:40.507+0000] {processor.py:839} INFO - DAG(s) dict_keys(['example_sensors']) retrieved from /home/airflow/.local/lib/python3.8/site-packages/airflow/example_dags/example_sensors.py
[2023-10-10T01:27:40.523+0000] {logging_mixin.py:151} INFO - [2023-10-10T01:27:40.522+0000] {dag.py:2915} INFO - Sync 1 DAGs
[2023-10-10T01:27:40.529+0000] {logging_mixin.py:151} INFO - [2023-10-10T01:27:40.529+0000] {dag.py:3696} INFO - Setting next_dagrun for example_sensors to None, run_after=None
[2023-10-10T01:27:40.536+0000] {processor.py:179} INFO - Processing /home/airflow/.local/lib/python3.8/site-packages/airflow/example_dags/example_sensors.py took 0.038 seconds
[2023-10-10T01:28:12.001+0000] {processor.py:157} INFO - Started process (PID=4856) to work on /home/airflow/.local/lib/python3.8/site-packages/airflow/example_dags/example_sensors.py
[2023-10-10T01:28:12.002+0000] {processor.py:829} INFO - Processing file /home/airflow/.local/lib/python3.8/site-packages/airflow/example_dags/example_sensors.py for tasks to queue
[2023-10-10T01:28:12.003+0000] {logging_mixin.py:151} INFO - [2023-10-10T01:28:12.003+0000] {dagbag.py:539} INFO - Filling up the DagBag from /home/airflow/.local/lib/python3.8/site-packages/airflow/example_dags/example_sensors.py
[2023-10-10T01:28:12.008+0000] {processor.py:839} INFO - DAG(s) dict_keys(['example_sensors']) retrieved from /home/airflow/.local/lib/python3.8/site-packages/airflow/example_dags/example_sensors.py
[2023-10-10T01:28:12.023+0000] {logging_mixin.py:151} INFO - [2023-10-10T01:28:12.022+0000] {dag.py:2915} INFO - Sync 1 DAGs
[2023-10-10T01:28:12.029+0000] {logging_mixin.py:151} INFO - [2023-10-10T01:28:12.029+0000] {dag.py:3696} INFO - Setting next_dagrun for example_sensors to None, run_after=None
[2023-10-10T01:28:12.043+0000] {processor.py:179} INFO - Processing /home/airflow/.local/lib/python3.8/site-packages/airflow/example_dags/example_sensors.py took 0.043 seconds
[2023-10-10T01:28:43.386+0000] {processor.py:157} INFO - Started process (PID=5094) to work on /home/airflow/.local/lib/python3.8/site-packages/airflow/example_dags/example_sensors.py
[2023-10-10T01:28:43.387+0000] {processor.py:829} INFO - Processing file /home/airflow/.local/lib/python3.8/site-packages/airflow/example_dags/example_sensors.py for tasks to queue
[2023-10-10T01:28:43.387+0000] {logging_mixin.py:151} INFO - [2023-10-10T01:28:43.387+0000] {dagbag.py:539} INFO - Filling up the DagBag from /home/airflow/.local/lib/python3.8/site-packages/airflow/example_dags/example_sensors.py
[2023-10-10T01:28:43.394+0000] {processor.py:839} INFO - DAG(s) dict_keys(['example_sensors']) retrieved from /home/airflow/.local/lib/python3.8/site-packages/airflow/example_dags/example_sensors.py
[2023-10-10T01:28:43.413+0000] {logging_mixin.py:151} INFO - [2023-10-10T01:28:43.413+0000] {dag.py:2915} INFO - Sync 1 DAGs
[2023-10-10T01:28:43.420+0000] {logging_mixin.py:151} INFO - [2023-10-10T01:28:43.420+0000] {dag.py:3696} INFO - Setting next_dagrun for example_sensors to None, run_after=None
[2023-10-10T01:28:43.428+0000] {processor.py:179} INFO - Processing /home/airflow/.local/lib/python3.8/site-packages/airflow/example_dags/example_sensors.py took 0.045 seconds
[2023-10-10T01:29:14.472+0000] {processor.py:157} INFO - Started process (PID=5332) to work on /home/airflow/.local/lib/python3.8/site-packages/airflow/example_dags/example_sensors.py
[2023-10-10T01:29:14.473+0000] {processor.py:829} INFO - Processing file /home/airflow/.local/lib/python3.8/site-packages/airflow/example_dags/example_sensors.py for tasks to queue
[2023-10-10T01:29:14.473+0000] {logging_mixin.py:151} INFO - [2023-10-10T01:29:14.473+0000] {dagbag.py:539} INFO - Filling up the DagBag from /home/airflow/.local/lib/python3.8/site-packages/airflow/example_dags/example_sensors.py
[2023-10-10T01:29:14.479+0000] {processor.py:839} INFO - DAG(s) dict_keys(['example_sensors']) retrieved from /home/airflow/.local/lib/python3.8/site-packages/airflow/example_dags/example_sensors.py
[2023-10-10T01:29:14.494+0000] {logging_mixin.py:151} INFO - [2023-10-10T01:29:14.494+0000] {dag.py:2915} INFO - Sync 1 DAGs
[2023-10-10T01:29:14.500+0000] {logging_mixin.py:151} INFO - [2023-10-10T01:29:14.500+0000] {dag.py:3696} INFO - Setting next_dagrun for example_sensors to None, run_after=None
[2023-10-10T01:29:14.507+0000] {processor.py:179} INFO - Processing /home/airflow/.local/lib/python3.8/site-packages/airflow/example_dags/example_sensors.py took 0.037 seconds
[2023-10-10T01:29:45.689+0000] {processor.py:157} INFO - Started process (PID=5570) to work on /home/airflow/.local/lib/python3.8/site-packages/airflow/example_dags/example_sensors.py
[2023-10-10T01:29:45.690+0000] {processor.py:829} INFO - Processing file /home/airflow/.local/lib/python3.8/site-packages/airflow/example_dags/example_sensors.py for tasks to queue
[2023-10-10T01:29:45.690+0000] {logging_mixin.py:151} INFO - [2023-10-10T01:29:45.690+0000] {dagbag.py:539} INFO - Filling up the DagBag from /home/airflow/.local/lib/python3.8/site-packages/airflow/example_dags/example_sensors.py
[2023-10-10T01:29:45.696+0000] {processor.py:839} INFO - DAG(s) dict_keys(['example_sensors']) retrieved from /home/airflow/.local/lib/python3.8/site-packages/airflow/example_dags/example_sensors.py
[2023-10-10T01:29:45.710+0000] {logging_mixin.py:151} INFO - [2023-10-10T01:29:45.710+0000] {dag.py:2915} INFO - Sync 1 DAGs
[2023-10-10T01:29:45.716+0000] {logging_mixin.py:151} INFO - [2023-10-10T01:29:45.716+0000] {dag.py:3696} INFO - Setting next_dagrun for example_sensors to None, run_after=None
[2023-10-10T01:29:45.723+0000] {processor.py:179} INFO - Processing /home/airflow/.local/lib/python3.8/site-packages/airflow/example_dags/example_sensors.py took 0.036 seconds
[2023-10-10T01:30:17.098+0000] {processor.py:157} INFO - Started process (PID=5817) to work on /home/airflow/.local/lib/python3.8/site-packages/airflow/example_dags/example_sensors.py
[2023-10-10T01:30:17.099+0000] {processor.py:829} INFO - Processing file /home/airflow/.local/lib/python3.8/site-packages/airflow/example_dags/example_sensors.py for tasks to queue
[2023-10-10T01:30:17.099+0000] {logging_mixin.py:151} INFO - [2023-10-10T01:30:17.099+0000] {dagbag.py:539} INFO - Filling up the DagBag from /home/airflow/.local/lib/python3.8/site-packages/airflow/example_dags/example_sensors.py
[2023-10-10T01:30:17.104+0000] {processor.py:839} INFO - DAG(s) dict_keys(['example_sensors']) retrieved from /home/airflow/.local/lib/python3.8/site-packages/airflow/example_dags/example_sensors.py
[2023-10-10T01:30:17.118+0000] {logging_mixin.py:151} INFO - [2023-10-10T01:30:17.118+0000] {dag.py:2915} INFO - Sync 1 DAGs
[2023-10-10T01:30:17.125+0000] {logging_mixin.py:151} INFO - [2023-10-10T01:30:17.124+0000] {dag.py:3696} INFO - Setting next_dagrun for example_sensors to None, run_after=None
[2023-10-10T01:30:17.133+0000] {processor.py:179} INFO - Processing /home/airflow/.local/lib/python3.8/site-packages/airflow/example_dags/example_sensors.py took 0.036 seconds
[2023-10-10T01:30:48.273+0000] {processor.py:157} INFO - Started process (PID=6054) to work on /home/airflow/.local/lib/python3.8/site-packages/airflow/example_dags/example_sensors.py
[2023-10-10T01:30:48.274+0000] {processor.py:829} INFO - Processing file /home/airflow/.local/lib/python3.8/site-packages/airflow/example_dags/example_sensors.py for tasks to queue
[2023-10-10T01:30:48.275+0000] {logging_mixin.py:151} INFO - [2023-10-10T01:30:48.274+0000] {dagbag.py:539} INFO - Filling up the DagBag from /home/airflow/.local/lib/python3.8/site-packages/airflow/example_dags/example_sensors.py
[2023-10-10T01:30:48.280+0000] {processor.py:839} INFO - DAG(s) dict_keys(['example_sensors']) retrieved from /home/airflow/.local/lib/python3.8/site-packages/airflow/example_dags/example_sensors.py
[2023-10-10T01:30:48.294+0000] {logging_mixin.py:151} INFO - [2023-10-10T01:30:48.294+0000] {dag.py:2915} INFO - Sync 1 DAGs
[2023-10-10T01:30:48.299+0000] {logging_mixin.py:151} INFO - [2023-10-10T01:30:48.299+0000] {dag.py:3696} INFO - Setting next_dagrun for example_sensors to None, run_after=None
[2023-10-10T01:30:48.308+0000] {processor.py:179} INFO - Processing /home/airflow/.local/lib/python3.8/site-packages/airflow/example_dags/example_sensors.py took 0.036 seconds
[2023-10-10T01:31:19.020+0000] {processor.py:157} INFO - Started process (PID=6294) to work on /home/airflow/.local/lib/python3.8/site-packages/airflow/example_dags/example_sensors.py
[2023-10-10T01:31:19.020+0000] {processor.py:829} INFO - Processing file /home/airflow/.local/lib/python3.8/site-packages/airflow/example_dags/example_sensors.py for tasks to queue
[2023-10-10T01:31:19.021+0000] {logging_mixin.py:151} INFO - [2023-10-10T01:31:19.021+0000] {dagbag.py:539} INFO - Filling up the DagBag from /home/airflow/.local/lib/python3.8/site-packages/airflow/example_dags/example_sensors.py
[2023-10-10T01:31:19.026+0000] {processor.py:839} INFO - DAG(s) dict_keys(['example_sensors']) retrieved from /home/airflow/.local/lib/python3.8/site-packages/airflow/example_dags/example_sensors.py
[2023-10-10T01:31:19.040+0000] {logging_mixin.py:151} INFO - [2023-10-10T01:31:19.040+0000] {dag.py:2915} INFO - Sync 1 DAGs
[2023-10-10T01:31:19.046+0000] {logging_mixin.py:151} INFO - [2023-10-10T01:31:19.045+0000] {dag.py:3696} INFO - Setting next_dagrun for example_sensors to None, run_after=None
[2023-10-10T01:31:19.053+0000] {processor.py:179} INFO - Processing /home/airflow/.local/lib/python3.8/site-packages/airflow/example_dags/example_sensors.py took 0.035 seconds
