[2023-10-10T01:18:20.018+0000] {processor.py:157} INFO - Started process (PID=212) to work on /home/airflow/.local/lib/python3.8/site-packages/airflow/example_dags/example_datasets.py
[2023-10-10T01:18:20.019+0000] {processor.py:829} INFO - Processing file /home/airflow/.local/lib/python3.8/site-packages/airflow/example_dags/example_datasets.py for tasks to queue
[2023-10-10T01:18:20.019+0000] {logging_mixin.py:151} INFO - [2023-10-10T01:18:20.019+0000] {dagbag.py:539} INFO - Filling up the DagBag from /home/airflow/.local/lib/python3.8/site-packages/airflow/example_dags/example_datasets.py
[2023-10-10T01:18:20.027+0000] {processor.py:839} INFO - DAG(s) dict_keys(['dataset_produces_1', 'dataset_consumes_1', 'dataset_produces_2', 'dataset_consumes_1_never_scheduled', 'dataset_consumes_unknown_never_scheduled', 'dataset_consumes_1_and_2']) retrieved from /home/airflow/.local/lib/python3.8/site-packages/airflow/example_dags/example_datasets.py
[2023-10-10T01:18:20.037+0000] {logging_mixin.py:151} INFO - [2023-10-10T01:18:20.037+0000] {dag.py:2915} INFO - Sync 6 DAGs
[2023-10-10T01:18:20.049+0000] {logging_mixin.py:151} INFO - [2023-10-10T01:18:20.049+0000] {dag.py:3696} INFO - Setting next_dagrun for dataset_consumes_1 to None, run_after=None
[2023-10-10T01:18:20.052+0000] {logging_mixin.py:151} INFO - [2023-10-10T01:18:20.052+0000] {dag.py:3696} INFO - Setting next_dagrun for dataset_consumes_1_and_2 to None, run_after=None
[2023-10-10T01:18:20.053+0000] {logging_mixin.py:151} INFO - [2023-10-10T01:18:20.052+0000] {dag.py:3696} INFO - Setting next_dagrun for dataset_consumes_1_never_scheduled to None, run_after=None
[2023-10-10T01:18:20.053+0000] {logging_mixin.py:151} INFO - [2023-10-10T01:18:20.053+0000] {dag.py:3696} INFO - Setting next_dagrun for dataset_consumes_unknown_never_scheduled to None, run_after=None
[2023-10-10T01:18:20.054+0000] {logging_mixin.py:151} INFO - [2023-10-10T01:18:20.054+0000] {dag.py:3696} INFO - Setting next_dagrun for dataset_produces_1 to 2023-10-09T00:00:00+00:00, run_after=2023-10-10T00:00:00+00:00
[2023-10-10T01:18:20.055+0000] {logging_mixin.py:151} INFO - [2023-10-10T01:18:20.055+0000] {dag.py:3696} INFO - Setting next_dagrun for dataset_produces_2 to None, run_after=None
[2023-10-10T01:18:20.175+0000] {processor.py:179} INFO - Processing /home/airflow/.local/lib/python3.8/site-packages/airflow/example_dags/example_datasets.py took 0.159 seconds
[2023-10-10T01:18:51.248+0000] {processor.py:157} INFO - Started process (PID=452) to work on /home/airflow/.local/lib/python3.8/site-packages/airflow/example_dags/example_datasets.py
[2023-10-10T01:18:51.250+0000] {processor.py:829} INFO - Processing file /home/airflow/.local/lib/python3.8/site-packages/airflow/example_dags/example_datasets.py for tasks to queue
[2023-10-10T01:18:51.254+0000] {logging_mixin.py:151} INFO - [2023-10-10T01:18:51.252+0000] {dagbag.py:539} INFO - Filling up the DagBag from /home/airflow/.local/lib/python3.8/site-packages/airflow/example_dags/example_datasets.py
[2023-10-10T01:18:51.270+0000] {processor.py:839} INFO - DAG(s) dict_keys(['dataset_produces_1', 'dataset_produces_2', 'dataset_consumes_1_never_scheduled', 'dataset_consumes_1', 'dataset_consumes_1_and_2', 'dataset_consumes_unknown_never_scheduled']) retrieved from /home/airflow/.local/lib/python3.8/site-packages/airflow/example_dags/example_datasets.py
[2023-10-10T01:18:51.305+0000] {logging_mixin.py:151} INFO - [2023-10-10T01:18:51.305+0000] {dag.py:2915} INFO - Sync 6 DAGs
[2023-10-10T01:18:51.317+0000] {logging_mixin.py:151} INFO - [2023-10-10T01:18:51.317+0000] {dag.py:3696} INFO - Setting next_dagrun for dataset_consumes_1 to None, run_after=None
[2023-10-10T01:18:51.319+0000] {logging_mixin.py:151} INFO - [2023-10-10T01:18:51.319+0000] {dag.py:3696} INFO - Setting next_dagrun for dataset_consumes_1_and_2 to None, run_after=None
[2023-10-10T01:18:51.320+0000] {logging_mixin.py:151} INFO - [2023-10-10T01:18:51.320+0000] {dag.py:3696} INFO - Setting next_dagrun for dataset_consumes_1_never_scheduled to None, run_after=None
[2023-10-10T01:18:51.320+0000] {logging_mixin.py:151} INFO - [2023-10-10T01:18:51.320+0000] {dag.py:3696} INFO - Setting next_dagrun for dataset_consumes_unknown_never_scheduled to None, run_after=None
[2023-10-10T01:18:51.322+0000] {logging_mixin.py:151} INFO - [2023-10-10T01:18:51.322+0000] {dag.py:3696} INFO - Setting next_dagrun for dataset_produces_1 to 2023-10-09T00:00:00+00:00, run_after=2023-10-10T00:00:00+00:00
[2023-10-10T01:18:51.322+0000] {logging_mixin.py:151} INFO - [2023-10-10T01:18:51.322+0000] {dag.py:3696} INFO - Setting next_dagrun for dataset_produces_2 to None, run_after=None
[2023-10-10T01:18:51.336+0000] {processor.py:179} INFO - Processing /home/airflow/.local/lib/python3.8/site-packages/airflow/example_dags/example_datasets.py took 0.097 seconds
[2023-10-10T01:19:21.399+0000] {processor.py:157} INFO - Started process (PID=690) to work on /home/airflow/.local/lib/python3.8/site-packages/airflow/example_dags/example_datasets.py
[2023-10-10T01:19:21.400+0000] {processor.py:829} INFO - Processing file /home/airflow/.local/lib/python3.8/site-packages/airflow/example_dags/example_datasets.py for tasks to queue
[2023-10-10T01:19:21.401+0000] {logging_mixin.py:151} INFO - [2023-10-10T01:19:21.401+0000] {dagbag.py:539} INFO - Filling up the DagBag from /home/airflow/.local/lib/python3.8/site-packages/airflow/example_dags/example_datasets.py
[2023-10-10T01:19:21.410+0000] {processor.py:839} INFO - DAG(s) dict_keys(['dataset_produces_2', 'dataset_consumes_1_and_2', 'dataset_consumes_unknown_never_scheduled', 'dataset_produces_1', 'dataset_consumes_1', 'dataset_consumes_1_never_scheduled']) retrieved from /home/airflow/.local/lib/python3.8/site-packages/airflow/example_dags/example_datasets.py
[2023-10-10T01:19:21.435+0000] {logging_mixin.py:151} INFO - [2023-10-10T01:19:21.435+0000] {dag.py:2915} INFO - Sync 6 DAGs
[2023-10-10T01:19:21.446+0000] {logging_mixin.py:151} INFO - [2023-10-10T01:19:21.446+0000] {dag.py:3696} INFO - Setting next_dagrun for dataset_consumes_1 to None, run_after=None
[2023-10-10T01:19:21.447+0000] {logging_mixin.py:151} INFO - [2023-10-10T01:19:21.447+0000] {dag.py:3696} INFO - Setting next_dagrun for dataset_consumes_1_and_2 to None, run_after=None
[2023-10-10T01:19:21.448+0000] {logging_mixin.py:151} INFO - [2023-10-10T01:19:21.448+0000] {dag.py:3696} INFO - Setting next_dagrun for dataset_consumes_1_never_scheduled to None, run_after=None
[2023-10-10T01:19:21.448+0000] {logging_mixin.py:151} INFO - [2023-10-10T01:19:21.448+0000] {dag.py:3696} INFO - Setting next_dagrun for dataset_consumes_unknown_never_scheduled to None, run_after=None
[2023-10-10T01:19:21.450+0000] {logging_mixin.py:151} INFO - [2023-10-10T01:19:21.450+0000] {dag.py:3696} INFO - Setting next_dagrun for dataset_produces_1 to 2023-10-09T00:00:00+00:00, run_after=2023-10-10T00:00:00+00:00
[2023-10-10T01:19:21.450+0000] {logging_mixin.py:151} INFO - [2023-10-10T01:19:21.450+0000] {dag.py:3696} INFO - Setting next_dagrun for dataset_produces_2 to None, run_after=None
[2023-10-10T01:19:21.465+0000] {processor.py:179} INFO - Processing /home/airflow/.local/lib/python3.8/site-packages/airflow/example_dags/example_datasets.py took 0.071 seconds
[2023-10-10T01:19:51.707+0000] {processor.py:157} INFO - Started process (PID=929) to work on /home/airflow/.local/lib/python3.8/site-packages/airflow/example_dags/example_datasets.py
[2023-10-10T01:19:51.709+0000] {processor.py:829} INFO - Processing file /home/airflow/.local/lib/python3.8/site-packages/airflow/example_dags/example_datasets.py for tasks to queue
[2023-10-10T01:19:51.710+0000] {logging_mixin.py:151} INFO - [2023-10-10T01:19:51.710+0000] {dagbag.py:539} INFO - Filling up the DagBag from /home/airflow/.local/lib/python3.8/site-packages/airflow/example_dags/example_datasets.py
[2023-10-10T01:19:51.721+0000] {processor.py:839} INFO - DAG(s) dict_keys(['dataset_consumes_1_and_2', 'dataset_consumes_1_never_scheduled', 'dataset_consumes_unknown_never_scheduled', 'dataset_produces_2', 'dataset_consumes_1', 'dataset_produces_1']) retrieved from /home/airflow/.local/lib/python3.8/site-packages/airflow/example_dags/example_datasets.py
[2023-10-10T01:19:51.747+0000] {logging_mixin.py:151} INFO - [2023-10-10T01:19:51.747+0000] {dag.py:2915} INFO - Sync 6 DAGs
[2023-10-10T01:19:51.758+0000] {logging_mixin.py:151} INFO - [2023-10-10T01:19:51.758+0000] {dag.py:3696} INFO - Setting next_dagrun for dataset_consumes_1 to None, run_after=None
[2023-10-10T01:19:51.759+0000] {logging_mixin.py:151} INFO - [2023-10-10T01:19:51.759+0000] {dag.py:3696} INFO - Setting next_dagrun for dataset_consumes_1_and_2 to None, run_after=None
[2023-10-10T01:19:51.759+0000] {logging_mixin.py:151} INFO - [2023-10-10T01:19:51.759+0000] {dag.py:3696} INFO - Setting next_dagrun for dataset_consumes_1_never_scheduled to None, run_after=None
[2023-10-10T01:19:51.760+0000] {logging_mixin.py:151} INFO - [2023-10-10T01:19:51.760+0000] {dag.py:3696} INFO - Setting next_dagrun for dataset_consumes_unknown_never_scheduled to None, run_after=None
[2023-10-10T01:19:51.761+0000] {logging_mixin.py:151} INFO - [2023-10-10T01:19:51.761+0000] {dag.py:3696} INFO - Setting next_dagrun for dataset_produces_1 to 2023-10-09T00:00:00+00:00, run_after=2023-10-10T00:00:00+00:00
[2023-10-10T01:19:51.762+0000] {logging_mixin.py:151} INFO - [2023-10-10T01:19:51.762+0000] {dag.py:3696} INFO - Setting next_dagrun for dataset_produces_2 to None, run_after=None
[2023-10-10T01:19:51.773+0000] {processor.py:179} INFO - Processing /home/airflow/.local/lib/python3.8/site-packages/airflow/example_dags/example_datasets.py took 0.073 seconds
[2023-10-10T01:20:22.022+0000] {processor.py:157} INFO - Started process (PID=1167) to work on /home/airflow/.local/lib/python3.8/site-packages/airflow/example_dags/example_datasets.py
[2023-10-10T01:20:22.024+0000] {processor.py:829} INFO - Processing file /home/airflow/.local/lib/python3.8/site-packages/airflow/example_dags/example_datasets.py for tasks to queue
[2023-10-10T01:20:22.026+0000] {logging_mixin.py:151} INFO - [2023-10-10T01:20:22.025+0000] {dagbag.py:539} INFO - Filling up the DagBag from /home/airflow/.local/lib/python3.8/site-packages/airflow/example_dags/example_datasets.py
[2023-10-10T01:20:22.038+0000] {processor.py:839} INFO - DAG(s) dict_keys(['dataset_consumes_1_never_scheduled', 'dataset_produces_2', 'dataset_consumes_1_and_2', 'dataset_consumes_1', 'dataset_consumes_unknown_never_scheduled', 'dataset_produces_1']) retrieved from /home/airflow/.local/lib/python3.8/site-packages/airflow/example_dags/example_datasets.py
[2023-10-10T01:20:22.069+0000] {logging_mixin.py:151} INFO - [2023-10-10T01:20:22.069+0000] {dag.py:2915} INFO - Sync 6 DAGs
[2023-10-10T01:20:22.081+0000] {logging_mixin.py:151} INFO - [2023-10-10T01:20:22.081+0000] {dag.py:3696} INFO - Setting next_dagrun for dataset_consumes_1 to None, run_after=None
[2023-10-10T01:20:22.082+0000] {logging_mixin.py:151} INFO - [2023-10-10T01:20:22.082+0000] {dag.py:3696} INFO - Setting next_dagrun for dataset_consumes_1_and_2 to None, run_after=None
[2023-10-10T01:20:22.083+0000] {logging_mixin.py:151} INFO - [2023-10-10T01:20:22.083+0000] {dag.py:3696} INFO - Setting next_dagrun for dataset_consumes_1_never_scheduled to None, run_after=None
[2023-10-10T01:20:22.083+0000] {logging_mixin.py:151} INFO - [2023-10-10T01:20:22.083+0000] {dag.py:3696} INFO - Setting next_dagrun for dataset_consumes_unknown_never_scheduled to None, run_after=None
[2023-10-10T01:20:22.085+0000] {logging_mixin.py:151} INFO - [2023-10-10T01:20:22.085+0000] {dag.py:3696} INFO - Setting next_dagrun for dataset_produces_1 to 2023-10-09T00:00:00+00:00, run_after=2023-10-10T00:00:00+00:00
[2023-10-10T01:20:22.085+0000] {logging_mixin.py:151} INFO - [2023-10-10T01:20:22.085+0000] {dag.py:3696} INFO - Setting next_dagrun for dataset_produces_2 to None, run_after=None
[2023-10-10T01:20:22.099+0000] {processor.py:179} INFO - Processing /home/airflow/.local/lib/python3.8/site-packages/airflow/example_dags/example_datasets.py took 0.086 seconds
[2023-10-10T01:20:52.213+0000] {processor.py:157} INFO - Started process (PID=1405) to work on /home/airflow/.local/lib/python3.8/site-packages/airflow/example_dags/example_datasets.py
[2023-10-10T01:20:52.215+0000] {processor.py:829} INFO - Processing file /home/airflow/.local/lib/python3.8/site-packages/airflow/example_dags/example_datasets.py for tasks to queue
[2023-10-10T01:20:52.216+0000] {logging_mixin.py:151} INFO - [2023-10-10T01:20:52.215+0000] {dagbag.py:539} INFO - Filling up the DagBag from /home/airflow/.local/lib/python3.8/site-packages/airflow/example_dags/example_datasets.py
[2023-10-10T01:20:52.227+0000] {processor.py:839} INFO - DAG(s) dict_keys(['dataset_consumes_1_and_2', 'dataset_consumes_1_never_scheduled', 'dataset_consumes_unknown_never_scheduled', 'dataset_produces_2', 'dataset_produces_1', 'dataset_consumes_1']) retrieved from /home/airflow/.local/lib/python3.8/site-packages/airflow/example_dags/example_datasets.py
[2023-10-10T01:20:52.252+0000] {logging_mixin.py:151} INFO - [2023-10-10T01:20:52.252+0000] {dag.py:2915} INFO - Sync 6 DAGs
[2023-10-10T01:20:52.263+0000] {logging_mixin.py:151} INFO - [2023-10-10T01:20:52.263+0000] {dag.py:3696} INFO - Setting next_dagrun for dataset_consumes_1 to None, run_after=None
[2023-10-10T01:20:52.264+0000] {logging_mixin.py:151} INFO - [2023-10-10T01:20:52.264+0000] {dag.py:3696} INFO - Setting next_dagrun for dataset_consumes_1_and_2 to None, run_after=None
[2023-10-10T01:20:52.265+0000] {logging_mixin.py:151} INFO - [2023-10-10T01:20:52.265+0000] {dag.py:3696} INFO - Setting next_dagrun for dataset_consumes_1_never_scheduled to None, run_after=None
[2023-10-10T01:20:52.266+0000] {logging_mixin.py:151} INFO - [2023-10-10T01:20:52.266+0000] {dag.py:3696} INFO - Setting next_dagrun for dataset_consumes_unknown_never_scheduled to None, run_after=None
[2023-10-10T01:20:52.267+0000] {logging_mixin.py:151} INFO - [2023-10-10T01:20:52.267+0000] {dag.py:3696} INFO - Setting next_dagrun for dataset_produces_1 to 2023-10-09T00:00:00+00:00, run_after=2023-10-10T00:00:00+00:00
[2023-10-10T01:20:52.267+0000] {logging_mixin.py:151} INFO - [2023-10-10T01:20:52.267+0000] {dag.py:3696} INFO - Setting next_dagrun for dataset_produces_2 to None, run_after=None
[2023-10-10T01:20:52.279+0000] {processor.py:179} INFO - Processing /home/airflow/.local/lib/python3.8/site-packages/airflow/example_dags/example_datasets.py took 0.072 seconds
[2023-10-10T01:21:22.406+0000] {processor.py:157} INFO - Started process (PID=1643) to work on /home/airflow/.local/lib/python3.8/site-packages/airflow/example_dags/example_datasets.py
[2023-10-10T01:21:22.412+0000] {processor.py:829} INFO - Processing file /home/airflow/.local/lib/python3.8/site-packages/airflow/example_dags/example_datasets.py for tasks to queue
[2023-10-10T01:21:22.413+0000] {logging_mixin.py:151} INFO - [2023-10-10T01:21:22.413+0000] {dagbag.py:539} INFO - Filling up the DagBag from /home/airflow/.local/lib/python3.8/site-packages/airflow/example_dags/example_datasets.py
[2023-10-10T01:21:22.425+0000] {processor.py:839} INFO - DAG(s) dict_keys(['dataset_consumes_1_never_scheduled', 'dataset_produces_2', 'dataset_consumes_1', 'dataset_produces_1', 'dataset_consumes_unknown_never_scheduled', 'dataset_consumes_1_and_2']) retrieved from /home/airflow/.local/lib/python3.8/site-packages/airflow/example_dags/example_datasets.py
[2023-10-10T01:21:22.453+0000] {logging_mixin.py:151} INFO - [2023-10-10T01:21:22.453+0000] {dag.py:2915} INFO - Sync 6 DAGs
[2023-10-10T01:21:22.465+0000] {logging_mixin.py:151} INFO - [2023-10-10T01:21:22.464+0000] {dag.py:3696} INFO - Setting next_dagrun for dataset_consumes_1 to None, run_after=None
[2023-10-10T01:21:22.466+0000] {logging_mixin.py:151} INFO - [2023-10-10T01:21:22.466+0000] {dag.py:3696} INFO - Setting next_dagrun for dataset_consumes_1_and_2 to None, run_after=None
[2023-10-10T01:21:22.467+0000] {logging_mixin.py:151} INFO - [2023-10-10T01:21:22.467+0000] {dag.py:3696} INFO - Setting next_dagrun for dataset_consumes_1_never_scheduled to None, run_after=None
[2023-10-10T01:21:22.467+0000] {logging_mixin.py:151} INFO - [2023-10-10T01:21:22.467+0000] {dag.py:3696} INFO - Setting next_dagrun for dataset_consumes_unknown_never_scheduled to None, run_after=None
[2023-10-10T01:21:22.469+0000] {logging_mixin.py:151} INFO - [2023-10-10T01:21:22.469+0000] {dag.py:3696} INFO - Setting next_dagrun for dataset_produces_1 to 2023-10-09T00:00:00+00:00, run_after=2023-10-10T00:00:00+00:00
[2023-10-10T01:21:22.469+0000] {logging_mixin.py:151} INFO - [2023-10-10T01:21:22.469+0000] {dag.py:3696} INFO - Setting next_dagrun for dataset_produces_2 to None, run_after=None
[2023-10-10T01:21:22.482+0000] {processor.py:179} INFO - Processing /home/airflow/.local/lib/python3.8/site-packages/airflow/example_dags/example_datasets.py took 0.081 seconds
[2023-10-10T01:21:52.628+0000] {processor.py:157} INFO - Started process (PID=1881) to work on /home/airflow/.local/lib/python3.8/site-packages/airflow/example_dags/example_datasets.py
[2023-10-10T01:21:52.629+0000] {processor.py:829} INFO - Processing file /home/airflow/.local/lib/python3.8/site-packages/airflow/example_dags/example_datasets.py for tasks to queue
[2023-10-10T01:21:52.631+0000] {logging_mixin.py:151} INFO - [2023-10-10T01:21:52.630+0000] {dagbag.py:539} INFO - Filling up the DagBag from /home/airflow/.local/lib/python3.8/site-packages/airflow/example_dags/example_datasets.py
[2023-10-10T01:21:52.641+0000] {processor.py:839} INFO - DAG(s) dict_keys(['dataset_consumes_unknown_never_scheduled', 'dataset_consumes_1_and_2', 'dataset_consumes_1_never_scheduled', 'dataset_consumes_1', 'dataset_produces_1', 'dataset_produces_2']) retrieved from /home/airflow/.local/lib/python3.8/site-packages/airflow/example_dags/example_datasets.py
[2023-10-10T01:21:52.666+0000] {logging_mixin.py:151} INFO - [2023-10-10T01:21:52.666+0000] {dag.py:2915} INFO - Sync 6 DAGs
[2023-10-10T01:21:52.677+0000] {logging_mixin.py:151} INFO - [2023-10-10T01:21:52.677+0000] {dag.py:3696} INFO - Setting next_dagrun for dataset_consumes_1 to None, run_after=None
[2023-10-10T01:21:52.679+0000] {logging_mixin.py:151} INFO - [2023-10-10T01:21:52.679+0000] {dag.py:3696} INFO - Setting next_dagrun for dataset_consumes_1_and_2 to None, run_after=None
[2023-10-10T01:21:52.680+0000] {logging_mixin.py:151} INFO - [2023-10-10T01:21:52.680+0000] {dag.py:3696} INFO - Setting next_dagrun for dataset_consumes_1_never_scheduled to None, run_after=None
[2023-10-10T01:21:52.680+0000] {logging_mixin.py:151} INFO - [2023-10-10T01:21:52.680+0000] {dag.py:3696} INFO - Setting next_dagrun for dataset_consumes_unknown_never_scheduled to None, run_after=None
[2023-10-10T01:21:52.682+0000] {logging_mixin.py:151} INFO - [2023-10-10T01:21:52.682+0000] {dag.py:3696} INFO - Setting next_dagrun for dataset_produces_1 to 2023-10-09T00:00:00+00:00, run_after=2023-10-10T00:00:00+00:00
[2023-10-10T01:21:52.682+0000] {logging_mixin.py:151} INFO - [2023-10-10T01:21:52.682+0000] {dag.py:3696} INFO - Setting next_dagrun for dataset_produces_2 to None, run_after=None
[2023-10-10T01:21:52.694+0000] {processor.py:179} INFO - Processing /home/airflow/.local/lib/python3.8/site-packages/airflow/example_dags/example_datasets.py took 0.071 seconds
[2023-10-10T01:22:22.949+0000] {processor.py:157} INFO - Started process (PID=2119) to work on /home/airflow/.local/lib/python3.8/site-packages/airflow/example_dags/example_datasets.py
[2023-10-10T01:22:22.952+0000] {processor.py:829} INFO - Processing file /home/airflow/.local/lib/python3.8/site-packages/airflow/example_dags/example_datasets.py for tasks to queue
[2023-10-10T01:22:22.953+0000] {logging_mixin.py:151} INFO - [2023-10-10T01:22:22.952+0000] {dagbag.py:539} INFO - Filling up the DagBag from /home/airflow/.local/lib/python3.8/site-packages/airflow/example_dags/example_datasets.py
[2023-10-10T01:22:22.965+0000] {processor.py:839} INFO - DAG(s) dict_keys(['dataset_produces_1', 'dataset_consumes_1_never_scheduled', 'dataset_produces_2', 'dataset_consumes_1_and_2', 'dataset_consumes_unknown_never_scheduled', 'dataset_consumes_1']) retrieved from /home/airflow/.local/lib/python3.8/site-packages/airflow/example_dags/example_datasets.py
[2023-10-10T01:22:22.991+0000] {logging_mixin.py:151} INFO - [2023-10-10T01:22:22.991+0000] {dag.py:2915} INFO - Sync 6 DAGs
[2023-10-10T01:22:23.002+0000] {logging_mixin.py:151} INFO - [2023-10-10T01:22:23.002+0000] {dag.py:3696} INFO - Setting next_dagrun for dataset_consumes_1 to None, run_after=None
[2023-10-10T01:22:23.003+0000] {logging_mixin.py:151} INFO - [2023-10-10T01:22:23.003+0000] {dag.py:3696} INFO - Setting next_dagrun for dataset_consumes_1_and_2 to None, run_after=None
[2023-10-10T01:22:23.004+0000] {logging_mixin.py:151} INFO - [2023-10-10T01:22:23.004+0000] {dag.py:3696} INFO - Setting next_dagrun for dataset_consumes_1_never_scheduled to None, run_after=None
[2023-10-10T01:22:23.004+0000] {logging_mixin.py:151} INFO - [2023-10-10T01:22:23.004+0000] {dag.py:3696} INFO - Setting next_dagrun for dataset_consumes_unknown_never_scheduled to None, run_after=None
[2023-10-10T01:22:23.006+0000] {logging_mixin.py:151} INFO - [2023-10-10T01:22:23.006+0000] {dag.py:3696} INFO - Setting next_dagrun for dataset_produces_1 to 2023-10-09T00:00:00+00:00, run_after=2023-10-10T00:00:00+00:00
[2023-10-10T01:22:23.006+0000] {logging_mixin.py:151} INFO - [2023-10-10T01:22:23.006+0000] {dag.py:3696} INFO - Setting next_dagrun for dataset_produces_2 to None, run_after=None
[2023-10-10T01:22:23.019+0000] {processor.py:179} INFO - Processing /home/airflow/.local/lib/python3.8/site-packages/airflow/example_dags/example_datasets.py took 0.077 seconds
[2023-10-10T01:22:53.065+0000] {processor.py:157} INFO - Started process (PID=2361) to work on /home/airflow/.local/lib/python3.8/site-packages/airflow/example_dags/example_datasets.py
[2023-10-10T01:22:53.066+0000] {processor.py:829} INFO - Processing file /home/airflow/.local/lib/python3.8/site-packages/airflow/example_dags/example_datasets.py for tasks to queue
[2023-10-10T01:22:53.067+0000] {logging_mixin.py:151} INFO - [2023-10-10T01:22:53.066+0000] {dagbag.py:539} INFO - Filling up the DagBag from /home/airflow/.local/lib/python3.8/site-packages/airflow/example_dags/example_datasets.py
[2023-10-10T01:22:53.075+0000] {processor.py:839} INFO - DAG(s) dict_keys(['dataset_consumes_1', 'dataset_consumes_1_and_2', 'dataset_produces_2', 'dataset_consumes_1_never_scheduled', 'dataset_produces_1', 'dataset_consumes_unknown_never_scheduled']) retrieved from /home/airflow/.local/lib/python3.8/site-packages/airflow/example_dags/example_datasets.py
[2023-10-10T01:22:53.095+0000] {logging_mixin.py:151} INFO - [2023-10-10T01:22:53.095+0000] {dag.py:2915} INFO - Sync 6 DAGs
[2023-10-10T01:22:53.109+0000] {logging_mixin.py:151} INFO - [2023-10-10T01:22:53.109+0000] {dag.py:3696} INFO - Setting next_dagrun for dataset_consumes_1 to None, run_after=None
[2023-10-10T01:22:53.111+0000] {logging_mixin.py:151} INFO - [2023-10-10T01:22:53.110+0000] {dag.py:3696} INFO - Setting next_dagrun for dataset_consumes_1_and_2 to None, run_after=None
[2023-10-10T01:22:53.111+0000] {logging_mixin.py:151} INFO - [2023-10-10T01:22:53.111+0000] {dag.py:3696} INFO - Setting next_dagrun for dataset_consumes_1_never_scheduled to None, run_after=None
[2023-10-10T01:22:53.112+0000] {logging_mixin.py:151} INFO - [2023-10-10T01:22:53.112+0000] {dag.py:3696} INFO - Setting next_dagrun for dataset_consumes_unknown_never_scheduled to None, run_after=None
[2023-10-10T01:22:53.114+0000] {logging_mixin.py:151} INFO - [2023-10-10T01:22:53.114+0000] {dag.py:3696} INFO - Setting next_dagrun for dataset_produces_1 to 2023-10-09T00:00:00+00:00, run_after=2023-10-10T00:00:00+00:00
[2023-10-10T01:22:53.115+0000] {logging_mixin.py:151} INFO - [2023-10-10T01:22:53.115+0000] {dag.py:3696} INFO - Setting next_dagrun for dataset_produces_2 to None, run_after=None
[2023-10-10T01:22:53.135+0000] {processor.py:179} INFO - Processing /home/airflow/.local/lib/python3.8/site-packages/airflow/example_dags/example_datasets.py took 0.073 seconds
[2023-10-10T01:23:23.415+0000] {processor.py:157} INFO - Started process (PID=2596) to work on /home/airflow/.local/lib/python3.8/site-packages/airflow/example_dags/example_datasets.py
[2023-10-10T01:23:23.417+0000] {processor.py:829} INFO - Processing file /home/airflow/.local/lib/python3.8/site-packages/airflow/example_dags/example_datasets.py for tasks to queue
[2023-10-10T01:23:23.419+0000] {logging_mixin.py:151} INFO - [2023-10-10T01:23:23.418+0000] {dagbag.py:539} INFO - Filling up the DagBag from /home/airflow/.local/lib/python3.8/site-packages/airflow/example_dags/example_datasets.py
[2023-10-10T01:23:23.427+0000] {processor.py:839} INFO - DAG(s) dict_keys(['dataset_consumes_unknown_never_scheduled', 'dataset_produces_1', 'dataset_consumes_1_never_scheduled', 'dataset_consumes_1', 'dataset_produces_2', 'dataset_consumes_1_and_2']) retrieved from /home/airflow/.local/lib/python3.8/site-packages/airflow/example_dags/example_datasets.py
[2023-10-10T01:23:23.456+0000] {logging_mixin.py:151} INFO - [2023-10-10T01:23:23.456+0000] {dag.py:2915} INFO - Sync 6 DAGs
[2023-10-10T01:23:23.468+0000] {logging_mixin.py:151} INFO - [2023-10-10T01:23:23.468+0000] {dag.py:3696} INFO - Setting next_dagrun for dataset_consumes_1 to None, run_after=None
[2023-10-10T01:23:23.469+0000] {logging_mixin.py:151} INFO - [2023-10-10T01:23:23.469+0000] {dag.py:3696} INFO - Setting next_dagrun for dataset_consumes_1_and_2 to None, run_after=None
[2023-10-10T01:23:23.470+0000] {logging_mixin.py:151} INFO - [2023-10-10T01:23:23.470+0000] {dag.py:3696} INFO - Setting next_dagrun for dataset_consumes_1_never_scheduled to None, run_after=None
[2023-10-10T01:23:23.471+0000] {logging_mixin.py:151} INFO - [2023-10-10T01:23:23.471+0000] {dag.py:3696} INFO - Setting next_dagrun for dataset_consumes_unknown_never_scheduled to None, run_after=None
[2023-10-10T01:23:23.472+0000] {logging_mixin.py:151} INFO - [2023-10-10T01:23:23.472+0000] {dag.py:3696} INFO - Setting next_dagrun for dataset_produces_1 to 2023-10-09T00:00:00+00:00, run_after=2023-10-10T00:00:00+00:00
[2023-10-10T01:23:23.473+0000] {logging_mixin.py:151} INFO - [2023-10-10T01:23:23.473+0000] {dag.py:3696} INFO - Setting next_dagrun for dataset_produces_2 to None, run_after=None
[2023-10-10T01:23:23.486+0000] {processor.py:179} INFO - Processing /home/airflow/.local/lib/python3.8/site-packages/airflow/example_dags/example_datasets.py took 0.076 seconds
[2023-10-10T01:23:53.726+0000] {processor.py:157} INFO - Started process (PID=2833) to work on /home/airflow/.local/lib/python3.8/site-packages/airflow/example_dags/example_datasets.py
[2023-10-10T01:23:53.728+0000] {processor.py:829} INFO - Processing file /home/airflow/.local/lib/python3.8/site-packages/airflow/example_dags/example_datasets.py for tasks to queue
[2023-10-10T01:23:53.729+0000] {logging_mixin.py:151} INFO - [2023-10-10T01:23:53.729+0000] {dagbag.py:539} INFO - Filling up the DagBag from /home/airflow/.local/lib/python3.8/site-packages/airflow/example_dags/example_datasets.py
[2023-10-10T01:23:53.738+0000] {processor.py:839} INFO - DAG(s) dict_keys(['dataset_produces_1', 'dataset_consumes_unknown_never_scheduled', 'dataset_consumes_1', 'dataset_consumes_1_and_2', 'dataset_consumes_1_never_scheduled', 'dataset_produces_2']) retrieved from /home/airflow/.local/lib/python3.8/site-packages/airflow/example_dags/example_datasets.py
[2023-10-10T01:23:53.763+0000] {logging_mixin.py:151} INFO - [2023-10-10T01:23:53.762+0000] {dag.py:2915} INFO - Sync 6 DAGs
[2023-10-10T01:23:53.774+0000] {logging_mixin.py:151} INFO - [2023-10-10T01:23:53.774+0000] {dag.py:3696} INFO - Setting next_dagrun for dataset_consumes_1 to None, run_after=None
[2023-10-10T01:23:53.775+0000] {logging_mixin.py:151} INFO - [2023-10-10T01:23:53.775+0000] {dag.py:3696} INFO - Setting next_dagrun for dataset_consumes_1_and_2 to None, run_after=None
[2023-10-10T01:23:53.776+0000] {logging_mixin.py:151} INFO - [2023-10-10T01:23:53.776+0000] {dag.py:3696} INFO - Setting next_dagrun for dataset_consumes_1_never_scheduled to None, run_after=None
[2023-10-10T01:23:53.776+0000] {logging_mixin.py:151} INFO - [2023-10-10T01:23:53.776+0000] {dag.py:3696} INFO - Setting next_dagrun for dataset_consumes_unknown_never_scheduled to None, run_after=None
[2023-10-10T01:23:53.778+0000] {logging_mixin.py:151} INFO - [2023-10-10T01:23:53.778+0000] {dag.py:3696} INFO - Setting next_dagrun for dataset_produces_1 to 2023-10-09T00:00:00+00:00, run_after=2023-10-10T00:00:00+00:00
[2023-10-10T01:23:53.778+0000] {logging_mixin.py:151} INFO - [2023-10-10T01:23:53.778+0000] {dag.py:3696} INFO - Setting next_dagrun for dataset_produces_2 to None, run_after=None
[2023-10-10T01:23:53.790+0000] {processor.py:179} INFO - Processing /home/airflow/.local/lib/python3.8/site-packages/airflow/example_dags/example_datasets.py took 0.068 seconds
[2023-10-10T01:24:23.971+0000] {processor.py:157} INFO - Started process (PID=3071) to work on /home/airflow/.local/lib/python3.8/site-packages/airflow/example_dags/example_datasets.py
[2023-10-10T01:24:23.975+0000] {processor.py:829} INFO - Processing file /home/airflow/.local/lib/python3.8/site-packages/airflow/example_dags/example_datasets.py for tasks to queue
[2023-10-10T01:24:23.976+0000] {logging_mixin.py:151} INFO - [2023-10-10T01:24:23.975+0000] {dagbag.py:539} INFO - Filling up the DagBag from /home/airflow/.local/lib/python3.8/site-packages/airflow/example_dags/example_datasets.py
[2023-10-10T01:24:23.986+0000] {processor.py:839} INFO - DAG(s) dict_keys(['dataset_consumes_1_never_scheduled', 'dataset_produces_1', 'dataset_consumes_1', 'dataset_consumes_1_and_2', 'dataset_produces_2', 'dataset_consumes_unknown_never_scheduled']) retrieved from /home/airflow/.local/lib/python3.8/site-packages/airflow/example_dags/example_datasets.py
[2023-10-10T01:24:24.011+0000] {logging_mixin.py:151} INFO - [2023-10-10T01:24:24.011+0000] {dag.py:2915} INFO - Sync 6 DAGs
[2023-10-10T01:24:24.023+0000] {logging_mixin.py:151} INFO - [2023-10-10T01:24:24.023+0000] {dag.py:3696} INFO - Setting next_dagrun for dataset_consumes_1 to None, run_after=None
[2023-10-10T01:24:24.024+0000] {logging_mixin.py:151} INFO - [2023-10-10T01:24:24.024+0000] {dag.py:3696} INFO - Setting next_dagrun for dataset_consumes_1_and_2 to None, run_after=None
[2023-10-10T01:24:24.025+0000] {logging_mixin.py:151} INFO - [2023-10-10T01:24:24.025+0000] {dag.py:3696} INFO - Setting next_dagrun for dataset_consumes_1_never_scheduled to None, run_after=None
[2023-10-10T01:24:24.025+0000] {logging_mixin.py:151} INFO - [2023-10-10T01:24:24.025+0000] {dag.py:3696} INFO - Setting next_dagrun for dataset_consumes_unknown_never_scheduled to None, run_after=None
[2023-10-10T01:24:24.029+0000] {logging_mixin.py:151} INFO - [2023-10-10T01:24:24.029+0000] {dag.py:3696} INFO - Setting next_dagrun for dataset_produces_1 to 2023-10-09T00:00:00+00:00, run_after=2023-10-10T00:00:00+00:00
[2023-10-10T01:24:24.029+0000] {logging_mixin.py:151} INFO - [2023-10-10T01:24:24.029+0000] {dag.py:3696} INFO - Setting next_dagrun for dataset_produces_2 to None, run_after=None
[2023-10-10T01:24:24.041+0000] {processor.py:179} INFO - Processing /home/airflow/.local/lib/python3.8/site-packages/airflow/example_dags/example_datasets.py took 0.074 seconds
[2023-10-10T01:24:54.210+0000] {processor.py:157} INFO - Started process (PID=3309) to work on /home/airflow/.local/lib/python3.8/site-packages/airflow/example_dags/example_datasets.py
[2023-10-10T01:24:54.212+0000] {processor.py:829} INFO - Processing file /home/airflow/.local/lib/python3.8/site-packages/airflow/example_dags/example_datasets.py for tasks to queue
[2023-10-10T01:24:54.214+0000] {logging_mixin.py:151} INFO - [2023-10-10T01:24:54.213+0000] {dagbag.py:539} INFO - Filling up the DagBag from /home/airflow/.local/lib/python3.8/site-packages/airflow/example_dags/example_datasets.py
[2023-10-10T01:24:54.223+0000] {processor.py:839} INFO - DAG(s) dict_keys(['dataset_consumes_1_and_2', 'dataset_consumes_unknown_never_scheduled', 'dataset_produces_1', 'dataset_consumes_1', 'dataset_consumes_1_never_scheduled', 'dataset_produces_2']) retrieved from /home/airflow/.local/lib/python3.8/site-packages/airflow/example_dags/example_datasets.py
[2023-10-10T01:24:54.254+0000] {logging_mixin.py:151} INFO - [2023-10-10T01:24:54.254+0000] {dag.py:2915} INFO - Sync 6 DAGs
[2023-10-10T01:24:54.267+0000] {logging_mixin.py:151} INFO - [2023-10-10T01:24:54.267+0000] {dag.py:3696} INFO - Setting next_dagrun for dataset_consumes_1 to None, run_after=None
[2023-10-10T01:24:54.269+0000] {logging_mixin.py:151} INFO - [2023-10-10T01:24:54.269+0000] {dag.py:3696} INFO - Setting next_dagrun for dataset_consumes_1_and_2 to None, run_after=None
[2023-10-10T01:24:54.269+0000] {logging_mixin.py:151} INFO - [2023-10-10T01:24:54.269+0000] {dag.py:3696} INFO - Setting next_dagrun for dataset_consumes_1_never_scheduled to None, run_after=None
[2023-10-10T01:24:54.270+0000] {logging_mixin.py:151} INFO - [2023-10-10T01:24:54.270+0000] {dag.py:3696} INFO - Setting next_dagrun for dataset_consumes_unknown_never_scheduled to None, run_after=None
[2023-10-10T01:24:54.272+0000] {logging_mixin.py:151} INFO - [2023-10-10T01:24:54.272+0000] {dag.py:3696} INFO - Setting next_dagrun for dataset_produces_1 to 2023-10-09T00:00:00+00:00, run_after=2023-10-10T00:00:00+00:00
[2023-10-10T01:24:54.273+0000] {logging_mixin.py:151} INFO - [2023-10-10T01:24:54.273+0000] {dag.py:3696} INFO - Setting next_dagrun for dataset_produces_2 to None, run_after=None
[2023-10-10T01:24:54.286+0000] {processor.py:179} INFO - Processing /home/airflow/.local/lib/python3.8/site-packages/airflow/example_dags/example_datasets.py took 0.080 seconds
[2023-10-10T01:25:24.472+0000] {processor.py:157} INFO - Started process (PID=3547) to work on /home/airflow/.local/lib/python3.8/site-packages/airflow/example_dags/example_datasets.py
[2023-10-10T01:25:24.474+0000] {processor.py:829} INFO - Processing file /home/airflow/.local/lib/python3.8/site-packages/airflow/example_dags/example_datasets.py for tasks to queue
[2023-10-10T01:25:24.475+0000] {logging_mixin.py:151} INFO - [2023-10-10T01:25:24.474+0000] {dagbag.py:539} INFO - Filling up the DagBag from /home/airflow/.local/lib/python3.8/site-packages/airflow/example_dags/example_datasets.py
[2023-10-10T01:25:24.485+0000] {processor.py:839} INFO - DAG(s) dict_keys(['dataset_produces_2', 'dataset_consumes_unknown_never_scheduled', 'dataset_consumes_1', 'dataset_consumes_1_never_scheduled', 'dataset_produces_1', 'dataset_consumes_1_and_2']) retrieved from /home/airflow/.local/lib/python3.8/site-packages/airflow/example_dags/example_datasets.py
[2023-10-10T01:25:24.510+0000] {logging_mixin.py:151} INFO - [2023-10-10T01:25:24.510+0000] {dag.py:2915} INFO - Sync 6 DAGs
[2023-10-10T01:25:24.521+0000] {logging_mixin.py:151} INFO - [2023-10-10T01:25:24.520+0000] {dag.py:3696} INFO - Setting next_dagrun for dataset_consumes_1 to None, run_after=None
[2023-10-10T01:25:24.522+0000] {logging_mixin.py:151} INFO - [2023-10-10T01:25:24.522+0000] {dag.py:3696} INFO - Setting next_dagrun for dataset_consumes_1_and_2 to None, run_after=None
[2023-10-10T01:25:24.522+0000] {logging_mixin.py:151} INFO - [2023-10-10T01:25:24.522+0000] {dag.py:3696} INFO - Setting next_dagrun for dataset_consumes_1_never_scheduled to None, run_after=None
[2023-10-10T01:25:24.523+0000] {logging_mixin.py:151} INFO - [2023-10-10T01:25:24.523+0000] {dag.py:3696} INFO - Setting next_dagrun for dataset_consumes_unknown_never_scheduled to None, run_after=None
[2023-10-10T01:25:24.524+0000] {logging_mixin.py:151} INFO - [2023-10-10T01:25:24.524+0000] {dag.py:3696} INFO - Setting next_dagrun for dataset_produces_1 to 2023-10-09T00:00:00+00:00, run_after=2023-10-10T00:00:00+00:00
[2023-10-10T01:25:24.525+0000] {logging_mixin.py:151} INFO - [2023-10-10T01:25:24.525+0000] {dag.py:3696} INFO - Setting next_dagrun for dataset_produces_2 to None, run_after=None
[2023-10-10T01:25:24.538+0000] {processor.py:179} INFO - Processing /home/airflow/.local/lib/python3.8/site-packages/airflow/example_dags/example_datasets.py took 0.070 seconds
[2023-10-10T01:25:54.757+0000] {processor.py:157} INFO - Started process (PID=3785) to work on /home/airflow/.local/lib/python3.8/site-packages/airflow/example_dags/example_datasets.py
[2023-10-10T01:25:54.759+0000] {processor.py:829} INFO - Processing file /home/airflow/.local/lib/python3.8/site-packages/airflow/example_dags/example_datasets.py for tasks to queue
[2023-10-10T01:25:54.760+0000] {logging_mixin.py:151} INFO - [2023-10-10T01:25:54.760+0000] {dagbag.py:539} INFO - Filling up the DagBag from /home/airflow/.local/lib/python3.8/site-packages/airflow/example_dags/example_datasets.py
[2023-10-10T01:25:54.771+0000] {processor.py:839} INFO - DAG(s) dict_keys(['dataset_consumes_1_and_2', 'dataset_produces_2', 'dataset_produces_1', 'dataset_consumes_1_never_scheduled', 'dataset_consumes_unknown_never_scheduled', 'dataset_consumes_1']) retrieved from /home/airflow/.local/lib/python3.8/site-packages/airflow/example_dags/example_datasets.py
[2023-10-10T01:25:54.796+0000] {logging_mixin.py:151} INFO - [2023-10-10T01:25:54.796+0000] {dag.py:2915} INFO - Sync 6 DAGs
[2023-10-10T01:25:54.807+0000] {logging_mixin.py:151} INFO - [2023-10-10T01:25:54.807+0000] {dag.py:3696} INFO - Setting next_dagrun for dataset_consumes_1 to None, run_after=None
[2023-10-10T01:25:54.808+0000] {logging_mixin.py:151} INFO - [2023-10-10T01:25:54.808+0000] {dag.py:3696} INFO - Setting next_dagrun for dataset_consumes_1_and_2 to None, run_after=None
[2023-10-10T01:25:54.809+0000] {logging_mixin.py:151} INFO - [2023-10-10T01:25:54.809+0000] {dag.py:3696} INFO - Setting next_dagrun for dataset_consumes_1_never_scheduled to None, run_after=None
[2023-10-10T01:25:54.809+0000] {logging_mixin.py:151} INFO - [2023-10-10T01:25:54.809+0000] {dag.py:3696} INFO - Setting next_dagrun for dataset_consumes_unknown_never_scheduled to None, run_after=None
[2023-10-10T01:25:54.811+0000] {logging_mixin.py:151} INFO - [2023-10-10T01:25:54.811+0000] {dag.py:3696} INFO - Setting next_dagrun for dataset_produces_1 to 2023-10-09T00:00:00+00:00, run_after=2023-10-10T00:00:00+00:00
[2023-10-10T01:25:54.811+0000] {logging_mixin.py:151} INFO - [2023-10-10T01:25:54.811+0000] {dag.py:3696} INFO - Setting next_dagrun for dataset_produces_2 to None, run_after=None
[2023-10-10T01:25:54.826+0000] {processor.py:179} INFO - Processing /home/airflow/.local/lib/python3.8/site-packages/airflow/example_dags/example_datasets.py took 0.073 seconds
[2023-10-10T01:26:25.001+0000] {processor.py:157} INFO - Started process (PID=4024) to work on /home/airflow/.local/lib/python3.8/site-packages/airflow/example_dags/example_datasets.py
[2023-10-10T01:26:25.003+0000] {processor.py:829} INFO - Processing file /home/airflow/.local/lib/python3.8/site-packages/airflow/example_dags/example_datasets.py for tasks to queue
[2023-10-10T01:26:25.005+0000] {logging_mixin.py:151} INFO - [2023-10-10T01:26:25.004+0000] {dagbag.py:539} INFO - Filling up the DagBag from /home/airflow/.local/lib/python3.8/site-packages/airflow/example_dags/example_datasets.py
[2023-10-10T01:26:25.014+0000] {processor.py:839} INFO - DAG(s) dict_keys(['dataset_consumes_1_never_scheduled', 'dataset_consumes_unknown_never_scheduled', 'dataset_produces_2', 'dataset_consumes_1_and_2', 'dataset_produces_1', 'dataset_consumes_1']) retrieved from /home/airflow/.local/lib/python3.8/site-packages/airflow/example_dags/example_datasets.py
[2023-10-10T01:26:25.039+0000] {logging_mixin.py:151} INFO - [2023-10-10T01:26:25.038+0000] {dag.py:2915} INFO - Sync 6 DAGs
[2023-10-10T01:26:25.050+0000] {logging_mixin.py:151} INFO - [2023-10-10T01:26:25.050+0000] {dag.py:3696} INFO - Setting next_dagrun for dataset_consumes_1 to None, run_after=None
[2023-10-10T01:26:25.051+0000] {logging_mixin.py:151} INFO - [2023-10-10T01:26:25.051+0000] {dag.py:3696} INFO - Setting next_dagrun for dataset_consumes_1_and_2 to None, run_after=None
[2023-10-10T01:26:25.052+0000] {logging_mixin.py:151} INFO - [2023-10-10T01:26:25.052+0000] {dag.py:3696} INFO - Setting next_dagrun for dataset_consumes_1_never_scheduled to None, run_after=None
[2023-10-10T01:26:25.052+0000] {logging_mixin.py:151} INFO - [2023-10-10T01:26:25.052+0000] {dag.py:3696} INFO - Setting next_dagrun for dataset_consumes_unknown_never_scheduled to None, run_after=None
[2023-10-10T01:26:25.054+0000] {logging_mixin.py:151} INFO - [2023-10-10T01:26:25.054+0000] {dag.py:3696} INFO - Setting next_dagrun for dataset_produces_1 to 2023-10-09T00:00:00+00:00, run_after=2023-10-10T00:00:00+00:00
[2023-10-10T01:26:25.054+0000] {logging_mixin.py:151} INFO - [2023-10-10T01:26:25.054+0000] {dag.py:3696} INFO - Setting next_dagrun for dataset_produces_2 to None, run_after=None
[2023-10-10T01:26:25.066+0000] {processor.py:179} INFO - Processing /home/airflow/.local/lib/python3.8/site-packages/airflow/example_dags/example_datasets.py took 0.069 seconds
[2023-10-10T01:26:55.190+0000] {processor.py:157} INFO - Started process (PID=4262) to work on /home/airflow/.local/lib/python3.8/site-packages/airflow/example_dags/example_datasets.py
[2023-10-10T01:26:55.192+0000] {processor.py:829} INFO - Processing file /home/airflow/.local/lib/python3.8/site-packages/airflow/example_dags/example_datasets.py for tasks to queue
[2023-10-10T01:26:55.194+0000] {logging_mixin.py:151} INFO - [2023-10-10T01:26:55.193+0000] {dagbag.py:539} INFO - Filling up the DagBag from /home/airflow/.local/lib/python3.8/site-packages/airflow/example_dags/example_datasets.py
[2023-10-10T01:26:55.204+0000] {processor.py:839} INFO - DAG(s) dict_keys(['dataset_consumes_unknown_never_scheduled', 'dataset_consumes_1_never_scheduled', 'dataset_produces_1', 'dataset_produces_2', 'dataset_consumes_1_and_2', 'dataset_consumes_1']) retrieved from /home/airflow/.local/lib/python3.8/site-packages/airflow/example_dags/example_datasets.py
[2023-10-10T01:26:55.229+0000] {logging_mixin.py:151} INFO - [2023-10-10T01:26:55.229+0000] {dag.py:2915} INFO - Sync 6 DAGs
[2023-10-10T01:26:55.240+0000] {logging_mixin.py:151} INFO - [2023-10-10T01:26:55.240+0000] {dag.py:3696} INFO - Setting next_dagrun for dataset_consumes_1 to None, run_after=None
[2023-10-10T01:26:55.242+0000] {logging_mixin.py:151} INFO - [2023-10-10T01:26:55.242+0000] {dag.py:3696} INFO - Setting next_dagrun for dataset_consumes_1_and_2 to None, run_after=None
[2023-10-10T01:26:55.242+0000] {logging_mixin.py:151} INFO - [2023-10-10T01:26:55.242+0000] {dag.py:3696} INFO - Setting next_dagrun for dataset_consumes_1_never_scheduled to None, run_after=None
[2023-10-10T01:26:55.243+0000] {logging_mixin.py:151} INFO - [2023-10-10T01:26:55.243+0000] {dag.py:3696} INFO - Setting next_dagrun for dataset_consumes_unknown_never_scheduled to None, run_after=None
[2023-10-10T01:26:55.244+0000] {logging_mixin.py:151} INFO - [2023-10-10T01:26:55.244+0000] {dag.py:3696} INFO - Setting next_dagrun for dataset_produces_1 to 2023-10-09T00:00:00+00:00, run_after=2023-10-10T00:00:00+00:00
[2023-10-10T01:26:55.244+0000] {logging_mixin.py:151} INFO - [2023-10-10T01:26:55.244+0000] {dag.py:3696} INFO - Setting next_dagrun for dataset_produces_2 to None, run_after=None
[2023-10-10T01:26:55.256+0000] {processor.py:179} INFO - Processing /home/airflow/.local/lib/python3.8/site-packages/airflow/example_dags/example_datasets.py took 0.071 seconds
[2023-10-10T01:27:25.416+0000] {processor.py:157} INFO - Started process (PID=4500) to work on /home/airflow/.local/lib/python3.8/site-packages/airflow/example_dags/example_datasets.py
[2023-10-10T01:27:25.418+0000] {processor.py:829} INFO - Processing file /home/airflow/.local/lib/python3.8/site-packages/airflow/example_dags/example_datasets.py for tasks to queue
[2023-10-10T01:27:25.419+0000] {logging_mixin.py:151} INFO - [2023-10-10T01:27:25.418+0000] {dagbag.py:539} INFO - Filling up the DagBag from /home/airflow/.local/lib/python3.8/site-packages/airflow/example_dags/example_datasets.py
[2023-10-10T01:27:25.428+0000] {processor.py:839} INFO - DAG(s) dict_keys(['dataset_consumes_1_never_scheduled', 'dataset_produces_2', 'dataset_consumes_1_and_2', 'dataset_consumes_unknown_never_scheduled', 'dataset_consumes_1', 'dataset_produces_1']) retrieved from /home/airflow/.local/lib/python3.8/site-packages/airflow/example_dags/example_datasets.py
[2023-10-10T01:27:25.453+0000] {logging_mixin.py:151} INFO - [2023-10-10T01:27:25.453+0000] {dag.py:2915} INFO - Sync 6 DAGs
[2023-10-10T01:27:25.464+0000] {logging_mixin.py:151} INFO - [2023-10-10T01:27:25.464+0000] {dag.py:3696} INFO - Setting next_dagrun for dataset_consumes_1 to None, run_after=None
[2023-10-10T01:27:25.465+0000] {logging_mixin.py:151} INFO - [2023-10-10T01:27:25.465+0000] {dag.py:3696} INFO - Setting next_dagrun for dataset_consumes_1_and_2 to None, run_after=None
[2023-10-10T01:27:25.466+0000] {logging_mixin.py:151} INFO - [2023-10-10T01:27:25.466+0000] {dag.py:3696} INFO - Setting next_dagrun for dataset_consumes_1_never_scheduled to None, run_after=None
[2023-10-10T01:27:25.466+0000] {logging_mixin.py:151} INFO - [2023-10-10T01:27:25.466+0000] {dag.py:3696} INFO - Setting next_dagrun for dataset_consumes_unknown_never_scheduled to None, run_after=None
[2023-10-10T01:27:25.468+0000] {logging_mixin.py:151} INFO - [2023-10-10T01:27:25.468+0000] {dag.py:3696} INFO - Setting next_dagrun for dataset_produces_1 to 2023-10-09T00:00:00+00:00, run_after=2023-10-10T00:00:00+00:00
[2023-10-10T01:27:25.468+0000] {logging_mixin.py:151} INFO - [2023-10-10T01:27:25.468+0000] {dag.py:3696} INFO - Setting next_dagrun for dataset_produces_2 to None, run_after=None
[2023-10-10T01:27:25.481+0000] {processor.py:179} INFO - Processing /home/airflow/.local/lib/python3.8/site-packages/airflow/example_dags/example_datasets.py took 0.070 seconds
[2023-10-10T01:27:55.657+0000] {processor.py:157} INFO - Started process (PID=4738) to work on /home/airflow/.local/lib/python3.8/site-packages/airflow/example_dags/example_datasets.py
[2023-10-10T01:27:55.659+0000] {processor.py:829} INFO - Processing file /home/airflow/.local/lib/python3.8/site-packages/airflow/example_dags/example_datasets.py for tasks to queue
[2023-10-10T01:27:55.660+0000] {logging_mixin.py:151} INFO - [2023-10-10T01:27:55.660+0000] {dagbag.py:539} INFO - Filling up the DagBag from /home/airflow/.local/lib/python3.8/site-packages/airflow/example_dags/example_datasets.py
[2023-10-10T01:27:55.670+0000] {processor.py:839} INFO - DAG(s) dict_keys(['dataset_produces_1', 'dataset_consumes_1_and_2', 'dataset_produces_2', 'dataset_consumes_1_never_scheduled', 'dataset_consumes_unknown_never_scheduled', 'dataset_consumes_1']) retrieved from /home/airflow/.local/lib/python3.8/site-packages/airflow/example_dags/example_datasets.py
[2023-10-10T01:27:55.694+0000] {logging_mixin.py:151} INFO - [2023-10-10T01:27:55.694+0000] {dag.py:2915} INFO - Sync 6 DAGs
[2023-10-10T01:27:55.706+0000] {logging_mixin.py:151} INFO - [2023-10-10T01:27:55.705+0000] {dag.py:3696} INFO - Setting next_dagrun for dataset_consumes_1 to None, run_after=None
[2023-10-10T01:27:55.707+0000] {logging_mixin.py:151} INFO - [2023-10-10T01:27:55.707+0000] {dag.py:3696} INFO - Setting next_dagrun for dataset_consumes_1_and_2 to None, run_after=None
[2023-10-10T01:27:55.708+0000] {logging_mixin.py:151} INFO - [2023-10-10T01:27:55.707+0000] {dag.py:3696} INFO - Setting next_dagrun for dataset_consumes_1_never_scheduled to None, run_after=None
[2023-10-10T01:27:55.708+0000] {logging_mixin.py:151} INFO - [2023-10-10T01:27:55.708+0000] {dag.py:3696} INFO - Setting next_dagrun for dataset_consumes_unknown_never_scheduled to None, run_after=None
[2023-10-10T01:27:55.709+0000] {logging_mixin.py:151} INFO - [2023-10-10T01:27:55.709+0000] {dag.py:3696} INFO - Setting next_dagrun for dataset_produces_1 to 2023-10-09T00:00:00+00:00, run_after=2023-10-10T00:00:00+00:00
[2023-10-10T01:27:55.710+0000] {logging_mixin.py:151} INFO - [2023-10-10T01:27:55.710+0000] {dag.py:3696} INFO - Setting next_dagrun for dataset_produces_2 to None, run_after=None
[2023-10-10T01:27:55.722+0000] {processor.py:179} INFO - Processing /home/airflow/.local/lib/python3.8/site-packages/airflow/example_dags/example_datasets.py took 0.069 seconds
[2023-10-10T01:28:25.983+0000] {processor.py:157} INFO - Started process (PID=4976) to work on /home/airflow/.local/lib/python3.8/site-packages/airflow/example_dags/example_datasets.py
[2023-10-10T01:28:25.985+0000] {processor.py:829} INFO - Processing file /home/airflow/.local/lib/python3.8/site-packages/airflow/example_dags/example_datasets.py for tasks to queue
[2023-10-10T01:28:25.987+0000] {logging_mixin.py:151} INFO - [2023-10-10T01:28:25.986+0000] {dagbag.py:539} INFO - Filling up the DagBag from /home/airflow/.local/lib/python3.8/site-packages/airflow/example_dags/example_datasets.py
[2023-10-10T01:28:25.997+0000] {processor.py:839} INFO - DAG(s) dict_keys(['dataset_produces_2', 'dataset_produces_1', 'dataset_consumes_1_never_scheduled', 'dataset_consumes_1', 'dataset_consumes_unknown_never_scheduled', 'dataset_consumes_1_and_2']) retrieved from /home/airflow/.local/lib/python3.8/site-packages/airflow/example_dags/example_datasets.py
[2023-10-10T01:28:26.025+0000] {logging_mixin.py:151} INFO - [2023-10-10T01:28:26.025+0000] {dag.py:2915} INFO - Sync 6 DAGs
[2023-10-10T01:28:26.036+0000] {logging_mixin.py:151} INFO - [2023-10-10T01:28:26.036+0000] {dag.py:3696} INFO - Setting next_dagrun for dataset_consumes_1 to None, run_after=None
[2023-10-10T01:28:26.037+0000] {logging_mixin.py:151} INFO - [2023-10-10T01:28:26.037+0000] {dag.py:3696} INFO - Setting next_dagrun for dataset_consumes_1_and_2 to None, run_after=None
[2023-10-10T01:28:26.038+0000] {logging_mixin.py:151} INFO - [2023-10-10T01:28:26.038+0000] {dag.py:3696} INFO - Setting next_dagrun for dataset_consumes_1_never_scheduled to None, run_after=None
[2023-10-10T01:28:26.038+0000] {logging_mixin.py:151} INFO - [2023-10-10T01:28:26.038+0000] {dag.py:3696} INFO - Setting next_dagrun for dataset_consumes_unknown_never_scheduled to None, run_after=None
[2023-10-10T01:28:26.039+0000] {logging_mixin.py:151} INFO - [2023-10-10T01:28:26.039+0000] {dag.py:3696} INFO - Setting next_dagrun for dataset_produces_1 to 2023-10-09T00:00:00+00:00, run_after=2023-10-10T00:00:00+00:00
[2023-10-10T01:28:26.041+0000] {logging_mixin.py:151} INFO - [2023-10-10T01:28:26.041+0000] {dag.py:3696} INFO - Setting next_dagrun for dataset_produces_2 to None, run_after=None
[2023-10-10T01:28:26.053+0000] {processor.py:179} INFO - Processing /home/airflow/.local/lib/python3.8/site-packages/airflow/example_dags/example_datasets.py took 0.076 seconds
[2023-10-10T01:28:56.330+0000] {processor.py:157} INFO - Started process (PID=5214) to work on /home/airflow/.local/lib/python3.8/site-packages/airflow/example_dags/example_datasets.py
[2023-10-10T01:28:56.332+0000] {processor.py:829} INFO - Processing file /home/airflow/.local/lib/python3.8/site-packages/airflow/example_dags/example_datasets.py for tasks to queue
[2023-10-10T01:28:56.333+0000] {logging_mixin.py:151} INFO - [2023-10-10T01:28:56.333+0000] {dagbag.py:539} INFO - Filling up the DagBag from /home/airflow/.local/lib/python3.8/site-packages/airflow/example_dags/example_datasets.py
[2023-10-10T01:28:56.343+0000] {processor.py:839} INFO - DAG(s) dict_keys(['dataset_produces_2', 'dataset_produces_1', 'dataset_consumes_1', 'dataset_consumes_unknown_never_scheduled', 'dataset_consumes_1_and_2', 'dataset_consumes_1_never_scheduled']) retrieved from /home/airflow/.local/lib/python3.8/site-packages/airflow/example_dags/example_datasets.py
[2023-10-10T01:28:56.369+0000] {logging_mixin.py:151} INFO - [2023-10-10T01:28:56.369+0000] {dag.py:2915} INFO - Sync 6 DAGs
[2023-10-10T01:28:56.381+0000] {logging_mixin.py:151} INFO - [2023-10-10T01:28:56.381+0000] {dag.py:3696} INFO - Setting next_dagrun for dataset_consumes_1 to None, run_after=None
[2023-10-10T01:28:56.382+0000] {logging_mixin.py:151} INFO - [2023-10-10T01:28:56.382+0000] {dag.py:3696} INFO - Setting next_dagrun for dataset_consumes_1_and_2 to None, run_after=None
[2023-10-10T01:28:56.383+0000] {logging_mixin.py:151} INFO - [2023-10-10T01:28:56.383+0000] {dag.py:3696} INFO - Setting next_dagrun for dataset_consumes_1_never_scheduled to None, run_after=None
[2023-10-10T01:28:56.383+0000] {logging_mixin.py:151} INFO - [2023-10-10T01:28:56.383+0000] {dag.py:3696} INFO - Setting next_dagrun for dataset_consumes_unknown_never_scheduled to None, run_after=None
[2023-10-10T01:28:56.385+0000] {logging_mixin.py:151} INFO - [2023-10-10T01:28:56.385+0000] {dag.py:3696} INFO - Setting next_dagrun for dataset_produces_1 to 2023-10-09T00:00:00+00:00, run_after=2023-10-10T00:00:00+00:00
[2023-10-10T01:28:56.385+0000] {logging_mixin.py:151} INFO - [2023-10-10T01:28:56.385+0000] {dag.py:3696} INFO - Setting next_dagrun for dataset_produces_2 to None, run_after=None
[2023-10-10T01:28:56.396+0000] {processor.py:179} INFO - Processing /home/airflow/.local/lib/python3.8/site-packages/airflow/example_dags/example_datasets.py took 0.071 seconds
[2023-10-10T01:29:26.533+0000] {processor.py:157} INFO - Started process (PID=5452) to work on /home/airflow/.local/lib/python3.8/site-packages/airflow/example_dags/example_datasets.py
[2023-10-10T01:29:26.535+0000] {processor.py:829} INFO - Processing file /home/airflow/.local/lib/python3.8/site-packages/airflow/example_dags/example_datasets.py for tasks to queue
[2023-10-10T01:29:26.536+0000] {logging_mixin.py:151} INFO - [2023-10-10T01:29:26.536+0000] {dagbag.py:539} INFO - Filling up the DagBag from /home/airflow/.local/lib/python3.8/site-packages/airflow/example_dags/example_datasets.py
[2023-10-10T01:29:26.545+0000] {processor.py:839} INFO - DAG(s) dict_keys(['dataset_produces_1', 'dataset_consumes_1_and_2', 'dataset_produces_2', 'dataset_consumes_1', 'dataset_consumes_unknown_never_scheduled', 'dataset_consumes_1_never_scheduled']) retrieved from /home/airflow/.local/lib/python3.8/site-packages/airflow/example_dags/example_datasets.py
[2023-10-10T01:29:26.570+0000] {logging_mixin.py:151} INFO - [2023-10-10T01:29:26.570+0000] {dag.py:2915} INFO - Sync 6 DAGs
[2023-10-10T01:29:26.581+0000] {logging_mixin.py:151} INFO - [2023-10-10T01:29:26.581+0000] {dag.py:3696} INFO - Setting next_dagrun for dataset_consumes_1 to None, run_after=None
[2023-10-10T01:29:26.582+0000] {logging_mixin.py:151} INFO - [2023-10-10T01:29:26.582+0000] {dag.py:3696} INFO - Setting next_dagrun for dataset_consumes_1_and_2 to None, run_after=None
[2023-10-10T01:29:26.583+0000] {logging_mixin.py:151} INFO - [2023-10-10T01:29:26.583+0000] {dag.py:3696} INFO - Setting next_dagrun for dataset_consumes_1_never_scheduled to None, run_after=None
[2023-10-10T01:29:26.583+0000] {logging_mixin.py:151} INFO - [2023-10-10T01:29:26.583+0000] {dag.py:3696} INFO - Setting next_dagrun for dataset_consumes_unknown_never_scheduled to None, run_after=None
[2023-10-10T01:29:26.584+0000] {logging_mixin.py:151} INFO - [2023-10-10T01:29:26.584+0000] {dag.py:3696} INFO - Setting next_dagrun for dataset_produces_1 to 2023-10-09T00:00:00+00:00, run_after=2023-10-10T00:00:00+00:00
[2023-10-10T01:29:26.585+0000] {logging_mixin.py:151} INFO - [2023-10-10T01:29:26.585+0000] {dag.py:3696} INFO - Setting next_dagrun for dataset_produces_2 to None, run_after=None
[2023-10-10T01:29:26.598+0000] {processor.py:179} INFO - Processing /home/airflow/.local/lib/python3.8/site-packages/airflow/example_dags/example_datasets.py took 0.070 seconds
[2023-10-10T01:29:56.815+0000] {processor.py:157} INFO - Started process (PID=5690) to work on /home/airflow/.local/lib/python3.8/site-packages/airflow/example_dags/example_datasets.py
[2023-10-10T01:29:56.817+0000] {processor.py:829} INFO - Processing file /home/airflow/.local/lib/python3.8/site-packages/airflow/example_dags/example_datasets.py for tasks to queue
[2023-10-10T01:29:56.818+0000] {logging_mixin.py:151} INFO - [2023-10-10T01:29:56.818+0000] {dagbag.py:539} INFO - Filling up the DagBag from /home/airflow/.local/lib/python3.8/site-packages/airflow/example_dags/example_datasets.py
[2023-10-10T01:29:56.828+0000] {processor.py:839} INFO - DAG(s) dict_keys(['dataset_consumes_1_never_scheduled', 'dataset_produces_1', 'dataset_consumes_1_and_2', 'dataset_consumes_unknown_never_scheduled', 'dataset_consumes_1', 'dataset_produces_2']) retrieved from /home/airflow/.local/lib/python3.8/site-packages/airflow/example_dags/example_datasets.py
[2023-10-10T01:29:56.854+0000] {logging_mixin.py:151} INFO - [2023-10-10T01:29:56.854+0000] {dag.py:2915} INFO - Sync 6 DAGs
[2023-10-10T01:29:56.865+0000] {logging_mixin.py:151} INFO - [2023-10-10T01:29:56.865+0000] {dag.py:3696} INFO - Setting next_dagrun for dataset_consumes_1 to None, run_after=None
[2023-10-10T01:29:56.867+0000] {logging_mixin.py:151} INFO - [2023-10-10T01:29:56.867+0000] {dag.py:3696} INFO - Setting next_dagrun for dataset_consumes_1_and_2 to None, run_after=None
[2023-10-10T01:29:56.867+0000] {logging_mixin.py:151} INFO - [2023-10-10T01:29:56.867+0000] {dag.py:3696} INFO - Setting next_dagrun for dataset_consumes_1_never_scheduled to None, run_after=None
[2023-10-10T01:29:56.868+0000] {logging_mixin.py:151} INFO - [2023-10-10T01:29:56.868+0000] {dag.py:3696} INFO - Setting next_dagrun for dataset_consumes_unknown_never_scheduled to None, run_after=None
[2023-10-10T01:29:56.869+0000] {logging_mixin.py:151} INFO - [2023-10-10T01:29:56.869+0000] {dag.py:3696} INFO - Setting next_dagrun for dataset_produces_1 to 2023-10-09T00:00:00+00:00, run_after=2023-10-10T00:00:00+00:00
[2023-10-10T01:29:56.870+0000] {logging_mixin.py:151} INFO - [2023-10-10T01:29:56.870+0000] {dag.py:3696} INFO - Setting next_dagrun for dataset_produces_2 to None, run_after=None
[2023-10-10T01:29:56.883+0000] {processor.py:179} INFO - Processing /home/airflow/.local/lib/python3.8/site-packages/airflow/example_dags/example_datasets.py took 0.072 seconds
[2023-10-10T01:30:27.069+0000] {processor.py:157} INFO - Started process (PID=5928) to work on /home/airflow/.local/lib/python3.8/site-packages/airflow/example_dags/example_datasets.py
[2023-10-10T01:30:27.071+0000] {processor.py:829} INFO - Processing file /home/airflow/.local/lib/python3.8/site-packages/airflow/example_dags/example_datasets.py for tasks to queue
[2023-10-10T01:30:27.072+0000] {logging_mixin.py:151} INFO - [2023-10-10T01:30:27.072+0000] {dagbag.py:539} INFO - Filling up the DagBag from /home/airflow/.local/lib/python3.8/site-packages/airflow/example_dags/example_datasets.py
[2023-10-10T01:30:27.081+0000] {processor.py:839} INFO - DAG(s) dict_keys(['dataset_consumes_1_never_scheduled', 'dataset_consumes_1', 'dataset_produces_1', 'dataset_consumes_1_and_2', 'dataset_consumes_unknown_never_scheduled', 'dataset_produces_2']) retrieved from /home/airflow/.local/lib/python3.8/site-packages/airflow/example_dags/example_datasets.py
[2023-10-10T01:30:27.106+0000] {logging_mixin.py:151} INFO - [2023-10-10T01:30:27.106+0000] {dag.py:2915} INFO - Sync 6 DAGs
[2023-10-10T01:30:27.117+0000] {logging_mixin.py:151} INFO - [2023-10-10T01:30:27.117+0000] {dag.py:3696} INFO - Setting next_dagrun for dataset_consumes_1 to None, run_after=None
[2023-10-10T01:30:27.118+0000] {logging_mixin.py:151} INFO - [2023-10-10T01:30:27.118+0000] {dag.py:3696} INFO - Setting next_dagrun for dataset_consumes_1_and_2 to None, run_after=None
[2023-10-10T01:30:27.119+0000] {logging_mixin.py:151} INFO - [2023-10-10T01:30:27.119+0000] {dag.py:3696} INFO - Setting next_dagrun for dataset_consumes_1_never_scheduled to None, run_after=None
[2023-10-10T01:30:27.119+0000] {logging_mixin.py:151} INFO - [2023-10-10T01:30:27.119+0000] {dag.py:3696} INFO - Setting next_dagrun for dataset_consumes_unknown_never_scheduled to None, run_after=None
[2023-10-10T01:30:27.121+0000] {logging_mixin.py:151} INFO - [2023-10-10T01:30:27.120+0000] {dag.py:3696} INFO - Setting next_dagrun for dataset_produces_1 to 2023-10-09T00:00:00+00:00, run_after=2023-10-10T00:00:00+00:00
[2023-10-10T01:30:27.121+0000] {logging_mixin.py:151} INFO - [2023-10-10T01:30:27.121+0000] {dag.py:3696} INFO - Setting next_dagrun for dataset_produces_2 to None, run_after=None
[2023-10-10T01:30:27.140+0000] {processor.py:179} INFO - Processing /home/airflow/.local/lib/python3.8/site-packages/airflow/example_dags/example_datasets.py took 0.077 seconds
[2023-10-10T01:30:57.365+0000] {processor.py:157} INFO - Started process (PID=6167) to work on /home/airflow/.local/lib/python3.8/site-packages/airflow/example_dags/example_datasets.py
[2023-10-10T01:30:57.368+0000] {processor.py:829} INFO - Processing file /home/airflow/.local/lib/python3.8/site-packages/airflow/example_dags/example_datasets.py for tasks to queue
[2023-10-10T01:30:57.369+0000] {logging_mixin.py:151} INFO - [2023-10-10T01:30:57.368+0000] {dagbag.py:539} INFO - Filling up the DagBag from /home/airflow/.local/lib/python3.8/site-packages/airflow/example_dags/example_datasets.py
[2023-10-10T01:30:57.380+0000] {processor.py:839} INFO - DAG(s) dict_keys(['dataset_consumes_unknown_never_scheduled', 'dataset_consumes_1_and_2', 'dataset_produces_2', 'dataset_consumes_1', 'dataset_consumes_1_never_scheduled', 'dataset_produces_1']) retrieved from /home/airflow/.local/lib/python3.8/site-packages/airflow/example_dags/example_datasets.py
[2023-10-10T01:30:57.407+0000] {logging_mixin.py:151} INFO - [2023-10-10T01:30:57.407+0000] {dag.py:2915} INFO - Sync 6 DAGs
[2023-10-10T01:30:57.420+0000] {logging_mixin.py:151} INFO - [2023-10-10T01:30:57.420+0000] {dag.py:3696} INFO - Setting next_dagrun for dataset_consumes_1 to None, run_after=None
[2023-10-10T01:30:57.421+0000] {logging_mixin.py:151} INFO - [2023-10-10T01:30:57.421+0000] {dag.py:3696} INFO - Setting next_dagrun for dataset_consumes_1_and_2 to None, run_after=None
[2023-10-10T01:30:57.422+0000] {logging_mixin.py:151} INFO - [2023-10-10T01:30:57.422+0000] {dag.py:3696} INFO - Setting next_dagrun for dataset_consumes_1_never_scheduled to None, run_after=None
[2023-10-10T01:30:57.422+0000] {logging_mixin.py:151} INFO - [2023-10-10T01:30:57.422+0000] {dag.py:3696} INFO - Setting next_dagrun for dataset_consumes_unknown_never_scheduled to None, run_after=None
[2023-10-10T01:30:57.424+0000] {logging_mixin.py:151} INFO - [2023-10-10T01:30:57.424+0000] {dag.py:3696} INFO - Setting next_dagrun for dataset_produces_1 to 2023-10-09T00:00:00+00:00, run_after=2023-10-10T00:00:00+00:00
[2023-10-10T01:30:57.424+0000] {logging_mixin.py:151} INFO - [2023-10-10T01:30:57.424+0000] {dag.py:3696} INFO - Setting next_dagrun for dataset_produces_2 to None, run_after=None
[2023-10-10T01:30:57.436+0000] {processor.py:179} INFO - Processing /home/airflow/.local/lib/python3.8/site-packages/airflow/example_dags/example_datasets.py took 0.076 seconds
