[2023-10-10T01:18:19.964+0000] {processor.py:157} INFO - Started process (PID=202) to work on /home/airflow/.local/lib/python3.8/site-packages/airflow/example_dags/example_branch_operator.py
[2023-10-10T01:18:19.965+0000] {processor.py:829} INFO - Processing file /home/airflow/.local/lib/python3.8/site-packages/airflow/example_dags/example_branch_operator.py for tasks to queue
[2023-10-10T01:18:19.965+0000] {logging_mixin.py:151} INFO - [2023-10-10T01:18:19.965+0000] {dagbag.py:539} INFO - Filling up the DagBag from /home/airflow/.local/lib/python3.8/site-packages/airflow/example_dags/example_branch_operator.py
[2023-10-10T01:18:19.972+0000] {processor.py:839} INFO - DAG(s) dict_keys(['example_branch_operator']) retrieved from /home/airflow/.local/lib/python3.8/site-packages/airflow/example_dags/example_branch_operator.py
[2023-10-10T01:18:19.981+0000] {logging_mixin.py:151} INFO - [2023-10-10T01:18:19.981+0000] {dag.py:2915} INFO - Sync 1 DAGs
[2023-10-10T01:18:19.994+0000] {logging_mixin.py:151} INFO - [2023-10-10T01:18:19.994+0000] {dag.py:3696} INFO - Setting next_dagrun for example_branch_operator to 2023-10-09T00:00:00+00:00, run_after=2023-10-10T00:00:00+00:00
[2023-10-10T01:18:20.003+0000] {processor.py:179} INFO - Processing /home/airflow/.local/lib/python3.8/site-packages/airflow/example_dags/example_branch_operator.py took 0.041 seconds
[2023-10-10T01:18:50.131+0000] {processor.py:157} INFO - Started process (PID=442) to work on /home/airflow/.local/lib/python3.8/site-packages/airflow/example_dags/example_branch_operator.py
[2023-10-10T01:18:50.132+0000] {processor.py:829} INFO - Processing file /home/airflow/.local/lib/python3.8/site-packages/airflow/example_dags/example_branch_operator.py for tasks to queue
[2023-10-10T01:18:50.132+0000] {logging_mixin.py:151} INFO - [2023-10-10T01:18:50.132+0000] {dagbag.py:539} INFO - Filling up the DagBag from /home/airflow/.local/lib/python3.8/site-packages/airflow/example_dags/example_branch_operator.py
[2023-10-10T01:18:50.137+0000] {processor.py:839} INFO - DAG(s) dict_keys(['example_branch_operator']) retrieved from /home/airflow/.local/lib/python3.8/site-packages/airflow/example_dags/example_branch_operator.py
[2023-10-10T01:18:50.150+0000] {logging_mixin.py:151} INFO - [2023-10-10T01:18:50.150+0000] {dag.py:2915} INFO - Sync 1 DAGs
[2023-10-10T01:18:50.160+0000] {logging_mixin.py:151} INFO - [2023-10-10T01:18:50.160+0000] {dag.py:3696} INFO - Setting next_dagrun for example_branch_operator to 2023-10-09T00:00:00+00:00, run_after=2023-10-10T00:00:00+00:00
[2023-10-10T01:18:50.168+0000] {processor.py:179} INFO - Processing /home/airflow/.local/lib/python3.8/site-packages/airflow/example_dags/example_branch_operator.py took 0.039 seconds
[2023-10-10T01:19:20.304+0000] {processor.py:157} INFO - Started process (PID=678) to work on /home/airflow/.local/lib/python3.8/site-packages/airflow/example_dags/example_branch_operator.py
[2023-10-10T01:19:20.305+0000] {processor.py:829} INFO - Processing file /home/airflow/.local/lib/python3.8/site-packages/airflow/example_dags/example_branch_operator.py for tasks to queue
[2023-10-10T01:19:20.305+0000] {logging_mixin.py:151} INFO - [2023-10-10T01:19:20.305+0000] {dagbag.py:539} INFO - Filling up the DagBag from /home/airflow/.local/lib/python3.8/site-packages/airflow/example_dags/example_branch_operator.py
[2023-10-10T01:19:20.310+0000] {processor.py:839} INFO - DAG(s) dict_keys(['example_branch_operator']) retrieved from /home/airflow/.local/lib/python3.8/site-packages/airflow/example_dags/example_branch_operator.py
[2023-10-10T01:19:20.324+0000] {logging_mixin.py:151} INFO - [2023-10-10T01:19:20.324+0000] {dag.py:2915} INFO - Sync 1 DAGs
[2023-10-10T01:19:20.336+0000] {logging_mixin.py:151} INFO - [2023-10-10T01:19:20.336+0000] {dag.py:3696} INFO - Setting next_dagrun for example_branch_operator to 2023-10-09T00:00:00+00:00, run_after=2023-10-10T00:00:00+00:00
[2023-10-10T01:19:20.345+0000] {processor.py:179} INFO - Processing /home/airflow/.local/lib/python3.8/site-packages/airflow/example_dags/example_branch_operator.py took 0.042 seconds
[2023-10-10T01:19:50.609+0000] {processor.py:157} INFO - Started process (PID=917) to work on /home/airflow/.local/lib/python3.8/site-packages/airflow/example_dags/example_branch_operator.py
[2023-10-10T01:19:50.610+0000] {processor.py:829} INFO - Processing file /home/airflow/.local/lib/python3.8/site-packages/airflow/example_dags/example_branch_operator.py for tasks to queue
[2023-10-10T01:19:50.610+0000] {logging_mixin.py:151} INFO - [2023-10-10T01:19:50.610+0000] {dagbag.py:539} INFO - Filling up the DagBag from /home/airflow/.local/lib/python3.8/site-packages/airflow/example_dags/example_branch_operator.py
[2023-10-10T01:19:50.616+0000] {processor.py:839} INFO - DAG(s) dict_keys(['example_branch_operator']) retrieved from /home/airflow/.local/lib/python3.8/site-packages/airflow/example_dags/example_branch_operator.py
[2023-10-10T01:19:50.630+0000] {logging_mixin.py:151} INFO - [2023-10-10T01:19:50.630+0000] {dag.py:2915} INFO - Sync 1 DAGs
[2023-10-10T01:19:50.641+0000] {logging_mixin.py:151} INFO - [2023-10-10T01:19:50.641+0000] {dag.py:3696} INFO - Setting next_dagrun for example_branch_operator to 2023-10-09T00:00:00+00:00, run_after=2023-10-10T00:00:00+00:00
[2023-10-10T01:19:50.648+0000] {processor.py:179} INFO - Processing /home/airflow/.local/lib/python3.8/site-packages/airflow/example_dags/example_branch_operator.py took 0.041 seconds
[2023-10-10T01:20:20.906+0000] {processor.py:157} INFO - Started process (PID=1155) to work on /home/airflow/.local/lib/python3.8/site-packages/airflow/example_dags/example_branch_operator.py
[2023-10-10T01:20:20.907+0000] {processor.py:829} INFO - Processing file /home/airflow/.local/lib/python3.8/site-packages/airflow/example_dags/example_branch_operator.py for tasks to queue
[2023-10-10T01:20:20.907+0000] {logging_mixin.py:151} INFO - [2023-10-10T01:20:20.907+0000] {dagbag.py:539} INFO - Filling up the DagBag from /home/airflow/.local/lib/python3.8/site-packages/airflow/example_dags/example_branch_operator.py
[2023-10-10T01:20:20.913+0000] {processor.py:839} INFO - DAG(s) dict_keys(['example_branch_operator']) retrieved from /home/airflow/.local/lib/python3.8/site-packages/airflow/example_dags/example_branch_operator.py
[2023-10-10T01:20:20.927+0000] {logging_mixin.py:151} INFO - [2023-10-10T01:20:20.927+0000] {dag.py:2915} INFO - Sync 1 DAGs
[2023-10-10T01:20:20.938+0000] {logging_mixin.py:151} INFO - [2023-10-10T01:20:20.938+0000] {dag.py:3696} INFO - Setting next_dagrun for example_branch_operator to 2023-10-09T00:00:00+00:00, run_after=2023-10-10T00:00:00+00:00
[2023-10-10T01:20:20.946+0000] {processor.py:179} INFO - Processing /home/airflow/.local/lib/python3.8/site-packages/airflow/example_dags/example_branch_operator.py took 0.042 seconds
[2023-10-10T01:20:51.170+0000] {processor.py:157} INFO - Started process (PID=1395) to work on /home/airflow/.local/lib/python3.8/site-packages/airflow/example_dags/example_branch_operator.py
[2023-10-10T01:20:51.171+0000] {processor.py:829} INFO - Processing file /home/airflow/.local/lib/python3.8/site-packages/airflow/example_dags/example_branch_operator.py for tasks to queue
[2023-10-10T01:20:51.172+0000] {logging_mixin.py:151} INFO - [2023-10-10T01:20:51.171+0000] {dagbag.py:539} INFO - Filling up the DagBag from /home/airflow/.local/lib/python3.8/site-packages/airflow/example_dags/example_branch_operator.py
[2023-10-10T01:20:51.177+0000] {processor.py:839} INFO - DAG(s) dict_keys(['example_branch_operator']) retrieved from /home/airflow/.local/lib/python3.8/site-packages/airflow/example_dags/example_branch_operator.py
[2023-10-10T01:20:51.190+0000] {logging_mixin.py:151} INFO - [2023-10-10T01:20:51.190+0000] {dag.py:2915} INFO - Sync 1 DAGs
[2023-10-10T01:20:51.201+0000] {logging_mixin.py:151} INFO - [2023-10-10T01:20:51.201+0000] {dag.py:3696} INFO - Setting next_dagrun for example_branch_operator to 2023-10-09T00:00:00+00:00, run_after=2023-10-10T00:00:00+00:00
[2023-10-10T01:20:51.208+0000] {processor.py:179} INFO - Processing /home/airflow/.local/lib/python3.8/site-packages/airflow/example_dags/example_branch_operator.py took 0.039 seconds
[2023-10-10T01:21:21.320+0000] {processor.py:157} INFO - Started process (PID=1631) to work on /home/airflow/.local/lib/python3.8/site-packages/airflow/example_dags/example_branch_operator.py
[2023-10-10T01:21:21.320+0000] {processor.py:829} INFO - Processing file /home/airflow/.local/lib/python3.8/site-packages/airflow/example_dags/example_branch_operator.py for tasks to queue
[2023-10-10T01:21:21.321+0000] {logging_mixin.py:151} INFO - [2023-10-10T01:21:21.320+0000] {dagbag.py:539} INFO - Filling up the DagBag from /home/airflow/.local/lib/python3.8/site-packages/airflow/example_dags/example_branch_operator.py
[2023-10-10T01:21:21.326+0000] {processor.py:839} INFO - DAG(s) dict_keys(['example_branch_operator']) retrieved from /home/airflow/.local/lib/python3.8/site-packages/airflow/example_dags/example_branch_operator.py
[2023-10-10T01:21:21.339+0000] {logging_mixin.py:151} INFO - [2023-10-10T01:21:21.339+0000] {dag.py:2915} INFO - Sync 1 DAGs
[2023-10-10T01:21:21.350+0000] {logging_mixin.py:151} INFO - [2023-10-10T01:21:21.349+0000] {dag.py:3696} INFO - Setting next_dagrun for example_branch_operator to 2023-10-09T00:00:00+00:00, run_after=2023-10-10T00:00:00+00:00
[2023-10-10T01:21:21.357+0000] {processor.py:179} INFO - Processing /home/airflow/.local/lib/python3.8/site-packages/airflow/example_dags/example_branch_operator.py took 0.040 seconds
[2023-10-10T01:21:51.539+0000] {processor.py:157} INFO - Started process (PID=1869) to work on /home/airflow/.local/lib/python3.8/site-packages/airflow/example_dags/example_branch_operator.py
[2023-10-10T01:21:51.539+0000] {processor.py:829} INFO - Processing file /home/airflow/.local/lib/python3.8/site-packages/airflow/example_dags/example_branch_operator.py for tasks to queue
[2023-10-10T01:21:51.540+0000] {logging_mixin.py:151} INFO - [2023-10-10T01:21:51.540+0000] {dagbag.py:539} INFO - Filling up the DagBag from /home/airflow/.local/lib/python3.8/site-packages/airflow/example_dags/example_branch_operator.py
[2023-10-10T01:21:51.545+0000] {processor.py:839} INFO - DAG(s) dict_keys(['example_branch_operator']) retrieved from /home/airflow/.local/lib/python3.8/site-packages/airflow/example_dags/example_branch_operator.py
[2023-10-10T01:21:51.558+0000] {logging_mixin.py:151} INFO - [2023-10-10T01:21:51.558+0000] {dag.py:2915} INFO - Sync 1 DAGs
[2023-10-10T01:21:51.568+0000] {logging_mixin.py:151} INFO - [2023-10-10T01:21:51.568+0000] {dag.py:3696} INFO - Setting next_dagrun for example_branch_operator to 2023-10-09T00:00:00+00:00, run_after=2023-10-10T00:00:00+00:00
[2023-10-10T01:21:51.576+0000] {processor.py:179} INFO - Processing /home/airflow/.local/lib/python3.8/site-packages/airflow/example_dags/example_branch_operator.py took 0.039 seconds
[2023-10-10T01:22:21.840+0000] {processor.py:157} INFO - Started process (PID=2107) to work on /home/airflow/.local/lib/python3.8/site-packages/airflow/example_dags/example_branch_operator.py
[2023-10-10T01:22:21.841+0000] {processor.py:829} INFO - Processing file /home/airflow/.local/lib/python3.8/site-packages/airflow/example_dags/example_branch_operator.py for tasks to queue
[2023-10-10T01:22:21.842+0000] {logging_mixin.py:151} INFO - [2023-10-10T01:22:21.841+0000] {dagbag.py:539} INFO - Filling up the DagBag from /home/airflow/.local/lib/python3.8/site-packages/airflow/example_dags/example_branch_operator.py
[2023-10-10T01:22:21.847+0000] {processor.py:839} INFO - DAG(s) dict_keys(['example_branch_operator']) retrieved from /home/airflow/.local/lib/python3.8/site-packages/airflow/example_dags/example_branch_operator.py
[2023-10-10T01:22:21.864+0000] {logging_mixin.py:151} INFO - [2023-10-10T01:22:21.864+0000] {dag.py:2915} INFO - Sync 1 DAGs
[2023-10-10T01:22:21.875+0000] {logging_mixin.py:151} INFO - [2023-10-10T01:22:21.875+0000] {dag.py:3696} INFO - Setting next_dagrun for example_branch_operator to 2023-10-09T00:00:00+00:00, run_after=2023-10-10T00:00:00+00:00
[2023-10-10T01:22:21.893+0000] {processor.py:179} INFO - Processing /home/airflow/.local/lib/python3.8/site-packages/airflow/example_dags/example_branch_operator.py took 0.055 seconds
[2023-10-10T01:22:51.970+0000] {processor.py:157} INFO - Started process (PID=2346) to work on /home/airflow/.local/lib/python3.8/site-packages/airflow/example_dags/example_branch_operator.py
[2023-10-10T01:22:51.970+0000] {processor.py:829} INFO - Processing file /home/airflow/.local/lib/python3.8/site-packages/airflow/example_dags/example_branch_operator.py for tasks to queue
[2023-10-10T01:22:51.971+0000] {logging_mixin.py:151} INFO - [2023-10-10T01:22:51.971+0000] {dagbag.py:539} INFO - Filling up the DagBag from /home/airflow/.local/lib/python3.8/site-packages/airflow/example_dags/example_branch_operator.py
[2023-10-10T01:22:51.976+0000] {processor.py:839} INFO - DAG(s) dict_keys(['example_branch_operator']) retrieved from /home/airflow/.local/lib/python3.8/site-packages/airflow/example_dags/example_branch_operator.py
[2023-10-10T01:22:51.989+0000] {logging_mixin.py:151} INFO - [2023-10-10T01:22:51.989+0000] {dag.py:2915} INFO - Sync 1 DAGs
[2023-10-10T01:22:51.999+0000] {logging_mixin.py:151} INFO - [2023-10-10T01:22:51.999+0000] {dag.py:3696} INFO - Setting next_dagrun for example_branch_operator to 2023-10-09T00:00:00+00:00, run_after=2023-10-10T00:00:00+00:00
[2023-10-10T01:22:52.007+0000] {processor.py:179} INFO - Processing /home/airflow/.local/lib/python3.8/site-packages/airflow/example_dags/example_branch_operator.py took 0.039 seconds
[2023-10-10T01:23:22.315+0000] {processor.py:157} INFO - Started process (PID=2584) to work on /home/airflow/.local/lib/python3.8/site-packages/airflow/example_dags/example_branch_operator.py
[2023-10-10T01:23:22.317+0000] {processor.py:829} INFO - Processing file /home/airflow/.local/lib/python3.8/site-packages/airflow/example_dags/example_branch_operator.py for tasks to queue
[2023-10-10T01:23:22.317+0000] {logging_mixin.py:151} INFO - [2023-10-10T01:23:22.317+0000] {dagbag.py:539} INFO - Filling up the DagBag from /home/airflow/.local/lib/python3.8/site-packages/airflow/example_dags/example_branch_operator.py
[2023-10-10T01:23:22.327+0000] {processor.py:839} INFO - DAG(s) dict_keys(['example_branch_operator']) retrieved from /home/airflow/.local/lib/python3.8/site-packages/airflow/example_dags/example_branch_operator.py
[2023-10-10T01:23:22.341+0000] {logging_mixin.py:151} INFO - [2023-10-10T01:23:22.341+0000] {dag.py:2915} INFO - Sync 1 DAGs
[2023-10-10T01:23:22.351+0000] {logging_mixin.py:151} INFO - [2023-10-10T01:23:22.351+0000] {dag.py:3696} INFO - Setting next_dagrun for example_branch_operator to 2023-10-09T00:00:00+00:00, run_after=2023-10-10T00:00:00+00:00
[2023-10-10T01:23:22.359+0000] {processor.py:179} INFO - Processing /home/airflow/.local/lib/python3.8/site-packages/airflow/example_dags/example_branch_operator.py took 0.046 seconds
[2023-10-10T01:23:52.638+0000] {processor.py:157} INFO - Started process (PID=2822) to work on /home/airflow/.local/lib/python3.8/site-packages/airflow/example_dags/example_branch_operator.py
[2023-10-10T01:23:52.639+0000] {processor.py:829} INFO - Processing file /home/airflow/.local/lib/python3.8/site-packages/airflow/example_dags/example_branch_operator.py for tasks to queue
[2023-10-10T01:23:52.639+0000] {logging_mixin.py:151} INFO - [2023-10-10T01:23:52.639+0000] {dagbag.py:539} INFO - Filling up the DagBag from /home/airflow/.local/lib/python3.8/site-packages/airflow/example_dags/example_branch_operator.py
[2023-10-10T01:23:52.644+0000] {processor.py:839} INFO - DAG(s) dict_keys(['example_branch_operator']) retrieved from /home/airflow/.local/lib/python3.8/site-packages/airflow/example_dags/example_branch_operator.py
[2023-10-10T01:23:52.658+0000] {logging_mixin.py:151} INFO - [2023-10-10T01:23:52.658+0000] {dag.py:2915} INFO - Sync 1 DAGs
[2023-10-10T01:23:52.668+0000] {logging_mixin.py:151} INFO - [2023-10-10T01:23:52.668+0000] {dag.py:3696} INFO - Setting next_dagrun for example_branch_operator to 2023-10-09T00:00:00+00:00, run_after=2023-10-10T00:00:00+00:00
[2023-10-10T01:23:52.675+0000] {processor.py:179} INFO - Processing /home/airflow/.local/lib/python3.8/site-packages/airflow/example_dags/example_branch_operator.py took 0.039 seconds
[2023-10-10T01:24:22.886+0000] {processor.py:157} INFO - Started process (PID=3059) to work on /home/airflow/.local/lib/python3.8/site-packages/airflow/example_dags/example_branch_operator.py
[2023-10-10T01:24:22.887+0000] {processor.py:829} INFO - Processing file /home/airflow/.local/lib/python3.8/site-packages/airflow/example_dags/example_branch_operator.py for tasks to queue
[2023-10-10T01:24:22.887+0000] {logging_mixin.py:151} INFO - [2023-10-10T01:24:22.887+0000] {dagbag.py:539} INFO - Filling up the DagBag from /home/airflow/.local/lib/python3.8/site-packages/airflow/example_dags/example_branch_operator.py
[2023-10-10T01:24:22.892+0000] {processor.py:839} INFO - DAG(s) dict_keys(['example_branch_operator']) retrieved from /home/airflow/.local/lib/python3.8/site-packages/airflow/example_dags/example_branch_operator.py
[2023-10-10T01:24:22.905+0000] {logging_mixin.py:151} INFO - [2023-10-10T01:24:22.905+0000] {dag.py:2915} INFO - Sync 1 DAGs
[2023-10-10T01:24:22.915+0000] {logging_mixin.py:151} INFO - [2023-10-10T01:24:22.915+0000] {dag.py:3696} INFO - Setting next_dagrun for example_branch_operator to 2023-10-09T00:00:00+00:00, run_after=2023-10-10T00:00:00+00:00
[2023-10-10T01:24:22.922+0000] {processor.py:179} INFO - Processing /home/airflow/.local/lib/python3.8/site-packages/airflow/example_dags/example_branch_operator.py took 0.038 seconds
[2023-10-10T01:24:53.135+0000] {processor.py:157} INFO - Started process (PID=3299) to work on /home/airflow/.local/lib/python3.8/site-packages/airflow/example_dags/example_branch_operator.py
[2023-10-10T01:24:53.136+0000] {processor.py:829} INFO - Processing file /home/airflow/.local/lib/python3.8/site-packages/airflow/example_dags/example_branch_operator.py for tasks to queue
[2023-10-10T01:24:53.137+0000] {logging_mixin.py:151} INFO - [2023-10-10T01:24:53.136+0000] {dagbag.py:539} INFO - Filling up the DagBag from /home/airflow/.local/lib/python3.8/site-packages/airflow/example_dags/example_branch_operator.py
[2023-10-10T01:24:53.142+0000] {processor.py:839} INFO - DAG(s) dict_keys(['example_branch_operator']) retrieved from /home/airflow/.local/lib/python3.8/site-packages/airflow/example_dags/example_branch_operator.py
[2023-10-10T01:24:53.154+0000] {logging_mixin.py:151} INFO - [2023-10-10T01:24:53.154+0000] {dag.py:2915} INFO - Sync 1 DAGs
[2023-10-10T01:24:53.164+0000] {logging_mixin.py:151} INFO - [2023-10-10T01:24:53.164+0000] {dag.py:3696} INFO - Setting next_dagrun for example_branch_operator to 2023-10-09T00:00:00+00:00, run_after=2023-10-10T00:00:00+00:00
[2023-10-10T01:24:53.171+0000] {processor.py:179} INFO - Processing /home/airflow/.local/lib/python3.8/site-packages/airflow/example_dags/example_branch_operator.py took 0.037 seconds
[2023-10-10T01:25:23.386+0000] {processor.py:157} INFO - Started process (PID=3537) to work on /home/airflow/.local/lib/python3.8/site-packages/airflow/example_dags/example_branch_operator.py
[2023-10-10T01:25:23.387+0000] {processor.py:829} INFO - Processing file /home/airflow/.local/lib/python3.8/site-packages/airflow/example_dags/example_branch_operator.py for tasks to queue
[2023-10-10T01:25:23.388+0000] {logging_mixin.py:151} INFO - [2023-10-10T01:25:23.387+0000] {dagbag.py:539} INFO - Filling up the DagBag from /home/airflow/.local/lib/python3.8/site-packages/airflow/example_dags/example_branch_operator.py
[2023-10-10T01:25:23.393+0000] {processor.py:839} INFO - DAG(s) dict_keys(['example_branch_operator']) retrieved from /home/airflow/.local/lib/python3.8/site-packages/airflow/example_dags/example_branch_operator.py
[2023-10-10T01:25:23.406+0000] {logging_mixin.py:151} INFO - [2023-10-10T01:25:23.406+0000] {dag.py:2915} INFO - Sync 1 DAGs
[2023-10-10T01:25:23.415+0000] {logging_mixin.py:151} INFO - [2023-10-10T01:25:23.415+0000] {dag.py:3696} INFO - Setting next_dagrun for example_branch_operator to 2023-10-09T00:00:00+00:00, run_after=2023-10-10T00:00:00+00:00
[2023-10-10T01:25:23.422+0000] {processor.py:179} INFO - Processing /home/airflow/.local/lib/python3.8/site-packages/airflow/example_dags/example_branch_operator.py took 0.037 seconds
[2023-10-10T01:25:53.674+0000] {processor.py:157} INFO - Started process (PID=3775) to work on /home/airflow/.local/lib/python3.8/site-packages/airflow/example_dags/example_branch_operator.py
[2023-10-10T01:25:53.675+0000] {processor.py:829} INFO - Processing file /home/airflow/.local/lib/python3.8/site-packages/airflow/example_dags/example_branch_operator.py for tasks to queue
[2023-10-10T01:25:53.675+0000] {logging_mixin.py:151} INFO - [2023-10-10T01:25:53.675+0000] {dagbag.py:539} INFO - Filling up the DagBag from /home/airflow/.local/lib/python3.8/site-packages/airflow/example_dags/example_branch_operator.py
[2023-10-10T01:25:53.680+0000] {processor.py:839} INFO - DAG(s) dict_keys(['example_branch_operator']) retrieved from /home/airflow/.local/lib/python3.8/site-packages/airflow/example_dags/example_branch_operator.py
[2023-10-10T01:25:53.693+0000] {logging_mixin.py:151} INFO - [2023-10-10T01:25:53.693+0000] {dag.py:2915} INFO - Sync 1 DAGs
[2023-10-10T01:25:53.703+0000] {logging_mixin.py:151} INFO - [2023-10-10T01:25:53.703+0000] {dag.py:3696} INFO - Setting next_dagrun for example_branch_operator to 2023-10-09T00:00:00+00:00, run_after=2023-10-10T00:00:00+00:00
[2023-10-10T01:25:53.709+0000] {processor.py:179} INFO - Processing /home/airflow/.local/lib/python3.8/site-packages/airflow/example_dags/example_branch_operator.py took 0.037 seconds
[2023-10-10T01:26:23.912+0000] {processor.py:157} INFO - Started process (PID=4014) to work on /home/airflow/.local/lib/python3.8/site-packages/airflow/example_dags/example_branch_operator.py
[2023-10-10T01:26:23.913+0000] {processor.py:829} INFO - Processing file /home/airflow/.local/lib/python3.8/site-packages/airflow/example_dags/example_branch_operator.py for tasks to queue
[2023-10-10T01:26:23.913+0000] {logging_mixin.py:151} INFO - [2023-10-10T01:26:23.913+0000] {dagbag.py:539} INFO - Filling up the DagBag from /home/airflow/.local/lib/python3.8/site-packages/airflow/example_dags/example_branch_operator.py
[2023-10-10T01:26:23.918+0000] {processor.py:839} INFO - DAG(s) dict_keys(['example_branch_operator']) retrieved from /home/airflow/.local/lib/python3.8/site-packages/airflow/example_dags/example_branch_operator.py
[2023-10-10T01:26:23.931+0000] {logging_mixin.py:151} INFO - [2023-10-10T01:26:23.931+0000] {dag.py:2915} INFO - Sync 1 DAGs
[2023-10-10T01:26:23.941+0000] {logging_mixin.py:151} INFO - [2023-10-10T01:26:23.941+0000] {dag.py:3696} INFO - Setting next_dagrun for example_branch_operator to 2023-10-09T00:00:00+00:00, run_after=2023-10-10T00:00:00+00:00
[2023-10-10T01:26:23.947+0000] {processor.py:179} INFO - Processing /home/airflow/.local/lib/python3.8/site-packages/airflow/example_dags/example_branch_operator.py took 0.037 seconds
[2023-10-10T01:26:54.099+0000] {processor.py:157} INFO - Started process (PID=4252) to work on /home/airflow/.local/lib/python3.8/site-packages/airflow/example_dags/example_branch_operator.py
[2023-10-10T01:26:54.100+0000] {processor.py:829} INFO - Processing file /home/airflow/.local/lib/python3.8/site-packages/airflow/example_dags/example_branch_operator.py for tasks to queue
[2023-10-10T01:26:54.100+0000] {logging_mixin.py:151} INFO - [2023-10-10T01:26:54.100+0000] {dagbag.py:539} INFO - Filling up the DagBag from /home/airflow/.local/lib/python3.8/site-packages/airflow/example_dags/example_branch_operator.py
[2023-10-10T01:26:54.105+0000] {processor.py:839} INFO - DAG(s) dict_keys(['example_branch_operator']) retrieved from /home/airflow/.local/lib/python3.8/site-packages/airflow/example_dags/example_branch_operator.py
[2023-10-10T01:26:54.118+0000] {logging_mixin.py:151} INFO - [2023-10-10T01:26:54.118+0000] {dag.py:2915} INFO - Sync 1 DAGs
[2023-10-10T01:26:54.128+0000] {logging_mixin.py:151} INFO - [2023-10-10T01:26:54.128+0000] {dag.py:3696} INFO - Setting next_dagrun for example_branch_operator to 2023-10-09T00:00:00+00:00, run_after=2023-10-10T00:00:00+00:00
[2023-10-10T01:26:54.135+0000] {processor.py:179} INFO - Processing /home/airflow/.local/lib/python3.8/site-packages/airflow/example_dags/example_branch_operator.py took 0.037 seconds
[2023-10-10T01:27:24.329+0000] {processor.py:157} INFO - Started process (PID=4490) to work on /home/airflow/.local/lib/python3.8/site-packages/airflow/example_dags/example_branch_operator.py
[2023-10-10T01:27:24.330+0000] {processor.py:829} INFO - Processing file /home/airflow/.local/lib/python3.8/site-packages/airflow/example_dags/example_branch_operator.py for tasks to queue
[2023-10-10T01:27:24.330+0000] {logging_mixin.py:151} INFO - [2023-10-10T01:27:24.330+0000] {dagbag.py:539} INFO - Filling up the DagBag from /home/airflow/.local/lib/python3.8/site-packages/airflow/example_dags/example_branch_operator.py
[2023-10-10T01:27:24.335+0000] {processor.py:839} INFO - DAG(s) dict_keys(['example_branch_operator']) retrieved from /home/airflow/.local/lib/python3.8/site-packages/airflow/example_dags/example_branch_operator.py
[2023-10-10T01:27:24.348+0000] {logging_mixin.py:151} INFO - [2023-10-10T01:27:24.348+0000] {dag.py:2915} INFO - Sync 1 DAGs
[2023-10-10T01:27:24.358+0000] {logging_mixin.py:151} INFO - [2023-10-10T01:27:24.358+0000] {dag.py:3696} INFO - Setting next_dagrun for example_branch_operator to 2023-10-09T00:00:00+00:00, run_after=2023-10-10T00:00:00+00:00
[2023-10-10T01:27:24.366+0000] {processor.py:179} INFO - Processing /home/airflow/.local/lib/python3.8/site-packages/airflow/example_dags/example_branch_operator.py took 0.038 seconds
[2023-10-10T01:27:54.570+0000] {processor.py:157} INFO - Started process (PID=4728) to work on /home/airflow/.local/lib/python3.8/site-packages/airflow/example_dags/example_branch_operator.py
[2023-10-10T01:27:54.571+0000] {processor.py:829} INFO - Processing file /home/airflow/.local/lib/python3.8/site-packages/airflow/example_dags/example_branch_operator.py for tasks to queue
[2023-10-10T01:27:54.571+0000] {logging_mixin.py:151} INFO - [2023-10-10T01:27:54.571+0000] {dagbag.py:539} INFO - Filling up the DagBag from /home/airflow/.local/lib/python3.8/site-packages/airflow/example_dags/example_branch_operator.py
[2023-10-10T01:27:54.577+0000] {processor.py:839} INFO - DAG(s) dict_keys(['example_branch_operator']) retrieved from /home/airflow/.local/lib/python3.8/site-packages/airflow/example_dags/example_branch_operator.py
[2023-10-10T01:27:54.590+0000] {logging_mixin.py:151} INFO - [2023-10-10T01:27:54.590+0000] {dag.py:2915} INFO - Sync 1 DAGs
[2023-10-10T01:27:54.600+0000] {logging_mixin.py:151} INFO - [2023-10-10T01:27:54.600+0000] {dag.py:3696} INFO - Setting next_dagrun for example_branch_operator to 2023-10-09T00:00:00+00:00, run_after=2023-10-10T00:00:00+00:00
[2023-10-10T01:27:54.607+0000] {processor.py:179} INFO - Processing /home/airflow/.local/lib/python3.8/site-packages/airflow/example_dags/example_branch_operator.py took 0.038 seconds
[2023-10-10T01:28:24.938+0000] {processor.py:157} INFO - Started process (PID=4966) to work on /home/airflow/.local/lib/python3.8/site-packages/airflow/example_dags/example_branch_operator.py
[2023-10-10T01:28:24.939+0000] {processor.py:829} INFO - Processing file /home/airflow/.local/lib/python3.8/site-packages/airflow/example_dags/example_branch_operator.py for tasks to queue
[2023-10-10T01:28:24.939+0000] {logging_mixin.py:151} INFO - [2023-10-10T01:28:24.939+0000] {dagbag.py:539} INFO - Filling up the DagBag from /home/airflow/.local/lib/python3.8/site-packages/airflow/example_dags/example_branch_operator.py
[2023-10-10T01:28:24.944+0000] {processor.py:839} INFO - DAG(s) dict_keys(['example_branch_operator']) retrieved from /home/airflow/.local/lib/python3.8/site-packages/airflow/example_dags/example_branch_operator.py
[2023-10-10T01:28:24.958+0000] {logging_mixin.py:151} INFO - [2023-10-10T01:28:24.958+0000] {dag.py:2915} INFO - Sync 1 DAGs
[2023-10-10T01:28:24.968+0000] {logging_mixin.py:151} INFO - [2023-10-10T01:28:24.968+0000] {dag.py:3696} INFO - Setting next_dagrun for example_branch_operator to 2023-10-09T00:00:00+00:00, run_after=2023-10-10T00:00:00+00:00
[2023-10-10T01:28:24.976+0000] {processor.py:179} INFO - Processing /home/airflow/.local/lib/python3.8/site-packages/airflow/example_dags/example_branch_operator.py took 0.040 seconds
[2023-10-10T01:28:55.242+0000] {processor.py:157} INFO - Started process (PID=5204) to work on /home/airflow/.local/lib/python3.8/site-packages/airflow/example_dags/example_branch_operator.py
[2023-10-10T01:28:55.243+0000] {processor.py:829} INFO - Processing file /home/airflow/.local/lib/python3.8/site-packages/airflow/example_dags/example_branch_operator.py for tasks to queue
[2023-10-10T01:28:55.243+0000] {logging_mixin.py:151} INFO - [2023-10-10T01:28:55.243+0000] {dagbag.py:539} INFO - Filling up the DagBag from /home/airflow/.local/lib/python3.8/site-packages/airflow/example_dags/example_branch_operator.py
[2023-10-10T01:28:55.248+0000] {processor.py:839} INFO - DAG(s) dict_keys(['example_branch_operator']) retrieved from /home/airflow/.local/lib/python3.8/site-packages/airflow/example_dags/example_branch_operator.py
[2023-10-10T01:28:55.261+0000] {logging_mixin.py:151} INFO - [2023-10-10T01:28:55.261+0000] {dag.py:2915} INFO - Sync 1 DAGs
[2023-10-10T01:28:55.271+0000] {logging_mixin.py:151} INFO - [2023-10-10T01:28:55.271+0000] {dag.py:3696} INFO - Setting next_dagrun for example_branch_operator to 2023-10-09T00:00:00+00:00, run_after=2023-10-10T00:00:00+00:00
[2023-10-10T01:28:55.278+0000] {processor.py:179} INFO - Processing /home/airflow/.local/lib/python3.8/site-packages/airflow/example_dags/example_branch_operator.py took 0.038 seconds
[2023-10-10T01:29:25.441+0000] {processor.py:157} INFO - Started process (PID=5440) to work on /home/airflow/.local/lib/python3.8/site-packages/airflow/example_dags/example_branch_operator.py
[2023-10-10T01:29:25.442+0000] {processor.py:829} INFO - Processing file /home/airflow/.local/lib/python3.8/site-packages/airflow/example_dags/example_branch_operator.py for tasks to queue
[2023-10-10T01:29:25.442+0000] {logging_mixin.py:151} INFO - [2023-10-10T01:29:25.442+0000] {dagbag.py:539} INFO - Filling up the DagBag from /home/airflow/.local/lib/python3.8/site-packages/airflow/example_dags/example_branch_operator.py
[2023-10-10T01:29:25.448+0000] {processor.py:839} INFO - DAG(s) dict_keys(['example_branch_operator']) retrieved from /home/airflow/.local/lib/python3.8/site-packages/airflow/example_dags/example_branch_operator.py
[2023-10-10T01:29:25.461+0000] {logging_mixin.py:151} INFO - [2023-10-10T01:29:25.461+0000] {dag.py:2915} INFO - Sync 1 DAGs
[2023-10-10T01:29:25.471+0000] {logging_mixin.py:151} INFO - [2023-10-10T01:29:25.471+0000] {dag.py:3696} INFO - Setting next_dagrun for example_branch_operator to 2023-10-09T00:00:00+00:00, run_after=2023-10-10T00:00:00+00:00
[2023-10-10T01:29:25.479+0000] {processor.py:179} INFO - Processing /home/airflow/.local/lib/python3.8/site-packages/airflow/example_dags/example_branch_operator.py took 0.040 seconds
[2023-10-10T01:29:55.731+0000] {processor.py:157} INFO - Started process (PID=5678) to work on /home/airflow/.local/lib/python3.8/site-packages/airflow/example_dags/example_branch_operator.py
[2023-10-10T01:29:55.731+0000] {processor.py:829} INFO - Processing file /home/airflow/.local/lib/python3.8/site-packages/airflow/example_dags/example_branch_operator.py for tasks to queue
[2023-10-10T01:29:55.732+0000] {logging_mixin.py:151} INFO - [2023-10-10T01:29:55.732+0000] {dagbag.py:539} INFO - Filling up the DagBag from /home/airflow/.local/lib/python3.8/site-packages/airflow/example_dags/example_branch_operator.py
[2023-10-10T01:29:55.737+0000] {processor.py:839} INFO - DAG(s) dict_keys(['example_branch_operator']) retrieved from /home/airflow/.local/lib/python3.8/site-packages/airflow/example_dags/example_branch_operator.py
[2023-10-10T01:29:55.749+0000] {logging_mixin.py:151} INFO - [2023-10-10T01:29:55.749+0000] {dag.py:2915} INFO - Sync 1 DAGs
[2023-10-10T01:29:55.759+0000] {logging_mixin.py:151} INFO - [2023-10-10T01:29:55.759+0000] {dag.py:3696} INFO - Setting next_dagrun for example_branch_operator to 2023-10-09T00:00:00+00:00, run_after=2023-10-10T00:00:00+00:00
[2023-10-10T01:29:55.766+0000] {processor.py:179} INFO - Processing /home/airflow/.local/lib/python3.8/site-packages/airflow/example_dags/example_branch_operator.py took 0.037 seconds
[2023-10-10T01:30:25.972+0000] {processor.py:157} INFO - Started process (PID=5918) to work on /home/airflow/.local/lib/python3.8/site-packages/airflow/example_dags/example_branch_operator.py
[2023-10-10T01:30:25.973+0000] {processor.py:829} INFO - Processing file /home/airflow/.local/lib/python3.8/site-packages/airflow/example_dags/example_branch_operator.py for tasks to queue
[2023-10-10T01:30:25.973+0000] {logging_mixin.py:151} INFO - [2023-10-10T01:30:25.973+0000] {dagbag.py:539} INFO - Filling up the DagBag from /home/airflow/.local/lib/python3.8/site-packages/airflow/example_dags/example_branch_operator.py
[2023-10-10T01:30:25.979+0000] {processor.py:839} INFO - DAG(s) dict_keys(['example_branch_operator']) retrieved from /home/airflow/.local/lib/python3.8/site-packages/airflow/example_dags/example_branch_operator.py
[2023-10-10T01:30:25.992+0000] {logging_mixin.py:151} INFO - [2023-10-10T01:30:25.991+0000] {dag.py:2915} INFO - Sync 1 DAGs
[2023-10-10T01:30:26.001+0000] {logging_mixin.py:151} INFO - [2023-10-10T01:30:26.001+0000] {dag.py:3696} INFO - Setting next_dagrun for example_branch_operator to 2023-10-09T00:00:00+00:00, run_after=2023-10-10T00:00:00+00:00
[2023-10-10T01:30:26.008+0000] {processor.py:179} INFO - Processing /home/airflow/.local/lib/python3.8/site-packages/airflow/example_dags/example_branch_operator.py took 0.037 seconds
[2023-10-10T01:30:56.331+0000] {processor.py:157} INFO - Started process (PID=6157) to work on /home/airflow/.local/lib/python3.8/site-packages/airflow/example_dags/example_branch_operator.py
[2023-10-10T01:30:56.332+0000] {processor.py:829} INFO - Processing file /home/airflow/.local/lib/python3.8/site-packages/airflow/example_dags/example_branch_operator.py for tasks to queue
[2023-10-10T01:30:56.333+0000] {logging_mixin.py:151} INFO - [2023-10-10T01:30:56.333+0000] {dagbag.py:539} INFO - Filling up the DagBag from /home/airflow/.local/lib/python3.8/site-packages/airflow/example_dags/example_branch_operator.py
[2023-10-10T01:30:56.339+0000] {processor.py:839} INFO - DAG(s) dict_keys(['example_branch_operator']) retrieved from /home/airflow/.local/lib/python3.8/site-packages/airflow/example_dags/example_branch_operator.py
[2023-10-10T01:30:56.355+0000] {logging_mixin.py:151} INFO - [2023-10-10T01:30:56.355+0000] {dag.py:2915} INFO - Sync 1 DAGs
[2023-10-10T01:30:56.366+0000] {logging_mixin.py:151} INFO - [2023-10-10T01:30:56.366+0000] {dag.py:3696} INFO - Setting next_dagrun for example_branch_operator to 2023-10-09T00:00:00+00:00, run_after=2023-10-10T00:00:00+00:00
[2023-10-10T01:30:56.373+0000] {processor.py:179} INFO - Processing /home/airflow/.local/lib/python3.8/site-packages/airflow/example_dags/example_branch_operator.py took 0.044 seconds
