[2023-10-10T01:18:23.037+0000] {processor.py:157} INFO - Started process (PID=344) to work on /home/airflow/.local/lib/python3.8/site-packages/airflow/example_dags/example_params_trigger_ui.py
[2023-10-10T01:18:23.037+0000] {processor.py:829} INFO - Processing file /home/airflow/.local/lib/python3.8/site-packages/airflow/example_dags/example_params_trigger_ui.py for tasks to queue
[2023-10-10T01:18:23.038+0000] {logging_mixin.py:151} INFO - [2023-10-10T01:18:23.038+0000] {dagbag.py:539} INFO - Filling up the DagBag from /home/airflow/.local/lib/python3.8/site-packages/airflow/example_dags/example_params_trigger_ui.py
[2023-10-10T01:18:23.178+0000] {processor.py:839} INFO - DAG(s) dict_keys(['example_params_trigger_ui']) retrieved from /home/airflow/.local/lib/python3.8/site-packages/airflow/example_dags/example_params_trigger_ui.py
[2023-10-10T01:18:23.189+0000] {logging_mixin.py:151} INFO - [2023-10-10T01:18:23.189+0000] {dag.py:2915} INFO - Sync 1 DAGs
[2023-10-10T01:18:23.197+0000] {logging_mixin.py:151} INFO - [2023-10-10T01:18:23.197+0000] {dag.py:3696} INFO - Setting next_dagrun for example_params_trigger_ui to None, run_after=None
[2023-10-10T01:18:23.206+0000] {processor.py:179} INFO - Processing /home/airflow/.local/lib/python3.8/site-packages/airflow/example_dags/example_params_trigger_ui.py took 0.173 seconds
[2023-10-10T01:18:53.341+0000] {processor.py:157} INFO - Started process (PID=580) to work on /home/airflow/.local/lib/python3.8/site-packages/airflow/example_dags/example_params_trigger_ui.py
[2023-10-10T01:18:53.341+0000] {processor.py:829} INFO - Processing file /home/airflow/.local/lib/python3.8/site-packages/airflow/example_dags/example_params_trigger_ui.py for tasks to queue
[2023-10-10T01:18:53.342+0000] {logging_mixin.py:151} INFO - [2023-10-10T01:18:53.342+0000] {dagbag.py:539} INFO - Filling up the DagBag from /home/airflow/.local/lib/python3.8/site-packages/airflow/example_dags/example_params_trigger_ui.py
[2023-10-10T01:18:53.353+0000] {processor.py:839} INFO - DAG(s) dict_keys(['example_params_trigger_ui']) retrieved from /home/airflow/.local/lib/python3.8/site-packages/airflow/example_dags/example_params_trigger_ui.py
[2023-10-10T01:18:53.416+0000] {logging_mixin.py:151} INFO - [2023-10-10T01:18:53.415+0000] {dag.py:2915} INFO - Sync 1 DAGs
[2023-10-10T01:18:53.429+0000] {logging_mixin.py:151} INFO - [2023-10-10T01:18:53.429+0000] {dag.py:3696} INFO - Setting next_dagrun for example_params_trigger_ui to None, run_after=None
[2023-10-10T01:18:53.446+0000] {processor.py:179} INFO - Processing /home/airflow/.local/lib/python3.8/site-packages/airflow/example_dags/example_params_trigger_ui.py took 0.107 seconds
[2023-10-10T01:19:23.537+0000] {processor.py:157} INFO - Started process (PID=820) to work on /home/airflow/.local/lib/python3.8/site-packages/airflow/example_dags/example_params_trigger_ui.py
[2023-10-10T01:19:23.538+0000] {processor.py:829} INFO - Processing file /home/airflow/.local/lib/python3.8/site-packages/airflow/example_dags/example_params_trigger_ui.py for tasks to queue
[2023-10-10T01:19:23.538+0000] {logging_mixin.py:151} INFO - [2023-10-10T01:19:23.538+0000] {dagbag.py:539} INFO - Filling up the DagBag from /home/airflow/.local/lib/python3.8/site-packages/airflow/example_dags/example_params_trigger_ui.py
[2023-10-10T01:19:23.547+0000] {processor.py:839} INFO - DAG(s) dict_keys(['example_params_trigger_ui']) retrieved from /home/airflow/.local/lib/python3.8/site-packages/airflow/example_dags/example_params_trigger_ui.py
[2023-10-10T01:19:23.571+0000] {logging_mixin.py:151} INFO - [2023-10-10T01:19:23.570+0000] {dag.py:2915} INFO - Sync 1 DAGs
[2023-10-10T01:19:23.577+0000] {logging_mixin.py:151} INFO - [2023-10-10T01:19:23.577+0000] {dag.py:3696} INFO - Setting next_dagrun for example_params_trigger_ui to None, run_after=None
[2023-10-10T01:19:23.586+0000] {processor.py:179} INFO - Processing /home/airflow/.local/lib/python3.8/site-packages/airflow/example_dags/example_params_trigger_ui.py took 0.051 seconds
[2023-10-10T01:19:54.753+0000] {processor.py:157} INFO - Started process (PID=1059) to work on /home/airflow/.local/lib/python3.8/site-packages/airflow/example_dags/example_params_trigger_ui.py
[2023-10-10T01:19:54.754+0000] {processor.py:829} INFO - Processing file /home/airflow/.local/lib/python3.8/site-packages/airflow/example_dags/example_params_trigger_ui.py for tasks to queue
[2023-10-10T01:19:54.755+0000] {logging_mixin.py:151} INFO - [2023-10-10T01:19:54.754+0000] {dagbag.py:539} INFO - Filling up the DagBag from /home/airflow/.local/lib/python3.8/site-packages/airflow/example_dags/example_params_trigger_ui.py
[2023-10-10T01:19:54.763+0000] {processor.py:839} INFO - DAG(s) dict_keys(['example_params_trigger_ui']) retrieved from /home/airflow/.local/lib/python3.8/site-packages/airflow/example_dags/example_params_trigger_ui.py
[2023-10-10T01:19:54.786+0000] {logging_mixin.py:151} INFO - [2023-10-10T01:19:54.786+0000] {dag.py:2915} INFO - Sync 1 DAGs
[2023-10-10T01:19:54.791+0000] {logging_mixin.py:151} INFO - [2023-10-10T01:19:54.791+0000] {dag.py:3696} INFO - Setting next_dagrun for example_params_trigger_ui to None, run_after=None
[2023-10-10T01:19:54.798+0000] {processor.py:179} INFO - Processing /home/airflow/.local/lib/python3.8/site-packages/airflow/example_dags/example_params_trigger_ui.py took 0.047 seconds
[2023-10-10T01:20:25.024+0000] {processor.py:157} INFO - Started process (PID=1295) to work on /home/airflow/.local/lib/python3.8/site-packages/airflow/example_dags/example_params_trigger_ui.py
[2023-10-10T01:20:25.025+0000] {processor.py:829} INFO - Processing file /home/airflow/.local/lib/python3.8/site-packages/airflow/example_dags/example_params_trigger_ui.py for tasks to queue
[2023-10-10T01:20:25.026+0000] {logging_mixin.py:151} INFO - [2023-10-10T01:20:25.026+0000] {dagbag.py:539} INFO - Filling up the DagBag from /home/airflow/.local/lib/python3.8/site-packages/airflow/example_dags/example_params_trigger_ui.py
[2023-10-10T01:20:25.037+0000] {processor.py:839} INFO - DAG(s) dict_keys(['example_params_trigger_ui']) retrieved from /home/airflow/.local/lib/python3.8/site-packages/airflow/example_dags/example_params_trigger_ui.py
[2023-10-10T01:20:25.060+0000] {logging_mixin.py:151} INFO - [2023-10-10T01:20:25.060+0000] {dag.py:2915} INFO - Sync 1 DAGs
[2023-10-10T01:20:25.067+0000] {logging_mixin.py:151} INFO - [2023-10-10T01:20:25.067+0000] {dag.py:3696} INFO - Setting next_dagrun for example_params_trigger_ui to None, run_after=None
[2023-10-10T01:20:25.074+0000] {processor.py:179} INFO - Processing /home/airflow/.local/lib/python3.8/site-packages/airflow/example_dags/example_params_trigger_ui.py took 0.052 seconds
[2023-10-10T01:20:56.261+0000] {processor.py:157} INFO - Started process (PID=1535) to work on /home/airflow/.local/lib/python3.8/site-packages/airflow/example_dags/example_params_trigger_ui.py
[2023-10-10T01:20:56.262+0000] {processor.py:829} INFO - Processing file /home/airflow/.local/lib/python3.8/site-packages/airflow/example_dags/example_params_trigger_ui.py for tasks to queue
[2023-10-10T01:20:56.262+0000] {logging_mixin.py:151} INFO - [2023-10-10T01:20:56.262+0000] {dagbag.py:539} INFO - Filling up the DagBag from /home/airflow/.local/lib/python3.8/site-packages/airflow/example_dags/example_params_trigger_ui.py
[2023-10-10T01:20:56.272+0000] {processor.py:839} INFO - DAG(s) dict_keys(['example_params_trigger_ui']) retrieved from /home/airflow/.local/lib/python3.8/site-packages/airflow/example_dags/example_params_trigger_ui.py
[2023-10-10T01:20:56.295+0000] {logging_mixin.py:151} INFO - [2023-10-10T01:20:56.294+0000] {dag.py:2915} INFO - Sync 1 DAGs
[2023-10-10T01:20:56.300+0000] {logging_mixin.py:151} INFO - [2023-10-10T01:20:56.300+0000] {dag.py:3696} INFO - Setting next_dagrun for example_params_trigger_ui to None, run_after=None
[2023-10-10T01:20:56.307+0000] {processor.py:179} INFO - Processing /home/airflow/.local/lib/python3.8/site-packages/airflow/example_dags/example_params_trigger_ui.py took 0.047 seconds
[2023-10-10T01:21:27.496+0000] {processor.py:157} INFO - Started process (PID=1773) to work on /home/airflow/.local/lib/python3.8/site-packages/airflow/example_dags/example_params_trigger_ui.py
[2023-10-10T01:21:27.496+0000] {processor.py:829} INFO - Processing file /home/airflow/.local/lib/python3.8/site-packages/airflow/example_dags/example_params_trigger_ui.py for tasks to queue
[2023-10-10T01:21:27.497+0000] {logging_mixin.py:151} INFO - [2023-10-10T01:21:27.497+0000] {dagbag.py:539} INFO - Filling up the DagBag from /home/airflow/.local/lib/python3.8/site-packages/airflow/example_dags/example_params_trigger_ui.py
[2023-10-10T01:21:27.506+0000] {processor.py:839} INFO - DAG(s) dict_keys(['example_params_trigger_ui']) retrieved from /home/airflow/.local/lib/python3.8/site-packages/airflow/example_dags/example_params_trigger_ui.py
[2023-10-10T01:21:27.528+0000] {logging_mixin.py:151} INFO - [2023-10-10T01:21:27.528+0000] {dag.py:2915} INFO - Sync 1 DAGs
[2023-10-10T01:21:27.534+0000] {logging_mixin.py:151} INFO - [2023-10-10T01:21:27.534+0000] {dag.py:3696} INFO - Setting next_dagrun for example_params_trigger_ui to None, run_after=None
[2023-10-10T01:21:27.542+0000] {processor.py:179} INFO - Processing /home/airflow/.local/lib/python3.8/site-packages/airflow/example_dags/example_params_trigger_ui.py took 0.048 seconds
[2023-10-10T01:21:58.758+0000] {processor.py:157} INFO - Started process (PID=2011) to work on /home/airflow/.local/lib/python3.8/site-packages/airflow/example_dags/example_params_trigger_ui.py
[2023-10-10T01:21:58.758+0000] {processor.py:829} INFO - Processing file /home/airflow/.local/lib/python3.8/site-packages/airflow/example_dags/example_params_trigger_ui.py for tasks to queue
[2023-10-10T01:21:58.759+0000] {logging_mixin.py:151} INFO - [2023-10-10T01:21:58.759+0000] {dagbag.py:539} INFO - Filling up the DagBag from /home/airflow/.local/lib/python3.8/site-packages/airflow/example_dags/example_params_trigger_ui.py
[2023-10-10T01:21:58.770+0000] {processor.py:839} INFO - DAG(s) dict_keys(['example_params_trigger_ui']) retrieved from /home/airflow/.local/lib/python3.8/site-packages/airflow/example_dags/example_params_trigger_ui.py
[2023-10-10T01:21:58.795+0000] {logging_mixin.py:151} INFO - [2023-10-10T01:21:58.795+0000] {dag.py:2915} INFO - Sync 1 DAGs
[2023-10-10T01:21:58.801+0000] {logging_mixin.py:151} INFO - [2023-10-10T01:21:58.801+0000] {dag.py:3696} INFO - Setting next_dagrun for example_params_trigger_ui to None, run_after=None
[2023-10-10T01:21:58.809+0000] {processor.py:179} INFO - Processing /home/airflow/.local/lib/python3.8/site-packages/airflow/example_dags/example_params_trigger_ui.py took 0.053 seconds
[2023-10-10T01:22:29.040+0000] {processor.py:157} INFO - Started process (PID=2249) to work on /home/airflow/.local/lib/python3.8/site-packages/airflow/example_dags/example_params_trigger_ui.py
[2023-10-10T01:22:29.041+0000] {processor.py:829} INFO - Processing file /home/airflow/.local/lib/python3.8/site-packages/airflow/example_dags/example_params_trigger_ui.py for tasks to queue
[2023-10-10T01:22:29.041+0000] {logging_mixin.py:151} INFO - [2023-10-10T01:22:29.041+0000] {dagbag.py:539} INFO - Filling up the DagBag from /home/airflow/.local/lib/python3.8/site-packages/airflow/example_dags/example_params_trigger_ui.py
[2023-10-10T01:22:29.050+0000] {processor.py:839} INFO - DAG(s) dict_keys(['example_params_trigger_ui']) retrieved from /home/airflow/.local/lib/python3.8/site-packages/airflow/example_dags/example_params_trigger_ui.py
[2023-10-10T01:22:29.076+0000] {logging_mixin.py:151} INFO - [2023-10-10T01:22:29.076+0000] {dag.py:2915} INFO - Sync 1 DAGs
[2023-10-10T01:22:29.082+0000] {logging_mixin.py:151} INFO - [2023-10-10T01:22:29.082+0000] {dag.py:3696} INFO - Setting next_dagrun for example_params_trigger_ui to None, run_after=None
[2023-10-10T01:22:29.090+0000] {processor.py:179} INFO - Processing /home/airflow/.local/lib/python3.8/site-packages/airflow/example_dags/example_params_trigger_ui.py took 0.051 seconds
[2023-10-10T01:23:00.182+0000] {processor.py:157} INFO - Started process (PID=2486) to work on /home/airflow/.local/lib/python3.8/site-packages/airflow/example_dags/example_params_trigger_ui.py
[2023-10-10T01:23:00.183+0000] {processor.py:829} INFO - Processing file /home/airflow/.local/lib/python3.8/site-packages/airflow/example_dags/example_params_trigger_ui.py for tasks to queue
[2023-10-10T01:23:00.183+0000] {logging_mixin.py:151} INFO - [2023-10-10T01:23:00.183+0000] {dagbag.py:539} INFO - Filling up the DagBag from /home/airflow/.local/lib/python3.8/site-packages/airflow/example_dags/example_params_trigger_ui.py
[2023-10-10T01:23:00.193+0000] {processor.py:839} INFO - DAG(s) dict_keys(['example_params_trigger_ui']) retrieved from /home/airflow/.local/lib/python3.8/site-packages/airflow/example_dags/example_params_trigger_ui.py
[2023-10-10T01:23:00.219+0000] {logging_mixin.py:151} INFO - [2023-10-10T01:23:00.219+0000] {dag.py:2915} INFO - Sync 1 DAGs
[2023-10-10T01:23:00.225+0000] {logging_mixin.py:151} INFO - [2023-10-10T01:23:00.225+0000] {dag.py:3696} INFO - Setting next_dagrun for example_params_trigger_ui to None, run_after=None
[2023-10-10T01:23:00.233+0000] {processor.py:179} INFO - Processing /home/airflow/.local/lib/python3.8/site-packages/airflow/example_dags/example_params_trigger_ui.py took 0.053 seconds
[2023-10-10T01:23:30.506+0000] {processor.py:157} INFO - Started process (PID=2724) to work on /home/airflow/.local/lib/python3.8/site-packages/airflow/example_dags/example_params_trigger_ui.py
[2023-10-10T01:23:30.506+0000] {processor.py:829} INFO - Processing file /home/airflow/.local/lib/python3.8/site-packages/airflow/example_dags/example_params_trigger_ui.py for tasks to queue
[2023-10-10T01:23:30.507+0000] {logging_mixin.py:151} INFO - [2023-10-10T01:23:30.507+0000] {dagbag.py:539} INFO - Filling up the DagBag from /home/airflow/.local/lib/python3.8/site-packages/airflow/example_dags/example_params_trigger_ui.py
[2023-10-10T01:23:30.516+0000] {processor.py:839} INFO - DAG(s) dict_keys(['example_params_trigger_ui']) retrieved from /home/airflow/.local/lib/python3.8/site-packages/airflow/example_dags/example_params_trigger_ui.py
[2023-10-10T01:23:30.544+0000] {logging_mixin.py:151} INFO - [2023-10-10T01:23:30.543+0000] {dag.py:2915} INFO - Sync 1 DAGs
[2023-10-10T01:23:30.551+0000] {logging_mixin.py:151} INFO - [2023-10-10T01:23:30.551+0000] {dag.py:3696} INFO - Setting next_dagrun for example_params_trigger_ui to None, run_after=None
[2023-10-10T01:23:30.559+0000] {processor.py:179} INFO - Processing /home/airflow/.local/lib/python3.8/site-packages/airflow/example_dags/example_params_trigger_ui.py took 0.056 seconds
[2023-10-10T01:24:01.794+0000] {processor.py:157} INFO - Started process (PID=2961) to work on /home/airflow/.local/lib/python3.8/site-packages/airflow/example_dags/example_params_trigger_ui.py
[2023-10-10T01:24:01.794+0000] {processor.py:829} INFO - Processing file /home/airflow/.local/lib/python3.8/site-packages/airflow/example_dags/example_params_trigger_ui.py for tasks to queue
[2023-10-10T01:24:01.795+0000] {logging_mixin.py:151} INFO - [2023-10-10T01:24:01.795+0000] {dagbag.py:539} INFO - Filling up the DagBag from /home/airflow/.local/lib/python3.8/site-packages/airflow/example_dags/example_params_trigger_ui.py
[2023-10-10T01:24:01.806+0000] {processor.py:839} INFO - DAG(s) dict_keys(['example_params_trigger_ui']) retrieved from /home/airflow/.local/lib/python3.8/site-packages/airflow/example_dags/example_params_trigger_ui.py
[2023-10-10T01:24:01.830+0000] {logging_mixin.py:151} INFO - [2023-10-10T01:24:01.829+0000] {dag.py:2915} INFO - Sync 1 DAGs
[2023-10-10T01:24:01.835+0000] {logging_mixin.py:151} INFO - [2023-10-10T01:24:01.835+0000] {dag.py:3696} INFO - Setting next_dagrun for example_params_trigger_ui to None, run_after=None
[2023-10-10T01:24:01.843+0000] {processor.py:179} INFO - Processing /home/airflow/.local/lib/python3.8/site-packages/airflow/example_dags/example_params_trigger_ui.py took 0.051 seconds
[2023-10-10T01:24:33.072+0000] {processor.py:157} INFO - Started process (PID=3199) to work on /home/airflow/.local/lib/python3.8/site-packages/airflow/example_dags/example_params_trigger_ui.py
[2023-10-10T01:24:33.073+0000] {processor.py:829} INFO - Processing file /home/airflow/.local/lib/python3.8/site-packages/airflow/example_dags/example_params_trigger_ui.py for tasks to queue
[2023-10-10T01:24:33.073+0000] {logging_mixin.py:151} INFO - [2023-10-10T01:24:33.073+0000] {dagbag.py:539} INFO - Filling up the DagBag from /home/airflow/.local/lib/python3.8/site-packages/airflow/example_dags/example_params_trigger_ui.py
[2023-10-10T01:24:33.084+0000] {processor.py:839} INFO - DAG(s) dict_keys(['example_params_trigger_ui']) retrieved from /home/airflow/.local/lib/python3.8/site-packages/airflow/example_dags/example_params_trigger_ui.py
[2023-10-10T01:24:33.111+0000] {logging_mixin.py:151} INFO - [2023-10-10T01:24:33.111+0000] {dag.py:2915} INFO - Sync 1 DAGs
[2023-10-10T01:24:33.117+0000] {logging_mixin.py:151} INFO - [2023-10-10T01:24:33.117+0000] {dag.py:3696} INFO - Setting next_dagrun for example_params_trigger_ui to None, run_after=None
[2023-10-10T01:24:33.126+0000] {processor.py:179} INFO - Processing /home/airflow/.local/lib/python3.8/site-packages/airflow/example_dags/example_params_trigger_ui.py took 0.055 seconds
[2023-10-10T01:25:04.241+0000] {processor.py:157} INFO - Started process (PID=3437) to work on /home/airflow/.local/lib/python3.8/site-packages/airflow/example_dags/example_params_trigger_ui.py
[2023-10-10T01:25:04.242+0000] {processor.py:829} INFO - Processing file /home/airflow/.local/lib/python3.8/site-packages/airflow/example_dags/example_params_trigger_ui.py for tasks to queue
[2023-10-10T01:25:04.242+0000] {logging_mixin.py:151} INFO - [2023-10-10T01:25:04.242+0000] {dagbag.py:539} INFO - Filling up the DagBag from /home/airflow/.local/lib/python3.8/site-packages/airflow/example_dags/example_params_trigger_ui.py
[2023-10-10T01:25:04.252+0000] {processor.py:839} INFO - DAG(s) dict_keys(['example_params_trigger_ui']) retrieved from /home/airflow/.local/lib/python3.8/site-packages/airflow/example_dags/example_params_trigger_ui.py
[2023-10-10T01:25:04.275+0000] {logging_mixin.py:151} INFO - [2023-10-10T01:25:04.275+0000] {dag.py:2915} INFO - Sync 1 DAGs
[2023-10-10T01:25:04.281+0000] {logging_mixin.py:151} INFO - [2023-10-10T01:25:04.281+0000] {dag.py:3696} INFO - Setting next_dagrun for example_params_trigger_ui to None, run_after=None
[2023-10-10T01:25:04.288+0000] {processor.py:179} INFO - Processing /home/airflow/.local/lib/python3.8/site-packages/airflow/example_dags/example_params_trigger_ui.py took 0.049 seconds
[2023-10-10T01:25:35.578+0000] {processor.py:157} INFO - Started process (PID=3675) to work on /home/airflow/.local/lib/python3.8/site-packages/airflow/example_dags/example_params_trigger_ui.py
[2023-10-10T01:25:35.578+0000] {processor.py:829} INFO - Processing file /home/airflow/.local/lib/python3.8/site-packages/airflow/example_dags/example_params_trigger_ui.py for tasks to queue
[2023-10-10T01:25:35.579+0000] {logging_mixin.py:151} INFO - [2023-10-10T01:25:35.578+0000] {dagbag.py:539} INFO - Filling up the DagBag from /home/airflow/.local/lib/python3.8/site-packages/airflow/example_dags/example_params_trigger_ui.py
[2023-10-10T01:25:35.588+0000] {processor.py:839} INFO - DAG(s) dict_keys(['example_params_trigger_ui']) retrieved from /home/airflow/.local/lib/python3.8/site-packages/airflow/example_dags/example_params_trigger_ui.py
[2023-10-10T01:25:35.612+0000] {logging_mixin.py:151} INFO - [2023-10-10T01:25:35.612+0000] {dag.py:2915} INFO - Sync 1 DAGs
[2023-10-10T01:25:35.620+0000] {logging_mixin.py:151} INFO - [2023-10-10T01:25:35.619+0000] {dag.py:3696} INFO - Setting next_dagrun for example_params_trigger_ui to None, run_after=None
[2023-10-10T01:25:35.627+0000] {processor.py:179} INFO - Processing /home/airflow/.local/lib/python3.8/site-packages/airflow/example_dags/example_params_trigger_ui.py took 0.051 seconds
[2023-10-10T01:26:06.883+0000] {processor.py:157} INFO - Started process (PID=3913) to work on /home/airflow/.local/lib/python3.8/site-packages/airflow/example_dags/example_params_trigger_ui.py
[2023-10-10T01:26:06.884+0000] {processor.py:829} INFO - Processing file /home/airflow/.local/lib/python3.8/site-packages/airflow/example_dags/example_params_trigger_ui.py for tasks to queue
[2023-10-10T01:26:06.884+0000] {logging_mixin.py:151} INFO - [2023-10-10T01:26:06.884+0000] {dagbag.py:539} INFO - Filling up the DagBag from /home/airflow/.local/lib/python3.8/site-packages/airflow/example_dags/example_params_trigger_ui.py
[2023-10-10T01:26:06.894+0000] {processor.py:839} INFO - DAG(s) dict_keys(['example_params_trigger_ui']) retrieved from /home/airflow/.local/lib/python3.8/site-packages/airflow/example_dags/example_params_trigger_ui.py
[2023-10-10T01:26:06.920+0000] {logging_mixin.py:151} INFO - [2023-10-10T01:26:06.920+0000] {dag.py:2915} INFO - Sync 1 DAGs
[2023-10-10T01:26:06.926+0000] {logging_mixin.py:151} INFO - [2023-10-10T01:26:06.926+0000] {dag.py:3696} INFO - Setting next_dagrun for example_params_trigger_ui to None, run_after=None
[2023-10-10T01:26:06.934+0000] {processor.py:179} INFO - Processing /home/airflow/.local/lib/python3.8/site-packages/airflow/example_dags/example_params_trigger_ui.py took 0.052 seconds
[2023-10-10T01:26:38.157+0000] {processor.py:157} INFO - Started process (PID=4152) to work on /home/airflow/.local/lib/python3.8/site-packages/airflow/example_dags/example_params_trigger_ui.py
[2023-10-10T01:26:38.157+0000] {processor.py:829} INFO - Processing file /home/airflow/.local/lib/python3.8/site-packages/airflow/example_dags/example_params_trigger_ui.py for tasks to queue
[2023-10-10T01:26:38.158+0000] {logging_mixin.py:151} INFO - [2023-10-10T01:26:38.158+0000] {dagbag.py:539} INFO - Filling up the DagBag from /home/airflow/.local/lib/python3.8/site-packages/airflow/example_dags/example_params_trigger_ui.py
[2023-10-10T01:26:38.167+0000] {processor.py:839} INFO - DAG(s) dict_keys(['example_params_trigger_ui']) retrieved from /home/airflow/.local/lib/python3.8/site-packages/airflow/example_dags/example_params_trigger_ui.py
[2023-10-10T01:26:38.190+0000] {logging_mixin.py:151} INFO - [2023-10-10T01:26:38.190+0000] {dag.py:2915} INFO - Sync 1 DAGs
[2023-10-10T01:26:38.197+0000] {logging_mixin.py:151} INFO - [2023-10-10T01:26:38.197+0000] {dag.py:3696} INFO - Setting next_dagrun for example_params_trigger_ui to None, run_after=None
[2023-10-10T01:26:38.204+0000] {processor.py:179} INFO - Processing /home/airflow/.local/lib/python3.8/site-packages/airflow/example_dags/example_params_trigger_ui.py took 0.049 seconds
[2023-10-10T01:27:09.403+0000] {processor.py:157} INFO - Started process (PID=4390) to work on /home/airflow/.local/lib/python3.8/site-packages/airflow/example_dags/example_params_trigger_ui.py
[2023-10-10T01:27:09.404+0000] {processor.py:829} INFO - Processing file /home/airflow/.local/lib/python3.8/site-packages/airflow/example_dags/example_params_trigger_ui.py for tasks to queue
[2023-10-10T01:27:09.404+0000] {logging_mixin.py:151} INFO - [2023-10-10T01:27:09.404+0000] {dagbag.py:539} INFO - Filling up the DagBag from /home/airflow/.local/lib/python3.8/site-packages/airflow/example_dags/example_params_trigger_ui.py
[2023-10-10T01:27:09.413+0000] {processor.py:839} INFO - DAG(s) dict_keys(['example_params_trigger_ui']) retrieved from /home/airflow/.local/lib/python3.8/site-packages/airflow/example_dags/example_params_trigger_ui.py
[2023-10-10T01:27:09.439+0000] {logging_mixin.py:151} INFO - [2023-10-10T01:27:09.439+0000] {dag.py:2915} INFO - Sync 1 DAGs
[2023-10-10T01:27:09.445+0000] {logging_mixin.py:151} INFO - [2023-10-10T01:27:09.445+0000] {dag.py:3696} INFO - Setting next_dagrun for example_params_trigger_ui to None, run_after=None
[2023-10-10T01:27:09.455+0000] {processor.py:179} INFO - Processing /home/airflow/.local/lib/python3.8/site-packages/airflow/example_dags/example_params_trigger_ui.py took 0.054 seconds
[2023-10-10T01:27:40.550+0000] {processor.py:157} INFO - Started process (PID=4628) to work on /home/airflow/.local/lib/python3.8/site-packages/airflow/example_dags/example_params_trigger_ui.py
[2023-10-10T01:27:40.551+0000] {processor.py:829} INFO - Processing file /home/airflow/.local/lib/python3.8/site-packages/airflow/example_dags/example_params_trigger_ui.py for tasks to queue
[2023-10-10T01:27:40.551+0000] {logging_mixin.py:151} INFO - [2023-10-10T01:27:40.551+0000] {dagbag.py:539} INFO - Filling up the DagBag from /home/airflow/.local/lib/python3.8/site-packages/airflow/example_dags/example_params_trigger_ui.py
[2023-10-10T01:27:40.561+0000] {processor.py:839} INFO - DAG(s) dict_keys(['example_params_trigger_ui']) retrieved from /home/airflow/.local/lib/python3.8/site-packages/airflow/example_dags/example_params_trigger_ui.py
[2023-10-10T01:27:40.587+0000] {logging_mixin.py:151} INFO - [2023-10-10T01:27:40.587+0000] {dag.py:2915} INFO - Sync 1 DAGs
[2023-10-10T01:27:40.594+0000] {logging_mixin.py:151} INFO - [2023-10-10T01:27:40.594+0000] {dag.py:3696} INFO - Setting next_dagrun for example_params_trigger_ui to None, run_after=None
[2023-10-10T01:27:40.605+0000] {processor.py:179} INFO - Processing /home/airflow/.local/lib/python3.8/site-packages/airflow/example_dags/example_params_trigger_ui.py took 0.056 seconds
[2023-10-10T01:28:12.078+0000] {processor.py:157} INFO - Started process (PID=4868) to work on /home/airflow/.local/lib/python3.8/site-packages/airflow/example_dags/example_params_trigger_ui.py
[2023-10-10T01:28:12.079+0000] {processor.py:829} INFO - Processing file /home/airflow/.local/lib/python3.8/site-packages/airflow/example_dags/example_params_trigger_ui.py for tasks to queue
[2023-10-10T01:28:12.080+0000] {logging_mixin.py:151} INFO - [2023-10-10T01:28:12.080+0000] {dagbag.py:539} INFO - Filling up the DagBag from /home/airflow/.local/lib/python3.8/site-packages/airflow/example_dags/example_params_trigger_ui.py
[2023-10-10T01:28:12.090+0000] {processor.py:839} INFO - DAG(s) dict_keys(['example_params_trigger_ui']) retrieved from /home/airflow/.local/lib/python3.8/site-packages/airflow/example_dags/example_params_trigger_ui.py
[2023-10-10T01:28:12.114+0000] {logging_mixin.py:151} INFO - [2023-10-10T01:28:12.114+0000] {dag.py:2915} INFO - Sync 1 DAGs
[2023-10-10T01:28:12.120+0000] {logging_mixin.py:151} INFO - [2023-10-10T01:28:12.120+0000] {dag.py:3696} INFO - Setting next_dagrun for example_params_trigger_ui to None, run_after=None
[2023-10-10T01:28:12.127+0000] {processor.py:179} INFO - Processing /home/airflow/.local/lib/python3.8/site-packages/airflow/example_dags/example_params_trigger_ui.py took 0.051 seconds
[2023-10-10T01:28:43.447+0000] {processor.py:157} INFO - Started process (PID=5104) to work on /home/airflow/.local/lib/python3.8/site-packages/airflow/example_dags/example_params_trigger_ui.py
[2023-10-10T01:28:43.448+0000] {processor.py:829} INFO - Processing file /home/airflow/.local/lib/python3.8/site-packages/airflow/example_dags/example_params_trigger_ui.py for tasks to queue
[2023-10-10T01:28:43.448+0000] {logging_mixin.py:151} INFO - [2023-10-10T01:28:43.448+0000] {dagbag.py:539} INFO - Filling up the DagBag from /home/airflow/.local/lib/python3.8/site-packages/airflow/example_dags/example_params_trigger_ui.py
[2023-10-10T01:28:43.463+0000] {processor.py:839} INFO - DAG(s) dict_keys(['example_params_trigger_ui']) retrieved from /home/airflow/.local/lib/python3.8/site-packages/airflow/example_dags/example_params_trigger_ui.py
[2023-10-10T01:28:43.501+0000] {logging_mixin.py:151} INFO - [2023-10-10T01:28:43.500+0000] {dag.py:2915} INFO - Sync 1 DAGs
[2023-10-10T01:28:43.509+0000] {logging_mixin.py:151} INFO - [2023-10-10T01:28:43.509+0000] {dag.py:3696} INFO - Setting next_dagrun for example_params_trigger_ui to None, run_after=None
[2023-10-10T01:28:43.518+0000] {processor.py:179} INFO - Processing /home/airflow/.local/lib/python3.8/site-packages/airflow/example_dags/example_params_trigger_ui.py took 0.073 seconds
[2023-10-10T01:29:14.522+0000] {processor.py:157} INFO - Started process (PID=5342) to work on /home/airflow/.local/lib/python3.8/site-packages/airflow/example_dags/example_params_trigger_ui.py
[2023-10-10T01:29:14.522+0000] {processor.py:829} INFO - Processing file /home/airflow/.local/lib/python3.8/site-packages/airflow/example_dags/example_params_trigger_ui.py for tasks to queue
[2023-10-10T01:29:14.523+0000] {logging_mixin.py:151} INFO - [2023-10-10T01:29:14.523+0000] {dagbag.py:539} INFO - Filling up the DagBag from /home/airflow/.local/lib/python3.8/site-packages/airflow/example_dags/example_params_trigger_ui.py
[2023-10-10T01:29:14.533+0000] {processor.py:839} INFO - DAG(s) dict_keys(['example_params_trigger_ui']) retrieved from /home/airflow/.local/lib/python3.8/site-packages/airflow/example_dags/example_params_trigger_ui.py
[2023-10-10T01:29:14.556+0000] {logging_mixin.py:151} INFO - [2023-10-10T01:29:14.556+0000] {dag.py:2915} INFO - Sync 1 DAGs
[2023-10-10T01:29:14.562+0000] {logging_mixin.py:151} INFO - [2023-10-10T01:29:14.562+0000] {dag.py:3696} INFO - Setting next_dagrun for example_params_trigger_ui to None, run_after=None
[2023-10-10T01:29:14.570+0000] {processor.py:179} INFO - Processing /home/airflow/.local/lib/python3.8/site-packages/airflow/example_dags/example_params_trigger_ui.py took 0.051 seconds
[2023-10-10T01:29:45.737+0000] {processor.py:157} INFO - Started process (PID=5580) to work on /home/airflow/.local/lib/python3.8/site-packages/airflow/example_dags/example_params_trigger_ui.py
[2023-10-10T01:29:45.738+0000] {processor.py:829} INFO - Processing file /home/airflow/.local/lib/python3.8/site-packages/airflow/example_dags/example_params_trigger_ui.py for tasks to queue
[2023-10-10T01:29:45.738+0000] {logging_mixin.py:151} INFO - [2023-10-10T01:29:45.738+0000] {dagbag.py:539} INFO - Filling up the DagBag from /home/airflow/.local/lib/python3.8/site-packages/airflow/example_dags/example_params_trigger_ui.py
[2023-10-10T01:29:45.747+0000] {processor.py:839} INFO - DAG(s) dict_keys(['example_params_trigger_ui']) retrieved from /home/airflow/.local/lib/python3.8/site-packages/airflow/example_dags/example_params_trigger_ui.py
[2023-10-10T01:29:45.775+0000] {logging_mixin.py:151} INFO - [2023-10-10T01:29:45.775+0000] {dag.py:2915} INFO - Sync 1 DAGs
[2023-10-10T01:29:45.781+0000] {logging_mixin.py:151} INFO - [2023-10-10T01:29:45.781+0000] {dag.py:3696} INFO - Setting next_dagrun for example_params_trigger_ui to None, run_after=None
[2023-10-10T01:29:45.788+0000] {processor.py:179} INFO - Processing /home/airflow/.local/lib/python3.8/site-packages/airflow/example_dags/example_params_trigger_ui.py took 0.053 seconds
[2023-10-10T01:30:17.148+0000] {processor.py:157} INFO - Started process (PID=5827) to work on /home/airflow/.local/lib/python3.8/site-packages/airflow/example_dags/example_params_trigger_ui.py
[2023-10-10T01:30:17.149+0000] {processor.py:829} INFO - Processing file /home/airflow/.local/lib/python3.8/site-packages/airflow/example_dags/example_params_trigger_ui.py for tasks to queue
[2023-10-10T01:30:17.149+0000] {logging_mixin.py:151} INFO - [2023-10-10T01:30:17.149+0000] {dagbag.py:539} INFO - Filling up the DagBag from /home/airflow/.local/lib/python3.8/site-packages/airflow/example_dags/example_params_trigger_ui.py
[2023-10-10T01:30:17.158+0000] {processor.py:839} INFO - DAG(s) dict_keys(['example_params_trigger_ui']) retrieved from /home/airflow/.local/lib/python3.8/site-packages/airflow/example_dags/example_params_trigger_ui.py
[2023-10-10T01:30:17.181+0000] {logging_mixin.py:151} INFO - [2023-10-10T01:30:17.181+0000] {dag.py:2915} INFO - Sync 1 DAGs
[2023-10-10T01:30:17.186+0000] {logging_mixin.py:151} INFO - [2023-10-10T01:30:17.186+0000] {dag.py:3696} INFO - Setting next_dagrun for example_params_trigger_ui to None, run_after=None
[2023-10-10T01:30:17.193+0000] {processor.py:179} INFO - Processing /home/airflow/.local/lib/python3.8/site-packages/airflow/example_dags/example_params_trigger_ui.py took 0.047 seconds
[2023-10-10T01:30:48.322+0000] {processor.py:157} INFO - Started process (PID=6064) to work on /home/airflow/.local/lib/python3.8/site-packages/airflow/example_dags/example_params_trigger_ui.py
[2023-10-10T01:30:48.323+0000] {processor.py:829} INFO - Processing file /home/airflow/.local/lib/python3.8/site-packages/airflow/example_dags/example_params_trigger_ui.py for tasks to queue
[2023-10-10T01:30:48.323+0000] {logging_mixin.py:151} INFO - [2023-10-10T01:30:48.323+0000] {dagbag.py:539} INFO - Filling up the DagBag from /home/airflow/.local/lib/python3.8/site-packages/airflow/example_dags/example_params_trigger_ui.py
[2023-10-10T01:30:48.332+0000] {processor.py:839} INFO - DAG(s) dict_keys(['example_params_trigger_ui']) retrieved from /home/airflow/.local/lib/python3.8/site-packages/airflow/example_dags/example_params_trigger_ui.py
[2023-10-10T01:30:48.356+0000] {logging_mixin.py:151} INFO - [2023-10-10T01:30:48.355+0000] {dag.py:2915} INFO - Sync 1 DAGs
[2023-10-10T01:30:48.364+0000] {logging_mixin.py:151} INFO - [2023-10-10T01:30:48.364+0000] {dag.py:3696} INFO - Setting next_dagrun for example_params_trigger_ui to None, run_after=None
[2023-10-10T01:30:48.372+0000] {processor.py:179} INFO - Processing /home/airflow/.local/lib/python3.8/site-packages/airflow/example_dags/example_params_trigger_ui.py took 0.052 seconds
[2023-10-10T01:31:19.066+0000] {processor.py:157} INFO - Started process (PID=6304) to work on /home/airflow/.local/lib/python3.8/site-packages/airflow/example_dags/example_params_trigger_ui.py
[2023-10-10T01:31:19.067+0000] {processor.py:829} INFO - Processing file /home/airflow/.local/lib/python3.8/site-packages/airflow/example_dags/example_params_trigger_ui.py for tasks to queue
[2023-10-10T01:31:19.067+0000] {logging_mixin.py:151} INFO - [2023-10-10T01:31:19.067+0000] {dagbag.py:539} INFO - Filling up the DagBag from /home/airflow/.local/lib/python3.8/site-packages/airflow/example_dags/example_params_trigger_ui.py
[2023-10-10T01:31:19.077+0000] {processor.py:839} INFO - DAG(s) dict_keys(['example_params_trigger_ui']) retrieved from /home/airflow/.local/lib/python3.8/site-packages/airflow/example_dags/example_params_trigger_ui.py
[2023-10-10T01:31:19.099+0000] {logging_mixin.py:151} INFO - [2023-10-10T01:31:19.099+0000] {dag.py:2915} INFO - Sync 1 DAGs
[2023-10-10T01:31:19.105+0000] {logging_mixin.py:151} INFO - [2023-10-10T01:31:19.104+0000] {dag.py:3696} INFO - Setting next_dagrun for example_params_trigger_ui to None, run_after=None
[2023-10-10T01:31:19.111+0000] {processor.py:179} INFO - Processing /home/airflow/.local/lib/python3.8/site-packages/airflow/example_dags/example_params_trigger_ui.py took 0.047 seconds
