[2023-10-10T01:18:22.341+0000] {processor.py:157} INFO - Started process (PID=312) to work on /home/airflow/.local/lib/python3.8/site-packages/airflow/example_dags/example_xcomargs.py
[2023-10-10T01:18:22.341+0000] {processor.py:829} INFO - Processing file /home/airflow/.local/lib/python3.8/site-packages/airflow/example_dags/example_xcomargs.py for tasks to queue
[2023-10-10T01:18:22.342+0000] {logging_mixin.py:151} INFO - [2023-10-10T01:18:22.342+0000] {dagbag.py:539} INFO - Filling up the DagBag from /home/airflow/.local/lib/python3.8/site-packages/airflow/example_dags/example_xcomargs.py
[2023-10-10T01:18:22.347+0000] {processor.py:839} INFO - DAG(s) dict_keys(['example_xcom_args', 'example_xcom_args_with_operators']) retrieved from /home/airflow/.local/lib/python3.8/site-packages/airflow/example_dags/example_xcomargs.py
[2023-10-10T01:18:22.360+0000] {logging_mixin.py:151} INFO - [2023-10-10T01:18:22.360+0000] {dag.py:2915} INFO - Sync 2 DAGs
[2023-10-10T01:18:22.468+0000] {logging_mixin.py:151} INFO - [2023-10-10T01:18:22.468+0000] {dag.py:3696} INFO - Setting next_dagrun for example_xcom_args to None, run_after=None
[2023-10-10T01:18:22.470+0000] {logging_mixin.py:151} INFO - [2023-10-10T01:18:22.470+0000] {dag.py:3696} INFO - Setting next_dagrun for example_xcom_args_with_operators to None, run_after=None
[2023-10-10T01:18:22.479+0000] {processor.py:179} INFO - Processing /home/airflow/.local/lib/python3.8/site-packages/airflow/example_dags/example_xcomargs.py took 0.140 seconds
[2023-10-10T01:18:53.159+0000] {processor.py:157} INFO - Started process (PID=550) to work on /home/airflow/.local/lib/python3.8/site-packages/airflow/example_dags/example_xcomargs.py
[2023-10-10T01:18:53.160+0000] {processor.py:829} INFO - Processing file /home/airflow/.local/lib/python3.8/site-packages/airflow/example_dags/example_xcomargs.py for tasks to queue
[2023-10-10T01:18:53.161+0000] {logging_mixin.py:151} INFO - [2023-10-10T01:18:53.161+0000] {dagbag.py:539} INFO - Filling up the DagBag from /home/airflow/.local/lib/python3.8/site-packages/airflow/example_dags/example_xcomargs.py
[2023-10-10T01:18:53.166+0000] {processor.py:839} INFO - DAG(s) dict_keys(['example_xcom_args', 'example_xcom_args_with_operators']) retrieved from /home/airflow/.local/lib/python3.8/site-packages/airflow/example_dags/example_xcomargs.py
[2023-10-10T01:18:53.181+0000] {logging_mixin.py:151} INFO - [2023-10-10T01:18:53.181+0000] {dag.py:2915} INFO - Sync 2 DAGs
[2023-10-10T01:18:53.188+0000] {logging_mixin.py:151} INFO - [2023-10-10T01:18:53.188+0000] {dag.py:3696} INFO - Setting next_dagrun for example_xcom_args to None, run_after=None
[2023-10-10T01:18:53.190+0000] {logging_mixin.py:151} INFO - [2023-10-10T01:18:53.190+0000] {dag.py:3696} INFO - Setting next_dagrun for example_xcom_args_with_operators to None, run_after=None
[2023-10-10T01:18:53.198+0000] {processor.py:179} INFO - Processing /home/airflow/.local/lib/python3.8/site-packages/airflow/example_dags/example_xcomargs.py took 0.041 seconds
[2023-10-10T01:19:23.344+0000] {processor.py:157} INFO - Started process (PID=790) to work on /home/airflow/.local/lib/python3.8/site-packages/airflow/example_dags/example_xcomargs.py
[2023-10-10T01:19:23.345+0000] {processor.py:829} INFO - Processing file /home/airflow/.local/lib/python3.8/site-packages/airflow/example_dags/example_xcomargs.py for tasks to queue
[2023-10-10T01:19:23.346+0000] {logging_mixin.py:151} INFO - [2023-10-10T01:19:23.345+0000] {dagbag.py:539} INFO - Filling up the DagBag from /home/airflow/.local/lib/python3.8/site-packages/airflow/example_dags/example_xcomargs.py
[2023-10-10T01:19:23.350+0000] {processor.py:839} INFO - DAG(s) dict_keys(['example_xcom_args', 'example_xcom_args_with_operators']) retrieved from /home/airflow/.local/lib/python3.8/site-packages/airflow/example_dags/example_xcomargs.py
[2023-10-10T01:19:23.363+0000] {logging_mixin.py:151} INFO - [2023-10-10T01:19:23.363+0000] {dag.py:2915} INFO - Sync 2 DAGs
[2023-10-10T01:19:23.369+0000] {logging_mixin.py:151} INFO - [2023-10-10T01:19:23.369+0000] {dag.py:3696} INFO - Setting next_dagrun for example_xcom_args to None, run_after=None
[2023-10-10T01:19:23.370+0000] {logging_mixin.py:151} INFO - [2023-10-10T01:19:23.370+0000] {dag.py:3696} INFO - Setting next_dagrun for example_xcom_args_with_operators to None, run_after=None
[2023-10-10T01:19:23.377+0000] {processor.py:179} INFO - Processing /home/airflow/.local/lib/python3.8/site-packages/airflow/example_dags/example_xcomargs.py took 0.034 seconds
[2023-10-10T01:19:54.611+0000] {processor.py:157} INFO - Started process (PID=1029) to work on /home/airflow/.local/lib/python3.8/site-packages/airflow/example_dags/example_xcomargs.py
[2023-10-10T01:19:54.612+0000] {processor.py:829} INFO - Processing file /home/airflow/.local/lib/python3.8/site-packages/airflow/example_dags/example_xcomargs.py for tasks to queue
[2023-10-10T01:19:54.612+0000] {logging_mixin.py:151} INFO - [2023-10-10T01:19:54.612+0000] {dagbag.py:539} INFO - Filling up the DagBag from /home/airflow/.local/lib/python3.8/site-packages/airflow/example_dags/example_xcomargs.py
[2023-10-10T01:19:54.616+0000] {processor.py:839} INFO - DAG(s) dict_keys(['example_xcom_args', 'example_xcom_args_with_operators']) retrieved from /home/airflow/.local/lib/python3.8/site-packages/airflow/example_dags/example_xcomargs.py
[2023-10-10T01:19:54.631+0000] {logging_mixin.py:151} INFO - [2023-10-10T01:19:54.631+0000] {dag.py:2915} INFO - Sync 2 DAGs
[2023-10-10T01:19:54.637+0000] {logging_mixin.py:151} INFO - [2023-10-10T01:19:54.637+0000] {dag.py:3696} INFO - Setting next_dagrun for example_xcom_args to None, run_after=None
[2023-10-10T01:19:54.638+0000] {logging_mixin.py:151} INFO - [2023-10-10T01:19:54.638+0000] {dag.py:3696} INFO - Setting next_dagrun for example_xcom_args_with_operators to None, run_after=None
[2023-10-10T01:19:54.645+0000] {processor.py:179} INFO - Processing /home/airflow/.local/lib/python3.8/site-packages/airflow/example_dags/example_xcomargs.py took 0.035 seconds
[2023-10-10T01:20:24.871+0000] {processor.py:157} INFO - Started process (PID=1265) to work on /home/airflow/.local/lib/python3.8/site-packages/airflow/example_dags/example_xcomargs.py
[2023-10-10T01:20:24.872+0000] {processor.py:829} INFO - Processing file /home/airflow/.local/lib/python3.8/site-packages/airflow/example_dags/example_xcomargs.py for tasks to queue
[2023-10-10T01:20:24.872+0000] {logging_mixin.py:151} INFO - [2023-10-10T01:20:24.872+0000] {dagbag.py:539} INFO - Filling up the DagBag from /home/airflow/.local/lib/python3.8/site-packages/airflow/example_dags/example_xcomargs.py
[2023-10-10T01:20:24.877+0000] {processor.py:839} INFO - DAG(s) dict_keys(['example_xcom_args', 'example_xcom_args_with_operators']) retrieved from /home/airflow/.local/lib/python3.8/site-packages/airflow/example_dags/example_xcomargs.py
[2023-10-10T01:20:24.890+0000] {logging_mixin.py:151} INFO - [2023-10-10T01:20:24.890+0000] {dag.py:2915} INFO - Sync 2 DAGs
[2023-10-10T01:20:24.896+0000] {logging_mixin.py:151} INFO - [2023-10-10T01:20:24.896+0000] {dag.py:3696} INFO - Setting next_dagrun for example_xcom_args to None, run_after=None
[2023-10-10T01:20:24.898+0000] {logging_mixin.py:151} INFO - [2023-10-10T01:20:24.898+0000] {dag.py:3696} INFO - Setting next_dagrun for example_xcom_args_with_operators to None, run_after=None
[2023-10-10T01:20:24.905+0000] {processor.py:179} INFO - Processing /home/airflow/.local/lib/python3.8/site-packages/airflow/example_dags/example_xcomargs.py took 0.035 seconds
[2023-10-10T01:20:56.113+0000] {processor.py:157} INFO - Started process (PID=1505) to work on /home/airflow/.local/lib/python3.8/site-packages/airflow/example_dags/example_xcomargs.py
[2023-10-10T01:20:56.113+0000] {processor.py:829} INFO - Processing file /home/airflow/.local/lib/python3.8/site-packages/airflow/example_dags/example_xcomargs.py for tasks to queue
[2023-10-10T01:20:56.114+0000] {logging_mixin.py:151} INFO - [2023-10-10T01:20:56.114+0000] {dagbag.py:539} INFO - Filling up the DagBag from /home/airflow/.local/lib/python3.8/site-packages/airflow/example_dags/example_xcomargs.py
[2023-10-10T01:20:56.118+0000] {processor.py:839} INFO - DAG(s) dict_keys(['example_xcom_args', 'example_xcom_args_with_operators']) retrieved from /home/airflow/.local/lib/python3.8/site-packages/airflow/example_dags/example_xcomargs.py
[2023-10-10T01:20:56.132+0000] {logging_mixin.py:151} INFO - [2023-10-10T01:20:56.132+0000] {dag.py:2915} INFO - Sync 2 DAGs
[2023-10-10T01:20:56.138+0000] {logging_mixin.py:151} INFO - [2023-10-10T01:20:56.138+0000] {dag.py:3696} INFO - Setting next_dagrun for example_xcom_args to None, run_after=None
[2023-10-10T01:20:56.139+0000] {logging_mixin.py:151} INFO - [2023-10-10T01:20:56.139+0000] {dag.py:3696} INFO - Setting next_dagrun for example_xcom_args_with_operators to None, run_after=None
[2023-10-10T01:20:56.146+0000] {processor.py:179} INFO - Processing /home/airflow/.local/lib/python3.8/site-packages/airflow/example_dags/example_xcomargs.py took 0.035 seconds
[2023-10-10T01:21:27.306+0000] {processor.py:157} INFO - Started process (PID=1743) to work on /home/airflow/.local/lib/python3.8/site-packages/airflow/example_dags/example_xcomargs.py
[2023-10-10T01:21:27.306+0000] {processor.py:829} INFO - Processing file /home/airflow/.local/lib/python3.8/site-packages/airflow/example_dags/example_xcomargs.py for tasks to queue
[2023-10-10T01:21:27.307+0000] {logging_mixin.py:151} INFO - [2023-10-10T01:21:27.307+0000] {dagbag.py:539} INFO - Filling up the DagBag from /home/airflow/.local/lib/python3.8/site-packages/airflow/example_dags/example_xcomargs.py
[2023-10-10T01:21:27.311+0000] {processor.py:839} INFO - DAG(s) dict_keys(['example_xcom_args_with_operators', 'example_xcom_args']) retrieved from /home/airflow/.local/lib/python3.8/site-packages/airflow/example_dags/example_xcomargs.py
[2023-10-10T01:21:27.325+0000] {logging_mixin.py:151} INFO - [2023-10-10T01:21:27.325+0000] {dag.py:2915} INFO - Sync 2 DAGs
[2023-10-10T01:21:27.331+0000] {logging_mixin.py:151} INFO - [2023-10-10T01:21:27.331+0000] {dag.py:3696} INFO - Setting next_dagrun for example_xcom_args to None, run_after=None
[2023-10-10T01:21:27.332+0000] {logging_mixin.py:151} INFO - [2023-10-10T01:21:27.332+0000] {dag.py:3696} INFO - Setting next_dagrun for example_xcom_args_with_operators to None, run_after=None
[2023-10-10T01:21:27.339+0000] {processor.py:179} INFO - Processing /home/airflow/.local/lib/python3.8/site-packages/airflow/example_dags/example_xcomargs.py took 0.035 seconds
[2023-10-10T01:21:58.572+0000] {processor.py:157} INFO - Started process (PID=1981) to work on /home/airflow/.local/lib/python3.8/site-packages/airflow/example_dags/example_xcomargs.py
[2023-10-10T01:21:58.572+0000] {processor.py:829} INFO - Processing file /home/airflow/.local/lib/python3.8/site-packages/airflow/example_dags/example_xcomargs.py for tasks to queue
[2023-10-10T01:21:58.573+0000] {logging_mixin.py:151} INFO - [2023-10-10T01:21:58.573+0000] {dagbag.py:539} INFO - Filling up the DagBag from /home/airflow/.local/lib/python3.8/site-packages/airflow/example_dags/example_xcomargs.py
[2023-10-10T01:21:58.577+0000] {processor.py:839} INFO - DAG(s) dict_keys(['example_xcom_args_with_operators', 'example_xcom_args']) retrieved from /home/airflow/.local/lib/python3.8/site-packages/airflow/example_dags/example_xcomargs.py
[2023-10-10T01:21:58.591+0000] {logging_mixin.py:151} INFO - [2023-10-10T01:21:58.591+0000] {dag.py:2915} INFO - Sync 2 DAGs
[2023-10-10T01:21:58.597+0000] {logging_mixin.py:151} INFO - [2023-10-10T01:21:58.597+0000] {dag.py:3696} INFO - Setting next_dagrun for example_xcom_args to None, run_after=None
[2023-10-10T01:21:58.599+0000] {logging_mixin.py:151} INFO - [2023-10-10T01:21:58.599+0000] {dag.py:3696} INFO - Setting next_dagrun for example_xcom_args_with_operators to None, run_after=None
[2023-10-10T01:21:58.606+0000] {processor.py:179} INFO - Processing /home/airflow/.local/lib/python3.8/site-packages/airflow/example_dags/example_xcomargs.py took 0.036 seconds
[2023-10-10T01:22:28.896+0000] {processor.py:157} INFO - Started process (PID=2219) to work on /home/airflow/.local/lib/python3.8/site-packages/airflow/example_dags/example_xcomargs.py
[2023-10-10T01:22:28.897+0000] {processor.py:829} INFO - Processing file /home/airflow/.local/lib/python3.8/site-packages/airflow/example_dags/example_xcomargs.py for tasks to queue
[2023-10-10T01:22:28.897+0000] {logging_mixin.py:151} INFO - [2023-10-10T01:22:28.897+0000] {dagbag.py:539} INFO - Filling up the DagBag from /home/airflow/.local/lib/python3.8/site-packages/airflow/example_dags/example_xcomargs.py
[2023-10-10T01:22:28.902+0000] {processor.py:839} INFO - DAG(s) dict_keys(['example_xcom_args', 'example_xcom_args_with_operators']) retrieved from /home/airflow/.local/lib/python3.8/site-packages/airflow/example_dags/example_xcomargs.py
[2023-10-10T01:22:28.916+0000] {logging_mixin.py:151} INFO - [2023-10-10T01:22:28.916+0000] {dag.py:2915} INFO - Sync 2 DAGs
[2023-10-10T01:22:28.922+0000] {logging_mixin.py:151} INFO - [2023-10-10T01:22:28.922+0000] {dag.py:3696} INFO - Setting next_dagrun for example_xcom_args to None, run_after=None
[2023-10-10T01:22:28.923+0000] {logging_mixin.py:151} INFO - [2023-10-10T01:22:28.923+0000] {dag.py:3696} INFO - Setting next_dagrun for example_xcom_args_with_operators to None, run_after=None
[2023-10-10T01:22:28.931+0000] {processor.py:179} INFO - Processing /home/airflow/.local/lib/python3.8/site-packages/airflow/example_dags/example_xcomargs.py took 0.037 seconds
[2023-10-10T01:23:00.033+0000] {processor.py:157} INFO - Started process (PID=2456) to work on /home/airflow/.local/lib/python3.8/site-packages/airflow/example_dags/example_xcomargs.py
[2023-10-10T01:23:00.034+0000] {processor.py:829} INFO - Processing file /home/airflow/.local/lib/python3.8/site-packages/airflow/example_dags/example_xcomargs.py for tasks to queue
[2023-10-10T01:23:00.034+0000] {logging_mixin.py:151} INFO - [2023-10-10T01:23:00.034+0000] {dagbag.py:539} INFO - Filling up the DagBag from /home/airflow/.local/lib/python3.8/site-packages/airflow/example_dags/example_xcomargs.py
[2023-10-10T01:23:00.040+0000] {processor.py:839} INFO - DAG(s) dict_keys(['example_xcom_args', 'example_xcom_args_with_operators']) retrieved from /home/airflow/.local/lib/python3.8/site-packages/airflow/example_dags/example_xcomargs.py
[2023-10-10T01:23:00.054+0000] {logging_mixin.py:151} INFO - [2023-10-10T01:23:00.054+0000] {dag.py:2915} INFO - Sync 2 DAGs
[2023-10-10T01:23:00.061+0000] {logging_mixin.py:151} INFO - [2023-10-10T01:23:00.061+0000] {dag.py:3696} INFO - Setting next_dagrun for example_xcom_args to None, run_after=None
[2023-10-10T01:23:00.062+0000] {logging_mixin.py:151} INFO - [2023-10-10T01:23:00.062+0000] {dag.py:3696} INFO - Setting next_dagrun for example_xcom_args_with_operators to None, run_after=None
[2023-10-10T01:23:00.069+0000] {processor.py:179} INFO - Processing /home/airflow/.local/lib/python3.8/site-packages/airflow/example_dags/example_xcomargs.py took 0.038 seconds
[2023-10-10T01:23:30.357+0000] {processor.py:157} INFO - Started process (PID=2694) to work on /home/airflow/.local/lib/python3.8/site-packages/airflow/example_dags/example_xcomargs.py
[2023-10-10T01:23:30.358+0000] {processor.py:829} INFO - Processing file /home/airflow/.local/lib/python3.8/site-packages/airflow/example_dags/example_xcomargs.py for tasks to queue
[2023-10-10T01:23:30.359+0000] {logging_mixin.py:151} INFO - [2023-10-10T01:23:30.359+0000] {dagbag.py:539} INFO - Filling up the DagBag from /home/airflow/.local/lib/python3.8/site-packages/airflow/example_dags/example_xcomargs.py
[2023-10-10T01:23:30.363+0000] {processor.py:839} INFO - DAG(s) dict_keys(['example_xcom_args', 'example_xcom_args_with_operators']) retrieved from /home/airflow/.local/lib/python3.8/site-packages/airflow/example_dags/example_xcomargs.py
[2023-10-10T01:23:30.377+0000] {logging_mixin.py:151} INFO - [2023-10-10T01:23:30.377+0000] {dag.py:2915} INFO - Sync 2 DAGs
[2023-10-10T01:23:30.383+0000] {logging_mixin.py:151} INFO - [2023-10-10T01:23:30.383+0000] {dag.py:3696} INFO - Setting next_dagrun for example_xcom_args to None, run_after=None
[2023-10-10T01:23:30.385+0000] {logging_mixin.py:151} INFO - [2023-10-10T01:23:30.385+0000] {dag.py:3696} INFO - Setting next_dagrun for example_xcom_args_with_operators to None, run_after=None
[2023-10-10T01:23:30.391+0000] {processor.py:179} INFO - Processing /home/airflow/.local/lib/python3.8/site-packages/airflow/example_dags/example_xcomargs.py took 0.036 seconds
[2023-10-10T01:24:01.650+0000] {processor.py:157} INFO - Started process (PID=2931) to work on /home/airflow/.local/lib/python3.8/site-packages/airflow/example_dags/example_xcomargs.py
[2023-10-10T01:24:01.651+0000] {processor.py:829} INFO - Processing file /home/airflow/.local/lib/python3.8/site-packages/airflow/example_dags/example_xcomargs.py for tasks to queue
[2023-10-10T01:24:01.651+0000] {logging_mixin.py:151} INFO - [2023-10-10T01:24:01.651+0000] {dagbag.py:539} INFO - Filling up the DagBag from /home/airflow/.local/lib/python3.8/site-packages/airflow/example_dags/example_xcomargs.py
[2023-10-10T01:24:01.656+0000] {processor.py:839} INFO - DAG(s) dict_keys(['example_xcom_args_with_operators', 'example_xcom_args']) retrieved from /home/airflow/.local/lib/python3.8/site-packages/airflow/example_dags/example_xcomargs.py
[2023-10-10T01:24:01.669+0000] {logging_mixin.py:151} INFO - [2023-10-10T01:24:01.669+0000] {dag.py:2915} INFO - Sync 2 DAGs
[2023-10-10T01:24:01.675+0000] {logging_mixin.py:151} INFO - [2023-10-10T01:24:01.675+0000] {dag.py:3696} INFO - Setting next_dagrun for example_xcom_args to None, run_after=None
[2023-10-10T01:24:01.677+0000] {logging_mixin.py:151} INFO - [2023-10-10T01:24:01.677+0000] {dag.py:3696} INFO - Setting next_dagrun for example_xcom_args_with_operators to None, run_after=None
[2023-10-10T01:24:01.683+0000] {processor.py:179} INFO - Processing /home/airflow/.local/lib/python3.8/site-packages/airflow/example_dags/example_xcomargs.py took 0.035 seconds
[2023-10-10T01:24:32.925+0000] {processor.py:157} INFO - Started process (PID=3169) to work on /home/airflow/.local/lib/python3.8/site-packages/airflow/example_dags/example_xcomargs.py
[2023-10-10T01:24:32.926+0000] {processor.py:829} INFO - Processing file /home/airflow/.local/lib/python3.8/site-packages/airflow/example_dags/example_xcomargs.py for tasks to queue
[2023-10-10T01:24:32.927+0000] {logging_mixin.py:151} INFO - [2023-10-10T01:24:32.926+0000] {dagbag.py:539} INFO - Filling up the DagBag from /home/airflow/.local/lib/python3.8/site-packages/airflow/example_dags/example_xcomargs.py
[2023-10-10T01:24:32.932+0000] {processor.py:839} INFO - DAG(s) dict_keys(['example_xcom_args', 'example_xcom_args_with_operators']) retrieved from /home/airflow/.local/lib/python3.8/site-packages/airflow/example_dags/example_xcomargs.py
[2023-10-10T01:24:32.945+0000] {logging_mixin.py:151} INFO - [2023-10-10T01:24:32.945+0000] {dag.py:2915} INFO - Sync 2 DAGs
[2023-10-10T01:24:32.951+0000] {logging_mixin.py:151} INFO - [2023-10-10T01:24:32.951+0000] {dag.py:3696} INFO - Setting next_dagrun for example_xcom_args to None, run_after=None
[2023-10-10T01:24:32.953+0000] {logging_mixin.py:151} INFO - [2023-10-10T01:24:32.953+0000] {dag.py:3696} INFO - Setting next_dagrun for example_xcom_args_with_operators to None, run_after=None
[2023-10-10T01:24:32.960+0000] {processor.py:179} INFO - Processing /home/airflow/.local/lib/python3.8/site-packages/airflow/example_dags/example_xcomargs.py took 0.036 seconds
[2023-10-10T01:25:04.097+0000] {processor.py:157} INFO - Started process (PID=3407) to work on /home/airflow/.local/lib/python3.8/site-packages/airflow/example_dags/example_xcomargs.py
[2023-10-10T01:25:04.097+0000] {processor.py:829} INFO - Processing file /home/airflow/.local/lib/python3.8/site-packages/airflow/example_dags/example_xcomargs.py for tasks to queue
[2023-10-10T01:25:04.098+0000] {logging_mixin.py:151} INFO - [2023-10-10T01:25:04.098+0000] {dagbag.py:539} INFO - Filling up the DagBag from /home/airflow/.local/lib/python3.8/site-packages/airflow/example_dags/example_xcomargs.py
[2023-10-10T01:25:04.102+0000] {processor.py:839} INFO - DAG(s) dict_keys(['example_xcom_args', 'example_xcom_args_with_operators']) retrieved from /home/airflow/.local/lib/python3.8/site-packages/airflow/example_dags/example_xcomargs.py
[2023-10-10T01:25:04.116+0000] {logging_mixin.py:151} INFO - [2023-10-10T01:25:04.116+0000] {dag.py:2915} INFO - Sync 2 DAGs
[2023-10-10T01:25:04.122+0000] {logging_mixin.py:151} INFO - [2023-10-10T01:25:04.122+0000] {dag.py:3696} INFO - Setting next_dagrun for example_xcom_args to None, run_after=None
[2023-10-10T01:25:04.124+0000] {logging_mixin.py:151} INFO - [2023-10-10T01:25:04.124+0000] {dag.py:3696} INFO - Setting next_dagrun for example_xcom_args_with_operators to None, run_after=None
[2023-10-10T01:25:04.130+0000] {processor.py:179} INFO - Processing /home/airflow/.local/lib/python3.8/site-packages/airflow/example_dags/example_xcomargs.py took 0.035 seconds
[2023-10-10T01:25:35.426+0000] {processor.py:157} INFO - Started process (PID=3645) to work on /home/airflow/.local/lib/python3.8/site-packages/airflow/example_dags/example_xcomargs.py
[2023-10-10T01:25:35.427+0000] {processor.py:829} INFO - Processing file /home/airflow/.local/lib/python3.8/site-packages/airflow/example_dags/example_xcomargs.py for tasks to queue
[2023-10-10T01:25:35.427+0000] {logging_mixin.py:151} INFO - [2023-10-10T01:25:35.427+0000] {dagbag.py:539} INFO - Filling up the DagBag from /home/airflow/.local/lib/python3.8/site-packages/airflow/example_dags/example_xcomargs.py
[2023-10-10T01:25:35.432+0000] {processor.py:839} INFO - DAG(s) dict_keys(['example_xcom_args', 'example_xcom_args_with_operators']) retrieved from /home/airflow/.local/lib/python3.8/site-packages/airflow/example_dags/example_xcomargs.py
[2023-10-10T01:25:35.445+0000] {logging_mixin.py:151} INFO - [2023-10-10T01:25:35.445+0000] {dag.py:2915} INFO - Sync 2 DAGs
[2023-10-10T01:25:35.454+0000] {logging_mixin.py:151} INFO - [2023-10-10T01:25:35.454+0000] {dag.py:3696} INFO - Setting next_dagrun for example_xcom_args to None, run_after=None
[2023-10-10T01:25:35.456+0000] {logging_mixin.py:151} INFO - [2023-10-10T01:25:35.455+0000] {dag.py:3696} INFO - Setting next_dagrun for example_xcom_args_with_operators to None, run_after=None
[2023-10-10T01:25:35.464+0000] {processor.py:179} INFO - Processing /home/airflow/.local/lib/python3.8/site-packages/airflow/example_dags/example_xcomargs.py took 0.040 seconds
[2023-10-10T01:26:06.735+0000] {processor.py:157} INFO - Started process (PID=3883) to work on /home/airflow/.local/lib/python3.8/site-packages/airflow/example_dags/example_xcomargs.py
[2023-10-10T01:26:06.736+0000] {processor.py:829} INFO - Processing file /home/airflow/.local/lib/python3.8/site-packages/airflow/example_dags/example_xcomargs.py for tasks to queue
[2023-10-10T01:26:06.736+0000] {logging_mixin.py:151} INFO - [2023-10-10T01:26:06.736+0000] {dagbag.py:539} INFO - Filling up the DagBag from /home/airflow/.local/lib/python3.8/site-packages/airflow/example_dags/example_xcomargs.py
[2023-10-10T01:26:06.741+0000] {processor.py:839} INFO - DAG(s) dict_keys(['example_xcom_args_with_operators', 'example_xcom_args']) retrieved from /home/airflow/.local/lib/python3.8/site-packages/airflow/example_dags/example_xcomargs.py
[2023-10-10T01:26:06.755+0000] {logging_mixin.py:151} INFO - [2023-10-10T01:26:06.754+0000] {dag.py:2915} INFO - Sync 2 DAGs
[2023-10-10T01:26:06.761+0000] {logging_mixin.py:151} INFO - [2023-10-10T01:26:06.760+0000] {dag.py:3696} INFO - Setting next_dagrun for example_xcom_args to None, run_after=None
[2023-10-10T01:26:06.762+0000] {logging_mixin.py:151} INFO - [2023-10-10T01:26:06.762+0000] {dag.py:3696} INFO - Setting next_dagrun for example_xcom_args_with_operators to None, run_after=None
[2023-10-10T01:26:06.770+0000] {processor.py:179} INFO - Processing /home/airflow/.local/lib/python3.8/site-packages/airflow/example_dags/example_xcomargs.py took 0.037 seconds
[2023-10-10T01:26:38.012+0000] {processor.py:157} INFO - Started process (PID=4122) to work on /home/airflow/.local/lib/python3.8/site-packages/airflow/example_dags/example_xcomargs.py
[2023-10-10T01:26:38.013+0000] {processor.py:829} INFO - Processing file /home/airflow/.local/lib/python3.8/site-packages/airflow/example_dags/example_xcomargs.py for tasks to queue
[2023-10-10T01:26:38.013+0000] {logging_mixin.py:151} INFO - [2023-10-10T01:26:38.013+0000] {dagbag.py:539} INFO - Filling up the DagBag from /home/airflow/.local/lib/python3.8/site-packages/airflow/example_dags/example_xcomargs.py
[2023-10-10T01:26:38.018+0000] {processor.py:839} INFO - DAG(s) dict_keys(['example_xcom_args', 'example_xcom_args_with_operators']) retrieved from /home/airflow/.local/lib/python3.8/site-packages/airflow/example_dags/example_xcomargs.py
[2023-10-10T01:26:38.032+0000] {logging_mixin.py:151} INFO - [2023-10-10T01:26:38.032+0000] {dag.py:2915} INFO - Sync 2 DAGs
[2023-10-10T01:26:38.038+0000] {logging_mixin.py:151} INFO - [2023-10-10T01:26:38.038+0000] {dag.py:3696} INFO - Setting next_dagrun for example_xcom_args to None, run_after=None
[2023-10-10T01:26:38.039+0000] {logging_mixin.py:151} INFO - [2023-10-10T01:26:38.039+0000] {dag.py:3696} INFO - Setting next_dagrun for example_xcom_args_with_operators to None, run_after=None
[2023-10-10T01:26:38.046+0000] {processor.py:179} INFO - Processing /home/airflow/.local/lib/python3.8/site-packages/airflow/example_dags/example_xcomargs.py took 0.035 seconds
[2023-10-10T01:27:09.201+0000] {processor.py:157} INFO - Started process (PID=4360) to work on /home/airflow/.local/lib/python3.8/site-packages/airflow/example_dags/example_xcomargs.py
[2023-10-10T01:27:09.202+0000] {processor.py:829} INFO - Processing file /home/airflow/.local/lib/python3.8/site-packages/airflow/example_dags/example_xcomargs.py for tasks to queue
[2023-10-10T01:27:09.202+0000] {logging_mixin.py:151} INFO - [2023-10-10T01:27:09.202+0000] {dagbag.py:539} INFO - Filling up the DagBag from /home/airflow/.local/lib/python3.8/site-packages/airflow/example_dags/example_xcomargs.py
[2023-10-10T01:27:09.207+0000] {processor.py:839} INFO - DAG(s) dict_keys(['example_xcom_args_with_operators', 'example_xcom_args']) retrieved from /home/airflow/.local/lib/python3.8/site-packages/airflow/example_dags/example_xcomargs.py
[2023-10-10T01:27:09.224+0000] {logging_mixin.py:151} INFO - [2023-10-10T01:27:09.224+0000] {dag.py:2915} INFO - Sync 2 DAGs
[2023-10-10T01:27:09.232+0000] {logging_mixin.py:151} INFO - [2023-10-10T01:27:09.232+0000] {dag.py:3696} INFO - Setting next_dagrun for example_xcom_args to None, run_after=None
[2023-10-10T01:27:09.233+0000] {logging_mixin.py:151} INFO - [2023-10-10T01:27:09.233+0000] {dag.py:3696} INFO - Setting next_dagrun for example_xcom_args_with_operators to None, run_after=None
[2023-10-10T01:27:09.240+0000] {processor.py:179} INFO - Processing /home/airflow/.local/lib/python3.8/site-packages/airflow/example_dags/example_xcomargs.py took 0.041 seconds
[2023-10-10T01:27:40.400+0000] {processor.py:157} INFO - Started process (PID=4598) to work on /home/airflow/.local/lib/python3.8/site-packages/airflow/example_dags/example_xcomargs.py
[2023-10-10T01:27:40.401+0000] {processor.py:829} INFO - Processing file /home/airflow/.local/lib/python3.8/site-packages/airflow/example_dags/example_xcomargs.py for tasks to queue
[2023-10-10T01:27:40.401+0000] {logging_mixin.py:151} INFO - [2023-10-10T01:27:40.401+0000] {dagbag.py:539} INFO - Filling up the DagBag from /home/airflow/.local/lib/python3.8/site-packages/airflow/example_dags/example_xcomargs.py
[2023-10-10T01:27:40.406+0000] {processor.py:839} INFO - DAG(s) dict_keys(['example_xcom_args', 'example_xcom_args_with_operators']) retrieved from /home/airflow/.local/lib/python3.8/site-packages/airflow/example_dags/example_xcomargs.py
[2023-10-10T01:27:40.420+0000] {logging_mixin.py:151} INFO - [2023-10-10T01:27:40.420+0000] {dag.py:2915} INFO - Sync 2 DAGs
[2023-10-10T01:27:40.426+0000] {logging_mixin.py:151} INFO - [2023-10-10T01:27:40.426+0000] {dag.py:3696} INFO - Setting next_dagrun for example_xcom_args to None, run_after=None
[2023-10-10T01:27:40.428+0000] {logging_mixin.py:151} INFO - [2023-10-10T01:27:40.428+0000] {dag.py:3696} INFO - Setting next_dagrun for example_xcom_args_with_operators to None, run_after=None
[2023-10-10T01:27:40.434+0000] {processor.py:179} INFO - Processing /home/airflow/.local/lib/python3.8/site-packages/airflow/example_dags/example_xcomargs.py took 0.036 seconds
[2023-10-10T01:28:11.890+0000] {processor.py:157} INFO - Started process (PID=4838) to work on /home/airflow/.local/lib/python3.8/site-packages/airflow/example_dags/example_xcomargs.py
[2023-10-10T01:28:11.891+0000] {processor.py:829} INFO - Processing file /home/airflow/.local/lib/python3.8/site-packages/airflow/example_dags/example_xcomargs.py for tasks to queue
[2023-10-10T01:28:11.892+0000] {logging_mixin.py:151} INFO - [2023-10-10T01:28:11.892+0000] {dagbag.py:539} INFO - Filling up the DagBag from /home/airflow/.local/lib/python3.8/site-packages/airflow/example_dags/example_xcomargs.py
[2023-10-10T01:28:11.896+0000] {processor.py:839} INFO - DAG(s) dict_keys(['example_xcom_args_with_operators', 'example_xcom_args']) retrieved from /home/airflow/.local/lib/python3.8/site-packages/airflow/example_dags/example_xcomargs.py
[2023-10-10T01:28:11.911+0000] {logging_mixin.py:151} INFO - [2023-10-10T01:28:11.911+0000] {dag.py:2915} INFO - Sync 2 DAGs
[2023-10-10T01:28:11.918+0000] {logging_mixin.py:151} INFO - [2023-10-10T01:28:11.917+0000] {dag.py:3696} INFO - Setting next_dagrun for example_xcom_args to None, run_after=None
[2023-10-10T01:28:11.919+0000] {logging_mixin.py:151} INFO - [2023-10-10T01:28:11.919+0000] {dag.py:3696} INFO - Setting next_dagrun for example_xcom_args_with_operators to None, run_after=None
[2023-10-10T01:28:11.926+0000] {processor.py:179} INFO - Processing /home/airflow/.local/lib/python3.8/site-packages/airflow/example_dags/example_xcomargs.py took 0.038 seconds
[2023-10-10T01:28:43.213+0000] {processor.py:157} INFO - Started process (PID=5074) to work on /home/airflow/.local/lib/python3.8/site-packages/airflow/example_dags/example_xcomargs.py
[2023-10-10T01:28:43.216+0000] {processor.py:829} INFO - Processing file /home/airflow/.local/lib/python3.8/site-packages/airflow/example_dags/example_xcomargs.py for tasks to queue
[2023-10-10T01:28:43.219+0000] {logging_mixin.py:151} INFO - [2023-10-10T01:28:43.218+0000] {dagbag.py:539} INFO - Filling up the DagBag from /home/airflow/.local/lib/python3.8/site-packages/airflow/example_dags/example_xcomargs.py
[2023-10-10T01:28:43.238+0000] {processor.py:839} INFO - DAG(s) dict_keys(['example_xcom_args_with_operators', 'example_xcom_args']) retrieved from /home/airflow/.local/lib/python3.8/site-packages/airflow/example_dags/example_xcomargs.py
[2023-10-10T01:28:43.267+0000] {logging_mixin.py:151} INFO - [2023-10-10T01:28:43.266+0000] {dag.py:2915} INFO - Sync 2 DAGs
[2023-10-10T01:28:43.274+0000] {logging_mixin.py:151} INFO - [2023-10-10T01:28:43.274+0000] {dag.py:3696} INFO - Setting next_dagrun for example_xcom_args to None, run_after=None
[2023-10-10T01:28:43.276+0000] {logging_mixin.py:151} INFO - [2023-10-10T01:28:43.276+0000] {dag.py:3696} INFO - Setting next_dagrun for example_xcom_args_with_operators to None, run_after=None
[2023-10-10T01:28:43.283+0000] {processor.py:179} INFO - Processing /home/airflow/.local/lib/python3.8/site-packages/airflow/example_dags/example_xcomargs.py took 0.077 seconds
[2023-10-10T01:29:14.376+0000] {processor.py:157} INFO - Started process (PID=5312) to work on /home/airflow/.local/lib/python3.8/site-packages/airflow/example_dags/example_xcomargs.py
[2023-10-10T01:29:14.377+0000] {processor.py:829} INFO - Processing file /home/airflow/.local/lib/python3.8/site-packages/airflow/example_dags/example_xcomargs.py for tasks to queue
[2023-10-10T01:29:14.377+0000] {logging_mixin.py:151} INFO - [2023-10-10T01:29:14.377+0000] {dagbag.py:539} INFO - Filling up the DagBag from /home/airflow/.local/lib/python3.8/site-packages/airflow/example_dags/example_xcomargs.py
[2023-10-10T01:29:14.382+0000] {processor.py:839} INFO - DAG(s) dict_keys(['example_xcom_args', 'example_xcom_args_with_operators']) retrieved from /home/airflow/.local/lib/python3.8/site-packages/airflow/example_dags/example_xcomargs.py
[2023-10-10T01:29:14.396+0000] {logging_mixin.py:151} INFO - [2023-10-10T01:29:14.396+0000] {dag.py:2915} INFO - Sync 2 DAGs
[2023-10-10T01:29:14.402+0000] {logging_mixin.py:151} INFO - [2023-10-10T01:29:14.402+0000] {dag.py:3696} INFO - Setting next_dagrun for example_xcom_args to None, run_after=None
[2023-10-10T01:29:14.403+0000] {logging_mixin.py:151} INFO - [2023-10-10T01:29:14.403+0000] {dag.py:3696} INFO - Setting next_dagrun for example_xcom_args_with_operators to None, run_after=None
[2023-10-10T01:29:14.410+0000] {processor.py:179} INFO - Processing /home/airflow/.local/lib/python3.8/site-packages/airflow/example_dags/example_xcomargs.py took 0.036 seconds
[2023-10-10T01:29:45.592+0000] {processor.py:157} INFO - Started process (PID=5550) to work on /home/airflow/.local/lib/python3.8/site-packages/airflow/example_dags/example_xcomargs.py
[2023-10-10T01:29:45.593+0000] {processor.py:829} INFO - Processing file /home/airflow/.local/lib/python3.8/site-packages/airflow/example_dags/example_xcomargs.py for tasks to queue
[2023-10-10T01:29:45.594+0000] {logging_mixin.py:151} INFO - [2023-10-10T01:29:45.593+0000] {dagbag.py:539} INFO - Filling up the DagBag from /home/airflow/.local/lib/python3.8/site-packages/airflow/example_dags/example_xcomargs.py
[2023-10-10T01:29:45.598+0000] {processor.py:839} INFO - DAG(s) dict_keys(['example_xcom_args_with_operators', 'example_xcom_args']) retrieved from /home/airflow/.local/lib/python3.8/site-packages/airflow/example_dags/example_xcomargs.py
[2023-10-10T01:29:45.612+0000] {logging_mixin.py:151} INFO - [2023-10-10T01:29:45.612+0000] {dag.py:2915} INFO - Sync 2 DAGs
[2023-10-10T01:29:45.618+0000] {logging_mixin.py:151} INFO - [2023-10-10T01:29:45.618+0000] {dag.py:3696} INFO - Setting next_dagrun for example_xcom_args to None, run_after=None
[2023-10-10T01:29:45.620+0000] {logging_mixin.py:151} INFO - [2023-10-10T01:29:45.620+0000] {dag.py:3696} INFO - Setting next_dagrun for example_xcom_args_with_operators to None, run_after=None
[2023-10-10T01:29:45.626+0000] {processor.py:179} INFO - Processing /home/airflow/.local/lib/python3.8/site-packages/airflow/example_dags/example_xcomargs.py took 0.036 seconds
[2023-10-10T01:30:16.996+0000] {processor.py:157} INFO - Started process (PID=5797) to work on /home/airflow/.local/lib/python3.8/site-packages/airflow/example_dags/example_xcomargs.py
[2023-10-10T01:30:16.997+0000] {processor.py:829} INFO - Processing file /home/airflow/.local/lib/python3.8/site-packages/airflow/example_dags/example_xcomargs.py for tasks to queue
[2023-10-10T01:30:16.998+0000] {logging_mixin.py:151} INFO - [2023-10-10T01:30:16.998+0000] {dagbag.py:539} INFO - Filling up the DagBag from /home/airflow/.local/lib/python3.8/site-packages/airflow/example_dags/example_xcomargs.py
[2023-10-10T01:30:17.002+0000] {processor.py:839} INFO - DAG(s) dict_keys(['example_xcom_args_with_operators', 'example_xcom_args']) retrieved from /home/airflow/.local/lib/python3.8/site-packages/airflow/example_dags/example_xcomargs.py
[2023-10-10T01:30:17.016+0000] {logging_mixin.py:151} INFO - [2023-10-10T01:30:17.016+0000] {dag.py:2915} INFO - Sync 2 DAGs
[2023-10-10T01:30:17.022+0000] {logging_mixin.py:151} INFO - [2023-10-10T01:30:17.022+0000] {dag.py:3696} INFO - Setting next_dagrun for example_xcom_args to None, run_after=None
[2023-10-10T01:30:17.024+0000] {logging_mixin.py:151} INFO - [2023-10-10T01:30:17.024+0000] {dag.py:3696} INFO - Setting next_dagrun for example_xcom_args_with_operators to None, run_after=None
[2023-10-10T01:30:17.033+0000] {processor.py:179} INFO - Processing /home/airflow/.local/lib/python3.8/site-packages/airflow/example_dags/example_xcomargs.py took 0.039 seconds
[2023-10-10T01:30:48.174+0000] {processor.py:157} INFO - Started process (PID=6034) to work on /home/airflow/.local/lib/python3.8/site-packages/airflow/example_dags/example_xcomargs.py
[2023-10-10T01:30:48.175+0000] {processor.py:829} INFO - Processing file /home/airflow/.local/lib/python3.8/site-packages/airflow/example_dags/example_xcomargs.py for tasks to queue
[2023-10-10T01:30:48.175+0000] {logging_mixin.py:151} INFO - [2023-10-10T01:30:48.175+0000] {dagbag.py:539} INFO - Filling up the DagBag from /home/airflow/.local/lib/python3.8/site-packages/airflow/example_dags/example_xcomargs.py
[2023-10-10T01:30:48.180+0000] {processor.py:839} INFO - DAG(s) dict_keys(['example_xcom_args', 'example_xcom_args_with_operators']) retrieved from /home/airflow/.local/lib/python3.8/site-packages/airflow/example_dags/example_xcomargs.py
[2023-10-10T01:30:48.193+0000] {logging_mixin.py:151} INFO - [2023-10-10T01:30:48.193+0000] {dag.py:2915} INFO - Sync 2 DAGs
[2023-10-10T01:30:48.199+0000] {logging_mixin.py:151} INFO - [2023-10-10T01:30:48.199+0000] {dag.py:3696} INFO - Setting next_dagrun for example_xcom_args to None, run_after=None
[2023-10-10T01:30:48.201+0000] {logging_mixin.py:151} INFO - [2023-10-10T01:30:48.201+0000] {dag.py:3696} INFO - Setting next_dagrun for example_xcom_args_with_operators to None, run_after=None
[2023-10-10T01:30:48.207+0000] {processor.py:179} INFO - Processing /home/airflow/.local/lib/python3.8/site-packages/airflow/example_dags/example_xcomargs.py took 0.035 seconds
[2023-10-10T01:31:18.871+0000] {processor.py:157} INFO - Started process (PID=6274) to work on /home/airflow/.local/lib/python3.8/site-packages/airflow/example_dags/example_xcomargs.py
[2023-10-10T01:31:18.872+0000] {processor.py:829} INFO - Processing file /home/airflow/.local/lib/python3.8/site-packages/airflow/example_dags/example_xcomargs.py for tasks to queue
[2023-10-10T01:31:18.873+0000] {logging_mixin.py:151} INFO - [2023-10-10T01:31:18.872+0000] {dagbag.py:539} INFO - Filling up the DagBag from /home/airflow/.local/lib/python3.8/site-packages/airflow/example_dags/example_xcomargs.py
[2023-10-10T01:31:18.877+0000] {processor.py:839} INFO - DAG(s) dict_keys(['example_xcom_args_with_operators', 'example_xcom_args']) retrieved from /home/airflow/.local/lib/python3.8/site-packages/airflow/example_dags/example_xcomargs.py
[2023-10-10T01:31:18.890+0000] {logging_mixin.py:151} INFO - [2023-10-10T01:31:18.890+0000] {dag.py:2915} INFO - Sync 2 DAGs
[2023-10-10T01:31:18.896+0000] {logging_mixin.py:151} INFO - [2023-10-10T01:31:18.896+0000] {dag.py:3696} INFO - Setting next_dagrun for example_xcom_args to None, run_after=None
[2023-10-10T01:31:18.898+0000] {logging_mixin.py:151} INFO - [2023-10-10T01:31:18.897+0000] {dag.py:3696} INFO - Setting next_dagrun for example_xcom_args_with_operators to None, run_after=None
[2023-10-10T01:31:18.904+0000] {processor.py:179} INFO - Processing /home/airflow/.local/lib/python3.8/site-packages/airflow/example_dags/example_xcomargs.py took 0.034 seconds
