[2023-10-10T01:18:19.504+0000] {processor.py:157} INFO - Started process (PID=167) to work on /home/airflow/.local/lib/python3.8/site-packages/airflow/example_dags/example_sla_dag.py
[2023-10-10T01:18:19.506+0000] {processor.py:829} INFO - Processing file /home/airflow/.local/lib/python3.8/site-packages/airflow/example_dags/example_sla_dag.py for tasks to queue
[2023-10-10T01:18:19.507+0000] {logging_mixin.py:151} INFO - [2023-10-10T01:18:19.506+0000] {dagbag.py:539} INFO - Filling up the DagBag from /home/airflow/.local/lib/python3.8/site-packages/airflow/example_dags/example_sla_dag.py
[2023-10-10T01:18:19.534+0000] {processor.py:839} INFO - DAG(s) dict_keys(['example_sla_dag']) retrieved from /home/airflow/.local/lib/python3.8/site-packages/airflow/example_dags/example_sla_dag.py
[2023-10-10T01:18:19.558+0000] {logging_mixin.py:151} INFO - [2023-10-10T01:18:19.557+0000] {dag.py:2915} INFO - Sync 1 DAGs
[2023-10-10T01:18:19.578+0000] {logging_mixin.py:151} INFO - [2023-10-10T01:18:19.578+0000] {dag.py:3696} INFO - Setting next_dagrun for example_sla_dag to 2023-10-10T01:16:00+00:00, run_after=2023-10-10T01:18:00+00:00
[2023-10-10T01:18:19.589+0000] {processor.py:179} INFO - Processing /home/airflow/.local/lib/python3.8/site-packages/airflow/example_dags/example_sla_dag.py took 0.091 seconds
[2023-10-10T01:18:49.749+0000] {processor.py:157} INFO - Started process (PID=402) to work on /home/airflow/.local/lib/python3.8/site-packages/airflow/example_dags/example_sla_dag.py
[2023-10-10T01:18:49.752+0000] {processor.py:829} INFO - Processing file /home/airflow/.local/lib/python3.8/site-packages/airflow/example_dags/example_sla_dag.py for tasks to queue
[2023-10-10T01:18:49.755+0000] {logging_mixin.py:151} INFO - [2023-10-10T01:18:49.753+0000] {dagbag.py:539} INFO - Filling up the DagBag from /home/airflow/.local/lib/python3.8/site-packages/airflow/example_dags/example_sla_dag.py
[2023-10-10T01:18:49.776+0000] {processor.py:839} INFO - DAG(s) dict_keys(['example_sla_dag']) retrieved from /home/airflow/.local/lib/python3.8/site-packages/airflow/example_dags/example_sla_dag.py
[2023-10-10T01:18:49.808+0000] {logging_mixin.py:151} INFO - [2023-10-10T01:18:49.808+0000] {dag.py:2915} INFO - Sync 1 DAGs
[2023-10-10T01:18:49.845+0000] {logging_mixin.py:151} INFO - [2023-10-10T01:18:49.845+0000] {dag.py:3696} INFO - Setting next_dagrun for example_sla_dag to 2023-10-10T01:16:00+00:00, run_after=2023-10-10T01:18:00+00:00
[2023-10-10T01:18:49.859+0000] {processor.py:179} INFO - Processing /home/airflow/.local/lib/python3.8/site-packages/airflow/example_dags/example_sla_dag.py took 0.126 seconds
[2023-10-10T01:19:20.004+0000] {processor.py:157} INFO - Started process (PID=640) to work on /home/airflow/.local/lib/python3.8/site-packages/airflow/example_dags/example_sla_dag.py
[2023-10-10T01:19:20.006+0000] {processor.py:829} INFO - Processing file /home/airflow/.local/lib/python3.8/site-packages/airflow/example_dags/example_sla_dag.py for tasks to queue
[2023-10-10T01:19:20.007+0000] {logging_mixin.py:151} INFO - [2023-10-10T01:19:20.006+0000] {dagbag.py:539} INFO - Filling up the DagBag from /home/airflow/.local/lib/python3.8/site-packages/airflow/example_dags/example_sla_dag.py
[2023-10-10T01:19:20.026+0000] {processor.py:839} INFO - DAG(s) dict_keys(['example_sla_dag']) retrieved from /home/airflow/.local/lib/python3.8/site-packages/airflow/example_dags/example_sla_dag.py
[2023-10-10T01:19:20.053+0000] {logging_mixin.py:151} INFO - [2023-10-10T01:19:20.053+0000] {dag.py:2915} INFO - Sync 1 DAGs
[2023-10-10T01:19:20.071+0000] {logging_mixin.py:151} INFO - [2023-10-10T01:19:20.070+0000] {dag.py:3696} INFO - Setting next_dagrun for example_sla_dag to 2023-10-10T01:16:00+00:00, run_after=2023-10-10T01:18:00+00:00
[2023-10-10T01:19:20.080+0000] {processor.py:179} INFO - Processing /home/airflow/.local/lib/python3.8/site-packages/airflow/example_dags/example_sla_dag.py took 0.082 seconds
[2023-10-10T01:19:50.302+0000] {processor.py:157} INFO - Started process (PID=879) to work on /home/airflow/.local/lib/python3.8/site-packages/airflow/example_dags/example_sla_dag.py
[2023-10-10T01:19:50.304+0000] {processor.py:829} INFO - Processing file /home/airflow/.local/lib/python3.8/site-packages/airflow/example_dags/example_sla_dag.py for tasks to queue
[2023-10-10T01:19:50.306+0000] {logging_mixin.py:151} INFO - [2023-10-10T01:19:50.305+0000] {dagbag.py:539} INFO - Filling up the DagBag from /home/airflow/.local/lib/python3.8/site-packages/airflow/example_dags/example_sla_dag.py
[2023-10-10T01:19:50.318+0000] {processor.py:839} INFO - DAG(s) dict_keys(['example_sla_dag']) retrieved from /home/airflow/.local/lib/python3.8/site-packages/airflow/example_dags/example_sla_dag.py
[2023-10-10T01:19:50.337+0000] {logging_mixin.py:151} INFO - [2023-10-10T01:19:50.337+0000] {dag.py:2915} INFO - Sync 1 DAGs
[2023-10-10T01:19:50.358+0000] {logging_mixin.py:151} INFO - [2023-10-10T01:19:50.358+0000] {dag.py:3696} INFO - Setting next_dagrun for example_sla_dag to 2023-10-10T01:16:00+00:00, run_after=2023-10-10T01:18:00+00:00
[2023-10-10T01:19:50.365+0000] {processor.py:179} INFO - Processing /home/airflow/.local/lib/python3.8/site-packages/airflow/example_dags/example_sla_dag.py took 0.070 seconds
[2023-10-10T01:20:20.549+0000] {processor.py:157} INFO - Started process (PID=1117) to work on /home/airflow/.local/lib/python3.8/site-packages/airflow/example_dags/example_sla_dag.py
[2023-10-10T01:20:20.552+0000] {processor.py:829} INFO - Processing file /home/airflow/.local/lib/python3.8/site-packages/airflow/example_dags/example_sla_dag.py for tasks to queue
[2023-10-10T01:20:20.554+0000] {logging_mixin.py:151} INFO - [2023-10-10T01:20:20.553+0000] {dagbag.py:539} INFO - Filling up the DagBag from /home/airflow/.local/lib/python3.8/site-packages/airflow/example_dags/example_sla_dag.py
[2023-10-10T01:20:20.572+0000] {processor.py:839} INFO - DAG(s) dict_keys(['example_sla_dag']) retrieved from /home/airflow/.local/lib/python3.8/site-packages/airflow/example_dags/example_sla_dag.py
[2023-10-10T01:20:20.606+0000] {logging_mixin.py:151} INFO - [2023-10-10T01:20:20.605+0000] {dag.py:2915} INFO - Sync 1 DAGs
[2023-10-10T01:20:20.624+0000] {logging_mixin.py:151} INFO - [2023-10-10T01:20:20.624+0000] {dag.py:3696} INFO - Setting next_dagrun for example_sla_dag to 2023-10-10T01:18:00+00:00, run_after=2023-10-10T01:20:00+00:00
[2023-10-10T01:20:20.632+0000] {processor.py:179} INFO - Processing /home/airflow/.local/lib/python3.8/site-packages/airflow/example_dags/example_sla_dag.py took 0.095 seconds
[2023-10-10T01:20:50.806+0000] {processor.py:157} INFO - Started process (PID=1355) to work on /home/airflow/.local/lib/python3.8/site-packages/airflow/example_dags/example_sla_dag.py
[2023-10-10T01:20:50.808+0000] {processor.py:829} INFO - Processing file /home/airflow/.local/lib/python3.8/site-packages/airflow/example_dags/example_sla_dag.py for tasks to queue
[2023-10-10T01:20:50.810+0000] {logging_mixin.py:151} INFO - [2023-10-10T01:20:50.809+0000] {dagbag.py:539} INFO - Filling up the DagBag from /home/airflow/.local/lib/python3.8/site-packages/airflow/example_dags/example_sla_dag.py
[2023-10-10T01:20:50.822+0000] {processor.py:839} INFO - DAG(s) dict_keys(['example_sla_dag']) retrieved from /home/airflow/.local/lib/python3.8/site-packages/airflow/example_dags/example_sla_dag.py
[2023-10-10T01:20:50.848+0000] {logging_mixin.py:151} INFO - [2023-10-10T01:20:50.848+0000] {dag.py:2915} INFO - Sync 1 DAGs
[2023-10-10T01:20:50.869+0000] {logging_mixin.py:151} INFO - [2023-10-10T01:20:50.869+0000] {dag.py:3696} INFO - Setting next_dagrun for example_sla_dag to 2023-10-10T01:18:00+00:00, run_after=2023-10-10T01:20:00+00:00
[2023-10-10T01:20:50.876+0000] {processor.py:179} INFO - Processing /home/airflow/.local/lib/python3.8/site-packages/airflow/example_dags/example_sla_dag.py took 0.088 seconds
[2023-10-10T01:21:21.010+0000] {processor.py:157} INFO - Started process (PID=1593) to work on /home/airflow/.local/lib/python3.8/site-packages/airflow/example_dags/example_sla_dag.py
[2023-10-10T01:21:21.012+0000] {processor.py:829} INFO - Processing file /home/airflow/.local/lib/python3.8/site-packages/airflow/example_dags/example_sla_dag.py for tasks to queue
[2023-10-10T01:21:21.013+0000] {logging_mixin.py:151} INFO - [2023-10-10T01:21:21.012+0000] {dagbag.py:539} INFO - Filling up the DagBag from /home/airflow/.local/lib/python3.8/site-packages/airflow/example_dags/example_sla_dag.py
[2023-10-10T01:21:21.023+0000] {processor.py:839} INFO - DAG(s) dict_keys(['example_sla_dag']) retrieved from /home/airflow/.local/lib/python3.8/site-packages/airflow/example_dags/example_sla_dag.py
[2023-10-10T01:21:21.046+0000] {logging_mixin.py:151} INFO - [2023-10-10T01:21:21.045+0000] {dag.py:2915} INFO - Sync 1 DAGs
[2023-10-10T01:21:21.060+0000] {logging_mixin.py:151} INFO - [2023-10-10T01:21:21.060+0000] {dag.py:3696} INFO - Setting next_dagrun for example_sla_dag to 2023-10-10T01:18:00+00:00, run_after=2023-10-10T01:20:00+00:00
[2023-10-10T01:21:21.067+0000] {processor.py:179} INFO - Processing /home/airflow/.local/lib/python3.8/site-packages/airflow/example_dags/example_sla_dag.py took 0.063 seconds
[2023-10-10T01:21:51.235+0000] {processor.py:157} INFO - Started process (PID=1831) to work on /home/airflow/.local/lib/python3.8/site-packages/airflow/example_dags/example_sla_dag.py
[2023-10-10T01:21:51.237+0000] {processor.py:829} INFO - Processing file /home/airflow/.local/lib/python3.8/site-packages/airflow/example_dags/example_sla_dag.py for tasks to queue
[2023-10-10T01:21:51.237+0000] {logging_mixin.py:151} INFO - [2023-10-10T01:21:51.237+0000] {dagbag.py:539} INFO - Filling up the DagBag from /home/airflow/.local/lib/python3.8/site-packages/airflow/example_dags/example_sla_dag.py
[2023-10-10T01:21:51.253+0000] {processor.py:839} INFO - DAG(s) dict_keys(['example_sla_dag']) retrieved from /home/airflow/.local/lib/python3.8/site-packages/airflow/example_dags/example_sla_dag.py
[2023-10-10T01:21:51.268+0000] {logging_mixin.py:151} INFO - [2023-10-10T01:21:51.268+0000] {dag.py:2915} INFO - Sync 1 DAGs
[2023-10-10T01:21:51.286+0000] {logging_mixin.py:151} INFO - [2023-10-10T01:21:51.286+0000] {dag.py:3696} INFO - Setting next_dagrun for example_sla_dag to 2023-10-10T01:18:00+00:00, run_after=2023-10-10T01:20:00+00:00
[2023-10-10T01:21:51.294+0000] {processor.py:179} INFO - Processing /home/airflow/.local/lib/python3.8/site-packages/airflow/example_dags/example_sla_dag.py took 0.062 seconds
[2023-10-10T01:22:21.485+0000] {processor.py:157} INFO - Started process (PID=2069) to work on /home/airflow/.local/lib/python3.8/site-packages/airflow/example_dags/example_sla_dag.py
[2023-10-10T01:22:21.486+0000] {processor.py:829} INFO - Processing file /home/airflow/.local/lib/python3.8/site-packages/airflow/example_dags/example_sla_dag.py for tasks to queue
[2023-10-10T01:22:21.487+0000] {logging_mixin.py:151} INFO - [2023-10-10T01:22:21.487+0000] {dagbag.py:539} INFO - Filling up the DagBag from /home/airflow/.local/lib/python3.8/site-packages/airflow/example_dags/example_sla_dag.py
[2023-10-10T01:22:21.503+0000] {processor.py:839} INFO - DAG(s) dict_keys(['example_sla_dag']) retrieved from /home/airflow/.local/lib/python3.8/site-packages/airflow/example_dags/example_sla_dag.py
[2023-10-10T01:22:21.523+0000] {logging_mixin.py:151} INFO - [2023-10-10T01:22:21.523+0000] {dag.py:2915} INFO - Sync 1 DAGs
[2023-10-10T01:22:21.546+0000] {logging_mixin.py:151} INFO - [2023-10-10T01:22:21.546+0000] {dag.py:3696} INFO - Setting next_dagrun for example_sla_dag to 2023-10-10T01:20:00+00:00, run_after=2023-10-10T01:22:00+00:00
[2023-10-10T01:22:21.555+0000] {processor.py:179} INFO - Processing /home/airflow/.local/lib/python3.8/site-packages/airflow/example_dags/example_sla_dag.py took 0.073 seconds
[2023-10-10T01:22:51.635+0000] {processor.py:157} INFO - Started process (PID=2308) to work on /home/airflow/.local/lib/python3.8/site-packages/airflow/example_dags/example_sla_dag.py
[2023-10-10T01:22:51.637+0000] {processor.py:829} INFO - Processing file /home/airflow/.local/lib/python3.8/site-packages/airflow/example_dags/example_sla_dag.py for tasks to queue
[2023-10-10T01:22:51.638+0000] {logging_mixin.py:151} INFO - [2023-10-10T01:22:51.637+0000] {dagbag.py:539} INFO - Filling up the DagBag from /home/airflow/.local/lib/python3.8/site-packages/airflow/example_dags/example_sla_dag.py
[2023-10-10T01:22:51.656+0000] {processor.py:839} INFO - DAG(s) dict_keys(['example_sla_dag']) retrieved from /home/airflow/.local/lib/python3.8/site-packages/airflow/example_dags/example_sla_dag.py
[2023-10-10T01:22:51.681+0000] {logging_mixin.py:151} INFO - [2023-10-10T01:22:51.681+0000] {dag.py:2915} INFO - Sync 1 DAGs
[2023-10-10T01:22:51.700+0000] {logging_mixin.py:151} INFO - [2023-10-10T01:22:51.700+0000] {dag.py:3696} INFO - Setting next_dagrun for example_sla_dag to 2023-10-10T01:20:00+00:00, run_after=2023-10-10T01:22:00+00:00
[2023-10-10T01:22:51.708+0000] {processor.py:179} INFO - Processing /home/airflow/.local/lib/python3.8/site-packages/airflow/example_dags/example_sla_dag.py took 0.083 seconds
[2023-10-10T01:23:21.966+0000] {processor.py:157} INFO - Started process (PID=2546) to work on /home/airflow/.local/lib/python3.8/site-packages/airflow/example_dags/example_sla_dag.py
[2023-10-10T01:23:21.968+0000] {processor.py:829} INFO - Processing file /home/airflow/.local/lib/python3.8/site-packages/airflow/example_dags/example_sla_dag.py for tasks to queue
[2023-10-10T01:23:21.970+0000] {logging_mixin.py:151} INFO - [2023-10-10T01:23:21.969+0000] {dagbag.py:539} INFO - Filling up the DagBag from /home/airflow/.local/lib/python3.8/site-packages/airflow/example_dags/example_sla_dag.py
[2023-10-10T01:23:22.004+0000] {processor.py:839} INFO - DAG(s) dict_keys(['example_sla_dag']) retrieved from /home/airflow/.local/lib/python3.8/site-packages/airflow/example_dags/example_sla_dag.py
[2023-10-10T01:23:22.034+0000] {logging_mixin.py:151} INFO - [2023-10-10T01:23:22.033+0000] {dag.py:2915} INFO - Sync 1 DAGs
[2023-10-10T01:23:22.053+0000] {logging_mixin.py:151} INFO - [2023-10-10T01:23:22.053+0000] {dag.py:3696} INFO - Setting next_dagrun for example_sla_dag to 2023-10-10T01:20:00+00:00, run_after=2023-10-10T01:22:00+00:00
[2023-10-10T01:23:22.061+0000] {processor.py:179} INFO - Processing /home/airflow/.local/lib/python3.8/site-packages/airflow/example_dags/example_sla_dag.py took 0.102 seconds
[2023-10-10T01:23:52.298+0000] {processor.py:157} INFO - Started process (PID=2783) to work on /home/airflow/.local/lib/python3.8/site-packages/airflow/example_dags/example_sla_dag.py
[2023-10-10T01:23:52.300+0000] {processor.py:829} INFO - Processing file /home/airflow/.local/lib/python3.8/site-packages/airflow/example_dags/example_sla_dag.py for tasks to queue
[2023-10-10T01:23:52.302+0000] {logging_mixin.py:151} INFO - [2023-10-10T01:23:52.301+0000] {dagbag.py:539} INFO - Filling up the DagBag from /home/airflow/.local/lib/python3.8/site-packages/airflow/example_dags/example_sla_dag.py
[2023-10-10T01:23:52.326+0000] {processor.py:839} INFO - DAG(s) dict_keys(['example_sla_dag']) retrieved from /home/airflow/.local/lib/python3.8/site-packages/airflow/example_dags/example_sla_dag.py
[2023-10-10T01:23:52.352+0000] {logging_mixin.py:151} INFO - [2023-10-10T01:23:52.352+0000] {dag.py:2915} INFO - Sync 1 DAGs
[2023-10-10T01:23:52.375+0000] {logging_mixin.py:151} INFO - [2023-10-10T01:23:52.375+0000] {dag.py:3696} INFO - Setting next_dagrun for example_sla_dag to 2023-10-10T01:20:00+00:00, run_after=2023-10-10T01:22:00+00:00
[2023-10-10T01:23:52.382+0000] {processor.py:179} INFO - Processing /home/airflow/.local/lib/python3.8/site-packages/airflow/example_dags/example_sla_dag.py took 0.092 seconds
[2023-10-10T01:24:22.528+0000] {processor.py:157} INFO - Started process (PID=3021) to work on /home/airflow/.local/lib/python3.8/site-packages/airflow/example_dags/example_sla_dag.py
[2023-10-10T01:24:22.532+0000] {processor.py:829} INFO - Processing file /home/airflow/.local/lib/python3.8/site-packages/airflow/example_dags/example_sla_dag.py for tasks to queue
[2023-10-10T01:24:22.538+0000] {logging_mixin.py:151} INFO - [2023-10-10T01:24:22.537+0000] {dagbag.py:539} INFO - Filling up the DagBag from /home/airflow/.local/lib/python3.8/site-packages/airflow/example_dags/example_sla_dag.py
[2023-10-10T01:24:22.567+0000] {processor.py:839} INFO - DAG(s) dict_keys(['example_sla_dag']) retrieved from /home/airflow/.local/lib/python3.8/site-packages/airflow/example_dags/example_sla_dag.py
[2023-10-10T01:24:22.598+0000] {logging_mixin.py:151} INFO - [2023-10-10T01:24:22.598+0000] {dag.py:2915} INFO - Sync 1 DAGs
[2023-10-10T01:24:22.615+0000] {logging_mixin.py:151} INFO - [2023-10-10T01:24:22.615+0000] {dag.py:3696} INFO - Setting next_dagrun for example_sla_dag to 2023-10-10T01:22:00+00:00, run_after=2023-10-10T01:24:00+00:00
[2023-10-10T01:24:22.628+0000] {processor.py:179} INFO - Processing /home/airflow/.local/lib/python3.8/site-packages/airflow/example_dags/example_sla_dag.py took 0.109 seconds
[2023-10-10T01:24:52.780+0000] {processor.py:157} INFO - Started process (PID=3259) to work on /home/airflow/.local/lib/python3.8/site-packages/airflow/example_dags/example_sla_dag.py
[2023-10-10T01:24:52.782+0000] {processor.py:829} INFO - Processing file /home/airflow/.local/lib/python3.8/site-packages/airflow/example_dags/example_sla_dag.py for tasks to queue
[2023-10-10T01:24:52.794+0000] {logging_mixin.py:151} INFO - [2023-10-10T01:24:52.787+0000] {dagbag.py:539} INFO - Filling up the DagBag from /home/airflow/.local/lib/python3.8/site-packages/airflow/example_dags/example_sla_dag.py
[2023-10-10T01:24:52.824+0000] {processor.py:839} INFO - DAG(s) dict_keys(['example_sla_dag']) retrieved from /home/airflow/.local/lib/python3.8/site-packages/airflow/example_dags/example_sla_dag.py
[2023-10-10T01:24:52.853+0000] {logging_mixin.py:151} INFO - [2023-10-10T01:24:52.853+0000] {dag.py:2915} INFO - Sync 1 DAGs
[2023-10-10T01:24:52.875+0000] {logging_mixin.py:151} INFO - [2023-10-10T01:24:52.874+0000] {dag.py:3696} INFO - Setting next_dagrun for example_sla_dag to 2023-10-10T01:22:00+00:00, run_after=2023-10-10T01:24:00+00:00
[2023-10-10T01:24:52.884+0000] {processor.py:179} INFO - Processing /home/airflow/.local/lib/python3.8/site-packages/airflow/example_dags/example_sla_dag.py took 0.108 seconds
[2023-10-10T01:25:22.980+0000] {processor.py:157} INFO - Started process (PID=3497) to work on /home/airflow/.local/lib/python3.8/site-packages/airflow/example_dags/example_sla_dag.py
[2023-10-10T01:25:22.982+0000] {processor.py:829} INFO - Processing file /home/airflow/.local/lib/python3.8/site-packages/airflow/example_dags/example_sla_dag.py for tasks to queue
[2023-10-10T01:25:22.984+0000] {logging_mixin.py:151} INFO - [2023-10-10T01:25:22.983+0000] {dagbag.py:539} INFO - Filling up the DagBag from /home/airflow/.local/lib/python3.8/site-packages/airflow/example_dags/example_sla_dag.py
[2023-10-10T01:25:23.023+0000] {processor.py:839} INFO - DAG(s) dict_keys(['example_sla_dag']) retrieved from /home/airflow/.local/lib/python3.8/site-packages/airflow/example_dags/example_sla_dag.py
[2023-10-10T01:25:23.059+0000] {logging_mixin.py:151} INFO - [2023-10-10T01:25:23.059+0000] {dag.py:2915} INFO - Sync 1 DAGs
[2023-10-10T01:25:23.077+0000] {logging_mixin.py:151} INFO - [2023-10-10T01:25:23.077+0000] {dag.py:3696} INFO - Setting next_dagrun for example_sla_dag to 2023-10-10T01:22:00+00:00, run_after=2023-10-10T01:24:00+00:00
[2023-10-10T01:25:23.086+0000] {processor.py:179} INFO - Processing /home/airflow/.local/lib/python3.8/site-packages/airflow/example_dags/example_sla_dag.py took 0.113 seconds
[2023-10-10T01:25:53.282+0000] {processor.py:157} INFO - Started process (PID=3735) to work on /home/airflow/.local/lib/python3.8/site-packages/airflow/example_dags/example_sla_dag.py
[2023-10-10T01:25:53.287+0000] {processor.py:829} INFO - Processing file /home/airflow/.local/lib/python3.8/site-packages/airflow/example_dags/example_sla_dag.py for tasks to queue
[2023-10-10T01:25:53.288+0000] {logging_mixin.py:151} INFO - [2023-10-10T01:25:53.288+0000] {dagbag.py:539} INFO - Filling up the DagBag from /home/airflow/.local/lib/python3.8/site-packages/airflow/example_dags/example_sla_dag.py
[2023-10-10T01:25:53.325+0000] {processor.py:839} INFO - DAG(s) dict_keys(['example_sla_dag']) retrieved from /home/airflow/.local/lib/python3.8/site-packages/airflow/example_dags/example_sla_dag.py
[2023-10-10T01:25:53.353+0000] {logging_mixin.py:151} INFO - [2023-10-10T01:25:53.352+0000] {dag.py:2915} INFO - Sync 1 DAGs
[2023-10-10T01:25:53.374+0000] {logging_mixin.py:151} INFO - [2023-10-10T01:25:53.374+0000] {dag.py:3696} INFO - Setting next_dagrun for example_sla_dag to 2023-10-10T01:22:00+00:00, run_after=2023-10-10T01:24:00+00:00
[2023-10-10T01:25:53.382+0000] {processor.py:179} INFO - Processing /home/airflow/.local/lib/python3.8/site-packages/airflow/example_dags/example_sla_dag.py took 0.105 seconds
[2023-10-10T01:26:23.516+0000] {processor.py:157} INFO - Started process (PID=3974) to work on /home/airflow/.local/lib/python3.8/site-packages/airflow/example_dags/example_sla_dag.py
[2023-10-10T01:26:23.517+0000] {processor.py:829} INFO - Processing file /home/airflow/.local/lib/python3.8/site-packages/airflow/example_dags/example_sla_dag.py for tasks to queue
[2023-10-10T01:26:23.519+0000] {logging_mixin.py:151} INFO - [2023-10-10T01:26:23.518+0000] {dagbag.py:539} INFO - Filling up the DagBag from /home/airflow/.local/lib/python3.8/site-packages/airflow/example_dags/example_sla_dag.py
[2023-10-10T01:26:23.556+0000] {processor.py:839} INFO - DAG(s) dict_keys(['example_sla_dag']) retrieved from /home/airflow/.local/lib/python3.8/site-packages/airflow/example_dags/example_sla_dag.py
[2023-10-10T01:26:23.587+0000] {logging_mixin.py:151} INFO - [2023-10-10T01:26:23.587+0000] {dag.py:2915} INFO - Sync 1 DAGs
[2023-10-10T01:26:23.607+0000] {logging_mixin.py:151} INFO - [2023-10-10T01:26:23.607+0000] {dag.py:3696} INFO - Setting next_dagrun for example_sla_dag to 2023-10-10T01:24:00+00:00, run_after=2023-10-10T01:26:00+00:00
[2023-10-10T01:26:23.616+0000] {processor.py:179} INFO - Processing /home/airflow/.local/lib/python3.8/site-packages/airflow/example_dags/example_sla_dag.py took 0.106 seconds
[2023-10-10T01:26:53.768+0000] {processor.py:157} INFO - Started process (PID=4212) to work on /home/airflow/.local/lib/python3.8/site-packages/airflow/example_dags/example_sla_dag.py
[2023-10-10T01:26:53.770+0000] {processor.py:829} INFO - Processing file /home/airflow/.local/lib/python3.8/site-packages/airflow/example_dags/example_sla_dag.py for tasks to queue
[2023-10-10T01:26:53.772+0000] {logging_mixin.py:151} INFO - [2023-10-10T01:26:53.771+0000] {dagbag.py:539} INFO - Filling up the DagBag from /home/airflow/.local/lib/python3.8/site-packages/airflow/example_dags/example_sla_dag.py
[2023-10-10T01:26:53.797+0000] {processor.py:839} INFO - DAG(s) dict_keys(['example_sla_dag']) retrieved from /home/airflow/.local/lib/python3.8/site-packages/airflow/example_dags/example_sla_dag.py
[2023-10-10T01:26:53.823+0000] {logging_mixin.py:151} INFO - [2023-10-10T01:26:53.823+0000] {dag.py:2915} INFO - Sync 1 DAGs
[2023-10-10T01:26:53.845+0000] {logging_mixin.py:151} INFO - [2023-10-10T01:26:53.845+0000] {dag.py:3696} INFO - Setting next_dagrun for example_sla_dag to 2023-10-10T01:24:00+00:00, run_after=2023-10-10T01:26:00+00:00
[2023-10-10T01:26:53.854+0000] {processor.py:179} INFO - Processing /home/airflow/.local/lib/python3.8/site-packages/airflow/example_dags/example_sla_dag.py took 0.100 seconds
[2023-10-10T01:27:23.959+0000] {processor.py:157} INFO - Started process (PID=4450) to work on /home/airflow/.local/lib/python3.8/site-packages/airflow/example_dags/example_sla_dag.py
[2023-10-10T01:27:23.961+0000] {processor.py:829} INFO - Processing file /home/airflow/.local/lib/python3.8/site-packages/airflow/example_dags/example_sla_dag.py for tasks to queue
[2023-10-10T01:27:23.962+0000] {logging_mixin.py:151} INFO - [2023-10-10T01:27:23.962+0000] {dagbag.py:539} INFO - Filling up the DagBag from /home/airflow/.local/lib/python3.8/site-packages/airflow/example_dags/example_sla_dag.py
[2023-10-10T01:27:23.985+0000] {processor.py:839} INFO - DAG(s) dict_keys(['example_sla_dag']) retrieved from /home/airflow/.local/lib/python3.8/site-packages/airflow/example_dags/example_sla_dag.py
[2023-10-10T01:27:24.012+0000] {logging_mixin.py:151} INFO - [2023-10-10T01:27:24.011+0000] {dag.py:2915} INFO - Sync 1 DAGs
[2023-10-10T01:27:24.030+0000] {logging_mixin.py:151} INFO - [2023-10-10T01:27:24.030+0000] {dag.py:3696} INFO - Setting next_dagrun for example_sla_dag to 2023-10-10T01:24:00+00:00, run_after=2023-10-10T01:26:00+00:00
[2023-10-10T01:27:24.038+0000] {processor.py:179} INFO - Processing /home/airflow/.local/lib/python3.8/site-packages/airflow/example_dags/example_sla_dag.py took 0.086 seconds
[2023-10-10T01:27:54.191+0000] {processor.py:157} INFO - Started process (PID=4688) to work on /home/airflow/.local/lib/python3.8/site-packages/airflow/example_dags/example_sla_dag.py
[2023-10-10T01:27:54.194+0000] {processor.py:829} INFO - Processing file /home/airflow/.local/lib/python3.8/site-packages/airflow/example_dags/example_sla_dag.py for tasks to queue
[2023-10-10T01:27:54.195+0000] {logging_mixin.py:151} INFO - [2023-10-10T01:27:54.195+0000] {dagbag.py:539} INFO - Filling up the DagBag from /home/airflow/.local/lib/python3.8/site-packages/airflow/example_dags/example_sla_dag.py
[2023-10-10T01:27:54.217+0000] {processor.py:839} INFO - DAG(s) dict_keys(['example_sla_dag']) retrieved from /home/airflow/.local/lib/python3.8/site-packages/airflow/example_dags/example_sla_dag.py
[2023-10-10T01:27:54.248+0000] {logging_mixin.py:151} INFO - [2023-10-10T01:27:54.248+0000] {dag.py:2915} INFO - Sync 1 DAGs
[2023-10-10T01:27:54.266+0000] {logging_mixin.py:151} INFO - [2023-10-10T01:27:54.266+0000] {dag.py:3696} INFO - Setting next_dagrun for example_sla_dag to 2023-10-10T01:24:00+00:00, run_after=2023-10-10T01:26:00+00:00
[2023-10-10T01:27:54.274+0000] {processor.py:179} INFO - Processing /home/airflow/.local/lib/python3.8/site-packages/airflow/example_dags/example_sla_dag.py took 0.091 seconds
[2023-10-10T01:28:24.612+0000] {processor.py:157} INFO - Started process (PID=4928) to work on /home/airflow/.local/lib/python3.8/site-packages/airflow/example_dags/example_sla_dag.py
[2023-10-10T01:28:24.618+0000] {processor.py:829} INFO - Processing file /home/airflow/.local/lib/python3.8/site-packages/airflow/example_dags/example_sla_dag.py for tasks to queue
[2023-10-10T01:28:24.619+0000] {logging_mixin.py:151} INFO - [2023-10-10T01:28:24.619+0000] {dagbag.py:539} INFO - Filling up the DagBag from /home/airflow/.local/lib/python3.8/site-packages/airflow/example_dags/example_sla_dag.py
[2023-10-10T01:28:24.645+0000] {processor.py:839} INFO - DAG(s) dict_keys(['example_sla_dag']) retrieved from /home/airflow/.local/lib/python3.8/site-packages/airflow/example_dags/example_sla_dag.py
[2023-10-10T01:28:24.677+0000] {logging_mixin.py:151} INFO - [2023-10-10T01:28:24.676+0000] {dag.py:2915} INFO - Sync 1 DAGs
[2023-10-10T01:28:24.697+0000] {logging_mixin.py:151} INFO - [2023-10-10T01:28:24.697+0000] {dag.py:3696} INFO - Setting next_dagrun for example_sla_dag to 2023-10-10T01:26:00+00:00, run_after=2023-10-10T01:28:00+00:00
[2023-10-10T01:28:24.708+0000] {processor.py:179} INFO - Processing /home/airflow/.local/lib/python3.8/site-packages/airflow/example_dags/example_sla_dag.py took 0.102 seconds
[2023-10-10T01:28:54.920+0000] {processor.py:157} INFO - Started process (PID=5167) to work on /home/airflow/.local/lib/python3.8/site-packages/airflow/example_dags/example_sla_dag.py
[2023-10-10T01:28:54.922+0000] {processor.py:829} INFO - Processing file /home/airflow/.local/lib/python3.8/site-packages/airflow/example_dags/example_sla_dag.py for tasks to queue
[2023-10-10T01:28:54.923+0000] {logging_mixin.py:151} INFO - [2023-10-10T01:28:54.923+0000] {dagbag.py:539} INFO - Filling up the DagBag from /home/airflow/.local/lib/python3.8/site-packages/airflow/example_dags/example_sla_dag.py
[2023-10-10T01:28:54.942+0000] {processor.py:839} INFO - DAG(s) dict_keys(['example_sla_dag']) retrieved from /home/airflow/.local/lib/python3.8/site-packages/airflow/example_dags/example_sla_dag.py
[2023-10-10T01:28:54.969+0000] {logging_mixin.py:151} INFO - [2023-10-10T01:28:54.969+0000] {dag.py:2915} INFO - Sync 1 DAGs
[2023-10-10T01:28:54.990+0000] {logging_mixin.py:151} INFO - [2023-10-10T01:28:54.990+0000] {dag.py:3696} INFO - Setting next_dagrun for example_sla_dag to 2023-10-10T01:26:00+00:00, run_after=2023-10-10T01:28:00+00:00
[2023-10-10T01:28:55.000+0000] {processor.py:179} INFO - Processing /home/airflow/.local/lib/python3.8/site-packages/airflow/example_dags/example_sla_dag.py took 0.090 seconds
[2023-10-10T01:29:25.094+0000] {processor.py:157} INFO - Started process (PID=5402) to work on /home/airflow/.local/lib/python3.8/site-packages/airflow/example_dags/example_sla_dag.py
[2023-10-10T01:29:25.097+0000] {processor.py:829} INFO - Processing file /home/airflow/.local/lib/python3.8/site-packages/airflow/example_dags/example_sla_dag.py for tasks to queue
[2023-10-10T01:29:25.098+0000] {logging_mixin.py:151} INFO - [2023-10-10T01:29:25.097+0000] {dagbag.py:539} INFO - Filling up the DagBag from /home/airflow/.local/lib/python3.8/site-packages/airflow/example_dags/example_sla_dag.py
[2023-10-10T01:29:25.112+0000] {processor.py:839} INFO - DAG(s) dict_keys(['example_sla_dag']) retrieved from /home/airflow/.local/lib/python3.8/site-packages/airflow/example_dags/example_sla_dag.py
[2023-10-10T01:29:25.150+0000] {logging_mixin.py:151} INFO - [2023-10-10T01:29:25.150+0000] {dag.py:2915} INFO - Sync 1 DAGs
[2023-10-10T01:29:25.168+0000] {logging_mixin.py:151} INFO - [2023-10-10T01:29:25.168+0000] {dag.py:3696} INFO - Setting next_dagrun for example_sla_dag to 2023-10-10T01:26:00+00:00, run_after=2023-10-10T01:28:00+00:00
[2023-10-10T01:29:25.178+0000] {processor.py:179} INFO - Processing /home/airflow/.local/lib/python3.8/site-packages/airflow/example_dags/example_sla_dag.py took 0.092 seconds
[2023-10-10T01:29:55.338+0000] {processor.py:157} INFO - Started process (PID=5640) to work on /home/airflow/.local/lib/python3.8/site-packages/airflow/example_dags/example_sla_dag.py
[2023-10-10T01:29:55.341+0000] {processor.py:829} INFO - Processing file /home/airflow/.local/lib/python3.8/site-packages/airflow/example_dags/example_sla_dag.py for tasks to queue
[2023-10-10T01:29:55.345+0000] {logging_mixin.py:151} INFO - [2023-10-10T01:29:55.342+0000] {dagbag.py:539} INFO - Filling up the DagBag from /home/airflow/.local/lib/python3.8/site-packages/airflow/example_dags/example_sla_dag.py
[2023-10-10T01:29:55.369+0000] {processor.py:839} INFO - DAG(s) dict_keys(['example_sla_dag']) retrieved from /home/airflow/.local/lib/python3.8/site-packages/airflow/example_dags/example_sla_dag.py
[2023-10-10T01:29:55.401+0000] {logging_mixin.py:151} INFO - [2023-10-10T01:29:55.401+0000] {dag.py:2915} INFO - Sync 1 DAGs
[2023-10-10T01:29:55.422+0000] {logging_mixin.py:151} INFO - [2023-10-10T01:29:55.422+0000] {dag.py:3696} INFO - Setting next_dagrun for example_sla_dag to 2023-10-10T01:26:00+00:00, run_after=2023-10-10T01:28:00+00:00
[2023-10-10T01:29:55.429+0000] {processor.py:179} INFO - Processing /home/airflow/.local/lib/python3.8/site-packages/airflow/example_dags/example_sla_dag.py took 0.097 seconds
[2023-10-10T01:30:25.595+0000] {processor.py:157} INFO - Started process (PID=5878) to work on /home/airflow/.local/lib/python3.8/site-packages/airflow/example_dags/example_sla_dag.py
[2023-10-10T01:30:25.597+0000] {processor.py:829} INFO - Processing file /home/airflow/.local/lib/python3.8/site-packages/airflow/example_dags/example_sla_dag.py for tasks to queue
[2023-10-10T01:30:25.598+0000] {logging_mixin.py:151} INFO - [2023-10-10T01:30:25.598+0000] {dagbag.py:539} INFO - Filling up the DagBag from /home/airflow/.local/lib/python3.8/site-packages/airflow/example_dags/example_sla_dag.py
[2023-10-10T01:30:25.621+0000] {processor.py:839} INFO - DAG(s) dict_keys(['example_sla_dag']) retrieved from /home/airflow/.local/lib/python3.8/site-packages/airflow/example_dags/example_sla_dag.py
[2023-10-10T01:30:25.651+0000] {logging_mixin.py:151} INFO - [2023-10-10T01:30:25.651+0000] {dag.py:2915} INFO - Sync 1 DAGs
[2023-10-10T01:30:25.672+0000] {logging_mixin.py:151} INFO - [2023-10-10T01:30:25.672+0000] {dag.py:3696} INFO - Setting next_dagrun for example_sla_dag to 2023-10-10T01:28:00+00:00, run_after=2023-10-10T01:30:00+00:00
[2023-10-10T01:30:25.680+0000] {processor.py:179} INFO - Processing /home/airflow/.local/lib/python3.8/site-packages/airflow/example_dags/example_sla_dag.py took 0.092 seconds
[2023-10-10T01:30:55.874+0000] {processor.py:157} INFO - Started process (PID=6117) to work on /home/airflow/.local/lib/python3.8/site-packages/airflow/example_dags/example_sla_dag.py
[2023-10-10T01:30:55.875+0000] {processor.py:829} INFO - Processing file /home/airflow/.local/lib/python3.8/site-packages/airflow/example_dags/example_sla_dag.py for tasks to queue
[2023-10-10T01:30:55.877+0000] {logging_mixin.py:151} INFO - [2023-10-10T01:30:55.876+0000] {dagbag.py:539} INFO - Filling up the DagBag from /home/airflow/.local/lib/python3.8/site-packages/airflow/example_dags/example_sla_dag.py
[2023-10-10T01:30:55.904+0000] {processor.py:839} INFO - DAG(s) dict_keys(['example_sla_dag']) retrieved from /home/airflow/.local/lib/python3.8/site-packages/airflow/example_dags/example_sla_dag.py
[2023-10-10T01:30:55.929+0000] {logging_mixin.py:151} INFO - [2023-10-10T01:30:55.929+0000] {dag.py:2915} INFO - Sync 1 DAGs
[2023-10-10T01:30:55.954+0000] {logging_mixin.py:151} INFO - [2023-10-10T01:30:55.954+0000] {dag.py:3696} INFO - Setting next_dagrun for example_sla_dag to 2023-10-10T01:28:00+00:00, run_after=2023-10-10T01:30:00+00:00
[2023-10-10T01:30:55.973+0000] {processor.py:179} INFO - Processing /home/airflow/.local/lib/python3.8/site-packages/airflow/example_dags/example_sla_dag.py took 0.107 seconds
