[2023-10-10T01:18:20.467+0000] {processor.py:157} INFO - Started process (PID=242) to work on /home/airflow/.local/lib/python3.8/site-packages/airflow/example_dags/example_skip_dag.py
[2023-10-10T01:18:20.479+0000] {processor.py:829} INFO - Processing file /home/airflow/.local/lib/python3.8/site-packages/airflow/example_dags/example_skip_dag.py for tasks to queue
[2023-10-10T01:18:20.483+0000] {logging_mixin.py:151} INFO - [2023-10-10T01:18:20.483+0000] {dagbag.py:539} INFO - Filling up the DagBag from /home/airflow/.local/lib/python3.8/site-packages/airflow/example_dags/example_skip_dag.py
[2023-10-10T01:18:20.491+0000] {processor.py:839} INFO - DAG(s) dict_keys(['example_skip_dag']) retrieved from /home/airflow/.local/lib/python3.8/site-packages/airflow/example_dags/example_skip_dag.py
[2023-10-10T01:18:20.514+0000] {logging_mixin.py:151} INFO - [2023-10-10T01:18:20.514+0000] {dag.py:2915} INFO - Sync 1 DAGs
[2023-10-10T01:18:20.531+0000] {logging_mixin.py:151} INFO - [2023-10-10T01:18:20.531+0000] {dag.py:3696} INFO - Setting next_dagrun for example_skip_dag to 2023-10-09T01:18:20.530942+00:00, run_after=2023-10-10T01:18:20.530942+00:00
[2023-10-10T01:18:20.639+0000] {processor.py:179} INFO - Processing /home/airflow/.local/lib/python3.8/site-packages/airflow/example_dags/example_skip_dag.py took 0.177 seconds
[2023-10-10T01:18:51.470+0000] {processor.py:157} INFO - Started process (PID=480) to work on /home/airflow/.local/lib/python3.8/site-packages/airflow/example_dags/example_skip_dag.py
[2023-10-10T01:18:51.471+0000] {processor.py:829} INFO - Processing file /home/airflow/.local/lib/python3.8/site-packages/airflow/example_dags/example_skip_dag.py for tasks to queue
[2023-10-10T01:18:51.472+0000] {logging_mixin.py:151} INFO - [2023-10-10T01:18:51.471+0000] {dagbag.py:539} INFO - Filling up the DagBag from /home/airflow/.local/lib/python3.8/site-packages/airflow/example_dags/example_skip_dag.py
[2023-10-10T01:18:51.476+0000] {processor.py:839} INFO - DAG(s) dict_keys(['example_skip_dag']) retrieved from /home/airflow/.local/lib/python3.8/site-packages/airflow/example_dags/example_skip_dag.py
[2023-10-10T01:18:51.489+0000] {logging_mixin.py:151} INFO - [2023-10-10T01:18:51.489+0000] {dag.py:2915} INFO - Sync 1 DAGs
[2023-10-10T01:18:51.499+0000] {logging_mixin.py:151} INFO - [2023-10-10T01:18:51.499+0000] {dag.py:3696} INFO - Setting next_dagrun for example_skip_dag to 2023-10-09T01:18:51.499562+00:00, run_after=2023-10-10T01:18:51.499562+00:00
[2023-10-10T01:18:51.506+0000] {processor.py:179} INFO - Processing /home/airflow/.local/lib/python3.8/site-packages/airflow/example_dags/example_skip_dag.py took 0.039 seconds
[2023-10-10T01:19:21.592+0000] {processor.py:157} INFO - Started process (PID=718) to work on /home/airflow/.local/lib/python3.8/site-packages/airflow/example_dags/example_skip_dag.py
[2023-10-10T01:19:21.592+0000] {processor.py:829} INFO - Processing file /home/airflow/.local/lib/python3.8/site-packages/airflow/example_dags/example_skip_dag.py for tasks to queue
[2023-10-10T01:19:21.593+0000] {logging_mixin.py:151} INFO - [2023-10-10T01:19:21.593+0000] {dagbag.py:539} INFO - Filling up the DagBag from /home/airflow/.local/lib/python3.8/site-packages/airflow/example_dags/example_skip_dag.py
[2023-10-10T01:19:21.597+0000] {processor.py:839} INFO - DAG(s) dict_keys(['example_skip_dag']) retrieved from /home/airflow/.local/lib/python3.8/site-packages/airflow/example_dags/example_skip_dag.py
[2023-10-10T01:19:21.611+0000] {logging_mixin.py:151} INFO - [2023-10-10T01:19:21.610+0000] {dag.py:2915} INFO - Sync 1 DAGs
[2023-10-10T01:19:21.621+0000] {logging_mixin.py:151} INFO - [2023-10-10T01:19:21.621+0000] {dag.py:3696} INFO - Setting next_dagrun for example_skip_dag to 2023-10-09T01:19:21.621264+00:00, run_after=2023-10-10T01:19:21.621264+00:00
[2023-10-10T01:19:21.628+0000] {processor.py:179} INFO - Processing /home/airflow/.local/lib/python3.8/site-packages/airflow/example_dags/example_skip_dag.py took 0.038 seconds
[2023-10-10T01:19:51.897+0000] {processor.py:157} INFO - Started process (PID=957) to work on /home/airflow/.local/lib/python3.8/site-packages/airflow/example_dags/example_skip_dag.py
[2023-10-10T01:19:51.898+0000] {processor.py:829} INFO - Processing file /home/airflow/.local/lib/python3.8/site-packages/airflow/example_dags/example_skip_dag.py for tasks to queue
[2023-10-10T01:19:51.898+0000] {logging_mixin.py:151} INFO - [2023-10-10T01:19:51.898+0000] {dagbag.py:539} INFO - Filling up the DagBag from /home/airflow/.local/lib/python3.8/site-packages/airflow/example_dags/example_skip_dag.py
[2023-10-10T01:19:51.903+0000] {processor.py:839} INFO - DAG(s) dict_keys(['example_skip_dag']) retrieved from /home/airflow/.local/lib/python3.8/site-packages/airflow/example_dags/example_skip_dag.py
[2023-10-10T01:19:51.916+0000] {logging_mixin.py:151} INFO - [2023-10-10T01:19:51.916+0000] {dag.py:2915} INFO - Sync 1 DAGs
[2023-10-10T01:19:51.926+0000] {logging_mixin.py:151} INFO - [2023-10-10T01:19:51.926+0000] {dag.py:3696} INFO - Setting next_dagrun for example_skip_dag to 2023-10-09T01:19:51.926404+00:00, run_after=2023-10-10T01:19:51.926404+00:00
[2023-10-10T01:19:51.933+0000] {processor.py:179} INFO - Processing /home/airflow/.local/lib/python3.8/site-packages/airflow/example_dags/example_skip_dag.py took 0.039 seconds
[2023-10-10T01:20:22.214+0000] {processor.py:157} INFO - Started process (PID=1195) to work on /home/airflow/.local/lib/python3.8/site-packages/airflow/example_dags/example_skip_dag.py
[2023-10-10T01:20:22.215+0000] {processor.py:829} INFO - Processing file /home/airflow/.local/lib/python3.8/site-packages/airflow/example_dags/example_skip_dag.py for tasks to queue
[2023-10-10T01:20:22.215+0000] {logging_mixin.py:151} INFO - [2023-10-10T01:20:22.215+0000] {dagbag.py:539} INFO - Filling up the DagBag from /home/airflow/.local/lib/python3.8/site-packages/airflow/example_dags/example_skip_dag.py
[2023-10-10T01:20:22.219+0000] {processor.py:839} INFO - DAG(s) dict_keys(['example_skip_dag']) retrieved from /home/airflow/.local/lib/python3.8/site-packages/airflow/example_dags/example_skip_dag.py
[2023-10-10T01:20:22.232+0000] {logging_mixin.py:151} INFO - [2023-10-10T01:20:22.232+0000] {dag.py:2915} INFO - Sync 1 DAGs
[2023-10-10T01:20:22.243+0000] {logging_mixin.py:151} INFO - [2023-10-10T01:20:22.243+0000] {dag.py:3696} INFO - Setting next_dagrun for example_skip_dag to 2023-10-09T01:20:22.243214+00:00, run_after=2023-10-10T01:20:22.243214+00:00
[2023-10-10T01:20:22.250+0000] {processor.py:179} INFO - Processing /home/airflow/.local/lib/python3.8/site-packages/airflow/example_dags/example_skip_dag.py took 0.039 seconds
[2023-10-10T01:20:52.413+0000] {processor.py:157} INFO - Started process (PID=1433) to work on /home/airflow/.local/lib/python3.8/site-packages/airflow/example_dags/example_skip_dag.py
[2023-10-10T01:20:52.414+0000] {processor.py:829} INFO - Processing file /home/airflow/.local/lib/python3.8/site-packages/airflow/example_dags/example_skip_dag.py for tasks to queue
[2023-10-10T01:20:52.414+0000] {logging_mixin.py:151} INFO - [2023-10-10T01:20:52.414+0000] {dagbag.py:539} INFO - Filling up the DagBag from /home/airflow/.local/lib/python3.8/site-packages/airflow/example_dags/example_skip_dag.py
[2023-10-10T01:20:52.419+0000] {processor.py:839} INFO - DAG(s) dict_keys(['example_skip_dag']) retrieved from /home/airflow/.local/lib/python3.8/site-packages/airflow/example_dags/example_skip_dag.py
[2023-10-10T01:20:52.431+0000] {logging_mixin.py:151} INFO - [2023-10-10T01:20:52.431+0000] {dag.py:2915} INFO - Sync 1 DAGs
[2023-10-10T01:20:52.442+0000] {logging_mixin.py:151} INFO - [2023-10-10T01:20:52.442+0000] {dag.py:3696} INFO - Setting next_dagrun for example_skip_dag to 2023-10-09T01:20:52.442496+00:00, run_after=2023-10-10T01:20:52.442496+00:00
[2023-10-10T01:20:52.450+0000] {processor.py:179} INFO - Processing /home/airflow/.local/lib/python3.8/site-packages/airflow/example_dags/example_skip_dag.py took 0.039 seconds
[2023-10-10T01:21:22.596+0000] {processor.py:157} INFO - Started process (PID=1671) to work on /home/airflow/.local/lib/python3.8/site-packages/airflow/example_dags/example_skip_dag.py
[2023-10-10T01:21:22.597+0000] {processor.py:829} INFO - Processing file /home/airflow/.local/lib/python3.8/site-packages/airflow/example_dags/example_skip_dag.py for tasks to queue
[2023-10-10T01:21:22.597+0000] {logging_mixin.py:151} INFO - [2023-10-10T01:21:22.597+0000] {dagbag.py:539} INFO - Filling up the DagBag from /home/airflow/.local/lib/python3.8/site-packages/airflow/example_dags/example_skip_dag.py
[2023-10-10T01:21:22.602+0000] {processor.py:839} INFO - DAG(s) dict_keys(['example_skip_dag']) retrieved from /home/airflow/.local/lib/python3.8/site-packages/airflow/example_dags/example_skip_dag.py
[2023-10-10T01:21:22.614+0000] {logging_mixin.py:151} INFO - [2023-10-10T01:21:22.614+0000] {dag.py:2915} INFO - Sync 1 DAGs
[2023-10-10T01:21:22.625+0000] {logging_mixin.py:151} INFO - [2023-10-10T01:21:22.625+0000] {dag.py:3696} INFO - Setting next_dagrun for example_skip_dag to 2023-10-09T01:21:22.624898+00:00, run_after=2023-10-10T01:21:22.624898+00:00
[2023-10-10T01:21:22.632+0000] {processor.py:179} INFO - Processing /home/airflow/.local/lib/python3.8/site-packages/airflow/example_dags/example_skip_dag.py took 0.038 seconds
[2023-10-10T01:21:52.805+0000] {processor.py:157} INFO - Started process (PID=1909) to work on /home/airflow/.local/lib/python3.8/site-packages/airflow/example_dags/example_skip_dag.py
[2023-10-10T01:21:52.806+0000] {processor.py:829} INFO - Processing file /home/airflow/.local/lib/python3.8/site-packages/airflow/example_dags/example_skip_dag.py for tasks to queue
[2023-10-10T01:21:52.807+0000] {logging_mixin.py:151} INFO - [2023-10-10T01:21:52.806+0000] {dagbag.py:539} INFO - Filling up the DagBag from /home/airflow/.local/lib/python3.8/site-packages/airflow/example_dags/example_skip_dag.py
[2023-10-10T01:21:52.811+0000] {processor.py:839} INFO - DAG(s) dict_keys(['example_skip_dag']) retrieved from /home/airflow/.local/lib/python3.8/site-packages/airflow/example_dags/example_skip_dag.py
[2023-10-10T01:21:52.825+0000] {logging_mixin.py:151} INFO - [2023-10-10T01:21:52.825+0000] {dag.py:2915} INFO - Sync 1 DAGs
[2023-10-10T01:21:52.835+0000] {logging_mixin.py:151} INFO - [2023-10-10T01:21:52.835+0000] {dag.py:3696} INFO - Setting next_dagrun for example_skip_dag to 2023-10-09T01:21:52.835502+00:00, run_after=2023-10-10T01:21:52.835502+00:00
[2023-10-10T01:21:52.844+0000] {processor.py:179} INFO - Processing /home/airflow/.local/lib/python3.8/site-packages/airflow/example_dags/example_skip_dag.py took 0.040 seconds
[2023-10-10T01:22:23.144+0000] {processor.py:157} INFO - Started process (PID=2147) to work on /home/airflow/.local/lib/python3.8/site-packages/airflow/example_dags/example_skip_dag.py
[2023-10-10T01:22:23.145+0000] {processor.py:829} INFO - Processing file /home/airflow/.local/lib/python3.8/site-packages/airflow/example_dags/example_skip_dag.py for tasks to queue
[2023-10-10T01:22:23.145+0000] {logging_mixin.py:151} INFO - [2023-10-10T01:22:23.145+0000] {dagbag.py:539} INFO - Filling up the DagBag from /home/airflow/.local/lib/python3.8/site-packages/airflow/example_dags/example_skip_dag.py
[2023-10-10T01:22:23.150+0000] {processor.py:839} INFO - DAG(s) dict_keys(['example_skip_dag']) retrieved from /home/airflow/.local/lib/python3.8/site-packages/airflow/example_dags/example_skip_dag.py
[2023-10-10T01:22:23.163+0000] {logging_mixin.py:151} INFO - [2023-10-10T01:22:23.163+0000] {dag.py:2915} INFO - Sync 1 DAGs
[2023-10-10T01:22:23.173+0000] {logging_mixin.py:151} INFO - [2023-10-10T01:22:23.173+0000] {dag.py:3696} INFO - Setting next_dagrun for example_skip_dag to 2023-10-09T01:22:23.172827+00:00, run_after=2023-10-10T01:22:23.172827+00:00
[2023-10-10T01:22:23.180+0000] {processor.py:179} INFO - Processing /home/airflow/.local/lib/python3.8/site-packages/airflow/example_dags/example_skip_dag.py took 0.038 seconds
[2023-10-10T01:22:53.224+0000] {processor.py:157} INFO - Started process (PID=2386) to work on /home/airflow/.local/lib/python3.8/site-packages/airflow/example_dags/example_skip_dag.py
[2023-10-10T01:22:53.224+0000] {processor.py:829} INFO - Processing file /home/airflow/.local/lib/python3.8/site-packages/airflow/example_dags/example_skip_dag.py for tasks to queue
[2023-10-10T01:22:53.225+0000] {logging_mixin.py:151} INFO - [2023-10-10T01:22:53.225+0000] {dagbag.py:539} INFO - Filling up the DagBag from /home/airflow/.local/lib/python3.8/site-packages/airflow/example_dags/example_skip_dag.py
[2023-10-10T01:22:53.229+0000] {processor.py:839} INFO - DAG(s) dict_keys(['example_skip_dag']) retrieved from /home/airflow/.local/lib/python3.8/site-packages/airflow/example_dags/example_skip_dag.py
[2023-10-10T01:22:53.242+0000] {logging_mixin.py:151} INFO - [2023-10-10T01:22:53.242+0000] {dag.py:2915} INFO - Sync 1 DAGs
[2023-10-10T01:22:53.252+0000] {logging_mixin.py:151} INFO - [2023-10-10T01:22:53.252+0000] {dag.py:3696} INFO - Setting next_dagrun for example_skip_dag to 2023-10-09T01:22:53.251913+00:00, run_after=2023-10-10T01:22:53.251913+00:00
[2023-10-10T01:22:53.259+0000] {processor.py:179} INFO - Processing /home/airflow/.local/lib/python3.8/site-packages/airflow/example_dags/example_skip_dag.py took 0.037 seconds
[2023-10-10T01:23:23.598+0000] {processor.py:157} INFO - Started process (PID=2624) to work on /home/airflow/.local/lib/python3.8/site-packages/airflow/example_dags/example_skip_dag.py
[2023-10-10T01:23:23.599+0000] {processor.py:829} INFO - Processing file /home/airflow/.local/lib/python3.8/site-packages/airflow/example_dags/example_skip_dag.py for tasks to queue
[2023-10-10T01:23:23.600+0000] {logging_mixin.py:151} INFO - [2023-10-10T01:23:23.599+0000] {dagbag.py:539} INFO - Filling up the DagBag from /home/airflow/.local/lib/python3.8/site-packages/airflow/example_dags/example_skip_dag.py
[2023-10-10T01:23:23.604+0000] {processor.py:839} INFO - DAG(s) dict_keys(['example_skip_dag']) retrieved from /home/airflow/.local/lib/python3.8/site-packages/airflow/example_dags/example_skip_dag.py
[2023-10-10T01:23:23.618+0000] {logging_mixin.py:151} INFO - [2023-10-10T01:23:23.618+0000] {dag.py:2915} INFO - Sync 1 DAGs
[2023-10-10T01:23:23.631+0000] {logging_mixin.py:151} INFO - [2023-10-10T01:23:23.631+0000] {dag.py:3696} INFO - Setting next_dagrun for example_skip_dag to 2023-10-09T01:23:23.631053+00:00, run_after=2023-10-10T01:23:23.631053+00:00
[2023-10-10T01:23:23.639+0000] {processor.py:179} INFO - Processing /home/airflow/.local/lib/python3.8/site-packages/airflow/example_dags/example_skip_dag.py took 0.043 seconds
[2023-10-10T01:23:53.906+0000] {processor.py:157} INFO - Started process (PID=2861) to work on /home/airflow/.local/lib/python3.8/site-packages/airflow/example_dags/example_skip_dag.py
[2023-10-10T01:23:53.908+0000] {processor.py:829} INFO - Processing file /home/airflow/.local/lib/python3.8/site-packages/airflow/example_dags/example_skip_dag.py for tasks to queue
[2023-10-10T01:23:53.908+0000] {logging_mixin.py:151} INFO - [2023-10-10T01:23:53.908+0000] {dagbag.py:539} INFO - Filling up the DagBag from /home/airflow/.local/lib/python3.8/site-packages/airflow/example_dags/example_skip_dag.py
[2023-10-10T01:23:53.913+0000] {processor.py:839} INFO - DAG(s) dict_keys(['example_skip_dag']) retrieved from /home/airflow/.local/lib/python3.8/site-packages/airflow/example_dags/example_skip_dag.py
[2023-10-10T01:23:53.926+0000] {logging_mixin.py:151} INFO - [2023-10-10T01:23:53.925+0000] {dag.py:2915} INFO - Sync 1 DAGs
[2023-10-10T01:23:53.936+0000] {logging_mixin.py:151} INFO - [2023-10-10T01:23:53.936+0000] {dag.py:3696} INFO - Setting next_dagrun for example_skip_dag to 2023-10-09T01:23:53.936187+00:00, run_after=2023-10-10T01:23:53.936187+00:00
[2023-10-10T01:23:53.943+0000] {processor.py:179} INFO - Processing /home/airflow/.local/lib/python3.8/site-packages/airflow/example_dags/example_skip_dag.py took 0.040 seconds
[2023-10-10T01:24:24.153+0000] {processor.py:157} INFO - Started process (PID=3099) to work on /home/airflow/.local/lib/python3.8/site-packages/airflow/example_dags/example_skip_dag.py
[2023-10-10T01:24:24.154+0000] {processor.py:829} INFO - Processing file /home/airflow/.local/lib/python3.8/site-packages/airflow/example_dags/example_skip_dag.py for tasks to queue
[2023-10-10T01:24:24.154+0000] {logging_mixin.py:151} INFO - [2023-10-10T01:24:24.154+0000] {dagbag.py:539} INFO - Filling up the DagBag from /home/airflow/.local/lib/python3.8/site-packages/airflow/example_dags/example_skip_dag.py
[2023-10-10T01:24:24.159+0000] {processor.py:839} INFO - DAG(s) dict_keys(['example_skip_dag']) retrieved from /home/airflow/.local/lib/python3.8/site-packages/airflow/example_dags/example_skip_dag.py
[2023-10-10T01:24:24.171+0000] {logging_mixin.py:151} INFO - [2023-10-10T01:24:24.171+0000] {dag.py:2915} INFO - Sync 1 DAGs
[2023-10-10T01:24:24.181+0000] {logging_mixin.py:151} INFO - [2023-10-10T01:24:24.181+0000] {dag.py:3696} INFO - Setting next_dagrun for example_skip_dag to 2023-10-09T01:24:24.181588+00:00, run_after=2023-10-10T01:24:24.181588+00:00
[2023-10-10T01:24:24.188+0000] {processor.py:179} INFO - Processing /home/airflow/.local/lib/python3.8/site-packages/airflow/example_dags/example_skip_dag.py took 0.037 seconds
[2023-10-10T01:24:54.395+0000] {processor.py:157} INFO - Started process (PID=3337) to work on /home/airflow/.local/lib/python3.8/site-packages/airflow/example_dags/example_skip_dag.py
[2023-10-10T01:24:54.396+0000] {processor.py:829} INFO - Processing file /home/airflow/.local/lib/python3.8/site-packages/airflow/example_dags/example_skip_dag.py for tasks to queue
[2023-10-10T01:24:54.397+0000] {logging_mixin.py:151} INFO - [2023-10-10T01:24:54.396+0000] {dagbag.py:539} INFO - Filling up the DagBag from /home/airflow/.local/lib/python3.8/site-packages/airflow/example_dags/example_skip_dag.py
[2023-10-10T01:24:54.401+0000] {processor.py:839} INFO - DAG(s) dict_keys(['example_skip_dag']) retrieved from /home/airflow/.local/lib/python3.8/site-packages/airflow/example_dags/example_skip_dag.py
[2023-10-10T01:24:54.413+0000] {logging_mixin.py:151} INFO - [2023-10-10T01:24:54.413+0000] {dag.py:2915} INFO - Sync 1 DAGs
[2023-10-10T01:24:54.423+0000] {logging_mixin.py:151} INFO - [2023-10-10T01:24:54.423+0000] {dag.py:3696} INFO - Setting next_dagrun for example_skip_dag to 2023-10-09T01:24:54.423480+00:00, run_after=2023-10-10T01:24:54.423480+00:00
[2023-10-10T01:24:54.431+0000] {processor.py:179} INFO - Processing /home/airflow/.local/lib/python3.8/site-packages/airflow/example_dags/example_skip_dag.py took 0.038 seconds
[2023-10-10T01:25:24.660+0000] {processor.py:157} INFO - Started process (PID=3575) to work on /home/airflow/.local/lib/python3.8/site-packages/airflow/example_dags/example_skip_dag.py
[2023-10-10T01:25:24.661+0000] {processor.py:829} INFO - Processing file /home/airflow/.local/lib/python3.8/site-packages/airflow/example_dags/example_skip_dag.py for tasks to queue
[2023-10-10T01:25:24.662+0000] {logging_mixin.py:151} INFO - [2023-10-10T01:25:24.662+0000] {dagbag.py:539} INFO - Filling up the DagBag from /home/airflow/.local/lib/python3.8/site-packages/airflow/example_dags/example_skip_dag.py
[2023-10-10T01:25:24.667+0000] {processor.py:839} INFO - DAG(s) dict_keys(['example_skip_dag']) retrieved from /home/airflow/.local/lib/python3.8/site-packages/airflow/example_dags/example_skip_dag.py
[2023-10-10T01:25:24.679+0000] {logging_mixin.py:151} INFO - [2023-10-10T01:25:24.679+0000] {dag.py:2915} INFO - Sync 1 DAGs
[2023-10-10T01:25:24.689+0000] {logging_mixin.py:151} INFO - [2023-10-10T01:25:24.689+0000] {dag.py:3696} INFO - Setting next_dagrun for example_skip_dag to 2023-10-09T01:25:24.689617+00:00, run_after=2023-10-10T01:25:24.689617+00:00
[2023-10-10T01:25:24.696+0000] {processor.py:179} INFO - Processing /home/airflow/.local/lib/python3.8/site-packages/airflow/example_dags/example_skip_dag.py took 0.038 seconds
[2023-10-10T01:25:54.934+0000] {processor.py:157} INFO - Started process (PID=3813) to work on /home/airflow/.local/lib/python3.8/site-packages/airflow/example_dags/example_skip_dag.py
[2023-10-10T01:25:54.935+0000] {processor.py:829} INFO - Processing file /home/airflow/.local/lib/python3.8/site-packages/airflow/example_dags/example_skip_dag.py for tasks to queue
[2023-10-10T01:25:54.935+0000] {logging_mixin.py:151} INFO - [2023-10-10T01:25:54.935+0000] {dagbag.py:539} INFO - Filling up the DagBag from /home/airflow/.local/lib/python3.8/site-packages/airflow/example_dags/example_skip_dag.py
[2023-10-10T01:25:54.940+0000] {processor.py:839} INFO - DAG(s) dict_keys(['example_skip_dag']) retrieved from /home/airflow/.local/lib/python3.8/site-packages/airflow/example_dags/example_skip_dag.py
[2023-10-10T01:25:54.952+0000] {logging_mixin.py:151} INFO - [2023-10-10T01:25:54.952+0000] {dag.py:2915} INFO - Sync 1 DAGs
[2023-10-10T01:25:54.963+0000] {logging_mixin.py:151} INFO - [2023-10-10T01:25:54.962+0000] {dag.py:3696} INFO - Setting next_dagrun for example_skip_dag to 2023-10-09T01:25:54.962748+00:00, run_after=2023-10-10T01:25:54.962748+00:00
[2023-10-10T01:25:54.969+0000] {processor.py:179} INFO - Processing /home/airflow/.local/lib/python3.8/site-packages/airflow/example_dags/example_skip_dag.py took 0.037 seconds
[2023-10-10T01:26:25.178+0000] {processor.py:157} INFO - Started process (PID=4052) to work on /home/airflow/.local/lib/python3.8/site-packages/airflow/example_dags/example_skip_dag.py
[2023-10-10T01:26:25.179+0000] {processor.py:829} INFO - Processing file /home/airflow/.local/lib/python3.8/site-packages/airflow/example_dags/example_skip_dag.py for tasks to queue
[2023-10-10T01:26:25.179+0000] {logging_mixin.py:151} INFO - [2023-10-10T01:26:25.179+0000] {dagbag.py:539} INFO - Filling up the DagBag from /home/airflow/.local/lib/python3.8/site-packages/airflow/example_dags/example_skip_dag.py
[2023-10-10T01:26:25.184+0000] {processor.py:839} INFO - DAG(s) dict_keys(['example_skip_dag']) retrieved from /home/airflow/.local/lib/python3.8/site-packages/airflow/example_dags/example_skip_dag.py
[2023-10-10T01:26:25.196+0000] {logging_mixin.py:151} INFO - [2023-10-10T01:26:25.196+0000] {dag.py:2915} INFO - Sync 1 DAGs
[2023-10-10T01:26:25.206+0000] {logging_mixin.py:151} INFO - [2023-10-10T01:26:25.206+0000] {dag.py:3696} INFO - Setting next_dagrun for example_skip_dag to 2023-10-09T01:26:25.206721+00:00, run_after=2023-10-10T01:26:25.206721+00:00
[2023-10-10T01:26:25.214+0000] {processor.py:179} INFO - Processing /home/airflow/.local/lib/python3.8/site-packages/airflow/example_dags/example_skip_dag.py took 0.039 seconds
[2023-10-10T01:26:55.374+0000] {processor.py:157} INFO - Started process (PID=4290) to work on /home/airflow/.local/lib/python3.8/site-packages/airflow/example_dags/example_skip_dag.py
[2023-10-10T01:26:55.375+0000] {processor.py:829} INFO - Processing file /home/airflow/.local/lib/python3.8/site-packages/airflow/example_dags/example_skip_dag.py for tasks to queue
[2023-10-10T01:26:55.376+0000] {logging_mixin.py:151} INFO - [2023-10-10T01:26:55.375+0000] {dagbag.py:539} INFO - Filling up the DagBag from /home/airflow/.local/lib/python3.8/site-packages/airflow/example_dags/example_skip_dag.py
[2023-10-10T01:26:55.382+0000] {processor.py:839} INFO - DAG(s) dict_keys(['example_skip_dag']) retrieved from /home/airflow/.local/lib/python3.8/site-packages/airflow/example_dags/example_skip_dag.py
[2023-10-10T01:26:55.395+0000] {logging_mixin.py:151} INFO - [2023-10-10T01:26:55.395+0000] {dag.py:2915} INFO - Sync 1 DAGs
[2023-10-10T01:26:55.406+0000] {logging_mixin.py:151} INFO - [2023-10-10T01:26:55.406+0000] {dag.py:3696} INFO - Setting next_dagrun for example_skip_dag to 2023-10-09T01:26:55.406104+00:00, run_after=2023-10-10T01:26:55.406104+00:00
[2023-10-10T01:26:55.413+0000] {processor.py:179} INFO - Processing /home/airflow/.local/lib/python3.8/site-packages/airflow/example_dags/example_skip_dag.py took 0.041 seconds
[2023-10-10T01:27:25.593+0000] {processor.py:157} INFO - Started process (PID=4528) to work on /home/airflow/.local/lib/python3.8/site-packages/airflow/example_dags/example_skip_dag.py
[2023-10-10T01:27:25.594+0000] {processor.py:829} INFO - Processing file /home/airflow/.local/lib/python3.8/site-packages/airflow/example_dags/example_skip_dag.py for tasks to queue
[2023-10-10T01:27:25.594+0000] {logging_mixin.py:151} INFO - [2023-10-10T01:27:25.594+0000] {dagbag.py:539} INFO - Filling up the DagBag from /home/airflow/.local/lib/python3.8/site-packages/airflow/example_dags/example_skip_dag.py
[2023-10-10T01:27:25.599+0000] {processor.py:839} INFO - DAG(s) dict_keys(['example_skip_dag']) retrieved from /home/airflow/.local/lib/python3.8/site-packages/airflow/example_dags/example_skip_dag.py
[2023-10-10T01:27:25.611+0000] {logging_mixin.py:151} INFO - [2023-10-10T01:27:25.611+0000] {dag.py:2915} INFO - Sync 1 DAGs
[2023-10-10T01:27:25.621+0000] {logging_mixin.py:151} INFO - [2023-10-10T01:27:25.621+0000] {dag.py:3696} INFO - Setting next_dagrun for example_skip_dag to 2023-10-09T01:27:25.621203+00:00, run_after=2023-10-10T01:27:25.621203+00:00
[2023-10-10T01:27:25.628+0000] {processor.py:179} INFO - Processing /home/airflow/.local/lib/python3.8/site-packages/airflow/example_dags/example_skip_dag.py took 0.037 seconds
[2023-10-10T01:27:55.833+0000] {processor.py:157} INFO - Started process (PID=4766) to work on /home/airflow/.local/lib/python3.8/site-packages/airflow/example_dags/example_skip_dag.py
[2023-10-10T01:27:55.834+0000] {processor.py:829} INFO - Processing file /home/airflow/.local/lib/python3.8/site-packages/airflow/example_dags/example_skip_dag.py for tasks to queue
[2023-10-10T01:27:55.835+0000] {logging_mixin.py:151} INFO - [2023-10-10T01:27:55.835+0000] {dagbag.py:539} INFO - Filling up the DagBag from /home/airflow/.local/lib/python3.8/site-packages/airflow/example_dags/example_skip_dag.py
[2023-10-10T01:27:55.840+0000] {processor.py:839} INFO - DAG(s) dict_keys(['example_skip_dag']) retrieved from /home/airflow/.local/lib/python3.8/site-packages/airflow/example_dags/example_skip_dag.py
[2023-10-10T01:27:55.852+0000] {logging_mixin.py:151} INFO - [2023-10-10T01:27:55.852+0000] {dag.py:2915} INFO - Sync 1 DAGs
[2023-10-10T01:27:55.866+0000] {logging_mixin.py:151} INFO - [2023-10-10T01:27:55.866+0000] {dag.py:3696} INFO - Setting next_dagrun for example_skip_dag to 2023-10-09T01:27:55.866376+00:00, run_after=2023-10-10T01:27:55.866376+00:00
[2023-10-10T01:27:55.877+0000] {processor.py:179} INFO - Processing /home/airflow/.local/lib/python3.8/site-packages/airflow/example_dags/example_skip_dag.py took 0.046 seconds
[2023-10-10T01:28:26.168+0000] {processor.py:157} INFO - Started process (PID=5004) to work on /home/airflow/.local/lib/python3.8/site-packages/airflow/example_dags/example_skip_dag.py
[2023-10-10T01:28:26.169+0000] {processor.py:829} INFO - Processing file /home/airflow/.local/lib/python3.8/site-packages/airflow/example_dags/example_skip_dag.py for tasks to queue
[2023-10-10T01:28:26.170+0000] {logging_mixin.py:151} INFO - [2023-10-10T01:28:26.169+0000] {dagbag.py:539} INFO - Filling up the DagBag from /home/airflow/.local/lib/python3.8/site-packages/airflow/example_dags/example_skip_dag.py
[2023-10-10T01:28:26.174+0000] {processor.py:839} INFO - DAG(s) dict_keys(['example_skip_dag']) retrieved from /home/airflow/.local/lib/python3.8/site-packages/airflow/example_dags/example_skip_dag.py
[2023-10-10T01:28:26.186+0000] {logging_mixin.py:151} INFO - [2023-10-10T01:28:26.186+0000] {dag.py:2915} INFO - Sync 1 DAGs
[2023-10-10T01:28:26.197+0000] {logging_mixin.py:151} INFO - [2023-10-10T01:28:26.197+0000] {dag.py:3696} INFO - Setting next_dagrun for example_skip_dag to 2023-10-09T01:28:26.196920+00:00, run_after=2023-10-10T01:28:26.196920+00:00
[2023-10-10T01:28:26.204+0000] {processor.py:179} INFO - Processing /home/airflow/.local/lib/python3.8/site-packages/airflow/example_dags/example_skip_dag.py took 0.038 seconds
[2023-10-10T01:28:56.511+0000] {processor.py:157} INFO - Started process (PID=5242) to work on /home/airflow/.local/lib/python3.8/site-packages/airflow/example_dags/example_skip_dag.py
[2023-10-10T01:28:56.512+0000] {processor.py:829} INFO - Processing file /home/airflow/.local/lib/python3.8/site-packages/airflow/example_dags/example_skip_dag.py for tasks to queue
[2023-10-10T01:28:56.512+0000] {logging_mixin.py:151} INFO - [2023-10-10T01:28:56.512+0000] {dagbag.py:539} INFO - Filling up the DagBag from /home/airflow/.local/lib/python3.8/site-packages/airflow/example_dags/example_skip_dag.py
[2023-10-10T01:28:56.517+0000] {processor.py:839} INFO - DAG(s) dict_keys(['example_skip_dag']) retrieved from /home/airflow/.local/lib/python3.8/site-packages/airflow/example_dags/example_skip_dag.py
[2023-10-10T01:28:56.529+0000] {logging_mixin.py:151} INFO - [2023-10-10T01:28:56.529+0000] {dag.py:2915} INFO - Sync 1 DAGs
[2023-10-10T01:28:56.540+0000] {logging_mixin.py:151} INFO - [2023-10-10T01:28:56.540+0000] {dag.py:3696} INFO - Setting next_dagrun for example_skip_dag to 2023-10-09T01:28:56.540061+00:00, run_after=2023-10-10T01:28:56.540061+00:00
[2023-10-10T01:28:56.547+0000] {processor.py:179} INFO - Processing /home/airflow/.local/lib/python3.8/site-packages/airflow/example_dags/example_skip_dag.py took 0.038 seconds
[2023-10-10T01:29:26.715+0000] {processor.py:157} INFO - Started process (PID=5480) to work on /home/airflow/.local/lib/python3.8/site-packages/airflow/example_dags/example_skip_dag.py
[2023-10-10T01:29:26.716+0000] {processor.py:829} INFO - Processing file /home/airflow/.local/lib/python3.8/site-packages/airflow/example_dags/example_skip_dag.py for tasks to queue
[2023-10-10T01:29:26.716+0000] {logging_mixin.py:151} INFO - [2023-10-10T01:29:26.716+0000] {dagbag.py:539} INFO - Filling up the DagBag from /home/airflow/.local/lib/python3.8/site-packages/airflow/example_dags/example_skip_dag.py
[2023-10-10T01:29:26.720+0000] {processor.py:839} INFO - DAG(s) dict_keys(['example_skip_dag']) retrieved from /home/airflow/.local/lib/python3.8/site-packages/airflow/example_dags/example_skip_dag.py
[2023-10-10T01:29:26.733+0000] {logging_mixin.py:151} INFO - [2023-10-10T01:29:26.733+0000] {dag.py:2915} INFO - Sync 1 DAGs
[2023-10-10T01:29:26.743+0000] {logging_mixin.py:151} INFO - [2023-10-10T01:29:26.743+0000] {dag.py:3696} INFO - Setting next_dagrun for example_skip_dag to 2023-10-09T01:29:26.743184+00:00, run_after=2023-10-10T01:29:26.743184+00:00
[2023-10-10T01:29:26.750+0000] {processor.py:179} INFO - Processing /home/airflow/.local/lib/python3.8/site-packages/airflow/example_dags/example_skip_dag.py took 0.037 seconds
[2023-10-10T01:29:56.991+0000] {processor.py:157} INFO - Started process (PID=5718) to work on /home/airflow/.local/lib/python3.8/site-packages/airflow/example_dags/example_skip_dag.py
[2023-10-10T01:29:56.991+0000] {processor.py:829} INFO - Processing file /home/airflow/.local/lib/python3.8/site-packages/airflow/example_dags/example_skip_dag.py for tasks to queue
[2023-10-10T01:29:56.992+0000] {logging_mixin.py:151} INFO - [2023-10-10T01:29:56.991+0000] {dagbag.py:539} INFO - Filling up the DagBag from /home/airflow/.local/lib/python3.8/site-packages/airflow/example_dags/example_skip_dag.py
[2023-10-10T01:29:56.996+0000] {processor.py:839} INFO - DAG(s) dict_keys(['example_skip_dag']) retrieved from /home/airflow/.local/lib/python3.8/site-packages/airflow/example_dags/example_skip_dag.py
[2023-10-10T01:29:57.008+0000] {logging_mixin.py:151} INFO - [2023-10-10T01:29:57.008+0000] {dag.py:2915} INFO - Sync 1 DAGs
[2023-10-10T01:29:57.019+0000] {logging_mixin.py:151} INFO - [2023-10-10T01:29:57.019+0000] {dag.py:3696} INFO - Setting next_dagrun for example_skip_dag to 2023-10-09T01:29:57.019111+00:00, run_after=2023-10-10T01:29:57.019111+00:00
[2023-10-10T01:29:57.026+0000] {processor.py:179} INFO - Processing /home/airflow/.local/lib/python3.8/site-packages/airflow/example_dags/example_skip_dag.py took 0.037 seconds
[2023-10-10T01:30:27.249+0000] {processor.py:157} INFO - Started process (PID=5956) to work on /home/airflow/.local/lib/python3.8/site-packages/airflow/example_dags/example_skip_dag.py
[2023-10-10T01:30:27.250+0000] {processor.py:829} INFO - Processing file /home/airflow/.local/lib/python3.8/site-packages/airflow/example_dags/example_skip_dag.py for tasks to queue
[2023-10-10T01:30:27.251+0000] {logging_mixin.py:151} INFO - [2023-10-10T01:30:27.250+0000] {dagbag.py:539} INFO - Filling up the DagBag from /home/airflow/.local/lib/python3.8/site-packages/airflow/example_dags/example_skip_dag.py
[2023-10-10T01:30:27.255+0000] {processor.py:839} INFO - DAG(s) dict_keys(['example_skip_dag']) retrieved from /home/airflow/.local/lib/python3.8/site-packages/airflow/example_dags/example_skip_dag.py
[2023-10-10T01:30:27.268+0000] {logging_mixin.py:151} INFO - [2023-10-10T01:30:27.268+0000] {dag.py:2915} INFO - Sync 1 DAGs
[2023-10-10T01:30:27.278+0000] {logging_mixin.py:151} INFO - [2023-10-10T01:30:27.278+0000] {dag.py:3696} INFO - Setting next_dagrun for example_skip_dag to 2023-10-09T01:30:27.278292+00:00, run_after=2023-10-10T01:30:27.278292+00:00
[2023-10-10T01:30:27.285+0000] {processor.py:179} INFO - Processing /home/airflow/.local/lib/python3.8/site-packages/airflow/example_dags/example_skip_dag.py took 0.038 seconds
[2023-10-10T01:30:57.573+0000] {processor.py:157} INFO - Started process (PID=6195) to work on /home/airflow/.local/lib/python3.8/site-packages/airflow/example_dags/example_skip_dag.py
[2023-10-10T01:30:57.593+0000] {processor.py:829} INFO - Processing file /home/airflow/.local/lib/python3.8/site-packages/airflow/example_dags/example_skip_dag.py for tasks to queue
[2023-10-10T01:30:57.599+0000] {logging_mixin.py:151} INFO - [2023-10-10T01:30:57.598+0000] {dagbag.py:539} INFO - Filling up the DagBag from /home/airflow/.local/lib/python3.8/site-packages/airflow/example_dags/example_skip_dag.py
[2023-10-10T01:30:57.623+0000] {processor.py:839} INFO - DAG(s) dict_keys(['example_skip_dag']) retrieved from /home/airflow/.local/lib/python3.8/site-packages/airflow/example_dags/example_skip_dag.py
[2023-10-10T01:30:57.701+0000] {logging_mixin.py:151} INFO - [2023-10-10T01:30:57.701+0000] {dag.py:2915} INFO - Sync 1 DAGs
[2023-10-10T01:30:57.726+0000] {logging_mixin.py:151} INFO - [2023-10-10T01:30:57.725+0000] {dag.py:3696} INFO - Setting next_dagrun for example_skip_dag to 2023-10-09T01:30:57.725568+00:00, run_after=2023-10-10T01:30:57.725568+00:00
[2023-10-10T01:30:57.752+0000] {processor.py:179} INFO - Processing /home/airflow/.local/lib/python3.8/site-packages/airflow/example_dags/example_skip_dag.py took 0.183 seconds
