[2023-10-10T01:18:21.598+0000] {processor.py:157} INFO - Started process (PID=272) to work on /home/airflow/.local/lib/python3.8/site-packages/airflow/example_dags/tutorial_dag.py
[2023-10-10T01:18:21.598+0000] {processor.py:829} INFO - Processing file /home/airflow/.local/lib/python3.8/site-packages/airflow/example_dags/tutorial_dag.py for tasks to queue
[2023-10-10T01:18:21.599+0000] {logging_mixin.py:151} INFO - [2023-10-10T01:18:21.599+0000] {dagbag.py:539} INFO - Filling up the DagBag from /home/airflow/.local/lib/python3.8/site-packages/airflow/example_dags/tutorial_dag.py
[2023-10-10T01:18:21.602+0000] {processor.py:839} INFO - DAG(s) dict_keys(['tutorial_dag']) retrieved from /home/airflow/.local/lib/python3.8/site-packages/airflow/example_dags/tutorial_dag.py
[2023-10-10T01:18:21.611+0000] {logging_mixin.py:151} INFO - [2023-10-10T01:18:21.611+0000] {dag.py:2915} INFO - Sync 1 DAGs
[2023-10-10T01:18:21.618+0000] {logging_mixin.py:151} INFO - [2023-10-10T01:18:21.618+0000] {dag.py:3696} INFO - Setting next_dagrun for tutorial_dag to None, run_after=None
[2023-10-10T01:18:21.628+0000] {processor.py:179} INFO - Processing /home/airflow/.local/lib/python3.8/site-packages/airflow/example_dags/tutorial_dag.py took 0.032 seconds
[2023-10-10T01:18:51.832+0000] {processor.py:157} INFO - Started process (PID=510) to work on /home/airflow/.local/lib/python3.8/site-packages/airflow/example_dags/tutorial_dag.py
[2023-10-10T01:18:51.832+0000] {processor.py:829} INFO - Processing file /home/airflow/.local/lib/python3.8/site-packages/airflow/example_dags/tutorial_dag.py for tasks to queue
[2023-10-10T01:18:51.833+0000] {logging_mixin.py:151} INFO - [2023-10-10T01:18:51.833+0000] {dagbag.py:539} INFO - Filling up the DagBag from /home/airflow/.local/lib/python3.8/site-packages/airflow/example_dags/tutorial_dag.py
[2023-10-10T01:18:51.836+0000] {processor.py:839} INFO - DAG(s) dict_keys(['tutorial_dag']) retrieved from /home/airflow/.local/lib/python3.8/site-packages/airflow/example_dags/tutorial_dag.py
[2023-10-10T01:18:51.849+0000] {logging_mixin.py:151} INFO - [2023-10-10T01:18:51.849+0000] {dag.py:2915} INFO - Sync 1 DAGs
[2023-10-10T01:18:51.855+0000] {logging_mixin.py:151} INFO - [2023-10-10T01:18:51.855+0000] {dag.py:3696} INFO - Setting next_dagrun for tutorial_dag to None, run_after=None
[2023-10-10T01:18:51.863+0000] {processor.py:179} INFO - Processing /home/airflow/.local/lib/python3.8/site-packages/airflow/example_dags/tutorial_dag.py took 0.033 seconds
[2023-10-10T01:19:23.033+0000] {processor.py:157} INFO - Started process (PID=748) to work on /home/airflow/.local/lib/python3.8/site-packages/airflow/example_dags/tutorial_dag.py
[2023-10-10T01:19:23.034+0000] {processor.py:829} INFO - Processing file /home/airflow/.local/lib/python3.8/site-packages/airflow/example_dags/tutorial_dag.py for tasks to queue
[2023-10-10T01:19:23.035+0000] {logging_mixin.py:151} INFO - [2023-10-10T01:19:23.034+0000] {dagbag.py:539} INFO - Filling up the DagBag from /home/airflow/.local/lib/python3.8/site-packages/airflow/example_dags/tutorial_dag.py
[2023-10-10T01:19:23.038+0000] {processor.py:839} INFO - DAG(s) dict_keys(['tutorial_dag']) retrieved from /home/airflow/.local/lib/python3.8/site-packages/airflow/example_dags/tutorial_dag.py
[2023-10-10T01:19:23.050+0000] {logging_mixin.py:151} INFO - [2023-10-10T01:19:23.050+0000] {dag.py:2915} INFO - Sync 1 DAGs
[2023-10-10T01:19:23.056+0000] {logging_mixin.py:151} INFO - [2023-10-10T01:19:23.056+0000] {dag.py:3696} INFO - Setting next_dagrun for tutorial_dag to None, run_after=None
[2023-10-10T01:19:23.064+0000] {processor.py:179} INFO - Processing /home/airflow/.local/lib/python3.8/site-packages/airflow/example_dags/tutorial_dag.py took 0.032 seconds
[2023-10-10T01:19:54.312+0000] {processor.py:157} INFO - Started process (PID=987) to work on /home/airflow/.local/lib/python3.8/site-packages/airflow/example_dags/tutorial_dag.py
[2023-10-10T01:19:54.313+0000] {processor.py:829} INFO - Processing file /home/airflow/.local/lib/python3.8/site-packages/airflow/example_dags/tutorial_dag.py for tasks to queue
[2023-10-10T01:19:54.313+0000] {logging_mixin.py:151} INFO - [2023-10-10T01:19:54.313+0000] {dagbag.py:539} INFO - Filling up the DagBag from /home/airflow/.local/lib/python3.8/site-packages/airflow/example_dags/tutorial_dag.py
[2023-10-10T01:19:54.317+0000] {processor.py:839} INFO - DAG(s) dict_keys(['tutorial_dag']) retrieved from /home/airflow/.local/lib/python3.8/site-packages/airflow/example_dags/tutorial_dag.py
[2023-10-10T01:19:54.331+0000] {logging_mixin.py:151} INFO - [2023-10-10T01:19:54.330+0000] {dag.py:2915} INFO - Sync 1 DAGs
[2023-10-10T01:19:54.336+0000] {logging_mixin.py:151} INFO - [2023-10-10T01:19:54.336+0000] {dag.py:3696} INFO - Setting next_dagrun for tutorial_dag to None, run_after=None
[2023-10-10T01:19:54.344+0000] {processor.py:179} INFO - Processing /home/airflow/.local/lib/python3.8/site-packages/airflow/example_dags/tutorial_dag.py took 0.034 seconds
[2023-10-10T01:20:24.628+0000] {processor.py:157} INFO - Started process (PID=1225) to work on /home/airflow/.local/lib/python3.8/site-packages/airflow/example_dags/tutorial_dag.py
[2023-10-10T01:20:24.629+0000] {processor.py:829} INFO - Processing file /home/airflow/.local/lib/python3.8/site-packages/airflow/example_dags/tutorial_dag.py for tasks to queue
[2023-10-10T01:20:24.629+0000] {logging_mixin.py:151} INFO - [2023-10-10T01:20:24.629+0000] {dagbag.py:539} INFO - Filling up the DagBag from /home/airflow/.local/lib/python3.8/site-packages/airflow/example_dags/tutorial_dag.py
[2023-10-10T01:20:24.632+0000] {processor.py:839} INFO - DAG(s) dict_keys(['tutorial_dag']) retrieved from /home/airflow/.local/lib/python3.8/site-packages/airflow/example_dags/tutorial_dag.py
[2023-10-10T01:20:24.644+0000] {logging_mixin.py:151} INFO - [2023-10-10T01:20:24.644+0000] {dag.py:2915} INFO - Sync 1 DAGs
[2023-10-10T01:20:24.649+0000] {logging_mixin.py:151} INFO - [2023-10-10T01:20:24.649+0000] {dag.py:3696} INFO - Setting next_dagrun for tutorial_dag to None, run_after=None
[2023-10-10T01:20:24.656+0000] {processor.py:179} INFO - Processing /home/airflow/.local/lib/python3.8/site-packages/airflow/example_dags/tutorial_dag.py took 0.030 seconds
[2023-10-10T01:20:55.814+0000] {processor.py:157} INFO - Started process (PID=1463) to work on /home/airflow/.local/lib/python3.8/site-packages/airflow/example_dags/tutorial_dag.py
[2023-10-10T01:20:55.814+0000] {processor.py:829} INFO - Processing file /home/airflow/.local/lib/python3.8/site-packages/airflow/example_dags/tutorial_dag.py for tasks to queue
[2023-10-10T01:20:55.815+0000] {logging_mixin.py:151} INFO - [2023-10-10T01:20:55.815+0000] {dagbag.py:539} INFO - Filling up the DagBag from /home/airflow/.local/lib/python3.8/site-packages/airflow/example_dags/tutorial_dag.py
[2023-10-10T01:20:55.818+0000] {processor.py:839} INFO - DAG(s) dict_keys(['tutorial_dag']) retrieved from /home/airflow/.local/lib/python3.8/site-packages/airflow/example_dags/tutorial_dag.py
[2023-10-10T01:20:55.832+0000] {logging_mixin.py:151} INFO - [2023-10-10T01:20:55.832+0000] {dag.py:2915} INFO - Sync 1 DAGs
[2023-10-10T01:20:55.838+0000] {logging_mixin.py:151} INFO - [2023-10-10T01:20:55.838+0000] {dag.py:3696} INFO - Setting next_dagrun for tutorial_dag to None, run_after=None
[2023-10-10T01:20:55.846+0000] {processor.py:179} INFO - Processing /home/airflow/.local/lib/python3.8/site-packages/airflow/example_dags/tutorial_dag.py took 0.034 seconds
[2023-10-10T01:21:27.008+0000] {processor.py:157} INFO - Started process (PID=1701) to work on /home/airflow/.local/lib/python3.8/site-packages/airflow/example_dags/tutorial_dag.py
[2023-10-10T01:21:27.009+0000] {processor.py:829} INFO - Processing file /home/airflow/.local/lib/python3.8/site-packages/airflow/example_dags/tutorial_dag.py for tasks to queue
[2023-10-10T01:21:27.009+0000] {logging_mixin.py:151} INFO - [2023-10-10T01:21:27.009+0000] {dagbag.py:539} INFO - Filling up the DagBag from /home/airflow/.local/lib/python3.8/site-packages/airflow/example_dags/tutorial_dag.py
[2023-10-10T01:21:27.012+0000] {processor.py:839} INFO - DAG(s) dict_keys(['tutorial_dag']) retrieved from /home/airflow/.local/lib/python3.8/site-packages/airflow/example_dags/tutorial_dag.py
[2023-10-10T01:21:27.025+0000] {logging_mixin.py:151} INFO - [2023-10-10T01:21:27.024+0000] {dag.py:2915} INFO - Sync 1 DAGs
[2023-10-10T01:21:27.030+0000] {logging_mixin.py:151} INFO - [2023-10-10T01:21:27.030+0000] {dag.py:3696} INFO - Setting next_dagrun for tutorial_dag to None, run_after=None
[2023-10-10T01:21:27.038+0000] {processor.py:179} INFO - Processing /home/airflow/.local/lib/python3.8/site-packages/airflow/example_dags/tutorial_dag.py took 0.032 seconds
[2023-10-10T01:21:58.252+0000] {processor.py:157} INFO - Started process (PID=1939) to work on /home/airflow/.local/lib/python3.8/site-packages/airflow/example_dags/tutorial_dag.py
[2023-10-10T01:21:58.253+0000] {processor.py:829} INFO - Processing file /home/airflow/.local/lib/python3.8/site-packages/airflow/example_dags/tutorial_dag.py for tasks to queue
[2023-10-10T01:21:58.254+0000] {logging_mixin.py:151} INFO - [2023-10-10T01:21:58.253+0000] {dagbag.py:539} INFO - Filling up the DagBag from /home/airflow/.local/lib/python3.8/site-packages/airflow/example_dags/tutorial_dag.py
[2023-10-10T01:21:58.258+0000] {processor.py:839} INFO - DAG(s) dict_keys(['tutorial_dag']) retrieved from /home/airflow/.local/lib/python3.8/site-packages/airflow/example_dags/tutorial_dag.py
[2023-10-10T01:21:58.270+0000] {logging_mixin.py:151} INFO - [2023-10-10T01:21:58.270+0000] {dag.py:2915} INFO - Sync 1 DAGs
[2023-10-10T01:21:58.275+0000] {logging_mixin.py:151} INFO - [2023-10-10T01:21:58.275+0000] {dag.py:3696} INFO - Setting next_dagrun for tutorial_dag to None, run_after=None
[2023-10-10T01:21:58.288+0000] {processor.py:179} INFO - Processing /home/airflow/.local/lib/python3.8/site-packages/airflow/example_dags/tutorial_dag.py took 0.037 seconds
[2023-10-10T01:22:28.582+0000] {processor.py:157} INFO - Started process (PID=2177) to work on /home/airflow/.local/lib/python3.8/site-packages/airflow/example_dags/tutorial_dag.py
[2023-10-10T01:22:28.582+0000] {processor.py:829} INFO - Processing file /home/airflow/.local/lib/python3.8/site-packages/airflow/example_dags/tutorial_dag.py for tasks to queue
[2023-10-10T01:22:28.583+0000] {logging_mixin.py:151} INFO - [2023-10-10T01:22:28.583+0000] {dagbag.py:539} INFO - Filling up the DagBag from /home/airflow/.local/lib/python3.8/site-packages/airflow/example_dags/tutorial_dag.py
[2023-10-10T01:22:28.586+0000] {processor.py:839} INFO - DAG(s) dict_keys(['tutorial_dag']) retrieved from /home/airflow/.local/lib/python3.8/site-packages/airflow/example_dags/tutorial_dag.py
[2023-10-10T01:22:28.607+0000] {logging_mixin.py:151} INFO - [2023-10-10T01:22:28.607+0000] {dag.py:2915} INFO - Sync 1 DAGs
[2023-10-10T01:22:28.614+0000] {logging_mixin.py:151} INFO - [2023-10-10T01:22:28.614+0000] {dag.py:3696} INFO - Setting next_dagrun for tutorial_dag to None, run_after=None
[2023-10-10T01:22:28.624+0000] {processor.py:179} INFO - Processing /home/airflow/.local/lib/python3.8/site-packages/airflow/example_dags/tutorial_dag.py took 0.045 seconds
[2023-10-10T01:22:59.768+0000] {processor.py:157} INFO - Started process (PID=2418) to work on /home/airflow/.local/lib/python3.8/site-packages/airflow/example_dags/tutorial_dag.py
[2023-10-10T01:22:59.774+0000] {processor.py:829} INFO - Processing file /home/airflow/.local/lib/python3.8/site-packages/airflow/example_dags/tutorial_dag.py for tasks to queue
[2023-10-10T01:22:59.775+0000] {logging_mixin.py:151} INFO - [2023-10-10T01:22:59.774+0000] {dagbag.py:539} INFO - Filling up the DagBag from /home/airflow/.local/lib/python3.8/site-packages/airflow/example_dags/tutorial_dag.py
[2023-10-10T01:22:59.779+0000] {processor.py:839} INFO - DAG(s) dict_keys(['tutorial_dag']) retrieved from /home/airflow/.local/lib/python3.8/site-packages/airflow/example_dags/tutorial_dag.py
[2023-10-10T01:22:59.794+0000] {logging_mixin.py:151} INFO - [2023-10-10T01:22:59.793+0000] {dag.py:2915} INFO - Sync 1 DAGs
[2023-10-10T01:22:59.799+0000] {logging_mixin.py:151} INFO - [2023-10-10T01:22:59.799+0000] {dag.py:3696} INFO - Setting next_dagrun for tutorial_dag to None, run_after=None
[2023-10-10T01:22:59.810+0000] {processor.py:179} INFO - Processing /home/airflow/.local/lib/python3.8/site-packages/airflow/example_dags/tutorial_dag.py took 0.045 seconds
[2023-10-10T01:23:30.154+0000] {processor.py:157} INFO - Started process (PID=2656) to work on /home/airflow/.local/lib/python3.8/site-packages/airflow/example_dags/tutorial_dag.py
[2023-10-10T01:23:30.155+0000] {processor.py:829} INFO - Processing file /home/airflow/.local/lib/python3.8/site-packages/airflow/example_dags/tutorial_dag.py for tasks to queue
[2023-10-10T01:23:30.155+0000] {logging_mixin.py:151} INFO - [2023-10-10T01:23:30.155+0000] {dagbag.py:539} INFO - Filling up the DagBag from /home/airflow/.local/lib/python3.8/site-packages/airflow/example_dags/tutorial_dag.py
[2023-10-10T01:23:30.158+0000] {processor.py:839} INFO - DAG(s) dict_keys(['tutorial_dag']) retrieved from /home/airflow/.local/lib/python3.8/site-packages/airflow/example_dags/tutorial_dag.py
[2023-10-10T01:23:30.172+0000] {logging_mixin.py:151} INFO - [2023-10-10T01:23:30.171+0000] {dag.py:2915} INFO - Sync 1 DAGs
[2023-10-10T01:23:30.178+0000] {logging_mixin.py:151} INFO - [2023-10-10T01:23:30.178+0000] {dag.py:3696} INFO - Setting next_dagrun for tutorial_dag to None, run_after=None
[2023-10-10T01:23:30.185+0000] {processor.py:179} INFO - Processing /home/airflow/.local/lib/python3.8/site-packages/airflow/example_dags/tutorial_dag.py took 0.033 seconds
[2023-10-10T01:24:01.407+0000] {processor.py:157} INFO - Started process (PID=2893) to work on /home/airflow/.local/lib/python3.8/site-packages/airflow/example_dags/tutorial_dag.py
[2023-10-10T01:24:01.408+0000] {processor.py:829} INFO - Processing file /home/airflow/.local/lib/python3.8/site-packages/airflow/example_dags/tutorial_dag.py for tasks to queue
[2023-10-10T01:24:01.408+0000] {logging_mixin.py:151} INFO - [2023-10-10T01:24:01.408+0000] {dagbag.py:539} INFO - Filling up the DagBag from /home/airflow/.local/lib/python3.8/site-packages/airflow/example_dags/tutorial_dag.py
[2023-10-10T01:24:01.411+0000] {processor.py:839} INFO - DAG(s) dict_keys(['tutorial_dag']) retrieved from /home/airflow/.local/lib/python3.8/site-packages/airflow/example_dags/tutorial_dag.py
[2023-10-10T01:24:01.423+0000] {logging_mixin.py:151} INFO - [2023-10-10T01:24:01.423+0000] {dag.py:2915} INFO - Sync 1 DAGs
[2023-10-10T01:24:01.429+0000] {logging_mixin.py:151} INFO - [2023-10-10T01:24:01.429+0000] {dag.py:3696} INFO - Setting next_dagrun for tutorial_dag to None, run_after=None
[2023-10-10T01:24:01.436+0000] {processor.py:179} INFO - Processing /home/airflow/.local/lib/python3.8/site-packages/airflow/example_dags/tutorial_dag.py took 0.030 seconds
[2023-10-10T01:24:32.670+0000] {processor.py:157} INFO - Started process (PID=3131) to work on /home/airflow/.local/lib/python3.8/site-packages/airflow/example_dags/tutorial_dag.py
[2023-10-10T01:24:32.675+0000] {processor.py:829} INFO - Processing file /home/airflow/.local/lib/python3.8/site-packages/airflow/example_dags/tutorial_dag.py for tasks to queue
[2023-10-10T01:24:32.676+0000] {logging_mixin.py:151} INFO - [2023-10-10T01:24:32.675+0000] {dagbag.py:539} INFO - Filling up the DagBag from /home/airflow/.local/lib/python3.8/site-packages/airflow/example_dags/tutorial_dag.py
[2023-10-10T01:24:32.680+0000] {processor.py:839} INFO - DAG(s) dict_keys(['tutorial_dag']) retrieved from /home/airflow/.local/lib/python3.8/site-packages/airflow/example_dags/tutorial_dag.py
[2023-10-10T01:24:32.693+0000] {logging_mixin.py:151} INFO - [2023-10-10T01:24:32.693+0000] {dag.py:2915} INFO - Sync 1 DAGs
[2023-10-10T01:24:32.699+0000] {logging_mixin.py:151} INFO - [2023-10-10T01:24:32.699+0000] {dag.py:3696} INFO - Setting next_dagrun for tutorial_dag to None, run_after=None
[2023-10-10T01:24:32.708+0000] {processor.py:179} INFO - Processing /home/airflow/.local/lib/python3.8/site-packages/airflow/example_dags/tutorial_dag.py took 0.040 seconds
[2023-10-10T01:25:03.890+0000] {processor.py:157} INFO - Started process (PID=3369) to work on /home/airflow/.local/lib/python3.8/site-packages/airflow/example_dags/tutorial_dag.py
[2023-10-10T01:25:03.891+0000] {processor.py:829} INFO - Processing file /home/airflow/.local/lib/python3.8/site-packages/airflow/example_dags/tutorial_dag.py for tasks to queue
[2023-10-10T01:25:03.891+0000] {logging_mixin.py:151} INFO - [2023-10-10T01:25:03.891+0000] {dagbag.py:539} INFO - Filling up the DagBag from /home/airflow/.local/lib/python3.8/site-packages/airflow/example_dags/tutorial_dag.py
[2023-10-10T01:25:03.894+0000] {processor.py:839} INFO - DAG(s) dict_keys(['tutorial_dag']) retrieved from /home/airflow/.local/lib/python3.8/site-packages/airflow/example_dags/tutorial_dag.py
[2023-10-10T01:25:03.907+0000] {logging_mixin.py:151} INFO - [2023-10-10T01:25:03.907+0000] {dag.py:2915} INFO - Sync 1 DAGs
[2023-10-10T01:25:03.912+0000] {logging_mixin.py:151} INFO - [2023-10-10T01:25:03.912+0000] {dag.py:3696} INFO - Setting next_dagrun for tutorial_dag to None, run_after=None
[2023-10-10T01:25:03.920+0000] {processor.py:179} INFO - Processing /home/airflow/.local/lib/python3.8/site-packages/airflow/example_dags/tutorial_dag.py took 0.032 seconds
[2023-10-10T01:25:35.185+0000] {processor.py:157} INFO - Started process (PID=3607) to work on /home/airflow/.local/lib/python3.8/site-packages/airflow/example_dags/tutorial_dag.py
[2023-10-10T01:25:35.185+0000] {processor.py:829} INFO - Processing file /home/airflow/.local/lib/python3.8/site-packages/airflow/example_dags/tutorial_dag.py for tasks to queue
[2023-10-10T01:25:35.186+0000] {logging_mixin.py:151} INFO - [2023-10-10T01:25:35.185+0000] {dagbag.py:539} INFO - Filling up the DagBag from /home/airflow/.local/lib/python3.8/site-packages/airflow/example_dags/tutorial_dag.py
[2023-10-10T01:25:35.189+0000] {processor.py:839} INFO - DAG(s) dict_keys(['tutorial_dag']) retrieved from /home/airflow/.local/lib/python3.8/site-packages/airflow/example_dags/tutorial_dag.py
[2023-10-10T01:25:35.201+0000] {logging_mixin.py:151} INFO - [2023-10-10T01:25:35.201+0000] {dag.py:2915} INFO - Sync 1 DAGs
[2023-10-10T01:25:35.206+0000] {logging_mixin.py:151} INFO - [2023-10-10T01:25:35.206+0000] {dag.py:3696} INFO - Setting next_dagrun for tutorial_dag to None, run_after=None
[2023-10-10T01:25:35.213+0000] {processor.py:179} INFO - Processing /home/airflow/.local/lib/python3.8/site-packages/airflow/example_dags/tutorial_dag.py took 0.030 seconds
[2023-10-10T01:26:06.491+0000] {processor.py:157} INFO - Started process (PID=3845) to work on /home/airflow/.local/lib/python3.8/site-packages/airflow/example_dags/tutorial_dag.py
[2023-10-10T01:26:06.491+0000] {processor.py:829} INFO - Processing file /home/airflow/.local/lib/python3.8/site-packages/airflow/example_dags/tutorial_dag.py for tasks to queue
[2023-10-10T01:26:06.492+0000] {logging_mixin.py:151} INFO - [2023-10-10T01:26:06.491+0000] {dagbag.py:539} INFO - Filling up the DagBag from /home/airflow/.local/lib/python3.8/site-packages/airflow/example_dags/tutorial_dag.py
[2023-10-10T01:26:06.494+0000] {processor.py:839} INFO - DAG(s) dict_keys(['tutorial_dag']) retrieved from /home/airflow/.local/lib/python3.8/site-packages/airflow/example_dags/tutorial_dag.py
[2023-10-10T01:26:06.506+0000] {logging_mixin.py:151} INFO - [2023-10-10T01:26:06.506+0000] {dag.py:2915} INFO - Sync 1 DAGs
[2023-10-10T01:26:06.512+0000] {logging_mixin.py:151} INFO - [2023-10-10T01:26:06.512+0000] {dag.py:3696} INFO - Setting next_dagrun for tutorial_dag to None, run_after=None
[2023-10-10T01:26:06.518+0000] {processor.py:179} INFO - Processing /home/airflow/.local/lib/python3.8/site-packages/airflow/example_dags/tutorial_dag.py took 0.030 seconds
[2023-10-10T01:26:37.760+0000] {processor.py:157} INFO - Started process (PID=4084) to work on /home/airflow/.local/lib/python3.8/site-packages/airflow/example_dags/tutorial_dag.py
[2023-10-10T01:26:37.760+0000] {processor.py:829} INFO - Processing file /home/airflow/.local/lib/python3.8/site-packages/airflow/example_dags/tutorial_dag.py for tasks to queue
[2023-10-10T01:26:37.761+0000] {logging_mixin.py:151} INFO - [2023-10-10T01:26:37.761+0000] {dagbag.py:539} INFO - Filling up the DagBag from /home/airflow/.local/lib/python3.8/site-packages/airflow/example_dags/tutorial_dag.py
[2023-10-10T01:26:37.768+0000] {processor.py:839} INFO - DAG(s) dict_keys(['tutorial_dag']) retrieved from /home/airflow/.local/lib/python3.8/site-packages/airflow/example_dags/tutorial_dag.py
[2023-10-10T01:26:37.781+0000] {logging_mixin.py:151} INFO - [2023-10-10T01:26:37.781+0000] {dag.py:2915} INFO - Sync 1 DAGs
[2023-10-10T01:26:37.786+0000] {logging_mixin.py:151} INFO - [2023-10-10T01:26:37.786+0000] {dag.py:3696} INFO - Setting next_dagrun for tutorial_dag to None, run_after=None
[2023-10-10T01:26:37.793+0000] {processor.py:179} INFO - Processing /home/airflow/.local/lib/python3.8/site-packages/airflow/example_dags/tutorial_dag.py took 0.035 seconds
[2023-10-10T01:27:08.955+0000] {processor.py:157} INFO - Started process (PID=4322) to work on /home/airflow/.local/lib/python3.8/site-packages/airflow/example_dags/tutorial_dag.py
[2023-10-10T01:27:08.956+0000] {processor.py:829} INFO - Processing file /home/airflow/.local/lib/python3.8/site-packages/airflow/example_dags/tutorial_dag.py for tasks to queue
[2023-10-10T01:27:08.957+0000] {logging_mixin.py:151} INFO - [2023-10-10T01:27:08.956+0000] {dagbag.py:539} INFO - Filling up the DagBag from /home/airflow/.local/lib/python3.8/site-packages/airflow/example_dags/tutorial_dag.py
[2023-10-10T01:27:08.959+0000] {processor.py:839} INFO - DAG(s) dict_keys(['tutorial_dag']) retrieved from /home/airflow/.local/lib/python3.8/site-packages/airflow/example_dags/tutorial_dag.py
[2023-10-10T01:27:08.971+0000] {logging_mixin.py:151} INFO - [2023-10-10T01:27:08.971+0000] {dag.py:2915} INFO - Sync 1 DAGs
[2023-10-10T01:27:08.977+0000] {logging_mixin.py:151} INFO - [2023-10-10T01:27:08.977+0000] {dag.py:3696} INFO - Setting next_dagrun for tutorial_dag to None, run_after=None
[2023-10-10T01:27:08.984+0000] {processor.py:179} INFO - Processing /home/airflow/.local/lib/python3.8/site-packages/airflow/example_dags/tutorial_dag.py took 0.030 seconds
[2023-10-10T01:27:40.173+0000] {processor.py:157} INFO - Started process (PID=4560) to work on /home/airflow/.local/lib/python3.8/site-packages/airflow/example_dags/tutorial_dag.py
[2023-10-10T01:27:40.174+0000] {processor.py:829} INFO - Processing file /home/airflow/.local/lib/python3.8/site-packages/airflow/example_dags/tutorial_dag.py for tasks to queue
[2023-10-10T01:27:40.174+0000] {logging_mixin.py:151} INFO - [2023-10-10T01:27:40.174+0000] {dagbag.py:539} INFO - Filling up the DagBag from /home/airflow/.local/lib/python3.8/site-packages/airflow/example_dags/tutorial_dag.py
[2023-10-10T01:27:40.177+0000] {processor.py:839} INFO - DAG(s) dict_keys(['tutorial_dag']) retrieved from /home/airflow/.local/lib/python3.8/site-packages/airflow/example_dags/tutorial_dag.py
[2023-10-10T01:27:40.189+0000] {logging_mixin.py:151} INFO - [2023-10-10T01:27:40.189+0000] {dag.py:2915} INFO - Sync 1 DAGs
[2023-10-10T01:27:40.195+0000] {logging_mixin.py:151} INFO - [2023-10-10T01:27:40.194+0000] {dag.py:3696} INFO - Setting next_dagrun for tutorial_dag to None, run_after=None
[2023-10-10T01:27:40.202+0000] {processor.py:179} INFO - Processing /home/airflow/.local/lib/python3.8/site-packages/airflow/example_dags/tutorial_dag.py took 0.030 seconds
[2023-10-10T01:28:11.494+0000] {processor.py:157} INFO - Started process (PID=4796) to work on /home/airflow/.local/lib/python3.8/site-packages/airflow/example_dags/tutorial_dag.py
[2023-10-10T01:28:11.495+0000] {processor.py:829} INFO - Processing file /home/airflow/.local/lib/python3.8/site-packages/airflow/example_dags/tutorial_dag.py for tasks to queue
[2023-10-10T01:28:11.495+0000] {logging_mixin.py:151} INFO - [2023-10-10T01:28:11.495+0000] {dagbag.py:539} INFO - Filling up the DagBag from /home/airflow/.local/lib/python3.8/site-packages/airflow/example_dags/tutorial_dag.py
[2023-10-10T01:28:11.500+0000] {processor.py:839} INFO - DAG(s) dict_keys(['tutorial_dag']) retrieved from /home/airflow/.local/lib/python3.8/site-packages/airflow/example_dags/tutorial_dag.py
[2023-10-10T01:28:11.522+0000] {logging_mixin.py:151} INFO - [2023-10-10T01:28:11.522+0000] {dag.py:2915} INFO - Sync 1 DAGs
[2023-10-10T01:28:11.529+0000] {logging_mixin.py:151} INFO - [2023-10-10T01:28:11.529+0000] {dag.py:3696} INFO - Setting next_dagrun for tutorial_dag to None, run_after=None
[2023-10-10T01:28:11.539+0000] {processor.py:179} INFO - Processing /home/airflow/.local/lib/python3.8/site-packages/airflow/example_dags/tutorial_dag.py took 0.048 seconds
[2023-10-10T01:28:42.897+0000] {processor.py:157} INFO - Started process (PID=5036) to work on /home/airflow/.local/lib/python3.8/site-packages/airflow/example_dags/tutorial_dag.py
[2023-10-10T01:28:42.898+0000] {processor.py:829} INFO - Processing file /home/airflow/.local/lib/python3.8/site-packages/airflow/example_dags/tutorial_dag.py for tasks to queue
[2023-10-10T01:28:42.899+0000] {logging_mixin.py:151} INFO - [2023-10-10T01:28:42.899+0000] {dagbag.py:539} INFO - Filling up the DagBag from /home/airflow/.local/lib/python3.8/site-packages/airflow/example_dags/tutorial_dag.py
[2023-10-10T01:28:42.902+0000] {processor.py:839} INFO - DAG(s) dict_keys(['tutorial_dag']) retrieved from /home/airflow/.local/lib/python3.8/site-packages/airflow/example_dags/tutorial_dag.py
[2023-10-10T01:28:42.938+0000] {logging_mixin.py:151} INFO - [2023-10-10T01:28:42.938+0000] {dag.py:2915} INFO - Sync 1 DAGs
[2023-10-10T01:28:42.951+0000] {logging_mixin.py:151} INFO - [2023-10-10T01:28:42.951+0000] {dag.py:3696} INFO - Setting next_dagrun for tutorial_dag to None, run_after=None
[2023-10-10T01:28:42.961+0000] {processor.py:179} INFO - Processing /home/airflow/.local/lib/python3.8/site-packages/airflow/example_dags/tutorial_dag.py took 0.066 seconds
[2023-10-10T01:29:14.134+0000] {processor.py:157} INFO - Started process (PID=5274) to work on /home/airflow/.local/lib/python3.8/site-packages/airflow/example_dags/tutorial_dag.py
[2023-10-10T01:29:14.134+0000] {processor.py:829} INFO - Processing file /home/airflow/.local/lib/python3.8/site-packages/airflow/example_dags/tutorial_dag.py for tasks to queue
[2023-10-10T01:29:14.135+0000] {logging_mixin.py:151} INFO - [2023-10-10T01:29:14.134+0000] {dagbag.py:539} INFO - Filling up the DagBag from /home/airflow/.local/lib/python3.8/site-packages/airflow/example_dags/tutorial_dag.py
[2023-10-10T01:29:14.138+0000] {processor.py:839} INFO - DAG(s) dict_keys(['tutorial_dag']) retrieved from /home/airflow/.local/lib/python3.8/site-packages/airflow/example_dags/tutorial_dag.py
[2023-10-10T01:29:14.150+0000] {logging_mixin.py:151} INFO - [2023-10-10T01:29:14.150+0000] {dag.py:2915} INFO - Sync 1 DAGs
[2023-10-10T01:29:14.156+0000] {logging_mixin.py:151} INFO - [2023-10-10T01:29:14.156+0000] {dag.py:3696} INFO - Setting next_dagrun for tutorial_dag to None, run_after=None
[2023-10-10T01:29:14.163+0000] {processor.py:179} INFO - Processing /home/airflow/.local/lib/python3.8/site-packages/airflow/example_dags/tutorial_dag.py took 0.031 seconds
[2023-10-10T01:29:45.347+0000] {processor.py:157} INFO - Started process (PID=5512) to work on /home/airflow/.local/lib/python3.8/site-packages/airflow/example_dags/tutorial_dag.py
[2023-10-10T01:29:45.347+0000] {processor.py:829} INFO - Processing file /home/airflow/.local/lib/python3.8/site-packages/airflow/example_dags/tutorial_dag.py for tasks to queue
[2023-10-10T01:29:45.348+0000] {logging_mixin.py:151} INFO - [2023-10-10T01:29:45.348+0000] {dagbag.py:539} INFO - Filling up the DagBag from /home/airflow/.local/lib/python3.8/site-packages/airflow/example_dags/tutorial_dag.py
[2023-10-10T01:29:45.351+0000] {processor.py:839} INFO - DAG(s) dict_keys(['tutorial_dag']) retrieved from /home/airflow/.local/lib/python3.8/site-packages/airflow/example_dags/tutorial_dag.py
[2023-10-10T01:29:45.363+0000] {logging_mixin.py:151} INFO - [2023-10-10T01:29:45.363+0000] {dag.py:2915} INFO - Sync 1 DAGs
[2023-10-10T01:29:45.368+0000] {logging_mixin.py:151} INFO - [2023-10-10T01:29:45.368+0000] {dag.py:3696} INFO - Setting next_dagrun for tutorial_dag to None, run_after=None
[2023-10-10T01:29:45.376+0000] {processor.py:179} INFO - Processing /home/airflow/.local/lib/python3.8/site-packages/airflow/example_dags/tutorial_dag.py took 0.031 seconds
[2023-10-10T01:30:16.690+0000] {processor.py:157} INFO - Started process (PID=5755) to work on /home/airflow/.local/lib/python3.8/site-packages/airflow/example_dags/tutorial_dag.py
[2023-10-10T01:30:16.691+0000] {processor.py:829} INFO - Processing file /home/airflow/.local/lib/python3.8/site-packages/airflow/example_dags/tutorial_dag.py for tasks to queue
[2023-10-10T01:30:16.691+0000] {logging_mixin.py:151} INFO - [2023-10-10T01:30:16.691+0000] {dagbag.py:539} INFO - Filling up the DagBag from /home/airflow/.local/lib/python3.8/site-packages/airflow/example_dags/tutorial_dag.py
[2023-10-10T01:30:16.694+0000] {processor.py:839} INFO - DAG(s) dict_keys(['tutorial_dag']) retrieved from /home/airflow/.local/lib/python3.8/site-packages/airflow/example_dags/tutorial_dag.py
[2023-10-10T01:30:16.706+0000] {logging_mixin.py:151} INFO - [2023-10-10T01:30:16.705+0000] {dag.py:2915} INFO - Sync 1 DAGs
[2023-10-10T01:30:16.711+0000] {logging_mixin.py:151} INFO - [2023-10-10T01:30:16.711+0000] {dag.py:3696} INFO - Setting next_dagrun for tutorial_dag to None, run_after=None
[2023-10-10T01:30:16.718+0000] {processor.py:179} INFO - Processing /home/airflow/.local/lib/python3.8/site-packages/airflow/example_dags/tutorial_dag.py took 0.030 seconds
[2023-10-10T01:30:47.925+0000] {processor.py:157} INFO - Started process (PID=5996) to work on /home/airflow/.local/lib/python3.8/site-packages/airflow/example_dags/tutorial_dag.py
[2023-10-10T01:30:47.925+0000] {processor.py:829} INFO - Processing file /home/airflow/.local/lib/python3.8/site-packages/airflow/example_dags/tutorial_dag.py for tasks to queue
[2023-10-10T01:30:47.926+0000] {logging_mixin.py:151} INFO - [2023-10-10T01:30:47.926+0000] {dagbag.py:539} INFO - Filling up the DagBag from /home/airflow/.local/lib/python3.8/site-packages/airflow/example_dags/tutorial_dag.py
[2023-10-10T01:30:47.929+0000] {processor.py:839} INFO - DAG(s) dict_keys(['tutorial_dag']) retrieved from /home/airflow/.local/lib/python3.8/site-packages/airflow/example_dags/tutorial_dag.py
[2023-10-10T01:30:47.944+0000] {logging_mixin.py:151} INFO - [2023-10-10T01:30:47.944+0000] {dag.py:2915} INFO - Sync 1 DAGs
[2023-10-10T01:30:47.950+0000] {logging_mixin.py:151} INFO - [2023-10-10T01:30:47.949+0000] {dag.py:3696} INFO - Setting next_dagrun for tutorial_dag to None, run_after=None
[2023-10-10T01:30:47.957+0000] {processor.py:179} INFO - Processing /home/airflow/.local/lib/python3.8/site-packages/airflow/example_dags/tutorial_dag.py took 0.034 seconds
[2023-10-10T01:31:18.565+0000] {processor.py:157} INFO - Started process (PID=6232) to work on /home/airflow/.local/lib/python3.8/site-packages/airflow/example_dags/tutorial_dag.py
[2023-10-10T01:31:18.565+0000] {processor.py:829} INFO - Processing file /home/airflow/.local/lib/python3.8/site-packages/airflow/example_dags/tutorial_dag.py for tasks to queue
[2023-10-10T01:31:18.566+0000] {logging_mixin.py:151} INFO - [2023-10-10T01:31:18.566+0000] {dagbag.py:539} INFO - Filling up the DagBag from /home/airflow/.local/lib/python3.8/site-packages/airflow/example_dags/tutorial_dag.py
[2023-10-10T01:31:18.569+0000] {processor.py:839} INFO - DAG(s) dict_keys(['tutorial_dag']) retrieved from /home/airflow/.local/lib/python3.8/site-packages/airflow/example_dags/tutorial_dag.py
[2023-10-10T01:31:18.581+0000] {logging_mixin.py:151} INFO - [2023-10-10T01:31:18.581+0000] {dag.py:2915} INFO - Sync 1 DAGs
[2023-10-10T01:31:18.586+0000] {logging_mixin.py:151} INFO - [2023-10-10T01:31:18.586+0000] {dag.py:3696} INFO - Setting next_dagrun for tutorial_dag to None, run_after=None
[2023-10-10T01:31:18.593+0000] {processor.py:179} INFO - Processing /home/airflow/.local/lib/python3.8/site-packages/airflow/example_dags/tutorial_dag.py took 0.031 seconds
