[2023-10-10T01:18:22.500+0000] {processor.py:157} INFO - Started process (PID=322) to work on /home/airflow/.local/lib/python3.8/site-packages/airflow/example_dags/tutorial.py
[2023-10-10T01:18:22.501+0000] {processor.py:829} INFO - Processing file /home/airflow/.local/lib/python3.8/site-packages/airflow/example_dags/tutorial.py for tasks to queue
[2023-10-10T01:18:22.501+0000] {logging_mixin.py:151} INFO - [2023-10-10T01:18:22.501+0000] {dagbag.py:539} INFO - Filling up the DagBag from /home/airflow/.local/lib/python3.8/site-packages/airflow/example_dags/tutorial.py
[2023-10-10T01:18:22.505+0000] {processor.py:839} INFO - DAG(s) dict_keys(['tutorial']) retrieved from /home/airflow/.local/lib/python3.8/site-packages/airflow/example_dags/tutorial.py
[2023-10-10T01:18:22.515+0000] {logging_mixin.py:151} INFO - [2023-10-10T01:18:22.515+0000] {dag.py:2915} INFO - Sync 1 DAGs
[2023-10-10T01:18:22.614+0000] {logging_mixin.py:151} INFO - [2023-10-10T01:18:22.614+0000] {dag.py:3696} INFO - Setting next_dagrun for tutorial to 2023-10-09T01:18:22.614582+00:00, run_after=2023-10-10T01:18:22.614582+00:00
[2023-10-10T01:18:22.626+0000] {processor.py:179} INFO - Processing /home/airflow/.local/lib/python3.8/site-packages/airflow/example_dags/tutorial.py took 0.128 seconds
[2023-10-10T01:18:53.215+0000] {processor.py:157} INFO - Started process (PID=560) to work on /home/airflow/.local/lib/python3.8/site-packages/airflow/example_dags/tutorial.py
[2023-10-10T01:18:53.216+0000] {processor.py:829} INFO - Processing file /home/airflow/.local/lib/python3.8/site-packages/airflow/example_dags/tutorial.py for tasks to queue
[2023-10-10T01:18:53.218+0000] {logging_mixin.py:151} INFO - [2023-10-10T01:18:53.218+0000] {dagbag.py:539} INFO - Filling up the DagBag from /home/airflow/.local/lib/python3.8/site-packages/airflow/example_dags/tutorial.py
[2023-10-10T01:18:53.225+0000] {processor.py:839} INFO - DAG(s) dict_keys(['tutorial']) retrieved from /home/airflow/.local/lib/python3.8/site-packages/airflow/example_dags/tutorial.py
[2023-10-10T01:18:53.247+0000] {logging_mixin.py:151} INFO - [2023-10-10T01:18:53.247+0000] {dag.py:2915} INFO - Sync 1 DAGs
[2023-10-10T01:18:53.263+0000] {logging_mixin.py:151} INFO - [2023-10-10T01:18:53.263+0000] {dag.py:3696} INFO - Setting next_dagrun for tutorial to 2023-10-09T01:18:53.262753+00:00, run_after=2023-10-10T01:18:53.262753+00:00
[2023-10-10T01:18:53.271+0000] {processor.py:179} INFO - Processing /home/airflow/.local/lib/python3.8/site-packages/airflow/example_dags/tutorial.py took 0.058 seconds
[2023-10-10T01:19:23.392+0000] {processor.py:157} INFO - Started process (PID=798) to work on /home/airflow/.local/lib/python3.8/site-packages/airflow/example_dags/tutorial.py
[2023-10-10T01:19:23.393+0000] {processor.py:829} INFO - Processing file /home/airflow/.local/lib/python3.8/site-packages/airflow/example_dags/tutorial.py for tasks to queue
[2023-10-10T01:19:23.393+0000] {logging_mixin.py:151} INFO - [2023-10-10T01:19:23.393+0000] {dagbag.py:539} INFO - Filling up the DagBag from /home/airflow/.local/lib/python3.8/site-packages/airflow/example_dags/tutorial.py
[2023-10-10T01:19:23.397+0000] {processor.py:839} INFO - DAG(s) dict_keys(['tutorial']) retrieved from /home/airflow/.local/lib/python3.8/site-packages/airflow/example_dags/tutorial.py
[2023-10-10T01:19:23.409+0000] {logging_mixin.py:151} INFO - [2023-10-10T01:19:23.409+0000] {dag.py:2915} INFO - Sync 1 DAGs
[2023-10-10T01:19:23.419+0000] {logging_mixin.py:151} INFO - [2023-10-10T01:19:23.419+0000] {dag.py:3696} INFO - Setting next_dagrun for tutorial to 2023-10-09T01:19:23.418998+00:00, run_after=2023-10-10T01:19:23.418998+00:00
[2023-10-10T01:19:23.426+0000] {processor.py:179} INFO - Processing /home/airflow/.local/lib/python3.8/site-packages/airflow/example_dags/tutorial.py took 0.036 seconds
[2023-10-10T01:19:54.658+0000] {processor.py:157} INFO - Started process (PID=1039) to work on /home/airflow/.local/lib/python3.8/site-packages/airflow/example_dags/tutorial.py
[2023-10-10T01:19:54.659+0000] {processor.py:829} INFO - Processing file /home/airflow/.local/lib/python3.8/site-packages/airflow/example_dags/tutorial.py for tasks to queue
[2023-10-10T01:19:54.659+0000] {logging_mixin.py:151} INFO - [2023-10-10T01:19:54.659+0000] {dagbag.py:539} INFO - Filling up the DagBag from /home/airflow/.local/lib/python3.8/site-packages/airflow/example_dags/tutorial.py
[2023-10-10T01:19:54.663+0000] {processor.py:839} INFO - DAG(s) dict_keys(['tutorial']) retrieved from /home/airflow/.local/lib/python3.8/site-packages/airflow/example_dags/tutorial.py
[2023-10-10T01:19:54.675+0000] {logging_mixin.py:151} INFO - [2023-10-10T01:19:54.675+0000] {dag.py:2915} INFO - Sync 1 DAGs
[2023-10-10T01:19:54.685+0000] {logging_mixin.py:151} INFO - [2023-10-10T01:19:54.685+0000] {dag.py:3696} INFO - Setting next_dagrun for tutorial to 2023-10-09T01:19:54.684859+00:00, run_after=2023-10-10T01:19:54.684859+00:00
[2023-10-10T01:19:54.692+0000] {processor.py:179} INFO - Processing /home/airflow/.local/lib/python3.8/site-packages/airflow/example_dags/tutorial.py took 0.036 seconds
[2023-10-10T01:20:24.918+0000] {processor.py:157} INFO - Started process (PID=1275) to work on /home/airflow/.local/lib/python3.8/site-packages/airflow/example_dags/tutorial.py
[2023-10-10T01:20:24.919+0000] {processor.py:829} INFO - Processing file /home/airflow/.local/lib/python3.8/site-packages/airflow/example_dags/tutorial.py for tasks to queue
[2023-10-10T01:20:24.919+0000] {logging_mixin.py:151} INFO - [2023-10-10T01:20:24.919+0000] {dagbag.py:539} INFO - Filling up the DagBag from /home/airflow/.local/lib/python3.8/site-packages/airflow/example_dags/tutorial.py
[2023-10-10T01:20:24.923+0000] {processor.py:839} INFO - DAG(s) dict_keys(['tutorial']) retrieved from /home/airflow/.local/lib/python3.8/site-packages/airflow/example_dags/tutorial.py
[2023-10-10T01:20:24.936+0000] {logging_mixin.py:151} INFO - [2023-10-10T01:20:24.936+0000] {dag.py:2915} INFO - Sync 1 DAGs
[2023-10-10T01:20:24.948+0000] {logging_mixin.py:151} INFO - [2023-10-10T01:20:24.948+0000] {dag.py:3696} INFO - Setting next_dagrun for tutorial to 2023-10-09T01:20:24.948296+00:00, run_after=2023-10-10T01:20:24.948296+00:00
[2023-10-10T01:20:24.957+0000] {processor.py:179} INFO - Processing /home/airflow/.local/lib/python3.8/site-packages/airflow/example_dags/tutorial.py took 0.040 seconds
[2023-10-10T01:20:56.159+0000] {processor.py:157} INFO - Started process (PID=1515) to work on /home/airflow/.local/lib/python3.8/site-packages/airflow/example_dags/tutorial.py
[2023-10-10T01:20:56.160+0000] {processor.py:829} INFO - Processing file /home/airflow/.local/lib/python3.8/site-packages/airflow/example_dags/tutorial.py for tasks to queue
[2023-10-10T01:20:56.160+0000] {logging_mixin.py:151} INFO - [2023-10-10T01:20:56.160+0000] {dagbag.py:539} INFO - Filling up the DagBag from /home/airflow/.local/lib/python3.8/site-packages/airflow/example_dags/tutorial.py
[2023-10-10T01:20:56.164+0000] {processor.py:839} INFO - DAG(s) dict_keys(['tutorial']) retrieved from /home/airflow/.local/lib/python3.8/site-packages/airflow/example_dags/tutorial.py
[2023-10-10T01:20:56.176+0000] {logging_mixin.py:151} INFO - [2023-10-10T01:20:56.176+0000] {dag.py:2915} INFO - Sync 1 DAGs
[2023-10-10T01:20:56.185+0000] {logging_mixin.py:151} INFO - [2023-10-10T01:20:56.185+0000] {dag.py:3696} INFO - Setting next_dagrun for tutorial to 2023-10-09T01:20:56.185475+00:00, run_after=2023-10-10T01:20:56.185475+00:00
[2023-10-10T01:20:56.192+0000] {processor.py:179} INFO - Processing /home/airflow/.local/lib/python3.8/site-packages/airflow/example_dags/tutorial.py took 0.035 seconds
[2023-10-10T01:21:27.356+0000] {processor.py:157} INFO - Started process (PID=1753) to work on /home/airflow/.local/lib/python3.8/site-packages/airflow/example_dags/tutorial.py
[2023-10-10T01:21:27.357+0000] {processor.py:829} INFO - Processing file /home/airflow/.local/lib/python3.8/site-packages/airflow/example_dags/tutorial.py for tasks to queue
[2023-10-10T01:21:27.357+0000] {logging_mixin.py:151} INFO - [2023-10-10T01:21:27.357+0000] {dagbag.py:539} INFO - Filling up the DagBag from /home/airflow/.local/lib/python3.8/site-packages/airflow/example_dags/tutorial.py
[2023-10-10T01:21:27.361+0000] {processor.py:839} INFO - DAG(s) dict_keys(['tutorial']) retrieved from /home/airflow/.local/lib/python3.8/site-packages/airflow/example_dags/tutorial.py
[2023-10-10T01:21:27.374+0000] {logging_mixin.py:151} INFO - [2023-10-10T01:21:27.374+0000] {dag.py:2915} INFO - Sync 1 DAGs
[2023-10-10T01:21:27.383+0000] {logging_mixin.py:151} INFO - [2023-10-10T01:21:27.383+0000] {dag.py:3696} INFO - Setting next_dagrun for tutorial to 2023-10-09T01:21:27.383219+00:00, run_after=2023-10-10T01:21:27.383219+00:00
[2023-10-10T01:21:27.390+0000] {processor.py:179} INFO - Processing /home/airflow/.local/lib/python3.8/site-packages/airflow/example_dags/tutorial.py took 0.035 seconds
[2023-10-10T01:21:58.619+0000] {processor.py:157} INFO - Started process (PID=1991) to work on /home/airflow/.local/lib/python3.8/site-packages/airflow/example_dags/tutorial.py
[2023-10-10T01:21:58.620+0000] {processor.py:829} INFO - Processing file /home/airflow/.local/lib/python3.8/site-packages/airflow/example_dags/tutorial.py for tasks to queue
[2023-10-10T01:21:58.620+0000] {logging_mixin.py:151} INFO - [2023-10-10T01:21:58.620+0000] {dagbag.py:539} INFO - Filling up the DagBag from /home/airflow/.local/lib/python3.8/site-packages/airflow/example_dags/tutorial.py
[2023-10-10T01:21:58.624+0000] {processor.py:839} INFO - DAG(s) dict_keys(['tutorial']) retrieved from /home/airflow/.local/lib/python3.8/site-packages/airflow/example_dags/tutorial.py
[2023-10-10T01:21:58.635+0000] {logging_mixin.py:151} INFO - [2023-10-10T01:21:58.635+0000] {dag.py:2915} INFO - Sync 1 DAGs
[2023-10-10T01:21:58.645+0000] {logging_mixin.py:151} INFO - [2023-10-10T01:21:58.645+0000] {dag.py:3696} INFO - Setting next_dagrun for tutorial to 2023-10-09T01:21:58.644882+00:00, run_after=2023-10-10T01:21:58.644882+00:00
[2023-10-10T01:21:58.651+0000] {processor.py:179} INFO - Processing /home/airflow/.local/lib/python3.8/site-packages/airflow/example_dags/tutorial.py took 0.034 seconds
[2023-10-10T01:22:28.945+0000] {processor.py:157} INFO - Started process (PID=2229) to work on /home/airflow/.local/lib/python3.8/site-packages/airflow/example_dags/tutorial.py
[2023-10-10T01:22:28.945+0000] {processor.py:829} INFO - Processing file /home/airflow/.local/lib/python3.8/site-packages/airflow/example_dags/tutorial.py for tasks to queue
[2023-10-10T01:22:28.946+0000] {logging_mixin.py:151} INFO - [2023-10-10T01:22:28.945+0000] {dagbag.py:539} INFO - Filling up the DagBag from /home/airflow/.local/lib/python3.8/site-packages/airflow/example_dags/tutorial.py
[2023-10-10T01:22:28.949+0000] {processor.py:839} INFO - DAG(s) dict_keys(['tutorial']) retrieved from /home/airflow/.local/lib/python3.8/site-packages/airflow/example_dags/tutorial.py
[2023-10-10T01:22:28.961+0000] {logging_mixin.py:151} INFO - [2023-10-10T01:22:28.961+0000] {dag.py:2915} INFO - Sync 1 DAGs
[2023-10-10T01:22:28.972+0000] {logging_mixin.py:151} INFO - [2023-10-10T01:22:28.972+0000] {dag.py:3696} INFO - Setting next_dagrun for tutorial to 2023-10-09T01:22:28.971943+00:00, run_after=2023-10-10T01:22:28.971943+00:00
[2023-10-10T01:22:28.979+0000] {processor.py:179} INFO - Processing /home/airflow/.local/lib/python3.8/site-packages/airflow/example_dags/tutorial.py took 0.036 seconds
[2023-10-10T01:23:00.083+0000] {processor.py:157} INFO - Started process (PID=2466) to work on /home/airflow/.local/lib/python3.8/site-packages/airflow/example_dags/tutorial.py
[2023-10-10T01:23:00.083+0000] {processor.py:829} INFO - Processing file /home/airflow/.local/lib/python3.8/site-packages/airflow/example_dags/tutorial.py for tasks to queue
[2023-10-10T01:23:00.084+0000] {logging_mixin.py:151} INFO - [2023-10-10T01:23:00.084+0000] {dagbag.py:539} INFO - Filling up the DagBag from /home/airflow/.local/lib/python3.8/site-packages/airflow/example_dags/tutorial.py
[2023-10-10T01:23:00.088+0000] {processor.py:839} INFO - DAG(s) dict_keys(['tutorial']) retrieved from /home/airflow/.local/lib/python3.8/site-packages/airflow/example_dags/tutorial.py
[2023-10-10T01:23:00.100+0000] {logging_mixin.py:151} INFO - [2023-10-10T01:23:00.100+0000] {dag.py:2915} INFO - Sync 1 DAGs
[2023-10-10T01:23:00.110+0000] {logging_mixin.py:151} INFO - [2023-10-10T01:23:00.110+0000] {dag.py:3696} INFO - Setting next_dagrun for tutorial to 2023-10-09T01:23:00.110409+00:00, run_after=2023-10-10T01:23:00.110409+00:00
[2023-10-10T01:23:00.118+0000] {processor.py:179} INFO - Processing /home/airflow/.local/lib/python3.8/site-packages/airflow/example_dags/tutorial.py took 0.037 seconds
[2023-10-10T01:23:30.405+0000] {processor.py:157} INFO - Started process (PID=2704) to work on /home/airflow/.local/lib/python3.8/site-packages/airflow/example_dags/tutorial.py
[2023-10-10T01:23:30.405+0000] {processor.py:829} INFO - Processing file /home/airflow/.local/lib/python3.8/site-packages/airflow/example_dags/tutorial.py for tasks to queue
[2023-10-10T01:23:30.406+0000] {logging_mixin.py:151} INFO - [2023-10-10T01:23:30.406+0000] {dagbag.py:539} INFO - Filling up the DagBag from /home/airflow/.local/lib/python3.8/site-packages/airflow/example_dags/tutorial.py
[2023-10-10T01:23:30.410+0000] {processor.py:839} INFO - DAG(s) dict_keys(['tutorial']) retrieved from /home/airflow/.local/lib/python3.8/site-packages/airflow/example_dags/tutorial.py
[2023-10-10T01:23:30.422+0000] {logging_mixin.py:151} INFO - [2023-10-10T01:23:30.422+0000] {dag.py:2915} INFO - Sync 1 DAGs
[2023-10-10T01:23:30.432+0000] {logging_mixin.py:151} INFO - [2023-10-10T01:23:30.432+0000] {dag.py:3696} INFO - Setting next_dagrun for tutorial to 2023-10-09T01:23:30.432350+00:00, run_after=2023-10-10T01:23:30.432350+00:00
[2023-10-10T01:23:30.440+0000] {processor.py:179} INFO - Processing /home/airflow/.local/lib/python3.8/site-packages/airflow/example_dags/tutorial.py took 0.037 seconds
[2023-10-10T01:24:01.697+0000] {processor.py:157} INFO - Started process (PID=2941) to work on /home/airflow/.local/lib/python3.8/site-packages/airflow/example_dags/tutorial.py
[2023-10-10T01:24:01.698+0000] {processor.py:829} INFO - Processing file /home/airflow/.local/lib/python3.8/site-packages/airflow/example_dags/tutorial.py for tasks to queue
[2023-10-10T01:24:01.698+0000] {logging_mixin.py:151} INFO - [2023-10-10T01:24:01.698+0000] {dagbag.py:539} INFO - Filling up the DagBag from /home/airflow/.local/lib/python3.8/site-packages/airflow/example_dags/tutorial.py
[2023-10-10T01:24:01.702+0000] {processor.py:839} INFO - DAG(s) dict_keys(['tutorial']) retrieved from /home/airflow/.local/lib/python3.8/site-packages/airflow/example_dags/tutorial.py
[2023-10-10T01:24:01.714+0000] {logging_mixin.py:151} INFO - [2023-10-10T01:24:01.714+0000] {dag.py:2915} INFO - Sync 1 DAGs
[2023-10-10T01:24:01.724+0000] {logging_mixin.py:151} INFO - [2023-10-10T01:24:01.724+0000] {dag.py:3696} INFO - Setting next_dagrun for tutorial to 2023-10-09T01:24:01.724158+00:00, run_after=2023-10-10T01:24:01.724158+00:00
[2023-10-10T01:24:01.731+0000] {processor.py:179} INFO - Processing /home/airflow/.local/lib/python3.8/site-packages/airflow/example_dags/tutorial.py took 0.036 seconds
[2023-10-10T01:24:32.973+0000] {processor.py:157} INFO - Started process (PID=3179) to work on /home/airflow/.local/lib/python3.8/site-packages/airflow/example_dags/tutorial.py
[2023-10-10T01:24:32.974+0000] {processor.py:829} INFO - Processing file /home/airflow/.local/lib/python3.8/site-packages/airflow/example_dags/tutorial.py for tasks to queue
[2023-10-10T01:24:32.975+0000] {logging_mixin.py:151} INFO - [2023-10-10T01:24:32.975+0000] {dagbag.py:539} INFO - Filling up the DagBag from /home/airflow/.local/lib/python3.8/site-packages/airflow/example_dags/tutorial.py
[2023-10-10T01:24:32.980+0000] {processor.py:839} INFO - DAG(s) dict_keys(['tutorial']) retrieved from /home/airflow/.local/lib/python3.8/site-packages/airflow/example_dags/tutorial.py
[2023-10-10T01:24:32.993+0000] {logging_mixin.py:151} INFO - [2023-10-10T01:24:32.993+0000] {dag.py:2915} INFO - Sync 1 DAGs
[2023-10-10T01:24:33.003+0000] {logging_mixin.py:151} INFO - [2023-10-10T01:24:33.003+0000] {dag.py:3696} INFO - Setting next_dagrun for tutorial to 2023-10-09T01:24:33.003585+00:00, run_after=2023-10-10T01:24:33.003585+00:00
[2023-10-10T01:24:33.010+0000] {processor.py:179} INFO - Processing /home/airflow/.local/lib/python3.8/site-packages/airflow/example_dags/tutorial.py took 0.039 seconds
[2023-10-10T01:25:04.144+0000] {processor.py:157} INFO - Started process (PID=3417) to work on /home/airflow/.local/lib/python3.8/site-packages/airflow/example_dags/tutorial.py
[2023-10-10T01:25:04.145+0000] {processor.py:829} INFO - Processing file /home/airflow/.local/lib/python3.8/site-packages/airflow/example_dags/tutorial.py for tasks to queue
[2023-10-10T01:25:04.145+0000] {logging_mixin.py:151} INFO - [2023-10-10T01:25:04.145+0000] {dagbag.py:539} INFO - Filling up the DagBag from /home/airflow/.local/lib/python3.8/site-packages/airflow/example_dags/tutorial.py
[2023-10-10T01:25:04.149+0000] {processor.py:839} INFO - DAG(s) dict_keys(['tutorial']) retrieved from /home/airflow/.local/lib/python3.8/site-packages/airflow/example_dags/tutorial.py
[2023-10-10T01:25:04.161+0000] {logging_mixin.py:151} INFO - [2023-10-10T01:25:04.161+0000] {dag.py:2915} INFO - Sync 1 DAGs
[2023-10-10T01:25:04.171+0000] {logging_mixin.py:151} INFO - [2023-10-10T01:25:04.171+0000] {dag.py:3696} INFO - Setting next_dagrun for tutorial to 2023-10-09T01:25:04.171267+00:00, run_after=2023-10-10T01:25:04.171267+00:00
[2023-10-10T01:25:04.178+0000] {processor.py:179} INFO - Processing /home/airflow/.local/lib/python3.8/site-packages/airflow/example_dags/tutorial.py took 0.036 seconds
[2023-10-10T01:25:35.481+0000] {processor.py:157} INFO - Started process (PID=3655) to work on /home/airflow/.local/lib/python3.8/site-packages/airflow/example_dags/tutorial.py
[2023-10-10T01:25:35.481+0000] {processor.py:829} INFO - Processing file /home/airflow/.local/lib/python3.8/site-packages/airflow/example_dags/tutorial.py for tasks to queue
[2023-10-10T01:25:35.482+0000] {logging_mixin.py:151} INFO - [2023-10-10T01:25:35.482+0000] {dagbag.py:539} INFO - Filling up the DagBag from /home/airflow/.local/lib/python3.8/site-packages/airflow/example_dags/tutorial.py
[2023-10-10T01:25:35.486+0000] {processor.py:839} INFO - DAG(s) dict_keys(['tutorial']) retrieved from /home/airflow/.local/lib/python3.8/site-packages/airflow/example_dags/tutorial.py
[2023-10-10T01:25:35.498+0000] {logging_mixin.py:151} INFO - [2023-10-10T01:25:35.498+0000] {dag.py:2915} INFO - Sync 1 DAGs
[2023-10-10T01:25:35.508+0000] {logging_mixin.py:151} INFO - [2023-10-10T01:25:35.508+0000] {dag.py:3696} INFO - Setting next_dagrun for tutorial to 2023-10-09T01:25:35.508299+00:00, run_after=2023-10-10T01:25:35.508299+00:00
[2023-10-10T01:25:35.515+0000] {processor.py:179} INFO - Processing /home/airflow/.local/lib/python3.8/site-packages/airflow/example_dags/tutorial.py took 0.037 seconds
[2023-10-10T01:26:06.785+0000] {processor.py:157} INFO - Started process (PID=3893) to work on /home/airflow/.local/lib/python3.8/site-packages/airflow/example_dags/tutorial.py
[2023-10-10T01:26:06.785+0000] {processor.py:829} INFO - Processing file /home/airflow/.local/lib/python3.8/site-packages/airflow/example_dags/tutorial.py for tasks to queue
[2023-10-10T01:26:06.786+0000] {logging_mixin.py:151} INFO - [2023-10-10T01:26:06.786+0000] {dagbag.py:539} INFO - Filling up the DagBag from /home/airflow/.local/lib/python3.8/site-packages/airflow/example_dags/tutorial.py
[2023-10-10T01:26:06.790+0000] {processor.py:839} INFO - DAG(s) dict_keys(['tutorial']) retrieved from /home/airflow/.local/lib/python3.8/site-packages/airflow/example_dags/tutorial.py
[2023-10-10T01:26:06.802+0000] {logging_mixin.py:151} INFO - [2023-10-10T01:26:06.801+0000] {dag.py:2915} INFO - Sync 1 DAGs
[2023-10-10T01:26:06.812+0000] {logging_mixin.py:151} INFO - [2023-10-10T01:26:06.812+0000] {dag.py:3696} INFO - Setting next_dagrun for tutorial to 2023-10-09T01:26:06.812148+00:00, run_after=2023-10-10T01:26:06.812148+00:00
[2023-10-10T01:26:06.820+0000] {processor.py:179} INFO - Processing /home/airflow/.local/lib/python3.8/site-packages/airflow/example_dags/tutorial.py took 0.037 seconds
[2023-10-10T01:26:38.060+0000] {processor.py:157} INFO - Started process (PID=4132) to work on /home/airflow/.local/lib/python3.8/site-packages/airflow/example_dags/tutorial.py
[2023-10-10T01:26:38.060+0000] {processor.py:829} INFO - Processing file /home/airflow/.local/lib/python3.8/site-packages/airflow/example_dags/tutorial.py for tasks to queue
[2023-10-10T01:26:38.061+0000] {logging_mixin.py:151} INFO - [2023-10-10T01:26:38.061+0000] {dagbag.py:539} INFO - Filling up the DagBag from /home/airflow/.local/lib/python3.8/site-packages/airflow/example_dags/tutorial.py
[2023-10-10T01:26:38.065+0000] {processor.py:839} INFO - DAG(s) dict_keys(['tutorial']) retrieved from /home/airflow/.local/lib/python3.8/site-packages/airflow/example_dags/tutorial.py
[2023-10-10T01:26:38.077+0000] {logging_mixin.py:151} INFO - [2023-10-10T01:26:38.076+0000] {dag.py:2915} INFO - Sync 1 DAGs
[2023-10-10T01:26:38.086+0000] {logging_mixin.py:151} INFO - [2023-10-10T01:26:38.086+0000] {dag.py:3696} INFO - Setting next_dagrun for tutorial to 2023-10-09T01:26:38.086736+00:00, run_after=2023-10-10T01:26:38.086736+00:00
[2023-10-10T01:26:38.094+0000] {processor.py:179} INFO - Processing /home/airflow/.local/lib/python3.8/site-packages/airflow/example_dags/tutorial.py took 0.036 seconds
[2023-10-10T01:27:09.264+0000] {processor.py:157} INFO - Started process (PID=4370) to work on /home/airflow/.local/lib/python3.8/site-packages/airflow/example_dags/tutorial.py
[2023-10-10T01:27:09.283+0000] {processor.py:829} INFO - Processing file /home/airflow/.local/lib/python3.8/site-packages/airflow/example_dags/tutorial.py for tasks to queue
[2023-10-10T01:27:09.285+0000] {logging_mixin.py:151} INFO - [2023-10-10T01:27:09.284+0000] {dagbag.py:539} INFO - Filling up the DagBag from /home/airflow/.local/lib/python3.8/site-packages/airflow/example_dags/tutorial.py
[2023-10-10T01:27:09.298+0000] {processor.py:839} INFO - DAG(s) dict_keys(['tutorial']) retrieved from /home/airflow/.local/lib/python3.8/site-packages/airflow/example_dags/tutorial.py
[2023-10-10T01:27:09.319+0000] {logging_mixin.py:151} INFO - [2023-10-10T01:27:09.319+0000] {dag.py:2915} INFO - Sync 1 DAGs
[2023-10-10T01:27:09.332+0000] {logging_mixin.py:151} INFO - [2023-10-10T01:27:09.332+0000] {dag.py:3696} INFO - Setting next_dagrun for tutorial to 2023-10-09T01:27:09.331873+00:00, run_after=2023-10-10T01:27:09.331873+00:00
[2023-10-10T01:27:09.340+0000] {processor.py:179} INFO - Processing /home/airflow/.local/lib/python3.8/site-packages/airflow/example_dags/tutorial.py took 0.080 seconds
[2023-10-10T01:27:40.450+0000] {processor.py:157} INFO - Started process (PID=4608) to work on /home/airflow/.local/lib/python3.8/site-packages/airflow/example_dags/tutorial.py
[2023-10-10T01:27:40.451+0000] {processor.py:829} INFO - Processing file /home/airflow/.local/lib/python3.8/site-packages/airflow/example_dags/tutorial.py for tasks to queue
[2023-10-10T01:27:40.452+0000] {logging_mixin.py:151} INFO - [2023-10-10T01:27:40.452+0000] {dagbag.py:539} INFO - Filling up the DagBag from /home/airflow/.local/lib/python3.8/site-packages/airflow/example_dags/tutorial.py
[2023-10-10T01:27:40.456+0000] {processor.py:839} INFO - DAG(s) dict_keys(['tutorial']) retrieved from /home/airflow/.local/lib/python3.8/site-packages/airflow/example_dags/tutorial.py
[2023-10-10T01:27:40.468+0000] {logging_mixin.py:151} INFO - [2023-10-10T01:27:40.468+0000] {dag.py:2915} INFO - Sync 1 DAGs
[2023-10-10T01:27:40.478+0000] {logging_mixin.py:151} INFO - [2023-10-10T01:27:40.478+0000] {dag.py:3696} INFO - Setting next_dagrun for tutorial to 2023-10-09T01:27:40.478660+00:00, run_after=2023-10-10T01:27:40.478660+00:00
[2023-10-10T01:27:40.486+0000] {processor.py:179} INFO - Processing /home/airflow/.local/lib/python3.8/site-packages/airflow/example_dags/tutorial.py took 0.037 seconds
[2023-10-10T01:28:11.941+0000] {processor.py:157} INFO - Started process (PID=4848) to work on /home/airflow/.local/lib/python3.8/site-packages/airflow/example_dags/tutorial.py
[2023-10-10T01:28:11.942+0000] {processor.py:829} INFO - Processing file /home/airflow/.local/lib/python3.8/site-packages/airflow/example_dags/tutorial.py for tasks to queue
[2023-10-10T01:28:11.943+0000] {logging_mixin.py:151} INFO - [2023-10-10T01:28:11.942+0000] {dagbag.py:539} INFO - Filling up the DagBag from /home/airflow/.local/lib/python3.8/site-packages/airflow/example_dags/tutorial.py
[2023-10-10T01:28:11.946+0000] {processor.py:839} INFO - DAG(s) dict_keys(['tutorial']) retrieved from /home/airflow/.local/lib/python3.8/site-packages/airflow/example_dags/tutorial.py
[2023-10-10T01:28:11.965+0000] {logging_mixin.py:151} INFO - [2023-10-10T01:28:11.965+0000] {dag.py:2915} INFO - Sync 1 DAGs
[2023-10-10T01:28:11.978+0000] {logging_mixin.py:151} INFO - [2023-10-10T01:28:11.977+0000] {dag.py:3696} INFO - Setting next_dagrun for tutorial to 2023-10-09T01:28:11.977746+00:00, run_after=2023-10-10T01:28:11.977746+00:00
[2023-10-10T01:28:11.986+0000] {processor.py:179} INFO - Processing /home/airflow/.local/lib/python3.8/site-packages/airflow/example_dags/tutorial.py took 0.046 seconds
[2023-10-10T01:28:43.299+0000] {processor.py:157} INFO - Started process (PID=5084) to work on /home/airflow/.local/lib/python3.8/site-packages/airflow/example_dags/tutorial.py
[2023-10-10T01:28:43.300+0000] {processor.py:829} INFO - Processing file /home/airflow/.local/lib/python3.8/site-packages/airflow/example_dags/tutorial.py for tasks to queue
[2023-10-10T01:28:43.301+0000] {logging_mixin.py:151} INFO - [2023-10-10T01:28:43.301+0000] {dagbag.py:539} INFO - Filling up the DagBag from /home/airflow/.local/lib/python3.8/site-packages/airflow/example_dags/tutorial.py
[2023-10-10T01:28:43.305+0000] {processor.py:839} INFO - DAG(s) dict_keys(['tutorial']) retrieved from /home/airflow/.local/lib/python3.8/site-packages/airflow/example_dags/tutorial.py
[2023-10-10T01:28:43.320+0000] {logging_mixin.py:151} INFO - [2023-10-10T01:28:43.320+0000] {dag.py:2915} INFO - Sync 1 DAGs
[2023-10-10T01:28:43.348+0000] {logging_mixin.py:151} INFO - [2023-10-10T01:28:43.348+0000] {dag.py:3696} INFO - Setting next_dagrun for tutorial to 2023-10-09T01:28:43.347898+00:00, run_after=2023-10-10T01:28:43.347898+00:00
[2023-10-10T01:28:43.364+0000] {processor.py:179} INFO - Processing /home/airflow/.local/lib/python3.8/site-packages/airflow/example_dags/tutorial.py took 0.067 seconds
[2023-10-10T01:29:14.424+0000] {processor.py:157} INFO - Started process (PID=5322) to work on /home/airflow/.local/lib/python3.8/site-packages/airflow/example_dags/tutorial.py
[2023-10-10T01:29:14.425+0000] {processor.py:829} INFO - Processing file /home/airflow/.local/lib/python3.8/site-packages/airflow/example_dags/tutorial.py for tasks to queue
[2023-10-10T01:29:14.425+0000] {logging_mixin.py:151} INFO - [2023-10-10T01:29:14.425+0000] {dagbag.py:539} INFO - Filling up the DagBag from /home/airflow/.local/lib/python3.8/site-packages/airflow/example_dags/tutorial.py
[2023-10-10T01:29:14.429+0000] {processor.py:839} INFO - DAG(s) dict_keys(['tutorial']) retrieved from /home/airflow/.local/lib/python3.8/site-packages/airflow/example_dags/tutorial.py
[2023-10-10T01:29:14.441+0000] {logging_mixin.py:151} INFO - [2023-10-10T01:29:14.441+0000] {dag.py:2915} INFO - Sync 1 DAGs
[2023-10-10T01:29:14.451+0000] {logging_mixin.py:151} INFO - [2023-10-10T01:29:14.451+0000] {dag.py:3696} INFO - Setting next_dagrun for tutorial to 2023-10-09T01:29:14.451283+00:00, run_after=2023-10-10T01:29:14.451283+00:00
[2023-10-10T01:29:14.458+0000] {processor.py:179} INFO - Processing /home/airflow/.local/lib/python3.8/site-packages/airflow/example_dags/tutorial.py took 0.036 seconds
[2023-10-10T01:29:45.640+0000] {processor.py:157} INFO - Started process (PID=5560) to work on /home/airflow/.local/lib/python3.8/site-packages/airflow/example_dags/tutorial.py
[2023-10-10T01:29:45.641+0000] {processor.py:829} INFO - Processing file /home/airflow/.local/lib/python3.8/site-packages/airflow/example_dags/tutorial.py for tasks to queue
[2023-10-10T01:29:45.642+0000] {logging_mixin.py:151} INFO - [2023-10-10T01:29:45.642+0000] {dagbag.py:539} INFO - Filling up the DagBag from /home/airflow/.local/lib/python3.8/site-packages/airflow/example_dags/tutorial.py
[2023-10-10T01:29:45.646+0000] {processor.py:839} INFO - DAG(s) dict_keys(['tutorial']) retrieved from /home/airflow/.local/lib/python3.8/site-packages/airflow/example_dags/tutorial.py
[2023-10-10T01:29:45.658+0000] {logging_mixin.py:151} INFO - [2023-10-10T01:29:45.658+0000] {dag.py:2915} INFO - Sync 1 DAGs
[2023-10-10T01:29:45.668+0000] {logging_mixin.py:151} INFO - [2023-10-10T01:29:45.668+0000] {dag.py:3696} INFO - Setting next_dagrun for tutorial to 2023-10-09T01:29:45.668206+00:00, run_after=2023-10-10T01:29:45.668206+00:00
[2023-10-10T01:29:45.675+0000] {processor.py:179} INFO - Processing /home/airflow/.local/lib/python3.8/site-packages/airflow/example_dags/tutorial.py took 0.037 seconds
[2023-10-10T01:30:17.050+0000] {processor.py:157} INFO - Started process (PID=5807) to work on /home/airflow/.local/lib/python3.8/site-packages/airflow/example_dags/tutorial.py
[2023-10-10T01:30:17.050+0000] {processor.py:829} INFO - Processing file /home/airflow/.local/lib/python3.8/site-packages/airflow/example_dags/tutorial.py for tasks to queue
[2023-10-10T01:30:17.051+0000] {logging_mixin.py:151} INFO - [2023-10-10T01:30:17.051+0000] {dagbag.py:539} INFO - Filling up the DagBag from /home/airflow/.local/lib/python3.8/site-packages/airflow/example_dags/tutorial.py
[2023-10-10T01:30:17.055+0000] {processor.py:839} INFO - DAG(s) dict_keys(['tutorial']) retrieved from /home/airflow/.local/lib/python3.8/site-packages/airflow/example_dags/tutorial.py
[2023-10-10T01:30:17.066+0000] {logging_mixin.py:151} INFO - [2023-10-10T01:30:17.066+0000] {dag.py:2915} INFO - Sync 1 DAGs
[2023-10-10T01:30:17.076+0000] {logging_mixin.py:151} INFO - [2023-10-10T01:30:17.076+0000] {dag.py:3696} INFO - Setting next_dagrun for tutorial to 2023-10-09T01:30:17.076603+00:00, run_after=2023-10-10T01:30:17.076603+00:00
[2023-10-10T01:30:17.084+0000] {processor.py:179} INFO - Processing /home/airflow/.local/lib/python3.8/site-packages/airflow/example_dags/tutorial.py took 0.036 seconds
[2023-10-10T01:30:48.224+0000] {processor.py:157} INFO - Started process (PID=6044) to work on /home/airflow/.local/lib/python3.8/site-packages/airflow/example_dags/tutorial.py
[2023-10-10T01:30:48.225+0000] {processor.py:829} INFO - Processing file /home/airflow/.local/lib/python3.8/site-packages/airflow/example_dags/tutorial.py for tasks to queue
[2023-10-10T01:30:48.225+0000] {logging_mixin.py:151} INFO - [2023-10-10T01:30:48.225+0000] {dagbag.py:539} INFO - Filling up the DagBag from /home/airflow/.local/lib/python3.8/site-packages/airflow/example_dags/tutorial.py
[2023-10-10T01:30:48.229+0000] {processor.py:839} INFO - DAG(s) dict_keys(['tutorial']) retrieved from /home/airflow/.local/lib/python3.8/site-packages/airflow/example_dags/tutorial.py
[2023-10-10T01:30:48.241+0000] {logging_mixin.py:151} INFO - [2023-10-10T01:30:48.241+0000] {dag.py:2915} INFO - Sync 1 DAGs
[2023-10-10T01:30:48.251+0000] {logging_mixin.py:151} INFO - [2023-10-10T01:30:48.251+0000] {dag.py:3696} INFO - Setting next_dagrun for tutorial to 2023-10-09T01:30:48.251625+00:00, run_after=2023-10-10T01:30:48.251625+00:00
[2023-10-10T01:30:48.259+0000] {processor.py:179} INFO - Processing /home/airflow/.local/lib/python3.8/site-packages/airflow/example_dags/tutorial.py took 0.038 seconds
[2023-10-10T01:31:18.922+0000] {processor.py:157} INFO - Started process (PID=6282) to work on /home/airflow/.local/lib/python3.8/site-packages/airflow/example_dags/tutorial.py
[2023-10-10T01:31:18.922+0000] {processor.py:829} INFO - Processing file /home/airflow/.local/lib/python3.8/site-packages/airflow/example_dags/tutorial.py for tasks to queue
[2023-10-10T01:31:18.923+0000] {logging_mixin.py:151} INFO - [2023-10-10T01:31:18.923+0000] {dagbag.py:539} INFO - Filling up the DagBag from /home/airflow/.local/lib/python3.8/site-packages/airflow/example_dags/tutorial.py
[2023-10-10T01:31:18.926+0000] {processor.py:839} INFO - DAG(s) dict_keys(['tutorial']) retrieved from /home/airflow/.local/lib/python3.8/site-packages/airflow/example_dags/tutorial.py
[2023-10-10T01:31:18.938+0000] {logging_mixin.py:151} INFO - [2023-10-10T01:31:18.938+0000] {dag.py:2915} INFO - Sync 1 DAGs
[2023-10-10T01:31:18.949+0000] {logging_mixin.py:151} INFO - [2023-10-10T01:31:18.949+0000] {dag.py:3696} INFO - Setting next_dagrun for tutorial to 2023-10-09T01:31:18.948874+00:00, run_after=2023-10-10T01:31:18.948874+00:00
[2023-10-10T01:31:18.957+0000] {processor.py:179} INFO - Processing /home/airflow/.local/lib/python3.8/site-packages/airflow/example_dags/tutorial.py took 0.037 seconds
